[2024-03-19T10:48:32.490+0000] {manager.py:469} INFO - Processing files using up to 1 processes at a time 
[2024-03-19T10:48:32.492+0000] {manager.py:470} INFO - Process each file at most once every 30 seconds
[2024-03-19T10:48:32.494+0000] {manager.py:471} INFO - Checking for new files in /opt/airflow/dags every 300 seconds
[2024-03-19T10:48:32.497+0000] {manager.py:738} INFO - Searching for files in /opt/airflow/dags
[2024-03-19T10:48:32.502+0000] {manager.py:741} INFO - There are 0 files in /opt/airflow/dags
[2024-03-19T10:51:37.624+0000] {manager.py:469} INFO - Processing files using up to 1 processes at a time 
[2024-03-19T10:51:37.626+0000] {manager.py:470} INFO - Process each file at most once every 30 seconds
[2024-03-19T10:51:37.627+0000] {manager.py:471} INFO - Checking for new files in /opt/airflow/dags every 300 seconds
[2024-03-19T10:51:37.627+0000] {manager.py:738} INFO - Searching for files in /opt/airflow/dags
[2024-03-19T10:51:37.631+0000] {manager.py:741} INFO - There are 0 files in /opt/airflow/dags
[2024-03-19T10:56:23.694+0000] {manager.py:469} INFO - Processing files using up to 1 processes at a time 
[2024-03-19T10:56:23.698+0000] {manager.py:470} INFO - Process each file at most once every 30 seconds
[2024-03-19T10:56:23.699+0000] {manager.py:471} INFO - Checking for new files in /opt/airflow/dags every 300 seconds
[2024-03-19T10:56:23.701+0000] {manager.py:738} INFO - Searching for files in /opt/airflow/dags
[2024-03-19T10:56:23.705+0000] {manager.py:741} INFO - There are 0 files in /opt/airflow/dags
[2024-03-19T11:01:24.170+0000] {manager.py:738} INFO - Searching for files in /opt/airflow/dags
[2024-03-19T11:01:24.234+0000] {manager.py:741} INFO - There are 0 files in /opt/airflow/dags
[2024-03-19T11:06:24.241+0000] {manager.py:738} INFO - Searching for files in /opt/airflow/dags
[2024-03-19T11:06:24.259+0000] {manager.py:741} INFO - There are 0 files in /opt/airflow/dags
[2024-03-19T11:11:24.287+0000] {manager.py:738} INFO - Searching for files in /opt/airflow/dags
[2024-03-19T11:11:24.315+0000] {manager.py:741} INFO - There are 0 files in /opt/airflow/dags
[2024-03-19T14:50:26.980+0000] {manager.py:738} INFO - Searching for files in /opt/airflow/dags
[2024-03-19T14:50:29.398+0000] {manager.py:741} INFO - There are 0 files in /opt/airflow/dags
[2024-03-19T14:55:26.987+0000] {manager.py:738} INFO - Searching for files in /opt/airflow/dags
[2024-03-19T14:55:27.022+0000] {manager.py:741} INFO - There are 0 files in /opt/airflow/dags
[2024-03-19T15:00:27.704+0000] {manager.py:738} INFO - Searching for files in /opt/airflow/dags
[2024-03-19T15:00:27.707+0000] {manager.py:741} INFO - There are 0 files in /opt/airflow/dags
[2024-03-19T15:05:28.670+0000] {manager.py:738} INFO - Searching for files in /opt/airflow/dags
[2024-03-19T15:05:28.690+0000] {manager.py:741} INFO - There are 0 files in /opt/airflow/dags
[2024-03-19T15:10:29.680+0000] {manager.py:738} INFO - Searching for files in /opt/airflow/dags
[2024-03-19T15:10:29.687+0000] {manager.py:741} INFO - There are 0 files in /opt/airflow/dags
[2024-03-19T15:15:30.216+0000] {manager.py:738} INFO - Searching for files in /opt/airflow/dags
[2024-03-19T15:15:30.238+0000] {manager.py:741} INFO - There are 0 files in /opt/airflow/dags
[2024-03-19T15:20:30.394+0000] {manager.py:738} INFO - Searching for files in /opt/airflow/dags
[2024-03-19T15:20:30.418+0000] {manager.py:741} INFO - There are 0 files in /opt/airflow/dags
[2024-03-19T15:25:30.928+0000] {manager.py:738} INFO - Searching for files in /opt/airflow/dags
[2024-03-19T15:25:30.961+0000] {manager.py:741} INFO - There are 0 files in /opt/airflow/dags
[2024-03-19T15:30:31.420+0000] {manager.py:738} INFO - Searching for files in /opt/airflow/dags
[2024-03-19T15:30:31.441+0000] {manager.py:741} INFO - There are 0 files in /opt/airflow/dags
[2024-03-19T15:35:31.703+0000] {manager.py:738} INFO - Searching for files in /opt/airflow/dags
[2024-03-19T15:35:31.726+0000] {manager.py:741} INFO - There are 0 files in /opt/airflow/dags
[2024-03-19T15:40:32.836+0000] {manager.py:738} INFO - Searching for files in /opt/airflow/dags
[2024-03-19T15:40:32.905+0000] {manager.py:741} INFO - There are 0 files in /opt/airflow/dags
[2024-03-19T15:45:33.318+0000] {manager.py:738} INFO - Searching for files in /opt/airflow/dags
[2024-03-19T15:45:33.328+0000] {manager.py:741} INFO - There are 0 files in /opt/airflow/dags
[2024-03-19T15:50:33.977+0000] {manager.py:738} INFO - Searching for files in /opt/airflow/dags
[2024-03-19T15:50:34.205+0000] {manager.py:741} INFO - There are 0 files in /opt/airflow/dags
[2024-03-19T15:55:34.600+0000] {manager.py:738} INFO - Searching for files in /opt/airflow/dags
[2024-03-19T15:55:34.674+0000] {manager.py:741} INFO - There are 0 files in /opt/airflow/dags
[2024-03-19T16:00:35.294+0000] {manager.py:738} INFO - Searching for files in /opt/airflow/dags
[2024-03-19T16:00:35.330+0000] {manager.py:741} INFO - There are 0 files in /opt/airflow/dags
[2024-03-19T16:05:36.623+0000] {manager.py:738} INFO - Searching for files in /opt/airflow/dags
[2024-03-19T16:05:36.684+0000] {manager.py:741} INFO - There are 0 files in /opt/airflow/dags
[2024-03-19T16:10:37.056+0000] {manager.py:738} INFO - Searching for files in /opt/airflow/dags
[2024-03-19T16:10:37.093+0000] {manager.py:741} INFO - There are 0 files in /opt/airflow/dags
[2024-03-19T16:15:37.212+0000] {manager.py:738} INFO - Searching for files in /opt/airflow/dags
[2024-03-19T16:15:37.232+0000] {manager.py:741} INFO - There are 0 files in /opt/airflow/dags
[2024-03-19T16:20:38.354+0000] {manager.py:738} INFO - Searching for files in /opt/airflow/dags
[2024-03-19T16:20:38.360+0000] {manager.py:741} INFO - There are 0 files in /opt/airflow/dags
[2024-03-20T05:08:26.433+0000] {manager.py:738} INFO - Searching for files in /opt/airflow/dags
[2024-03-20T05:08:26.784+0000] {manager.py:741} INFO - There are 0 files in /opt/airflow/dags
[2024-03-20T05:13:27.172+0000] {manager.py:738} INFO - Searching for files in /opt/airflow/dags
[2024-03-20T05:13:27.216+0000] {manager.py:741} INFO - There are 0 files in /opt/airflow/dags
[2024-03-20T05:18:27.391+0000] {manager.py:738} INFO - Searching for files in /opt/airflow/dags
[2024-03-20T05:18:27.413+0000] {manager.py:741} INFO - There are 0 files in /opt/airflow/dags
[2024-03-20T05:23:28.319+0000] {manager.py:738} INFO - Searching for files in /opt/airflow/dags
[2024-03-20T05:23:29.054+0000] {manager.py:741} INFO - There are 0 files in /opt/airflow/dags
[2024-03-20T05:28:28.617+0000] {manager.py:738} INFO - Searching for files in /opt/airflow/dags
[2024-03-20T05:28:28.638+0000] {manager.py:741} INFO - There are 0 files in /opt/airflow/dags
[2024-03-20T05:33:29.639+0000] {manager.py:738} INFO - Searching for files in /opt/airflow/dags
[2024-03-20T05:33:29.668+0000] {manager.py:741} INFO - There are 0 files in /opt/airflow/dags
[2024-03-20T05:38:29.738+0000] {manager.py:738} INFO - Searching for files in /opt/airflow/dags
[2024-03-20T05:38:29.766+0000] {manager.py:741} INFO - There are 0 files in /opt/airflow/dags
[2024-03-20T05:43:30.023+0000] {manager.py:738} INFO - Searching for files in /opt/airflow/dags
[2024-03-20T05:43:30.045+0000] {manager.py:741} INFO - There are 0 files in /opt/airflow/dags
[2024-03-20T05:48:31.049+0000] {manager.py:738} INFO - Searching for files in /opt/airflow/dags
[2024-03-20T05:48:31.067+0000] {manager.py:741} INFO - There are 0 files in /opt/airflow/dags
[2024-03-20T05:53:31.853+0000] {manager.py:738} INFO - Searching for files in /opt/airflow/dags
[2024-03-20T05:53:31.875+0000] {manager.py:741} INFO - There are 0 files in /opt/airflow/dags
[2024-03-20T05:58:32.263+0000] {manager.py:738} INFO - Searching for files in /opt/airflow/dags
[2024-03-20T05:58:32.302+0000] {manager.py:741} INFO - There are 0 files in /opt/airflow/dags
[2024-03-20T06:03:32.518+0000] {manager.py:738} INFO - Searching for files in /opt/airflow/dags
[2024-03-20T06:03:32.555+0000] {manager.py:741} INFO - There are 0 files in /opt/airflow/dags
[2024-03-20T06:08:33.608+0000] {manager.py:738} INFO - Searching for files in /opt/airflow/dags
[2024-03-20T06:08:33.643+0000] {manager.py:741} INFO - There are 0 files in /opt/airflow/dags
[2024-03-20T06:13:33.934+0000] {manager.py:738} INFO - Searching for files in /opt/airflow/dags
[2024-03-20T06:13:33.967+0000] {manager.py:741} INFO - There are 0 files in /opt/airflow/dags
[2024-03-20T06:18:34.174+0000] {manager.py:738} INFO - Searching for files in /opt/airflow/dags
[2024-03-20T06:18:34.379+0000] {manager.py:741} INFO - There are 0 files in /opt/airflow/dags
[2024-03-20T06:23:34.556+0000] {manager.py:738} INFO - Searching for files in /opt/airflow/dags
[2024-03-20T06:23:34.575+0000] {manager.py:741} INFO - There are 0 files in /opt/airflow/dags
[2024-03-20T06:28:34.612+0000] {manager.py:738} INFO - Searching for files in /opt/airflow/dags
[2024-03-20T06:28:34.638+0000] {manager.py:741} INFO - There are 0 files in /opt/airflow/dags
[2024-03-20T06:33:34.866+0000] {manager.py:738} INFO - Searching for files in /opt/airflow/dags
[2024-03-20T06:33:34.908+0000] {manager.py:741} INFO - There are 0 files in /opt/airflow/dags
[2024-03-20T06:38:35.468+0000] {manager.py:738} INFO - Searching for files in /opt/airflow/dags
[2024-03-20T06:38:35.503+0000] {manager.py:741} INFO - There are 0 files in /opt/airflow/dags
[2024-03-20T06:43:35.708+0000] {manager.py:738} INFO - Searching for files in /opt/airflow/dags
[2024-03-20T06:43:35.763+0000] {manager.py:741} INFO - There are 0 files in /opt/airflow/dags
[2024-03-20T06:48:35.967+0000] {manager.py:738} INFO - Searching for files in /opt/airflow/dags
[2024-03-20T06:48:36.051+0000] {manager.py:741} INFO - There are 0 files in /opt/airflow/dags
[2024-03-20T06:53:37.093+0000] {manager.py:738} INFO - Searching for files in /opt/airflow/dags
[2024-03-20T06:53:37.145+0000] {manager.py:741} INFO - There are 0 files in /opt/airflow/dags
[2024-03-20T06:58:38.356+0000] {manager.py:738} INFO - Searching for files in /opt/airflow/dags
[2024-03-20T06:58:38.435+0000] {manager.py:741} INFO - There are 0 files in /opt/airflow/dags
[2024-03-20T07:03:38.925+0000] {manager.py:738} INFO - Searching for files in /opt/airflow/dags
[2024-03-20T07:03:39.006+0000] {manager.py:741} INFO - There are 0 files in /opt/airflow/dags
[2024-03-20T07:08:38.994+0000] {manager.py:738} INFO - Searching for files in /opt/airflow/dags
[2024-03-20T07:08:39.066+0000] {manager.py:741} INFO - There are 0 files in /opt/airflow/dags
[2024-03-20T07:13:39.296+0000] {manager.py:738} INFO - Searching for files in /opt/airflow/dags
[2024-03-20T07:13:39.352+0000] {manager.py:741} INFO - There are 0 files in /opt/airflow/dags
[2024-03-20T07:18:39.880+0000] {manager.py:738} INFO - Searching for files in /opt/airflow/dags
[2024-03-20T07:18:39.965+0000] {manager.py:741} INFO - There are 0 files in /opt/airflow/dags
[2024-03-20T07:23:40.017+0000] {manager.py:738} INFO - Searching for files in /opt/airflow/dags
[2024-03-20T07:23:40.069+0000] {manager.py:741} INFO - There are 0 files in /opt/airflow/dags
[2024-03-20T07:28:40.822+0000] {manager.py:738} INFO - Searching for files in /opt/airflow/dags
[2024-03-20T07:28:40.871+0000] {manager.py:741} INFO - There are 0 files in /opt/airflow/dags
[2024-03-20T07:33:41.546+0000] {manager.py:738} INFO - Searching for files in /opt/airflow/dags
[2024-03-20T07:33:41.605+0000] {manager.py:741} INFO - There are 0 files in /opt/airflow/dags
[2024-03-20T08:45:18.074+0000] {manager.py:738} INFO - Searching for files in /opt/airflow/dags
[2024-03-20T08:45:18.337+0000] {manager.py:741} INFO - There are 0 files in /opt/airflow/dags
[2024-03-22T10:03:12.668+0000] {manager.py:469} INFO - Processing files using up to 1 processes at a time 
[2024-03-22T10:03:12.683+0000] {manager.py:470} INFO - Process each file at most once every 30 seconds
[2024-03-22T10:03:12.685+0000] {manager.py:471} INFO - Checking for new files in /opt/airflow/dags every 300 seconds
[2024-03-22T10:03:12.714+0000] {manager.py:738} INFO - Searching for files in /opt/airflow/dags
[2024-03-22T10:03:12.721+0000] {manager.py:741} INFO - There are 0 files in /opt/airflow/dags
[2024-03-22T10:09:15.619+0000] {manager.py:469} INFO - Processing files using up to 1 processes at a time 
[2024-03-22T10:09:15.621+0000] {manager.py:470} INFO - Process each file at most once every 30 seconds
[2024-03-22T10:09:15.623+0000] {manager.py:471} INFO - Checking for new files in /opt/airflow/dags every 300 seconds
[2024-03-22T10:09:15.624+0000] {manager.py:738} INFO - Searching for files in /opt/airflow/dags
[2024-03-22T10:09:15.627+0000] {manager.py:741} INFO - There are 0 files in /opt/airflow/dags
[2024-03-22T10:14:15.865+0000] {manager.py:738} INFO - Searching for files in /opt/airflow/dags
[2024-03-22T10:14:15.893+0000] {manager.py:741} INFO - There are 0 files in /opt/airflow/dags
[2024-03-22T10:17:50.203+0000] {manager.py:469} INFO - Processing files using up to 1 processes at a time 
[2024-03-22T10:17:50.204+0000] {manager.py:470} INFO - Process each file at most once every 30 seconds
[2024-03-22T10:17:50.205+0000] {manager.py:471} INFO - Checking for new files in /opt/airflow/dags every 300 seconds
[2024-03-22T10:17:50.206+0000] {manager.py:738} INFO - Searching for files in /opt/airflow/dags
[2024-03-22T10:17:50.208+0000] {manager.py:741} INFO - There are 0 files in /opt/airflow/dags
[2024-03-22T10:22:50.257+0000] {manager.py:738} INFO - Searching for files in /opt/airflow/dags
[2024-03-22T10:22:50.290+0000] {manager.py:741} INFO - There are 0 files in /opt/airflow/dags
[2024-03-22T10:27:50.523+0000] {manager.py:738} INFO - Searching for files in /opt/airflow/dags
[2024-03-22T10:27:50.526+0000] {manager.py:741} INFO - There are 0 files in /opt/airflow/dags
[2024-03-22T10:32:50.702+0000] {manager.py:738} INFO - Searching for files in /opt/airflow/dags
[2024-03-22T10:32:50.703+0000] {manager.py:741} INFO - There are 0 files in /opt/airflow/dags
[2024-03-22T10:37:50.925+0000] {manager.py:738} INFO - Searching for files in /opt/airflow/dags
[2024-03-22T10:37:50.929+0000] {manager.py:741} INFO - There are 0 files in /opt/airflow/dags
[2024-03-22T10:42:51.139+0000] {manager.py:738} INFO - Searching for files in /opt/airflow/dags
[2024-03-22T10:42:51.148+0000] {manager.py:741} INFO - There are 0 files in /opt/airflow/dags
[2024-03-22T10:47:51.297+0000] {manager.py:738} INFO - Searching for files in /opt/airflow/dags
[2024-03-22T10:47:51.299+0000] {manager.py:741} INFO - There are 0 files in /opt/airflow/dags
[2024-03-22T10:52:51.326+0000] {manager.py:738} INFO - Searching for files in /opt/airflow/dags
[2024-03-22T10:52:51.331+0000] {manager.py:741} INFO - There are 0 files in /opt/airflow/dags
[2024-03-22T10:57:51.583+0000] {manager.py:738} INFO - Searching for files in /opt/airflow/dags
[2024-03-22T10:57:51.589+0000] {manager.py:741} INFO - There are 0 files in /opt/airflow/dags
[2024-03-22T11:02:51.742+0000] {manager.py:738} INFO - Searching for files in /opt/airflow/dags
[2024-03-22T11:02:51.745+0000] {manager.py:741} INFO - There are 0 files in /opt/airflow/dags
[2024-03-22T11:07:51.989+0000] {manager.py:738} INFO - Searching for files in /opt/airflow/dags
[2024-03-22T11:07:52.011+0000] {manager.py:741} INFO - There are 0 files in /opt/airflow/dags
[2024-03-22T11:12:52.277+0000] {manager.py:738} INFO - Searching for files in /opt/airflow/dags
[2024-03-22T11:12:52.284+0000] {manager.py:741} INFO - There are 0 files in /opt/airflow/dags
[2024-03-22T11:17:52.440+0000] {manager.py:738} INFO - Searching for files in /opt/airflow/dags
[2024-03-22T11:17:52.447+0000] {manager.py:741} INFO - There are 0 files in /opt/airflow/dags
[2024-03-22T11:22:52.672+0000] {manager.py:738} INFO - Searching for files in /opt/airflow/dags
[2024-03-22T11:22:52.675+0000] {manager.py:741} INFO - There are 0 files in /opt/airflow/dags
[2024-03-22T11:27:52.834+0000] {manager.py:738} INFO - Searching for files in /opt/airflow/dags
[2024-03-22T11:27:52.835+0000] {manager.py:741} INFO - There are 0 files in /opt/airflow/dags
[2024-03-22T11:32:53.022+0000] {manager.py:738} INFO - Searching for files in /opt/airflow/dags
[2024-03-22T11:32:53.028+0000] {manager.py:741} INFO - There are 0 files in /opt/airflow/dags
[2024-03-22T11:37:53.184+0000] {manager.py:738} INFO - Searching for files in /opt/airflow/dags
[2024-03-22T11:37:53.187+0000] {manager.py:741} INFO - There are 0 files in /opt/airflow/dags
[2024-03-22T11:42:53.353+0000] {manager.py:738} INFO - Searching for files in /opt/airflow/dags
[2024-03-22T11:42:53.355+0000] {manager.py:741} INFO - There are 0 files in /opt/airflow/dags
[2024-03-22T11:47:53.527+0000] {manager.py:738} INFO - Searching for files in /opt/airflow/dags
[2024-03-22T11:47:53.529+0000] {manager.py:741} INFO - There are 0 files in /opt/airflow/dags
[2024-03-22T11:52:53.548+0000] {manager.py:738} INFO - Searching for files in /opt/airflow/dags
[2024-03-22T11:52:53.562+0000] {manager.py:741} INFO - There are 0 files in /opt/airflow/dags
[2024-03-22T11:57:53.911+0000] {manager.py:738} INFO - Searching for files in /opt/airflow/dags
[2024-03-22T11:57:53.920+0000] {manager.py:741} INFO - There are 0 files in /opt/airflow/dags
[2024-03-22T12:03:05.816+0000] {manager.py:738} INFO - Searching for files in /opt/airflow/dags
[2024-03-22T12:03:05.936+0000] {manager.py:741} INFO - There are 0 files in /opt/airflow/dags
[2024-03-22T12:08:05.841+0000] {manager.py:738} INFO - Searching for files in /opt/airflow/dags
[2024-03-22T12:08:05.857+0000] {manager.py:741} INFO - There are 0 files in /opt/airflow/dags
[2024-03-22T12:13:12.171+0000] {manager.py:738} INFO - Searching for files in /opt/airflow/dags
[2024-03-22T12:13:12.288+0000] {manager.py:741} INFO - There are 0 files in /opt/airflow/dags
[2024-03-22T12:16:06.196+0000] {manager.py:469} INFO - Processing files using up to 1 processes at a time 
[2024-03-22T12:16:06.199+0000] {manager.py:470} INFO - Process each file at most once every 30 seconds
[2024-03-22T12:16:06.200+0000] {manager.py:471} INFO - Checking for new files in /opt/airflow/dags every 300 seconds
[2024-03-22T12:16:06.201+0000] {manager.py:738} INFO - Searching for files in /opt/airflow/dags
[2024-03-22T12:16:06.205+0000] {manager.py:741} INFO - There are 0 files in /opt/airflow/dags
[2024-03-22T12:21:06.425+0000] {manager.py:738} INFO - Searching for files in /opt/airflow/dags
[2024-03-22T12:21:06.496+0000] {manager.py:741} INFO - There are 0 files in /opt/airflow/dags
[2024-03-22T12:26:06.819+0000] {manager.py:738} INFO - Searching for files in /opt/airflow/dags
[2024-03-22T12:26:06.896+0000] {manager.py:741} INFO - There are 0 files in /opt/airflow/dags
[2024-03-22T12:31:07.073+0000] {manager.py:738} INFO - Searching for files in /opt/airflow/dags
[2024-03-22T12:31:07.084+0000] {manager.py:741} INFO - There are 0 files in /opt/airflow/dags
[2024-03-22T12:36:07.134+0000] {manager.py:738} INFO - Searching for files in /opt/airflow/dags
[2024-03-22T12:36:07.139+0000] {manager.py:741} INFO - There are 0 files in /opt/airflow/dags
[2024-03-22T12:41:07.633+0000] {manager.py:738} INFO - Searching for files in /opt/airflow/dags
[2024-03-22T12:41:07.643+0000] {manager.py:741} INFO - There are 0 files in /opt/airflow/dags
[2024-03-22T12:46:08.070+0000] {manager.py:738} INFO - Searching for files in /opt/airflow/dags
[2024-03-22T12:46:08.122+0000] {manager.py:741} INFO - There are 0 files in /opt/airflow/dags
[2024-03-22T12:53:52.843+0000] {manager.py:738} INFO - Searching for files in /opt/airflow/dags
[2024-03-22T12:53:52.878+0000] {manager.py:741} INFO - There are 0 files in /opt/airflow/dags
[2024-03-22T12:58:53.793+0000] {manager.py:738} INFO - Searching for files in /opt/airflow/dags
[2024-03-22T12:58:53.825+0000] {manager.py:741} INFO - There are 0 files in /opt/airflow/dags
[2024-03-22T13:03:53.924+0000] {manager.py:738} INFO - Searching for files in /opt/airflow/dags
[2024-03-22T13:03:53.928+0000] {manager.py:741} INFO - There are 0 files in /opt/airflow/dags
[2024-03-22T13:08:54.704+0000] {manager.py:738} INFO - Searching for files in /opt/airflow/dags
[2024-03-22T13:08:54.714+0000] {manager.py:741} INFO - There are 0 files in /opt/airflow/dags
[2024-03-22T13:13:55.778+0000] {manager.py:738} INFO - Searching for files in /opt/airflow/dags
[2024-03-22T13:13:55.796+0000] {manager.py:741} INFO - There are 0 files in /opt/airflow/dags
[2024-03-22T13:26:50.182+0000] {manager.py:738} INFO - Searching for files in /opt/airflow/dags
[2024-03-22T13:26:50.901+0000] {manager.py:741} INFO - There are 0 files in /opt/airflow/dags
[2024-03-22T13:31:50.435+0000] {manager.py:738} INFO - Searching for files in /opt/airflow/dags
[2024-03-22T13:31:50.476+0000] {manager.py:741} INFO - There are 0 files in /opt/airflow/dags
[2024-03-22T13:36:51.219+0000] {manager.py:738} INFO - Searching for files in /opt/airflow/dags
[2024-03-22T13:36:51.221+0000] {manager.py:741} INFO - There are 0 files in /opt/airflow/dags
[2024-03-22T15:10:18.118+0000] {manager.py:738} INFO - Searching for files in /opt/airflow/dags
[2024-03-22T15:10:18.651+0000] {manager.py:741} INFO - There are 0 files in /opt/airflow/dags
[2024-03-22T15:15:18.292+0000] {manager.py:738} INFO - Searching for files in /opt/airflow/dags
[2024-03-22T15:15:18.342+0000] {manager.py:741} INFO - There are 0 files in /opt/airflow/dags
[2024-03-22T15:20:18.739+0000] {manager.py:738} INFO - Searching for files in /opt/airflow/dags
[2024-03-22T15:20:18.787+0000] {manager.py:741} INFO - There are 0 files in /opt/airflow/dags
[2024-03-22T15:25:19.194+0000] {manager.py:738} INFO - Searching for files in /opt/airflow/dags
[2024-03-22T15:25:19.218+0000] {manager.py:741} INFO - There are 0 files in /opt/airflow/dags
[2024-03-22T15:30:19.878+0000] {manager.py:738} INFO - Searching for files in /opt/airflow/dags
[2024-03-22T15:30:19.909+0000] {manager.py:741} INFO - There are 0 files in /opt/airflow/dags
[2024-03-22T15:35:19.906+0000] {manager.py:738} INFO - Searching for files in /opt/airflow/dags
[2024-03-22T15:35:19.927+0000] {manager.py:741} INFO - There are 0 files in /opt/airflow/dags
[2024-03-22T15:40:20.449+0000] {manager.py:738} INFO - Searching for files in /opt/airflow/dags
[2024-03-22T15:40:20.461+0000] {manager.py:741} INFO - There are 0 files in /opt/airflow/dags
[2024-03-22T15:45:20.652+0000] {manager.py:738} INFO - Searching for files in /opt/airflow/dags
[2024-03-22T15:45:20.654+0000] {manager.py:741} INFO - There are 0 files in /opt/airflow/dags
[2024-03-22T15:50:20.733+0000] {manager.py:738} INFO - Searching for files in /opt/airflow/dags
[2024-03-22T15:50:20.744+0000] {manager.py:741} INFO - There are 0 files in /opt/airflow/dags
[2024-03-22T15:55:22.207+0000] {manager.py:738} INFO - Searching for files in /opt/airflow/dags
[2024-03-22T15:55:22.330+0000] {manager.py:741} INFO - There are 0 files in /opt/airflow/dags
[2024-03-22T16:00:22.280+0000] {manager.py:738} INFO - Searching for files in /opt/airflow/dags
[2024-03-22T16:00:22.306+0000] {manager.py:741} INFO - There are 0 files in /opt/airflow/dags
[2024-03-23T11:25:17.973+0000] {manager.py:738} INFO - Searching for files in /opt/airflow/dags
[2024-03-23T11:25:18.243+0000] {manager.py:741} INFO - There are 0 files in /opt/airflow/dags
[2024-03-23T11:30:18.163+0000] {manager.py:738} INFO - Searching for files in /opt/airflow/dags
[2024-03-23T11:30:18.240+0000] {manager.py:741} INFO - There are 0 files in /opt/airflow/dags
[2024-03-23T11:35:18.375+0000] {manager.py:738} INFO - Searching for files in /opt/airflow/dags
[2024-03-23T11:35:18.397+0000] {manager.py:741} INFO - There are 0 files in /opt/airflow/dags
[2024-03-23T11:40:18.698+0000] {manager.py:738} INFO - Searching for files in /opt/airflow/dags
[2024-03-23T11:40:18.722+0000] {manager.py:741} INFO - There are 0 files in /opt/airflow/dags
[2024-03-23T11:45:19.844+0000] {manager.py:738} INFO - Searching for files in /opt/airflow/dags
[2024-03-23T11:45:19.872+0000] {manager.py:741} INFO - There are 0 files in /opt/airflow/dags
[2024-03-23T12:13:03.677+0000] {manager.py:738} INFO - Searching for files in /opt/airflow/dags
[2024-03-23T12:13:03.781+0000] {manager.py:741} INFO - There are 0 files in /opt/airflow/dags
[2024-03-23T12:38:02.496+0000] {manager.py:738} INFO - Searching for files in /opt/airflow/dags
[2024-03-23T12:38:02.621+0000] {manager.py:741} INFO - There are 0 files in /opt/airflow/dags
[2024-03-23T12:43:03.290+0000] {manager.py:738} INFO - Searching for files in /opt/airflow/dags
[2024-03-23T12:43:03.344+0000] {manager.py:741} INFO - There are 0 files in /opt/airflow/dags
[2024-03-23T12:48:03.624+0000] {manager.py:738} INFO - Searching for files in /opt/airflow/dags
[2024-03-23T12:48:03.698+0000] {manager.py:741} INFO - There are 0 files in /opt/airflow/dags
[2024-03-23T12:53:05.224+0000] {manager.py:738} INFO - Searching for files in /opt/airflow/dags
[2024-03-23T12:53:05.442+0000] {manager.py:741} INFO - There are 0 files in /opt/airflow/dags
[2024-03-23T12:58:05.899+0000] {manager.py:738} INFO - Searching for files in /opt/airflow/dags
[2024-03-23T12:58:05.924+0000] {manager.py:741} INFO - There are 0 files in /opt/airflow/dags
[2024-03-23T13:03:06.018+0000] {manager.py:738} INFO - Searching for files in /opt/airflow/dags
[2024-03-23T13:03:06.063+0000] {manager.py:741} INFO - There are 0 files in /opt/airflow/dags
[2024-03-23T13:08:06.812+0000] {manager.py:738} INFO - Searching for files in /opt/airflow/dags
[2024-03-23T13:08:06.839+0000] {manager.py:741} INFO - There are 0 files in /opt/airflow/dags
[2024-03-23T13:13:07.862+0000] {manager.py:738} INFO - Searching for files in /opt/airflow/dags
[2024-03-23T13:13:07.883+0000] {manager.py:741} INFO - There are 0 files in /opt/airflow/dags
[2024-03-23T13:18:08.417+0000] {manager.py:738} INFO - Searching for files in /opt/airflow/dags
[2024-03-23T13:18:08.452+0000] {manager.py:741} INFO - There are 0 files in /opt/airflow/dags
[2024-03-23T13:23:09.122+0000] {manager.py:738} INFO - Searching for files in /opt/airflow/dags
[2024-03-23T13:23:09.195+0000] {manager.py:741} INFO - There are 0 files in /opt/airflow/dags
[2024-03-23T13:28:09.285+0000] {manager.py:738} INFO - Searching for files in /opt/airflow/dags
[2024-03-23T13:28:09.339+0000] {manager.py:741} INFO - There are 0 files in /opt/airflow/dags
[2024-03-23T13:33:09.825+0000] {manager.py:738} INFO - Searching for files in /opt/airflow/dags
[2024-03-23T13:33:09.847+0000] {manager.py:741} INFO - There are 0 files in /opt/airflow/dags
[2024-03-23T13:38:10.462+0000] {manager.py:738} INFO - Searching for files in /opt/airflow/dags
[2024-03-23T13:38:10.495+0000] {manager.py:741} INFO - There are 0 files in /opt/airflow/dags
[2024-03-23T13:43:11.165+0000] {manager.py:738} INFO - Searching for files in /opt/airflow/dags
[2024-03-23T13:43:11.191+0000] {manager.py:741} INFO - There are 0 files in /opt/airflow/dags
[2024-03-23T13:48:12.124+0000] {manager.py:738} INFO - Searching for files in /opt/airflow/dags
[2024-03-23T13:48:12.151+0000] {manager.py:741} INFO - There are 0 files in /opt/airflow/dags
[2024-03-23T13:53:13.016+0000] {manager.py:738} INFO - Searching for files in /opt/airflow/dags
[2024-03-23T13:53:13.049+0000] {manager.py:741} INFO - There are 0 files in /opt/airflow/dags
[2024-03-23T13:58:13.456+0000] {manager.py:738} INFO - Searching for files in /opt/airflow/dags
[2024-03-23T13:58:13.489+0000] {manager.py:741} INFO - There are 0 files in /opt/airflow/dags
[2024-03-23T14:03:13.919+0000] {manager.py:738} INFO - Searching for files in /opt/airflow/dags
[2024-03-23T14:03:13.961+0000] {manager.py:741} INFO - There are 0 files in /opt/airflow/dags
[2024-03-23T14:08:14.291+0000] {manager.py:738} INFO - Searching for files in /opt/airflow/dags
[2024-03-23T14:08:14.319+0000] {manager.py:741} INFO - There are 0 files in /opt/airflow/dags
[2024-03-23T14:13:14.873+0000] {manager.py:738} INFO - Searching for files in /opt/airflow/dags
[2024-03-23T14:13:14.902+0000] {manager.py:741} INFO - There are 0 files in /opt/airflow/dags
[2024-03-23T14:18:15.409+0000] {manager.py:738} INFO - Searching for files in /opt/airflow/dags
[2024-03-23T14:18:15.438+0000] {manager.py:741} INFO - There are 0 files in /opt/airflow/dags
[2024-03-23T14:23:16.486+0000] {manager.py:738} INFO - Searching for files in /opt/airflow/dags
[2024-03-23T14:23:16.515+0000] {manager.py:741} INFO - There are 0 files in /opt/airflow/dags
[2024-03-23T14:28:17.331+0000] {manager.py:738} INFO - Searching for files in /opt/airflow/dags
[2024-03-23T14:28:17.364+0000] {manager.py:741} INFO - There are 0 files in /opt/airflow/dags
[2024-03-23T14:33:17.582+0000] {manager.py:738} INFO - Searching for files in /opt/airflow/dags
[2024-03-23T14:33:17.608+0000] {manager.py:741} INFO - There are 0 files in /opt/airflow/dags
[2024-03-23T14:38:18.649+0000] {manager.py:738} INFO - Searching for files in /opt/airflow/dags
[2024-03-23T14:38:18.696+0000] {manager.py:741} INFO - There are 0 files in /opt/airflow/dags
[2024-03-23T14:43:19.155+0000] {manager.py:738} INFO - Searching for files in /opt/airflow/dags
[2024-03-23T14:43:19.183+0000] {manager.py:741} INFO - There are 0 files in /opt/airflow/dags
[2024-03-23T14:48:19.348+0000] {manager.py:738} INFO - Searching for files in /opt/airflow/dags
[2024-03-23T14:48:19.363+0000] {manager.py:741} INFO - There are 0 files in /opt/airflow/dags
[2024-03-23T15:07:53.480+0000] {manager.py:738} INFO - Searching for files in /opt/airflow/dags
[2024-03-23T15:07:55.151+0000] {manager.py:741} INFO - There are 0 files in /opt/airflow/dags
[2024-03-23T15:12:54.266+0000] {manager.py:738} INFO - Searching for files in /opt/airflow/dags
[2024-03-23T15:12:54.326+0000] {manager.py:741} INFO - There are 0 files in /opt/airflow/dags
[2024-03-23T15:17:54.307+0000] {manager.py:738} INFO - Searching for files in /opt/airflow/dags
[2024-03-23T15:17:54.347+0000] {manager.py:741} INFO - There are 0 files in /opt/airflow/dags
[2024-03-23T15:22:54.537+0000] {manager.py:738} INFO - Searching for files in /opt/airflow/dags
[2024-03-23T15:22:54.582+0000] {manager.py:741} INFO - There are 0 files in /opt/airflow/dags
[2024-03-23T15:27:54.583+0000] {manager.py:738} INFO - Searching for files in /opt/airflow/dags
[2024-03-23T15:27:54.611+0000] {manager.py:741} INFO - There are 0 files in /opt/airflow/dags
[2024-03-23T15:32:55.654+0000] {manager.py:738} INFO - Searching for files in /opt/airflow/dags
[2024-03-23T15:32:55.691+0000] {manager.py:741} INFO - There are 0 files in /opt/airflow/dags
[2024-03-23T15:37:56.673+0000] {manager.py:738} INFO - Searching for files in /opt/airflow/dags
[2024-03-23T15:37:56.704+0000] {manager.py:741} INFO - There are 0 files in /opt/airflow/dags
[2024-03-23T15:42:57.177+0000] {manager.py:738} INFO - Searching for files in /opt/airflow/dags
[2024-03-23T15:42:57.236+0000] {manager.py:741} INFO - There are 0 files in /opt/airflow/dags
[2024-03-23T15:47:58.146+0000] {manager.py:738} INFO - Searching for files in /opt/airflow/dags
[2024-03-23T15:47:58.188+0000] {manager.py:741} INFO - There are 0 files in /opt/airflow/dags
[2024-03-23T15:52:58.564+0000] {manager.py:738} INFO - Searching for files in /opt/airflow/dags
[2024-03-23T15:52:58.631+0000] {manager.py:741} INFO - There are 0 files in /opt/airflow/dags
[2024-03-23T15:57:58.727+0000] {manager.py:738} INFO - Searching for files in /opt/airflow/dags
[2024-03-23T15:57:58.785+0000] {manager.py:741} INFO - There are 0 files in /opt/airflow/dags
[2024-03-23T16:02:59.394+0000] {manager.py:738} INFO - Searching for files in /opt/airflow/dags
[2024-03-23T16:02:59.456+0000] {manager.py:741} INFO - There are 0 files in /opt/airflow/dags
[2024-03-23T16:08:00.177+0000] {manager.py:738} INFO - Searching for files in /opt/airflow/dags
[2024-03-23T16:08:00.233+0000] {manager.py:741} INFO - There are 0 files in /opt/airflow/dags
[2024-03-23T16:13:00.760+0000] {manager.py:738} INFO - Searching for files in /opt/airflow/dags
[2024-03-23T16:13:00.811+0000] {manager.py:741} INFO - There are 0 files in /opt/airflow/dags
[2024-03-23T16:18:01.334+0000] {manager.py:738} INFO - Searching for files in /opt/airflow/dags
[2024-03-23T16:18:01.379+0000] {manager.py:741} INFO - There are 0 files in /opt/airflow/dags
[2024-03-23T16:23:01.670+0000] {manager.py:738} INFO - Searching for files in /opt/airflow/dags
[2024-03-23T16:23:01.830+0000] {manager.py:741} INFO - There are 0 files in /opt/airflow/dags
[2024-03-23T16:28:02.889+0000] {manager.py:738} INFO - Searching for files in /opt/airflow/dags
[2024-03-23T16:28:02.930+0000] {manager.py:741} INFO - There are 0 files in /opt/airflow/dags
[2024-03-23T16:33:03.427+0000] {manager.py:738} INFO - Searching for files in /opt/airflow/dags
[2024-03-23T16:33:03.479+0000] {manager.py:741} INFO - There are 0 files in /opt/airflow/dags
[2024-03-23T16:38:03.985+0000] {manager.py:738} INFO - Searching for files in /opt/airflow/dags
[2024-03-23T16:38:04.044+0000] {manager.py:741} INFO - There are 0 files in /opt/airflow/dags
[2024-03-23T16:43:04.301+0000] {manager.py:738} INFO - Searching for files in /opt/airflow/dags
[2024-03-23T16:43:04.568+0000] {manager.py:741} INFO - There are 0 files in /opt/airflow/dags
[2024-03-23T16:48:04.397+0000] {manager.py:738} INFO - Searching for files in /opt/airflow/dags
[2024-03-23T16:48:04.424+0000] {manager.py:741} INFO - There are 0 files in /opt/airflow/dags
[2024-03-23T16:53:04.700+0000] {manager.py:738} INFO - Searching for files in /opt/airflow/dags
[2024-03-23T16:53:04.733+0000] {manager.py:741} INFO - There are 0 files in /opt/airflow/dags
[2024-03-23T16:58:04.997+0000] {manager.py:738} INFO - Searching for files in /opt/airflow/dags
[2024-03-23T16:58:05.029+0000] {manager.py:741} INFO - There are 0 files in /opt/airflow/dags
[2024-03-23T17:03:05.847+0000] {manager.py:738} INFO - Searching for files in /opt/airflow/dags
[2024-03-23T17:03:05.866+0000] {manager.py:741} INFO - There are 0 files in /opt/airflow/dags
[2024-03-23T17:08:06.720+0000] {manager.py:738} INFO - Searching for files in /opt/airflow/dags
[2024-03-23T17:08:06.750+0000] {manager.py:741} INFO - There are 0 files in /opt/airflow/dags
[2024-03-23T17:13:06.751+0000] {manager.py:738} INFO - Searching for files in /opt/airflow/dags
[2024-03-23T17:13:06.833+0000] {manager.py:741} INFO - There are 0 files in /opt/airflow/dags
[2024-03-23T17:18:07.145+0000] {manager.py:738} INFO - Searching for files in /opt/airflow/dags
[2024-03-23T17:18:07.174+0000] {manager.py:741} INFO - There are 0 files in /opt/airflow/dags
[2024-03-23T17:23:08.257+0000] {manager.py:738} INFO - Searching for files in /opt/airflow/dags
[2024-03-23T17:23:08.296+0000] {manager.py:741} INFO - There are 0 files in /opt/airflow/dags
[2024-03-23T17:28:08.464+0000] {manager.py:738} INFO - Searching for files in /opt/airflow/dags
[2024-03-23T17:28:08.504+0000] {manager.py:741} INFO - There are 0 files in /opt/airflow/dags
[2024-03-23T17:33:09.231+0000] {manager.py:738} INFO - Searching for files in /opt/airflow/dags
[2024-03-23T17:33:09.266+0000] {manager.py:741} INFO - There are 0 files in /opt/airflow/dags
[2024-03-23T17:38:09.374+0000] {manager.py:738} INFO - Searching for files in /opt/airflow/dags
[2024-03-23T17:38:09.441+0000] {manager.py:741} INFO - There are 0 files in /opt/airflow/dags
[2024-03-23T17:43:10.320+0000] {manager.py:738} INFO - Searching for files in /opt/airflow/dags
[2024-03-23T17:43:10.352+0000] {manager.py:741} INFO - There are 0 files in /opt/airflow/dags
[2024-03-23T17:48:10.873+0000] {manager.py:738} INFO - Searching for files in /opt/airflow/dags
[2024-03-23T17:48:10.901+0000] {manager.py:741} INFO - There are 0 files in /opt/airflow/dags
[2024-03-23T17:53:11.906+0000] {manager.py:738} INFO - Searching for files in /opt/airflow/dags
[2024-03-23T17:53:11.939+0000] {manager.py:741} INFO - There are 0 files in /opt/airflow/dags
[2024-03-23T17:58:12.805+0000] {manager.py:738} INFO - Searching for files in /opt/airflow/dags
[2024-03-23T17:58:12.824+0000] {manager.py:741} INFO - There are 0 files in /opt/airflow/dags
[2024-03-23T18:03:13.031+0000] {manager.py:738} INFO - Searching for files in /opt/airflow/dags
[2024-03-23T18:03:13.052+0000] {manager.py:741} INFO - There are 0 files in /opt/airflow/dags
[2024-03-23T18:08:13.251+0000] {manager.py:738} INFO - Searching for files in /opt/airflow/dags
[2024-03-23T18:08:13.274+0000] {manager.py:741} INFO - There are 0 files in /opt/airflow/dags
[2024-03-23T18:13:13.716+0000] {manager.py:738} INFO - Searching for files in /opt/airflow/dags
[2024-03-23T18:13:13.731+0000] {manager.py:741} INFO - There are 0 files in /opt/airflow/dags
[2024-03-23T18:18:13.872+0000] {manager.py:738} INFO - Searching for files in /opt/airflow/dags
[2024-03-23T18:18:13.893+0000] {manager.py:741} INFO - There are 0 files in /opt/airflow/dags
[2024-03-23T18:23:14.164+0000] {manager.py:738} INFO - Searching for files in /opt/airflow/dags
[2024-03-23T18:23:14.190+0000] {manager.py:741} INFO - There are 0 files in /opt/airflow/dags
[2024-03-23T18:28:14.193+0000] {manager.py:738} INFO - Searching for files in /opt/airflow/dags
[2024-03-23T18:28:14.220+0000] {manager.py:741} INFO - There are 0 files in /opt/airflow/dags
[2024-03-23T18:33:14.558+0000] {manager.py:738} INFO - Searching for files in /opt/airflow/dags
[2024-03-23T18:33:14.580+0000] {manager.py:741} INFO - There are 0 files in /opt/airflow/dags
[2024-03-23T18:38:15.290+0000] {manager.py:738} INFO - Searching for files in /opt/airflow/dags
[2024-03-23T18:38:15.370+0000] {manager.py:741} INFO - There are 0 files in /opt/airflow/dags
[2024-03-23T18:43:15.868+0000] {manager.py:738} INFO - Searching for files in /opt/airflow/dags
[2024-03-23T18:43:15.893+0000] {manager.py:741} INFO - There are 0 files in /opt/airflow/dags
[2024-03-23T18:48:16.236+0000] {manager.py:738} INFO - Searching for files in /opt/airflow/dags
[2024-03-23T18:48:16.258+0000] {manager.py:741} INFO - There are 0 files in /opt/airflow/dags
[2024-03-23T18:53:16.880+0000] {manager.py:738} INFO - Searching for files in /opt/airflow/dags
[2024-03-23T18:53:16.932+0000] {manager.py:741} INFO - There are 0 files in /opt/airflow/dags
[2024-03-23T18:58:17.393+0000] {manager.py:738} INFO - Searching for files in /opt/airflow/dags
[2024-03-23T18:58:17.451+0000] {manager.py:741} INFO - There are 0 files in /opt/airflow/dags
[2024-03-23T19:03:17.791+0000] {manager.py:738} INFO - Searching for files in /opt/airflow/dags
[2024-03-23T19:03:17.830+0000] {manager.py:741} INFO - There are 0 files in /opt/airflow/dags
[2024-03-23T19:08:18.386+0000] {manager.py:738} INFO - Searching for files in /opt/airflow/dags
[2024-03-23T19:08:18.417+0000] {manager.py:741} INFO - There are 0 files in /opt/airflow/dags
[2024-03-23T19:13:19.496+0000] {manager.py:738} INFO - Searching for files in /opt/airflow/dags
[2024-03-23T19:13:19.535+0000] {manager.py:741} INFO - There are 0 files in /opt/airflow/dags
[2024-03-23T19:18:19.819+0000] {manager.py:738} INFO - Searching for files in /opt/airflow/dags
[2024-03-23T19:18:19.870+0000] {manager.py:741} INFO - There are 0 files in /opt/airflow/dags
[2024-03-23T19:23:20.126+0000] {manager.py:738} INFO - Searching for files in /opt/airflow/dags
[2024-03-23T19:23:20.158+0000] {manager.py:741} INFO - There are 0 files in /opt/airflow/dags
[2024-03-23T19:28:20.734+0000] {manager.py:738} INFO - Searching for files in /opt/airflow/dags
[2024-03-23T19:28:20.785+0000] {manager.py:741} INFO - There are 0 files in /opt/airflow/dags
[2024-03-23T19:33:21.386+0000] {manager.py:738} INFO - Searching for files in /opt/airflow/dags
[2024-03-23T19:33:21.440+0000] {manager.py:741} INFO - There are 0 files in /opt/airflow/dags
[2024-03-23T19:38:21.574+0000] {manager.py:738} INFO - Searching for files in /opt/airflow/dags
[2024-03-23T19:38:21.660+0000] {manager.py:741} INFO - There are 0 files in /opt/airflow/dags
[2024-03-23T19:43:22.468+0000] {manager.py:738} INFO - Searching for files in /opt/airflow/dags
[2024-03-23T19:43:22.569+0000] {manager.py:741} INFO - There are 0 files in /opt/airflow/dags
[2024-03-23T19:48:23.349+0000] {manager.py:738} INFO - Searching for files in /opt/airflow/dags
[2024-03-23T19:48:23.387+0000] {manager.py:741} INFO - There are 0 files in /opt/airflow/dags
[2024-03-23T19:53:24.173+0000] {manager.py:738} INFO - Searching for files in /opt/airflow/dags
[2024-03-23T19:53:24.245+0000] {manager.py:741} INFO - There are 0 files in /opt/airflow/dags
[2024-03-23T19:58:24.323+0000] {manager.py:738} INFO - Searching for files in /opt/airflow/dags
[2024-03-23T19:58:24.367+0000] {manager.py:741} INFO - There are 0 files in /opt/airflow/dags
[2024-03-24T03:24:06.401+0000] {manager.py:738} INFO - Searching for files in /opt/airflow/dags
[2024-03-24T03:24:06.467+0000] {manager.py:741} INFO - There are 0 files in /opt/airflow/dags
[2024-03-24T03:29:06.728+0000] {manager.py:738} INFO - Searching for files in /opt/airflow/dags
[2024-03-24T03:29:06.790+0000] {manager.py:741} INFO - There are 0 files in /opt/airflow/dags
[2024-03-24T03:34:07.001+0000] {manager.py:738} INFO - Searching for files in /opt/airflow/dags
[2024-03-24T03:34:07.034+0000] {manager.py:741} INFO - There are 0 files in /opt/airflow/dags
[2024-03-24T03:39:07.393+0000] {manager.py:738} INFO - Searching for files in /opt/airflow/dags
[2024-03-24T03:39:07.450+0000] {manager.py:741} INFO - There are 0 files in /opt/airflow/dags
[2024-03-24T08:39:43.949+0000] {manager.py:738} INFO - Searching for files in /opt/airflow/dags
[2024-03-24T08:39:44.031+0000] {manager.py:741} INFO - There are 0 files in /opt/airflow/dags
[2024-03-24T08:44:44.398+0000] {manager.py:738} INFO - Searching for files in /opt/airflow/dags
[2024-03-24T08:44:44.452+0000] {manager.py:741} INFO - There are 0 files in /opt/airflow/dags
[2024-03-24T10:43:22.176+0000] {manager.py:738} INFO - Searching for files in /opt/airflow/dags
[2024-03-24T10:43:22.471+0000] {manager.py:741} INFO - There are 0 files in /opt/airflow/dags
[2024-03-24T10:48:23.095+0000] {manager.py:738} INFO - Searching for files in /opt/airflow/dags
[2024-03-24T10:48:23.160+0000] {manager.py:741} INFO - There are 0 files in /opt/airflow/dags
[2024-03-24T10:53:23.646+0000] {manager.py:738} INFO - Searching for files in /opt/airflow/dags
[2024-03-24T10:53:23.674+0000] {manager.py:741} INFO - There are 0 files in /opt/airflow/dags
[2024-03-24T10:58:23.932+0000] {manager.py:738} INFO - Searching for files in /opt/airflow/dags
[2024-03-24T10:58:23.967+0000] {manager.py:741} INFO - There are 0 files in /opt/airflow/dags
[2024-03-24T11:03:24.017+0000] {manager.py:738} INFO - Searching for files in /opt/airflow/dags
[2024-03-24T11:03:24.039+0000] {manager.py:741} INFO - There are 0 files in /opt/airflow/dags
[2024-03-24T11:08:24.686+0000] {manager.py:738} INFO - Searching for files in /opt/airflow/dags
[2024-03-24T11:08:24.705+0000] {manager.py:741} INFO - There are 0 files in /opt/airflow/dags
[2024-03-24T11:13:24.780+0000] {manager.py:738} INFO - Searching for files in /opt/airflow/dags
[2024-03-24T11:13:24.801+0000] {manager.py:741} INFO - There are 0 files in /opt/airflow/dags
[2024-03-24T11:18:25.859+0000] {manager.py:738} INFO - Searching for files in /opt/airflow/dags
[2024-03-24T11:18:25.878+0000] {manager.py:741} INFO - There are 0 files in /opt/airflow/dags
[2024-03-24T11:23:25.980+0000] {manager.py:738} INFO - Searching for files in /opt/airflow/dags
[2024-03-24T11:23:26.000+0000] {manager.py:741} INFO - There are 0 files in /opt/airflow/dags
[2024-03-24T11:28:26.119+0000] {manager.py:738} INFO - Searching for files in /opt/airflow/dags
[2024-03-24T11:28:26.153+0000] {manager.py:741} INFO - There are 0 files in /opt/airflow/dags
[2024-03-24T11:33:27.161+0000] {manager.py:738} INFO - Searching for files in /opt/airflow/dags
[2024-03-24T11:33:27.184+0000] {manager.py:741} INFO - There are 0 files in /opt/airflow/dags
[2024-03-24T11:38:27.788+0000] {manager.py:738} INFO - Searching for files in /opt/airflow/dags
[2024-03-24T11:38:27.808+0000] {manager.py:741} INFO - There are 0 files in /opt/airflow/dags
[2024-03-24T11:43:28.054+0000] {manager.py:738} INFO - Searching for files in /opt/airflow/dags
[2024-03-24T11:43:28.110+0000] {manager.py:741} INFO - There are 0 files in /opt/airflow/dags
[2024-03-24T11:48:28.514+0000] {manager.py:738} INFO - Searching for files in /opt/airflow/dags
[2024-03-24T11:48:28.544+0000] {manager.py:741} INFO - There are 0 files in /opt/airflow/dags
[2024-03-24T11:53:29.173+0000] {manager.py:738} INFO - Searching for files in /opt/airflow/dags
[2024-03-24T11:53:29.200+0000] {manager.py:741} INFO - There are 0 files in /opt/airflow/dags
[2024-03-24T11:58:29.817+0000] {manager.py:738} INFO - Searching for files in /opt/airflow/dags
[2024-03-24T11:58:29.841+0000] {manager.py:741} INFO - There are 0 files in /opt/airflow/dags
[2024-03-24T12:03:29.881+0000] {manager.py:738} INFO - Searching for files in /opt/airflow/dags
[2024-03-24T12:03:29.908+0000] {manager.py:741} INFO - There are 0 files in /opt/airflow/dags
[2024-03-24T12:08:30.753+0000] {manager.py:738} INFO - Searching for files in /opt/airflow/dags
[2024-03-24T12:08:30.775+0000] {manager.py:741} INFO - There are 0 files in /opt/airflow/dags
[2024-03-24T12:13:31.399+0000] {manager.py:738} INFO - Searching for files in /opt/airflow/dags
[2024-03-24T12:13:31.412+0000] {manager.py:741} INFO - There are 0 files in /opt/airflow/dags
[2024-03-24T12:18:32.056+0000] {manager.py:738} INFO - Searching for files in /opt/airflow/dags
[2024-03-24T12:18:32.070+0000] {manager.py:741} INFO - There are 0 files in /opt/airflow/dags
[2024-03-24T12:23:33.067+0000] {manager.py:738} INFO - Searching for files in /opt/airflow/dags
[2024-03-24T12:23:33.090+0000] {manager.py:741} INFO - There are 0 files in /opt/airflow/dags
[2024-03-24T12:28:33.270+0000] {manager.py:738} INFO - Searching for files in /opt/airflow/dags
[2024-03-24T12:28:33.293+0000] {manager.py:741} INFO - There are 0 files in /opt/airflow/dags
[2024-03-24T12:33:34.005+0000] {manager.py:738} INFO - Searching for files in /opt/airflow/dags
[2024-03-24T12:33:34.037+0000] {manager.py:741} INFO - There are 0 files in /opt/airflow/dags
[2024-03-24T12:38:34.532+0000] {manager.py:738} INFO - Searching for files in /opt/airflow/dags
[2024-03-24T12:38:34.548+0000] {manager.py:741} INFO - There are 0 files in /opt/airflow/dags
[2024-03-24T12:43:34.643+0000] {manager.py:738} INFO - Searching for files in /opt/airflow/dags
[2024-03-24T12:43:34.676+0000] {manager.py:741} INFO - There are 0 files in /opt/airflow/dags
[2024-03-24T12:48:35.514+0000] {manager.py:738} INFO - Searching for files in /opt/airflow/dags
[2024-03-24T12:48:35.545+0000] {manager.py:741} INFO - There are 0 files in /opt/airflow/dags
[2024-03-24T12:53:36.172+0000] {manager.py:738} INFO - Searching for files in /opt/airflow/dags
[2024-03-24T12:53:36.205+0000] {manager.py:741} INFO - There are 0 files in /opt/airflow/dags
[2024-03-24T12:58:36.401+0000] {manager.py:738} INFO - Searching for files in /opt/airflow/dags
[2024-03-24T12:58:36.429+0000] {manager.py:741} INFO - There are 0 files in /opt/airflow/dags
[2024-03-24T13:03:36.435+0000] {manager.py:738} INFO - Searching for files in /opt/airflow/dags
[2024-03-24T13:03:36.465+0000] {manager.py:741} INFO - There are 0 files in /opt/airflow/dags
[2024-03-24T13:08:36.626+0000] {manager.py:738} INFO - Searching for files in /opt/airflow/dags
[2024-03-24T13:08:36.651+0000] {manager.py:741} INFO - There are 0 files in /opt/airflow/dags
[2024-03-24T13:13:37.289+0000] {manager.py:738} INFO - Searching for files in /opt/airflow/dags
[2024-03-24T13:13:37.310+0000] {manager.py:741} INFO - There are 0 files in /opt/airflow/dags
[2024-03-24T13:18:37.361+0000] {manager.py:738} INFO - Searching for files in /opt/airflow/dags
[2024-03-24T13:18:37.418+0000] {manager.py:741} INFO - There are 0 files in /opt/airflow/dags
[2024-03-24T13:23:37.721+0000] {manager.py:738} INFO - Searching for files in /opt/airflow/dags
[2024-03-24T13:23:37.756+0000] {manager.py:741} INFO - There are 0 files in /opt/airflow/dags
[2024-03-24T13:28:38.121+0000] {manager.py:738} INFO - Searching for files in /opt/airflow/dags
[2024-03-24T13:28:38.151+0000] {manager.py:741} INFO - There are 0 files in /opt/airflow/dags
[2024-03-24T13:33:39.032+0000] {manager.py:738} INFO - Searching for files in /opt/airflow/dags
[2024-03-24T13:33:39.066+0000] {manager.py:741} INFO - There are 0 files in /opt/airflow/dags
[2024-03-24T13:38:39.818+0000] {manager.py:738} INFO - Searching for files in /opt/airflow/dags
[2024-03-24T13:38:39.848+0000] {manager.py:741} INFO - There are 0 files in /opt/airflow/dags
[2024-03-24T13:43:40.317+0000] {manager.py:738} INFO - Searching for files in /opt/airflow/dags
[2024-03-24T13:43:40.361+0000] {manager.py:741} INFO - There are 0 files in /opt/airflow/dags
[2024-03-24T13:48:41.372+0000] {manager.py:738} INFO - Searching for files in /opt/airflow/dags
[2024-03-24T13:48:41.402+0000] {manager.py:741} INFO - There are 0 files in /opt/airflow/dags
[2024-03-24T13:53:41.556+0000] {manager.py:738} INFO - Searching for files in /opt/airflow/dags
[2024-03-24T13:53:41.586+0000] {manager.py:741} INFO - There are 0 files in /opt/airflow/dags
[2024-03-24T13:58:42.279+0000] {manager.py:738} INFO - Searching for files in /opt/airflow/dags
[2024-03-24T13:58:42.357+0000] {manager.py:741} INFO - There are 0 files in /opt/airflow/dags
[2024-03-24T14:03:42.356+0000] {manager.py:738} INFO - Searching for files in /opt/airflow/dags
[2024-03-24T14:03:42.440+0000] {manager.py:741} INFO - There are 0 files in /opt/airflow/dags
[2024-03-24T14:08:42.777+0000] {manager.py:738} INFO - Searching for files in /opt/airflow/dags
[2024-03-24T14:08:42.809+0000] {manager.py:741} INFO - There are 0 files in /opt/airflow/dags
[2024-03-24T14:13:42.787+0000] {manager.py:738} INFO - Searching for files in /opt/airflow/dags
[2024-03-24T14:13:42.811+0000] {manager.py:741} INFO - There are 0 files in /opt/airflow/dags
