[2024-03-19T09:44:28.441+0000] {processor.py:161} INFO - Started process (PID=22792) to work on /home/airflow/.local/lib/python3.8/site-packages/airflow/example_dags/example_branch_day_of_week_operator.py
[2024-03-19T09:44:28.444+0000] {processor.py:830} INFO - Processing file /home/airflow/.local/lib/python3.8/site-packages/airflow/example_dags/example_branch_day_of_week_operator.py for tasks to queue
[2024-03-19T09:44:28.447+0000] {logging_mixin.py:188} INFO - [2024-03-19T09:44:28.446+0000] {dagbag.py:540} INFO - Filling up the DagBag from /home/airflow/.local/lib/python3.8/site-packages/airflow/example_dags/example_branch_day_of_week_operator.py
[2024-03-19T09:44:28.467+0000] {processor.py:840} INFO - DAG(s) 'example_weekday_branch_operator' retrieved from /home/airflow/.local/lib/python3.8/site-packages/airflow/example_dags/example_branch_day_of_week_operator.py
[2024-03-19T09:44:28.552+0000] {logging_mixin.py:188} INFO - [2024-03-19T09:44:28.552+0000] {dag.py:3047} INFO - Sync 1 DAGs
[2024-03-19T09:44:28.596+0000] {logging_mixin.py:188} INFO - [2024-03-19T09:44:28.595+0000] {dag.py:3834} INFO - Setting next_dagrun for example_weekday_branch_operator to 2024-03-18 00:00:00+00:00, run_after=2024-03-19 00:00:00+00:00
[2024-03-19T09:44:28.631+0000] {processor.py:183} INFO - Processing /home/airflow/.local/lib/python3.8/site-packages/airflow/example_dags/example_branch_day_of_week_operator.py took 0.202 seconds
[2024-03-19T09:44:58.879+0000] {processor.py:161} INFO - Started process (PID=22847) to work on /home/airflow/.local/lib/python3.8/site-packages/airflow/example_dags/example_branch_day_of_week_operator.py
[2024-03-19T09:44:58.881+0000] {processor.py:830} INFO - Processing file /home/airflow/.local/lib/python3.8/site-packages/airflow/example_dags/example_branch_day_of_week_operator.py for tasks to queue
[2024-03-19T09:44:58.883+0000] {logging_mixin.py:188} INFO - [2024-03-19T09:44:58.883+0000] {dagbag.py:540} INFO - Filling up the DagBag from /home/airflow/.local/lib/python3.8/site-packages/airflow/example_dags/example_branch_day_of_week_operator.py
[2024-03-19T09:44:58.895+0000] {processor.py:840} INFO - DAG(s) 'example_weekday_branch_operator' retrieved from /home/airflow/.local/lib/python3.8/site-packages/airflow/example_dags/example_branch_day_of_week_operator.py
[2024-03-19T09:44:58.927+0000] {logging_mixin.py:188} INFO - [2024-03-19T09:44:58.927+0000] {dag.py:3047} INFO - Sync 1 DAGs
[2024-03-19T09:44:58.961+0000] {logging_mixin.py:188} INFO - [2024-03-19T09:44:58.961+0000] {dag.py:3834} INFO - Setting next_dagrun for example_weekday_branch_operator to 2024-03-18 00:00:00+00:00, run_after=2024-03-19 00:00:00+00:00
[2024-03-19T09:44:58.994+0000] {processor.py:183} INFO - Processing /home/airflow/.local/lib/python3.8/site-packages/airflow/example_dags/example_branch_day_of_week_operator.py took 0.120 seconds
[2024-03-19T09:45:37.121+0000] {processor.py:161} INFO - Started process (PID=22902) to work on /home/airflow/.local/lib/python3.8/site-packages/airflow/example_dags/example_branch_day_of_week_operator.py
[2024-03-19T09:45:37.125+0000] {processor.py:830} INFO - Processing file /home/airflow/.local/lib/python3.8/site-packages/airflow/example_dags/example_branch_day_of_week_operator.py for tasks to queue
[2024-03-19T09:45:37.129+0000] {logging_mixin.py:188} INFO - [2024-03-19T09:45:37.128+0000] {dagbag.py:540} INFO - Filling up the DagBag from /home/airflow/.local/lib/python3.8/site-packages/airflow/example_dags/example_branch_day_of_week_operator.py
[2024-03-19T09:45:37.213+0000] {processor.py:840} INFO - DAG(s) 'example_weekday_branch_operator' retrieved from /home/airflow/.local/lib/python3.8/site-packages/airflow/example_dags/example_branch_day_of_week_operator.py
[2024-03-19T09:45:37.523+0000] {logging_mixin.py:188} INFO - [2024-03-19T09:45:37.522+0000] {dag.py:3047} INFO - Sync 1 DAGs
[2024-03-19T09:45:37.624+0000] {logging_mixin.py:188} INFO - [2024-03-19T09:45:37.624+0000] {dag.py:3834} INFO - Setting next_dagrun for example_weekday_branch_operator to 2024-03-18 00:00:00+00:00, run_after=2024-03-19 00:00:00+00:00
[2024-03-19T09:45:37.720+0000] {processor.py:183} INFO - Processing /home/airflow/.local/lib/python3.8/site-packages/airflow/example_dags/example_branch_day_of_week_operator.py took 0.614 seconds
[2024-03-19T09:46:15.173+0000] {processor.py:161} INFO - Started process (PID=22957) to work on /home/airflow/.local/lib/python3.8/site-packages/airflow/example_dags/example_branch_day_of_week_operator.py
[2024-03-19T09:46:15.192+0000] {processor.py:830} INFO - Processing file /home/airflow/.local/lib/python3.8/site-packages/airflow/example_dags/example_branch_day_of_week_operator.py for tasks to queue
[2024-03-19T09:46:15.198+0000] {logging_mixin.py:188} INFO - [2024-03-19T09:46:15.197+0000] {dagbag.py:540} INFO - Filling up the DagBag from /home/airflow/.local/lib/python3.8/site-packages/airflow/example_dags/example_branch_day_of_week_operator.py
[2024-03-19T09:46:15.269+0000] {processor.py:840} INFO - DAG(s) 'example_weekday_branch_operator' retrieved from /home/airflow/.local/lib/python3.8/site-packages/airflow/example_dags/example_branch_day_of_week_operator.py
[2024-03-19T09:46:15.385+0000] {logging_mixin.py:188} INFO - [2024-03-19T09:46:15.384+0000] {dag.py:3047} INFO - Sync 1 DAGs
[2024-03-19T09:46:15.493+0000] {logging_mixin.py:188} INFO - [2024-03-19T09:46:15.492+0000] {dag.py:3834} INFO - Setting next_dagrun for example_weekday_branch_operator to 2024-03-18 00:00:00+00:00, run_after=2024-03-19 00:00:00+00:00
[2024-03-19T09:46:15.587+0000] {processor.py:183} INFO - Processing /home/airflow/.local/lib/python3.8/site-packages/airflow/example_dags/example_branch_day_of_week_operator.py took 0.492 seconds
[2024-03-19T09:46:45.652+0000] {processor.py:161} INFO - Started process (PID=23010) to work on /home/airflow/.local/lib/python3.8/site-packages/airflow/example_dags/example_branch_day_of_week_operator.py
[2024-03-19T09:46:45.654+0000] {processor.py:830} INFO - Processing file /home/airflow/.local/lib/python3.8/site-packages/airflow/example_dags/example_branch_day_of_week_operator.py for tasks to queue
[2024-03-19T09:46:45.656+0000] {logging_mixin.py:188} INFO - [2024-03-19T09:46:45.655+0000] {dagbag.py:540} INFO - Filling up the DagBag from /home/airflow/.local/lib/python3.8/site-packages/airflow/example_dags/example_branch_day_of_week_operator.py
[2024-03-19T09:46:45.666+0000] {processor.py:840} INFO - DAG(s) 'example_weekday_branch_operator' retrieved from /home/airflow/.local/lib/python3.8/site-packages/airflow/example_dags/example_branch_day_of_week_operator.py
[2024-03-19T09:46:45.697+0000] {logging_mixin.py:188} INFO - [2024-03-19T09:46:45.697+0000] {dag.py:3047} INFO - Sync 1 DAGs
[2024-03-19T09:46:45.730+0000] {logging_mixin.py:188} INFO - [2024-03-19T09:46:45.729+0000] {dag.py:3834} INFO - Setting next_dagrun for example_weekday_branch_operator to 2024-03-18 00:00:00+00:00, run_after=2024-03-19 00:00:00+00:00
[2024-03-19T09:46:45.754+0000] {processor.py:183} INFO - Processing /home/airflow/.local/lib/python3.8/site-packages/airflow/example_dags/example_branch_day_of_week_operator.py took 0.107 seconds
[2024-03-19T09:47:16.520+0000] {processor.py:161} INFO - Started process (PID=23065) to work on /home/airflow/.local/lib/python3.8/site-packages/airflow/example_dags/example_branch_day_of_week_operator.py
[2024-03-19T09:47:16.524+0000] {processor.py:830} INFO - Processing file /home/airflow/.local/lib/python3.8/site-packages/airflow/example_dags/example_branch_day_of_week_operator.py for tasks to queue
[2024-03-19T09:47:16.534+0000] {logging_mixin.py:188} INFO - [2024-03-19T09:47:16.533+0000] {dagbag.py:540} INFO - Filling up the DagBag from /home/airflow/.local/lib/python3.8/site-packages/airflow/example_dags/example_branch_day_of_week_operator.py
[2024-03-19T09:47:16.591+0000] {processor.py:840} INFO - DAG(s) 'example_weekday_branch_operator' retrieved from /home/airflow/.local/lib/python3.8/site-packages/airflow/example_dags/example_branch_day_of_week_operator.py
[2024-03-19T09:47:16.749+0000] {logging_mixin.py:188} INFO - [2024-03-19T09:47:16.749+0000] {dag.py:3047} INFO - Sync 1 DAGs
[2024-03-19T09:47:17.065+0000] {logging_mixin.py:188} INFO - [2024-03-19T09:47:17.064+0000] {dag.py:3834} INFO - Setting next_dagrun for example_weekday_branch_operator to 2024-03-18 00:00:00+00:00, run_after=2024-03-19 00:00:00+00:00
[2024-03-19T09:47:17.222+0000] {processor.py:183} INFO - Processing /home/airflow/.local/lib/python3.8/site-packages/airflow/example_dags/example_branch_day_of_week_operator.py took 0.711 seconds
[2024-03-19T09:47:47.688+0000] {processor.py:161} INFO - Started process (PID=23120) to work on /home/airflow/.local/lib/python3.8/site-packages/airflow/example_dags/example_branch_day_of_week_operator.py
[2024-03-19T09:47:47.691+0000] {processor.py:830} INFO - Processing file /home/airflow/.local/lib/python3.8/site-packages/airflow/example_dags/example_branch_day_of_week_operator.py for tasks to queue
[2024-03-19T09:47:47.694+0000] {logging_mixin.py:188} INFO - [2024-03-19T09:47:47.693+0000] {dagbag.py:540} INFO - Filling up the DagBag from /home/airflow/.local/lib/python3.8/site-packages/airflow/example_dags/example_branch_day_of_week_operator.py
[2024-03-19T09:47:47.715+0000] {processor.py:840} INFO - DAG(s) 'example_weekday_branch_operator' retrieved from /home/airflow/.local/lib/python3.8/site-packages/airflow/example_dags/example_branch_day_of_week_operator.py
[2024-03-19T09:47:47.805+0000] {logging_mixin.py:188} INFO - [2024-03-19T09:47:47.804+0000] {dag.py:3047} INFO - Sync 1 DAGs
[2024-03-19T09:47:47.916+0000] {logging_mixin.py:188} INFO - [2024-03-19T09:47:47.915+0000] {dag.py:3834} INFO - Setting next_dagrun for example_weekday_branch_operator to 2024-03-18 00:00:00+00:00, run_after=2024-03-19 00:00:00+00:00
[2024-03-19T09:47:48.028+0000] {processor.py:183} INFO - Processing /home/airflow/.local/lib/python3.8/site-packages/airflow/example_dags/example_branch_day_of_week_operator.py took 0.349 seconds
[2024-03-19T09:48:18.191+0000] {processor.py:161} INFO - Started process (PID=23175) to work on /home/airflow/.local/lib/python3.8/site-packages/airflow/example_dags/example_branch_day_of_week_operator.py
[2024-03-19T09:48:18.197+0000] {processor.py:830} INFO - Processing file /home/airflow/.local/lib/python3.8/site-packages/airflow/example_dags/example_branch_day_of_week_operator.py for tasks to queue
[2024-03-19T09:48:18.200+0000] {logging_mixin.py:188} INFO - [2024-03-19T09:48:18.200+0000] {dagbag.py:540} INFO - Filling up the DagBag from /home/airflow/.local/lib/python3.8/site-packages/airflow/example_dags/example_branch_day_of_week_operator.py
[2024-03-19T09:48:18.262+0000] {processor.py:840} INFO - DAG(s) 'example_weekday_branch_operator' retrieved from /home/airflow/.local/lib/python3.8/site-packages/airflow/example_dags/example_branch_day_of_week_operator.py
[2024-03-19T09:48:18.397+0000] {logging_mixin.py:188} INFO - [2024-03-19T09:48:18.396+0000] {dag.py:3047} INFO - Sync 1 DAGs
[2024-03-19T09:48:18.562+0000] {logging_mixin.py:188} INFO - [2024-03-19T09:48:18.561+0000] {dag.py:3834} INFO - Setting next_dagrun for example_weekday_branch_operator to 2024-03-18 00:00:00+00:00, run_after=2024-03-19 00:00:00+00:00
[2024-03-19T09:48:18.612+0000] {processor.py:183} INFO - Processing /home/airflow/.local/lib/python3.8/site-packages/airflow/example_dags/example_branch_day_of_week_operator.py took 0.455 seconds
[2024-03-19T09:48:48.976+0000] {processor.py:161} INFO - Started process (PID=23230) to work on /home/airflow/.local/lib/python3.8/site-packages/airflow/example_dags/example_branch_day_of_week_operator.py
[2024-03-19T09:48:48.978+0000] {processor.py:830} INFO - Processing file /home/airflow/.local/lib/python3.8/site-packages/airflow/example_dags/example_branch_day_of_week_operator.py for tasks to queue
[2024-03-19T09:48:48.979+0000] {logging_mixin.py:188} INFO - [2024-03-19T09:48:48.979+0000] {dagbag.py:540} INFO - Filling up the DagBag from /home/airflow/.local/lib/python3.8/site-packages/airflow/example_dags/example_branch_day_of_week_operator.py
[2024-03-19T09:48:48.991+0000] {processor.py:840} INFO - DAG(s) 'example_weekday_branch_operator' retrieved from /home/airflow/.local/lib/python3.8/site-packages/airflow/example_dags/example_branch_day_of_week_operator.py
[2024-03-19T09:48:49.026+0000] {logging_mixin.py:188} INFO - [2024-03-19T09:48:49.026+0000] {dag.py:3047} INFO - Sync 1 DAGs
[2024-03-19T09:48:49.063+0000] {logging_mixin.py:188} INFO - [2024-03-19T09:48:49.063+0000] {dag.py:3834} INFO - Setting next_dagrun for example_weekday_branch_operator to 2024-03-18 00:00:00+00:00, run_after=2024-03-19 00:00:00+00:00
[2024-03-19T09:48:49.102+0000] {processor.py:183} INFO - Processing /home/airflow/.local/lib/python3.8/site-packages/airflow/example_dags/example_branch_day_of_week_operator.py took 0.131 seconds
[2024-03-19T09:49:19.316+0000] {processor.py:161} INFO - Started process (PID=23285) to work on /home/airflow/.local/lib/python3.8/site-packages/airflow/example_dags/example_branch_day_of_week_operator.py
[2024-03-19T09:49:19.319+0000] {processor.py:830} INFO - Processing file /home/airflow/.local/lib/python3.8/site-packages/airflow/example_dags/example_branch_day_of_week_operator.py for tasks to queue
[2024-03-19T09:49:19.321+0000] {logging_mixin.py:188} INFO - [2024-03-19T09:49:19.320+0000] {dagbag.py:540} INFO - Filling up the DagBag from /home/airflow/.local/lib/python3.8/site-packages/airflow/example_dags/example_branch_day_of_week_operator.py
[2024-03-19T09:49:19.330+0000] {processor.py:840} INFO - DAG(s) 'example_weekday_branch_operator' retrieved from /home/airflow/.local/lib/python3.8/site-packages/airflow/example_dags/example_branch_day_of_week_operator.py
[2024-03-19T09:49:19.359+0000] {logging_mixin.py:188} INFO - [2024-03-19T09:49:19.359+0000] {dag.py:3047} INFO - Sync 1 DAGs
[2024-03-19T09:49:19.386+0000] {logging_mixin.py:188} INFO - [2024-03-19T09:49:19.386+0000] {dag.py:3834} INFO - Setting next_dagrun for example_weekday_branch_operator to 2024-03-18 00:00:00+00:00, run_after=2024-03-19 00:00:00+00:00
[2024-03-19T09:49:19.412+0000] {processor.py:183} INFO - Processing /home/airflow/.local/lib/python3.8/site-packages/airflow/example_dags/example_branch_day_of_week_operator.py took 0.100 seconds
[2024-03-19T09:49:50.110+0000] {processor.py:161} INFO - Started process (PID=23339) to work on /home/airflow/.local/lib/python3.8/site-packages/airflow/example_dags/example_branch_day_of_week_operator.py
[2024-03-19T09:49:50.112+0000] {processor.py:830} INFO - Processing file /home/airflow/.local/lib/python3.8/site-packages/airflow/example_dags/example_branch_day_of_week_operator.py for tasks to queue
[2024-03-19T09:49:50.114+0000] {logging_mixin.py:188} INFO - [2024-03-19T09:49:50.114+0000] {dagbag.py:540} INFO - Filling up the DagBag from /home/airflow/.local/lib/python3.8/site-packages/airflow/example_dags/example_branch_day_of_week_operator.py
[2024-03-19T09:49:50.127+0000] {processor.py:840} INFO - DAG(s) 'example_weekday_branch_operator' retrieved from /home/airflow/.local/lib/python3.8/site-packages/airflow/example_dags/example_branch_day_of_week_operator.py
[2024-03-19T09:49:50.164+0000] {logging_mixin.py:188} INFO - [2024-03-19T09:49:50.163+0000] {dag.py:3047} INFO - Sync 1 DAGs
[2024-03-19T09:49:50.196+0000] {logging_mixin.py:188} INFO - [2024-03-19T09:49:50.195+0000] {dag.py:3834} INFO - Setting next_dagrun for example_weekday_branch_operator to 2024-03-18 00:00:00+00:00, run_after=2024-03-19 00:00:00+00:00
[2024-03-19T09:49:50.232+0000] {processor.py:183} INFO - Processing /home/airflow/.local/lib/python3.8/site-packages/airflow/example_dags/example_branch_day_of_week_operator.py took 0.129 seconds
[2024-03-19T09:50:20.707+0000] {processor.py:161} INFO - Started process (PID=23394) to work on /home/airflow/.local/lib/python3.8/site-packages/airflow/example_dags/example_branch_day_of_week_operator.py
[2024-03-19T09:50:20.740+0000] {processor.py:830} INFO - Processing file /home/airflow/.local/lib/python3.8/site-packages/airflow/example_dags/example_branch_day_of_week_operator.py for tasks to queue
[2024-03-19T09:50:20.750+0000] {logging_mixin.py:188} INFO - [2024-03-19T09:50:20.749+0000] {dagbag.py:540} INFO - Filling up the DagBag from /home/airflow/.local/lib/python3.8/site-packages/airflow/example_dags/example_branch_day_of_week_operator.py
[2024-03-19T09:50:20.802+0000] {processor.py:840} INFO - DAG(s) 'example_weekday_branch_operator' retrieved from /home/airflow/.local/lib/python3.8/site-packages/airflow/example_dags/example_branch_day_of_week_operator.py
[2024-03-19T09:50:20.989+0000] {logging_mixin.py:188} INFO - [2024-03-19T09:50:20.988+0000] {dag.py:3047} INFO - Sync 1 DAGs
[2024-03-19T09:50:21.136+0000] {logging_mixin.py:188} INFO - [2024-03-19T09:50:21.135+0000] {dag.py:3834} INFO - Setting next_dagrun for example_weekday_branch_operator to 2024-03-18 00:00:00+00:00, run_after=2024-03-19 00:00:00+00:00
[2024-03-19T09:50:21.227+0000] {processor.py:183} INFO - Processing /home/airflow/.local/lib/python3.8/site-packages/airflow/example_dags/example_branch_day_of_week_operator.py took 0.544 seconds
[2024-03-19T09:50:54.251+0000] {processor.py:161} INFO - Started process (PID=23450) to work on /home/airflow/.local/lib/python3.8/site-packages/airflow/example_dags/example_branch_day_of_week_operator.py
[2024-03-19T09:50:54.274+0000] {processor.py:830} INFO - Processing file /home/airflow/.local/lib/python3.8/site-packages/airflow/example_dags/example_branch_day_of_week_operator.py for tasks to queue
[2024-03-19T09:50:54.277+0000] {logging_mixin.py:188} INFO - [2024-03-19T09:50:54.276+0000] {dagbag.py:540} INFO - Filling up the DagBag from /home/airflow/.local/lib/python3.8/site-packages/airflow/example_dags/example_branch_day_of_week_operator.py
[2024-03-19T09:50:54.293+0000] {processor.py:840} INFO - DAG(s) 'example_weekday_branch_operator' retrieved from /home/airflow/.local/lib/python3.8/site-packages/airflow/example_dags/example_branch_day_of_week_operator.py
[2024-03-19T09:50:54.385+0000] {logging_mixin.py:188} INFO - [2024-03-19T09:50:54.384+0000] {dag.py:3047} INFO - Sync 1 DAGs
[2024-03-19T09:50:54.463+0000] {logging_mixin.py:188} INFO - [2024-03-19T09:50:54.462+0000] {dag.py:3834} INFO - Setting next_dagrun for example_weekday_branch_operator to 2024-03-18 00:00:00+00:00, run_after=2024-03-19 00:00:00+00:00
[2024-03-19T09:50:54.558+0000] {processor.py:183} INFO - Processing /home/airflow/.local/lib/python3.8/site-packages/airflow/example_dags/example_branch_day_of_week_operator.py took 0.312 seconds
[2024-03-19T09:51:24.998+0000] {processor.py:161} INFO - Started process (PID=23503) to work on /home/airflow/.local/lib/python3.8/site-packages/airflow/example_dags/example_branch_day_of_week_operator.py
[2024-03-19T09:51:25.001+0000] {processor.py:830} INFO - Processing file /home/airflow/.local/lib/python3.8/site-packages/airflow/example_dags/example_branch_day_of_week_operator.py for tasks to queue
[2024-03-19T09:51:25.007+0000] {logging_mixin.py:188} INFO - [2024-03-19T09:51:25.004+0000] {dagbag.py:540} INFO - Filling up the DagBag from /home/airflow/.local/lib/python3.8/site-packages/airflow/example_dags/example_branch_day_of_week_operator.py
[2024-03-19T09:51:25.032+0000] {processor.py:840} INFO - DAG(s) 'example_weekday_branch_operator' retrieved from /home/airflow/.local/lib/python3.8/site-packages/airflow/example_dags/example_branch_day_of_week_operator.py
[2024-03-19T09:51:25.129+0000] {logging_mixin.py:188} INFO - [2024-03-19T09:51:25.128+0000] {dag.py:3047} INFO - Sync 1 DAGs
[2024-03-19T09:51:25.296+0000] {logging_mixin.py:188} INFO - [2024-03-19T09:51:25.291+0000] {dag.py:3834} INFO - Setting next_dagrun for example_weekday_branch_operator to 2024-03-18 00:00:00+00:00, run_after=2024-03-19 00:00:00+00:00
[2024-03-19T09:51:25.411+0000] {processor.py:183} INFO - Processing /home/airflow/.local/lib/python3.8/site-packages/airflow/example_dags/example_branch_day_of_week_operator.py took 0.423 seconds
[2024-03-19T09:51:55.493+0000] {processor.py:161} INFO - Started process (PID=23558) to work on /home/airflow/.local/lib/python3.8/site-packages/airflow/example_dags/example_branch_day_of_week_operator.py
[2024-03-19T09:51:55.496+0000] {processor.py:830} INFO - Processing file /home/airflow/.local/lib/python3.8/site-packages/airflow/example_dags/example_branch_day_of_week_operator.py for tasks to queue
[2024-03-19T09:51:55.498+0000] {logging_mixin.py:188} INFO - [2024-03-19T09:51:55.498+0000] {dagbag.py:540} INFO - Filling up the DagBag from /home/airflow/.local/lib/python3.8/site-packages/airflow/example_dags/example_branch_day_of_week_operator.py
[2024-03-19T09:51:55.512+0000] {processor.py:840} INFO - DAG(s) 'example_weekday_branch_operator' retrieved from /home/airflow/.local/lib/python3.8/site-packages/airflow/example_dags/example_branch_day_of_week_operator.py
[2024-03-19T09:51:55.552+0000] {logging_mixin.py:188} INFO - [2024-03-19T09:51:55.551+0000] {dag.py:3047} INFO - Sync 1 DAGs
[2024-03-19T09:51:55.591+0000] {logging_mixin.py:188} INFO - [2024-03-19T09:51:55.590+0000] {dag.py:3834} INFO - Setting next_dagrun for example_weekday_branch_operator to 2024-03-18 00:00:00+00:00, run_after=2024-03-19 00:00:00+00:00
[2024-03-19T09:51:55.627+0000] {processor.py:183} INFO - Processing /home/airflow/.local/lib/python3.8/site-packages/airflow/example_dags/example_branch_day_of_week_operator.py took 0.140 seconds
[2024-03-19T09:52:26.090+0000] {processor.py:161} INFO - Started process (PID=23613) to work on /home/airflow/.local/lib/python3.8/site-packages/airflow/example_dags/example_branch_day_of_week_operator.py
[2024-03-19T09:52:26.093+0000] {processor.py:830} INFO - Processing file /home/airflow/.local/lib/python3.8/site-packages/airflow/example_dags/example_branch_day_of_week_operator.py for tasks to queue
[2024-03-19T09:52:26.099+0000] {logging_mixin.py:188} INFO - [2024-03-19T09:52:26.095+0000] {dagbag.py:540} INFO - Filling up the DagBag from /home/airflow/.local/lib/python3.8/site-packages/airflow/example_dags/example_branch_day_of_week_operator.py
[2024-03-19T09:52:26.116+0000] {processor.py:840} INFO - DAG(s) 'example_weekday_branch_operator' retrieved from /home/airflow/.local/lib/python3.8/site-packages/airflow/example_dags/example_branch_day_of_week_operator.py
[2024-03-19T09:52:26.194+0000] {logging_mixin.py:188} INFO - [2024-03-19T09:52:26.192+0000] {dag.py:3047} INFO - Sync 1 DAGs
[2024-03-19T09:52:26.292+0000] {logging_mixin.py:188} INFO - [2024-03-19T09:52:26.291+0000] {dag.py:3834} INFO - Setting next_dagrun for example_weekday_branch_operator to 2024-03-18 00:00:00+00:00, run_after=2024-03-19 00:00:00+00:00
[2024-03-19T09:52:26.414+0000] {processor.py:183} INFO - Processing /home/airflow/.local/lib/python3.8/site-packages/airflow/example_dags/example_branch_day_of_week_operator.py took 0.330 seconds
[2024-03-19T09:52:57.113+0000] {processor.py:161} INFO - Started process (PID=23668) to work on /home/airflow/.local/lib/python3.8/site-packages/airflow/example_dags/example_branch_day_of_week_operator.py
[2024-03-19T09:52:57.115+0000] {processor.py:830} INFO - Processing file /home/airflow/.local/lib/python3.8/site-packages/airflow/example_dags/example_branch_day_of_week_operator.py for tasks to queue
[2024-03-19T09:52:57.116+0000] {logging_mixin.py:188} INFO - [2024-03-19T09:52:57.116+0000] {dagbag.py:540} INFO - Filling up the DagBag from /home/airflow/.local/lib/python3.8/site-packages/airflow/example_dags/example_branch_day_of_week_operator.py
[2024-03-19T09:52:57.128+0000] {processor.py:840} INFO - DAG(s) 'example_weekday_branch_operator' retrieved from /home/airflow/.local/lib/python3.8/site-packages/airflow/example_dags/example_branch_day_of_week_operator.py
[2024-03-19T09:52:57.165+0000] {logging_mixin.py:188} INFO - [2024-03-19T09:52:57.164+0000] {dag.py:3047} INFO - Sync 1 DAGs
[2024-03-19T09:52:57.195+0000] {logging_mixin.py:188} INFO - [2024-03-19T09:52:57.194+0000] {dag.py:3834} INFO - Setting next_dagrun for example_weekday_branch_operator to 2024-03-18 00:00:00+00:00, run_after=2024-03-19 00:00:00+00:00
[2024-03-19T09:52:57.220+0000] {processor.py:183} INFO - Processing /home/airflow/.local/lib/python3.8/site-packages/airflow/example_dags/example_branch_day_of_week_operator.py took 0.111 seconds
[2024-03-19T09:53:27.686+0000] {processor.py:161} INFO - Started process (PID=23723) to work on /home/airflow/.local/lib/python3.8/site-packages/airflow/example_dags/example_branch_day_of_week_operator.py
[2024-03-19T09:53:27.692+0000] {processor.py:830} INFO - Processing file /home/airflow/.local/lib/python3.8/site-packages/airflow/example_dags/example_branch_day_of_week_operator.py for tasks to queue
[2024-03-19T09:53:27.718+0000] {logging_mixin.py:188} INFO - [2024-03-19T09:53:27.715+0000] {dagbag.py:540} INFO - Filling up the DagBag from /home/airflow/.local/lib/python3.8/site-packages/airflow/example_dags/example_branch_day_of_week_operator.py
[2024-03-19T09:53:27.750+0000] {processor.py:840} INFO - DAG(s) 'example_weekday_branch_operator' retrieved from /home/airflow/.local/lib/python3.8/site-packages/airflow/example_dags/example_branch_day_of_week_operator.py
[2024-03-19T09:53:27.796+0000] {logging_mixin.py:188} INFO - [2024-03-19T09:53:27.796+0000] {dag.py:3047} INFO - Sync 1 DAGs
[2024-03-19T09:53:27.846+0000] {logging_mixin.py:188} INFO - [2024-03-19T09:53:27.845+0000] {dag.py:3834} INFO - Setting next_dagrun for example_weekday_branch_operator to 2024-03-18 00:00:00+00:00, run_after=2024-03-19 00:00:00+00:00
[2024-03-19T09:53:27.887+0000] {processor.py:183} INFO - Processing /home/airflow/.local/lib/python3.8/site-packages/airflow/example_dags/example_branch_day_of_week_operator.py took 0.231 seconds
[2024-03-19T09:53:58.906+0000] {processor.py:161} INFO - Started process (PID=23779) to work on /home/airflow/.local/lib/python3.8/site-packages/airflow/example_dags/example_branch_day_of_week_operator.py
[2024-03-19T09:53:58.908+0000] {processor.py:830} INFO - Processing file /home/airflow/.local/lib/python3.8/site-packages/airflow/example_dags/example_branch_day_of_week_operator.py for tasks to queue
[2024-03-19T09:53:58.912+0000] {logging_mixin.py:188} INFO - [2024-03-19T09:53:58.910+0000] {dagbag.py:540} INFO - Filling up the DagBag from /home/airflow/.local/lib/python3.8/site-packages/airflow/example_dags/example_branch_day_of_week_operator.py
[2024-03-19T09:53:58.931+0000] {processor.py:840} INFO - DAG(s) 'example_weekday_branch_operator' retrieved from /home/airflow/.local/lib/python3.8/site-packages/airflow/example_dags/example_branch_day_of_week_operator.py
[2024-03-19T09:53:58.989+0000] {logging_mixin.py:188} INFO - [2024-03-19T09:53:58.989+0000] {dag.py:3047} INFO - Sync 1 DAGs
[2024-03-19T09:53:59.042+0000] {logging_mixin.py:188} INFO - [2024-03-19T09:53:59.041+0000] {dag.py:3834} INFO - Setting next_dagrun for example_weekday_branch_operator to 2024-03-18 00:00:00+00:00, run_after=2024-03-19 00:00:00+00:00
[2024-03-19T09:53:59.099+0000] {processor.py:183} INFO - Processing /home/airflow/.local/lib/python3.8/site-packages/airflow/example_dags/example_branch_day_of_week_operator.py took 0.201 seconds
[2024-03-19T09:54:29.493+0000] {processor.py:161} INFO - Started process (PID=23832) to work on /home/airflow/.local/lib/python3.8/site-packages/airflow/example_dags/example_branch_day_of_week_operator.py
[2024-03-19T09:54:29.496+0000] {processor.py:830} INFO - Processing file /home/airflow/.local/lib/python3.8/site-packages/airflow/example_dags/example_branch_day_of_week_operator.py for tasks to queue
[2024-03-19T09:54:29.498+0000] {logging_mixin.py:188} INFO - [2024-03-19T09:54:29.498+0000] {dagbag.py:540} INFO - Filling up the DagBag from /home/airflow/.local/lib/python3.8/site-packages/airflow/example_dags/example_branch_day_of_week_operator.py
[2024-03-19T09:54:29.510+0000] {processor.py:840} INFO - DAG(s) 'example_weekday_branch_operator' retrieved from /home/airflow/.local/lib/python3.8/site-packages/airflow/example_dags/example_branch_day_of_week_operator.py
[2024-03-19T09:54:29.577+0000] {logging_mixin.py:188} INFO - [2024-03-19T09:54:29.576+0000] {dag.py:3047} INFO - Sync 1 DAGs
[2024-03-19T09:54:29.669+0000] {logging_mixin.py:188} INFO - [2024-03-19T09:54:29.668+0000] {dag.py:3834} INFO - Setting next_dagrun for example_weekday_branch_operator to 2024-03-18 00:00:00+00:00, run_after=2024-03-19 00:00:00+00:00
[2024-03-19T09:54:29.735+0000] {processor.py:183} INFO - Processing /home/airflow/.local/lib/python3.8/site-packages/airflow/example_dags/example_branch_day_of_week_operator.py took 0.247 seconds
[2024-03-19T09:54:59.817+0000] {processor.py:161} INFO - Started process (PID=23887) to work on /home/airflow/.local/lib/python3.8/site-packages/airflow/example_dags/example_branch_day_of_week_operator.py
[2024-03-19T09:54:59.818+0000] {processor.py:830} INFO - Processing file /home/airflow/.local/lib/python3.8/site-packages/airflow/example_dags/example_branch_day_of_week_operator.py for tasks to queue
[2024-03-19T09:54:59.819+0000] {logging_mixin.py:188} INFO - [2024-03-19T09:54:59.819+0000] {dagbag.py:540} INFO - Filling up the DagBag from /home/airflow/.local/lib/python3.8/site-packages/airflow/example_dags/example_branch_day_of_week_operator.py
[2024-03-19T09:54:59.828+0000] {processor.py:840} INFO - DAG(s) 'example_weekday_branch_operator' retrieved from /home/airflow/.local/lib/python3.8/site-packages/airflow/example_dags/example_branch_day_of_week_operator.py
[2024-03-19T09:54:59.854+0000] {logging_mixin.py:188} INFO - [2024-03-19T09:54:59.853+0000] {dag.py:3047} INFO - Sync 1 DAGs
[2024-03-19T09:54:59.881+0000] {logging_mixin.py:188} INFO - [2024-03-19T09:54:59.881+0000] {dag.py:3834} INFO - Setting next_dagrun for example_weekday_branch_operator to 2024-03-18 00:00:00+00:00, run_after=2024-03-19 00:00:00+00:00
[2024-03-19T09:54:59.904+0000] {processor.py:183} INFO - Processing /home/airflow/.local/lib/python3.8/site-packages/airflow/example_dags/example_branch_day_of_week_operator.py took 0.092 seconds
[2024-03-19T09:55:30.347+0000] {processor.py:161} INFO - Started process (PID=23942) to work on /home/airflow/.local/lib/python3.8/site-packages/airflow/example_dags/example_branch_day_of_week_operator.py
[2024-03-19T09:55:30.349+0000] {processor.py:830} INFO - Processing file /home/airflow/.local/lib/python3.8/site-packages/airflow/example_dags/example_branch_day_of_week_operator.py for tasks to queue
[2024-03-19T09:55:30.350+0000] {logging_mixin.py:188} INFO - [2024-03-19T09:55:30.350+0000] {dagbag.py:540} INFO - Filling up the DagBag from /home/airflow/.local/lib/python3.8/site-packages/airflow/example_dags/example_branch_day_of_week_operator.py
[2024-03-19T09:55:30.360+0000] {processor.py:840} INFO - DAG(s) 'example_weekday_branch_operator' retrieved from /home/airflow/.local/lib/python3.8/site-packages/airflow/example_dags/example_branch_day_of_week_operator.py
[2024-03-19T09:55:30.391+0000] {logging_mixin.py:188} INFO - [2024-03-19T09:55:30.391+0000] {dag.py:3047} INFO - Sync 1 DAGs
[2024-03-19T09:55:30.426+0000] {logging_mixin.py:188} INFO - [2024-03-19T09:55:30.425+0000] {dag.py:3834} INFO - Setting next_dagrun for example_weekday_branch_operator to 2024-03-18 00:00:00+00:00, run_after=2024-03-19 00:00:00+00:00
[2024-03-19T09:55:30.462+0000] {processor.py:183} INFO - Processing /home/airflow/.local/lib/python3.8/site-packages/airflow/example_dags/example_branch_day_of_week_operator.py took 0.120 seconds
[2024-03-19T09:56:00.943+0000] {processor.py:161} INFO - Started process (PID=23997) to work on /home/airflow/.local/lib/python3.8/site-packages/airflow/example_dags/example_branch_day_of_week_operator.py
[2024-03-19T09:56:00.960+0000] {processor.py:830} INFO - Processing file /home/airflow/.local/lib/python3.8/site-packages/airflow/example_dags/example_branch_day_of_week_operator.py for tasks to queue
[2024-03-19T09:56:00.962+0000] {logging_mixin.py:188} INFO - [2024-03-19T09:56:00.961+0000] {dagbag.py:540} INFO - Filling up the DagBag from /home/airflow/.local/lib/python3.8/site-packages/airflow/example_dags/example_branch_day_of_week_operator.py
[2024-03-19T09:56:00.973+0000] {processor.py:840} INFO - DAG(s) 'example_weekday_branch_operator' retrieved from /home/airflow/.local/lib/python3.8/site-packages/airflow/example_dags/example_branch_day_of_week_operator.py
[2024-03-19T09:56:01.006+0000] {logging_mixin.py:188} INFO - [2024-03-19T09:56:01.006+0000] {dag.py:3047} INFO - Sync 1 DAGs
[2024-03-19T09:56:01.034+0000] {logging_mixin.py:188} INFO - [2024-03-19T09:56:01.034+0000] {dag.py:3834} INFO - Setting next_dagrun for example_weekday_branch_operator to 2024-03-18 00:00:00+00:00, run_after=2024-03-19 00:00:00+00:00
[2024-03-19T09:56:01.097+0000] {processor.py:183} INFO - Processing /home/airflow/.local/lib/python3.8/site-packages/airflow/example_dags/example_branch_day_of_week_operator.py took 0.161 seconds
[2024-03-19T09:56:31.377+0000] {processor.py:161} INFO - Started process (PID=24052) to work on /home/airflow/.local/lib/python3.8/site-packages/airflow/example_dags/example_branch_day_of_week_operator.py
[2024-03-19T09:56:31.379+0000] {processor.py:830} INFO - Processing file /home/airflow/.local/lib/python3.8/site-packages/airflow/example_dags/example_branch_day_of_week_operator.py for tasks to queue
[2024-03-19T09:56:31.382+0000] {logging_mixin.py:188} INFO - [2024-03-19T09:56:31.381+0000] {dagbag.py:540} INFO - Filling up the DagBag from /home/airflow/.local/lib/python3.8/site-packages/airflow/example_dags/example_branch_day_of_week_operator.py
[2024-03-19T09:56:31.392+0000] {processor.py:840} INFO - DAG(s) 'example_weekday_branch_operator' retrieved from /home/airflow/.local/lib/python3.8/site-packages/airflow/example_dags/example_branch_day_of_week_operator.py
[2024-03-19T09:56:31.422+0000] {logging_mixin.py:188} INFO - [2024-03-19T09:56:31.422+0000] {dag.py:3047} INFO - Sync 1 DAGs
[2024-03-19T09:56:31.455+0000] {logging_mixin.py:188} INFO - [2024-03-19T09:56:31.454+0000] {dag.py:3834} INFO - Setting next_dagrun for example_weekday_branch_operator to 2024-03-18 00:00:00+00:00, run_after=2024-03-19 00:00:00+00:00
[2024-03-19T09:56:31.489+0000] {processor.py:183} INFO - Processing /home/airflow/.local/lib/python3.8/site-packages/airflow/example_dags/example_branch_day_of_week_operator.py took 0.118 seconds
[2024-03-19T09:57:01.977+0000] {processor.py:161} INFO - Started process (PID=24107) to work on /home/airflow/.local/lib/python3.8/site-packages/airflow/example_dags/example_branch_day_of_week_operator.py
[2024-03-19T09:57:01.980+0000] {processor.py:830} INFO - Processing file /home/airflow/.local/lib/python3.8/site-packages/airflow/example_dags/example_branch_day_of_week_operator.py for tasks to queue
[2024-03-19T09:57:01.983+0000] {logging_mixin.py:188} INFO - [2024-03-19T09:57:01.982+0000] {dagbag.py:540} INFO - Filling up the DagBag from /home/airflow/.local/lib/python3.8/site-packages/airflow/example_dags/example_branch_day_of_week_operator.py
[2024-03-19T09:57:02.014+0000] {processor.py:840} INFO - DAG(s) 'example_weekday_branch_operator' retrieved from /home/airflow/.local/lib/python3.8/site-packages/airflow/example_dags/example_branch_day_of_week_operator.py
[2024-03-19T09:57:02.101+0000] {logging_mixin.py:188} INFO - [2024-03-19T09:57:02.100+0000] {dag.py:3047} INFO - Sync 1 DAGs
[2024-03-19T09:57:02.200+0000] {logging_mixin.py:188} INFO - [2024-03-19T09:57:02.200+0000] {dag.py:3834} INFO - Setting next_dagrun for example_weekday_branch_operator to 2024-03-18 00:00:00+00:00, run_after=2024-03-19 00:00:00+00:00
[2024-03-19T09:57:02.283+0000] {processor.py:183} INFO - Processing /home/airflow/.local/lib/python3.8/site-packages/airflow/example_dags/example_branch_day_of_week_operator.py took 0.320 seconds
