[2024-03-19T09:44:31.010+0000] {processor.py:161} INFO - Started process (PID=22807) to work on /home/airflow/.local/lib/python3.8/site-packages/airflow/example_dags/example_sla_dag.py
[2024-03-19T09:44:31.012+0000] {processor.py:830} INFO - Processing file /home/airflow/.local/lib/python3.8/site-packages/airflow/example_dags/example_sla_dag.py for tasks to queue
[2024-03-19T09:44:31.015+0000] {logging_mixin.py:188} INFO - [2024-03-19T09:44:31.014+0000] {dagbag.py:540} INFO - Filling up the DagBag from /home/airflow/.local/lib/python3.8/site-packages/airflow/example_dags/example_sla_dag.py
[2024-03-19T09:44:31.029+0000] {processor.py:840} INFO - DAG(s) 'example_sla_dag' retrieved from /home/airflow/.local/lib/python3.8/site-packages/airflow/example_dags/example_sla_dag.py
[2024-03-19T09:44:31.061+0000] {logging_mixin.py:188} INFO - [2024-03-19T09:44:31.061+0000] {dag.py:3047} INFO - Sync 1 DAGs
[2024-03-19T09:44:31.097+0000] {logging_mixin.py:188} INFO - [2024-03-19T09:44:31.097+0000] {dag.py:3834} INFO - Setting next_dagrun for example_sla_dag to 2024-03-19 09:42:00+00:00, run_after=2024-03-19 09:44:00+00:00
[2024-03-19T09:44:31.123+0000] {processor.py:183} INFO - Processing /home/airflow/.local/lib/python3.8/site-packages/airflow/example_dags/example_sla_dag.py took 0.120 seconds
[2024-03-19T09:45:01.218+0000] {processor.py:161} INFO - Started process (PID=22862) to work on /home/airflow/.local/lib/python3.8/site-packages/airflow/example_dags/example_sla_dag.py
[2024-03-19T09:45:01.220+0000] {processor.py:830} INFO - Processing file /home/airflow/.local/lib/python3.8/site-packages/airflow/example_dags/example_sla_dag.py for tasks to queue
[2024-03-19T09:45:01.222+0000] {logging_mixin.py:188} INFO - [2024-03-19T09:45:01.222+0000] {dagbag.py:540} INFO - Filling up the DagBag from /home/airflow/.local/lib/python3.8/site-packages/airflow/example_dags/example_sla_dag.py
[2024-03-19T09:45:01.235+0000] {processor.py:840} INFO - DAG(s) 'example_sla_dag' retrieved from /home/airflow/.local/lib/python3.8/site-packages/airflow/example_dags/example_sla_dag.py
[2024-03-19T09:45:01.262+0000] {logging_mixin.py:188} INFO - [2024-03-19T09:45:01.262+0000] {dag.py:3047} INFO - Sync 1 DAGs
[2024-03-19T09:45:01.290+0000] {logging_mixin.py:188} INFO - [2024-03-19T09:45:01.290+0000] {dag.py:3834} INFO - Setting next_dagrun for example_sla_dag to 2024-03-19 09:42:00+00:00, run_after=2024-03-19 09:44:00+00:00
[2024-03-19T09:45:01.318+0000] {processor.py:183} INFO - Processing /home/airflow/.local/lib/python3.8/site-packages/airflow/example_dags/example_sla_dag.py took 0.108 seconds
[2024-03-19T09:45:47.089+0000] {processor.py:161} INFO - Started process (PID=22917) to work on /home/airflow/.local/lib/python3.8/site-packages/airflow/example_dags/example_sla_dag.py
[2024-03-19T09:45:47.093+0000] {processor.py:830} INFO - Processing file /home/airflow/.local/lib/python3.8/site-packages/airflow/example_dags/example_sla_dag.py for tasks to queue
[2024-03-19T09:45:47.098+0000] {logging_mixin.py:188} INFO - [2024-03-19T09:45:47.097+0000] {dagbag.py:540} INFO - Filling up the DagBag from /home/airflow/.local/lib/python3.8/site-packages/airflow/example_dags/example_sla_dag.py
[2024-03-19T09:45:47.124+0000] {processor.py:840} INFO - DAG(s) 'example_sla_dag' retrieved from /home/airflow/.local/lib/python3.8/site-packages/airflow/example_dags/example_sla_dag.py
[2024-03-19T09:45:47.355+0000] {logging_mixin.py:188} INFO - [2024-03-19T09:45:47.353+0000] {dag.py:3047} INFO - Sync 1 DAGs
[2024-03-19T09:45:47.768+0000] {logging_mixin.py:188} INFO - [2024-03-19T09:45:47.767+0000] {dag.py:3834} INFO - Setting next_dagrun for example_sla_dag to 2024-03-19 09:42:00+00:00, run_after=2024-03-19 09:44:00+00:00
[2024-03-19T09:45:48.257+0000] {processor.py:183} INFO - Processing /home/airflow/.local/lib/python3.8/site-packages/airflow/example_dags/example_sla_dag.py took 1.181 seconds
[2024-03-19T09:46:19.222+0000] {processor.py:161} INFO - Started process (PID=22971) to work on /home/airflow/.local/lib/python3.8/site-packages/airflow/example_dags/example_sla_dag.py
[2024-03-19T09:46:19.226+0000] {processor.py:830} INFO - Processing file /home/airflow/.local/lib/python3.8/site-packages/airflow/example_dags/example_sla_dag.py for tasks to queue
[2024-03-19T09:46:19.229+0000] {logging_mixin.py:188} INFO - [2024-03-19T09:46:19.228+0000] {dagbag.py:540} INFO - Filling up the DagBag from /home/airflow/.local/lib/python3.8/site-packages/airflow/example_dags/example_sla_dag.py
[2024-03-19T09:46:19.260+0000] {processor.py:840} INFO - DAG(s) 'example_sla_dag' retrieved from /home/airflow/.local/lib/python3.8/site-packages/airflow/example_dags/example_sla_dag.py
[2024-03-19T09:46:19.319+0000] {logging_mixin.py:188} INFO - [2024-03-19T09:46:19.318+0000] {dag.py:3047} INFO - Sync 1 DAGs
[2024-03-19T09:46:19.406+0000] {logging_mixin.py:188} INFO - [2024-03-19T09:46:19.405+0000] {dag.py:3834} INFO - Setting next_dagrun for example_sla_dag to 2024-03-19 09:44:00+00:00, run_after=2024-03-19 09:46:00+00:00
[2024-03-19T09:46:19.480+0000] {processor.py:183} INFO - Processing /home/airflow/.local/lib/python3.8/site-packages/airflow/example_dags/example_sla_dag.py took 0.268 seconds
[2024-03-19T09:46:49.993+0000] {processor.py:161} INFO - Started process (PID=23026) to work on /home/airflow/.local/lib/python3.8/site-packages/airflow/example_dags/example_sla_dag.py
[2024-03-19T09:46:49.997+0000] {processor.py:830} INFO - Processing file /home/airflow/.local/lib/python3.8/site-packages/airflow/example_dags/example_sla_dag.py for tasks to queue
[2024-03-19T09:46:50.000+0000] {logging_mixin.py:188} INFO - [2024-03-19T09:46:49.999+0000] {dagbag.py:540} INFO - Filling up the DagBag from /home/airflow/.local/lib/python3.8/site-packages/airflow/example_dags/example_sla_dag.py
[2024-03-19T09:46:50.030+0000] {processor.py:840} INFO - DAG(s) 'example_sla_dag' retrieved from /home/airflow/.local/lib/python3.8/site-packages/airflow/example_dags/example_sla_dag.py
[2024-03-19T09:46:50.081+0000] {logging_mixin.py:188} INFO - [2024-03-19T09:46:50.081+0000] {dag.py:3047} INFO - Sync 1 DAGs
[2024-03-19T09:46:50.182+0000] {logging_mixin.py:188} INFO - [2024-03-19T09:46:50.181+0000] {dag.py:3834} INFO - Setting next_dagrun for example_sla_dag to 2024-03-19 09:44:00+00:00, run_after=2024-03-19 09:46:00+00:00
[2024-03-19T09:46:50.227+0000] {processor.py:183} INFO - Processing /home/airflow/.local/lib/python3.8/site-packages/airflow/example_dags/example_sla_dag.py took 0.241 seconds
[2024-03-19T09:47:21.567+0000] {processor.py:161} INFO - Started process (PID=23080) to work on /home/airflow/.local/lib/python3.8/site-packages/airflow/example_dags/example_sla_dag.py
[2024-03-19T09:47:21.570+0000] {processor.py:830} INFO - Processing file /home/airflow/.local/lib/python3.8/site-packages/airflow/example_dags/example_sla_dag.py for tasks to queue
[2024-03-19T09:47:21.572+0000] {logging_mixin.py:188} INFO - [2024-03-19T09:47:21.571+0000] {dagbag.py:540} INFO - Filling up the DagBag from /home/airflow/.local/lib/python3.8/site-packages/airflow/example_dags/example_sla_dag.py
[2024-03-19T09:47:21.589+0000] {processor.py:840} INFO - DAG(s) 'example_sla_dag' retrieved from /home/airflow/.local/lib/python3.8/site-packages/airflow/example_dags/example_sla_dag.py
[2024-03-19T09:47:21.631+0000] {logging_mixin.py:188} INFO - [2024-03-19T09:47:21.631+0000] {dag.py:3047} INFO - Sync 1 DAGs
[2024-03-19T09:47:21.678+0000] {logging_mixin.py:188} INFO - [2024-03-19T09:47:21.677+0000] {dag.py:3834} INFO - Setting next_dagrun for example_sla_dag to 2024-03-19 09:44:00+00:00, run_after=2024-03-19 09:46:00+00:00
[2024-03-19T09:47:21.720+0000] {processor.py:183} INFO - Processing /home/airflow/.local/lib/python3.8/site-packages/airflow/example_dags/example_sla_dag.py took 0.161 seconds
[2024-03-19T09:47:52.303+0000] {processor.py:161} INFO - Started process (PID=23134) to work on /home/airflow/.local/lib/python3.8/site-packages/airflow/example_dags/example_sla_dag.py
[2024-03-19T09:47:52.305+0000] {processor.py:830} INFO - Processing file /home/airflow/.local/lib/python3.8/site-packages/airflow/example_dags/example_sla_dag.py for tasks to queue
[2024-03-19T09:47:52.308+0000] {logging_mixin.py:188} INFO - [2024-03-19T09:47:52.307+0000] {dagbag.py:540} INFO - Filling up the DagBag from /home/airflow/.local/lib/python3.8/site-packages/airflow/example_dags/example_sla_dag.py
[2024-03-19T09:47:52.322+0000] {processor.py:840} INFO - DAG(s) 'example_sla_dag' retrieved from /home/airflow/.local/lib/python3.8/site-packages/airflow/example_dags/example_sla_dag.py
[2024-03-19T09:47:52.359+0000] {logging_mixin.py:188} INFO - [2024-03-19T09:47:52.359+0000] {dag.py:3047} INFO - Sync 1 DAGs
[2024-03-19T09:47:52.411+0000] {logging_mixin.py:188} INFO - [2024-03-19T09:47:52.411+0000] {dag.py:3834} INFO - Setting next_dagrun for example_sla_dag to 2024-03-19 09:44:00+00:00, run_after=2024-03-19 09:46:00+00:00
[2024-03-19T09:47:52.448+0000] {processor.py:183} INFO - Processing /home/airflow/.local/lib/python3.8/site-packages/airflow/example_dags/example_sla_dag.py took 0.151 seconds
[2024-03-19T09:48:23.485+0000] {processor.py:161} INFO - Started process (PID=23189) to work on /home/airflow/.local/lib/python3.8/site-packages/airflow/example_dags/example_sla_dag.py
[2024-03-19T09:48:23.488+0000] {processor.py:830} INFO - Processing file /home/airflow/.local/lib/python3.8/site-packages/airflow/example_dags/example_sla_dag.py for tasks to queue
[2024-03-19T09:48:23.494+0000] {logging_mixin.py:188} INFO - [2024-03-19T09:48:23.492+0000] {dagbag.py:540} INFO - Filling up the DagBag from /home/airflow/.local/lib/python3.8/site-packages/airflow/example_dags/example_sla_dag.py
[2024-03-19T09:48:23.531+0000] {processor.py:840} INFO - DAG(s) 'example_sla_dag' retrieved from /home/airflow/.local/lib/python3.8/site-packages/airflow/example_dags/example_sla_dag.py
[2024-03-19T09:48:23.584+0000] {logging_mixin.py:188} INFO - [2024-03-19T09:48:23.583+0000] {dag.py:3047} INFO - Sync 1 DAGs
[2024-03-19T09:48:23.640+0000] {logging_mixin.py:188} INFO - [2024-03-19T09:48:23.640+0000] {dag.py:3834} INFO - Setting next_dagrun for example_sla_dag to 2024-03-19 09:46:00+00:00, run_after=2024-03-19 09:48:00+00:00
[2024-03-19T09:48:23.692+0000] {processor.py:183} INFO - Processing /home/airflow/.local/lib/python3.8/site-packages/airflow/example_dags/example_sla_dag.py took 0.224 seconds
[2024-03-19T09:48:56.036+0000] {processor.py:161} INFO - Started process (PID=23244) to work on /home/airflow/.local/lib/python3.8/site-packages/airflow/example_dags/example_sla_dag.py
[2024-03-19T09:48:56.049+0000] {processor.py:830} INFO - Processing file /home/airflow/.local/lib/python3.8/site-packages/airflow/example_dags/example_sla_dag.py for tasks to queue
[2024-03-19T09:48:56.051+0000] {logging_mixin.py:188} INFO - [2024-03-19T09:48:56.050+0000] {dagbag.py:540} INFO - Filling up the DagBag from /home/airflow/.local/lib/python3.8/site-packages/airflow/example_dags/example_sla_dag.py
[2024-03-19T09:48:56.070+0000] {processor.py:840} INFO - DAG(s) 'example_sla_dag' retrieved from /home/airflow/.local/lib/python3.8/site-packages/airflow/example_dags/example_sla_dag.py
[2024-03-19T09:48:56.112+0000] {logging_mixin.py:188} INFO - [2024-03-19T09:48:56.112+0000] {dag.py:3047} INFO - Sync 1 DAGs
[2024-03-19T09:48:56.182+0000] {logging_mixin.py:188} INFO - [2024-03-19T09:48:56.181+0000] {dag.py:3834} INFO - Setting next_dagrun for example_sla_dag to 2024-03-19 09:46:00+00:00, run_after=2024-03-19 09:48:00+00:00
[2024-03-19T09:48:56.273+0000] {processor.py:183} INFO - Processing /home/airflow/.local/lib/python3.8/site-packages/airflow/example_dags/example_sla_dag.py took 0.246 seconds
[2024-03-19T09:49:26.382+0000] {processor.py:161} INFO - Started process (PID=23299) to work on /home/airflow/.local/lib/python3.8/site-packages/airflow/example_dags/example_sla_dag.py
[2024-03-19T09:49:26.384+0000] {processor.py:830} INFO - Processing file /home/airflow/.local/lib/python3.8/site-packages/airflow/example_dags/example_sla_dag.py for tasks to queue
[2024-03-19T09:49:26.386+0000] {logging_mixin.py:188} INFO - [2024-03-19T09:49:26.385+0000] {dagbag.py:540} INFO - Filling up the DagBag from /home/airflow/.local/lib/python3.8/site-packages/airflow/example_dags/example_sla_dag.py
[2024-03-19T09:49:26.395+0000] {processor.py:840} INFO - DAG(s) 'example_sla_dag' retrieved from /home/airflow/.local/lib/python3.8/site-packages/airflow/example_dags/example_sla_dag.py
[2024-03-19T09:49:26.422+0000] {logging_mixin.py:188} INFO - [2024-03-19T09:49:26.422+0000] {dag.py:3047} INFO - Sync 1 DAGs
[2024-03-19T09:49:26.456+0000] {logging_mixin.py:188} INFO - [2024-03-19T09:49:26.456+0000] {dag.py:3834} INFO - Setting next_dagrun for example_sla_dag to 2024-03-19 09:46:00+00:00, run_after=2024-03-19 09:48:00+00:00
[2024-03-19T09:49:26.484+0000] {processor.py:183} INFO - Processing /home/airflow/.local/lib/python3.8/site-packages/airflow/example_dags/example_sla_dag.py took 0.107 seconds
[2024-03-19T09:49:58.071+0000] {processor.py:161} INFO - Started process (PID=23353) to work on /home/airflow/.local/lib/python3.8/site-packages/airflow/example_dags/example_sla_dag.py
[2024-03-19T09:49:58.074+0000] {processor.py:830} INFO - Processing file /home/airflow/.local/lib/python3.8/site-packages/airflow/example_dags/example_sla_dag.py for tasks to queue
[2024-03-19T09:49:58.077+0000] {logging_mixin.py:188} INFO - [2024-03-19T09:49:58.076+0000] {dagbag.py:540} INFO - Filling up the DagBag from /home/airflow/.local/lib/python3.8/site-packages/airflow/example_dags/example_sla_dag.py
[2024-03-19T09:49:58.108+0000] {processor.py:840} INFO - DAG(s) 'example_sla_dag' retrieved from /home/airflow/.local/lib/python3.8/site-packages/airflow/example_dags/example_sla_dag.py
[2024-03-19T09:49:58.155+0000] {logging_mixin.py:188} INFO - [2024-03-19T09:49:58.154+0000] {dag.py:3047} INFO - Sync 1 DAGs
[2024-03-19T09:49:58.201+0000] {logging_mixin.py:188} INFO - [2024-03-19T09:49:58.201+0000] {dag.py:3834} INFO - Setting next_dagrun for example_sla_dag to 2024-03-19 09:46:00+00:00, run_after=2024-03-19 09:48:00+00:00
[2024-03-19T09:49:58.250+0000] {processor.py:183} INFO - Processing /home/airflow/.local/lib/python3.8/site-packages/airflow/example_dags/example_sla_dag.py took 0.190 seconds
[2024-03-19T09:50:30.011+0000] {processor.py:161} INFO - Started process (PID=23408) to work on /home/airflow/.local/lib/python3.8/site-packages/airflow/example_dags/example_sla_dag.py
[2024-03-19T09:50:30.015+0000] {processor.py:830} INFO - Processing file /home/airflow/.local/lib/python3.8/site-packages/airflow/example_dags/example_sla_dag.py for tasks to queue
[2024-03-19T09:50:30.024+0000] {logging_mixin.py:188} INFO - [2024-03-19T09:50:30.017+0000] {dagbag.py:540} INFO - Filling up the DagBag from /home/airflow/.local/lib/python3.8/site-packages/airflow/example_dags/example_sla_dag.py
[2024-03-19T09:50:30.049+0000] {processor.py:840} INFO - DAG(s) 'example_sla_dag' retrieved from /home/airflow/.local/lib/python3.8/site-packages/airflow/example_dags/example_sla_dag.py
[2024-03-19T09:50:30.093+0000] {logging_mixin.py:188} INFO - [2024-03-19T09:50:30.092+0000] {dag.py:3047} INFO - Sync 1 DAGs
[2024-03-19T09:50:30.134+0000] {logging_mixin.py:188} INFO - [2024-03-19T09:50:30.134+0000] {dag.py:3834} INFO - Setting next_dagrun for example_sla_dag to 2024-03-19 09:48:00+00:00, run_after=2024-03-19 09:50:00+00:00
[2024-03-19T09:50:30.173+0000] {processor.py:183} INFO - Processing /home/airflow/.local/lib/python3.8/site-packages/airflow/example_dags/example_sla_dag.py took 0.170 seconds
[2024-03-19T09:51:06.833+0000] {processor.py:161} INFO - Started process (PID=23467) to work on /home/airflow/.local/lib/python3.8/site-packages/airflow/example_dags/example_sla_dag.py
[2024-03-19T09:51:06.837+0000] {processor.py:830} INFO - Processing file /home/airflow/.local/lib/python3.8/site-packages/airflow/example_dags/example_sla_dag.py for tasks to queue
[2024-03-19T09:51:06.840+0000] {logging_mixin.py:188} INFO - [2024-03-19T09:51:06.839+0000] {dagbag.py:540} INFO - Filling up the DagBag from /home/airflow/.local/lib/python3.8/site-packages/airflow/example_dags/example_sla_dag.py
[2024-03-19T09:51:06.856+0000] {processor.py:840} INFO - DAG(s) 'example_sla_dag' retrieved from /home/airflow/.local/lib/python3.8/site-packages/airflow/example_dags/example_sla_dag.py
[2024-03-19T09:51:06.912+0000] {logging_mixin.py:188} INFO - [2024-03-19T09:51:06.912+0000] {dag.py:3047} INFO - Sync 1 DAGs
[2024-03-19T09:51:06.969+0000] {logging_mixin.py:188} INFO - [2024-03-19T09:51:06.967+0000] {dag.py:3834} INFO - Setting next_dagrun for example_sla_dag to 2024-03-19 09:48:00+00:00, run_after=2024-03-19 09:50:00+00:00
[2024-03-19T09:51:07.022+0000] {processor.py:183} INFO - Processing /home/airflow/.local/lib/python3.8/site-packages/airflow/example_dags/example_sla_dag.py took 0.197 seconds
[2024-03-19T09:51:37.773+0000] {processor.py:161} INFO - Started process (PID=23522) to work on /home/airflow/.local/lib/python3.8/site-packages/airflow/example_dags/example_sla_dag.py
[2024-03-19T09:51:37.776+0000] {processor.py:830} INFO - Processing file /home/airflow/.local/lib/python3.8/site-packages/airflow/example_dags/example_sla_dag.py for tasks to queue
[2024-03-19T09:51:37.780+0000] {logging_mixin.py:188} INFO - [2024-03-19T09:51:37.778+0000] {dagbag.py:540} INFO - Filling up the DagBag from /home/airflow/.local/lib/python3.8/site-packages/airflow/example_dags/example_sla_dag.py
[2024-03-19T09:51:37.797+0000] {processor.py:840} INFO - DAG(s) 'example_sla_dag' retrieved from /home/airflow/.local/lib/python3.8/site-packages/airflow/example_dags/example_sla_dag.py
[2024-03-19T09:51:37.833+0000] {logging_mixin.py:188} INFO - [2024-03-19T09:51:37.833+0000] {dag.py:3047} INFO - Sync 1 DAGs
[2024-03-19T09:51:37.885+0000] {logging_mixin.py:188} INFO - [2024-03-19T09:51:37.885+0000] {dag.py:3834} INFO - Setting next_dagrun for example_sla_dag to 2024-03-19 09:48:00+00:00, run_after=2024-03-19 09:50:00+00:00
[2024-03-19T09:51:37.915+0000] {processor.py:183} INFO - Processing /home/airflow/.local/lib/python3.8/site-packages/airflow/example_dags/example_sla_dag.py took 0.149 seconds
[2024-03-19T09:52:08.088+0000] {processor.py:161} INFO - Started process (PID=23577) to work on /home/airflow/.local/lib/python3.8/site-packages/airflow/example_dags/example_sla_dag.py
[2024-03-19T09:52:08.091+0000] {processor.py:830} INFO - Processing file /home/airflow/.local/lib/python3.8/site-packages/airflow/example_dags/example_sla_dag.py for tasks to queue
[2024-03-19T09:52:08.093+0000] {logging_mixin.py:188} INFO - [2024-03-19T09:52:08.093+0000] {dagbag.py:540} INFO - Filling up the DagBag from /home/airflow/.local/lib/python3.8/site-packages/airflow/example_dags/example_sla_dag.py
[2024-03-19T09:52:08.109+0000] {processor.py:840} INFO - DAG(s) 'example_sla_dag' retrieved from /home/airflow/.local/lib/python3.8/site-packages/airflow/example_dags/example_sla_dag.py
[2024-03-19T09:52:08.158+0000] {logging_mixin.py:188} INFO - [2024-03-19T09:52:08.157+0000] {dag.py:3047} INFO - Sync 1 DAGs
[2024-03-19T09:52:08.213+0000] {logging_mixin.py:188} INFO - [2024-03-19T09:52:08.213+0000] {dag.py:3834} INFO - Setting next_dagrun for example_sla_dag to 2024-03-19 09:50:00+00:00, run_after=2024-03-19 09:52:00+00:00
[2024-03-19T09:52:08.281+0000] {processor.py:183} INFO - Processing /home/airflow/.local/lib/python3.8/site-packages/airflow/example_dags/example_sla_dag.py took 0.200 seconds
[2024-03-19T09:52:41.166+0000] {processor.py:161} INFO - Started process (PID=23630) to work on /home/airflow/.local/lib/python3.8/site-packages/airflow/example_dags/example_sla_dag.py
[2024-03-19T09:52:41.196+0000] {processor.py:830} INFO - Processing file /home/airflow/.local/lib/python3.8/site-packages/airflow/example_dags/example_sla_dag.py for tasks to queue
[2024-03-19T09:52:41.199+0000] {logging_mixin.py:188} INFO - [2024-03-19T09:52:41.198+0000] {dagbag.py:540} INFO - Filling up the DagBag from /home/airflow/.local/lib/python3.8/site-packages/airflow/example_dags/example_sla_dag.py
[2024-03-19T09:52:41.283+0000] {processor.py:840} INFO - DAG(s) 'example_sla_dag' retrieved from /home/airflow/.local/lib/python3.8/site-packages/airflow/example_dags/example_sla_dag.py
[2024-03-19T09:52:41.482+0000] {logging_mixin.py:188} INFO - [2024-03-19T09:52:41.481+0000] {dag.py:3047} INFO - Sync 1 DAGs
[2024-03-19T09:52:41.585+0000] {logging_mixin.py:188} INFO - [2024-03-19T09:52:41.585+0000] {dag.py:3834} INFO - Setting next_dagrun for example_sla_dag to 2024-03-19 09:50:00+00:00, run_after=2024-03-19 09:52:00+00:00
[2024-03-19T09:52:41.650+0000] {processor.py:183} INFO - Processing /home/airflow/.local/lib/python3.8/site-packages/airflow/example_dags/example_sla_dag.py took 0.508 seconds
[2024-03-19T09:53:12.499+0000] {processor.py:161} INFO - Started process (PID=23685) to work on /home/airflow/.local/lib/python3.8/site-packages/airflow/example_dags/example_sla_dag.py
[2024-03-19T09:53:12.504+0000] {processor.py:830} INFO - Processing file /home/airflow/.local/lib/python3.8/site-packages/airflow/example_dags/example_sla_dag.py for tasks to queue
[2024-03-19T09:53:12.509+0000] {logging_mixin.py:188} INFO - [2024-03-19T09:53:12.508+0000] {dagbag.py:540} INFO - Filling up the DagBag from /home/airflow/.local/lib/python3.8/site-packages/airflow/example_dags/example_sla_dag.py
[2024-03-19T09:53:12.542+0000] {processor.py:840} INFO - DAG(s) 'example_sla_dag' retrieved from /home/airflow/.local/lib/python3.8/site-packages/airflow/example_dags/example_sla_dag.py
[2024-03-19T09:53:12.578+0000] {logging_mixin.py:188} INFO - [2024-03-19T09:53:12.578+0000] {dag.py:3047} INFO - Sync 1 DAGs
[2024-03-19T09:53:12.621+0000] {logging_mixin.py:188} INFO - [2024-03-19T09:53:12.620+0000] {dag.py:3834} INFO - Setting next_dagrun for example_sla_dag to 2024-03-19 09:50:00+00:00, run_after=2024-03-19 09:52:00+00:00
[2024-03-19T09:53:12.654+0000] {processor.py:183} INFO - Processing /home/airflow/.local/lib/python3.8/site-packages/airflow/example_dags/example_sla_dag.py took 0.165 seconds
[2024-03-19T09:53:42.808+0000] {processor.py:161} INFO - Started process (PID=23740) to work on /home/airflow/.local/lib/python3.8/site-packages/airflow/example_dags/example_sla_dag.py
[2024-03-19T09:53:42.810+0000] {processor.py:830} INFO - Processing file /home/airflow/.local/lib/python3.8/site-packages/airflow/example_dags/example_sla_dag.py for tasks to queue
[2024-03-19T09:53:42.812+0000] {logging_mixin.py:188} INFO - [2024-03-19T09:53:42.811+0000] {dagbag.py:540} INFO - Filling up the DagBag from /home/airflow/.local/lib/python3.8/site-packages/airflow/example_dags/example_sla_dag.py
[2024-03-19T09:53:42.821+0000] {processor.py:840} INFO - DAG(s) 'example_sla_dag' retrieved from /home/airflow/.local/lib/python3.8/site-packages/airflow/example_dags/example_sla_dag.py
[2024-03-19T09:53:42.848+0000] {logging_mixin.py:188} INFO - [2024-03-19T09:53:42.848+0000] {dag.py:3047} INFO - Sync 1 DAGs
[2024-03-19T09:53:42.878+0000] {logging_mixin.py:188} INFO - [2024-03-19T09:53:42.878+0000] {dag.py:3834} INFO - Setting next_dagrun for example_sla_dag to 2024-03-19 09:50:00+00:00, run_after=2024-03-19 09:52:00+00:00
[2024-03-19T09:53:42.904+0000] {processor.py:183} INFO - Processing /home/airflow/.local/lib/python3.8/site-packages/airflow/example_dags/example_sla_dag.py took 0.099 seconds
[2024-03-19T09:54:13.034+0000] {processor.py:161} INFO - Started process (PID=23796) to work on /home/airflow/.local/lib/python3.8/site-packages/airflow/example_dags/example_sla_dag.py
[2024-03-19T09:54:13.035+0000] {processor.py:830} INFO - Processing file /home/airflow/.local/lib/python3.8/site-packages/airflow/example_dags/example_sla_dag.py for tasks to queue
[2024-03-19T09:54:13.036+0000] {logging_mixin.py:188} INFO - [2024-03-19T09:54:13.036+0000] {dagbag.py:540} INFO - Filling up the DagBag from /home/airflow/.local/lib/python3.8/site-packages/airflow/example_dags/example_sla_dag.py
[2024-03-19T09:54:13.048+0000] {processor.py:840} INFO - DAG(s) 'example_sla_dag' retrieved from /home/airflow/.local/lib/python3.8/site-packages/airflow/example_dags/example_sla_dag.py
[2024-03-19T09:54:13.073+0000] {logging_mixin.py:188} INFO - [2024-03-19T09:54:13.072+0000] {dag.py:3047} INFO - Sync 1 DAGs
[2024-03-19T09:54:13.101+0000] {logging_mixin.py:188} INFO - [2024-03-19T09:54:13.101+0000] {dag.py:3834} INFO - Setting next_dagrun for example_sla_dag to 2024-03-19 09:52:00+00:00, run_after=2024-03-19 09:54:00+00:00
[2024-03-19T09:54:13.126+0000] {processor.py:183} INFO - Processing /home/airflow/.local/lib/python3.8/site-packages/airflow/example_dags/example_sla_dag.py took 0.098 seconds
[2024-03-19T09:54:43.297+0000] {processor.py:161} INFO - Started process (PID=23851) to work on /home/airflow/.local/lib/python3.8/site-packages/airflow/example_dags/example_sla_dag.py
[2024-03-19T09:54:43.300+0000] {processor.py:830} INFO - Processing file /home/airflow/.local/lib/python3.8/site-packages/airflow/example_dags/example_sla_dag.py for tasks to queue
[2024-03-19T09:54:43.302+0000] {logging_mixin.py:188} INFO - [2024-03-19T09:54:43.301+0000] {dagbag.py:540} INFO - Filling up the DagBag from /home/airflow/.local/lib/python3.8/site-packages/airflow/example_dags/example_sla_dag.py
[2024-03-19T09:54:43.315+0000] {processor.py:840} INFO - DAG(s) 'example_sla_dag' retrieved from /home/airflow/.local/lib/python3.8/site-packages/airflow/example_dags/example_sla_dag.py
[2024-03-19T09:54:43.340+0000] {logging_mixin.py:188} INFO - [2024-03-19T09:54:43.340+0000] {dag.py:3047} INFO - Sync 1 DAGs
[2024-03-19T09:54:43.368+0000] {logging_mixin.py:188} INFO - [2024-03-19T09:54:43.368+0000] {dag.py:3834} INFO - Setting next_dagrun for example_sla_dag to 2024-03-19 09:52:00+00:00, run_after=2024-03-19 09:54:00+00:00
[2024-03-19T09:54:43.413+0000] {processor.py:183} INFO - Processing /home/airflow/.local/lib/python3.8/site-packages/airflow/example_dags/example_sla_dag.py took 0.119 seconds
[2024-03-19T09:55:14.042+0000] {processor.py:161} INFO - Started process (PID=23907) to work on /home/airflow/.local/lib/python3.8/site-packages/airflow/example_dags/example_sla_dag.py
[2024-03-19T09:55:14.046+0000] {processor.py:830} INFO - Processing file /home/airflow/.local/lib/python3.8/site-packages/airflow/example_dags/example_sla_dag.py for tasks to queue
[2024-03-19T09:55:14.048+0000] {logging_mixin.py:188} INFO - [2024-03-19T09:55:14.048+0000] {dagbag.py:540} INFO - Filling up the DagBag from /home/airflow/.local/lib/python3.8/site-packages/airflow/example_dags/example_sla_dag.py
[2024-03-19T09:55:14.058+0000] {processor.py:840} INFO - DAG(s) 'example_sla_dag' retrieved from /home/airflow/.local/lib/python3.8/site-packages/airflow/example_dags/example_sla_dag.py
[2024-03-19T09:55:14.091+0000] {logging_mixin.py:188} INFO - [2024-03-19T09:55:14.091+0000] {dag.py:3047} INFO - Sync 1 DAGs
[2024-03-19T09:55:14.134+0000] {logging_mixin.py:188} INFO - [2024-03-19T09:55:14.133+0000] {dag.py:3834} INFO - Setting next_dagrun for example_sla_dag to 2024-03-19 09:52:00+00:00, run_after=2024-03-19 09:54:00+00:00
[2024-03-19T09:55:14.169+0000] {processor.py:183} INFO - Processing /home/airflow/.local/lib/python3.8/site-packages/airflow/example_dags/example_sla_dag.py took 0.133 seconds
[2024-03-19T09:55:45.388+0000] {processor.py:161} INFO - Started process (PID=23962) to work on /home/airflow/.local/lib/python3.8/site-packages/airflow/example_dags/example_sla_dag.py
[2024-03-19T09:55:45.392+0000] {processor.py:830} INFO - Processing file /home/airflow/.local/lib/python3.8/site-packages/airflow/example_dags/example_sla_dag.py for tasks to queue
[2024-03-19T09:55:45.395+0000] {logging_mixin.py:188} INFO - [2024-03-19T09:55:45.394+0000] {dagbag.py:540} INFO - Filling up the DagBag from /home/airflow/.local/lib/python3.8/site-packages/airflow/example_dags/example_sla_dag.py
[2024-03-19T09:55:45.424+0000] {processor.py:840} INFO - DAG(s) 'example_sla_dag' retrieved from /home/airflow/.local/lib/python3.8/site-packages/airflow/example_dags/example_sla_dag.py
[2024-03-19T09:55:45.523+0000] {logging_mixin.py:188} INFO - [2024-03-19T09:55:45.522+0000] {dag.py:3047} INFO - Sync 1 DAGs
[2024-03-19T09:55:45.633+0000] {logging_mixin.py:188} INFO - [2024-03-19T09:55:45.632+0000] {dag.py:3834} INFO - Setting next_dagrun for example_sla_dag to 2024-03-19 09:52:00+00:00, run_after=2024-03-19 09:54:00+00:00
[2024-03-19T09:55:45.677+0000] {processor.py:183} INFO - Processing /home/airflow/.local/lib/python3.8/site-packages/airflow/example_dags/example_sla_dag.py took 0.302 seconds
[2024-03-19T09:56:15.790+0000] {processor.py:161} INFO - Started process (PID=24017) to work on /home/airflow/.local/lib/python3.8/site-packages/airflow/example_dags/example_sla_dag.py
[2024-03-19T09:56:15.792+0000] {processor.py:830} INFO - Processing file /home/airflow/.local/lib/python3.8/site-packages/airflow/example_dags/example_sla_dag.py for tasks to queue
[2024-03-19T09:56:15.794+0000] {logging_mixin.py:188} INFO - [2024-03-19T09:56:15.793+0000] {dagbag.py:540} INFO - Filling up the DagBag from /home/airflow/.local/lib/python3.8/site-packages/airflow/example_dags/example_sla_dag.py
[2024-03-19T09:56:15.805+0000] {processor.py:840} INFO - DAG(s) 'example_sla_dag' retrieved from /home/airflow/.local/lib/python3.8/site-packages/airflow/example_dags/example_sla_dag.py
[2024-03-19T09:56:15.840+0000] {logging_mixin.py:188} INFO - [2024-03-19T09:56:15.839+0000] {dag.py:3047} INFO - Sync 1 DAGs
[2024-03-19T09:56:15.879+0000] {logging_mixin.py:188} INFO - [2024-03-19T09:56:15.879+0000] {dag.py:3834} INFO - Setting next_dagrun for example_sla_dag to 2024-03-19 09:54:00+00:00, run_after=2024-03-19 09:56:00+00:00
[2024-03-19T09:56:15.909+0000] {processor.py:183} INFO - Processing /home/airflow/.local/lib/python3.8/site-packages/airflow/example_dags/example_sla_dag.py took 0.126 seconds
[2024-03-19T09:56:46.159+0000] {processor.py:161} INFO - Started process (PID=24072) to work on /home/airflow/.local/lib/python3.8/site-packages/airflow/example_dags/example_sla_dag.py
[2024-03-19T09:56:46.160+0000] {processor.py:830} INFO - Processing file /home/airflow/.local/lib/python3.8/site-packages/airflow/example_dags/example_sla_dag.py for tasks to queue
[2024-03-19T09:56:46.162+0000] {logging_mixin.py:188} INFO - [2024-03-19T09:56:46.162+0000] {dagbag.py:540} INFO - Filling up the DagBag from /home/airflow/.local/lib/python3.8/site-packages/airflow/example_dags/example_sla_dag.py
[2024-03-19T09:56:46.171+0000] {processor.py:840} INFO - DAG(s) 'example_sla_dag' retrieved from /home/airflow/.local/lib/python3.8/site-packages/airflow/example_dags/example_sla_dag.py
[2024-03-19T09:56:46.206+0000] {logging_mixin.py:188} INFO - [2024-03-19T09:56:46.206+0000] {dag.py:3047} INFO - Sync 1 DAGs
[2024-03-19T09:56:46.255+0000] {logging_mixin.py:188} INFO - [2024-03-19T09:56:46.254+0000] {dag.py:3834} INFO - Setting next_dagrun for example_sla_dag to 2024-03-19 09:54:00+00:00, run_after=2024-03-19 09:56:00+00:00
[2024-03-19T09:56:46.285+0000] {processor.py:183} INFO - Processing /home/airflow/.local/lib/python3.8/site-packages/airflow/example_dags/example_sla_dag.py took 0.131 seconds
[2024-03-19T09:57:17.660+0000] {processor.py:161} INFO - Started process (PID=24126) to work on /home/airflow/.local/lib/python3.8/site-packages/airflow/example_dags/example_sla_dag.py
[2024-03-19T09:57:17.663+0000] {processor.py:830} INFO - Processing file /home/airflow/.local/lib/python3.8/site-packages/airflow/example_dags/example_sla_dag.py for tasks to queue
[2024-03-19T09:57:17.666+0000] {logging_mixin.py:188} INFO - [2024-03-19T09:57:17.665+0000] {dagbag.py:540} INFO - Filling up the DagBag from /home/airflow/.local/lib/python3.8/site-packages/airflow/example_dags/example_sla_dag.py
[2024-03-19T09:57:17.694+0000] {processor.py:840} INFO - DAG(s) 'example_sla_dag' retrieved from /home/airflow/.local/lib/python3.8/site-packages/airflow/example_dags/example_sla_dag.py
[2024-03-19T09:57:20.439+0000] {logging_mixin.py:188} INFO - [2024-03-19T09:57:20.438+0000] {process_utils.py:262} INFO - Waiting up to 5 seconds for processes to exit...
