[2024-03-19T09:44:29.445+0000] {processor.py:161} INFO - Started process (PID=22796) to work on /home/airflow/.local/lib/python3.8/site-packages/airflow/example_dags/example_branch_operator_decorator.py
[2024-03-19T09:44:29.449+0000] {processor.py:830} INFO - Processing file /home/airflow/.local/lib/python3.8/site-packages/airflow/example_dags/example_branch_operator_decorator.py for tasks to queue
[2024-03-19T09:44:29.452+0000] {logging_mixin.py:188} INFO - [2024-03-19T09:44:29.451+0000] {dagbag.py:540} INFO - Filling up the DagBag from /home/airflow/.local/lib/python3.8/site-packages/airflow/example_dags/example_branch_operator_decorator.py
[2024-03-19T09:44:29.528+0000] {processor.py:840} INFO - DAG(s) 'example_branch_python_operator_decorator' retrieved from /home/airflow/.local/lib/python3.8/site-packages/airflow/example_dags/example_branch_operator_decorator.py
[2024-03-19T09:44:29.605+0000] {logging_mixin.py:188} INFO - [2024-03-19T09:44:29.604+0000] {dag.py:3047} INFO - Sync 1 DAGs
[2024-03-19T09:44:29.680+0000] {logging_mixin.py:188} INFO - [2024-03-19T09:44:29.680+0000] {dag.py:3834} INFO - Setting next_dagrun for example_branch_python_operator_decorator to 2024-03-18 00:00:00+00:00, run_after=2024-03-19 00:00:00+00:00
[2024-03-19T09:44:29.739+0000] {processor.py:183} INFO - Processing /home/airflow/.local/lib/python3.8/site-packages/airflow/example_dags/example_branch_operator_decorator.py took 0.303 seconds
[2024-03-19T09:45:00.222+0000] {processor.py:161} INFO - Started process (PID=22851) to work on /home/airflow/.local/lib/python3.8/site-packages/airflow/example_dags/example_branch_operator_decorator.py
[2024-03-19T09:45:00.224+0000] {processor.py:830} INFO - Processing file /home/airflow/.local/lib/python3.8/site-packages/airflow/example_dags/example_branch_operator_decorator.py for tasks to queue
[2024-03-19T09:45:00.226+0000] {logging_mixin.py:188} INFO - [2024-03-19T09:45:00.226+0000] {dagbag.py:540} INFO - Filling up the DagBag from /home/airflow/.local/lib/python3.8/site-packages/airflow/example_dags/example_branch_operator_decorator.py
[2024-03-19T09:45:00.268+0000] {processor.py:840} INFO - DAG(s) 'example_branch_python_operator_decorator' retrieved from /home/airflow/.local/lib/python3.8/site-packages/airflow/example_dags/example_branch_operator_decorator.py
[2024-03-19T09:45:00.311+0000] {logging_mixin.py:188} INFO - [2024-03-19T09:45:00.310+0000] {dag.py:3047} INFO - Sync 1 DAGs
[2024-03-19T09:45:00.346+0000] {logging_mixin.py:188} INFO - [2024-03-19T09:45:00.346+0000] {dag.py:3834} INFO - Setting next_dagrun for example_branch_python_operator_decorator to 2024-03-18 00:00:00+00:00, run_after=2024-03-19 00:00:00+00:00
[2024-03-19T09:45:00.375+0000] {processor.py:183} INFO - Processing /home/airflow/.local/lib/python3.8/site-packages/airflow/example_dags/example_branch_operator_decorator.py took 0.159 seconds
[2024-03-19T09:45:40.750+0000] {processor.py:161} INFO - Started process (PID=22906) to work on /home/airflow/.local/lib/python3.8/site-packages/airflow/example_dags/example_branch_operator_decorator.py
[2024-03-19T09:45:40.754+0000] {processor.py:830} INFO - Processing file /home/airflow/.local/lib/python3.8/site-packages/airflow/example_dags/example_branch_operator_decorator.py for tasks to queue
[2024-03-19T09:45:40.759+0000] {logging_mixin.py:188} INFO - [2024-03-19T09:45:40.758+0000] {dagbag.py:540} INFO - Filling up the DagBag from /home/airflow/.local/lib/python3.8/site-packages/airflow/example_dags/example_branch_operator_decorator.py
[2024-03-19T09:45:41.106+0000] {processor.py:840} INFO - DAG(s) 'example_branch_python_operator_decorator' retrieved from /home/airflow/.local/lib/python3.8/site-packages/airflow/example_dags/example_branch_operator_decorator.py
[2024-03-19T09:45:41.299+0000] {logging_mixin.py:188} INFO - [2024-03-19T09:45:41.290+0000] {dag.py:3047} INFO - Sync 1 DAGs
[2024-03-19T09:45:41.485+0000] {logging_mixin.py:188} INFO - [2024-03-19T09:45:41.484+0000] {dag.py:3834} INFO - Setting next_dagrun for example_branch_python_operator_decorator to 2024-03-18 00:00:00+00:00, run_after=2024-03-19 00:00:00+00:00
[2024-03-19T09:45:41.754+0000] {processor.py:183} INFO - Processing /home/airflow/.local/lib/python3.8/site-packages/airflow/example_dags/example_branch_operator_decorator.py took 1.024 seconds
[2024-03-19T09:46:17.155+0000] {processor.py:161} INFO - Started process (PID=22961) to work on /home/airflow/.local/lib/python3.8/site-packages/airflow/example_dags/example_branch_operator_decorator.py
[2024-03-19T09:46:17.161+0000] {processor.py:830} INFO - Processing file /home/airflow/.local/lib/python3.8/site-packages/airflow/example_dags/example_branch_operator_decorator.py for tasks to queue
[2024-03-19T09:46:17.164+0000] {logging_mixin.py:188} INFO - [2024-03-19T09:46:17.163+0000] {dagbag.py:540} INFO - Filling up the DagBag from /home/airflow/.local/lib/python3.8/site-packages/airflow/example_dags/example_branch_operator_decorator.py
[2024-03-19T09:46:17.265+0000] {processor.py:840} INFO - DAG(s) 'example_branch_python_operator_decorator' retrieved from /home/airflow/.local/lib/python3.8/site-packages/airflow/example_dags/example_branch_operator_decorator.py
[2024-03-19T09:46:17.339+0000] {logging_mixin.py:188} INFO - [2024-03-19T09:46:17.339+0000] {dag.py:3047} INFO - Sync 1 DAGs
[2024-03-19T09:46:17.403+0000] {logging_mixin.py:188} INFO - [2024-03-19T09:46:17.403+0000] {dag.py:3834} INFO - Setting next_dagrun for example_branch_python_operator_decorator to 2024-03-18 00:00:00+00:00, run_after=2024-03-19 00:00:00+00:00
[2024-03-19T09:46:17.442+0000] {processor.py:183} INFO - Processing /home/airflow/.local/lib/python3.8/site-packages/airflow/example_dags/example_branch_operator_decorator.py took 0.295 seconds
[2024-03-19T09:46:48.198+0000] {processor.py:161} INFO - Started process (PID=23016) to work on /home/airflow/.local/lib/python3.8/site-packages/airflow/example_dags/example_branch_operator_decorator.py
[2024-03-19T09:46:48.201+0000] {processor.py:830} INFO - Processing file /home/airflow/.local/lib/python3.8/site-packages/airflow/example_dags/example_branch_operator_decorator.py for tasks to queue
[2024-03-19T09:46:48.203+0000] {logging_mixin.py:188} INFO - [2024-03-19T09:46:48.202+0000] {dagbag.py:540} INFO - Filling up the DagBag from /home/airflow/.local/lib/python3.8/site-packages/airflow/example_dags/example_branch_operator_decorator.py
[2024-03-19T09:46:48.230+0000] {processor.py:840} INFO - DAG(s) 'example_branch_python_operator_decorator' retrieved from /home/airflow/.local/lib/python3.8/site-packages/airflow/example_dags/example_branch_operator_decorator.py
[2024-03-19T09:46:48.266+0000] {logging_mixin.py:188} INFO - [2024-03-19T09:46:48.266+0000] {dag.py:3047} INFO - Sync 1 DAGs
[2024-03-19T09:46:48.299+0000] {logging_mixin.py:188} INFO - [2024-03-19T09:46:48.299+0000] {dag.py:3834} INFO - Setting next_dagrun for example_branch_python_operator_decorator to 2024-03-18 00:00:00+00:00, run_after=2024-03-19 00:00:00+00:00
[2024-03-19T09:46:48.330+0000] {processor.py:183} INFO - Processing /home/airflow/.local/lib/python3.8/site-packages/airflow/example_dags/example_branch_operator_decorator.py took 0.136 seconds
[2024-03-19T09:47:19.896+0000] {processor.py:161} INFO - Started process (PID=23069) to work on /home/airflow/.local/lib/python3.8/site-packages/airflow/example_dags/example_branch_operator_decorator.py
[2024-03-19T09:47:19.907+0000] {processor.py:830} INFO - Processing file /home/airflow/.local/lib/python3.8/site-packages/airflow/example_dags/example_branch_operator_decorator.py for tasks to queue
[2024-03-19T09:47:19.922+0000] {logging_mixin.py:188} INFO - [2024-03-19T09:47:19.920+0000] {dagbag.py:540} INFO - Filling up the DagBag from /home/airflow/.local/lib/python3.8/site-packages/airflow/example_dags/example_branch_operator_decorator.py
[2024-03-19T09:47:20.187+0000] {processor.py:840} INFO - DAG(s) 'example_branch_python_operator_decorator' retrieved from /home/airflow/.local/lib/python3.8/site-packages/airflow/example_dags/example_branch_operator_decorator.py
[2024-03-19T09:47:20.291+0000] {logging_mixin.py:188} INFO - [2024-03-19T09:47:20.290+0000] {dag.py:3047} INFO - Sync 1 DAGs
[2024-03-19T09:47:20.377+0000] {logging_mixin.py:188} INFO - [2024-03-19T09:47:20.376+0000] {dag.py:3834} INFO - Setting next_dagrun for example_branch_python_operator_decorator to 2024-03-18 00:00:00+00:00, run_after=2024-03-19 00:00:00+00:00
[2024-03-19T09:47:20.434+0000] {processor.py:183} INFO - Processing /home/airflow/.local/lib/python3.8/site-packages/airflow/example_dags/example_branch_operator_decorator.py took 0.560 seconds
[2024-03-19T09:47:50.640+0000] {processor.py:161} INFO - Started process (PID=23124) to work on /home/airflow/.local/lib/python3.8/site-packages/airflow/example_dags/example_branch_operator_decorator.py
[2024-03-19T09:47:50.642+0000] {processor.py:830} INFO - Processing file /home/airflow/.local/lib/python3.8/site-packages/airflow/example_dags/example_branch_operator_decorator.py for tasks to queue
[2024-03-19T09:47:50.645+0000] {logging_mixin.py:188} INFO - [2024-03-19T09:47:50.644+0000] {dagbag.py:540} INFO - Filling up the DagBag from /home/airflow/.local/lib/python3.8/site-packages/airflow/example_dags/example_branch_operator_decorator.py
[2024-03-19T09:47:50.734+0000] {processor.py:840} INFO - DAG(s) 'example_branch_python_operator_decorator' retrieved from /home/airflow/.local/lib/python3.8/site-packages/airflow/example_dags/example_branch_operator_decorator.py
[2024-03-19T09:47:50.790+0000] {logging_mixin.py:188} INFO - [2024-03-19T09:47:50.790+0000] {dag.py:3047} INFO - Sync 1 DAGs
[2024-03-19T09:47:50.834+0000] {logging_mixin.py:188} INFO - [2024-03-19T09:47:50.833+0000] {dag.py:3834} INFO - Setting next_dagrun for example_branch_python_operator_decorator to 2024-03-18 00:00:00+00:00, run_after=2024-03-19 00:00:00+00:00
[2024-03-19T09:47:50.878+0000] {processor.py:183} INFO - Processing /home/airflow/.local/lib/python3.8/site-packages/airflow/example_dags/example_branch_operator_decorator.py took 0.243 seconds
[2024-03-19T09:48:21.019+0000] {processor.py:161} INFO - Started process (PID=23179) to work on /home/airflow/.local/lib/python3.8/site-packages/airflow/example_dags/example_branch_operator_decorator.py
[2024-03-19T09:48:21.022+0000] {processor.py:830} INFO - Processing file /home/airflow/.local/lib/python3.8/site-packages/airflow/example_dags/example_branch_operator_decorator.py for tasks to queue
[2024-03-19T09:48:21.024+0000] {logging_mixin.py:188} INFO - [2024-03-19T09:48:21.024+0000] {dagbag.py:540} INFO - Filling up the DagBag from /home/airflow/.local/lib/python3.8/site-packages/airflow/example_dags/example_branch_operator_decorator.py
[2024-03-19T09:48:21.069+0000] {processor.py:840} INFO - DAG(s) 'example_branch_python_operator_decorator' retrieved from /home/airflow/.local/lib/python3.8/site-packages/airflow/example_dags/example_branch_operator_decorator.py
[2024-03-19T09:48:21.115+0000] {logging_mixin.py:188} INFO - [2024-03-19T09:48:21.115+0000] {dag.py:3047} INFO - Sync 1 DAGs
[2024-03-19T09:48:21.154+0000] {logging_mixin.py:188} INFO - [2024-03-19T09:48:21.154+0000] {dag.py:3834} INFO - Setting next_dagrun for example_branch_python_operator_decorator to 2024-03-18 00:00:00+00:00, run_after=2024-03-19 00:00:00+00:00
[2024-03-19T09:48:21.190+0000] {processor.py:183} INFO - Processing /home/airflow/.local/lib/python3.8/site-packages/airflow/example_dags/example_branch_operator_decorator.py took 0.176 seconds
[2024-03-19T09:48:51.978+0000] {processor.py:161} INFO - Started process (PID=23234) to work on /home/airflow/.local/lib/python3.8/site-packages/airflow/example_dags/example_branch_operator_decorator.py
[2024-03-19T09:48:51.991+0000] {processor.py:830} INFO - Processing file /home/airflow/.local/lib/python3.8/site-packages/airflow/example_dags/example_branch_operator_decorator.py for tasks to queue
[2024-03-19T09:48:51.995+0000] {logging_mixin.py:188} INFO - [2024-03-19T09:48:51.994+0000] {dagbag.py:540} INFO - Filling up the DagBag from /home/airflow/.local/lib/python3.8/site-packages/airflow/example_dags/example_branch_operator_decorator.py
[2024-03-19T09:48:52.108+0000] {processor.py:840} INFO - DAG(s) 'example_branch_python_operator_decorator' retrieved from /home/airflow/.local/lib/python3.8/site-packages/airflow/example_dags/example_branch_operator_decorator.py
[2024-03-19T09:48:52.199+0000] {logging_mixin.py:188} INFO - [2024-03-19T09:48:52.197+0000] {dag.py:3047} INFO - Sync 1 DAGs
[2024-03-19T09:48:52.282+0000] {logging_mixin.py:188} INFO - [2024-03-19T09:48:52.282+0000] {dag.py:3834} INFO - Setting next_dagrun for example_branch_python_operator_decorator to 2024-03-18 00:00:00+00:00, run_after=2024-03-19 00:00:00+00:00
[2024-03-19T09:48:52.406+0000] {processor.py:183} INFO - Processing /home/airflow/.local/lib/python3.8/site-packages/airflow/example_dags/example_branch_operator_decorator.py took 0.438 seconds
[2024-03-19T09:49:22.564+0000] {processor.py:161} INFO - Started process (PID=23289) to work on /home/airflow/.local/lib/python3.8/site-packages/airflow/example_dags/example_branch_operator_decorator.py
[2024-03-19T09:49:22.566+0000] {processor.py:830} INFO - Processing file /home/airflow/.local/lib/python3.8/site-packages/airflow/example_dags/example_branch_operator_decorator.py for tasks to queue
[2024-03-19T09:49:22.568+0000] {logging_mixin.py:188} INFO - [2024-03-19T09:49:22.567+0000] {dagbag.py:540} INFO - Filling up the DagBag from /home/airflow/.local/lib/python3.8/site-packages/airflow/example_dags/example_branch_operator_decorator.py
[2024-03-19T09:49:22.595+0000] {processor.py:840} INFO - DAG(s) 'example_branch_python_operator_decorator' retrieved from /home/airflow/.local/lib/python3.8/site-packages/airflow/example_dags/example_branch_operator_decorator.py
[2024-03-19T09:49:22.631+0000] {logging_mixin.py:188} INFO - [2024-03-19T09:49:22.630+0000] {dag.py:3047} INFO - Sync 1 DAGs
[2024-03-19T09:49:22.656+0000] {logging_mixin.py:188} INFO - [2024-03-19T09:49:22.656+0000] {dag.py:3834} INFO - Setting next_dagrun for example_branch_python_operator_decorator to 2024-03-18 00:00:00+00:00, run_after=2024-03-19 00:00:00+00:00
[2024-03-19T09:49:22.679+0000] {processor.py:183} INFO - Processing /home/airflow/.local/lib/python3.8/site-packages/airflow/example_dags/example_branch_operator_decorator.py took 0.118 seconds
[2024-03-19T09:49:53.578+0000] {processor.py:161} INFO - Started process (PID=23343) to work on /home/airflow/.local/lib/python3.8/site-packages/airflow/example_dags/example_branch_operator_decorator.py
[2024-03-19T09:49:53.580+0000] {processor.py:830} INFO - Processing file /home/airflow/.local/lib/python3.8/site-packages/airflow/example_dags/example_branch_operator_decorator.py for tasks to queue
[2024-03-19T09:49:53.585+0000] {logging_mixin.py:188} INFO - [2024-03-19T09:49:53.583+0000] {dagbag.py:540} INFO - Filling up the DagBag from /home/airflow/.local/lib/python3.8/site-packages/airflow/example_dags/example_branch_operator_decorator.py
[2024-03-19T09:49:53.665+0000] {processor.py:840} INFO - DAG(s) 'example_branch_python_operator_decorator' retrieved from /home/airflow/.local/lib/python3.8/site-packages/airflow/example_dags/example_branch_operator_decorator.py
[2024-03-19T09:49:53.748+0000] {logging_mixin.py:188} INFO - [2024-03-19T09:49:53.748+0000] {dag.py:3047} INFO - Sync 1 DAGs
[2024-03-19T09:49:53.847+0000] {logging_mixin.py:188} INFO - [2024-03-19T09:49:53.845+0000] {dag.py:3834} INFO - Setting next_dagrun for example_branch_python_operator_decorator to 2024-03-18 00:00:00+00:00, run_after=2024-03-19 00:00:00+00:00
[2024-03-19T09:49:53.911+0000] {processor.py:183} INFO - Processing /home/airflow/.local/lib/python3.8/site-packages/airflow/example_dags/example_branch_operator_decorator.py took 0.339 seconds
[2024-03-19T09:50:24.540+0000] {processor.py:161} INFO - Started process (PID=23398) to work on /home/airflow/.local/lib/python3.8/site-packages/airflow/example_dags/example_branch_operator_decorator.py
[2024-03-19T09:50:24.543+0000] {processor.py:830} INFO - Processing file /home/airflow/.local/lib/python3.8/site-packages/airflow/example_dags/example_branch_operator_decorator.py for tasks to queue
[2024-03-19T09:50:24.545+0000] {logging_mixin.py:188} INFO - [2024-03-19T09:50:24.544+0000] {dagbag.py:540} INFO - Filling up the DagBag from /home/airflow/.local/lib/python3.8/site-packages/airflow/example_dags/example_branch_operator_decorator.py
[2024-03-19T09:50:24.597+0000] {processor.py:840} INFO - DAG(s) 'example_branch_python_operator_decorator' retrieved from /home/airflow/.local/lib/python3.8/site-packages/airflow/example_dags/example_branch_operator_decorator.py
[2024-03-19T09:50:24.654+0000] {logging_mixin.py:188} INFO - [2024-03-19T09:50:24.653+0000] {dag.py:3047} INFO - Sync 1 DAGs
[2024-03-19T09:50:24.698+0000] {logging_mixin.py:188} INFO - [2024-03-19T09:50:24.697+0000] {dag.py:3834} INFO - Setting next_dagrun for example_branch_python_operator_decorator to 2024-03-18 00:00:00+00:00, run_after=2024-03-19 00:00:00+00:00
[2024-03-19T09:50:24.737+0000] {processor.py:183} INFO - Processing /home/airflow/.local/lib/python3.8/site-packages/airflow/example_dags/example_branch_operator_decorator.py took 0.203 seconds
[2024-03-19T09:50:56.420+0000] {processor.py:161} INFO - Started process (PID=23454) to work on /home/airflow/.local/lib/python3.8/site-packages/airflow/example_dags/example_branch_operator_decorator.py
[2024-03-19T09:50:56.424+0000] {processor.py:830} INFO - Processing file /home/airflow/.local/lib/python3.8/site-packages/airflow/example_dags/example_branch_operator_decorator.py for tasks to queue
[2024-03-19T09:50:56.427+0000] {logging_mixin.py:188} INFO - [2024-03-19T09:50:56.426+0000] {dagbag.py:540} INFO - Filling up the DagBag from /home/airflow/.local/lib/python3.8/site-packages/airflow/example_dags/example_branch_operator_decorator.py
[2024-03-19T09:50:56.625+0000] {processor.py:840} INFO - DAG(s) 'example_branch_python_operator_decorator' retrieved from /home/airflow/.local/lib/python3.8/site-packages/airflow/example_dags/example_branch_operator_decorator.py
[2024-03-19T09:50:57.069+0000] {logging_mixin.py:188} INFO - [2024-03-19T09:50:57.068+0000] {dag.py:3047} INFO - Sync 1 DAGs
[2024-03-19T09:50:57.264+0000] {logging_mixin.py:188} INFO - [2024-03-19T09:50:57.263+0000] {dag.py:3834} INFO - Setting next_dagrun for example_branch_python_operator_decorator to 2024-03-18 00:00:00+00:00, run_after=2024-03-19 00:00:00+00:00
[2024-03-19T09:50:57.433+0000] {processor.py:183} INFO - Processing /home/airflow/.local/lib/python3.8/site-packages/airflow/example_dags/example_branch_operator_decorator.py took 1.031 seconds
[2024-03-19T09:51:28.133+0000] {processor.py:161} INFO - Started process (PID=23507) to work on /home/airflow/.local/lib/python3.8/site-packages/airflow/example_dags/example_branch_operator_decorator.py
[2024-03-19T09:51:28.136+0000] {processor.py:830} INFO - Processing file /home/airflow/.local/lib/python3.8/site-packages/airflow/example_dags/example_branch_operator_decorator.py for tasks to queue
[2024-03-19T09:51:28.139+0000] {logging_mixin.py:188} INFO - [2024-03-19T09:51:28.138+0000] {dagbag.py:540} INFO - Filling up the DagBag from /home/airflow/.local/lib/python3.8/site-packages/airflow/example_dags/example_branch_operator_decorator.py
[2024-03-19T09:51:28.177+0000] {processor.py:840} INFO - DAG(s) 'example_branch_python_operator_decorator' retrieved from /home/airflow/.local/lib/python3.8/site-packages/airflow/example_dags/example_branch_operator_decorator.py
[2024-03-19T09:51:28.235+0000] {logging_mixin.py:188} INFO - [2024-03-19T09:51:28.234+0000] {dag.py:3047} INFO - Sync 1 DAGs
[2024-03-19T09:51:28.282+0000] {logging_mixin.py:188} INFO - [2024-03-19T09:51:28.282+0000] {dag.py:3834} INFO - Setting next_dagrun for example_branch_python_operator_decorator to 2024-03-18 00:00:00+00:00, run_after=2024-03-19 00:00:00+00:00
[2024-03-19T09:51:28.321+0000] {processor.py:183} INFO - Processing /home/airflow/.local/lib/python3.8/site-packages/airflow/example_dags/example_branch_operator_decorator.py took 0.194 seconds
[2024-03-19T09:51:58.959+0000] {processor.py:161} INFO - Started process (PID=23562) to work on /home/airflow/.local/lib/python3.8/site-packages/airflow/example_dags/example_branch_operator_decorator.py
[2024-03-19T09:51:58.962+0000] {processor.py:830} INFO - Processing file /home/airflow/.local/lib/python3.8/site-packages/airflow/example_dags/example_branch_operator_decorator.py for tasks to queue
[2024-03-19T09:51:58.964+0000] {logging_mixin.py:188} INFO - [2024-03-19T09:51:58.963+0000] {dagbag.py:540} INFO - Filling up the DagBag from /home/airflow/.local/lib/python3.8/site-packages/airflow/example_dags/example_branch_operator_decorator.py
[2024-03-19T09:51:59.012+0000] {processor.py:840} INFO - DAG(s) 'example_branch_python_operator_decorator' retrieved from /home/airflow/.local/lib/python3.8/site-packages/airflow/example_dags/example_branch_operator_decorator.py
[2024-03-19T09:51:59.063+0000] {logging_mixin.py:188} INFO - [2024-03-19T09:51:59.063+0000] {dag.py:3047} INFO - Sync 1 DAGs
[2024-03-19T09:51:59.109+0000] {logging_mixin.py:188} INFO - [2024-03-19T09:51:59.109+0000] {dag.py:3834} INFO - Setting next_dagrun for example_branch_python_operator_decorator to 2024-03-18 00:00:00+00:00, run_after=2024-03-19 00:00:00+00:00
[2024-03-19T09:51:59.157+0000] {processor.py:183} INFO - Processing /home/airflow/.local/lib/python3.8/site-packages/airflow/example_dags/example_branch_operator_decorator.py took 0.203 seconds
[2024-03-19T09:52:29.752+0000] {processor.py:161} INFO - Started process (PID=23617) to work on /home/airflow/.local/lib/python3.8/site-packages/airflow/example_dags/example_branch_operator_decorator.py
[2024-03-19T09:52:29.755+0000] {processor.py:830} INFO - Processing file /home/airflow/.local/lib/python3.8/site-packages/airflow/example_dags/example_branch_operator_decorator.py for tasks to queue
[2024-03-19T09:52:29.757+0000] {logging_mixin.py:188} INFO - [2024-03-19T09:52:29.756+0000] {dagbag.py:540} INFO - Filling up the DagBag from /home/airflow/.local/lib/python3.8/site-packages/airflow/example_dags/example_branch_operator_decorator.py
[2024-03-19T09:52:29.824+0000] {processor.py:840} INFO - DAG(s) 'example_branch_python_operator_decorator' retrieved from /home/airflow/.local/lib/python3.8/site-packages/airflow/example_dags/example_branch_operator_decorator.py
[2024-03-19T09:52:29.893+0000] {logging_mixin.py:188} INFO - [2024-03-19T09:52:29.893+0000] {dag.py:3047} INFO - Sync 1 DAGs
[2024-03-19T09:52:29.942+0000] {logging_mixin.py:188} INFO - [2024-03-19T09:52:29.941+0000] {dag.py:3834} INFO - Setting next_dagrun for example_branch_python_operator_decorator to 2024-03-18 00:00:00+00:00, run_after=2024-03-19 00:00:00+00:00
[2024-03-19T09:52:29.984+0000] {processor.py:183} INFO - Processing /home/airflow/.local/lib/python3.8/site-packages/airflow/example_dags/example_branch_operator_decorator.py took 0.243 seconds
[2024-03-19T09:53:00.531+0000] {processor.py:161} INFO - Started process (PID=23672) to work on /home/airflow/.local/lib/python3.8/site-packages/airflow/example_dags/example_branch_operator_decorator.py
[2024-03-19T09:53:00.533+0000] {processor.py:830} INFO - Processing file /home/airflow/.local/lib/python3.8/site-packages/airflow/example_dags/example_branch_operator_decorator.py for tasks to queue
[2024-03-19T09:53:00.535+0000] {logging_mixin.py:188} INFO - [2024-03-19T09:53:00.534+0000] {dagbag.py:540} INFO - Filling up the DagBag from /home/airflow/.local/lib/python3.8/site-packages/airflow/example_dags/example_branch_operator_decorator.py
[2024-03-19T09:53:00.563+0000] {processor.py:840} INFO - DAG(s) 'example_branch_python_operator_decorator' retrieved from /home/airflow/.local/lib/python3.8/site-packages/airflow/example_dags/example_branch_operator_decorator.py
[2024-03-19T09:53:00.597+0000] {logging_mixin.py:188} INFO - [2024-03-19T09:53:00.597+0000] {dag.py:3047} INFO - Sync 1 DAGs
[2024-03-19T09:53:00.624+0000] {logging_mixin.py:188} INFO - [2024-03-19T09:53:00.623+0000] {dag.py:3834} INFO - Setting next_dagrun for example_branch_python_operator_decorator to 2024-03-18 00:00:00+00:00, run_after=2024-03-19 00:00:00+00:00
[2024-03-19T09:53:00.646+0000] {processor.py:183} INFO - Processing /home/airflow/.local/lib/python3.8/site-packages/airflow/example_dags/example_branch_operator_decorator.py took 0.119 seconds
[2024-03-19T09:53:31.400+0000] {processor.py:161} INFO - Started process (PID=23727) to work on /home/airflow/.local/lib/python3.8/site-packages/airflow/example_dags/example_branch_operator_decorator.py
[2024-03-19T09:53:31.403+0000] {processor.py:830} INFO - Processing file /home/airflow/.local/lib/python3.8/site-packages/airflow/example_dags/example_branch_operator_decorator.py for tasks to queue
[2024-03-19T09:53:31.405+0000] {logging_mixin.py:188} INFO - [2024-03-19T09:53:31.404+0000] {dagbag.py:540} INFO - Filling up the DagBag from /home/airflow/.local/lib/python3.8/site-packages/airflow/example_dags/example_branch_operator_decorator.py
[2024-03-19T09:53:31.453+0000] {processor.py:840} INFO - DAG(s) 'example_branch_python_operator_decorator' retrieved from /home/airflow/.local/lib/python3.8/site-packages/airflow/example_dags/example_branch_operator_decorator.py
[2024-03-19T09:53:31.500+0000] {logging_mixin.py:188} INFO - [2024-03-19T09:53:31.500+0000] {dag.py:3047} INFO - Sync 1 DAGs
[2024-03-19T09:53:31.547+0000] {logging_mixin.py:188} INFO - [2024-03-19T09:53:31.547+0000] {dag.py:3834} INFO - Setting next_dagrun for example_branch_python_operator_decorator to 2024-03-18 00:00:00+00:00, run_after=2024-03-19 00:00:00+00:00
[2024-03-19T09:53:31.600+0000] {processor.py:183} INFO - Processing /home/airflow/.local/lib/python3.8/site-packages/airflow/example_dags/example_branch_operator_decorator.py took 0.205 seconds
[2024-03-19T09:54:01.678+0000] {processor.py:161} INFO - Started process (PID=23783) to work on /home/airflow/.local/lib/python3.8/site-packages/airflow/example_dags/example_branch_operator_decorator.py
[2024-03-19T09:54:01.680+0000] {processor.py:830} INFO - Processing file /home/airflow/.local/lib/python3.8/site-packages/airflow/example_dags/example_branch_operator_decorator.py for tasks to queue
[2024-03-19T09:54:01.682+0000] {logging_mixin.py:188} INFO - [2024-03-19T09:54:01.682+0000] {dagbag.py:540} INFO - Filling up the DagBag from /home/airflow/.local/lib/python3.8/site-packages/airflow/example_dags/example_branch_operator_decorator.py
[2024-03-19T09:54:01.724+0000] {processor.py:840} INFO - DAG(s) 'example_branch_python_operator_decorator' retrieved from /home/airflow/.local/lib/python3.8/site-packages/airflow/example_dags/example_branch_operator_decorator.py
[2024-03-19T09:54:01.787+0000] {logging_mixin.py:188} INFO - [2024-03-19T09:54:01.786+0000] {dag.py:3047} INFO - Sync 1 DAGs
[2024-03-19T09:54:01.831+0000] {logging_mixin.py:188} INFO - [2024-03-19T09:54:01.831+0000] {dag.py:3834} INFO - Setting next_dagrun for example_branch_python_operator_decorator to 2024-03-18 00:00:00+00:00, run_after=2024-03-19 00:00:00+00:00
[2024-03-19T09:54:01.882+0000] {processor.py:183} INFO - Processing /home/airflow/.local/lib/python3.8/site-packages/airflow/example_dags/example_branch_operator_decorator.py took 0.209 seconds
[2024-03-19T09:54:32.031+0000] {processor.py:161} INFO - Started process (PID=23837) to work on /home/airflow/.local/lib/python3.8/site-packages/airflow/example_dags/example_branch_operator_decorator.py
[2024-03-19T09:54:32.033+0000] {processor.py:830} INFO - Processing file /home/airflow/.local/lib/python3.8/site-packages/airflow/example_dags/example_branch_operator_decorator.py for tasks to queue
[2024-03-19T09:54:32.035+0000] {logging_mixin.py:188} INFO - [2024-03-19T09:54:32.034+0000] {dagbag.py:540} INFO - Filling up the DagBag from /home/airflow/.local/lib/python3.8/site-packages/airflow/example_dags/example_branch_operator_decorator.py
[2024-03-19T09:54:32.063+0000] {processor.py:840} INFO - DAG(s) 'example_branch_python_operator_decorator' retrieved from /home/airflow/.local/lib/python3.8/site-packages/airflow/example_dags/example_branch_operator_decorator.py
[2024-03-19T09:54:32.098+0000] {logging_mixin.py:188} INFO - [2024-03-19T09:54:32.098+0000] {dag.py:3047} INFO - Sync 1 DAGs
[2024-03-19T09:54:32.126+0000] {logging_mixin.py:188} INFO - [2024-03-19T09:54:32.126+0000] {dag.py:3834} INFO - Setting next_dagrun for example_branch_python_operator_decorator to 2024-03-18 00:00:00+00:00, run_after=2024-03-19 00:00:00+00:00
[2024-03-19T09:54:32.151+0000] {processor.py:183} INFO - Processing /home/airflow/.local/lib/python3.8/site-packages/airflow/example_dags/example_branch_operator_decorator.py took 0.124 seconds
[2024-03-19T09:55:03.145+0000] {processor.py:161} INFO - Started process (PID=23891) to work on /home/airflow/.local/lib/python3.8/site-packages/airflow/example_dags/example_branch_operator_decorator.py
[2024-03-19T09:55:03.147+0000] {processor.py:830} INFO - Processing file /home/airflow/.local/lib/python3.8/site-packages/airflow/example_dags/example_branch_operator_decorator.py for tasks to queue
[2024-03-19T09:55:03.150+0000] {logging_mixin.py:188} INFO - [2024-03-19T09:55:03.149+0000] {dagbag.py:540} INFO - Filling up the DagBag from /home/airflow/.local/lib/python3.8/site-packages/airflow/example_dags/example_branch_operator_decorator.py
[2024-03-19T09:55:03.183+0000] {processor.py:840} INFO - DAG(s) 'example_branch_python_operator_decorator' retrieved from /home/airflow/.local/lib/python3.8/site-packages/airflow/example_dags/example_branch_operator_decorator.py
[2024-03-19T09:55:03.219+0000] {logging_mixin.py:188} INFO - [2024-03-19T09:55:03.218+0000] {dag.py:3047} INFO - Sync 1 DAGs
[2024-03-19T09:55:03.245+0000] {logging_mixin.py:188} INFO - [2024-03-19T09:55:03.245+0000] {dag.py:3834} INFO - Setting next_dagrun for example_branch_python_operator_decorator to 2024-03-18 00:00:00+00:00, run_after=2024-03-19 00:00:00+00:00
[2024-03-19T09:55:03.269+0000] {processor.py:183} INFO - Processing /home/airflow/.local/lib/python3.8/site-packages/airflow/example_dags/example_branch_operator_decorator.py took 0.129 seconds
[2024-03-19T09:55:33.726+0000] {processor.py:161} INFO - Started process (PID=23946) to work on /home/airflow/.local/lib/python3.8/site-packages/airflow/example_dags/example_branch_operator_decorator.py
[2024-03-19T09:55:33.728+0000] {processor.py:830} INFO - Processing file /home/airflow/.local/lib/python3.8/site-packages/airflow/example_dags/example_branch_operator_decorator.py for tasks to queue
[2024-03-19T09:55:33.730+0000] {logging_mixin.py:188} INFO - [2024-03-19T09:55:33.729+0000] {dagbag.py:540} INFO - Filling up the DagBag from /home/airflow/.local/lib/python3.8/site-packages/airflow/example_dags/example_branch_operator_decorator.py
[2024-03-19T09:55:33.761+0000] {processor.py:840} INFO - DAG(s) 'example_branch_python_operator_decorator' retrieved from /home/airflow/.local/lib/python3.8/site-packages/airflow/example_dags/example_branch_operator_decorator.py
[2024-03-19T09:55:33.792+0000] {logging_mixin.py:188} INFO - [2024-03-19T09:55:33.792+0000] {dag.py:3047} INFO - Sync 1 DAGs
[2024-03-19T09:55:33.819+0000] {logging_mixin.py:188} INFO - [2024-03-19T09:55:33.819+0000] {dag.py:3834} INFO - Setting next_dagrun for example_branch_python_operator_decorator to 2024-03-18 00:00:00+00:00, run_after=2024-03-19 00:00:00+00:00
[2024-03-19T09:55:33.842+0000] {processor.py:183} INFO - Processing /home/airflow/.local/lib/python3.8/site-packages/airflow/example_dags/example_branch_operator_decorator.py took 0.122 seconds
[2024-03-19T09:56:04.356+0000] {processor.py:161} INFO - Started process (PID=24001) to work on /home/airflow/.local/lib/python3.8/site-packages/airflow/example_dags/example_branch_operator_decorator.py
[2024-03-19T09:56:04.359+0000] {processor.py:830} INFO - Processing file /home/airflow/.local/lib/python3.8/site-packages/airflow/example_dags/example_branch_operator_decorator.py for tasks to queue
[2024-03-19T09:56:04.361+0000] {logging_mixin.py:188} INFO - [2024-03-19T09:56:04.360+0000] {dagbag.py:540} INFO - Filling up the DagBag from /home/airflow/.local/lib/python3.8/site-packages/airflow/example_dags/example_branch_operator_decorator.py
[2024-03-19T09:56:04.401+0000] {processor.py:840} INFO - DAG(s) 'example_branch_python_operator_decorator' retrieved from /home/airflow/.local/lib/python3.8/site-packages/airflow/example_dags/example_branch_operator_decorator.py
[2024-03-19T09:56:04.446+0000] {logging_mixin.py:188} INFO - [2024-03-19T09:56:04.445+0000] {dag.py:3047} INFO - Sync 1 DAGs
[2024-03-19T09:56:04.477+0000] {logging_mixin.py:188} INFO - [2024-03-19T09:56:04.477+0000] {dag.py:3834} INFO - Setting next_dagrun for example_branch_python_operator_decorator to 2024-03-18 00:00:00+00:00, run_after=2024-03-19 00:00:00+00:00
[2024-03-19T09:56:04.503+0000] {processor.py:183} INFO - Processing /home/airflow/.local/lib/python3.8/site-packages/airflow/example_dags/example_branch_operator_decorator.py took 0.154 seconds
[2024-03-19T09:56:34.790+0000] {processor.py:161} INFO - Started process (PID=24056) to work on /home/airflow/.local/lib/python3.8/site-packages/airflow/example_dags/example_branch_operator_decorator.py
[2024-03-19T09:56:34.792+0000] {processor.py:830} INFO - Processing file /home/airflow/.local/lib/python3.8/site-packages/airflow/example_dags/example_branch_operator_decorator.py for tasks to queue
[2024-03-19T09:56:34.794+0000] {logging_mixin.py:188} INFO - [2024-03-19T09:56:34.794+0000] {dagbag.py:540} INFO - Filling up the DagBag from /home/airflow/.local/lib/python3.8/site-packages/airflow/example_dags/example_branch_operator_decorator.py
[2024-03-19T09:56:34.868+0000] {processor.py:840} INFO - DAG(s) 'example_branch_python_operator_decorator' retrieved from /home/airflow/.local/lib/python3.8/site-packages/airflow/example_dags/example_branch_operator_decorator.py
[2024-03-19T09:56:34.941+0000] {logging_mixin.py:188} INFO - [2024-03-19T09:56:34.940+0000] {dag.py:3047} INFO - Sync 1 DAGs
[2024-03-19T09:56:34.984+0000] {logging_mixin.py:188} INFO - [2024-03-19T09:56:34.984+0000] {dag.py:3834} INFO - Setting next_dagrun for example_branch_python_operator_decorator to 2024-03-18 00:00:00+00:00, run_after=2024-03-19 00:00:00+00:00
[2024-03-19T09:56:35.027+0000] {processor.py:183} INFO - Processing /home/airflow/.local/lib/python3.8/site-packages/airflow/example_dags/example_branch_operator_decorator.py took 0.252 seconds
[2024-03-19T09:57:05.631+0000] {processor.py:161} INFO - Started process (PID=24111) to work on /home/airflow/.local/lib/python3.8/site-packages/airflow/example_dags/example_branch_operator_decorator.py
[2024-03-19T09:57:05.634+0000] {processor.py:830} INFO - Processing file /home/airflow/.local/lib/python3.8/site-packages/airflow/example_dags/example_branch_operator_decorator.py for tasks to queue
[2024-03-19T09:57:05.637+0000] {logging_mixin.py:188} INFO - [2024-03-19T09:57:05.636+0000] {dagbag.py:540} INFO - Filling up the DagBag from /home/airflow/.local/lib/python3.8/site-packages/airflow/example_dags/example_branch_operator_decorator.py
[2024-03-19T09:57:05.682+0000] {processor.py:840} INFO - DAG(s) 'example_branch_python_operator_decorator' retrieved from /home/airflow/.local/lib/python3.8/site-packages/airflow/example_dags/example_branch_operator_decorator.py
[2024-03-19T09:57:05.730+0000] {logging_mixin.py:188} INFO - [2024-03-19T09:57:05.729+0000] {dag.py:3047} INFO - Sync 1 DAGs
[2024-03-19T09:57:05.770+0000] {logging_mixin.py:188} INFO - [2024-03-19T09:57:05.770+0000] {dag.py:3834} INFO - Setting next_dagrun for example_branch_python_operator_decorator to 2024-03-18 00:00:00+00:00, run_after=2024-03-19 00:00:00+00:00
[2024-03-19T09:57:05.808+0000] {processor.py:183} INFO - Processing /home/airflow/.local/lib/python3.8/site-packages/airflow/example_dags/example_branch_operator_decorator.py took 0.185 seconds
