[2024-03-19T09:44:30.850+0000] {processor.py:161} INFO - Started process (PID=22806) to work on /home/airflow/.local/lib/python3.8/site-packages/airflow/example_dags/example_trigger_controller_dag.py
[2024-03-19T09:44:30.851+0000] {processor.py:830} INFO - Processing file /home/airflow/.local/lib/python3.8/site-packages/airflow/example_dags/example_trigger_controller_dag.py for tasks to queue
[2024-03-19T09:44:30.853+0000] {logging_mixin.py:188} INFO - [2024-03-19T09:44:30.853+0000] {dagbag.py:540} INFO - Filling up the DagBag from /home/airflow/.local/lib/python3.8/site-packages/airflow/example_dags/example_trigger_controller_dag.py
[2024-03-19T09:44:30.862+0000] {processor.py:840} INFO - DAG(s) 'example_trigger_controller_dag' retrieved from /home/airflow/.local/lib/python3.8/site-packages/airflow/example_dags/example_trigger_controller_dag.py
[2024-03-19T09:44:30.898+0000] {logging_mixin.py:188} INFO - [2024-03-19T09:44:30.897+0000] {dag.py:3047} INFO - Sync 1 DAGs
[2024-03-19T09:44:30.931+0000] {logging_mixin.py:188} INFO - [2024-03-19T09:44:30.931+0000] {dag.py:3834} INFO - Setting next_dagrun for example_trigger_controller_dag to 2021-01-01 00:00:00+00:00, run_after=2021-01-01 00:00:00+00:00
[2024-03-19T09:44:30.960+0000] {processor.py:183} INFO - Processing /home/airflow/.local/lib/python3.8/site-packages/airflow/example_dags/example_trigger_controller_dag.py took 0.116 seconds
[2024-03-19T09:45:01.055+0000] {processor.py:161} INFO - Started process (PID=22860) to work on /home/airflow/.local/lib/python3.8/site-packages/airflow/example_dags/example_trigger_controller_dag.py
[2024-03-19T09:45:01.057+0000] {processor.py:830} INFO - Processing file /home/airflow/.local/lib/python3.8/site-packages/airflow/example_dags/example_trigger_controller_dag.py for tasks to queue
[2024-03-19T09:45:01.058+0000] {logging_mixin.py:188} INFO - [2024-03-19T09:45:01.058+0000] {dagbag.py:540} INFO - Filling up the DagBag from /home/airflow/.local/lib/python3.8/site-packages/airflow/example_dags/example_trigger_controller_dag.py
[2024-03-19T09:45:01.065+0000] {processor.py:840} INFO - DAG(s) 'example_trigger_controller_dag' retrieved from /home/airflow/.local/lib/python3.8/site-packages/airflow/example_dags/example_trigger_controller_dag.py
[2024-03-19T09:45:01.094+0000] {logging_mixin.py:188} INFO - [2024-03-19T09:45:01.094+0000] {dag.py:3047} INFO - Sync 1 DAGs
[2024-03-19T09:45:01.123+0000] {logging_mixin.py:188} INFO - [2024-03-19T09:45:01.122+0000] {dag.py:3834} INFO - Setting next_dagrun for example_trigger_controller_dag to 2021-01-01 00:00:00+00:00, run_after=2021-01-01 00:00:00+00:00
[2024-03-19T09:45:01.150+0000] {processor.py:183} INFO - Processing /home/airflow/.local/lib/python3.8/site-packages/airflow/example_dags/example_trigger_controller_dag.py took 0.101 seconds
[2024-03-19T09:45:46.562+0000] {processor.py:161} INFO - Started process (PID=22916) to work on /home/airflow/.local/lib/python3.8/site-packages/airflow/example_dags/example_trigger_controller_dag.py
[2024-03-19T09:45:46.565+0000] {processor.py:830} INFO - Processing file /home/airflow/.local/lib/python3.8/site-packages/airflow/example_dags/example_trigger_controller_dag.py for tasks to queue
[2024-03-19T09:45:46.568+0000] {logging_mixin.py:188} INFO - [2024-03-19T09:45:46.567+0000] {dagbag.py:540} INFO - Filling up the DagBag from /home/airflow/.local/lib/python3.8/site-packages/airflow/example_dags/example_trigger_controller_dag.py
[2024-03-19T09:45:46.588+0000] {processor.py:840} INFO - DAG(s) 'example_trigger_controller_dag' retrieved from /home/airflow/.local/lib/python3.8/site-packages/airflow/example_dags/example_trigger_controller_dag.py
[2024-03-19T09:45:46.720+0000] {logging_mixin.py:188} INFO - [2024-03-19T09:45:46.719+0000] {dag.py:3047} INFO - Sync 1 DAGs
[2024-03-19T09:45:46.811+0000] {logging_mixin.py:188} INFO - [2024-03-19T09:45:46.810+0000] {dag.py:3834} INFO - Setting next_dagrun for example_trigger_controller_dag to 2021-01-01 00:00:00+00:00, run_after=2021-01-01 00:00:00+00:00
[2024-03-19T09:45:46.974+0000] {processor.py:183} INFO - Processing /home/airflow/.local/lib/python3.8/site-packages/airflow/example_dags/example_trigger_controller_dag.py took 0.432 seconds
[2024-03-19T09:46:18.897+0000] {processor.py:161} INFO - Started process (PID=22970) to work on /home/airflow/.local/lib/python3.8/site-packages/airflow/example_dags/example_trigger_controller_dag.py
[2024-03-19T09:46:18.900+0000] {processor.py:830} INFO - Processing file /home/airflow/.local/lib/python3.8/site-packages/airflow/example_dags/example_trigger_controller_dag.py for tasks to queue
[2024-03-19T09:46:18.903+0000] {logging_mixin.py:188} INFO - [2024-03-19T09:46:18.902+0000] {dagbag.py:540} INFO - Filling up the DagBag from /home/airflow/.local/lib/python3.8/site-packages/airflow/example_dags/example_trigger_controller_dag.py
[2024-03-19T09:46:18.918+0000] {processor.py:840} INFO - DAG(s) 'example_trigger_controller_dag' retrieved from /home/airflow/.local/lib/python3.8/site-packages/airflow/example_dags/example_trigger_controller_dag.py
[2024-03-19T09:46:18.974+0000] {logging_mixin.py:188} INFO - [2024-03-19T09:46:18.974+0000] {dag.py:3047} INFO - Sync 1 DAGs
[2024-03-19T09:46:19.032+0000] {logging_mixin.py:188} INFO - [2024-03-19T09:46:19.031+0000] {dag.py:3834} INFO - Setting next_dagrun for example_trigger_controller_dag to 2021-01-01 00:00:00+00:00, run_after=2021-01-01 00:00:00+00:00
[2024-03-19T09:46:19.086+0000] {processor.py:183} INFO - Processing /home/airflow/.local/lib/python3.8/site-packages/airflow/example_dags/example_trigger_controller_dag.py took 0.203 seconds
[2024-03-19T09:46:49.736+0000] {processor.py:161} INFO - Started process (PID=23025) to work on /home/airflow/.local/lib/python3.8/site-packages/airflow/example_dags/example_trigger_controller_dag.py
[2024-03-19T09:46:49.745+0000] {processor.py:830} INFO - Processing file /home/airflow/.local/lib/python3.8/site-packages/airflow/example_dags/example_trigger_controller_dag.py for tasks to queue
[2024-03-19T09:46:49.750+0000] {logging_mixin.py:188} INFO - [2024-03-19T09:46:49.749+0000] {dagbag.py:540} INFO - Filling up the DagBag from /home/airflow/.local/lib/python3.8/site-packages/airflow/example_dags/example_trigger_controller_dag.py
[2024-03-19T09:46:49.761+0000] {processor.py:840} INFO - DAG(s) 'example_trigger_controller_dag' retrieved from /home/airflow/.local/lib/python3.8/site-packages/airflow/example_dags/example_trigger_controller_dag.py
[2024-03-19T09:46:49.836+0000] {logging_mixin.py:188} INFO - [2024-03-19T09:46:49.836+0000] {dag.py:3047} INFO - Sync 1 DAGs
[2024-03-19T09:46:49.914+0000] {logging_mixin.py:188} INFO - [2024-03-19T09:46:49.913+0000] {dag.py:3834} INFO - Setting next_dagrun for example_trigger_controller_dag to 2021-01-01 00:00:00+00:00, run_after=2021-01-01 00:00:00+00:00
[2024-03-19T09:46:49.971+0000] {processor.py:183} INFO - Processing /home/airflow/.local/lib/python3.8/site-packages/airflow/example_dags/example_trigger_controller_dag.py took 0.242 seconds
[2024-03-19T09:47:21.363+0000] {processor.py:161} INFO - Started process (PID=23078) to work on /home/airflow/.local/lib/python3.8/site-packages/airflow/example_dags/example_trigger_controller_dag.py
[2024-03-19T09:47:21.365+0000] {processor.py:830} INFO - Processing file /home/airflow/.local/lib/python3.8/site-packages/airflow/example_dags/example_trigger_controller_dag.py for tasks to queue
[2024-03-19T09:47:21.367+0000] {logging_mixin.py:188} INFO - [2024-03-19T09:47:21.366+0000] {dagbag.py:540} INFO - Filling up the DagBag from /home/airflow/.local/lib/python3.8/site-packages/airflow/example_dags/example_trigger_controller_dag.py
[2024-03-19T09:47:21.375+0000] {processor.py:840} INFO - DAG(s) 'example_trigger_controller_dag' retrieved from /home/airflow/.local/lib/python3.8/site-packages/airflow/example_dags/example_trigger_controller_dag.py
[2024-03-19T09:47:21.405+0000] {logging_mixin.py:188} INFO - [2024-03-19T09:47:21.404+0000] {dag.py:3047} INFO - Sync 1 DAGs
[2024-03-19T09:47:21.451+0000] {logging_mixin.py:188} INFO - [2024-03-19T09:47:21.451+0000] {dag.py:3834} INFO - Setting next_dagrun for example_trigger_controller_dag to 2021-01-01 00:00:00+00:00, run_after=2021-01-01 00:00:00+00:00
[2024-03-19T09:47:21.498+0000] {processor.py:183} INFO - Processing /home/airflow/.local/lib/python3.8/site-packages/airflow/example_dags/example_trigger_controller_dag.py took 0.141 seconds
[2024-03-19T09:47:52.109+0000] {processor.py:161} INFO - Started process (PID=23133) to work on /home/airflow/.local/lib/python3.8/site-packages/airflow/example_dags/example_trigger_controller_dag.py
[2024-03-19T09:47:52.112+0000] {processor.py:830} INFO - Processing file /home/airflow/.local/lib/python3.8/site-packages/airflow/example_dags/example_trigger_controller_dag.py for tasks to queue
[2024-03-19T09:47:52.115+0000] {logging_mixin.py:188} INFO - [2024-03-19T09:47:52.114+0000] {dagbag.py:540} INFO - Filling up the DagBag from /home/airflow/.local/lib/python3.8/site-packages/airflow/example_dags/example_trigger_controller_dag.py
[2024-03-19T09:47:52.124+0000] {processor.py:840} INFO - DAG(s) 'example_trigger_controller_dag' retrieved from /home/airflow/.local/lib/python3.8/site-packages/airflow/example_dags/example_trigger_controller_dag.py
[2024-03-19T09:47:52.160+0000] {logging_mixin.py:188} INFO - [2024-03-19T09:47:52.160+0000] {dag.py:3047} INFO - Sync 1 DAGs
[2024-03-19T09:47:52.195+0000] {logging_mixin.py:188} INFO - [2024-03-19T09:47:52.195+0000] {dag.py:3834} INFO - Setting next_dagrun for example_trigger_controller_dag to 2021-01-01 00:00:00+00:00, run_after=2021-01-01 00:00:00+00:00
[2024-03-19T09:47:52.232+0000] {processor.py:183} INFO - Processing /home/airflow/.local/lib/python3.8/site-packages/airflow/example_dags/example_trigger_controller_dag.py took 0.128 seconds
[2024-03-19T09:48:23.226+0000] {processor.py:161} INFO - Started process (PID=23188) to work on /home/airflow/.local/lib/python3.8/site-packages/airflow/example_dags/example_trigger_controller_dag.py
[2024-03-19T09:48:23.229+0000] {processor.py:830} INFO - Processing file /home/airflow/.local/lib/python3.8/site-packages/airflow/example_dags/example_trigger_controller_dag.py for tasks to queue
[2024-03-19T09:48:23.238+0000] {logging_mixin.py:188} INFO - [2024-03-19T09:48:23.238+0000] {dagbag.py:540} INFO - Filling up the DagBag from /home/airflow/.local/lib/python3.8/site-packages/airflow/example_dags/example_trigger_controller_dag.py
[2024-03-19T09:48:23.259+0000] {processor.py:840} INFO - DAG(s) 'example_trigger_controller_dag' retrieved from /home/airflow/.local/lib/python3.8/site-packages/airflow/example_dags/example_trigger_controller_dag.py
[2024-03-19T09:48:23.343+0000] {logging_mixin.py:188} INFO - [2024-03-19T09:48:23.343+0000] {dag.py:3047} INFO - Sync 1 DAGs
[2024-03-19T09:48:23.466+0000] {logging_mixin.py:188} INFO - [2024-03-19T09:48:23.465+0000] {dag.py:3834} INFO - Setting next_dagrun for example_trigger_controller_dag to 2021-01-01 00:00:00+00:00, run_after=2021-01-01 00:00:00+00:00
[2024-03-19T09:48:23.551+0000] {processor.py:183} INFO - Processing /home/airflow/.local/lib/python3.8/site-packages/airflow/example_dags/example_trigger_controller_dag.py took 0.332 seconds
[2024-03-19T09:48:55.918+0000] {processor.py:161} INFO - Started process (PID=23243) to work on /home/airflow/.local/lib/python3.8/site-packages/airflow/example_dags/example_trigger_controller_dag.py
[2024-03-19T09:48:55.921+0000] {processor.py:830} INFO - Processing file /home/airflow/.local/lib/python3.8/site-packages/airflow/example_dags/example_trigger_controller_dag.py for tasks to queue
[2024-03-19T09:48:55.924+0000] {logging_mixin.py:188} INFO - [2024-03-19T09:48:55.923+0000] {dagbag.py:540} INFO - Filling up the DagBag from /home/airflow/.local/lib/python3.8/site-packages/airflow/example_dags/example_trigger_controller_dag.py
[2024-03-19T09:48:55.931+0000] {processor.py:840} INFO - DAG(s) 'example_trigger_controller_dag' retrieved from /home/airflow/.local/lib/python3.8/site-packages/airflow/example_dags/example_trigger_controller_dag.py
[2024-03-19T09:48:55.985+0000] {logging_mixin.py:188} INFO - [2024-03-19T09:48:55.984+0000] {dag.py:3047} INFO - Sync 1 DAGs
[2024-03-19T09:48:56.046+0000] {logging_mixin.py:188} INFO - [2024-03-19T09:48:56.045+0000] {dag.py:3834} INFO - Setting next_dagrun for example_trigger_controller_dag to 2021-01-01 00:00:00+00:00, run_after=2021-01-01 00:00:00+00:00
[2024-03-19T09:48:56.117+0000] {processor.py:183} INFO - Processing /home/airflow/.local/lib/python3.8/site-packages/airflow/example_dags/example_trigger_controller_dag.py took 0.205 seconds
[2024-03-19T09:49:26.331+0000] {processor.py:161} INFO - Started process (PID=23298) to work on /home/airflow/.local/lib/python3.8/site-packages/airflow/example_dags/example_trigger_controller_dag.py
[2024-03-19T09:49:26.333+0000] {processor.py:830} INFO - Processing file /home/airflow/.local/lib/python3.8/site-packages/airflow/example_dags/example_trigger_controller_dag.py for tasks to queue
[2024-03-19T09:49:26.335+0000] {logging_mixin.py:188} INFO - [2024-03-19T09:49:26.335+0000] {dagbag.py:540} INFO - Filling up the DagBag from /home/airflow/.local/lib/python3.8/site-packages/airflow/example_dags/example_trigger_controller_dag.py
[2024-03-19T09:49:26.346+0000] {processor.py:840} INFO - DAG(s) 'example_trigger_controller_dag' retrieved from /home/airflow/.local/lib/python3.8/site-packages/airflow/example_dags/example_trigger_controller_dag.py
[2024-03-19T09:49:26.377+0000] {logging_mixin.py:188} INFO - [2024-03-19T09:49:26.376+0000] {dag.py:3047} INFO - Sync 1 DAGs
[2024-03-19T09:49:26.402+0000] {logging_mixin.py:188} INFO - [2024-03-19T09:49:26.401+0000] {dag.py:3834} INFO - Setting next_dagrun for example_trigger_controller_dag to 2021-01-01 00:00:00+00:00, run_after=2021-01-01 00:00:00+00:00
[2024-03-19T09:49:26.439+0000] {processor.py:183} INFO - Processing /home/airflow/.local/lib/python3.8/site-packages/airflow/example_dags/example_trigger_controller_dag.py took 0.113 seconds
[2024-03-19T09:49:57.771+0000] {processor.py:161} INFO - Started process (PID=23352) to work on /home/airflow/.local/lib/python3.8/site-packages/airflow/example_dags/example_trigger_controller_dag.py
[2024-03-19T09:49:57.776+0000] {processor.py:830} INFO - Processing file /home/airflow/.local/lib/python3.8/site-packages/airflow/example_dags/example_trigger_controller_dag.py for tasks to queue
[2024-03-19T09:49:57.780+0000] {logging_mixin.py:188} INFO - [2024-03-19T09:49:57.779+0000] {dagbag.py:540} INFO - Filling up the DagBag from /home/airflow/.local/lib/python3.8/site-packages/airflow/example_dags/example_trigger_controller_dag.py
[2024-03-19T09:49:57.800+0000] {processor.py:840} INFO - DAG(s) 'example_trigger_controller_dag' retrieved from /home/airflow/.local/lib/python3.8/site-packages/airflow/example_dags/example_trigger_controller_dag.py
[2024-03-19T09:49:57.874+0000] {logging_mixin.py:188} INFO - [2024-03-19T09:49:57.874+0000] {dag.py:3047} INFO - Sync 1 DAGs
[2024-03-19T09:49:57.925+0000] {logging_mixin.py:188} INFO - [2024-03-19T09:49:57.924+0000] {dag.py:3834} INFO - Setting next_dagrun for example_trigger_controller_dag to 2021-01-01 00:00:00+00:00, run_after=2021-01-01 00:00:00+00:00
[2024-03-19T09:49:57.980+0000] {processor.py:183} INFO - Processing /home/airflow/.local/lib/python3.8/site-packages/airflow/example_dags/example_trigger_controller_dag.py took 0.222 seconds
[2024-03-19T09:50:29.966+0000] {processor.py:161} INFO - Started process (PID=23407) to work on /home/airflow/.local/lib/python3.8/site-packages/airflow/example_dags/example_trigger_controller_dag.py
[2024-03-19T09:50:29.971+0000] {processor.py:830} INFO - Processing file /home/airflow/.local/lib/python3.8/site-packages/airflow/example_dags/example_trigger_controller_dag.py for tasks to queue
[2024-03-19T09:50:29.977+0000] {logging_mixin.py:188} INFO - [2024-03-19T09:50:29.976+0000] {dagbag.py:540} INFO - Filling up the DagBag from /home/airflow/.local/lib/python3.8/site-packages/airflow/example_dags/example_trigger_controller_dag.py
[2024-03-19T09:50:30.022+0000] {processor.py:840} INFO - DAG(s) 'example_trigger_controller_dag' retrieved from /home/airflow/.local/lib/python3.8/site-packages/airflow/example_dags/example_trigger_controller_dag.py
[2024-03-19T09:50:30.073+0000] {logging_mixin.py:188} INFO - [2024-03-19T09:50:30.072+0000] {dag.py:3047} INFO - Sync 1 DAGs
[2024-03-19T09:50:30.114+0000] {logging_mixin.py:188} INFO - [2024-03-19T09:50:30.114+0000] {dag.py:3834} INFO - Setting next_dagrun for example_trigger_controller_dag to 2021-01-01 00:00:00+00:00, run_after=2021-01-01 00:00:00+00:00
[2024-03-19T09:50:30.150+0000] {processor.py:183} INFO - Processing /home/airflow/.local/lib/python3.8/site-packages/airflow/example_dags/example_trigger_controller_dag.py took 0.190 seconds
[2024-03-19T09:51:06.642+0000] {processor.py:161} INFO - Started process (PID=23466) to work on /home/airflow/.local/lib/python3.8/site-packages/airflow/example_dags/example_trigger_controller_dag.py
[2024-03-19T09:51:06.646+0000] {processor.py:830} INFO - Processing file /home/airflow/.local/lib/python3.8/site-packages/airflow/example_dags/example_trigger_controller_dag.py for tasks to queue
[2024-03-19T09:51:06.649+0000] {logging_mixin.py:188} INFO - [2024-03-19T09:51:06.648+0000] {dagbag.py:540} INFO - Filling up the DagBag from /home/airflow/.local/lib/python3.8/site-packages/airflow/example_dags/example_trigger_controller_dag.py
[2024-03-19T09:51:06.663+0000] {processor.py:840} INFO - DAG(s) 'example_trigger_controller_dag' retrieved from /home/airflow/.local/lib/python3.8/site-packages/airflow/example_dags/example_trigger_controller_dag.py
[2024-03-19T09:51:06.754+0000] {logging_mixin.py:188} INFO - [2024-03-19T09:51:06.753+0000] {dag.py:3047} INFO - Sync 1 DAGs
[2024-03-19T09:51:06.822+0000] {logging_mixin.py:188} INFO - [2024-03-19T09:51:06.822+0000] {dag.py:3834} INFO - Setting next_dagrun for example_trigger_controller_dag to 2021-01-01 00:00:00+00:00, run_after=2021-01-01 00:00:00+00:00
[2024-03-19T09:51:06.862+0000] {processor.py:183} INFO - Processing /home/airflow/.local/lib/python3.8/site-packages/airflow/example_dags/example_trigger_controller_dag.py took 0.235 seconds
[2024-03-19T09:51:37.707+0000] {processor.py:161} INFO - Started process (PID=23521) to work on /home/airflow/.local/lib/python3.8/site-packages/airflow/example_dags/example_trigger_controller_dag.py
[2024-03-19T09:51:37.710+0000] {processor.py:830} INFO - Processing file /home/airflow/.local/lib/python3.8/site-packages/airflow/example_dags/example_trigger_controller_dag.py for tasks to queue
[2024-03-19T09:51:37.713+0000] {logging_mixin.py:188} INFO - [2024-03-19T09:51:37.712+0000] {dagbag.py:540} INFO - Filling up the DagBag from /home/airflow/.local/lib/python3.8/site-packages/airflow/example_dags/example_trigger_controller_dag.py
[2024-03-19T09:51:37.720+0000] {processor.py:840} INFO - DAG(s) 'example_trigger_controller_dag' retrieved from /home/airflow/.local/lib/python3.8/site-packages/airflow/example_dags/example_trigger_controller_dag.py
[2024-03-19T09:51:37.756+0000] {logging_mixin.py:188} INFO - [2024-03-19T09:51:37.755+0000] {dag.py:3047} INFO - Sync 1 DAGs
[2024-03-19T09:51:37.797+0000] {logging_mixin.py:188} INFO - [2024-03-19T09:51:37.796+0000] {dag.py:3834} INFO - Setting next_dagrun for example_trigger_controller_dag to 2021-01-01 00:00:00+00:00, run_after=2021-01-01 00:00:00+00:00
[2024-03-19T09:51:37.832+0000] {processor.py:183} INFO - Processing /home/airflow/.local/lib/python3.8/site-packages/airflow/example_dags/example_trigger_controller_dag.py took 0.130 seconds
[2024-03-19T09:52:08.042+0000] {processor.py:161} INFO - Started process (PID=23576) to work on /home/airflow/.local/lib/python3.8/site-packages/airflow/example_dags/example_trigger_controller_dag.py
[2024-03-19T09:52:08.044+0000] {processor.py:830} INFO - Processing file /home/airflow/.local/lib/python3.8/site-packages/airflow/example_dags/example_trigger_controller_dag.py for tasks to queue
[2024-03-19T09:52:08.047+0000] {logging_mixin.py:188} INFO - [2024-03-19T09:52:08.046+0000] {dagbag.py:540} INFO - Filling up the DagBag from /home/airflow/.local/lib/python3.8/site-packages/airflow/example_dags/example_trigger_controller_dag.py
[2024-03-19T09:52:08.057+0000] {processor.py:840} INFO - DAG(s) 'example_trigger_controller_dag' retrieved from /home/airflow/.local/lib/python3.8/site-packages/airflow/example_dags/example_trigger_controller_dag.py
[2024-03-19T09:52:08.096+0000] {logging_mixin.py:188} INFO - [2024-03-19T09:52:08.096+0000] {dag.py:3047} INFO - Sync 1 DAGs
[2024-03-19T09:52:08.137+0000] {logging_mixin.py:188} INFO - [2024-03-19T09:52:08.136+0000] {dag.py:3834} INFO - Setting next_dagrun for example_trigger_controller_dag to 2021-01-01 00:00:00+00:00, run_after=2021-01-01 00:00:00+00:00
[2024-03-19T09:52:08.199+0000] {processor.py:183} INFO - Processing /home/airflow/.local/lib/python3.8/site-packages/airflow/example_dags/example_trigger_controller_dag.py took 0.162 seconds
[2024-03-19T09:52:41.012+0000] {processor.py:161} INFO - Started process (PID=23629) to work on /home/airflow/.local/lib/python3.8/site-packages/airflow/example_dags/example_trigger_controller_dag.py
[2024-03-19T09:52:41.036+0000] {processor.py:830} INFO - Processing file /home/airflow/.local/lib/python3.8/site-packages/airflow/example_dags/example_trigger_controller_dag.py for tasks to queue
[2024-03-19T09:52:41.039+0000] {logging_mixin.py:188} INFO - [2024-03-19T09:52:41.038+0000] {dagbag.py:540} INFO - Filling up the DagBag from /home/airflow/.local/lib/python3.8/site-packages/airflow/example_dags/example_trigger_controller_dag.py
[2024-03-19T09:52:41.072+0000] {processor.py:840} INFO - DAG(s) 'example_trigger_controller_dag' retrieved from /home/airflow/.local/lib/python3.8/site-packages/airflow/example_dags/example_trigger_controller_dag.py
[2024-03-19T09:52:41.181+0000] {logging_mixin.py:188} INFO - [2024-03-19T09:52:41.181+0000] {dag.py:3047} INFO - Sync 1 DAGs
[2024-03-19T09:52:41.333+0000] {logging_mixin.py:188} INFO - [2024-03-19T09:52:41.332+0000] {dag.py:3834} INFO - Setting next_dagrun for example_trigger_controller_dag to 2021-01-01 00:00:00+00:00, run_after=2021-01-01 00:00:00+00:00
[2024-03-19T09:52:41.442+0000] {processor.py:183} INFO - Processing /home/airflow/.local/lib/python3.8/site-packages/airflow/example_dags/example_trigger_controller_dag.py took 0.448 seconds
[2024-03-19T09:53:12.499+0000] {processor.py:161} INFO - Started process (PID=23684) to work on /home/airflow/.local/lib/python3.8/site-packages/airflow/example_dags/example_trigger_controller_dag.py
[2024-03-19T09:53:12.503+0000] {processor.py:830} INFO - Processing file /home/airflow/.local/lib/python3.8/site-packages/airflow/example_dags/example_trigger_controller_dag.py for tasks to queue
[2024-03-19T09:53:12.511+0000] {logging_mixin.py:188} INFO - [2024-03-19T09:53:12.510+0000] {dagbag.py:540} INFO - Filling up the DagBag from /home/airflow/.local/lib/python3.8/site-packages/airflow/example_dags/example_trigger_controller_dag.py
[2024-03-19T09:53:12.532+0000] {processor.py:840} INFO - DAG(s) 'example_trigger_controller_dag' retrieved from /home/airflow/.local/lib/python3.8/site-packages/airflow/example_dags/example_trigger_controller_dag.py
[2024-03-19T09:53:12.570+0000] {logging_mixin.py:188} INFO - [2024-03-19T09:53:12.570+0000] {dag.py:3047} INFO - Sync 1 DAGs
[2024-03-19T09:53:12.604+0000] {logging_mixin.py:188} INFO - [2024-03-19T09:53:12.603+0000] {dag.py:3834} INFO - Setting next_dagrun for example_trigger_controller_dag to 2021-01-01 00:00:00+00:00, run_after=2021-01-01 00:00:00+00:00
[2024-03-19T09:53:12.639+0000] {processor.py:183} INFO - Processing /home/airflow/.local/lib/python3.8/site-packages/airflow/example_dags/example_trigger_controller_dag.py took 0.148 seconds
[2024-03-19T09:53:42.800+0000] {processor.py:161} INFO - Started process (PID=23739) to work on /home/airflow/.local/lib/python3.8/site-packages/airflow/example_dags/example_trigger_controller_dag.py
[2024-03-19T09:53:42.802+0000] {processor.py:830} INFO - Processing file /home/airflow/.local/lib/python3.8/site-packages/airflow/example_dags/example_trigger_controller_dag.py for tasks to queue
[2024-03-19T09:53:42.803+0000] {logging_mixin.py:188} INFO - [2024-03-19T09:53:42.803+0000] {dagbag.py:540} INFO - Filling up the DagBag from /home/airflow/.local/lib/python3.8/site-packages/airflow/example_dags/example_trigger_controller_dag.py
[2024-03-19T09:53:42.810+0000] {processor.py:840} INFO - DAG(s) 'example_trigger_controller_dag' retrieved from /home/airflow/.local/lib/python3.8/site-packages/airflow/example_dags/example_trigger_controller_dag.py
[2024-03-19T09:53:42.836+0000] {logging_mixin.py:188} INFO - [2024-03-19T09:53:42.836+0000] {dag.py:3047} INFO - Sync 1 DAGs
[2024-03-19T09:53:42.862+0000] {logging_mixin.py:188} INFO - [2024-03-19T09:53:42.861+0000] {dag.py:3834} INFO - Setting next_dagrun for example_trigger_controller_dag to 2021-01-01 00:00:00+00:00, run_after=2021-01-01 00:00:00+00:00
[2024-03-19T09:53:42.886+0000] {processor.py:183} INFO - Processing /home/airflow/.local/lib/python3.8/site-packages/airflow/example_dags/example_trigger_controller_dag.py took 0.096 seconds
[2024-03-19T09:54:13.031+0000] {processor.py:161} INFO - Started process (PID=23795) to work on /home/airflow/.local/lib/python3.8/site-packages/airflow/example_dags/example_trigger_controller_dag.py
[2024-03-19T09:54:13.033+0000] {processor.py:830} INFO - Processing file /home/airflow/.local/lib/python3.8/site-packages/airflow/example_dags/example_trigger_controller_dag.py for tasks to queue
[2024-03-19T09:54:13.035+0000] {logging_mixin.py:188} INFO - [2024-03-19T09:54:13.034+0000] {dagbag.py:540} INFO - Filling up the DagBag from /home/airflow/.local/lib/python3.8/site-packages/airflow/example_dags/example_trigger_controller_dag.py
[2024-03-19T09:54:13.041+0000] {processor.py:840} INFO - DAG(s) 'example_trigger_controller_dag' retrieved from /home/airflow/.local/lib/python3.8/site-packages/airflow/example_dags/example_trigger_controller_dag.py
[2024-03-19T09:54:13.067+0000] {logging_mixin.py:188} INFO - [2024-03-19T09:54:13.067+0000] {dag.py:3047} INFO - Sync 1 DAGs
[2024-03-19T09:54:13.091+0000] {logging_mixin.py:188} INFO - [2024-03-19T09:54:13.091+0000] {dag.py:3834} INFO - Setting next_dagrun for example_trigger_controller_dag to 2021-01-01 00:00:00+00:00, run_after=2021-01-01 00:00:00+00:00
[2024-03-19T09:54:13.117+0000] {processor.py:183} INFO - Processing /home/airflow/.local/lib/python3.8/site-packages/airflow/example_dags/example_trigger_controller_dag.py took 0.091 seconds
[2024-03-19T09:54:43.297+0000] {processor.py:161} INFO - Started process (PID=23850) to work on /home/airflow/.local/lib/python3.8/site-packages/airflow/example_dags/example_trigger_controller_dag.py
[2024-03-19T09:54:43.300+0000] {processor.py:830} INFO - Processing file /home/airflow/.local/lib/python3.8/site-packages/airflow/example_dags/example_trigger_controller_dag.py for tasks to queue
[2024-03-19T09:54:43.302+0000] {logging_mixin.py:188} INFO - [2024-03-19T09:54:43.301+0000] {dagbag.py:540} INFO - Filling up the DagBag from /home/airflow/.local/lib/python3.8/site-packages/airflow/example_dags/example_trigger_controller_dag.py
[2024-03-19T09:54:43.307+0000] {processor.py:840} INFO - DAG(s) 'example_trigger_controller_dag' retrieved from /home/airflow/.local/lib/python3.8/site-packages/airflow/example_dags/example_trigger_controller_dag.py
[2024-03-19T09:54:43.333+0000] {logging_mixin.py:188} INFO - [2024-03-19T09:54:43.332+0000] {dag.py:3047} INFO - Sync 1 DAGs
[2024-03-19T09:54:43.358+0000] {logging_mixin.py:188} INFO - [2024-03-19T09:54:43.357+0000] {dag.py:3834} INFO - Setting next_dagrun for example_trigger_controller_dag to 2021-01-01 00:00:00+00:00, run_after=2021-01-01 00:00:00+00:00
[2024-03-19T09:54:43.393+0000] {processor.py:183} INFO - Processing /home/airflow/.local/lib/python3.8/site-packages/airflow/example_dags/example_trigger_controller_dag.py took 0.100 seconds
[2024-03-19T09:55:13.900+0000] {processor.py:161} INFO - Started process (PID=23906) to work on /home/airflow/.local/lib/python3.8/site-packages/airflow/example_dags/example_trigger_controller_dag.py
[2024-03-19T09:55:13.902+0000] {processor.py:830} INFO - Processing file /home/airflow/.local/lib/python3.8/site-packages/airflow/example_dags/example_trigger_controller_dag.py for tasks to queue
[2024-03-19T09:55:13.904+0000] {logging_mixin.py:188} INFO - [2024-03-19T09:55:13.903+0000] {dagbag.py:540} INFO - Filling up the DagBag from /home/airflow/.local/lib/python3.8/site-packages/airflow/example_dags/example_trigger_controller_dag.py
[2024-03-19T09:55:13.914+0000] {processor.py:840} INFO - DAG(s) 'example_trigger_controller_dag' retrieved from /home/airflow/.local/lib/python3.8/site-packages/airflow/example_dags/example_trigger_controller_dag.py
[2024-03-19T09:55:13.945+0000] {logging_mixin.py:188} INFO - [2024-03-19T09:55:13.945+0000] {dag.py:3047} INFO - Sync 1 DAGs
[2024-03-19T09:55:13.975+0000] {logging_mixin.py:188} INFO - [2024-03-19T09:55:13.974+0000] {dag.py:3834} INFO - Setting next_dagrun for example_trigger_controller_dag to 2021-01-01 00:00:00+00:00, run_after=2021-01-01 00:00:00+00:00
[2024-03-19T09:55:13.999+0000] {processor.py:183} INFO - Processing /home/airflow/.local/lib/python3.8/site-packages/airflow/example_dags/example_trigger_controller_dag.py took 0.106 seconds
[2024-03-19T09:55:44.861+0000] {processor.py:161} INFO - Started process (PID=23961) to work on /home/airflow/.local/lib/python3.8/site-packages/airflow/example_dags/example_trigger_controller_dag.py
[2024-03-19T09:55:44.904+0000] {processor.py:830} INFO - Processing file /home/airflow/.local/lib/python3.8/site-packages/airflow/example_dags/example_trigger_controller_dag.py for tasks to queue
[2024-03-19T09:55:44.916+0000] {logging_mixin.py:188} INFO - [2024-03-19T09:55:44.912+0000] {dagbag.py:540} INFO - Filling up the DagBag from /home/airflow/.local/lib/python3.8/site-packages/airflow/example_dags/example_trigger_controller_dag.py
[2024-03-19T09:55:44.945+0000] {processor.py:840} INFO - DAG(s) 'example_trigger_controller_dag' retrieved from /home/airflow/.local/lib/python3.8/site-packages/airflow/example_dags/example_trigger_controller_dag.py
[2024-03-19T09:55:45.062+0000] {logging_mixin.py:188} INFO - [2024-03-19T09:55:45.061+0000] {dag.py:3047} INFO - Sync 1 DAGs
[2024-03-19T09:55:45.143+0000] {logging_mixin.py:188} INFO - [2024-03-19T09:55:45.142+0000] {dag.py:3834} INFO - Setting next_dagrun for example_trigger_controller_dag to 2021-01-01 00:00:00+00:00, run_after=2021-01-01 00:00:00+00:00
[2024-03-19T09:55:45.226+0000] {processor.py:183} INFO - Processing /home/airflow/.local/lib/python3.8/site-packages/airflow/example_dags/example_trigger_controller_dag.py took 0.375 seconds
[2024-03-19T09:56:15.592+0000] {processor.py:161} INFO - Started process (PID=24015) to work on /home/airflow/.local/lib/python3.8/site-packages/airflow/example_dags/example_trigger_controller_dag.py
[2024-03-19T09:56:15.595+0000] {processor.py:830} INFO - Processing file /home/airflow/.local/lib/python3.8/site-packages/airflow/example_dags/example_trigger_controller_dag.py for tasks to queue
[2024-03-19T09:56:15.599+0000] {logging_mixin.py:188} INFO - [2024-03-19T09:56:15.598+0000] {dagbag.py:540} INFO - Filling up the DagBag from /home/airflow/.local/lib/python3.8/site-packages/airflow/example_dags/example_trigger_controller_dag.py
[2024-03-19T09:56:15.610+0000] {processor.py:840} INFO - DAG(s) 'example_trigger_controller_dag' retrieved from /home/airflow/.local/lib/python3.8/site-packages/airflow/example_dags/example_trigger_controller_dag.py
[2024-03-19T09:56:15.659+0000] {logging_mixin.py:188} INFO - [2024-03-19T09:56:15.658+0000] {dag.py:3047} INFO - Sync 1 DAGs
[2024-03-19T09:56:15.699+0000] {logging_mixin.py:188} INFO - [2024-03-19T09:56:15.698+0000] {dag.py:3834} INFO - Setting next_dagrun for example_trigger_controller_dag to 2021-01-01 00:00:00+00:00, run_after=2021-01-01 00:00:00+00:00
[2024-03-19T09:56:15.731+0000] {processor.py:183} INFO - Processing /home/airflow/.local/lib/python3.8/site-packages/airflow/example_dags/example_trigger_controller_dag.py took 0.146 seconds
[2024-03-19T09:56:45.791+0000] {processor.py:161} INFO - Started process (PID=24070) to work on /home/airflow/.local/lib/python3.8/site-packages/airflow/example_dags/example_trigger_controller_dag.py
[2024-03-19T09:56:45.793+0000] {processor.py:830} INFO - Processing file /home/airflow/.local/lib/python3.8/site-packages/airflow/example_dags/example_trigger_controller_dag.py for tasks to queue
[2024-03-19T09:56:45.795+0000] {logging_mixin.py:188} INFO - [2024-03-19T09:56:45.794+0000] {dagbag.py:540} INFO - Filling up the DagBag from /home/airflow/.local/lib/python3.8/site-packages/airflow/example_dags/example_trigger_controller_dag.py
[2024-03-19T09:56:45.802+0000] {processor.py:840} INFO - DAG(s) 'example_trigger_controller_dag' retrieved from /home/airflow/.local/lib/python3.8/site-packages/airflow/example_dags/example_trigger_controller_dag.py
[2024-03-19T09:56:45.853+0000] {logging_mixin.py:188} INFO - [2024-03-19T09:56:45.853+0000] {dag.py:3047} INFO - Sync 1 DAGs
[2024-03-19T09:56:45.891+0000] {logging_mixin.py:188} INFO - [2024-03-19T09:56:45.891+0000] {dag.py:3834} INFO - Setting next_dagrun for example_trigger_controller_dag to 2021-01-01 00:00:00+00:00, run_after=2021-01-01 00:00:00+00:00
[2024-03-19T09:56:45.923+0000] {processor.py:183} INFO - Processing /home/airflow/.local/lib/python3.8/site-packages/airflow/example_dags/example_trigger_controller_dag.py took 0.136 seconds
[2024-03-19T09:57:16.520+0000] {processor.py:161} INFO - Started process (PID=24124) to work on /home/airflow/.local/lib/python3.8/site-packages/airflow/example_dags/example_trigger_controller_dag.py
[2024-03-19T09:57:16.524+0000] {processor.py:830} INFO - Processing file /home/airflow/.local/lib/python3.8/site-packages/airflow/example_dags/example_trigger_controller_dag.py for tasks to queue
[2024-03-19T09:57:16.527+0000] {logging_mixin.py:188} INFO - [2024-03-19T09:57:16.526+0000] {dagbag.py:540} INFO - Filling up the DagBag from /home/airflow/.local/lib/python3.8/site-packages/airflow/example_dags/example_trigger_controller_dag.py
[2024-03-19T09:57:16.542+0000] {processor.py:840} INFO - DAG(s) 'example_trigger_controller_dag' retrieved from /home/airflow/.local/lib/python3.8/site-packages/airflow/example_dags/example_trigger_controller_dag.py
[2024-03-19T09:57:16.676+0000] {logging_mixin.py:188} INFO - [2024-03-19T09:57:16.675+0000] {dag.py:3047} INFO - Sync 1 DAGs
[2024-03-19T09:57:16.807+0000] {logging_mixin.py:188} INFO - [2024-03-19T09:57:16.804+0000] {dag.py:3834} INFO - Setting next_dagrun for example_trigger_controller_dag to 2021-01-01 00:00:00+00:00, run_after=2021-01-01 00:00:00+00:00
[2024-03-19T09:57:17.106+0000] {processor.py:183} INFO - Processing /home/airflow/.local/lib/python3.8/site-packages/airflow/example_dags/example_trigger_controller_dag.py took 0.597 seconds
