[2024-03-19T09:44:17.767+0000] {processor.py:161} INFO - Started process (PID=22771) to work on /home/airflow/.local/lib/python3.8/site-packages/airflow/example_dags/example_params_ui_tutorial.py
[2024-03-19T09:44:17.819+0000] {processor.py:830} INFO - Processing file /home/airflow/.local/lib/python3.8/site-packages/airflow/example_dags/example_params_ui_tutorial.py for tasks to queue
[2024-03-19T09:44:17.826+0000] {logging_mixin.py:188} INFO - [2024-03-19T09:44:17.825+0000] {dagbag.py:540} INFO - Filling up the DagBag from /home/airflow/.local/lib/python3.8/site-packages/airflow/example_dags/example_params_ui_tutorial.py
[2024-03-19T09:44:17.899+0000] {processor.py:840} INFO - DAG(s) 'example_params_ui_tutorial' retrieved from /home/airflow/.local/lib/python3.8/site-packages/airflow/example_dags/example_params_ui_tutorial.py
[2024-03-19T09:44:18.124+0000] {logging_mixin.py:188} INFO - [2024-03-19T09:44:18.123+0000] {dag.py:3047} INFO - Sync 1 DAGs
[2024-03-19T09:44:18.169+0000] {logging_mixin.py:188} INFO - [2024-03-19T09:44:18.168+0000] {dag.py:3834} INFO - Setting next_dagrun for example_params_ui_tutorial to None, run_after=None
[2024-03-19T09:44:18.228+0000] {processor.py:183} INFO - Processing /home/airflow/.local/lib/python3.8/site-packages/airflow/example_dags/example_params_ui_tutorial.py took 0.499 seconds
[2024-03-19T09:44:48.732+0000] {processor.py:161} INFO - Started process (PID=22825) to work on /home/airflow/.local/lib/python3.8/site-packages/airflow/example_dags/example_params_ui_tutorial.py
[2024-03-19T09:44:48.734+0000] {processor.py:830} INFO - Processing file /home/airflow/.local/lib/python3.8/site-packages/airflow/example_dags/example_params_ui_tutorial.py for tasks to queue
[2024-03-19T09:44:48.735+0000] {logging_mixin.py:188} INFO - [2024-03-19T09:44:48.735+0000] {dagbag.py:540} INFO - Filling up the DagBag from /home/airflow/.local/lib/python3.8/site-packages/airflow/example_dags/example_params_ui_tutorial.py
[2024-03-19T09:44:48.750+0000] {processor.py:840} INFO - DAG(s) 'example_params_ui_tutorial' retrieved from /home/airflow/.local/lib/python3.8/site-packages/airflow/example_dags/example_params_ui_tutorial.py
[2024-03-19T09:44:48.829+0000] {logging_mixin.py:188} INFO - [2024-03-19T09:44:48.828+0000] {dag.py:3047} INFO - Sync 1 DAGs
[2024-03-19T09:44:48.845+0000] {logging_mixin.py:188} INFO - [2024-03-19T09:44:48.844+0000] {dag.py:3834} INFO - Setting next_dagrun for example_params_ui_tutorial to None, run_after=None
[2024-03-19T09:44:48.869+0000] {processor.py:183} INFO - Processing /home/airflow/.local/lib/python3.8/site-packages/airflow/example_dags/example_params_ui_tutorial.py took 0.141 seconds
[2024-03-19T09:45:21.867+0000] {processor.py:161} INFO - Started process (PID=22880) to work on /home/airflow/.local/lib/python3.8/site-packages/airflow/example_dags/example_params_ui_tutorial.py
[2024-03-19T09:45:21.933+0000] {processor.py:830} INFO - Processing file /home/airflow/.local/lib/python3.8/site-packages/airflow/example_dags/example_params_ui_tutorial.py for tasks to queue
[2024-03-19T09:45:21.943+0000] {logging_mixin.py:188} INFO - [2024-03-19T09:45:21.940+0000] {dagbag.py:540} INFO - Filling up the DagBag from /home/airflow/.local/lib/python3.8/site-packages/airflow/example_dags/example_params_ui_tutorial.py
[2024-03-19T09:45:22.117+0000] {processor.py:840} INFO - DAG(s) 'example_params_ui_tutorial' retrieved from /home/airflow/.local/lib/python3.8/site-packages/airflow/example_dags/example_params_ui_tutorial.py
[2024-03-19T09:45:22.743+0000] {logging_mixin.py:188} INFO - [2024-03-19T09:45:22.734+0000] {dag.py:3047} INFO - Sync 1 DAGs
[2024-03-19T09:45:22.812+0000] {logging_mixin.py:188} INFO - [2024-03-19T09:45:22.811+0000] {dag.py:3834} INFO - Setting next_dagrun for example_params_ui_tutorial to None, run_after=None
[2024-03-19T09:45:22.963+0000] {processor.py:183} INFO - Processing /home/airflow/.local/lib/python3.8/site-packages/airflow/example_dags/example_params_ui_tutorial.py took 1.252 seconds
[2024-03-19T09:45:54.176+0000] {processor.py:161} INFO - Started process (PID=22935) to work on /home/airflow/.local/lib/python3.8/site-packages/airflow/example_dags/example_params_ui_tutorial.py
[2024-03-19T09:45:54.179+0000] {processor.py:830} INFO - Processing file /home/airflow/.local/lib/python3.8/site-packages/airflow/example_dags/example_params_ui_tutorial.py for tasks to queue
[2024-03-19T09:45:54.184+0000] {logging_mixin.py:188} INFO - [2024-03-19T09:45:54.182+0000] {dagbag.py:540} INFO - Filling up the DagBag from /home/airflow/.local/lib/python3.8/site-packages/airflow/example_dags/example_params_ui_tutorial.py
[2024-03-19T09:45:54.591+0000] {processor.py:840} INFO - DAG(s) 'example_params_ui_tutorial' retrieved from /home/airflow/.local/lib/python3.8/site-packages/airflow/example_dags/example_params_ui_tutorial.py
[2024-03-19T09:45:55.024+0000] {logging_mixin.py:188} INFO - [2024-03-19T09:45:55.023+0000] {dag.py:3047} INFO - Sync 1 DAGs
[2024-03-19T09:45:55.174+0000] {logging_mixin.py:188} INFO - [2024-03-19T09:45:55.173+0000] {dag.py:3834} INFO - Setting next_dagrun for example_params_ui_tutorial to None, run_after=None
[2024-03-19T09:45:55.297+0000] {processor.py:183} INFO - Processing /home/airflow/.local/lib/python3.8/site-packages/airflow/example_dags/example_params_ui_tutorial.py took 1.137 seconds
[2024-03-19T09:46:26.221+0000] {processor.py:161} INFO - Started process (PID=22988) to work on /home/airflow/.local/lib/python3.8/site-packages/airflow/example_dags/example_params_ui_tutorial.py
[2024-03-19T09:46:26.225+0000] {processor.py:830} INFO - Processing file /home/airflow/.local/lib/python3.8/site-packages/airflow/example_dags/example_params_ui_tutorial.py for tasks to queue
[2024-03-19T09:46:26.228+0000] {logging_mixin.py:188} INFO - [2024-03-19T09:46:26.227+0000] {dagbag.py:540} INFO - Filling up the DagBag from /home/airflow/.local/lib/python3.8/site-packages/airflow/example_dags/example_params_ui_tutorial.py
[2024-03-19T09:46:26.263+0000] {processor.py:840} INFO - DAG(s) 'example_params_ui_tutorial' retrieved from /home/airflow/.local/lib/python3.8/site-packages/airflow/example_dags/example_params_ui_tutorial.py
[2024-03-19T09:46:26.427+0000] {logging_mixin.py:188} INFO - [2024-03-19T09:46:26.427+0000] {dag.py:3047} INFO - Sync 1 DAGs
[2024-03-19T09:46:26.453+0000] {logging_mixin.py:188} INFO - [2024-03-19T09:46:26.453+0000] {dag.py:3834} INFO - Setting next_dagrun for example_params_ui_tutorial to None, run_after=None
[2024-03-19T09:46:26.488+0000] {processor.py:183} INFO - Processing /home/airflow/.local/lib/python3.8/site-packages/airflow/example_dags/example_params_ui_tutorial.py took 0.274 seconds
[2024-03-19T09:46:56.872+0000] {processor.py:161} INFO - Started process (PID=23043) to work on /home/airflow/.local/lib/python3.8/site-packages/airflow/example_dags/example_params_ui_tutorial.py
[2024-03-19T09:46:56.874+0000] {processor.py:830} INFO - Processing file /home/airflow/.local/lib/python3.8/site-packages/airflow/example_dags/example_params_ui_tutorial.py for tasks to queue
[2024-03-19T09:46:56.876+0000] {logging_mixin.py:188} INFO - [2024-03-19T09:46:56.875+0000] {dagbag.py:540} INFO - Filling up the DagBag from /home/airflow/.local/lib/python3.8/site-packages/airflow/example_dags/example_params_ui_tutorial.py
[2024-03-19T09:46:56.894+0000] {processor.py:840} INFO - DAG(s) 'example_params_ui_tutorial' retrieved from /home/airflow/.local/lib/python3.8/site-packages/airflow/example_dags/example_params_ui_tutorial.py
[2024-03-19T09:46:57.018+0000] {logging_mixin.py:188} INFO - [2024-03-19T09:46:57.017+0000] {dag.py:3047} INFO - Sync 1 DAGs
[2024-03-19T09:46:57.042+0000] {logging_mixin.py:188} INFO - [2024-03-19T09:46:57.042+0000] {dag.py:3834} INFO - Setting next_dagrun for example_params_ui_tutorial to None, run_after=None
[2024-03-19T09:46:57.074+0000] {processor.py:183} INFO - Processing /home/airflow/.local/lib/python3.8/site-packages/airflow/example_dags/example_params_ui_tutorial.py took 0.206 seconds
[2024-03-19T09:47:27.568+0000] {processor.py:161} INFO - Started process (PID=23098) to work on /home/airflow/.local/lib/python3.8/site-packages/airflow/example_dags/example_params_ui_tutorial.py
[2024-03-19T09:47:27.574+0000] {processor.py:830} INFO - Processing file /home/airflow/.local/lib/python3.8/site-packages/airflow/example_dags/example_params_ui_tutorial.py for tasks to queue
[2024-03-19T09:47:27.577+0000] {logging_mixin.py:188} INFO - [2024-03-19T09:47:27.576+0000] {dagbag.py:540} INFO - Filling up the DagBag from /home/airflow/.local/lib/python3.8/site-packages/airflow/example_dags/example_params_ui_tutorial.py
[2024-03-19T09:47:27.617+0000] {processor.py:840} INFO - DAG(s) 'example_params_ui_tutorial' retrieved from /home/airflow/.local/lib/python3.8/site-packages/airflow/example_dags/example_params_ui_tutorial.py
[2024-03-19T09:47:27.760+0000] {logging_mixin.py:188} INFO - [2024-03-19T09:47:27.759+0000] {dag.py:3047} INFO - Sync 1 DAGs
[2024-03-19T09:47:27.781+0000] {logging_mixin.py:188} INFO - [2024-03-19T09:47:27.781+0000] {dag.py:3834} INFO - Setting next_dagrun for example_params_ui_tutorial to None, run_after=None
[2024-03-19T09:47:27.819+0000] {processor.py:183} INFO - Processing /home/airflow/.local/lib/python3.8/site-packages/airflow/example_dags/example_params_ui_tutorial.py took 0.264 seconds
[2024-03-19T09:47:58.067+0000] {processor.py:161} INFO - Started process (PID=23153) to work on /home/airflow/.local/lib/python3.8/site-packages/airflow/example_dags/example_params_ui_tutorial.py
[2024-03-19T09:47:58.070+0000] {processor.py:830} INFO - Processing file /home/airflow/.local/lib/python3.8/site-packages/airflow/example_dags/example_params_ui_tutorial.py for tasks to queue
[2024-03-19T09:47:58.072+0000] {logging_mixin.py:188} INFO - [2024-03-19T09:47:58.071+0000] {dagbag.py:540} INFO - Filling up the DagBag from /home/airflow/.local/lib/python3.8/site-packages/airflow/example_dags/example_params_ui_tutorial.py
[2024-03-19T09:47:58.095+0000] {processor.py:840} INFO - DAG(s) 'example_params_ui_tutorial' retrieved from /home/airflow/.local/lib/python3.8/site-packages/airflow/example_dags/example_params_ui_tutorial.py
[2024-03-19T09:47:58.222+0000] {logging_mixin.py:188} INFO - [2024-03-19T09:47:58.222+0000] {dag.py:3047} INFO - Sync 1 DAGs
[2024-03-19T09:47:58.247+0000] {logging_mixin.py:188} INFO - [2024-03-19T09:47:58.247+0000] {dag.py:3834} INFO - Setting next_dagrun for example_params_ui_tutorial to None, run_after=None
[2024-03-19T09:47:58.282+0000] {processor.py:183} INFO - Processing /home/airflow/.local/lib/python3.8/site-packages/airflow/example_dags/example_params_ui_tutorial.py took 0.221 seconds
[2024-03-19T09:48:28.415+0000] {processor.py:161} INFO - Started process (PID=23206) to work on /home/airflow/.local/lib/python3.8/site-packages/airflow/example_dags/example_params_ui_tutorial.py
[2024-03-19T09:48:28.417+0000] {processor.py:830} INFO - Processing file /home/airflow/.local/lib/python3.8/site-packages/airflow/example_dags/example_params_ui_tutorial.py for tasks to queue
[2024-03-19T09:48:28.419+0000] {logging_mixin.py:188} INFO - [2024-03-19T09:48:28.419+0000] {dagbag.py:540} INFO - Filling up the DagBag from /home/airflow/.local/lib/python3.8/site-packages/airflow/example_dags/example_params_ui_tutorial.py
[2024-03-19T09:48:28.436+0000] {processor.py:840} INFO - DAG(s) 'example_params_ui_tutorial' retrieved from /home/airflow/.local/lib/python3.8/site-packages/airflow/example_dags/example_params_ui_tutorial.py
[2024-03-19T09:48:28.541+0000] {logging_mixin.py:188} INFO - [2024-03-19T09:48:28.540+0000] {dag.py:3047} INFO - Sync 1 DAGs
[2024-03-19T09:48:28.561+0000] {logging_mixin.py:188} INFO - [2024-03-19T09:48:28.561+0000] {dag.py:3834} INFO - Setting next_dagrun for example_params_ui_tutorial to None, run_after=None
[2024-03-19T09:48:28.599+0000] {processor.py:183} INFO - Processing /home/airflow/.local/lib/python3.8/site-packages/airflow/example_dags/example_params_ui_tutorial.py took 0.188 seconds
[2024-03-19T09:49:03.656+0000] {processor.py:161} INFO - Started process (PID=23261) to work on /home/airflow/.local/lib/python3.8/site-packages/airflow/example_dags/example_params_ui_tutorial.py
[2024-03-19T09:49:03.666+0000] {processor.py:830} INFO - Processing file /home/airflow/.local/lib/python3.8/site-packages/airflow/example_dags/example_params_ui_tutorial.py for tasks to queue
[2024-03-19T09:49:03.669+0000] {logging_mixin.py:188} INFO - [2024-03-19T09:49:03.668+0000] {dagbag.py:540} INFO - Filling up the DagBag from /home/airflow/.local/lib/python3.8/site-packages/airflow/example_dags/example_params_ui_tutorial.py
[2024-03-19T09:49:03.703+0000] {processor.py:840} INFO - DAG(s) 'example_params_ui_tutorial' retrieved from /home/airflow/.local/lib/python3.8/site-packages/airflow/example_dags/example_params_ui_tutorial.py
[2024-03-19T09:49:03.848+0000] {logging_mixin.py:188} INFO - [2024-03-19T09:49:03.848+0000] {dag.py:3047} INFO - Sync 1 DAGs
[2024-03-19T09:49:03.870+0000] {logging_mixin.py:188} INFO - [2024-03-19T09:49:03.870+0000] {dag.py:3834} INFO - Setting next_dagrun for example_params_ui_tutorial to None, run_after=None
[2024-03-19T09:49:03.908+0000] {processor.py:183} INFO - Processing /home/airflow/.local/lib/python3.8/site-packages/airflow/example_dags/example_params_ui_tutorial.py took 0.261 seconds
[2024-03-19T09:49:34.127+0000] {processor.py:161} INFO - Started process (PID=23314) to work on /home/airflow/.local/lib/python3.8/site-packages/airflow/example_dags/example_params_ui_tutorial.py
[2024-03-19T09:49:34.129+0000] {processor.py:830} INFO - Processing file /home/airflow/.local/lib/python3.8/site-packages/airflow/example_dags/example_params_ui_tutorial.py for tasks to queue
[2024-03-19T09:49:34.131+0000] {logging_mixin.py:188} INFO - [2024-03-19T09:49:34.131+0000] {dagbag.py:540} INFO - Filling up the DagBag from /home/airflow/.local/lib/python3.8/site-packages/airflow/example_dags/example_params_ui_tutorial.py
[2024-03-19T09:49:34.157+0000] {processor.py:840} INFO - DAG(s) 'example_params_ui_tutorial' retrieved from /home/airflow/.local/lib/python3.8/site-packages/airflow/example_dags/example_params_ui_tutorial.py
[2024-03-19T09:49:34.259+0000] {logging_mixin.py:188} INFO - [2024-03-19T09:49:34.259+0000] {dag.py:3047} INFO - Sync 1 DAGs
[2024-03-19T09:49:34.279+0000] {logging_mixin.py:188} INFO - [2024-03-19T09:49:34.279+0000] {dag.py:3834} INFO - Setting next_dagrun for example_params_ui_tutorial to None, run_after=None
[2024-03-19T09:49:34.307+0000] {processor.py:183} INFO - Processing /home/airflow/.local/lib/python3.8/site-packages/airflow/example_dags/example_params_ui_tutorial.py took 0.185 seconds
[2024-03-19T09:50:04.558+0000] {processor.py:161} INFO - Started process (PID=23363) to work on /home/airflow/.local/lib/python3.8/site-packages/airflow/example_dags/example_params_ui_tutorial.py
[2024-03-19T09:50:04.560+0000] {processor.py:830} INFO - Processing file /home/airflow/.local/lib/python3.8/site-packages/airflow/example_dags/example_params_ui_tutorial.py for tasks to queue
[2024-03-19T09:50:04.563+0000] {logging_mixin.py:188} INFO - [2024-03-19T09:50:04.562+0000] {dagbag.py:540} INFO - Filling up the DagBag from /home/airflow/.local/lib/python3.8/site-packages/airflow/example_dags/example_params_ui_tutorial.py
[2024-03-19T09:50:04.583+0000] {processor.py:840} INFO - DAG(s) 'example_params_ui_tutorial' retrieved from /home/airflow/.local/lib/python3.8/site-packages/airflow/example_dags/example_params_ui_tutorial.py
[2024-03-19T09:50:04.705+0000] {logging_mixin.py:188} INFO - [2024-03-19T09:50:04.705+0000] {dag.py:3047} INFO - Sync 1 DAGs
[2024-03-19T09:50:04.722+0000] {logging_mixin.py:188} INFO - [2024-03-19T09:50:04.722+0000] {dag.py:3834} INFO - Setting next_dagrun for example_params_ui_tutorial to None, run_after=None
[2024-03-19T09:50:04.751+0000] {processor.py:183} INFO - Processing /home/airflow/.local/lib/python3.8/site-packages/airflow/example_dags/example_params_ui_tutorial.py took 0.198 seconds
[2024-03-19T09:50:35.340+0000] {processor.py:161} INFO - Started process (PID=23418) to work on /home/airflow/.local/lib/python3.8/site-packages/airflow/example_dags/example_params_ui_tutorial.py
[2024-03-19T09:50:35.364+0000] {processor.py:830} INFO - Processing file /home/airflow/.local/lib/python3.8/site-packages/airflow/example_dags/example_params_ui_tutorial.py for tasks to queue
[2024-03-19T09:50:35.376+0000] {logging_mixin.py:188} INFO - [2024-03-19T09:50:35.376+0000] {dagbag.py:540} INFO - Filling up the DagBag from /home/airflow/.local/lib/python3.8/site-packages/airflow/example_dags/example_params_ui_tutorial.py
[2024-03-19T09:50:35.442+0000] {processor.py:840} INFO - DAG(s) 'example_params_ui_tutorial' retrieved from /home/airflow/.local/lib/python3.8/site-packages/airflow/example_dags/example_params_ui_tutorial.py
[2024-03-19T09:50:36.266+0000] {logging_mixin.py:188} INFO - [2024-03-19T09:50:36.265+0000] {dag.py:3047} INFO - Sync 1 DAGs
[2024-03-19T09:50:36.308+0000] {logging_mixin.py:188} INFO - [2024-03-19T09:50:36.307+0000] {dag.py:3834} INFO - Setting next_dagrun for example_params_ui_tutorial to None, run_after=None
[2024-03-19T09:50:36.400+0000] {processor.py:183} INFO - Processing /home/airflow/.local/lib/python3.8/site-packages/airflow/example_dags/example_params_ui_tutorial.py took 1.068 seconds
[2024-03-19T09:51:07.496+0000] {processor.py:161} INFO - Started process (PID=23472) to work on /home/airflow/.local/lib/python3.8/site-packages/airflow/example_dags/example_params_ui_tutorial.py
[2024-03-19T09:51:07.499+0000] {processor.py:830} INFO - Processing file /home/airflow/.local/lib/python3.8/site-packages/airflow/example_dags/example_params_ui_tutorial.py for tasks to queue
[2024-03-19T09:51:07.503+0000] {logging_mixin.py:188} INFO - [2024-03-19T09:51:07.502+0000] {dagbag.py:540} INFO - Filling up the DagBag from /home/airflow/.local/lib/python3.8/site-packages/airflow/example_dags/example_params_ui_tutorial.py
[2024-03-19T09:51:07.535+0000] {processor.py:840} INFO - DAG(s) 'example_params_ui_tutorial' retrieved from /home/airflow/.local/lib/python3.8/site-packages/airflow/example_dags/example_params_ui_tutorial.py
[2024-03-19T09:51:07.830+0000] {logging_mixin.py:188} INFO - [2024-03-19T09:51:07.829+0000] {dag.py:3047} INFO - Sync 1 DAGs
[2024-03-19T09:51:07.898+0000] {logging_mixin.py:188} INFO - [2024-03-19T09:51:07.897+0000] {dag.py:3834} INFO - Setting next_dagrun for example_params_ui_tutorial to None, run_after=None
[2024-03-19T09:51:07.973+0000] {processor.py:183} INFO - Processing /home/airflow/.local/lib/python3.8/site-packages/airflow/example_dags/example_params_ui_tutorial.py took 0.486 seconds
[2024-03-19T09:51:38.183+0000] {processor.py:161} INFO - Started process (PID=23526) to work on /home/airflow/.local/lib/python3.8/site-packages/airflow/example_dags/example_params_ui_tutorial.py
[2024-03-19T09:51:38.185+0000] {processor.py:830} INFO - Processing file /home/airflow/.local/lib/python3.8/site-packages/airflow/example_dags/example_params_ui_tutorial.py for tasks to queue
[2024-03-19T09:51:38.186+0000] {logging_mixin.py:188} INFO - [2024-03-19T09:51:38.186+0000] {dagbag.py:540} INFO - Filling up the DagBag from /home/airflow/.local/lib/python3.8/site-packages/airflow/example_dags/example_params_ui_tutorial.py
[2024-03-19T09:51:38.206+0000] {processor.py:840} INFO - DAG(s) 'example_params_ui_tutorial' retrieved from /home/airflow/.local/lib/python3.8/site-packages/airflow/example_dags/example_params_ui_tutorial.py
[2024-03-19T09:51:38.303+0000] {logging_mixin.py:188} INFO - [2024-03-19T09:51:38.303+0000] {dag.py:3047} INFO - Sync 1 DAGs
[2024-03-19T09:51:38.322+0000] {logging_mixin.py:188} INFO - [2024-03-19T09:51:38.322+0000] {dag.py:3834} INFO - Setting next_dagrun for example_params_ui_tutorial to None, run_after=None
[2024-03-19T09:51:38.362+0000] {processor.py:183} INFO - Processing /home/airflow/.local/lib/python3.8/site-packages/airflow/example_dags/example_params_ui_tutorial.py took 0.184 seconds
[2024-03-19T09:52:08.688+0000] {processor.py:161} INFO - Started process (PID=23581) to work on /home/airflow/.local/lib/python3.8/site-packages/airflow/example_dags/example_params_ui_tutorial.py
[2024-03-19T09:52:08.694+0000] {processor.py:830} INFO - Processing file /home/airflow/.local/lib/python3.8/site-packages/airflow/example_dags/example_params_ui_tutorial.py for tasks to queue
[2024-03-19T09:52:08.698+0000] {logging_mixin.py:188} INFO - [2024-03-19T09:52:08.697+0000] {dagbag.py:540} INFO - Filling up the DagBag from /home/airflow/.local/lib/python3.8/site-packages/airflow/example_dags/example_params_ui_tutorial.py
[2024-03-19T09:52:08.757+0000] {processor.py:840} INFO - DAG(s) 'example_params_ui_tutorial' retrieved from /home/airflow/.local/lib/python3.8/site-packages/airflow/example_dags/example_params_ui_tutorial.py
[2024-03-19T09:52:08.957+0000] {logging_mixin.py:188} INFO - [2024-03-19T09:52:08.955+0000] {dag.py:3047} INFO - Sync 1 DAGs
[2024-03-19T09:52:09.001+0000] {logging_mixin.py:188} INFO - [2024-03-19T09:52:09.001+0000] {dag.py:3834} INFO - Setting next_dagrun for example_params_ui_tutorial to None, run_after=None
[2024-03-19T09:52:09.141+0000] {processor.py:183} INFO - Processing /home/airflow/.local/lib/python3.8/site-packages/airflow/example_dags/example_params_ui_tutorial.py took 0.461 seconds
[2024-03-19T09:52:41.749+0000] {processor.py:161} INFO - Started process (PID=23632) to work on /home/airflow/.local/lib/python3.8/site-packages/airflow/example_dags/example_params_ui_tutorial.py
[2024-03-19T09:52:41.751+0000] {processor.py:830} INFO - Processing file /home/airflow/.local/lib/python3.8/site-packages/airflow/example_dags/example_params_ui_tutorial.py for tasks to queue
[2024-03-19T09:52:41.755+0000] {logging_mixin.py:188} INFO - [2024-03-19T09:52:41.754+0000] {dagbag.py:540} INFO - Filling up the DagBag from /home/airflow/.local/lib/python3.8/site-packages/airflow/example_dags/example_params_ui_tutorial.py
[2024-03-19T09:52:41.835+0000] {processor.py:840} INFO - DAG(s) 'example_params_ui_tutorial' retrieved from /home/airflow/.local/lib/python3.8/site-packages/airflow/example_dags/example_params_ui_tutorial.py
[2024-03-19T09:52:42.427+0000] {logging_mixin.py:188} INFO - [2024-03-19T09:52:42.424+0000] {dag.py:3047} INFO - Sync 1 DAGs
[2024-03-19T09:52:42.487+0000] {logging_mixin.py:188} INFO - [2024-03-19T09:52:42.484+0000] {dag.py:3834} INFO - Setting next_dagrun for example_params_ui_tutorial to None, run_after=None
[2024-03-19T09:52:42.559+0000] {processor.py:183} INFO - Processing /home/airflow/.local/lib/python3.8/site-packages/airflow/example_dags/example_params_ui_tutorial.py took 0.823 seconds
[2024-03-19T09:53:12.699+0000] {processor.py:161} INFO - Started process (PID=23686) to work on /home/airflow/.local/lib/python3.8/site-packages/airflow/example_dags/example_params_ui_tutorial.py
[2024-03-19T09:53:12.701+0000] {processor.py:830} INFO - Processing file /home/airflow/.local/lib/python3.8/site-packages/airflow/example_dags/example_params_ui_tutorial.py for tasks to queue
[2024-03-19T09:53:12.703+0000] {logging_mixin.py:188} INFO - [2024-03-19T09:53:12.702+0000] {dagbag.py:540} INFO - Filling up the DagBag from /home/airflow/.local/lib/python3.8/site-packages/airflow/example_dags/example_params_ui_tutorial.py
[2024-03-19T09:53:12.719+0000] {processor.py:840} INFO - DAG(s) 'example_params_ui_tutorial' retrieved from /home/airflow/.local/lib/python3.8/site-packages/airflow/example_dags/example_params_ui_tutorial.py
[2024-03-19T09:53:12.807+0000] {logging_mixin.py:188} INFO - [2024-03-19T09:53:12.806+0000] {dag.py:3047} INFO - Sync 1 DAGs
[2024-03-19T09:53:12.822+0000] {logging_mixin.py:188} INFO - [2024-03-19T09:53:12.822+0000] {dag.py:3834} INFO - Setting next_dagrun for example_params_ui_tutorial to None, run_after=None
[2024-03-19T09:53:12.849+0000] {processor.py:183} INFO - Processing /home/airflow/.local/lib/python3.8/site-packages/airflow/example_dags/example_params_ui_tutorial.py took 0.154 seconds
[2024-03-19T09:53:42.934+0000] {processor.py:161} INFO - Started process (PID=23741) to work on /home/airflow/.local/lib/python3.8/site-packages/airflow/example_dags/example_params_ui_tutorial.py
[2024-03-19T09:53:42.936+0000] {processor.py:830} INFO - Processing file /home/airflow/.local/lib/python3.8/site-packages/airflow/example_dags/example_params_ui_tutorial.py for tasks to queue
[2024-03-19T09:53:42.937+0000] {logging_mixin.py:188} INFO - [2024-03-19T09:53:42.937+0000] {dagbag.py:540} INFO - Filling up the DagBag from /home/airflow/.local/lib/python3.8/site-packages/airflow/example_dags/example_params_ui_tutorial.py
[2024-03-19T09:53:42.960+0000] {processor.py:840} INFO - DAG(s) 'example_params_ui_tutorial' retrieved from /home/airflow/.local/lib/python3.8/site-packages/airflow/example_dags/example_params_ui_tutorial.py
[2024-03-19T09:53:43.067+0000] {logging_mixin.py:188} INFO - [2024-03-19T09:53:43.066+0000] {dag.py:3047} INFO - Sync 1 DAGs
[2024-03-19T09:53:43.085+0000] {logging_mixin.py:188} INFO - [2024-03-19T09:53:43.085+0000] {dag.py:3834} INFO - Setting next_dagrun for example_params_ui_tutorial to None, run_after=None
[2024-03-19T09:53:43.119+0000] {processor.py:183} INFO - Processing /home/airflow/.local/lib/python3.8/site-packages/airflow/example_dags/example_params_ui_tutorial.py took 0.192 seconds
[2024-03-19T09:54:13.174+0000] {processor.py:161} INFO - Started process (PID=23797) to work on /home/airflow/.local/lib/python3.8/site-packages/airflow/example_dags/example_params_ui_tutorial.py
[2024-03-19T09:54:13.175+0000] {processor.py:830} INFO - Processing file /home/airflow/.local/lib/python3.8/site-packages/airflow/example_dags/example_params_ui_tutorial.py for tasks to queue
[2024-03-19T09:54:13.177+0000] {logging_mixin.py:188} INFO - [2024-03-19T09:54:13.177+0000] {dagbag.py:540} INFO - Filling up the DagBag from /home/airflow/.local/lib/python3.8/site-packages/airflow/example_dags/example_params_ui_tutorial.py
[2024-03-19T09:54:13.194+0000] {processor.py:840} INFO - DAG(s) 'example_params_ui_tutorial' retrieved from /home/airflow/.local/lib/python3.8/site-packages/airflow/example_dags/example_params_ui_tutorial.py
[2024-03-19T09:54:13.270+0000] {logging_mixin.py:188} INFO - [2024-03-19T09:54:13.270+0000] {dag.py:3047} INFO - Sync 1 DAGs
[2024-03-19T09:54:13.284+0000] {logging_mixin.py:188} INFO - [2024-03-19T09:54:13.284+0000] {dag.py:3834} INFO - Setting next_dagrun for example_params_ui_tutorial to None, run_after=None
[2024-03-19T09:54:13.344+0000] {processor.py:183} INFO - Processing /home/airflow/.local/lib/python3.8/site-packages/airflow/example_dags/example_params_ui_tutorial.py took 0.175 seconds
[2024-03-19T09:54:43.432+0000] {processor.py:161} INFO - Started process (PID=23852) to work on /home/airflow/.local/lib/python3.8/site-packages/airflow/example_dags/example_params_ui_tutorial.py
[2024-03-19T09:54:43.436+0000] {processor.py:830} INFO - Processing file /home/airflow/.local/lib/python3.8/site-packages/airflow/example_dags/example_params_ui_tutorial.py for tasks to queue
[2024-03-19T09:54:43.438+0000] {logging_mixin.py:188} INFO - [2024-03-19T09:54:43.437+0000] {dagbag.py:540} INFO - Filling up the DagBag from /home/airflow/.local/lib/python3.8/site-packages/airflow/example_dags/example_params_ui_tutorial.py
[2024-03-19T09:54:43.453+0000] {processor.py:840} INFO - DAG(s) 'example_params_ui_tutorial' retrieved from /home/airflow/.local/lib/python3.8/site-packages/airflow/example_dags/example_params_ui_tutorial.py
[2024-03-19T09:54:43.581+0000] {logging_mixin.py:188} INFO - [2024-03-19T09:54:43.580+0000] {dag.py:3047} INFO - Sync 1 DAGs
[2024-03-19T09:54:43.610+0000] {logging_mixin.py:188} INFO - [2024-03-19T09:54:43.610+0000] {dag.py:3834} INFO - Setting next_dagrun for example_params_ui_tutorial to None, run_after=None
[2024-03-19T09:54:43.637+0000] {processor.py:183} INFO - Processing /home/airflow/.local/lib/python3.8/site-packages/airflow/example_dags/example_params_ui_tutorial.py took 0.209 seconds
[2024-03-19T09:55:13.909+0000] {processor.py:161} INFO - Started process (PID=23905) to work on /home/airflow/.local/lib/python3.8/site-packages/airflow/example_dags/example_params_ui_tutorial.py
[2024-03-19T09:55:13.911+0000] {processor.py:830} INFO - Processing file /home/airflow/.local/lib/python3.8/site-packages/airflow/example_dags/example_params_ui_tutorial.py for tasks to queue
[2024-03-19T09:55:13.913+0000] {logging_mixin.py:188} INFO - [2024-03-19T09:55:13.912+0000] {dagbag.py:540} INFO - Filling up the DagBag from /home/airflow/.local/lib/python3.8/site-packages/airflow/example_dags/example_params_ui_tutorial.py
[2024-03-19T09:55:13.933+0000] {processor.py:840} INFO - DAG(s) 'example_params_ui_tutorial' retrieved from /home/airflow/.local/lib/python3.8/site-packages/airflow/example_dags/example_params_ui_tutorial.py
[2024-03-19T09:55:14.025+0000] {logging_mixin.py:188} INFO - [2024-03-19T09:55:14.025+0000] {dag.py:3047} INFO - Sync 1 DAGs
[2024-03-19T09:55:14.048+0000] {logging_mixin.py:188} INFO - [2024-03-19T09:55:14.048+0000] {dag.py:3834} INFO - Setting next_dagrun for example_params_ui_tutorial to None, run_after=None
[2024-03-19T09:55:14.076+0000] {processor.py:183} INFO - Processing /home/airflow/.local/lib/python3.8/site-packages/airflow/example_dags/example_params_ui_tutorial.py took 0.174 seconds
[2024-03-19T09:55:44.883+0000] {processor.py:161} INFO - Started process (PID=23960) to work on /home/airflow/.local/lib/python3.8/site-packages/airflow/example_dags/example_params_ui_tutorial.py
[2024-03-19T09:55:44.905+0000] {processor.py:830} INFO - Processing file /home/airflow/.local/lib/python3.8/site-packages/airflow/example_dags/example_params_ui_tutorial.py for tasks to queue
[2024-03-19T09:55:44.913+0000] {logging_mixin.py:188} INFO - [2024-03-19T09:55:44.912+0000] {dagbag.py:540} INFO - Filling up the DagBag from /home/airflow/.local/lib/python3.8/site-packages/airflow/example_dags/example_params_ui_tutorial.py
[2024-03-19T09:55:45.007+0000] {processor.py:840} INFO - DAG(s) 'example_params_ui_tutorial' retrieved from /home/airflow/.local/lib/python3.8/site-packages/airflow/example_dags/example_params_ui_tutorial.py
[2024-03-19T09:55:45.386+0000] {logging_mixin.py:188} INFO - [2024-03-19T09:55:45.385+0000] {dag.py:3047} INFO - Sync 1 DAGs
[2024-03-19T09:55:45.427+0000] {logging_mixin.py:188} INFO - [2024-03-19T09:55:45.425+0000] {dag.py:3834} INFO - Setting next_dagrun for example_params_ui_tutorial to None, run_after=None
[2024-03-19T09:55:45.512+0000] {processor.py:183} INFO - Processing /home/airflow/.local/lib/python3.8/site-packages/airflow/example_dags/example_params_ui_tutorial.py took 0.682 seconds
[2024-03-19T09:56:15.639+0000] {processor.py:161} INFO - Started process (PID=24016) to work on /home/airflow/.local/lib/python3.8/site-packages/airflow/example_dags/example_params_ui_tutorial.py
[2024-03-19T09:56:15.641+0000] {processor.py:830} INFO - Processing file /home/airflow/.local/lib/python3.8/site-packages/airflow/example_dags/example_params_ui_tutorial.py for tasks to queue
[2024-03-19T09:56:15.644+0000] {logging_mixin.py:188} INFO - [2024-03-19T09:56:15.643+0000] {dagbag.py:540} INFO - Filling up the DagBag from /home/airflow/.local/lib/python3.8/site-packages/airflow/example_dags/example_params_ui_tutorial.py
[2024-03-19T09:56:15.675+0000] {processor.py:840} INFO - DAG(s) 'example_params_ui_tutorial' retrieved from /home/airflow/.local/lib/python3.8/site-packages/airflow/example_dags/example_params_ui_tutorial.py
[2024-03-19T09:56:15.793+0000] {logging_mixin.py:188} INFO - [2024-03-19T09:56:15.792+0000] {dag.py:3047} INFO - Sync 1 DAGs
[2024-03-19T09:56:15.810+0000] {logging_mixin.py:188} INFO - [2024-03-19T09:56:15.810+0000] {dag.py:3834} INFO - Setting next_dagrun for example_params_ui_tutorial to None, run_after=None
[2024-03-19T09:56:15.846+0000] {processor.py:183} INFO - Processing /home/airflow/.local/lib/python3.8/site-packages/airflow/example_dags/example_params_ui_tutorial.py took 0.217 seconds
[2024-03-19T09:56:45.959+0000] {processor.py:161} INFO - Started process (PID=24071) to work on /home/airflow/.local/lib/python3.8/site-packages/airflow/example_dags/example_params_ui_tutorial.py
[2024-03-19T09:56:45.961+0000] {processor.py:830} INFO - Processing file /home/airflow/.local/lib/python3.8/site-packages/airflow/example_dags/example_params_ui_tutorial.py for tasks to queue
[2024-03-19T09:56:45.963+0000] {logging_mixin.py:188} INFO - [2024-03-19T09:56:45.963+0000] {dagbag.py:540} INFO - Filling up the DagBag from /home/airflow/.local/lib/python3.8/site-packages/airflow/example_dags/example_params_ui_tutorial.py
[2024-03-19T09:56:45.981+0000] {processor.py:840} INFO - DAG(s) 'example_params_ui_tutorial' retrieved from /home/airflow/.local/lib/python3.8/site-packages/airflow/example_dags/example_params_ui_tutorial.py
[2024-03-19T09:56:46.078+0000] {logging_mixin.py:188} INFO - [2024-03-19T09:56:46.077+0000] {dag.py:3047} INFO - Sync 1 DAGs
[2024-03-19T09:56:46.093+0000] {logging_mixin.py:188} INFO - [2024-03-19T09:56:46.092+0000] {dag.py:3834} INFO - Setting next_dagrun for example_params_ui_tutorial to None, run_after=None
[2024-03-19T09:56:46.122+0000] {processor.py:183} INFO - Processing /home/airflow/.local/lib/python3.8/site-packages/airflow/example_dags/example_params_ui_tutorial.py took 0.166 seconds
[2024-03-19T09:57:16.523+0000] {processor.py:161} INFO - Started process (PID=24123) to work on /home/airflow/.local/lib/python3.8/site-packages/airflow/example_dags/example_params_ui_tutorial.py
[2024-03-19T09:57:16.526+0000] {processor.py:830} INFO - Processing file /home/airflow/.local/lib/python3.8/site-packages/airflow/example_dags/example_params_ui_tutorial.py for tasks to queue
[2024-03-19T09:57:16.529+0000] {logging_mixin.py:188} INFO - [2024-03-19T09:57:16.528+0000] {dagbag.py:540} INFO - Filling up the DagBag from /home/airflow/.local/lib/python3.8/site-packages/airflow/example_dags/example_params_ui_tutorial.py
[2024-03-19T09:57:16.586+0000] {processor.py:840} INFO - DAG(s) 'example_params_ui_tutorial' retrieved from /home/airflow/.local/lib/python3.8/site-packages/airflow/example_dags/example_params_ui_tutorial.py
[2024-03-19T09:57:17.200+0000] {logging_mixin.py:188} INFO - [2024-03-19T09:57:17.199+0000] {dag.py:3047} INFO - Sync 1 DAGs
[2024-03-19T09:57:17.262+0000] {logging_mixin.py:188} INFO - [2024-03-19T09:57:17.261+0000] {dag.py:3834} INFO - Setting next_dagrun for example_params_ui_tutorial to None, run_after=None
[2024-03-19T09:57:17.459+0000] {processor.py:183} INFO - Processing /home/airflow/.local/lib/python3.8/site-packages/airflow/example_dags/example_params_ui_tutorial.py took 0.946 seconds
