[2024-03-19T09:44:31.606+0000] {processor.py:161} INFO - Started process (PID=22812) to work on /home/airflow/.local/lib/python3.8/site-packages/airflow/example_dags/example_subdag_operator.py
[2024-03-19T09:44:31.608+0000] {processor.py:830} INFO - Processing file /home/airflow/.local/lib/python3.8/site-packages/airflow/example_dags/example_subdag_operator.py for tasks to queue
[2024-03-19T09:44:31.611+0000] {logging_mixin.py:188} INFO - [2024-03-19T09:44:31.610+0000] {dagbag.py:540} INFO - Filling up the DagBag from /home/airflow/.local/lib/python3.8/site-packages/airflow/example_dags/example_subdag_operator.py
[2024-03-19T09:44:31.655+0000] {processor.py:840} INFO - DAG(s) 'example_subdag_operator.section-1', 'example_subdag_operator.section-2', 'example_subdag_operator' retrieved from /home/airflow/.local/lib/python3.8/site-packages/airflow/example_dags/example_subdag_operator.py
[2024-03-19T09:44:31.688+0000] {logging_mixin.py:188} INFO - [2024-03-19T09:44:31.688+0000] {dag.py:3047} INFO - Sync 3 DAGs
[2024-03-19T09:44:31.729+0000] {logging_mixin.py:188} INFO - [2024-03-19T09:44:31.728+0000] {dag.py:3834} INFO - Setting next_dagrun for example_subdag_operator to 2022-01-01 00:00:00+00:00, run_after=2022-01-01 00:00:00+00:00
[2024-03-19T09:44:31.735+0000] {logging_mixin.py:188} INFO - [2024-03-19T09:44:31.734+0000] {dag.py:3834} INFO - Setting next_dagrun for example_subdag_operator.section-1 to None, run_after=None
[2024-03-19T09:44:31.738+0000] {logging_mixin.py:188} INFO - [2024-03-19T09:44:31.737+0000] {dag.py:3834} INFO - Setting next_dagrun for example_subdag_operator.section-2 to None, run_after=None
[2024-03-19T09:44:31.752+0000] {logging_mixin.py:188} INFO - [2024-03-19T09:44:31.751+0000] {dag.py:3047} INFO - Sync 2 DAGs
[2024-03-19T09:44:31.761+0000] {logging_mixin.py:188} INFO - [2024-03-19T09:44:31.761+0000] {dag.py:3834} INFO - Setting next_dagrun for example_subdag_operator.section-1 to None, run_after=None
[2024-03-19T09:44:31.762+0000] {logging_mixin.py:188} INFO - [2024-03-19T09:44:31.762+0000] {dag.py:3834} INFO - Setting next_dagrun for example_subdag_operator.section-2 to None, run_after=None
[2024-03-19T09:44:31.784+0000] {processor.py:183} INFO - Processing /home/airflow/.local/lib/python3.8/site-packages/airflow/example_dags/example_subdag_operator.py took 0.184 seconds
[2024-03-19T09:45:01.841+0000] {processor.py:161} INFO - Started process (PID=22867) to work on /home/airflow/.local/lib/python3.8/site-packages/airflow/example_dags/example_subdag_operator.py
[2024-03-19T09:45:01.843+0000] {processor.py:830} INFO - Processing file /home/airflow/.local/lib/python3.8/site-packages/airflow/example_dags/example_subdag_operator.py for tasks to queue
[2024-03-19T09:45:01.844+0000] {logging_mixin.py:188} INFO - [2024-03-19T09:45:01.844+0000] {dagbag.py:540} INFO - Filling up the DagBag from /home/airflow/.local/lib/python3.8/site-packages/airflow/example_dags/example_subdag_operator.py
[2024-03-19T09:45:01.877+0000] {processor.py:840} INFO - DAG(s) 'example_subdag_operator.section-1', 'example_subdag_operator.section-2', 'example_subdag_operator' retrieved from /home/airflow/.local/lib/python3.8/site-packages/airflow/example_dags/example_subdag_operator.py
[2024-03-19T09:45:01.895+0000] {logging_mixin.py:188} INFO - [2024-03-19T09:45:01.894+0000] {dag.py:3047} INFO - Sync 3 DAGs
[2024-03-19T09:45:01.918+0000] {logging_mixin.py:188} INFO - [2024-03-19T09:45:01.918+0000] {dag.py:3834} INFO - Setting next_dagrun for example_subdag_operator to 2022-01-01 00:00:00+00:00, run_after=2022-01-01 00:00:00+00:00
[2024-03-19T09:45:01.922+0000] {logging_mixin.py:188} INFO - [2024-03-19T09:45:01.922+0000] {dag.py:3834} INFO - Setting next_dagrun for example_subdag_operator.section-1 to None, run_after=None
[2024-03-19T09:45:01.924+0000] {logging_mixin.py:188} INFO - [2024-03-19T09:45:01.924+0000] {dag.py:3834} INFO - Setting next_dagrun for example_subdag_operator.section-2 to None, run_after=None
[2024-03-19T09:45:01.933+0000] {logging_mixin.py:188} INFO - [2024-03-19T09:45:01.932+0000] {dag.py:3047} INFO - Sync 2 DAGs
[2024-03-19T09:45:01.940+0000] {logging_mixin.py:188} INFO - [2024-03-19T09:45:01.939+0000] {dag.py:3834} INFO - Setting next_dagrun for example_subdag_operator.section-1 to None, run_after=None
[2024-03-19T09:45:01.941+0000] {logging_mixin.py:188} INFO - [2024-03-19T09:45:01.940+0000] {dag.py:3834} INFO - Setting next_dagrun for example_subdag_operator.section-2 to None, run_after=None
[2024-03-19T09:45:01.957+0000] {processor.py:183} INFO - Processing /home/airflow/.local/lib/python3.8/site-packages/airflow/example_dags/example_subdag_operator.py took 0.121 seconds
[2024-03-19T09:45:49.230+0000] {processor.py:161} INFO - Started process (PID=22922) to work on /home/airflow/.local/lib/python3.8/site-packages/airflow/example_dags/example_subdag_operator.py
[2024-03-19T09:45:49.234+0000] {processor.py:830} INFO - Processing file /home/airflow/.local/lib/python3.8/site-packages/airflow/example_dags/example_subdag_operator.py for tasks to queue
[2024-03-19T09:45:49.237+0000] {logging_mixin.py:188} INFO - [2024-03-19T09:45:49.236+0000] {dagbag.py:540} INFO - Filling up the DagBag from /home/airflow/.local/lib/python3.8/site-packages/airflow/example_dags/example_subdag_operator.py
[2024-03-19T09:45:49.353+0000] {processor.py:840} INFO - DAG(s) 'example_subdag_operator.section-1', 'example_subdag_operator.section-2', 'example_subdag_operator' retrieved from /home/airflow/.local/lib/python3.8/site-packages/airflow/example_dags/example_subdag_operator.py
[2024-03-19T09:45:49.414+0000] {logging_mixin.py:188} INFO - [2024-03-19T09:45:49.414+0000] {dag.py:3047} INFO - Sync 3 DAGs
[2024-03-19T09:45:49.515+0000] {logging_mixin.py:188} INFO - [2024-03-19T09:45:49.511+0000] {dag.py:3834} INFO - Setting next_dagrun for example_subdag_operator to 2022-01-01 00:00:00+00:00, run_after=2022-01-01 00:00:00+00:00
[2024-03-19T09:45:49.531+0000] {logging_mixin.py:188} INFO - [2024-03-19T09:45:49.525+0000] {dag.py:3834} INFO - Setting next_dagrun for example_subdag_operator.section-1 to None, run_after=None
[2024-03-19T09:45:49.540+0000] {logging_mixin.py:188} INFO - [2024-03-19T09:45:49.539+0000] {dag.py:3834} INFO - Setting next_dagrun for example_subdag_operator.section-2 to None, run_after=None
[2024-03-19T09:45:49.584+0000] {logging_mixin.py:188} INFO - [2024-03-19T09:45:49.583+0000] {dag.py:3047} INFO - Sync 2 DAGs
[2024-03-19T09:45:49.604+0000] {logging_mixin.py:188} INFO - [2024-03-19T09:45:49.603+0000] {dag.py:3834} INFO - Setting next_dagrun for example_subdag_operator.section-1 to None, run_after=None
[2024-03-19T09:45:49.605+0000] {logging_mixin.py:188} INFO - [2024-03-19T09:45:49.605+0000] {dag.py:3834} INFO - Setting next_dagrun for example_subdag_operator.section-2 to None, run_after=None
[2024-03-19T09:45:49.648+0000] {processor.py:183} INFO - Processing /home/airflow/.local/lib/python3.8/site-packages/airflow/example_dags/example_subdag_operator.py took 0.429 seconds
[2024-03-19T09:46:21.647+0000] {processor.py:161} INFO - Started process (PID=22977) to work on /home/airflow/.local/lib/python3.8/site-packages/airflow/example_dags/example_subdag_operator.py
[2024-03-19T09:46:21.650+0000] {processor.py:830} INFO - Processing file /home/airflow/.local/lib/python3.8/site-packages/airflow/example_dags/example_subdag_operator.py for tasks to queue
[2024-03-19T09:46:21.654+0000] {logging_mixin.py:188} INFO - [2024-03-19T09:46:21.653+0000] {dagbag.py:540} INFO - Filling up the DagBag from /home/airflow/.local/lib/python3.8/site-packages/airflow/example_dags/example_subdag_operator.py
[2024-03-19T09:46:21.761+0000] {processor.py:840} INFO - DAG(s) 'example_subdag_operator.section-1', 'example_subdag_operator.section-2', 'example_subdag_operator' retrieved from /home/airflow/.local/lib/python3.8/site-packages/airflow/example_dags/example_subdag_operator.py
[2024-03-19T09:46:21.804+0000] {logging_mixin.py:188} INFO - [2024-03-19T09:46:21.803+0000] {dag.py:3047} INFO - Sync 3 DAGs
[2024-03-19T09:46:21.860+0000] {logging_mixin.py:188} INFO - [2024-03-19T09:46:21.857+0000] {dag.py:3834} INFO - Setting next_dagrun for example_subdag_operator to 2022-01-01 00:00:00+00:00, run_after=2022-01-01 00:00:00+00:00
[2024-03-19T09:46:21.872+0000] {logging_mixin.py:188} INFO - [2024-03-19T09:46:21.871+0000] {dag.py:3834} INFO - Setting next_dagrun for example_subdag_operator.section-1 to None, run_after=None
[2024-03-19T09:46:21.876+0000] {logging_mixin.py:188} INFO - [2024-03-19T09:46:21.876+0000] {dag.py:3834} INFO - Setting next_dagrun for example_subdag_operator.section-2 to None, run_after=None
[2024-03-19T09:46:21.895+0000] {logging_mixin.py:188} INFO - [2024-03-19T09:46:21.895+0000] {dag.py:3047} INFO - Sync 2 DAGs
[2024-03-19T09:46:21.910+0000] {logging_mixin.py:188} INFO - [2024-03-19T09:46:21.909+0000] {dag.py:3834} INFO - Setting next_dagrun for example_subdag_operator.section-1 to None, run_after=None
[2024-03-19T09:46:21.911+0000] {logging_mixin.py:188} INFO - [2024-03-19T09:46:21.911+0000] {dag.py:3834} INFO - Setting next_dagrun for example_subdag_operator.section-2 to None, run_after=None
[2024-03-19T09:46:21.944+0000] {processor.py:183} INFO - Processing /home/airflow/.local/lib/python3.8/site-packages/airflow/example_dags/example_subdag_operator.py took 0.319 seconds
[2024-03-19T09:46:52.699+0000] {processor.py:161} INFO - Started process (PID=23032) to work on /home/airflow/.local/lib/python3.8/site-packages/airflow/example_dags/example_subdag_operator.py
[2024-03-19T09:46:52.702+0000] {processor.py:830} INFO - Processing file /home/airflow/.local/lib/python3.8/site-packages/airflow/example_dags/example_subdag_operator.py for tasks to queue
[2024-03-19T09:46:52.704+0000] {logging_mixin.py:188} INFO - [2024-03-19T09:46:52.703+0000] {dagbag.py:540} INFO - Filling up the DagBag from /home/airflow/.local/lib/python3.8/site-packages/airflow/example_dags/example_subdag_operator.py
[2024-03-19T09:46:52.756+0000] {processor.py:840} INFO - DAG(s) 'example_subdag_operator.section-1', 'example_subdag_operator.section-2', 'example_subdag_operator' retrieved from /home/airflow/.local/lib/python3.8/site-packages/airflow/example_dags/example_subdag_operator.py
[2024-03-19T09:46:52.784+0000] {logging_mixin.py:188} INFO - [2024-03-19T09:46:52.784+0000] {dag.py:3047} INFO - Sync 3 DAGs
[2024-03-19T09:46:52.825+0000] {logging_mixin.py:188} INFO - [2024-03-19T09:46:52.824+0000] {dag.py:3834} INFO - Setting next_dagrun for example_subdag_operator to 2022-01-01 00:00:00+00:00, run_after=2022-01-01 00:00:00+00:00
[2024-03-19T09:46:52.831+0000] {logging_mixin.py:188} INFO - [2024-03-19T09:46:52.831+0000] {dag.py:3834} INFO - Setting next_dagrun for example_subdag_operator.section-1 to None, run_after=None
[2024-03-19T09:46:52.834+0000] {logging_mixin.py:188} INFO - [2024-03-19T09:46:52.833+0000] {dag.py:3834} INFO - Setting next_dagrun for example_subdag_operator.section-2 to None, run_after=None
[2024-03-19T09:46:52.846+0000] {logging_mixin.py:188} INFO - [2024-03-19T09:46:52.846+0000] {dag.py:3047} INFO - Sync 2 DAGs
[2024-03-19T09:46:52.856+0000] {logging_mixin.py:188} INFO - [2024-03-19T09:46:52.856+0000] {dag.py:3834} INFO - Setting next_dagrun for example_subdag_operator.section-1 to None, run_after=None
[2024-03-19T09:46:52.857+0000] {logging_mixin.py:188} INFO - [2024-03-19T09:46:52.857+0000] {dag.py:3834} INFO - Setting next_dagrun for example_subdag_operator.section-2 to None, run_after=None
[2024-03-19T09:46:52.880+0000] {processor.py:183} INFO - Processing /home/airflow/.local/lib/python3.8/site-packages/airflow/example_dags/example_subdag_operator.py took 0.190 seconds
[2024-03-19T09:47:25.042+0000] {processor.py:161} INFO - Started process (PID=23088) to work on /home/airflow/.local/lib/python3.8/site-packages/airflow/example_dags/example_subdag_operator.py
[2024-03-19T09:47:25.045+0000] {processor.py:830} INFO - Processing file /home/airflow/.local/lib/python3.8/site-packages/airflow/example_dags/example_subdag_operator.py for tasks to queue
[2024-03-19T09:47:25.046+0000] {logging_mixin.py:188} INFO - [2024-03-19T09:47:25.046+0000] {dagbag.py:540} INFO - Filling up the DagBag from /home/airflow/.local/lib/python3.8/site-packages/airflow/example_dags/example_subdag_operator.py
[2024-03-19T09:47:25.092+0000] {processor.py:840} INFO - DAG(s) 'example_subdag_operator.section-1', 'example_subdag_operator.section-2', 'example_subdag_operator' retrieved from /home/airflow/.local/lib/python3.8/site-packages/airflow/example_dags/example_subdag_operator.py
[2024-03-19T09:47:25.121+0000] {logging_mixin.py:188} INFO - [2024-03-19T09:47:25.121+0000] {dag.py:3047} INFO - Sync 3 DAGs
[2024-03-19T09:47:25.169+0000] {logging_mixin.py:188} INFO - [2024-03-19T09:47:25.168+0000] {dag.py:3834} INFO - Setting next_dagrun for example_subdag_operator to 2022-01-01 00:00:00+00:00, run_after=2022-01-01 00:00:00+00:00
[2024-03-19T09:47:25.178+0000] {logging_mixin.py:188} INFO - [2024-03-19T09:47:25.177+0000] {dag.py:3834} INFO - Setting next_dagrun for example_subdag_operator.section-1 to None, run_after=None
[2024-03-19T09:47:25.181+0000] {logging_mixin.py:188} INFO - [2024-03-19T09:47:25.180+0000] {dag.py:3834} INFO - Setting next_dagrun for example_subdag_operator.section-2 to None, run_after=None
[2024-03-19T09:47:25.202+0000] {logging_mixin.py:188} INFO - [2024-03-19T09:47:25.202+0000] {dag.py:3047} INFO - Sync 2 DAGs
[2024-03-19T09:47:25.214+0000] {logging_mixin.py:188} INFO - [2024-03-19T09:47:25.214+0000] {dag.py:3834} INFO - Setting next_dagrun for example_subdag_operator.section-1 to None, run_after=None
[2024-03-19T09:47:25.215+0000] {logging_mixin.py:188} INFO - [2024-03-19T09:47:25.215+0000] {dag.py:3834} INFO - Setting next_dagrun for example_subdag_operator.section-2 to None, run_after=None
[2024-03-19T09:47:25.247+0000] {processor.py:183} INFO - Processing /home/airflow/.local/lib/python3.8/site-packages/airflow/example_dags/example_subdag_operator.py took 0.210 seconds
[2024-03-19T09:47:55.528+0000] {processor.py:161} INFO - Started process (PID=23141) to work on /home/airflow/.local/lib/python3.8/site-packages/airflow/example_dags/example_subdag_operator.py
[2024-03-19T09:47:55.530+0000] {processor.py:830} INFO - Processing file /home/airflow/.local/lib/python3.8/site-packages/airflow/example_dags/example_subdag_operator.py for tasks to queue
[2024-03-19T09:47:55.532+0000] {logging_mixin.py:188} INFO - [2024-03-19T09:47:55.532+0000] {dagbag.py:540} INFO - Filling up the DagBag from /home/airflow/.local/lib/python3.8/site-packages/airflow/example_dags/example_subdag_operator.py
[2024-03-19T09:47:55.616+0000] {processor.py:840} INFO - DAG(s) 'example_subdag_operator.section-1', 'example_subdag_operator.section-2', 'example_subdag_operator' retrieved from /home/airflow/.local/lib/python3.8/site-packages/airflow/example_dags/example_subdag_operator.py
[2024-03-19T09:47:55.640+0000] {logging_mixin.py:188} INFO - [2024-03-19T09:47:55.640+0000] {dag.py:3047} INFO - Sync 3 DAGs
[2024-03-19T09:47:55.673+0000] {logging_mixin.py:188} INFO - [2024-03-19T09:47:55.672+0000] {dag.py:3834} INFO - Setting next_dagrun for example_subdag_operator to 2022-01-01 00:00:00+00:00, run_after=2022-01-01 00:00:00+00:00
[2024-03-19T09:47:55.680+0000] {logging_mixin.py:188} INFO - [2024-03-19T09:47:55.679+0000] {dag.py:3834} INFO - Setting next_dagrun for example_subdag_operator.section-1 to None, run_after=None
[2024-03-19T09:47:55.682+0000] {logging_mixin.py:188} INFO - [2024-03-19T09:47:55.682+0000] {dag.py:3834} INFO - Setting next_dagrun for example_subdag_operator.section-2 to None, run_after=None
[2024-03-19T09:47:55.695+0000] {logging_mixin.py:188} INFO - [2024-03-19T09:47:55.695+0000] {dag.py:3047} INFO - Sync 2 DAGs
[2024-03-19T09:47:55.706+0000] {logging_mixin.py:188} INFO - [2024-03-19T09:47:55.705+0000] {dag.py:3834} INFO - Setting next_dagrun for example_subdag_operator.section-1 to None, run_after=None
[2024-03-19T09:47:55.707+0000] {logging_mixin.py:188} INFO - [2024-03-19T09:47:55.707+0000] {dag.py:3834} INFO - Setting next_dagrun for example_subdag_operator.section-2 to None, run_after=None
[2024-03-19T09:47:55.730+0000] {processor.py:183} INFO - Processing /home/airflow/.local/lib/python3.8/site-packages/airflow/example_dags/example_subdag_operator.py took 0.210 seconds
[2024-03-19T09:48:26.190+0000] {processor.py:161} INFO - Started process (PID=23195) to work on /home/airflow/.local/lib/python3.8/site-packages/airflow/example_dags/example_subdag_operator.py
[2024-03-19T09:48:26.195+0000] {processor.py:830} INFO - Processing file /home/airflow/.local/lib/python3.8/site-packages/airflow/example_dags/example_subdag_operator.py for tasks to queue
[2024-03-19T09:48:26.198+0000] {logging_mixin.py:188} INFO - [2024-03-19T09:48:26.197+0000] {dagbag.py:540} INFO - Filling up the DagBag from /home/airflow/.local/lib/python3.8/site-packages/airflow/example_dags/example_subdag_operator.py
[2024-03-19T09:48:26.283+0000] {processor.py:840} INFO - DAG(s) 'example_subdag_operator.section-1', 'example_subdag_operator.section-2', 'example_subdag_operator' retrieved from /home/airflow/.local/lib/python3.8/site-packages/airflow/example_dags/example_subdag_operator.py
[2024-03-19T09:48:26.330+0000] {logging_mixin.py:188} INFO - [2024-03-19T09:48:26.326+0000] {dag.py:3047} INFO - Sync 3 DAGs
[2024-03-19T09:48:26.385+0000] {logging_mixin.py:188} INFO - [2024-03-19T09:48:26.384+0000] {dag.py:3834} INFO - Setting next_dagrun for example_subdag_operator to 2022-01-01 00:00:00+00:00, run_after=2022-01-01 00:00:00+00:00
[2024-03-19T09:48:26.390+0000] {logging_mixin.py:188} INFO - [2024-03-19T09:48:26.390+0000] {dag.py:3834} INFO - Setting next_dagrun for example_subdag_operator.section-1 to None, run_after=None
[2024-03-19T09:48:26.393+0000] {logging_mixin.py:188} INFO - [2024-03-19T09:48:26.393+0000] {dag.py:3834} INFO - Setting next_dagrun for example_subdag_operator.section-2 to None, run_after=None
[2024-03-19T09:48:26.414+0000] {logging_mixin.py:188} INFO - [2024-03-19T09:48:26.413+0000] {dag.py:3047} INFO - Sync 2 DAGs
[2024-03-19T09:48:26.425+0000] {logging_mixin.py:188} INFO - [2024-03-19T09:48:26.425+0000] {dag.py:3834} INFO - Setting next_dagrun for example_subdag_operator.section-1 to None, run_after=None
[2024-03-19T09:48:26.426+0000] {logging_mixin.py:188} INFO - [2024-03-19T09:48:26.426+0000] {dag.py:3834} INFO - Setting next_dagrun for example_subdag_operator.section-2 to None, run_after=None
[2024-03-19T09:48:26.461+0000] {processor.py:183} INFO - Processing /home/airflow/.local/lib/python3.8/site-packages/airflow/example_dags/example_subdag_operator.py took 0.280 seconds
[2024-03-19T09:49:00.796+0000] {processor.py:161} INFO - Started process (PID=23253) to work on /home/airflow/.local/lib/python3.8/site-packages/airflow/example_dags/example_subdag_operator.py
[2024-03-19T09:49:00.804+0000] {processor.py:830} INFO - Processing file /home/airflow/.local/lib/python3.8/site-packages/airflow/example_dags/example_subdag_operator.py for tasks to queue
[2024-03-19T09:49:00.811+0000] {logging_mixin.py:188} INFO - [2024-03-19T09:49:00.810+0000] {dagbag.py:540} INFO - Filling up the DagBag from /home/airflow/.local/lib/python3.8/site-packages/airflow/example_dags/example_subdag_operator.py
[2024-03-19T09:49:00.999+0000] {processor.py:840} INFO - DAG(s) 'example_subdag_operator.section-1', 'example_subdag_operator.section-2', 'example_subdag_operator' retrieved from /home/airflow/.local/lib/python3.8/site-packages/airflow/example_dags/example_subdag_operator.py
[2024-03-19T09:49:01.084+0000] {logging_mixin.py:188} INFO - [2024-03-19T09:49:01.084+0000] {dag.py:3047} INFO - Sync 3 DAGs
[2024-03-19T09:49:01.208+0000] {logging_mixin.py:188} INFO - [2024-03-19T09:49:01.207+0000] {dag.py:3834} INFO - Setting next_dagrun for example_subdag_operator to 2022-01-01 00:00:00+00:00, run_after=2022-01-01 00:00:00+00:00
[2024-03-19T09:49:01.227+0000] {logging_mixin.py:188} INFO - [2024-03-19T09:49:01.226+0000] {dag.py:3834} INFO - Setting next_dagrun for example_subdag_operator.section-1 to None, run_after=None
[2024-03-19T09:49:01.240+0000] {logging_mixin.py:188} INFO - [2024-03-19T09:49:01.240+0000] {dag.py:3834} INFO - Setting next_dagrun for example_subdag_operator.section-2 to None, run_after=None
[2024-03-19T09:49:01.279+0000] {logging_mixin.py:188} INFO - [2024-03-19T09:49:01.279+0000] {dag.py:3047} INFO - Sync 2 DAGs
[2024-03-19T09:49:01.316+0000] {logging_mixin.py:188} INFO - [2024-03-19T09:49:01.315+0000] {dag.py:3834} INFO - Setting next_dagrun for example_subdag_operator.section-1 to None, run_after=None
[2024-03-19T09:49:01.318+0000] {logging_mixin.py:188} INFO - [2024-03-19T09:49:01.318+0000] {dag.py:3834} INFO - Setting next_dagrun for example_subdag_operator.section-2 to None, run_after=None
[2024-03-19T09:49:01.394+0000] {processor.py:183} INFO - Processing /home/airflow/.local/lib/python3.8/site-packages/airflow/example_dags/example_subdag_operator.py took 0.617 seconds
[2024-03-19T09:49:32.207+0000] {processor.py:161} INFO - Started process (PID=23307) to work on /home/airflow/.local/lib/python3.8/site-packages/airflow/example_dags/example_subdag_operator.py
[2024-03-19T09:49:32.211+0000] {processor.py:830} INFO - Processing file /home/airflow/.local/lib/python3.8/site-packages/airflow/example_dags/example_subdag_operator.py for tasks to queue
[2024-03-19T09:49:32.214+0000] {logging_mixin.py:188} INFO - [2024-03-19T09:49:32.213+0000] {dagbag.py:540} INFO - Filling up the DagBag from /home/airflow/.local/lib/python3.8/site-packages/airflow/example_dags/example_subdag_operator.py
[2024-03-19T09:49:32.318+0000] {processor.py:840} INFO - DAG(s) 'example_subdag_operator.section-1', 'example_subdag_operator.section-2', 'example_subdag_operator' retrieved from /home/airflow/.local/lib/python3.8/site-packages/airflow/example_dags/example_subdag_operator.py
[2024-03-19T09:49:32.371+0000] {logging_mixin.py:188} INFO - [2024-03-19T09:49:32.370+0000] {dag.py:3047} INFO - Sync 3 DAGs
[2024-03-19T09:49:32.430+0000] {logging_mixin.py:188} INFO - [2024-03-19T09:49:32.429+0000] {dag.py:3834} INFO - Setting next_dagrun for example_subdag_operator to 2022-01-01 00:00:00+00:00, run_after=2022-01-01 00:00:00+00:00
[2024-03-19T09:49:32.436+0000] {logging_mixin.py:188} INFO - [2024-03-19T09:49:32.435+0000] {dag.py:3834} INFO - Setting next_dagrun for example_subdag_operator.section-1 to None, run_after=None
[2024-03-19T09:49:32.439+0000] {logging_mixin.py:188} INFO - [2024-03-19T09:49:32.438+0000] {dag.py:3834} INFO - Setting next_dagrun for example_subdag_operator.section-2 to None, run_after=None
[2024-03-19T09:49:32.453+0000] {logging_mixin.py:188} INFO - [2024-03-19T09:49:32.452+0000] {dag.py:3047} INFO - Sync 2 DAGs
[2024-03-19T09:49:32.461+0000] {logging_mixin.py:188} INFO - [2024-03-19T09:49:32.461+0000] {dag.py:3834} INFO - Setting next_dagrun for example_subdag_operator.section-1 to None, run_after=None
[2024-03-19T09:49:32.462+0000] {logging_mixin.py:188} INFO - [2024-03-19T09:49:32.462+0000] {dag.py:3834} INFO - Setting next_dagrun for example_subdag_operator.section-2 to None, run_after=None
[2024-03-19T09:49:32.491+0000] {processor.py:183} INFO - Processing /home/airflow/.local/lib/python3.8/site-packages/airflow/example_dags/example_subdag_operator.py took 0.289 seconds
[2024-03-19T09:50:03.292+0000] {processor.py:161} INFO - Started process (PID=23361) to work on /home/airflow/.local/lib/python3.8/site-packages/airflow/example_dags/example_subdag_operator.py
[2024-03-19T09:50:03.297+0000] {processor.py:830} INFO - Processing file /home/airflow/.local/lib/python3.8/site-packages/airflow/example_dags/example_subdag_operator.py for tasks to queue
[2024-03-19T09:50:03.300+0000] {logging_mixin.py:188} INFO - [2024-03-19T09:50:03.299+0000] {dagbag.py:540} INFO - Filling up the DagBag from /home/airflow/.local/lib/python3.8/site-packages/airflow/example_dags/example_subdag_operator.py
[2024-03-19T09:50:03.356+0000] {processor.py:840} INFO - DAG(s) 'example_subdag_operator.section-1', 'example_subdag_operator.section-2', 'example_subdag_operator' retrieved from /home/airflow/.local/lib/python3.8/site-packages/airflow/example_dags/example_subdag_operator.py
[2024-03-19T09:50:03.390+0000] {logging_mixin.py:188} INFO - [2024-03-19T09:50:03.390+0000] {dag.py:3047} INFO - Sync 3 DAGs
[2024-03-19T09:50:03.468+0000] {logging_mixin.py:188} INFO - [2024-03-19T09:50:03.467+0000] {dag.py:3834} INFO - Setting next_dagrun for example_subdag_operator to 2022-01-01 00:00:00+00:00, run_after=2022-01-01 00:00:00+00:00
[2024-03-19T09:50:03.476+0000] {logging_mixin.py:188} INFO - [2024-03-19T09:50:03.476+0000] {dag.py:3834} INFO - Setting next_dagrun for example_subdag_operator.section-1 to None, run_after=None
[2024-03-19T09:50:03.479+0000] {logging_mixin.py:188} INFO - [2024-03-19T09:50:03.478+0000] {dag.py:3834} INFO - Setting next_dagrun for example_subdag_operator.section-2 to None, run_after=None
[2024-03-19T09:50:03.501+0000] {logging_mixin.py:188} INFO - [2024-03-19T09:50:03.501+0000] {dag.py:3047} INFO - Sync 2 DAGs
[2024-03-19T09:50:03.511+0000] {logging_mixin.py:188} INFO - [2024-03-19T09:50:03.511+0000] {dag.py:3834} INFO - Setting next_dagrun for example_subdag_operator.section-1 to None, run_after=None
[2024-03-19T09:50:03.513+0000] {logging_mixin.py:188} INFO - [2024-03-19T09:50:03.512+0000] {dag.py:3834} INFO - Setting next_dagrun for example_subdag_operator.section-2 to None, run_after=None
[2024-03-19T09:50:03.532+0000] {processor.py:183} INFO - Processing /home/airflow/.local/lib/python3.8/site-packages/airflow/example_dags/example_subdag_operator.py took 0.246 seconds
[2024-03-19T09:50:33.729+0000] {processor.py:161} INFO - Started process (PID=23416) to work on /home/airflow/.local/lib/python3.8/site-packages/airflow/example_dags/example_subdag_operator.py
[2024-03-19T09:50:33.734+0000] {processor.py:830} INFO - Processing file /home/airflow/.local/lib/python3.8/site-packages/airflow/example_dags/example_subdag_operator.py for tasks to queue
[2024-03-19T09:50:33.737+0000] {logging_mixin.py:188} INFO - [2024-03-19T09:50:33.736+0000] {dagbag.py:540} INFO - Filling up the DagBag from /home/airflow/.local/lib/python3.8/site-packages/airflow/example_dags/example_subdag_operator.py
[2024-03-19T09:50:33.813+0000] {processor.py:840} INFO - DAG(s) 'example_subdag_operator.section-1', 'example_subdag_operator.section-2', 'example_subdag_operator' retrieved from /home/airflow/.local/lib/python3.8/site-packages/airflow/example_dags/example_subdag_operator.py
[2024-03-19T09:50:33.857+0000] {logging_mixin.py:188} INFO - [2024-03-19T09:50:33.856+0000] {dag.py:3047} INFO - Sync 3 DAGs
[2024-03-19T09:50:33.902+0000] {logging_mixin.py:188} INFO - [2024-03-19T09:50:33.901+0000] {dag.py:3834} INFO - Setting next_dagrun for example_subdag_operator to 2022-01-01 00:00:00+00:00, run_after=2022-01-01 00:00:00+00:00
[2024-03-19T09:50:33.910+0000] {logging_mixin.py:188} INFO - [2024-03-19T09:50:33.910+0000] {dag.py:3834} INFO - Setting next_dagrun for example_subdag_operator.section-1 to None, run_after=None
[2024-03-19T09:50:33.914+0000] {logging_mixin.py:188} INFO - [2024-03-19T09:50:33.913+0000] {dag.py:3834} INFO - Setting next_dagrun for example_subdag_operator.section-2 to None, run_after=None
[2024-03-19T09:50:33.932+0000] {logging_mixin.py:188} INFO - [2024-03-19T09:50:33.932+0000] {dag.py:3047} INFO - Sync 2 DAGs
[2024-03-19T09:50:33.944+0000] {logging_mixin.py:188} INFO - [2024-03-19T09:50:33.944+0000] {dag.py:3834} INFO - Setting next_dagrun for example_subdag_operator.section-1 to None, run_after=None
[2024-03-19T09:50:33.945+0000] {logging_mixin.py:188} INFO - [2024-03-19T09:50:33.945+0000] {dag.py:3834} INFO - Setting next_dagrun for example_subdag_operator.section-2 to None, run_after=None
[2024-03-19T09:50:33.974+0000] {processor.py:183} INFO - Processing /home/airflow/.local/lib/python3.8/site-packages/airflow/example_dags/example_subdag_operator.py took 0.251 seconds
[2024-03-19T09:51:08.258+0000] {processor.py:161} INFO - Started process (PID=23476) to work on /home/airflow/.local/lib/python3.8/site-packages/airflow/example_dags/example_subdag_operator.py
[2024-03-19T09:51:08.260+0000] {processor.py:830} INFO - Processing file /home/airflow/.local/lib/python3.8/site-packages/airflow/example_dags/example_subdag_operator.py for tasks to queue
[2024-03-19T09:51:08.261+0000] {logging_mixin.py:188} INFO - [2024-03-19T09:51:08.261+0000] {dagbag.py:540} INFO - Filling up the DagBag from /home/airflow/.local/lib/python3.8/site-packages/airflow/example_dags/example_subdag_operator.py
[2024-03-19T09:51:08.310+0000] {processor.py:840} INFO - DAG(s) 'example_subdag_operator.section-1', 'example_subdag_operator.section-2', 'example_subdag_operator' retrieved from /home/airflow/.local/lib/python3.8/site-packages/airflow/example_dags/example_subdag_operator.py
[2024-03-19T09:51:08.343+0000] {logging_mixin.py:188} INFO - [2024-03-19T09:51:08.342+0000] {dag.py:3047} INFO - Sync 3 DAGs
[2024-03-19T09:51:08.380+0000] {logging_mixin.py:188} INFO - [2024-03-19T09:51:08.379+0000] {dag.py:3834} INFO - Setting next_dagrun for example_subdag_operator to 2022-01-01 00:00:00+00:00, run_after=2022-01-01 00:00:00+00:00
[2024-03-19T09:51:08.386+0000] {logging_mixin.py:188} INFO - [2024-03-19T09:51:08.386+0000] {dag.py:3834} INFO - Setting next_dagrun for example_subdag_operator.section-1 to None, run_after=None
[2024-03-19T09:51:08.389+0000] {logging_mixin.py:188} INFO - [2024-03-19T09:51:08.388+0000] {dag.py:3834} INFO - Setting next_dagrun for example_subdag_operator.section-2 to None, run_after=None
[2024-03-19T09:51:08.398+0000] {logging_mixin.py:188} INFO - [2024-03-19T09:51:08.398+0000] {dag.py:3047} INFO - Sync 2 DAGs
[2024-03-19T09:51:08.407+0000] {logging_mixin.py:188} INFO - [2024-03-19T09:51:08.407+0000] {dag.py:3834} INFO - Setting next_dagrun for example_subdag_operator.section-1 to None, run_after=None
[2024-03-19T09:51:08.409+0000] {logging_mixin.py:188} INFO - [2024-03-19T09:51:08.408+0000] {dag.py:3834} INFO - Setting next_dagrun for example_subdag_operator.section-2 to None, run_after=None
[2024-03-19T09:51:08.427+0000] {processor.py:183} INFO - Processing /home/airflow/.local/lib/python3.8/site-packages/airflow/example_dags/example_subdag_operator.py took 0.176 seconds
[2024-03-19T09:51:38.597+0000] {processor.py:161} INFO - Started process (PID=23531) to work on /home/airflow/.local/lib/python3.8/site-packages/airflow/example_dags/example_subdag_operator.py
[2024-03-19T09:51:38.599+0000] {processor.py:830} INFO - Processing file /home/airflow/.local/lib/python3.8/site-packages/airflow/example_dags/example_subdag_operator.py for tasks to queue
[2024-03-19T09:51:38.601+0000] {logging_mixin.py:188} INFO - [2024-03-19T09:51:38.600+0000] {dagbag.py:540} INFO - Filling up the DagBag from /home/airflow/.local/lib/python3.8/site-packages/airflow/example_dags/example_subdag_operator.py
[2024-03-19T09:51:38.639+0000] {processor.py:840} INFO - DAG(s) 'example_subdag_operator.section-1', 'example_subdag_operator.section-2', 'example_subdag_operator' retrieved from /home/airflow/.local/lib/python3.8/site-packages/airflow/example_dags/example_subdag_operator.py
[2024-03-19T09:51:38.668+0000] {logging_mixin.py:188} INFO - [2024-03-19T09:51:38.668+0000] {dag.py:3047} INFO - Sync 3 DAGs
[2024-03-19T09:51:38.719+0000] {logging_mixin.py:188} INFO - [2024-03-19T09:51:38.718+0000] {dag.py:3834} INFO - Setting next_dagrun for example_subdag_operator to 2022-01-01 00:00:00+00:00, run_after=2022-01-01 00:00:00+00:00
[2024-03-19T09:51:38.727+0000] {logging_mixin.py:188} INFO - [2024-03-19T09:51:38.726+0000] {dag.py:3834} INFO - Setting next_dagrun for example_subdag_operator.section-1 to None, run_after=None
[2024-03-19T09:51:38.731+0000] {logging_mixin.py:188} INFO - [2024-03-19T09:51:38.731+0000] {dag.py:3834} INFO - Setting next_dagrun for example_subdag_operator.section-2 to None, run_after=None
[2024-03-19T09:51:38.750+0000] {logging_mixin.py:188} INFO - [2024-03-19T09:51:38.749+0000] {dag.py:3047} INFO - Sync 2 DAGs
[2024-03-19T09:51:38.765+0000] {logging_mixin.py:188} INFO - [2024-03-19T09:51:38.765+0000] {dag.py:3834} INFO - Setting next_dagrun for example_subdag_operator.section-1 to None, run_after=None
[2024-03-19T09:51:38.767+0000] {logging_mixin.py:188} INFO - [2024-03-19T09:51:38.767+0000] {dag.py:3834} INFO - Setting next_dagrun for example_subdag_operator.section-2 to None, run_after=None
[2024-03-19T09:51:38.794+0000] {processor.py:183} INFO - Processing /home/airflow/.local/lib/python3.8/site-packages/airflow/example_dags/example_subdag_operator.py took 0.205 seconds
[2024-03-19T09:52:09.596+0000] {processor.py:161} INFO - Started process (PID=23586) to work on /home/airflow/.local/lib/python3.8/site-packages/airflow/example_dags/example_subdag_operator.py
[2024-03-19T09:52:09.598+0000] {processor.py:830} INFO - Processing file /home/airflow/.local/lib/python3.8/site-packages/airflow/example_dags/example_subdag_operator.py for tasks to queue
[2024-03-19T09:52:09.601+0000] {logging_mixin.py:188} INFO - [2024-03-19T09:52:09.600+0000] {dagbag.py:540} INFO - Filling up the DagBag from /home/airflow/.local/lib/python3.8/site-packages/airflow/example_dags/example_subdag_operator.py
[2024-03-19T09:52:09.640+0000] {processor.py:840} INFO - DAG(s) 'example_subdag_operator.section-1', 'example_subdag_operator.section-2', 'example_subdag_operator' retrieved from /home/airflow/.local/lib/python3.8/site-packages/airflow/example_dags/example_subdag_operator.py
[2024-03-19T09:52:09.667+0000] {logging_mixin.py:188} INFO - [2024-03-19T09:52:09.666+0000] {dag.py:3047} INFO - Sync 3 DAGs
[2024-03-19T09:52:09.699+0000] {logging_mixin.py:188} INFO - [2024-03-19T09:52:09.698+0000] {dag.py:3834} INFO - Setting next_dagrun for example_subdag_operator to 2022-01-01 00:00:00+00:00, run_after=2022-01-01 00:00:00+00:00
[2024-03-19T09:52:09.705+0000] {logging_mixin.py:188} INFO - [2024-03-19T09:52:09.704+0000] {dag.py:3834} INFO - Setting next_dagrun for example_subdag_operator.section-1 to None, run_after=None
[2024-03-19T09:52:09.708+0000] {logging_mixin.py:188} INFO - [2024-03-19T09:52:09.707+0000] {dag.py:3834} INFO - Setting next_dagrun for example_subdag_operator.section-2 to None, run_after=None
[2024-03-19T09:52:09.721+0000] {logging_mixin.py:188} INFO - [2024-03-19T09:52:09.721+0000] {dag.py:3047} INFO - Sync 2 DAGs
[2024-03-19T09:52:09.731+0000] {logging_mixin.py:188} INFO - [2024-03-19T09:52:09.731+0000] {dag.py:3834} INFO - Setting next_dagrun for example_subdag_operator.section-1 to None, run_after=None
[2024-03-19T09:52:09.732+0000] {logging_mixin.py:188} INFO - [2024-03-19T09:52:09.732+0000] {dag.py:3834} INFO - Setting next_dagrun for example_subdag_operator.section-2 to None, run_after=None
[2024-03-19T09:52:09.749+0000] {processor.py:183} INFO - Processing /home/airflow/.local/lib/python3.8/site-packages/airflow/example_dags/example_subdag_operator.py took 0.158 seconds
[2024-03-19T09:52:47.146+0000] {processor.py:161} INFO - Started process (PID=23641) to work on /home/airflow/.local/lib/python3.8/site-packages/airflow/example_dags/example_subdag_operator.py
[2024-03-19T09:52:47.150+0000] {processor.py:830} INFO - Processing file /home/airflow/.local/lib/python3.8/site-packages/airflow/example_dags/example_subdag_operator.py for tasks to queue
[2024-03-19T09:52:47.153+0000] {logging_mixin.py:188} INFO - [2024-03-19T09:52:47.152+0000] {dagbag.py:540} INFO - Filling up the DagBag from /home/airflow/.local/lib/python3.8/site-packages/airflow/example_dags/example_subdag_operator.py
[2024-03-19T09:52:47.305+0000] {processor.py:840} INFO - DAG(s) 'example_subdag_operator.section-1', 'example_subdag_operator.section-2', 'example_subdag_operator' retrieved from /home/airflow/.local/lib/python3.8/site-packages/airflow/example_dags/example_subdag_operator.py
[2024-03-19T09:52:47.364+0000] {logging_mixin.py:188} INFO - [2024-03-19T09:52:47.363+0000] {dag.py:3047} INFO - Sync 3 DAGs
[2024-03-19T09:52:47.440+0000] {logging_mixin.py:188} INFO - [2024-03-19T09:52:47.439+0000] {dag.py:3834} INFO - Setting next_dagrun for example_subdag_operator to 2022-01-01 00:00:00+00:00, run_after=2022-01-01 00:00:00+00:00
[2024-03-19T09:52:47.449+0000] {logging_mixin.py:188} INFO - [2024-03-19T09:52:47.449+0000] {dag.py:3834} INFO - Setting next_dagrun for example_subdag_operator.section-1 to None, run_after=None
[2024-03-19T09:52:47.456+0000] {logging_mixin.py:188} INFO - [2024-03-19T09:52:47.456+0000] {dag.py:3834} INFO - Setting next_dagrun for example_subdag_operator.section-2 to None, run_after=None
[2024-03-19T09:52:47.484+0000] {logging_mixin.py:188} INFO - [2024-03-19T09:52:47.484+0000] {dag.py:3047} INFO - Sync 2 DAGs
[2024-03-19T09:52:47.501+0000] {logging_mixin.py:188} INFO - [2024-03-19T09:52:47.501+0000] {dag.py:3834} INFO - Setting next_dagrun for example_subdag_operator.section-1 to None, run_after=None
[2024-03-19T09:52:47.504+0000] {logging_mixin.py:188} INFO - [2024-03-19T09:52:47.503+0000] {dag.py:3834} INFO - Setting next_dagrun for example_subdag_operator.section-2 to None, run_after=None
[2024-03-19T09:52:47.547+0000] {processor.py:183} INFO - Processing /home/airflow/.local/lib/python3.8/site-packages/airflow/example_dags/example_subdag_operator.py took 0.409 seconds
[2024-03-19T09:53:18.569+0000] {processor.py:161} INFO - Started process (PID=23694) to work on /home/airflow/.local/lib/python3.8/site-packages/airflow/example_dags/example_subdag_operator.py
[2024-03-19T09:53:18.572+0000] {processor.py:830} INFO - Processing file /home/airflow/.local/lib/python3.8/site-packages/airflow/example_dags/example_subdag_operator.py for tasks to queue
[2024-03-19T09:53:18.573+0000] {logging_mixin.py:188} INFO - [2024-03-19T09:53:18.573+0000] {dagbag.py:540} INFO - Filling up the DagBag from /home/airflow/.local/lib/python3.8/site-packages/airflow/example_dags/example_subdag_operator.py
[2024-03-19T09:53:18.619+0000] {processor.py:840} INFO - DAG(s) 'example_subdag_operator.section-1', 'example_subdag_operator.section-2', 'example_subdag_operator' retrieved from /home/airflow/.local/lib/python3.8/site-packages/airflow/example_dags/example_subdag_operator.py
[2024-03-19T09:53:18.648+0000] {logging_mixin.py:188} INFO - [2024-03-19T09:53:18.648+0000] {dag.py:3047} INFO - Sync 3 DAGs
[2024-03-19T09:53:18.680+0000] {logging_mixin.py:188} INFO - [2024-03-19T09:53:18.680+0000] {dag.py:3834} INFO - Setting next_dagrun for example_subdag_operator to 2022-01-01 00:00:00+00:00, run_after=2022-01-01 00:00:00+00:00
[2024-03-19T09:53:18.686+0000] {logging_mixin.py:188} INFO - [2024-03-19T09:53:18.685+0000] {dag.py:3834} INFO - Setting next_dagrun for example_subdag_operator.section-1 to None, run_after=None
[2024-03-19T09:53:18.688+0000] {logging_mixin.py:188} INFO - [2024-03-19T09:53:18.688+0000] {dag.py:3834} INFO - Setting next_dagrun for example_subdag_operator.section-2 to None, run_after=None
[2024-03-19T09:53:18.706+0000] {logging_mixin.py:188} INFO - [2024-03-19T09:53:18.706+0000] {dag.py:3047} INFO - Sync 2 DAGs
[2024-03-19T09:53:18.718+0000] {logging_mixin.py:188} INFO - [2024-03-19T09:53:18.718+0000] {dag.py:3834} INFO - Setting next_dagrun for example_subdag_operator.section-1 to None, run_after=None
[2024-03-19T09:53:18.719+0000] {logging_mixin.py:188} INFO - [2024-03-19T09:53:18.719+0000] {dag.py:3834} INFO - Setting next_dagrun for example_subdag_operator.section-2 to None, run_after=None
[2024-03-19T09:53:18.743+0000] {processor.py:183} INFO - Processing /home/airflow/.local/lib/python3.8/site-packages/airflow/example_dags/example_subdag_operator.py took 0.179 seconds
[2024-03-19T09:53:48.901+0000] {processor.py:161} INFO - Started process (PID=23749) to work on /home/airflow/.local/lib/python3.8/site-packages/airflow/example_dags/example_subdag_operator.py
[2024-03-19T09:53:48.903+0000] {processor.py:830} INFO - Processing file /home/airflow/.local/lib/python3.8/site-packages/airflow/example_dags/example_subdag_operator.py for tasks to queue
[2024-03-19T09:53:48.905+0000] {logging_mixin.py:188} INFO - [2024-03-19T09:53:48.905+0000] {dagbag.py:540} INFO - Filling up the DagBag from /home/airflow/.local/lib/python3.8/site-packages/airflow/example_dags/example_subdag_operator.py
[2024-03-19T09:53:48.976+0000] {processor.py:840} INFO - DAG(s) 'example_subdag_operator.section-1', 'example_subdag_operator.section-2', 'example_subdag_operator' retrieved from /home/airflow/.local/lib/python3.8/site-packages/airflow/example_dags/example_subdag_operator.py
[2024-03-19T09:53:49.019+0000] {logging_mixin.py:188} INFO - [2024-03-19T09:53:49.018+0000] {dag.py:3047} INFO - Sync 3 DAGs
[2024-03-19T09:53:49.078+0000] {logging_mixin.py:188} INFO - [2024-03-19T09:53:49.078+0000] {dag.py:3834} INFO - Setting next_dagrun for example_subdag_operator to 2022-01-01 00:00:00+00:00, run_after=2022-01-01 00:00:00+00:00
[2024-03-19T09:53:49.087+0000] {logging_mixin.py:188} INFO - [2024-03-19T09:53:49.086+0000] {dag.py:3834} INFO - Setting next_dagrun for example_subdag_operator.section-1 to None, run_after=None
[2024-03-19T09:53:49.092+0000] {logging_mixin.py:188} INFO - [2024-03-19T09:53:49.092+0000] {dag.py:3834} INFO - Setting next_dagrun for example_subdag_operator.section-2 to None, run_after=None
[2024-03-19T09:53:49.118+0000] {logging_mixin.py:188} INFO - [2024-03-19T09:53:49.118+0000] {dag.py:3047} INFO - Sync 2 DAGs
[2024-03-19T09:53:49.133+0000] {logging_mixin.py:188} INFO - [2024-03-19T09:53:49.132+0000] {dag.py:3834} INFO - Setting next_dagrun for example_subdag_operator.section-1 to None, run_after=None
[2024-03-19T09:53:49.137+0000] {logging_mixin.py:188} INFO - [2024-03-19T09:53:49.136+0000] {dag.py:3834} INFO - Setting next_dagrun for example_subdag_operator.section-2 to None, run_after=None
[2024-03-19T09:53:49.169+0000] {processor.py:183} INFO - Processing /home/airflow/.local/lib/python3.8/site-packages/airflow/example_dags/example_subdag_operator.py took 0.275 seconds
[2024-03-19T09:54:19.688+0000] {processor.py:161} INFO - Started process (PID=23805) to work on /home/airflow/.local/lib/python3.8/site-packages/airflow/example_dags/example_subdag_operator.py
[2024-03-19T09:54:19.690+0000] {processor.py:830} INFO - Processing file /home/airflow/.local/lib/python3.8/site-packages/airflow/example_dags/example_subdag_operator.py for tasks to queue
[2024-03-19T09:54:19.698+0000] {logging_mixin.py:188} INFO - [2024-03-19T09:54:19.697+0000] {dagbag.py:540} INFO - Filling up the DagBag from /home/airflow/.local/lib/python3.8/site-packages/airflow/example_dags/example_subdag_operator.py
[2024-03-19T09:54:19.764+0000] {processor.py:840} INFO - DAG(s) 'example_subdag_operator.section-1', 'example_subdag_operator.section-2', 'example_subdag_operator' retrieved from /home/airflow/.local/lib/python3.8/site-packages/airflow/example_dags/example_subdag_operator.py
[2024-03-19T09:54:19.798+0000] {logging_mixin.py:188} INFO - [2024-03-19T09:54:19.797+0000] {dag.py:3047} INFO - Sync 3 DAGs
[2024-03-19T09:54:19.869+0000] {logging_mixin.py:188} INFO - [2024-03-19T09:54:19.869+0000] {dag.py:3834} INFO - Setting next_dagrun for example_subdag_operator to 2022-01-01 00:00:00+00:00, run_after=2022-01-01 00:00:00+00:00
[2024-03-19T09:54:19.883+0000] {logging_mixin.py:188} INFO - [2024-03-19T09:54:19.882+0000] {dag.py:3834} INFO - Setting next_dagrun for example_subdag_operator.section-1 to None, run_after=None
[2024-03-19T09:54:19.887+0000] {logging_mixin.py:188} INFO - [2024-03-19T09:54:19.886+0000] {dag.py:3834} INFO - Setting next_dagrun for example_subdag_operator.section-2 to None, run_after=None
[2024-03-19T09:54:19.904+0000] {logging_mixin.py:188} INFO - [2024-03-19T09:54:19.904+0000] {dag.py:3047} INFO - Sync 2 DAGs
[2024-03-19T09:54:19.918+0000] {logging_mixin.py:188} INFO - [2024-03-19T09:54:19.917+0000] {dag.py:3834} INFO - Setting next_dagrun for example_subdag_operator.section-1 to None, run_after=None
[2024-03-19T09:54:19.919+0000] {logging_mixin.py:188} INFO - [2024-03-19T09:54:19.918+0000] {dag.py:3834} INFO - Setting next_dagrun for example_subdag_operator.section-2 to None, run_after=None
[2024-03-19T09:54:19.946+0000] {processor.py:183} INFO - Processing /home/airflow/.local/lib/python3.8/site-packages/airflow/example_dags/example_subdag_operator.py took 0.271 seconds
[2024-03-19T09:54:50.094+0000] {processor.py:161} INFO - Started process (PID=23860) to work on /home/airflow/.local/lib/python3.8/site-packages/airflow/example_dags/example_subdag_operator.py
[2024-03-19T09:54:50.096+0000] {processor.py:830} INFO - Processing file /home/airflow/.local/lib/python3.8/site-packages/airflow/example_dags/example_subdag_operator.py for tasks to queue
[2024-03-19T09:54:50.098+0000] {logging_mixin.py:188} INFO - [2024-03-19T09:54:50.097+0000] {dagbag.py:540} INFO - Filling up the DagBag from /home/airflow/.local/lib/python3.8/site-packages/airflow/example_dags/example_subdag_operator.py
[2024-03-19T09:54:50.126+0000] {processor.py:840} INFO - DAG(s) 'example_subdag_operator.section-1', 'example_subdag_operator.section-2', 'example_subdag_operator' retrieved from /home/airflow/.local/lib/python3.8/site-packages/airflow/example_dags/example_subdag_operator.py
[2024-03-19T09:54:50.145+0000] {logging_mixin.py:188} INFO - [2024-03-19T09:54:50.144+0000] {dag.py:3047} INFO - Sync 3 DAGs
[2024-03-19T09:54:50.169+0000] {logging_mixin.py:188} INFO - [2024-03-19T09:54:50.169+0000] {dag.py:3834} INFO - Setting next_dagrun for example_subdag_operator to 2022-01-01 00:00:00+00:00, run_after=2022-01-01 00:00:00+00:00
[2024-03-19T09:54:50.173+0000] {logging_mixin.py:188} INFO - [2024-03-19T09:54:50.173+0000] {dag.py:3834} INFO - Setting next_dagrun for example_subdag_operator.section-1 to None, run_after=None
[2024-03-19T09:54:50.175+0000] {logging_mixin.py:188} INFO - [2024-03-19T09:54:50.175+0000] {dag.py:3834} INFO - Setting next_dagrun for example_subdag_operator.section-2 to None, run_after=None
[2024-03-19T09:54:50.185+0000] {logging_mixin.py:188} INFO - [2024-03-19T09:54:50.185+0000] {dag.py:3047} INFO - Sync 2 DAGs
[2024-03-19T09:54:50.193+0000] {logging_mixin.py:188} INFO - [2024-03-19T09:54:50.193+0000] {dag.py:3834} INFO - Setting next_dagrun for example_subdag_operator.section-1 to None, run_after=None
[2024-03-19T09:54:50.194+0000] {logging_mixin.py:188} INFO - [2024-03-19T09:54:50.194+0000] {dag.py:3834} INFO - Setting next_dagrun for example_subdag_operator.section-2 to None, run_after=None
[2024-03-19T09:54:50.211+0000] {processor.py:183} INFO - Processing /home/airflow/.local/lib/python3.8/site-packages/airflow/example_dags/example_subdag_operator.py took 0.121 seconds
[2024-03-19T09:55:20.910+0000] {processor.py:161} INFO - Started process (PID=23917) to work on /home/airflow/.local/lib/python3.8/site-packages/airflow/example_dags/example_subdag_operator.py
[2024-03-19T09:55:20.912+0000] {processor.py:830} INFO - Processing file /home/airflow/.local/lib/python3.8/site-packages/airflow/example_dags/example_subdag_operator.py for tasks to queue
[2024-03-19T09:55:20.914+0000] {logging_mixin.py:188} INFO - [2024-03-19T09:55:20.913+0000] {dagbag.py:540} INFO - Filling up the DagBag from /home/airflow/.local/lib/python3.8/site-packages/airflow/example_dags/example_subdag_operator.py
[2024-03-19T09:55:20.943+0000] {processor.py:840} INFO - DAG(s) 'example_subdag_operator.section-1', 'example_subdag_operator.section-2', 'example_subdag_operator' retrieved from /home/airflow/.local/lib/python3.8/site-packages/airflow/example_dags/example_subdag_operator.py
[2024-03-19T09:55:20.963+0000] {logging_mixin.py:188} INFO - [2024-03-19T09:55:20.963+0000] {dag.py:3047} INFO - Sync 3 DAGs
[2024-03-19T09:55:20.988+0000] {logging_mixin.py:188} INFO - [2024-03-19T09:55:20.988+0000] {dag.py:3834} INFO - Setting next_dagrun for example_subdag_operator to 2022-01-01 00:00:00+00:00, run_after=2022-01-01 00:00:00+00:00
[2024-03-19T09:55:20.992+0000] {logging_mixin.py:188} INFO - [2024-03-19T09:55:20.992+0000] {dag.py:3834} INFO - Setting next_dagrun for example_subdag_operator.section-1 to None, run_after=None
[2024-03-19T09:55:20.995+0000] {logging_mixin.py:188} INFO - [2024-03-19T09:55:20.994+0000] {dag.py:3834} INFO - Setting next_dagrun for example_subdag_operator.section-2 to None, run_after=None
[2024-03-19T09:55:21.007+0000] {logging_mixin.py:188} INFO - [2024-03-19T09:55:21.007+0000] {dag.py:3047} INFO - Sync 2 DAGs
[2024-03-19T09:55:21.015+0000] {logging_mixin.py:188} INFO - [2024-03-19T09:55:21.014+0000] {dag.py:3834} INFO - Setting next_dagrun for example_subdag_operator.section-1 to None, run_after=None
[2024-03-19T09:55:21.015+0000] {logging_mixin.py:188} INFO - [2024-03-19T09:55:21.015+0000] {dag.py:3834} INFO - Setting next_dagrun for example_subdag_operator.section-2 to None, run_after=None
[2024-03-19T09:55:21.032+0000] {processor.py:183} INFO - Processing /home/airflow/.local/lib/python3.8/site-packages/airflow/example_dags/example_subdag_operator.py took 0.127 seconds
[2024-03-19T09:55:51.469+0000] {processor.py:161} INFO - Started process (PID=23972) to work on /home/airflow/.local/lib/python3.8/site-packages/airflow/example_dags/example_subdag_operator.py
[2024-03-19T09:55:51.472+0000] {processor.py:830} INFO - Processing file /home/airflow/.local/lib/python3.8/site-packages/airflow/example_dags/example_subdag_operator.py for tasks to queue
[2024-03-19T09:55:51.474+0000] {logging_mixin.py:188} INFO - [2024-03-19T09:55:51.473+0000] {dagbag.py:540} INFO - Filling up the DagBag from /home/airflow/.local/lib/python3.8/site-packages/airflow/example_dags/example_subdag_operator.py
[2024-03-19T09:55:51.517+0000] {processor.py:840} INFO - DAG(s) 'example_subdag_operator.section-1', 'example_subdag_operator.section-2', 'example_subdag_operator' retrieved from /home/airflow/.local/lib/python3.8/site-packages/airflow/example_dags/example_subdag_operator.py
[2024-03-19T09:55:51.542+0000] {logging_mixin.py:188} INFO - [2024-03-19T09:55:51.542+0000] {dag.py:3047} INFO - Sync 3 DAGs
[2024-03-19T09:55:51.574+0000] {logging_mixin.py:188} INFO - [2024-03-19T09:55:51.573+0000] {dag.py:3834} INFO - Setting next_dagrun for example_subdag_operator to 2022-01-01 00:00:00+00:00, run_after=2022-01-01 00:00:00+00:00
[2024-03-19T09:55:51.579+0000] {logging_mixin.py:188} INFO - [2024-03-19T09:55:51.578+0000] {dag.py:3834} INFO - Setting next_dagrun for example_subdag_operator.section-1 to None, run_after=None
[2024-03-19T09:55:51.585+0000] {logging_mixin.py:188} INFO - [2024-03-19T09:55:51.584+0000] {dag.py:3834} INFO - Setting next_dagrun for example_subdag_operator.section-2 to None, run_after=None
[2024-03-19T09:55:51.595+0000] {logging_mixin.py:188} INFO - [2024-03-19T09:55:51.594+0000] {dag.py:3047} INFO - Sync 2 DAGs
[2024-03-19T09:55:51.607+0000] {logging_mixin.py:188} INFO - [2024-03-19T09:55:51.606+0000] {dag.py:3834} INFO - Setting next_dagrun for example_subdag_operator.section-1 to None, run_after=None
[2024-03-19T09:55:51.608+0000] {logging_mixin.py:188} INFO - [2024-03-19T09:55:51.607+0000] {dag.py:3834} INFO - Setting next_dagrun for example_subdag_operator.section-2 to None, run_after=None
[2024-03-19T09:55:51.628+0000] {processor.py:183} INFO - Processing /home/airflow/.local/lib/python3.8/site-packages/airflow/example_dags/example_subdag_operator.py took 0.168 seconds
[2024-03-19T09:56:21.900+0000] {processor.py:161} INFO - Started process (PID=24027) to work on /home/airflow/.local/lib/python3.8/site-packages/airflow/example_dags/example_subdag_operator.py
[2024-03-19T09:56:21.903+0000] {processor.py:830} INFO - Processing file /home/airflow/.local/lib/python3.8/site-packages/airflow/example_dags/example_subdag_operator.py for tasks to queue
[2024-03-19T09:56:21.905+0000] {logging_mixin.py:188} INFO - [2024-03-19T09:56:21.905+0000] {dagbag.py:540} INFO - Filling up the DagBag from /home/airflow/.local/lib/python3.8/site-packages/airflow/example_dags/example_subdag_operator.py
[2024-03-19T09:56:21.942+0000] {processor.py:840} INFO - DAG(s) 'example_subdag_operator.section-1', 'example_subdag_operator.section-2', 'example_subdag_operator' retrieved from /home/airflow/.local/lib/python3.8/site-packages/airflow/example_dags/example_subdag_operator.py
[2024-03-19T09:56:21.963+0000] {logging_mixin.py:188} INFO - [2024-03-19T09:56:21.962+0000] {dag.py:3047} INFO - Sync 3 DAGs
[2024-03-19T09:56:21.991+0000] {logging_mixin.py:188} INFO - [2024-03-19T09:56:21.991+0000] {dag.py:3834} INFO - Setting next_dagrun for example_subdag_operator to 2022-01-01 00:00:00+00:00, run_after=2022-01-01 00:00:00+00:00
[2024-03-19T09:56:21.996+0000] {logging_mixin.py:188} INFO - [2024-03-19T09:56:21.996+0000] {dag.py:3834} INFO - Setting next_dagrun for example_subdag_operator.section-1 to None, run_after=None
[2024-03-19T09:56:21.998+0000] {logging_mixin.py:188} INFO - [2024-03-19T09:56:21.998+0000] {dag.py:3834} INFO - Setting next_dagrun for example_subdag_operator.section-2 to None, run_after=None
[2024-03-19T09:56:22.010+0000] {logging_mixin.py:188} INFO - [2024-03-19T09:56:22.010+0000] {dag.py:3047} INFO - Sync 2 DAGs
[2024-03-19T09:56:22.018+0000] {logging_mixin.py:188} INFO - [2024-03-19T09:56:22.018+0000] {dag.py:3834} INFO - Setting next_dagrun for example_subdag_operator.section-1 to None, run_after=None
[2024-03-19T09:56:22.019+0000] {logging_mixin.py:188} INFO - [2024-03-19T09:56:22.019+0000] {dag.py:3834} INFO - Setting next_dagrun for example_subdag_operator.section-2 to None, run_after=None
[2024-03-19T09:56:22.036+0000] {processor.py:183} INFO - Processing /home/airflow/.local/lib/python3.8/site-packages/airflow/example_dags/example_subdag_operator.py took 0.142 seconds
[2024-03-19T09:56:52.645+0000] {processor.py:161} INFO - Started process (PID=24082) to work on /home/airflow/.local/lib/python3.8/site-packages/airflow/example_dags/example_subdag_operator.py
[2024-03-19T09:56:52.650+0000] {processor.py:830} INFO - Processing file /home/airflow/.local/lib/python3.8/site-packages/airflow/example_dags/example_subdag_operator.py for tasks to queue
[2024-03-19T09:56:52.654+0000] {logging_mixin.py:188} INFO - [2024-03-19T09:56:52.653+0000] {dagbag.py:540} INFO - Filling up the DagBag from /home/airflow/.local/lib/python3.8/site-packages/airflow/example_dags/example_subdag_operator.py
[2024-03-19T09:56:52.836+0000] {processor.py:840} INFO - DAG(s) 'example_subdag_operator.section-1', 'example_subdag_operator.section-2', 'example_subdag_operator' retrieved from /home/airflow/.local/lib/python3.8/site-packages/airflow/example_dags/example_subdag_operator.py
[2024-03-19T09:56:52.984+0000] {logging_mixin.py:188} INFO - [2024-03-19T09:56:52.984+0000] {dag.py:3047} INFO - Sync 3 DAGs
[2024-03-19T09:56:53.144+0000] {logging_mixin.py:188} INFO - [2024-03-19T09:56:53.133+0000] {dag.py:3834} INFO - Setting next_dagrun for example_subdag_operator to 2022-01-01 00:00:00+00:00, run_after=2022-01-01 00:00:00+00:00
[2024-03-19T09:56:53.190+0000] {logging_mixin.py:188} INFO - [2024-03-19T09:56:53.189+0000] {dag.py:3834} INFO - Setting next_dagrun for example_subdag_operator.section-1 to None, run_after=None
[2024-03-19T09:56:53.202+0000] {logging_mixin.py:188} INFO - [2024-03-19T09:56:53.202+0000] {dag.py:3834} INFO - Setting next_dagrun for example_subdag_operator.section-2 to None, run_after=None
[2024-03-19T09:56:53.288+0000] {logging_mixin.py:188} INFO - [2024-03-19T09:56:53.288+0000] {dag.py:3047} INFO - Sync 2 DAGs
[2024-03-19T09:56:53.303+0000] {logging_mixin.py:188} INFO - [2024-03-19T09:56:53.303+0000] {dag.py:3834} INFO - Setting next_dagrun for example_subdag_operator.section-1 to None, run_after=None
[2024-03-19T09:56:53.305+0000] {logging_mixin.py:188} INFO - [2024-03-19T09:56:53.304+0000] {dag.py:3834} INFO - Setting next_dagrun for example_subdag_operator.section-2 to None, run_after=None
[2024-03-19T09:56:53.336+0000] {processor.py:183} INFO - Processing /home/airflow/.local/lib/python3.8/site-packages/airflow/example_dags/example_subdag_operator.py took 0.703 seconds
