[2024-03-19T09:44:32.058+0000] {processor.py:161} INFO - Started process (PID=22816) to work on /home/airflow/.local/lib/python3.8/site-packages/airflow/example_dags/example_python_decorator.py
[2024-03-19T09:44:32.060+0000] {processor.py:830} INFO - Processing file /home/airflow/.local/lib/python3.8/site-packages/airflow/example_dags/example_python_decorator.py for tasks to queue
[2024-03-19T09:44:32.062+0000] {logging_mixin.py:188} INFO - [2024-03-19T09:44:32.062+0000] {dagbag.py:540} INFO - Filling up the DagBag from /home/airflow/.local/lib/python3.8/site-packages/airflow/example_dags/example_python_decorator.py
[2024-03-19T09:44:32.085+0000] {processor.py:840} INFO - DAG(s) 'example_python_decorator' retrieved from /home/airflow/.local/lib/python3.8/site-packages/airflow/example_dags/example_python_decorator.py
[2024-03-19T09:44:32.117+0000] {logging_mixin.py:188} INFO - [2024-03-19T09:44:32.117+0000] {dag.py:3047} INFO - Sync 1 DAGs
[2024-03-19T09:44:32.136+0000] {logging_mixin.py:188} INFO - [2024-03-19T09:44:32.136+0000] {dag.py:3834} INFO - Setting next_dagrun for example_python_decorator to None, run_after=None
[2024-03-19T09:44:32.167+0000] {processor.py:183} INFO - Processing /home/airflow/.local/lib/python3.8/site-packages/airflow/example_dags/example_python_decorator.py took 0.115 seconds
[2024-03-19T09:45:02.254+0000] {processor.py:161} INFO - Started process (PID=22871) to work on /home/airflow/.local/lib/python3.8/site-packages/airflow/example_dags/example_python_decorator.py
[2024-03-19T09:45:02.255+0000] {processor.py:830} INFO - Processing file /home/airflow/.local/lib/python3.8/site-packages/airflow/example_dags/example_python_decorator.py for tasks to queue
[2024-03-19T09:45:02.257+0000] {logging_mixin.py:188} INFO - [2024-03-19T09:45:02.256+0000] {dagbag.py:540} INFO - Filling up the DagBag from /home/airflow/.local/lib/python3.8/site-packages/airflow/example_dags/example_python_decorator.py
[2024-03-19T09:45:02.275+0000] {processor.py:840} INFO - DAG(s) 'example_python_decorator' retrieved from /home/airflow/.local/lib/python3.8/site-packages/airflow/example_dags/example_python_decorator.py
[2024-03-19T09:45:02.306+0000] {logging_mixin.py:188} INFO - [2024-03-19T09:45:02.306+0000] {dag.py:3047} INFO - Sync 1 DAGs
[2024-03-19T09:45:02.320+0000] {logging_mixin.py:188} INFO - [2024-03-19T09:45:02.319+0000] {dag.py:3834} INFO - Setting next_dagrun for example_python_decorator to None, run_after=None
[2024-03-19T09:45:02.347+0000] {processor.py:183} INFO - Processing /home/airflow/.local/lib/python3.8/site-packages/airflow/example_dags/example_python_decorator.py took 0.098 seconds
[2024-03-19T09:45:50.069+0000] {processor.py:161} INFO - Started process (PID=22926) to work on /home/airflow/.local/lib/python3.8/site-packages/airflow/example_dags/example_python_decorator.py
[2024-03-19T09:45:50.073+0000] {processor.py:830} INFO - Processing file /home/airflow/.local/lib/python3.8/site-packages/airflow/example_dags/example_python_decorator.py for tasks to queue
[2024-03-19T09:45:50.076+0000] {logging_mixin.py:188} INFO - [2024-03-19T09:45:50.075+0000] {dagbag.py:540} INFO - Filling up the DagBag from /home/airflow/.local/lib/python3.8/site-packages/airflow/example_dags/example_python_decorator.py
[2024-03-19T09:45:50.201+0000] {processor.py:840} INFO - DAG(s) 'example_python_decorator' retrieved from /home/airflow/.local/lib/python3.8/site-packages/airflow/example_dags/example_python_decorator.py
[2024-03-19T09:45:50.292+0000] {logging_mixin.py:188} INFO - [2024-03-19T09:45:50.291+0000] {dag.py:3047} INFO - Sync 1 DAGs
[2024-03-19T09:45:50.354+0000] {logging_mixin.py:188} INFO - [2024-03-19T09:45:50.354+0000] {dag.py:3834} INFO - Setting next_dagrun for example_python_decorator to None, run_after=None
[2024-03-19T09:45:50.698+0000] {processor.py:183} INFO - Processing /home/airflow/.local/lib/python3.8/site-packages/airflow/example_dags/example_python_decorator.py took 0.638 seconds
[2024-03-19T09:46:22.308+0000] {processor.py:161} INFO - Started process (PID=22981) to work on /home/airflow/.local/lib/python3.8/site-packages/airflow/example_dags/example_python_decorator.py
[2024-03-19T09:46:22.311+0000] {processor.py:830} INFO - Processing file /home/airflow/.local/lib/python3.8/site-packages/airflow/example_dags/example_python_decorator.py for tasks to queue
[2024-03-19T09:46:22.313+0000] {logging_mixin.py:188} INFO - [2024-03-19T09:46:22.312+0000] {dagbag.py:540} INFO - Filling up the DagBag from /home/airflow/.local/lib/python3.8/site-packages/airflow/example_dags/example_python_decorator.py
[2024-03-19T09:46:22.384+0000] {processor.py:840} INFO - DAG(s) 'example_python_decorator' retrieved from /home/airflow/.local/lib/python3.8/site-packages/airflow/example_dags/example_python_decorator.py
[2024-03-19T09:46:22.429+0000] {logging_mixin.py:188} INFO - [2024-03-19T09:46:22.429+0000] {dag.py:3047} INFO - Sync 1 DAGs
[2024-03-19T09:46:22.451+0000] {logging_mixin.py:188} INFO - [2024-03-19T09:46:22.451+0000] {dag.py:3834} INFO - Setting next_dagrun for example_python_decorator to None, run_after=None
[2024-03-19T09:46:22.491+0000] {processor.py:183} INFO - Processing /home/airflow/.local/lib/python3.8/site-packages/airflow/example_dags/example_python_decorator.py took 0.190 seconds
[2024-03-19T09:46:53.343+0000] {processor.py:161} INFO - Started process (PID=23037) to work on /home/airflow/.local/lib/python3.8/site-packages/airflow/example_dags/example_python_decorator.py
[2024-03-19T09:46:53.347+0000] {processor.py:830} INFO - Processing file /home/airflow/.local/lib/python3.8/site-packages/airflow/example_dags/example_python_decorator.py for tasks to queue
[2024-03-19T09:46:53.351+0000] {logging_mixin.py:188} INFO - [2024-03-19T09:46:53.350+0000] {dagbag.py:540} INFO - Filling up the DagBag from /home/airflow/.local/lib/python3.8/site-packages/airflow/example_dags/example_python_decorator.py
[2024-03-19T09:46:53.405+0000] {processor.py:840} INFO - DAG(s) 'example_python_decorator' retrieved from /home/airflow/.local/lib/python3.8/site-packages/airflow/example_dags/example_python_decorator.py
[2024-03-19T09:46:53.492+0000] {logging_mixin.py:188} INFO - [2024-03-19T09:46:53.491+0000] {dag.py:3047} INFO - Sync 1 DAGs
[2024-03-19T09:46:53.551+0000] {logging_mixin.py:188} INFO - [2024-03-19T09:46:53.550+0000] {dag.py:3834} INFO - Setting next_dagrun for example_python_decorator to None, run_after=None
[2024-03-19T09:46:53.619+0000] {processor.py:183} INFO - Processing /home/airflow/.local/lib/python3.8/site-packages/airflow/example_dags/example_python_decorator.py took 0.283 seconds
[2024-03-19T09:47:26.236+0000] {processor.py:161} INFO - Started process (PID=23094) to work on /home/airflow/.local/lib/python3.8/site-packages/airflow/example_dags/example_python_decorator.py
[2024-03-19T09:47:26.239+0000] {processor.py:830} INFO - Processing file /home/airflow/.local/lib/python3.8/site-packages/airflow/example_dags/example_python_decorator.py for tasks to queue
[2024-03-19T09:47:26.242+0000] {logging_mixin.py:188} INFO - [2024-03-19T09:47:26.241+0000] {dagbag.py:540} INFO - Filling up the DagBag from /home/airflow/.local/lib/python3.8/site-packages/airflow/example_dags/example_python_decorator.py
[2024-03-19T09:47:26.271+0000] {processor.py:840} INFO - DAG(s) 'example_python_decorator' retrieved from /home/airflow/.local/lib/python3.8/site-packages/airflow/example_dags/example_python_decorator.py
[2024-03-19T09:47:26.313+0000] {logging_mixin.py:188} INFO - [2024-03-19T09:47:26.312+0000] {dag.py:3047} INFO - Sync 1 DAGs
[2024-03-19T09:47:26.333+0000] {logging_mixin.py:188} INFO - [2024-03-19T09:47:26.333+0000] {dag.py:3834} INFO - Setting next_dagrun for example_python_decorator to None, run_after=None
[2024-03-19T09:47:26.362+0000] {processor.py:183} INFO - Processing /home/airflow/.local/lib/python3.8/site-packages/airflow/example_dags/example_python_decorator.py took 0.132 seconds
[2024-03-19T09:47:56.626+0000] {processor.py:161} INFO - Started process (PID=23147) to work on /home/airflow/.local/lib/python3.8/site-packages/airflow/example_dags/example_python_decorator.py
[2024-03-19T09:47:56.629+0000] {processor.py:830} INFO - Processing file /home/airflow/.local/lib/python3.8/site-packages/airflow/example_dags/example_python_decorator.py for tasks to queue
[2024-03-19T09:47:56.632+0000] {logging_mixin.py:188} INFO - [2024-03-19T09:47:56.631+0000] {dagbag.py:540} INFO - Filling up the DagBag from /home/airflow/.local/lib/python3.8/site-packages/airflow/example_dags/example_python_decorator.py
[2024-03-19T09:47:56.666+0000] {processor.py:840} INFO - DAG(s) 'example_python_decorator' retrieved from /home/airflow/.local/lib/python3.8/site-packages/airflow/example_dags/example_python_decorator.py
[2024-03-19T09:47:56.712+0000] {logging_mixin.py:188} INFO - [2024-03-19T09:47:56.712+0000] {dag.py:3047} INFO - Sync 1 DAGs
[2024-03-19T09:47:56.737+0000] {logging_mixin.py:188} INFO - [2024-03-19T09:47:56.737+0000] {dag.py:3834} INFO - Setting next_dagrun for example_python_decorator to None, run_after=None
[2024-03-19T09:47:56.774+0000] {processor.py:183} INFO - Processing /home/airflow/.local/lib/python3.8/site-packages/airflow/example_dags/example_python_decorator.py took 0.154 seconds
[2024-03-19T09:48:27.118+0000] {processor.py:161} INFO - Started process (PID=23202) to work on /home/airflow/.local/lib/python3.8/site-packages/airflow/example_dags/example_python_decorator.py
[2024-03-19T09:48:27.120+0000] {processor.py:830} INFO - Processing file /home/airflow/.local/lib/python3.8/site-packages/airflow/example_dags/example_python_decorator.py for tasks to queue
[2024-03-19T09:48:27.122+0000] {logging_mixin.py:188} INFO - [2024-03-19T09:48:27.121+0000] {dagbag.py:540} INFO - Filling up the DagBag from /home/airflow/.local/lib/python3.8/site-packages/airflow/example_dags/example_python_decorator.py
[2024-03-19T09:48:27.142+0000] {processor.py:840} INFO - DAG(s) 'example_python_decorator' retrieved from /home/airflow/.local/lib/python3.8/site-packages/airflow/example_dags/example_python_decorator.py
[2024-03-19T09:48:27.172+0000] {logging_mixin.py:188} INFO - [2024-03-19T09:48:27.172+0000] {dag.py:3047} INFO - Sync 1 DAGs
[2024-03-19T09:48:27.191+0000] {logging_mixin.py:188} INFO - [2024-03-19T09:48:27.191+0000] {dag.py:3834} INFO - Setting next_dagrun for example_python_decorator to None, run_after=None
[2024-03-19T09:48:27.231+0000] {processor.py:183} INFO - Processing /home/airflow/.local/lib/python3.8/site-packages/airflow/example_dags/example_python_decorator.py took 0.118 seconds
[2024-03-19T09:49:03.079+0000] {processor.py:161} INFO - Started process (PID=23257) to work on /home/airflow/.local/lib/python3.8/site-packages/airflow/example_dags/example_python_decorator.py
[2024-03-19T09:49:03.083+0000] {processor.py:830} INFO - Processing file /home/airflow/.local/lib/python3.8/site-packages/airflow/example_dags/example_python_decorator.py for tasks to queue
[2024-03-19T09:49:03.086+0000] {logging_mixin.py:188} INFO - [2024-03-19T09:49:03.085+0000] {dagbag.py:540} INFO - Filling up the DagBag from /home/airflow/.local/lib/python3.8/site-packages/airflow/example_dags/example_python_decorator.py
[2024-03-19T09:49:03.136+0000] {processor.py:840} INFO - DAG(s) 'example_python_decorator' retrieved from /home/airflow/.local/lib/python3.8/site-packages/airflow/example_dags/example_python_decorator.py
[2024-03-19T09:49:03.213+0000] {logging_mixin.py:188} INFO - [2024-03-19T09:49:03.212+0000] {dag.py:3047} INFO - Sync 1 DAGs
[2024-03-19T09:49:03.249+0000] {logging_mixin.py:188} INFO - [2024-03-19T09:49:03.247+0000] {dag.py:3834} INFO - Setting next_dagrun for example_python_decorator to None, run_after=None
[2024-03-19T09:49:03.312+0000] {processor.py:183} INFO - Processing /home/airflow/.local/lib/python3.8/site-packages/airflow/example_dags/example_python_decorator.py took 0.241 seconds
[2024-03-19T09:49:33.932+0000] {processor.py:161} INFO - Started process (PID=23312) to work on /home/airflow/.local/lib/python3.8/site-packages/airflow/example_dags/example_python_decorator.py
[2024-03-19T09:49:33.934+0000] {processor.py:830} INFO - Processing file /home/airflow/.local/lib/python3.8/site-packages/airflow/example_dags/example_python_decorator.py for tasks to queue
[2024-03-19T09:49:33.936+0000] {logging_mixin.py:188} INFO - [2024-03-19T09:49:33.935+0000] {dagbag.py:540} INFO - Filling up the DagBag from /home/airflow/.local/lib/python3.8/site-packages/airflow/example_dags/example_python_decorator.py
[2024-03-19T09:49:33.957+0000] {processor.py:840} INFO - DAG(s) 'example_python_decorator' retrieved from /home/airflow/.local/lib/python3.8/site-packages/airflow/example_dags/example_python_decorator.py
[2024-03-19T09:49:34.003+0000] {logging_mixin.py:188} INFO - [2024-03-19T09:49:34.002+0000] {dag.py:3047} INFO - Sync 1 DAGs
[2024-03-19T09:49:34.028+0000] {logging_mixin.py:188} INFO - [2024-03-19T09:49:34.028+0000] {dag.py:3834} INFO - Setting next_dagrun for example_python_decorator to None, run_after=None
[2024-03-19T09:49:34.071+0000] {processor.py:183} INFO - Processing /home/airflow/.local/lib/python3.8/site-packages/airflow/example_dags/example_python_decorator.py took 0.146 seconds
[2024-03-19T09:50:05.283+0000] {processor.py:161} INFO - Started process (PID=23369) to work on /home/airflow/.local/lib/python3.8/site-packages/airflow/example_dags/example_python_decorator.py
[2024-03-19T09:50:05.287+0000] {processor.py:830} INFO - Processing file /home/airflow/.local/lib/python3.8/site-packages/airflow/example_dags/example_python_decorator.py for tasks to queue
[2024-03-19T09:50:05.290+0000] {logging_mixin.py:188} INFO - [2024-03-19T09:50:05.289+0000] {dagbag.py:540} INFO - Filling up the DagBag from /home/airflow/.local/lib/python3.8/site-packages/airflow/example_dags/example_python_decorator.py
[2024-03-19T09:50:05.319+0000] {processor.py:840} INFO - DAG(s) 'example_python_decorator' retrieved from /home/airflow/.local/lib/python3.8/site-packages/airflow/example_dags/example_python_decorator.py
[2024-03-19T09:50:05.415+0000] {logging_mixin.py:188} INFO - [2024-03-19T09:50:05.414+0000] {dag.py:3047} INFO - Sync 1 DAGs
[2024-03-19T09:50:05.461+0000] {logging_mixin.py:188} INFO - [2024-03-19T09:50:05.460+0000] {dag.py:3834} INFO - Setting next_dagrun for example_python_decorator to None, run_after=None
[2024-03-19T09:50:05.504+0000] {processor.py:183} INFO - Processing /home/airflow/.local/lib/python3.8/site-packages/airflow/example_dags/example_python_decorator.py took 0.228 seconds
[2024-03-19T09:50:37.968+0000] {processor.py:161} INFO - Started process (PID=23425) to work on /home/airflow/.local/lib/python3.8/site-packages/airflow/example_dags/example_python_decorator.py
[2024-03-19T09:50:37.972+0000] {processor.py:830} INFO - Processing file /home/airflow/.local/lib/python3.8/site-packages/airflow/example_dags/example_python_decorator.py for tasks to queue
[2024-03-19T09:50:37.976+0000] {logging_mixin.py:188} INFO - [2024-03-19T09:50:37.975+0000] {dagbag.py:540} INFO - Filling up the DagBag from /home/airflow/.local/lib/python3.8/site-packages/airflow/example_dags/example_python_decorator.py
[2024-03-19T09:50:38.057+0000] {processor.py:840} INFO - DAG(s) 'example_python_decorator' retrieved from /home/airflow/.local/lib/python3.8/site-packages/airflow/example_dags/example_python_decorator.py
[2024-03-19T09:50:38.252+0000] {logging_mixin.py:188} INFO - [2024-03-19T09:50:38.251+0000] {dag.py:3047} INFO - Sync 1 DAGs
[2024-03-19T09:50:38.348+0000] {logging_mixin.py:188} INFO - [2024-03-19T09:50:38.347+0000] {dag.py:3834} INFO - Setting next_dagrun for example_python_decorator to None, run_after=None
[2024-03-19T09:50:38.493+0000] {processor.py:183} INFO - Processing /home/airflow/.local/lib/python3.8/site-packages/airflow/example_dags/example_python_decorator.py took 0.548 seconds
[2024-03-19T09:51:08.688+0000] {processor.py:161} INFO - Started process (PID=23480) to work on /home/airflow/.local/lib/python3.8/site-packages/airflow/example_dags/example_python_decorator.py
[2024-03-19T09:51:08.690+0000] {processor.py:830} INFO - Processing file /home/airflow/.local/lib/python3.8/site-packages/airflow/example_dags/example_python_decorator.py for tasks to queue
[2024-03-19T09:51:08.692+0000] {logging_mixin.py:188} INFO - [2024-03-19T09:51:08.691+0000] {dagbag.py:540} INFO - Filling up the DagBag from /home/airflow/.local/lib/python3.8/site-packages/airflow/example_dags/example_python_decorator.py
[2024-03-19T09:51:08.713+0000] {processor.py:840} INFO - DAG(s) 'example_python_decorator' retrieved from /home/airflow/.local/lib/python3.8/site-packages/airflow/example_dags/example_python_decorator.py
[2024-03-19T09:51:08.748+0000] {logging_mixin.py:188} INFO - [2024-03-19T09:51:08.748+0000] {dag.py:3047} INFO - Sync 1 DAGs
[2024-03-19T09:51:08.775+0000] {logging_mixin.py:188} INFO - [2024-03-19T09:51:08.774+0000] {dag.py:3834} INFO - Setting next_dagrun for example_python_decorator to None, run_after=None
[2024-03-19T09:51:08.813+0000] {processor.py:183} INFO - Processing /home/airflow/.local/lib/python3.8/site-packages/airflow/example_dags/example_python_decorator.py took 0.133 seconds
[2024-03-19T09:51:39.077+0000] {processor.py:161} INFO - Started process (PID=23535) to work on /home/airflow/.local/lib/python3.8/site-packages/airflow/example_dags/example_python_decorator.py
[2024-03-19T09:51:39.079+0000] {processor.py:830} INFO - Processing file /home/airflow/.local/lib/python3.8/site-packages/airflow/example_dags/example_python_decorator.py for tasks to queue
[2024-03-19T09:51:39.081+0000] {logging_mixin.py:188} INFO - [2024-03-19T09:51:39.081+0000] {dagbag.py:540} INFO - Filling up the DagBag from /home/airflow/.local/lib/python3.8/site-packages/airflow/example_dags/example_python_decorator.py
[2024-03-19T09:51:39.105+0000] {processor.py:840} INFO - DAG(s) 'example_python_decorator' retrieved from /home/airflow/.local/lib/python3.8/site-packages/airflow/example_dags/example_python_decorator.py
[2024-03-19T09:51:39.145+0000] {logging_mixin.py:188} INFO - [2024-03-19T09:51:39.144+0000] {dag.py:3047} INFO - Sync 1 DAGs
[2024-03-19T09:51:39.161+0000] {logging_mixin.py:188} INFO - [2024-03-19T09:51:39.161+0000] {dag.py:3834} INFO - Setting next_dagrun for example_python_decorator to None, run_after=None
[2024-03-19T09:51:39.185+0000] {processor.py:183} INFO - Processing /home/airflow/.local/lib/python3.8/site-packages/airflow/example_dags/example_python_decorator.py took 0.115 seconds
[2024-03-19T09:52:09.943+0000] {processor.py:161} INFO - Started process (PID=23590) to work on /home/airflow/.local/lib/python3.8/site-packages/airflow/example_dags/example_python_decorator.py
[2024-03-19T09:52:09.944+0000] {processor.py:830} INFO - Processing file /home/airflow/.local/lib/python3.8/site-packages/airflow/example_dags/example_python_decorator.py for tasks to queue
[2024-03-19T09:52:09.946+0000] {logging_mixin.py:188} INFO - [2024-03-19T09:52:09.946+0000] {dagbag.py:540} INFO - Filling up the DagBag from /home/airflow/.local/lib/python3.8/site-packages/airflow/example_dags/example_python_decorator.py
[2024-03-19T09:52:09.966+0000] {processor.py:840} INFO - DAG(s) 'example_python_decorator' retrieved from /home/airflow/.local/lib/python3.8/site-packages/airflow/example_dags/example_python_decorator.py
[2024-03-19T09:52:09.993+0000] {logging_mixin.py:188} INFO - [2024-03-19T09:52:09.993+0000] {dag.py:3047} INFO - Sync 1 DAGs
[2024-03-19T09:52:10.011+0000] {logging_mixin.py:188} INFO - [2024-03-19T09:52:10.010+0000] {dag.py:3834} INFO - Setting next_dagrun for example_python_decorator to None, run_after=None
[2024-03-19T09:52:10.040+0000] {processor.py:183} INFO - Processing /home/airflow/.local/lib/python3.8/site-packages/airflow/example_dags/example_python_decorator.py took 0.104 seconds
[2024-03-19T09:52:48.238+0000] {processor.py:161} INFO - Started process (PID=23645) to work on /home/airflow/.local/lib/python3.8/site-packages/airflow/example_dags/example_python_decorator.py
[2024-03-19T09:52:48.241+0000] {processor.py:830} INFO - Processing file /home/airflow/.local/lib/python3.8/site-packages/airflow/example_dags/example_python_decorator.py for tasks to queue
[2024-03-19T09:52:48.243+0000] {logging_mixin.py:188} INFO - [2024-03-19T09:52:48.243+0000] {dagbag.py:540} INFO - Filling up the DagBag from /home/airflow/.local/lib/python3.8/site-packages/airflow/example_dags/example_python_decorator.py
[2024-03-19T09:52:48.272+0000] {processor.py:840} INFO - DAG(s) 'example_python_decorator' retrieved from /home/airflow/.local/lib/python3.8/site-packages/airflow/example_dags/example_python_decorator.py
[2024-03-19T09:52:48.333+0000] {logging_mixin.py:188} INFO - [2024-03-19T09:52:48.332+0000] {dag.py:3047} INFO - Sync 1 DAGs
[2024-03-19T09:52:48.378+0000] {logging_mixin.py:188} INFO - [2024-03-19T09:52:48.378+0000] {dag.py:3834} INFO - Setting next_dagrun for example_python_decorator to None, run_after=None
[2024-03-19T09:52:48.452+0000] {processor.py:183} INFO - Processing /home/airflow/.local/lib/python3.8/site-packages/airflow/example_dags/example_python_decorator.py took 0.221 seconds
[2024-03-19T09:53:18.918+0000] {processor.py:161} INFO - Started process (PID=23698) to work on /home/airflow/.local/lib/python3.8/site-packages/airflow/example_dags/example_python_decorator.py
[2024-03-19T09:53:18.921+0000] {processor.py:830} INFO - Processing file /home/airflow/.local/lib/python3.8/site-packages/airflow/example_dags/example_python_decorator.py for tasks to queue
[2024-03-19T09:53:18.923+0000] {logging_mixin.py:188} INFO - [2024-03-19T09:53:18.922+0000] {dagbag.py:540} INFO - Filling up the DagBag from /home/airflow/.local/lib/python3.8/site-packages/airflow/example_dags/example_python_decorator.py
[2024-03-19T09:53:18.949+0000] {processor.py:840} INFO - DAG(s) 'example_python_decorator' retrieved from /home/airflow/.local/lib/python3.8/site-packages/airflow/example_dags/example_python_decorator.py
[2024-03-19T09:53:18.991+0000] {logging_mixin.py:188} INFO - [2024-03-19T09:53:18.991+0000] {dag.py:3047} INFO - Sync 1 DAGs
[2024-03-19T09:53:19.019+0000] {logging_mixin.py:188} INFO - [2024-03-19T09:53:19.019+0000] {dag.py:3834} INFO - Setting next_dagrun for example_python_decorator to None, run_after=None
[2024-03-19T09:53:19.064+0000] {processor.py:183} INFO - Processing /home/airflow/.local/lib/python3.8/site-packages/airflow/example_dags/example_python_decorator.py took 0.151 seconds
[2024-03-19T09:53:49.412+0000] {processor.py:161} INFO - Started process (PID=23753) to work on /home/airflow/.local/lib/python3.8/site-packages/airflow/example_dags/example_python_decorator.py
[2024-03-19T09:53:49.413+0000] {processor.py:830} INFO - Processing file /home/airflow/.local/lib/python3.8/site-packages/airflow/example_dags/example_python_decorator.py for tasks to queue
[2024-03-19T09:53:49.415+0000] {logging_mixin.py:188} INFO - [2024-03-19T09:53:49.415+0000] {dagbag.py:540} INFO - Filling up the DagBag from /home/airflow/.local/lib/python3.8/site-packages/airflow/example_dags/example_python_decorator.py
[2024-03-19T09:53:49.437+0000] {processor.py:840} INFO - DAG(s) 'example_python_decorator' retrieved from /home/airflow/.local/lib/python3.8/site-packages/airflow/example_dags/example_python_decorator.py
[2024-03-19T09:53:49.469+0000] {logging_mixin.py:188} INFO - [2024-03-19T09:53:49.469+0000] {dag.py:3047} INFO - Sync 1 DAGs
[2024-03-19T09:53:49.488+0000] {logging_mixin.py:188} INFO - [2024-03-19T09:53:49.488+0000] {dag.py:3834} INFO - Setting next_dagrun for example_python_decorator to None, run_after=None
[2024-03-19T09:53:49.549+0000] {processor.py:183} INFO - Processing /home/airflow/.local/lib/python3.8/site-packages/airflow/example_dags/example_python_decorator.py took 0.142 seconds
[2024-03-19T09:54:20.125+0000] {processor.py:161} INFO - Started process (PID=23809) to work on /home/airflow/.local/lib/python3.8/site-packages/airflow/example_dags/example_python_decorator.py
[2024-03-19T09:54:20.128+0000] {processor.py:830} INFO - Processing file /home/airflow/.local/lib/python3.8/site-packages/airflow/example_dags/example_python_decorator.py for tasks to queue
[2024-03-19T09:54:20.130+0000] {logging_mixin.py:188} INFO - [2024-03-19T09:54:20.129+0000] {dagbag.py:540} INFO - Filling up the DagBag from /home/airflow/.local/lib/python3.8/site-packages/airflow/example_dags/example_python_decorator.py
[2024-03-19T09:54:20.151+0000] {processor.py:840} INFO - DAG(s) 'example_python_decorator' retrieved from /home/airflow/.local/lib/python3.8/site-packages/airflow/example_dags/example_python_decorator.py
[2024-03-19T09:54:20.183+0000] {logging_mixin.py:188} INFO - [2024-03-19T09:54:20.183+0000] {dag.py:3047} INFO - Sync 1 DAGs
[2024-03-19T09:54:20.202+0000] {logging_mixin.py:188} INFO - [2024-03-19T09:54:20.201+0000] {dag.py:3834} INFO - Setting next_dagrun for example_python_decorator to None, run_after=None
[2024-03-19T09:54:20.231+0000] {processor.py:183} INFO - Processing /home/airflow/.local/lib/python3.8/site-packages/airflow/example_dags/example_python_decorator.py took 0.111 seconds
[2024-03-19T09:54:50.452+0000] {processor.py:161} INFO - Started process (PID=23866) to work on /home/airflow/.local/lib/python3.8/site-packages/airflow/example_dags/example_python_decorator.py
[2024-03-19T09:54:50.454+0000] {processor.py:830} INFO - Processing file /home/airflow/.local/lib/python3.8/site-packages/airflow/example_dags/example_python_decorator.py for tasks to queue
[2024-03-19T09:54:50.455+0000] {logging_mixin.py:188} INFO - [2024-03-19T09:54:50.455+0000] {dagbag.py:540} INFO - Filling up the DagBag from /home/airflow/.local/lib/python3.8/site-packages/airflow/example_dags/example_python_decorator.py
[2024-03-19T09:54:50.474+0000] {processor.py:840} INFO - DAG(s) 'example_python_decorator' retrieved from /home/airflow/.local/lib/python3.8/site-packages/airflow/example_dags/example_python_decorator.py
[2024-03-19T09:54:50.501+0000] {logging_mixin.py:188} INFO - [2024-03-19T09:54:50.501+0000] {dag.py:3047} INFO - Sync 1 DAGs
[2024-03-19T09:54:50.516+0000] {logging_mixin.py:188} INFO - [2024-03-19T09:54:50.516+0000] {dag.py:3834} INFO - Setting next_dagrun for example_python_decorator to None, run_after=None
[2024-03-19T09:54:50.542+0000] {processor.py:183} INFO - Processing /home/airflow/.local/lib/python3.8/site-packages/airflow/example_dags/example_python_decorator.py took 0.094 seconds
[2024-03-19T09:55:21.225+0000] {processor.py:161} INFO - Started process (PID=23921) to work on /home/airflow/.local/lib/python3.8/site-packages/airflow/example_dags/example_python_decorator.py
[2024-03-19T09:55:21.227+0000] {processor.py:830} INFO - Processing file /home/airflow/.local/lib/python3.8/site-packages/airflow/example_dags/example_python_decorator.py for tasks to queue
[2024-03-19T09:55:21.228+0000] {logging_mixin.py:188} INFO - [2024-03-19T09:55:21.228+0000] {dagbag.py:540} INFO - Filling up the DagBag from /home/airflow/.local/lib/python3.8/site-packages/airflow/example_dags/example_python_decorator.py
[2024-03-19T09:55:21.247+0000] {processor.py:840} INFO - DAG(s) 'example_python_decorator' retrieved from /home/airflow/.local/lib/python3.8/site-packages/airflow/example_dags/example_python_decorator.py
[2024-03-19T09:55:21.275+0000] {logging_mixin.py:188} INFO - [2024-03-19T09:55:21.275+0000] {dag.py:3047} INFO - Sync 1 DAGs
[2024-03-19T09:55:21.290+0000] {logging_mixin.py:188} INFO - [2024-03-19T09:55:21.289+0000] {dag.py:3834} INFO - Setting next_dagrun for example_python_decorator to None, run_after=None
[2024-03-19T09:55:21.318+0000] {processor.py:183} INFO - Processing /home/airflow/.local/lib/python3.8/site-packages/airflow/example_dags/example_python_decorator.py took 0.097 seconds
[2024-03-19T09:55:52.088+0000] {processor.py:161} INFO - Started process (PID=23977) to work on /home/airflow/.local/lib/python3.8/site-packages/airflow/example_dags/example_python_decorator.py
[2024-03-19T09:55:52.090+0000] {processor.py:830} INFO - Processing file /home/airflow/.local/lib/python3.8/site-packages/airflow/example_dags/example_python_decorator.py for tasks to queue
[2024-03-19T09:55:52.092+0000] {logging_mixin.py:188} INFO - [2024-03-19T09:55:52.091+0000] {dagbag.py:540} INFO - Filling up the DagBag from /home/airflow/.local/lib/python3.8/site-packages/airflow/example_dags/example_python_decorator.py
[2024-03-19T09:55:52.114+0000] {processor.py:840} INFO - DAG(s) 'example_python_decorator' retrieved from /home/airflow/.local/lib/python3.8/site-packages/airflow/example_dags/example_python_decorator.py
[2024-03-19T09:55:52.148+0000] {logging_mixin.py:188} INFO - [2024-03-19T09:55:52.148+0000] {dag.py:3047} INFO - Sync 1 DAGs
[2024-03-19T09:55:52.173+0000] {logging_mixin.py:188} INFO - [2024-03-19T09:55:52.172+0000] {dag.py:3834} INFO - Setting next_dagrun for example_python_decorator to None, run_after=None
[2024-03-19T09:55:52.207+0000] {processor.py:183} INFO - Processing /home/airflow/.local/lib/python3.8/site-packages/airflow/example_dags/example_python_decorator.py took 0.124 seconds
[2024-03-19T09:56:22.385+0000] {processor.py:161} INFO - Started process (PID=24032) to work on /home/airflow/.local/lib/python3.8/site-packages/airflow/example_dags/example_python_decorator.py
[2024-03-19T09:56:22.386+0000] {processor.py:830} INFO - Processing file /home/airflow/.local/lib/python3.8/site-packages/airflow/example_dags/example_python_decorator.py for tasks to queue
[2024-03-19T09:56:22.388+0000] {logging_mixin.py:188} INFO - [2024-03-19T09:56:22.387+0000] {dagbag.py:540} INFO - Filling up the DagBag from /home/airflow/.local/lib/python3.8/site-packages/airflow/example_dags/example_python_decorator.py
[2024-03-19T09:56:22.412+0000] {processor.py:840} INFO - DAG(s) 'example_python_decorator' retrieved from /home/airflow/.local/lib/python3.8/site-packages/airflow/example_dags/example_python_decorator.py
[2024-03-19T09:56:22.449+0000] {logging_mixin.py:188} INFO - [2024-03-19T09:56:22.448+0000] {dag.py:3047} INFO - Sync 1 DAGs
[2024-03-19T09:56:22.472+0000] {logging_mixin.py:188} INFO - [2024-03-19T09:56:22.472+0000] {dag.py:3834} INFO - Setting next_dagrun for example_python_decorator to None, run_after=None
[2024-03-19T09:56:22.505+0000] {processor.py:183} INFO - Processing /home/airflow/.local/lib/python3.8/site-packages/airflow/example_dags/example_python_decorator.py took 0.125 seconds
[2024-03-19T09:56:53.947+0000] {processor.py:161} INFO - Started process (PID=24087) to work on /home/airflow/.local/lib/python3.8/site-packages/airflow/example_dags/example_python_decorator.py
[2024-03-19T09:56:53.950+0000] {processor.py:830} INFO - Processing file /home/airflow/.local/lib/python3.8/site-packages/airflow/example_dags/example_python_decorator.py for tasks to queue
[2024-03-19T09:56:53.952+0000] {logging_mixin.py:188} INFO - [2024-03-19T09:56:53.952+0000] {dagbag.py:540} INFO - Filling up the DagBag from /home/airflow/.local/lib/python3.8/site-packages/airflow/example_dags/example_python_decorator.py
[2024-03-19T09:56:53.992+0000] {processor.py:840} INFO - DAG(s) 'example_python_decorator' retrieved from /home/airflow/.local/lib/python3.8/site-packages/airflow/example_dags/example_python_decorator.py
[2024-03-19T09:56:54.051+0000] {logging_mixin.py:188} INFO - [2024-03-19T09:56:54.051+0000] {dag.py:3047} INFO - Sync 1 DAGs
[2024-03-19T09:56:54.074+0000] {logging_mixin.py:188} INFO - [2024-03-19T09:56:54.073+0000] {dag.py:3834} INFO - Setting next_dagrun for example_python_decorator to None, run_after=None
[2024-03-19T09:56:54.111+0000] {processor.py:183} INFO - Processing /home/airflow/.local/lib/python3.8/site-packages/airflow/example_dags/example_python_decorator.py took 0.173 seconds
