[2024-03-19T09:44:29.733+0000] {processor.py:161} INFO - Started process (PID=22798) to work on /home/airflow/.local/lib/python3.8/site-packages/airflow/example_dags/example_datasets.py
[2024-03-19T09:44:29.738+0000] {processor.py:830} INFO - Processing file /home/airflow/.local/lib/python3.8/site-packages/airflow/example_dags/example_datasets.py for tasks to queue
[2024-03-19T09:44:29.740+0000] {logging_mixin.py:188} INFO - [2024-03-19T09:44:29.739+0000] {dagbag.py:540} INFO - Filling up the DagBag from /home/airflow/.local/lib/python3.8/site-packages/airflow/example_dags/example_datasets.py
[2024-03-19T09:44:29.784+0000] {processor.py:840} INFO - DAG(s) 'dataset_consumes_1_and_2', 'dataset_consumes_unknown_never_scheduled', 'dataset_produces_2', 'dataset_produces_1', 'dataset_consumes_1', 'dataset_consumes_1_never_scheduled' retrieved from /home/airflow/.local/lib/python3.8/site-packages/airflow/example_dags/example_datasets.py
[2024-03-19T09:44:29.899+0000] {logging_mixin.py:188} INFO - [2024-03-19T09:44:29.898+0000] {dag.py:3047} INFO - Sync 6 DAGs
[2024-03-19T09:44:29.962+0000] {logging_mixin.py:188} INFO - [2024-03-19T09:44:29.959+0000] {dag.py:3834} INFO - Setting next_dagrun for dataset_consumes_1 to None, run_after=None
[2024-03-19T09:44:29.971+0000] {logging_mixin.py:188} INFO - [2024-03-19T09:44:29.970+0000] {dag.py:3834} INFO - Setting next_dagrun for dataset_consumes_1_and_2 to None, run_after=None
[2024-03-19T09:44:29.975+0000] {logging_mixin.py:188} INFO - [2024-03-19T09:44:29.974+0000] {dag.py:3834} INFO - Setting next_dagrun for dataset_consumes_1_never_scheduled to None, run_after=None
[2024-03-19T09:44:29.980+0000] {logging_mixin.py:188} INFO - [2024-03-19T09:44:29.979+0000] {dag.py:3834} INFO - Setting next_dagrun for dataset_consumes_unknown_never_scheduled to None, run_after=None
[2024-03-19T09:44:29.990+0000] {logging_mixin.py:188} INFO - [2024-03-19T09:44:29.989+0000] {dag.py:3834} INFO - Setting next_dagrun for dataset_produces_1 to 2024-03-18 00:00:00+00:00, run_after=2024-03-19 00:00:00+00:00
[2024-03-19T09:44:29.994+0000] {logging_mixin.py:188} INFO - [2024-03-19T09:44:29.994+0000] {dag.py:3834} INFO - Setting next_dagrun for dataset_produces_2 to None, run_after=None
[2024-03-19T09:44:30.129+0000] {processor.py:183} INFO - Processing /home/airflow/.local/lib/python3.8/site-packages/airflow/example_dags/example_datasets.py took 0.405 seconds
[2024-03-19T09:45:00.420+0000] {processor.py:161} INFO - Started process (PID=22853) to work on /home/airflow/.local/lib/python3.8/site-packages/airflow/example_dags/example_datasets.py
[2024-03-19T09:45:00.422+0000] {processor.py:830} INFO - Processing file /home/airflow/.local/lib/python3.8/site-packages/airflow/example_dags/example_datasets.py for tasks to queue
[2024-03-19T09:45:00.424+0000] {logging_mixin.py:188} INFO - [2024-03-19T09:45:00.424+0000] {dagbag.py:540} INFO - Filling up the DagBag from /home/airflow/.local/lib/python3.8/site-packages/airflow/example_dags/example_datasets.py
[2024-03-19T09:45:00.439+0000] {processor.py:840} INFO - DAG(s) 'dataset_consumes_1_never_scheduled', 'dataset_consumes_1', 'dataset_produces_1', 'dataset_consumes_1_and_2', 'dataset_produces_2', 'dataset_consumes_unknown_never_scheduled' retrieved from /home/airflow/.local/lib/python3.8/site-packages/airflow/example_dags/example_datasets.py
[2024-03-19T09:45:00.491+0000] {logging_mixin.py:188} INFO - [2024-03-19T09:45:00.490+0000] {dag.py:3047} INFO - Sync 6 DAGs
[2024-03-19T09:45:00.518+0000] {logging_mixin.py:188} INFO - [2024-03-19T09:45:00.518+0000] {dag.py:3834} INFO - Setting next_dagrun for dataset_consumes_1 to None, run_after=None
[2024-03-19T09:45:00.524+0000] {logging_mixin.py:188} INFO - [2024-03-19T09:45:00.524+0000] {dag.py:3834} INFO - Setting next_dagrun for dataset_consumes_1_and_2 to None, run_after=None
[2024-03-19T09:45:00.527+0000] {logging_mixin.py:188} INFO - [2024-03-19T09:45:00.526+0000] {dag.py:3834} INFO - Setting next_dagrun for dataset_consumes_1_never_scheduled to None, run_after=None
[2024-03-19T09:45:00.529+0000] {logging_mixin.py:188} INFO - [2024-03-19T09:45:00.529+0000] {dag.py:3834} INFO - Setting next_dagrun for dataset_consumes_unknown_never_scheduled to None, run_after=None
[2024-03-19T09:45:00.533+0000] {logging_mixin.py:188} INFO - [2024-03-19T09:45:00.533+0000] {dag.py:3834} INFO - Setting next_dagrun for dataset_produces_1 to 2024-03-18 00:00:00+00:00, run_after=2024-03-19 00:00:00+00:00
[2024-03-19T09:45:00.535+0000] {logging_mixin.py:188} INFO - [2024-03-19T09:45:00.535+0000] {dag.py:3834} INFO - Setting next_dagrun for dataset_produces_2 to None, run_after=None
[2024-03-19T09:45:00.576+0000] {processor.py:183} INFO - Processing /home/airflow/.local/lib/python3.8/site-packages/airflow/example_dags/example_datasets.py took 0.160 seconds
[2024-03-19T09:45:41.186+0000] {processor.py:161} INFO - Started process (PID=22907) to work on /home/airflow/.local/lib/python3.8/site-packages/airflow/example_dags/example_datasets.py
[2024-03-19T09:45:41.221+0000] {processor.py:830} INFO - Processing file /home/airflow/.local/lib/python3.8/site-packages/airflow/example_dags/example_datasets.py for tasks to queue
[2024-03-19T09:45:41.228+0000] {logging_mixin.py:188} INFO - [2024-03-19T09:45:41.227+0000] {dagbag.py:540} INFO - Filling up the DagBag from /home/airflow/.local/lib/python3.8/site-packages/airflow/example_dags/example_datasets.py
[2024-03-19T09:45:41.291+0000] {processor.py:840} INFO - DAG(s) 'dataset_produces_1', 'dataset_consumes_1_never_scheduled', 'dataset_consumes_1_and_2', 'dataset_consumes_unknown_never_scheduled', 'dataset_produces_2', 'dataset_consumes_1' retrieved from /home/airflow/.local/lib/python3.8/site-packages/airflow/example_dags/example_datasets.py
[2024-03-19T09:45:41.737+0000] {logging_mixin.py:188} INFO - [2024-03-19T09:45:41.736+0000] {dag.py:3047} INFO - Sync 6 DAGs
[2024-03-19T09:45:41.966+0000] {logging_mixin.py:188} INFO - [2024-03-19T09:45:41.965+0000] {dag.py:3834} INFO - Setting next_dagrun for dataset_consumes_1 to None, run_after=None
[2024-03-19T09:45:41.996+0000] {logging_mixin.py:188} INFO - [2024-03-19T09:45:41.995+0000] {dag.py:3834} INFO - Setting next_dagrun for dataset_consumes_1_and_2 to None, run_after=None
[2024-03-19T09:45:42.008+0000] {logging_mixin.py:188} INFO - [2024-03-19T09:45:42.003+0000] {dag.py:3834} INFO - Setting next_dagrun for dataset_consumes_1_never_scheduled to None, run_after=None
[2024-03-19T09:45:42.031+0000] {logging_mixin.py:188} INFO - [2024-03-19T09:45:42.031+0000] {dag.py:3834} INFO - Setting next_dagrun for dataset_consumes_unknown_never_scheduled to None, run_after=None
[2024-03-19T09:45:42.056+0000] {logging_mixin.py:188} INFO - [2024-03-19T09:45:42.045+0000] {dag.py:3834} INFO - Setting next_dagrun for dataset_produces_1 to 2024-03-18 00:00:00+00:00, run_after=2024-03-19 00:00:00+00:00
[2024-03-19T09:45:42.068+0000] {logging_mixin.py:188} INFO - [2024-03-19T09:45:42.068+0000] {dag.py:3834} INFO - Setting next_dagrun for dataset_produces_2 to None, run_after=None
[2024-03-19T09:45:42.498+0000] {processor.py:183} INFO - Processing /home/airflow/.local/lib/python3.8/site-packages/airflow/example_dags/example_datasets.py took 1.332 seconds
[2024-03-19T09:46:17.245+0000] {processor.py:161} INFO - Started process (PID=22962) to work on /home/airflow/.local/lib/python3.8/site-packages/airflow/example_dags/example_datasets.py
[2024-03-19T09:46:17.248+0000] {processor.py:830} INFO - Processing file /home/airflow/.local/lib/python3.8/site-packages/airflow/example_dags/example_datasets.py for tasks to queue
[2024-03-19T09:46:17.251+0000] {logging_mixin.py:188} INFO - [2024-03-19T09:46:17.250+0000] {dagbag.py:540} INFO - Filling up the DagBag from /home/airflow/.local/lib/python3.8/site-packages/airflow/example_dags/example_datasets.py
[2024-03-19T09:46:17.270+0000] {processor.py:840} INFO - DAG(s) 'dataset_consumes_1_never_scheduled', 'dataset_produces_2', 'dataset_consumes_1_and_2', 'dataset_consumes_unknown_never_scheduled', 'dataset_produces_1', 'dataset_consumes_1' retrieved from /home/airflow/.local/lib/python3.8/site-packages/airflow/example_dags/example_datasets.py
[2024-03-19T09:46:17.367+0000] {logging_mixin.py:188} INFO - [2024-03-19T09:46:17.366+0000] {dag.py:3047} INFO - Sync 6 DAGs
[2024-03-19T09:46:17.429+0000] {logging_mixin.py:188} INFO - [2024-03-19T09:46:17.429+0000] {dag.py:3834} INFO - Setting next_dagrun for dataset_consumes_1 to None, run_after=None
[2024-03-19T09:46:17.437+0000] {logging_mixin.py:188} INFO - [2024-03-19T09:46:17.437+0000] {dag.py:3834} INFO - Setting next_dagrun for dataset_consumes_1_and_2 to None, run_after=None
[2024-03-19T09:46:17.441+0000] {logging_mixin.py:188} INFO - [2024-03-19T09:46:17.440+0000] {dag.py:3834} INFO - Setting next_dagrun for dataset_consumes_1_never_scheduled to None, run_after=None
[2024-03-19T09:46:17.445+0000] {logging_mixin.py:188} INFO - [2024-03-19T09:46:17.444+0000] {dag.py:3834} INFO - Setting next_dagrun for dataset_consumes_unknown_never_scheduled to None, run_after=None
[2024-03-19T09:46:17.451+0000] {logging_mixin.py:188} INFO - [2024-03-19T09:46:17.450+0000] {dag.py:3834} INFO - Setting next_dagrun for dataset_produces_1 to 2024-03-18 00:00:00+00:00, run_after=2024-03-19 00:00:00+00:00
[2024-03-19T09:46:17.454+0000] {logging_mixin.py:188} INFO - [2024-03-19T09:46:17.454+0000] {dag.py:3834} INFO - Setting next_dagrun for dataset_produces_2 to None, run_after=None
[2024-03-19T09:46:17.530+0000] {processor.py:183} INFO - Processing /home/airflow/.local/lib/python3.8/site-packages/airflow/example_dags/example_datasets.py took 0.294 seconds
[2024-03-19T09:46:48.367+0000] {processor.py:161} INFO - Started process (PID=23017) to work on /home/airflow/.local/lib/python3.8/site-packages/airflow/example_dags/example_datasets.py
[2024-03-19T09:46:48.369+0000] {processor.py:830} INFO - Processing file /home/airflow/.local/lib/python3.8/site-packages/airflow/example_dags/example_datasets.py for tasks to queue
[2024-03-19T09:46:48.371+0000] {logging_mixin.py:188} INFO - [2024-03-19T09:46:48.370+0000] {dagbag.py:540} INFO - Filling up the DagBag from /home/airflow/.local/lib/python3.8/site-packages/airflow/example_dags/example_datasets.py
[2024-03-19T09:46:48.385+0000] {processor.py:840} INFO - DAG(s) 'dataset_produces_1', 'dataset_consumes_1', 'dataset_consumes_1_and_2', 'dataset_consumes_1_never_scheduled', 'dataset_consumes_unknown_never_scheduled', 'dataset_produces_2' retrieved from /home/airflow/.local/lib/python3.8/site-packages/airflow/example_dags/example_datasets.py
[2024-03-19T09:46:48.434+0000] {logging_mixin.py:188} INFO - [2024-03-19T09:46:48.434+0000] {dag.py:3047} INFO - Sync 6 DAGs
[2024-03-19T09:46:48.459+0000] {logging_mixin.py:188} INFO - [2024-03-19T09:46:48.458+0000] {dag.py:3834} INFO - Setting next_dagrun for dataset_consumes_1 to None, run_after=None
[2024-03-19T09:46:48.463+0000] {logging_mixin.py:188} INFO - [2024-03-19T09:46:48.463+0000] {dag.py:3834} INFO - Setting next_dagrun for dataset_consumes_1_and_2 to None, run_after=None
[2024-03-19T09:46:48.466+0000] {logging_mixin.py:188} INFO - [2024-03-19T09:46:48.466+0000] {dag.py:3834} INFO - Setting next_dagrun for dataset_consumes_1_never_scheduled to None, run_after=None
[2024-03-19T09:46:48.469+0000] {logging_mixin.py:188} INFO - [2024-03-19T09:46:48.468+0000] {dag.py:3834} INFO - Setting next_dagrun for dataset_consumes_unknown_never_scheduled to None, run_after=None
[2024-03-19T09:46:48.473+0000] {logging_mixin.py:188} INFO - [2024-03-19T09:46:48.473+0000] {dag.py:3834} INFO - Setting next_dagrun for dataset_produces_1 to 2024-03-18 00:00:00+00:00, run_after=2024-03-19 00:00:00+00:00
[2024-03-19T09:46:48.475+0000] {logging_mixin.py:188} INFO - [2024-03-19T09:46:48.475+0000] {dag.py:3834} INFO - Setting next_dagrun for dataset_produces_2 to None, run_after=None
[2024-03-19T09:46:48.520+0000] {processor.py:183} INFO - Processing /home/airflow/.local/lib/python3.8/site-packages/airflow/example_dags/example_datasets.py took 0.158 seconds
[2024-03-19T09:47:20.117+0000] {processor.py:161} INFO - Started process (PID=23070) to work on /home/airflow/.local/lib/python3.8/site-packages/airflow/example_dags/example_datasets.py
[2024-03-19T09:47:20.123+0000] {processor.py:830} INFO - Processing file /home/airflow/.local/lib/python3.8/site-packages/airflow/example_dags/example_datasets.py for tasks to queue
[2024-03-19T09:47:20.128+0000] {logging_mixin.py:188} INFO - [2024-03-19T09:47:20.127+0000] {dagbag.py:540} INFO - Filling up the DagBag from /home/airflow/.local/lib/python3.8/site-packages/airflow/example_dags/example_datasets.py
[2024-03-19T09:47:20.177+0000] {processor.py:840} INFO - DAG(s) 'dataset_consumes_1', 'dataset_consumes_1_never_scheduled', 'dataset_produces_2', 'dataset_consumes_unknown_never_scheduled', 'dataset_produces_1', 'dataset_consumes_1_and_2' retrieved from /home/airflow/.local/lib/python3.8/site-packages/airflow/example_dags/example_datasets.py
[2024-03-19T09:47:20.316+0000] {logging_mixin.py:188} INFO - [2024-03-19T09:47:20.315+0000] {dag.py:3047} INFO - Sync 6 DAGs
[2024-03-19T09:47:20.394+0000] {logging_mixin.py:188} INFO - [2024-03-19T09:47:20.393+0000] {dag.py:3834} INFO - Setting next_dagrun for dataset_consumes_1 to None, run_after=None
[2024-03-19T09:47:20.407+0000] {logging_mixin.py:188} INFO - [2024-03-19T09:47:20.407+0000] {dag.py:3834} INFO - Setting next_dagrun for dataset_consumes_1_and_2 to None, run_after=None
[2024-03-19T09:47:20.411+0000] {logging_mixin.py:188} INFO - [2024-03-19T09:47:20.411+0000] {dag.py:3834} INFO - Setting next_dagrun for dataset_consumes_1_never_scheduled to None, run_after=None
[2024-03-19T09:47:20.419+0000] {logging_mixin.py:188} INFO - [2024-03-19T09:47:20.418+0000] {dag.py:3834} INFO - Setting next_dagrun for dataset_consumes_unknown_never_scheduled to None, run_after=None
[2024-03-19T09:47:20.428+0000] {logging_mixin.py:188} INFO - [2024-03-19T09:47:20.427+0000] {dag.py:3834} INFO - Setting next_dagrun for dataset_produces_1 to 2024-03-18 00:00:00+00:00, run_after=2024-03-19 00:00:00+00:00
[2024-03-19T09:47:20.431+0000] {logging_mixin.py:188} INFO - [2024-03-19T09:47:20.431+0000] {dag.py:3834} INFO - Setting next_dagrun for dataset_produces_2 to None, run_after=None
[2024-03-19T09:47:20.548+0000] {processor.py:183} INFO - Processing /home/airflow/.local/lib/python3.8/site-packages/airflow/example_dags/example_datasets.py took 0.448 seconds
[2024-03-19T09:47:50.646+0000] {processor.py:161} INFO - Started process (PID=23125) to work on /home/airflow/.local/lib/python3.8/site-packages/airflow/example_dags/example_datasets.py
[2024-03-19T09:47:50.647+0000] {processor.py:830} INFO - Processing file /home/airflow/.local/lib/python3.8/site-packages/airflow/example_dags/example_datasets.py for tasks to queue
[2024-03-19T09:47:50.649+0000] {logging_mixin.py:188} INFO - [2024-03-19T09:47:50.648+0000] {dagbag.py:540} INFO - Filling up the DagBag from /home/airflow/.local/lib/python3.8/site-packages/airflow/example_dags/example_datasets.py
[2024-03-19T09:47:50.673+0000] {processor.py:840} INFO - DAG(s) 'dataset_consumes_1_never_scheduled', 'dataset_consumes_1_and_2', 'dataset_produces_2', 'dataset_produces_1', 'dataset_consumes_1', 'dataset_consumes_unknown_never_scheduled' retrieved from /home/airflow/.local/lib/python3.8/site-packages/airflow/example_dags/example_datasets.py
[2024-03-19T09:47:50.742+0000] {logging_mixin.py:188} INFO - [2024-03-19T09:47:50.742+0000] {dag.py:3047} INFO - Sync 6 DAGs
[2024-03-19T09:47:50.781+0000] {logging_mixin.py:188} INFO - [2024-03-19T09:47:50.780+0000] {dag.py:3834} INFO - Setting next_dagrun for dataset_consumes_1 to None, run_after=None
[2024-03-19T09:47:50.788+0000] {logging_mixin.py:188} INFO - [2024-03-19T09:47:50.788+0000] {dag.py:3834} INFO - Setting next_dagrun for dataset_consumes_1_and_2 to None, run_after=None
[2024-03-19T09:47:50.791+0000] {logging_mixin.py:188} INFO - [2024-03-19T09:47:50.790+0000] {dag.py:3834} INFO - Setting next_dagrun for dataset_consumes_1_never_scheduled to None, run_after=None
[2024-03-19T09:47:50.793+0000] {logging_mixin.py:188} INFO - [2024-03-19T09:47:50.793+0000] {dag.py:3834} INFO - Setting next_dagrun for dataset_consumes_unknown_never_scheduled to None, run_after=None
[2024-03-19T09:47:50.798+0000] {logging_mixin.py:188} INFO - [2024-03-19T09:47:50.797+0000] {dag.py:3834} INFO - Setting next_dagrun for dataset_produces_1 to 2024-03-18 00:00:00+00:00, run_after=2024-03-19 00:00:00+00:00
[2024-03-19T09:47:50.801+0000] {logging_mixin.py:188} INFO - [2024-03-19T09:47:50.801+0000] {dag.py:3834} INFO - Setting next_dagrun for dataset_produces_2 to None, run_after=None
[2024-03-19T09:47:50.887+0000] {processor.py:183} INFO - Processing /home/airflow/.local/lib/python3.8/site-packages/airflow/example_dags/example_datasets.py took 0.249 seconds
[2024-03-19T09:48:21.022+0000] {processor.py:161} INFO - Started process (PID=23180) to work on /home/airflow/.local/lib/python3.8/site-packages/airflow/example_dags/example_datasets.py
[2024-03-19T09:48:21.025+0000] {processor.py:830} INFO - Processing file /home/airflow/.local/lib/python3.8/site-packages/airflow/example_dags/example_datasets.py for tasks to queue
[2024-03-19T09:48:21.026+0000] {logging_mixin.py:188} INFO - [2024-03-19T09:48:21.026+0000] {dagbag.py:540} INFO - Filling up the DagBag from /home/airflow/.local/lib/python3.8/site-packages/airflow/example_dags/example_datasets.py
[2024-03-19T09:48:21.044+0000] {processor.py:840} INFO - DAG(s) 'dataset_consumes_1_never_scheduled', 'dataset_produces_1', 'dataset_consumes_1_and_2', 'dataset_produces_2', 'dataset_consumes_unknown_never_scheduled', 'dataset_consumes_1' retrieved from /home/airflow/.local/lib/python3.8/site-packages/airflow/example_dags/example_datasets.py
[2024-03-19T09:48:21.107+0000] {logging_mixin.py:188} INFO - [2024-03-19T09:48:21.107+0000] {dag.py:3047} INFO - Sync 6 DAGs
[2024-03-19T09:48:21.146+0000] {logging_mixin.py:188} INFO - [2024-03-19T09:48:21.145+0000] {dag.py:3834} INFO - Setting next_dagrun for dataset_consumes_1 to None, run_after=None
[2024-03-19T09:48:21.154+0000] {logging_mixin.py:188} INFO - [2024-03-19T09:48:21.153+0000] {dag.py:3834} INFO - Setting next_dagrun for dataset_consumes_1_and_2 to None, run_after=None
[2024-03-19T09:48:21.157+0000] {logging_mixin.py:188} INFO - [2024-03-19T09:48:21.157+0000] {dag.py:3834} INFO - Setting next_dagrun for dataset_consumes_1_never_scheduled to None, run_after=None
[2024-03-19T09:48:21.160+0000] {logging_mixin.py:188} INFO - [2024-03-19T09:48:21.160+0000] {dag.py:3834} INFO - Setting next_dagrun for dataset_consumes_unknown_never_scheduled to None, run_after=None
[2024-03-19T09:48:21.166+0000] {logging_mixin.py:188} INFO - [2024-03-19T09:48:21.166+0000] {dag.py:3834} INFO - Setting next_dagrun for dataset_produces_1 to 2024-03-18 00:00:00+00:00, run_after=2024-03-19 00:00:00+00:00
[2024-03-19T09:48:21.169+0000] {logging_mixin.py:188} INFO - [2024-03-19T09:48:21.169+0000] {dag.py:3834} INFO - Setting next_dagrun for dataset_produces_2 to None, run_after=None
[2024-03-19T09:48:21.241+0000] {processor.py:183} INFO - Processing /home/airflow/.local/lib/python3.8/site-packages/airflow/example_dags/example_datasets.py took 0.225 seconds
[2024-03-19T09:48:52.102+0000] {processor.py:161} INFO - Started process (PID=23235) to work on /home/airflow/.local/lib/python3.8/site-packages/airflow/example_dags/example_datasets.py
[2024-03-19T09:48:52.113+0000] {processor.py:830} INFO - Processing file /home/airflow/.local/lib/python3.8/site-packages/airflow/example_dags/example_datasets.py for tasks to queue
[2024-03-19T09:48:52.119+0000] {logging_mixin.py:188} INFO - [2024-03-19T09:48:52.118+0000] {dagbag.py:540} INFO - Filling up the DagBag from /home/airflow/.local/lib/python3.8/site-packages/airflow/example_dags/example_datasets.py
[2024-03-19T09:48:52.150+0000] {processor.py:840} INFO - DAG(s) 'dataset_consumes_unknown_never_scheduled', 'dataset_produces_1', 'dataset_consumes_1_and_2', 'dataset_produces_2', 'dataset_consumes_1', 'dataset_consumes_1_never_scheduled' retrieved from /home/airflow/.local/lib/python3.8/site-packages/airflow/example_dags/example_datasets.py
[2024-03-19T09:48:52.310+0000] {logging_mixin.py:188} INFO - [2024-03-19T09:48:52.309+0000] {dag.py:3047} INFO - Sync 6 DAGs
[2024-03-19T09:48:52.466+0000] {logging_mixin.py:188} INFO - [2024-03-19T09:48:52.464+0000] {dag.py:3834} INFO - Setting next_dagrun for dataset_consumes_1 to None, run_after=None
[2024-03-19T09:48:52.481+0000] {logging_mixin.py:188} INFO - [2024-03-19T09:48:52.480+0000] {dag.py:3834} INFO - Setting next_dagrun for dataset_consumes_1_and_2 to None, run_after=None
[2024-03-19T09:48:52.486+0000] {logging_mixin.py:188} INFO - [2024-03-19T09:48:52.485+0000] {dag.py:3834} INFO - Setting next_dagrun for dataset_consumes_1_never_scheduled to None, run_after=None
[2024-03-19T09:48:52.493+0000] {logging_mixin.py:188} INFO - [2024-03-19T09:48:52.493+0000] {dag.py:3834} INFO - Setting next_dagrun for dataset_consumes_unknown_never_scheduled to None, run_after=None
[2024-03-19T09:48:52.501+0000] {logging_mixin.py:188} INFO - [2024-03-19T09:48:52.500+0000] {dag.py:3834} INFO - Setting next_dagrun for dataset_produces_1 to 2024-03-18 00:00:00+00:00, run_after=2024-03-19 00:00:00+00:00
[2024-03-19T09:48:52.511+0000] {logging_mixin.py:188} INFO - [2024-03-19T09:48:52.509+0000] {dag.py:3834} INFO - Setting next_dagrun for dataset_produces_2 to None, run_after=None
[2024-03-19T09:48:52.694+0000] {processor.py:183} INFO - Processing /home/airflow/.local/lib/python3.8/site-packages/airflow/example_dags/example_datasets.py took 0.599 seconds
[2024-03-19T09:49:23.664+0000] {processor.py:161} INFO - Started process (PID=23290) to work on /home/airflow/.local/lib/python3.8/site-packages/airflow/example_dags/example_datasets.py
[2024-03-19T09:49:23.666+0000] {processor.py:830} INFO - Processing file /home/airflow/.local/lib/python3.8/site-packages/airflow/example_dags/example_datasets.py for tasks to queue
[2024-03-19T09:49:23.667+0000] {logging_mixin.py:188} INFO - [2024-03-19T09:49:23.667+0000] {dagbag.py:540} INFO - Filling up the DagBag from /home/airflow/.local/lib/python3.8/site-packages/airflow/example_dags/example_datasets.py
[2024-03-19T09:49:23.678+0000] {processor.py:840} INFO - DAG(s) 'dataset_produces_1', 'dataset_consumes_unknown_never_scheduled', 'dataset_consumes_1_and_2', 'dataset_consumes_1', 'dataset_consumes_1_never_scheduled', 'dataset_produces_2' retrieved from /home/airflow/.local/lib/python3.8/site-packages/airflow/example_dags/example_datasets.py
[2024-03-19T09:49:23.732+0000] {logging_mixin.py:188} INFO - [2024-03-19T09:49:23.732+0000] {dag.py:3047} INFO - Sync 6 DAGs
[2024-03-19T09:49:23.757+0000] {logging_mixin.py:188} INFO - [2024-03-19T09:49:23.757+0000] {dag.py:3834} INFO - Setting next_dagrun for dataset_consumes_1 to None, run_after=None
[2024-03-19T09:49:23.762+0000] {logging_mixin.py:188} INFO - [2024-03-19T09:49:23.762+0000] {dag.py:3834} INFO - Setting next_dagrun for dataset_consumes_1_and_2 to None, run_after=None
[2024-03-19T09:49:23.765+0000] {logging_mixin.py:188} INFO - [2024-03-19T09:49:23.764+0000] {dag.py:3834} INFO - Setting next_dagrun for dataset_consumes_1_never_scheduled to None, run_after=None
[2024-03-19T09:49:23.767+0000] {logging_mixin.py:188} INFO - [2024-03-19T09:49:23.766+0000] {dag.py:3834} INFO - Setting next_dagrun for dataset_consumes_unknown_never_scheduled to None, run_after=None
[2024-03-19T09:49:23.771+0000] {logging_mixin.py:188} INFO - [2024-03-19T09:49:23.771+0000] {dag.py:3834} INFO - Setting next_dagrun for dataset_produces_1 to 2024-03-18 00:00:00+00:00, run_after=2024-03-19 00:00:00+00:00
[2024-03-19T09:49:23.774+0000] {logging_mixin.py:188} INFO - [2024-03-19T09:49:23.773+0000] {dag.py:3834} INFO - Setting next_dagrun for dataset_produces_2 to None, run_after=None
[2024-03-19T09:49:23.818+0000] {processor.py:183} INFO - Processing /home/airflow/.local/lib/python3.8/site-packages/airflow/example_dags/example_datasets.py took 0.159 seconds
[2024-03-19T09:49:54.039+0000] {processor.py:161} INFO - Started process (PID=23345) to work on /home/airflow/.local/lib/python3.8/site-packages/airflow/example_dags/example_datasets.py
[2024-03-19T09:49:54.043+0000] {processor.py:830} INFO - Processing file /home/airflow/.local/lib/python3.8/site-packages/airflow/example_dags/example_datasets.py for tasks to queue
[2024-03-19T09:49:54.046+0000] {logging_mixin.py:188} INFO - [2024-03-19T09:49:54.045+0000] {dagbag.py:540} INFO - Filling up the DagBag from /home/airflow/.local/lib/python3.8/site-packages/airflow/example_dags/example_datasets.py
[2024-03-19T09:49:54.093+0000] {processor.py:840} INFO - DAG(s) 'dataset_produces_2', 'dataset_consumes_1_and_2', 'dataset_consumes_1_never_scheduled', 'dataset_produces_1', 'dataset_consumes_1', 'dataset_consumes_unknown_never_scheduled' retrieved from /home/airflow/.local/lib/python3.8/site-packages/airflow/example_dags/example_datasets.py
[2024-03-19T09:49:54.313+0000] {logging_mixin.py:188} INFO - [2024-03-19T09:49:54.312+0000] {dag.py:3047} INFO - Sync 6 DAGs
[2024-03-19T09:49:54.447+0000] {logging_mixin.py:188} INFO - [2024-03-19T09:49:54.446+0000] {dag.py:3834} INFO - Setting next_dagrun for dataset_consumes_1 to None, run_after=None
[2024-03-19T09:49:54.480+0000] {logging_mixin.py:188} INFO - [2024-03-19T09:49:54.477+0000] {dag.py:3834} INFO - Setting next_dagrun for dataset_consumes_1_and_2 to None, run_after=None
[2024-03-19T09:49:54.493+0000] {logging_mixin.py:188} INFO - [2024-03-19T09:49:54.492+0000] {dag.py:3834} INFO - Setting next_dagrun for dataset_consumes_1_never_scheduled to None, run_after=None
[2024-03-19T09:49:54.508+0000] {logging_mixin.py:188} INFO - [2024-03-19T09:49:54.507+0000] {dag.py:3834} INFO - Setting next_dagrun for dataset_consumes_unknown_never_scheduled to None, run_after=None
[2024-03-19T09:49:54.533+0000] {logging_mixin.py:188} INFO - [2024-03-19T09:49:54.532+0000] {dag.py:3834} INFO - Setting next_dagrun for dataset_produces_1 to 2024-03-18 00:00:00+00:00, run_after=2024-03-19 00:00:00+00:00
[2024-03-19T09:49:54.547+0000] {logging_mixin.py:188} INFO - [2024-03-19T09:49:54.546+0000] {dag.py:3834} INFO - Setting next_dagrun for dataset_produces_2 to None, run_after=None
[2024-03-19T09:49:54.810+0000] {processor.py:183} INFO - Processing /home/airflow/.local/lib/python3.8/site-packages/airflow/example_dags/example_datasets.py took 0.781 seconds
[2024-03-19T09:50:25.008+0000] {processor.py:161} INFO - Started process (PID=23400) to work on /home/airflow/.local/lib/python3.8/site-packages/airflow/example_dags/example_datasets.py
[2024-03-19T09:50:25.012+0000] {processor.py:830} INFO - Processing file /home/airflow/.local/lib/python3.8/site-packages/airflow/example_dags/example_datasets.py for tasks to queue
[2024-03-19T09:50:25.015+0000] {logging_mixin.py:188} INFO - [2024-03-19T09:50:25.014+0000] {dagbag.py:540} INFO - Filling up the DagBag from /home/airflow/.local/lib/python3.8/site-packages/airflow/example_dags/example_datasets.py
[2024-03-19T09:50:25.065+0000] {processor.py:840} INFO - DAG(s) 'dataset_consumes_1', 'dataset_produces_2', 'dataset_consumes_unknown_never_scheduled', 'dataset_produces_1', 'dataset_consumes_1_never_scheduled', 'dataset_consumes_1_and_2' retrieved from /home/airflow/.local/lib/python3.8/site-packages/airflow/example_dags/example_datasets.py
[2024-03-19T09:50:25.250+0000] {logging_mixin.py:188} INFO - [2024-03-19T09:50:25.249+0000] {dag.py:3047} INFO - Sync 6 DAGs
[2024-03-19T09:50:25.431+0000] {logging_mixin.py:188} INFO - [2024-03-19T09:50:25.430+0000] {dag.py:3834} INFO - Setting next_dagrun for dataset_consumes_1 to None, run_after=None
[2024-03-19T09:50:25.452+0000] {logging_mixin.py:188} INFO - [2024-03-19T09:50:25.452+0000] {dag.py:3834} INFO - Setting next_dagrun for dataset_consumes_1_and_2 to None, run_after=None
[2024-03-19T09:50:25.459+0000] {logging_mixin.py:188} INFO - [2024-03-19T09:50:25.457+0000] {dag.py:3834} INFO - Setting next_dagrun for dataset_consumes_1_never_scheduled to None, run_after=None
[2024-03-19T09:50:25.463+0000] {logging_mixin.py:188} INFO - [2024-03-19T09:50:25.462+0000] {dag.py:3834} INFO - Setting next_dagrun for dataset_consumes_unknown_never_scheduled to None, run_after=None
[2024-03-19T09:50:25.471+0000] {logging_mixin.py:188} INFO - [2024-03-19T09:50:25.470+0000] {dag.py:3834} INFO - Setting next_dagrun for dataset_produces_1 to 2024-03-18 00:00:00+00:00, run_after=2024-03-19 00:00:00+00:00
[2024-03-19T09:50:25.480+0000] {logging_mixin.py:188} INFO - [2024-03-19T09:50:25.479+0000] {dag.py:3834} INFO - Setting next_dagrun for dataset_produces_2 to None, run_after=None
[2024-03-19T09:50:25.584+0000] {processor.py:183} INFO - Processing /home/airflow/.local/lib/python3.8/site-packages/airflow/example_dags/example_datasets.py took 0.585 seconds
[2024-03-19T09:50:59.044+0000] {processor.py:161} INFO - Started process (PID=23456) to work on /home/airflow/.local/lib/python3.8/site-packages/airflow/example_dags/example_datasets.py
[2024-03-19T09:50:59.055+0000] {processor.py:830} INFO - Processing file /home/airflow/.local/lib/python3.8/site-packages/airflow/example_dags/example_datasets.py for tasks to queue
[2024-03-19T09:50:59.068+0000] {logging_mixin.py:188} INFO - [2024-03-19T09:50:59.062+0000] {dagbag.py:540} INFO - Filling up the DagBag from /home/airflow/.local/lib/python3.8/site-packages/airflow/example_dags/example_datasets.py
[2024-03-19T09:50:59.098+0000] {processor.py:840} INFO - DAG(s) 'dataset_consumes_1', 'dataset_consumes_1_and_2', 'dataset_consumes_1_never_scheduled', 'dataset_produces_1', 'dataset_consumes_unknown_never_scheduled', 'dataset_produces_2' retrieved from /home/airflow/.local/lib/python3.8/site-packages/airflow/example_dags/example_datasets.py
[2024-03-19T09:50:59.619+0000] {logging_mixin.py:188} INFO - [2024-03-19T09:50:59.613+0000] {dag.py:3047} INFO - Sync 6 DAGs
[2024-03-19T09:51:00.498+0000] {logging_mixin.py:188} INFO - [2024-03-19T09:51:00.497+0000] {dag.py:3834} INFO - Setting next_dagrun for dataset_consumes_1 to None, run_after=None
[2024-03-19T09:51:00.513+0000] {logging_mixin.py:188} INFO - [2024-03-19T09:51:00.512+0000] {dag.py:3834} INFO - Setting next_dagrun for dataset_consumes_1_and_2 to None, run_after=None
[2024-03-19T09:51:00.518+0000] {logging_mixin.py:188} INFO - [2024-03-19T09:51:00.518+0000] {dag.py:3834} INFO - Setting next_dagrun for dataset_consumes_1_never_scheduled to None, run_after=None
[2024-03-19T09:51:00.522+0000] {logging_mixin.py:188} INFO - [2024-03-19T09:51:00.522+0000] {dag.py:3834} INFO - Setting next_dagrun for dataset_consumes_unknown_never_scheduled to None, run_after=None
[2024-03-19T09:51:00.541+0000] {logging_mixin.py:188} INFO - [2024-03-19T09:51:00.541+0000] {dag.py:3834} INFO - Setting next_dagrun for dataset_produces_1 to 2024-03-18 00:00:00+00:00, run_after=2024-03-19 00:00:00+00:00
[2024-03-19T09:51:00.549+0000] {logging_mixin.py:188} INFO - [2024-03-19T09:51:00.548+0000] {dag.py:3834} INFO - Setting next_dagrun for dataset_produces_2 to None, run_after=None
[2024-03-19T09:51:00.755+0000] {processor.py:183} INFO - Processing /home/airflow/.local/lib/python3.8/site-packages/airflow/example_dags/example_datasets.py took 1.751 seconds
[2024-03-19T09:51:31.239+0000] {processor.py:161} INFO - Started process (PID=23509) to work on /home/airflow/.local/lib/python3.8/site-packages/airflow/example_dags/example_datasets.py
[2024-03-19T09:51:31.243+0000] {processor.py:830} INFO - Processing file /home/airflow/.local/lib/python3.8/site-packages/airflow/example_dags/example_datasets.py for tasks to queue
[2024-03-19T09:51:31.246+0000] {logging_mixin.py:188} INFO - [2024-03-19T09:51:31.245+0000] {dagbag.py:540} INFO - Filling up the DagBag from /home/airflow/.local/lib/python3.8/site-packages/airflow/example_dags/example_datasets.py
[2024-03-19T09:51:31.264+0000] {processor.py:840} INFO - DAG(s) 'dataset_consumes_1_and_2', 'dataset_produces_1', 'dataset_consumes_1', 'dataset_consumes_unknown_never_scheduled', 'dataset_produces_2', 'dataset_consumes_1_never_scheduled' retrieved from /home/airflow/.local/lib/python3.8/site-packages/airflow/example_dags/example_datasets.py
[2024-03-19T09:51:31.319+0000] {logging_mixin.py:188} INFO - [2024-03-19T09:51:31.318+0000] {dag.py:3047} INFO - Sync 6 DAGs
[2024-03-19T09:51:31.352+0000] {logging_mixin.py:188} INFO - [2024-03-19T09:51:31.352+0000] {dag.py:3834} INFO - Setting next_dagrun for dataset_consumes_1 to None, run_after=None
[2024-03-19T09:51:31.357+0000] {logging_mixin.py:188} INFO - [2024-03-19T09:51:31.357+0000] {dag.py:3834} INFO - Setting next_dagrun for dataset_consumes_1_and_2 to None, run_after=None
[2024-03-19T09:51:31.360+0000] {logging_mixin.py:188} INFO - [2024-03-19T09:51:31.360+0000] {dag.py:3834} INFO - Setting next_dagrun for dataset_consumes_1_never_scheduled to None, run_after=None
[2024-03-19T09:51:31.363+0000] {logging_mixin.py:188} INFO - [2024-03-19T09:51:31.363+0000] {dag.py:3834} INFO - Setting next_dagrun for dataset_consumes_unknown_never_scheduled to None, run_after=None
[2024-03-19T09:51:31.371+0000] {logging_mixin.py:188} INFO - [2024-03-19T09:51:31.371+0000] {dag.py:3834} INFO - Setting next_dagrun for dataset_produces_1 to 2024-03-18 00:00:00+00:00, run_after=2024-03-19 00:00:00+00:00
[2024-03-19T09:51:31.374+0000] {logging_mixin.py:188} INFO - [2024-03-19T09:51:31.373+0000] {dag.py:3834} INFO - Setting next_dagrun for dataset_produces_2 to None, run_after=None
[2024-03-19T09:51:31.439+0000] {processor.py:183} INFO - Processing /home/airflow/.local/lib/python3.8/site-packages/airflow/example_dags/example_datasets.py took 0.212 seconds
[2024-03-19T09:52:02.273+0000] {processor.py:161} INFO - Started process (PID=23564) to work on /home/airflow/.local/lib/python3.8/site-packages/airflow/example_dags/example_datasets.py
[2024-03-19T09:52:02.277+0000] {processor.py:830} INFO - Processing file /home/airflow/.local/lib/python3.8/site-packages/airflow/example_dags/example_datasets.py for tasks to queue
[2024-03-19T09:52:02.279+0000] {logging_mixin.py:188} INFO - [2024-03-19T09:52:02.278+0000] {dagbag.py:540} INFO - Filling up the DagBag from /home/airflow/.local/lib/python3.8/site-packages/airflow/example_dags/example_datasets.py
[2024-03-19T09:52:02.295+0000] {processor.py:840} INFO - DAG(s) 'dataset_produces_1', 'dataset_consumes_unknown_never_scheduled', 'dataset_consumes_1_never_scheduled', 'dataset_consumes_1_and_2', 'dataset_consumes_1', 'dataset_produces_2' retrieved from /home/airflow/.local/lib/python3.8/site-packages/airflow/example_dags/example_datasets.py
[2024-03-19T09:52:02.375+0000] {logging_mixin.py:188} INFO - [2024-03-19T09:52:02.374+0000] {dag.py:3047} INFO - Sync 6 DAGs
[2024-03-19T09:52:02.412+0000] {logging_mixin.py:188} INFO - [2024-03-19T09:52:02.411+0000] {dag.py:3834} INFO - Setting next_dagrun for dataset_consumes_1 to None, run_after=None
[2024-03-19T09:52:02.417+0000] {logging_mixin.py:188} INFO - [2024-03-19T09:52:02.416+0000] {dag.py:3834} INFO - Setting next_dagrun for dataset_consumes_1_and_2 to None, run_after=None
[2024-03-19T09:52:02.419+0000] {logging_mixin.py:188} INFO - [2024-03-19T09:52:02.419+0000] {dag.py:3834} INFO - Setting next_dagrun for dataset_consumes_1_never_scheduled to None, run_after=None
[2024-03-19T09:52:02.422+0000] {logging_mixin.py:188} INFO - [2024-03-19T09:52:02.422+0000] {dag.py:3834} INFO - Setting next_dagrun for dataset_consumes_unknown_never_scheduled to None, run_after=None
[2024-03-19T09:52:02.430+0000] {logging_mixin.py:188} INFO - [2024-03-19T09:52:02.429+0000] {dag.py:3834} INFO - Setting next_dagrun for dataset_produces_1 to 2024-03-18 00:00:00+00:00, run_after=2024-03-19 00:00:00+00:00
[2024-03-19T09:52:02.433+0000] {logging_mixin.py:188} INFO - [2024-03-19T09:52:02.433+0000] {dag.py:3834} INFO - Setting next_dagrun for dataset_produces_2 to None, run_after=None
[2024-03-19T09:52:02.501+0000] {processor.py:183} INFO - Processing /home/airflow/.local/lib/python3.8/site-packages/airflow/example_dags/example_datasets.py took 0.235 seconds
[2024-03-19T09:52:33.125+0000] {processor.py:161} INFO - Started process (PID=23619) to work on /home/airflow/.local/lib/python3.8/site-packages/airflow/example_dags/example_datasets.py
[2024-03-19T09:52:33.128+0000] {processor.py:830} INFO - Processing file /home/airflow/.local/lib/python3.8/site-packages/airflow/example_dags/example_datasets.py for tasks to queue
[2024-03-19T09:52:33.131+0000] {logging_mixin.py:188} INFO - [2024-03-19T09:52:33.130+0000] {dagbag.py:540} INFO - Filling up the DagBag from /home/airflow/.local/lib/python3.8/site-packages/airflow/example_dags/example_datasets.py
[2024-03-19T09:52:33.166+0000] {processor.py:840} INFO - DAG(s) 'dataset_consumes_1', 'dataset_produces_1', 'dataset_produces_2', 'dataset_consumes_1_and_2', 'dataset_consumes_1_never_scheduled', 'dataset_consumes_unknown_never_scheduled' retrieved from /home/airflow/.local/lib/python3.8/site-packages/airflow/example_dags/example_datasets.py
[2024-03-19T09:52:33.337+0000] {logging_mixin.py:188} INFO - [2024-03-19T09:52:33.336+0000] {dag.py:3047} INFO - Sync 6 DAGs
[2024-03-19T09:52:33.433+0000] {logging_mixin.py:188} INFO - [2024-03-19T09:52:33.432+0000] {dag.py:3834} INFO - Setting next_dagrun for dataset_consumes_1 to None, run_after=None
[2024-03-19T09:52:33.458+0000] {logging_mixin.py:188} INFO - [2024-03-19T09:52:33.455+0000] {dag.py:3834} INFO - Setting next_dagrun for dataset_consumes_1_and_2 to None, run_after=None
[2024-03-19T09:52:33.469+0000] {logging_mixin.py:188} INFO - [2024-03-19T09:52:33.469+0000] {dag.py:3834} INFO - Setting next_dagrun for dataset_consumes_1_never_scheduled to None, run_after=None
[2024-03-19T09:52:33.482+0000] {logging_mixin.py:188} INFO - [2024-03-19T09:52:33.481+0000] {dag.py:3834} INFO - Setting next_dagrun for dataset_consumes_unknown_never_scheduled to None, run_after=None
[2024-03-19T09:52:33.497+0000] {logging_mixin.py:188} INFO - [2024-03-19T09:52:33.496+0000] {dag.py:3834} INFO - Setting next_dagrun for dataset_produces_1 to 2024-03-18 00:00:00+00:00, run_after=2024-03-19 00:00:00+00:00
[2024-03-19T09:52:33.505+0000] {logging_mixin.py:188} INFO - [2024-03-19T09:52:33.504+0000] {dag.py:3834} INFO - Setting next_dagrun for dataset_produces_2 to None, run_after=None
[2024-03-19T09:52:33.648+0000] {processor.py:183} INFO - Processing /home/airflow/.local/lib/python3.8/site-packages/airflow/example_dags/example_datasets.py took 0.538 seconds
[2024-03-19T09:53:03.787+0000] {processor.py:161} INFO - Started process (PID=23675) to work on /home/airflow/.local/lib/python3.8/site-packages/airflow/example_dags/example_datasets.py
[2024-03-19T09:53:03.791+0000] {processor.py:830} INFO - Processing file /home/airflow/.local/lib/python3.8/site-packages/airflow/example_dags/example_datasets.py for tasks to queue
[2024-03-19T09:53:03.796+0000] {logging_mixin.py:188} INFO - [2024-03-19T09:53:03.794+0000] {dagbag.py:540} INFO - Filling up the DagBag from /home/airflow/.local/lib/python3.8/site-packages/airflow/example_dags/example_datasets.py
[2024-03-19T09:53:03.815+0000] {processor.py:840} INFO - DAG(s) 'dataset_consumes_unknown_never_scheduled', 'dataset_produces_2', 'dataset_consumes_1_and_2', 'dataset_produces_1', 'dataset_consumes_1', 'dataset_consumes_1_never_scheduled' retrieved from /home/airflow/.local/lib/python3.8/site-packages/airflow/example_dags/example_datasets.py
[2024-03-19T09:53:03.882+0000] {logging_mixin.py:188} INFO - [2024-03-19T09:53:03.882+0000] {dag.py:3047} INFO - Sync 6 DAGs
[2024-03-19T09:53:03.918+0000] {logging_mixin.py:188} INFO - [2024-03-19T09:53:03.917+0000] {dag.py:3834} INFO - Setting next_dagrun for dataset_consumes_1 to None, run_after=None
[2024-03-19T09:53:03.924+0000] {logging_mixin.py:188} INFO - [2024-03-19T09:53:03.924+0000] {dag.py:3834} INFO - Setting next_dagrun for dataset_consumes_1_and_2 to None, run_after=None
[2024-03-19T09:53:03.927+0000] {logging_mixin.py:188} INFO - [2024-03-19T09:53:03.927+0000] {dag.py:3834} INFO - Setting next_dagrun for dataset_consumes_1_never_scheduled to None, run_after=None
[2024-03-19T09:53:03.929+0000] {logging_mixin.py:188} INFO - [2024-03-19T09:53:03.929+0000] {dag.py:3834} INFO - Setting next_dagrun for dataset_consumes_unknown_never_scheduled to None, run_after=None
[2024-03-19T09:53:03.934+0000] {logging_mixin.py:188} INFO - [2024-03-19T09:53:03.934+0000] {dag.py:3834} INFO - Setting next_dagrun for dataset_produces_1 to 2024-03-18 00:00:00+00:00, run_after=2024-03-19 00:00:00+00:00
[2024-03-19T09:53:03.936+0000] {logging_mixin.py:188} INFO - [2024-03-19T09:53:03.936+0000] {dag.py:3834} INFO - Setting next_dagrun for dataset_produces_2 to None, run_after=None
[2024-03-19T09:53:04.002+0000] {processor.py:183} INFO - Processing /home/airflow/.local/lib/python3.8/site-packages/airflow/example_dags/example_datasets.py took 0.222 seconds
[2024-03-19T09:53:34.702+0000] {processor.py:161} INFO - Started process (PID=23729) to work on /home/airflow/.local/lib/python3.8/site-packages/airflow/example_dags/example_datasets.py
[2024-03-19T09:53:34.714+0000] {processor.py:830} INFO - Processing file /home/airflow/.local/lib/python3.8/site-packages/airflow/example_dags/example_datasets.py for tasks to queue
[2024-03-19T09:53:34.716+0000] {logging_mixin.py:188} INFO - [2024-03-19T09:53:34.716+0000] {dagbag.py:540} INFO - Filling up the DagBag from /home/airflow/.local/lib/python3.8/site-packages/airflow/example_dags/example_datasets.py
[2024-03-19T09:53:34.747+0000] {processor.py:840} INFO - DAG(s) 'dataset_produces_2', 'dataset_consumes_1_never_scheduled', 'dataset_consumes_unknown_never_scheduled', 'dataset_produces_1', 'dataset_consumes_1_and_2', 'dataset_consumes_1' retrieved from /home/airflow/.local/lib/python3.8/site-packages/airflow/example_dags/example_datasets.py
[2024-03-19T09:53:34.834+0000] {logging_mixin.py:188} INFO - [2024-03-19T09:53:34.833+0000] {dag.py:3047} INFO - Sync 6 DAGs
[2024-03-19T09:53:34.878+0000] {logging_mixin.py:188} INFO - [2024-03-19T09:53:34.878+0000] {dag.py:3834} INFO - Setting next_dagrun for dataset_consumes_1 to None, run_after=None
[2024-03-19T09:53:34.887+0000] {logging_mixin.py:188} INFO - [2024-03-19T09:53:34.886+0000] {dag.py:3834} INFO - Setting next_dagrun for dataset_consumes_1_and_2 to None, run_after=None
[2024-03-19T09:53:34.893+0000] {logging_mixin.py:188} INFO - [2024-03-19T09:53:34.891+0000] {dag.py:3834} INFO - Setting next_dagrun for dataset_consumes_1_never_scheduled to None, run_after=None
[2024-03-19T09:53:34.896+0000] {logging_mixin.py:188} INFO - [2024-03-19T09:53:34.896+0000] {dag.py:3834} INFO - Setting next_dagrun for dataset_consumes_unknown_never_scheduled to None, run_after=None
[2024-03-19T09:53:34.907+0000] {logging_mixin.py:188} INFO - [2024-03-19T09:53:34.905+0000] {dag.py:3834} INFO - Setting next_dagrun for dataset_produces_1 to 2024-03-18 00:00:00+00:00, run_after=2024-03-19 00:00:00+00:00
[2024-03-19T09:53:34.909+0000] {logging_mixin.py:188} INFO - [2024-03-19T09:53:34.909+0000] {dag.py:3834} INFO - Setting next_dagrun for dataset_produces_2 to None, run_after=None
[2024-03-19T09:53:34.965+0000] {processor.py:183} INFO - Processing /home/airflow/.local/lib/python3.8/site-packages/airflow/example_dags/example_datasets.py took 0.271 seconds
[2024-03-19T09:54:05.179+0000] {processor.py:161} INFO - Started process (PID=23786) to work on /home/airflow/.local/lib/python3.8/site-packages/airflow/example_dags/example_datasets.py
[2024-03-19T09:54:05.181+0000] {processor.py:830} INFO - Processing file /home/airflow/.local/lib/python3.8/site-packages/airflow/example_dags/example_datasets.py for tasks to queue
[2024-03-19T09:54:05.185+0000] {logging_mixin.py:188} INFO - [2024-03-19T09:54:05.183+0000] {dagbag.py:540} INFO - Filling up the DagBag from /home/airflow/.local/lib/python3.8/site-packages/airflow/example_dags/example_datasets.py
[2024-03-19T09:54:05.199+0000] {processor.py:840} INFO - DAG(s) 'dataset_consumes_1_never_scheduled', 'dataset_consumes_1_and_2', 'dataset_produces_2', 'dataset_consumes_unknown_never_scheduled', 'dataset_produces_1', 'dataset_consumes_1' retrieved from /home/airflow/.local/lib/python3.8/site-packages/airflow/example_dags/example_datasets.py
[2024-03-19T09:54:05.262+0000] {logging_mixin.py:188} INFO - [2024-03-19T09:54:05.262+0000] {dag.py:3047} INFO - Sync 6 DAGs
[2024-03-19T09:54:05.303+0000] {logging_mixin.py:188} INFO - [2024-03-19T09:54:05.303+0000] {dag.py:3834} INFO - Setting next_dagrun for dataset_consumes_1 to None, run_after=None
[2024-03-19T09:54:05.308+0000] {logging_mixin.py:188} INFO - [2024-03-19T09:54:05.308+0000] {dag.py:3834} INFO - Setting next_dagrun for dataset_consumes_1_and_2 to None, run_after=None
[2024-03-19T09:54:05.311+0000] {logging_mixin.py:188} INFO - [2024-03-19T09:54:05.311+0000] {dag.py:3834} INFO - Setting next_dagrun for dataset_consumes_1_never_scheduled to None, run_after=None
[2024-03-19T09:54:05.316+0000] {logging_mixin.py:188} INFO - [2024-03-19T09:54:05.315+0000] {dag.py:3834} INFO - Setting next_dagrun for dataset_consumes_unknown_never_scheduled to None, run_after=None
[2024-03-19T09:54:05.322+0000] {logging_mixin.py:188} INFO - [2024-03-19T09:54:05.321+0000] {dag.py:3834} INFO - Setting next_dagrun for dataset_produces_1 to 2024-03-18 00:00:00+00:00, run_after=2024-03-19 00:00:00+00:00
[2024-03-19T09:54:05.325+0000] {logging_mixin.py:188} INFO - [2024-03-19T09:54:05.325+0000] {dag.py:3834} INFO - Setting next_dagrun for dataset_produces_2 to None, run_after=None
[2024-03-19T09:54:05.393+0000] {processor.py:183} INFO - Processing /home/airflow/.local/lib/python3.8/site-packages/airflow/example_dags/example_datasets.py took 0.218 seconds
[2024-03-19T09:54:35.448+0000] {processor.py:161} INFO - Started process (PID=23841) to work on /home/airflow/.local/lib/python3.8/site-packages/airflow/example_dags/example_datasets.py
[2024-03-19T09:54:35.450+0000] {processor.py:830} INFO - Processing file /home/airflow/.local/lib/python3.8/site-packages/airflow/example_dags/example_datasets.py for tasks to queue
[2024-03-19T09:54:35.452+0000] {logging_mixin.py:188} INFO - [2024-03-19T09:54:35.451+0000] {dagbag.py:540} INFO - Filling up the DagBag from /home/airflow/.local/lib/python3.8/site-packages/airflow/example_dags/example_datasets.py
[2024-03-19T09:54:35.463+0000] {processor.py:840} INFO - DAG(s) 'dataset_produces_2', 'dataset_produces_1', 'dataset_consumes_1_and_2', 'dataset_consumes_1_never_scheduled', 'dataset_consumes_1', 'dataset_consumes_unknown_never_scheduled' retrieved from /home/airflow/.local/lib/python3.8/site-packages/airflow/example_dags/example_datasets.py
[2024-03-19T09:54:35.510+0000] {logging_mixin.py:188} INFO - [2024-03-19T09:54:35.510+0000] {dag.py:3047} INFO - Sync 6 DAGs
[2024-03-19T09:54:35.535+0000] {logging_mixin.py:188} INFO - [2024-03-19T09:54:35.535+0000] {dag.py:3834} INFO - Setting next_dagrun for dataset_consumes_1 to None, run_after=None
[2024-03-19T09:54:35.540+0000] {logging_mixin.py:188} INFO - [2024-03-19T09:54:35.539+0000] {dag.py:3834} INFO - Setting next_dagrun for dataset_consumes_1_and_2 to None, run_after=None
[2024-03-19T09:54:35.542+0000] {logging_mixin.py:188} INFO - [2024-03-19T09:54:35.542+0000] {dag.py:3834} INFO - Setting next_dagrun for dataset_consumes_1_never_scheduled to None, run_after=None
[2024-03-19T09:54:35.544+0000] {logging_mixin.py:188} INFO - [2024-03-19T09:54:35.544+0000] {dag.py:3834} INFO - Setting next_dagrun for dataset_consumes_unknown_never_scheduled to None, run_after=None
[2024-03-19T09:54:35.548+0000] {logging_mixin.py:188} INFO - [2024-03-19T09:54:35.548+0000] {dag.py:3834} INFO - Setting next_dagrun for dataset_produces_1 to 2024-03-18 00:00:00+00:00, run_after=2024-03-19 00:00:00+00:00
[2024-03-19T09:54:35.550+0000] {logging_mixin.py:188} INFO - [2024-03-19T09:54:35.550+0000] {dag.py:3834} INFO - Setting next_dagrun for dataset_produces_2 to None, run_after=None
[2024-03-19T09:54:35.591+0000] {processor.py:183} INFO - Processing /home/airflow/.local/lib/python3.8/site-packages/airflow/example_dags/example_datasets.py took 0.147 seconds
[2024-03-19T09:55:05.774+0000] {processor.py:161} INFO - Started process (PID=23895) to work on /home/airflow/.local/lib/python3.8/site-packages/airflow/example_dags/example_datasets.py
[2024-03-19T09:55:05.779+0000] {processor.py:830} INFO - Processing file /home/airflow/.local/lib/python3.8/site-packages/airflow/example_dags/example_datasets.py for tasks to queue
[2024-03-19T09:55:05.782+0000] {logging_mixin.py:188} INFO - [2024-03-19T09:55:05.782+0000] {dagbag.py:540} INFO - Filling up the DagBag from /home/airflow/.local/lib/python3.8/site-packages/airflow/example_dags/example_datasets.py
[2024-03-19T09:55:05.805+0000] {processor.py:840} INFO - DAG(s) 'dataset_consumes_unknown_never_scheduled', 'dataset_consumes_1_and_2', 'dataset_consumes_1_never_scheduled', 'dataset_produces_1', 'dataset_produces_2', 'dataset_consumes_1' retrieved from /home/airflow/.local/lib/python3.8/site-packages/airflow/example_dags/example_datasets.py
[2024-03-19T09:55:05.901+0000] {logging_mixin.py:188} INFO - [2024-03-19T09:55:05.900+0000] {dag.py:3047} INFO - Sync 6 DAGs
[2024-03-19T09:55:05.962+0000] {logging_mixin.py:188} INFO - [2024-03-19T09:55:05.961+0000] {dag.py:3834} INFO - Setting next_dagrun for dataset_consumes_1 to None, run_after=None
[2024-03-19T09:55:05.971+0000] {logging_mixin.py:188} INFO - [2024-03-19T09:55:05.971+0000] {dag.py:3834} INFO - Setting next_dagrun for dataset_consumes_1_and_2 to None, run_after=None
[2024-03-19T09:55:05.977+0000] {logging_mixin.py:188} INFO - [2024-03-19T09:55:05.975+0000] {dag.py:3834} INFO - Setting next_dagrun for dataset_consumes_1_never_scheduled to None, run_after=None
[2024-03-19T09:55:05.983+0000] {logging_mixin.py:188} INFO - [2024-03-19T09:55:05.982+0000] {dag.py:3834} INFO - Setting next_dagrun for dataset_consumes_unknown_never_scheduled to None, run_after=None
[2024-03-19T09:55:05.989+0000] {logging_mixin.py:188} INFO - [2024-03-19T09:55:05.989+0000] {dag.py:3834} INFO - Setting next_dagrun for dataset_produces_1 to 2024-03-18 00:00:00+00:00, run_after=2024-03-19 00:00:00+00:00
[2024-03-19T09:55:06.002+0000] {logging_mixin.py:188} INFO - [2024-03-19T09:55:06.002+0000] {dag.py:3834} INFO - Setting next_dagrun for dataset_produces_2 to None, run_after=None
[2024-03-19T09:55:06.086+0000] {processor.py:183} INFO - Processing /home/airflow/.local/lib/python3.8/site-packages/airflow/example_dags/example_datasets.py took 0.318 seconds
[2024-03-19T09:55:37.036+0000] {processor.py:161} INFO - Started process (PID=23950) to work on /home/airflow/.local/lib/python3.8/site-packages/airflow/example_dags/example_datasets.py
[2024-03-19T09:55:37.051+0000] {processor.py:830} INFO - Processing file /home/airflow/.local/lib/python3.8/site-packages/airflow/example_dags/example_datasets.py for tasks to queue
[2024-03-19T09:55:37.057+0000] {logging_mixin.py:188} INFO - [2024-03-19T09:55:37.055+0000] {dagbag.py:540} INFO - Filling up the DagBag from /home/airflow/.local/lib/python3.8/site-packages/airflow/example_dags/example_datasets.py
[2024-03-19T09:55:37.205+0000] {processor.py:840} INFO - DAG(s) 'dataset_consumes_1_and_2', 'dataset_consumes_1', 'dataset_consumes_1_never_scheduled', 'dataset_produces_2', 'dataset_produces_1', 'dataset_consumes_unknown_never_scheduled' retrieved from /home/airflow/.local/lib/python3.8/site-packages/airflow/example_dags/example_datasets.py
[2024-03-19T09:55:37.493+0000] {logging_mixin.py:188} INFO - [2024-03-19T09:55:37.492+0000] {dag.py:3047} INFO - Sync 6 DAGs
[2024-03-19T09:55:37.716+0000] {logging_mixin.py:188} INFO - [2024-03-19T09:55:37.716+0000] {dag.py:3834} INFO - Setting next_dagrun for dataset_consumes_1 to None, run_after=None
[2024-03-19T09:55:37.739+0000] {logging_mixin.py:188} INFO - [2024-03-19T09:55:37.739+0000] {dag.py:3834} INFO - Setting next_dagrun for dataset_consumes_1_and_2 to None, run_after=None
[2024-03-19T09:55:37.742+0000] {logging_mixin.py:188} INFO - [2024-03-19T09:55:37.742+0000] {dag.py:3834} INFO - Setting next_dagrun for dataset_consumes_1_never_scheduled to None, run_after=None
[2024-03-19T09:55:37.746+0000] {logging_mixin.py:188} INFO - [2024-03-19T09:55:37.746+0000] {dag.py:3834} INFO - Setting next_dagrun for dataset_consumes_unknown_never_scheduled to None, run_after=None
[2024-03-19T09:55:37.763+0000] {logging_mixin.py:188} INFO - [2024-03-19T09:55:37.762+0000] {dag.py:3834} INFO - Setting next_dagrun for dataset_produces_1 to 2024-03-18 00:00:00+00:00, run_after=2024-03-19 00:00:00+00:00
[2024-03-19T09:55:37.768+0000] {logging_mixin.py:188} INFO - [2024-03-19T09:55:37.767+0000] {dag.py:3834} INFO - Setting next_dagrun for dataset_produces_2 to None, run_after=None
[2024-03-19T09:55:37.913+0000] {processor.py:183} INFO - Processing /home/airflow/.local/lib/python3.8/site-packages/airflow/example_dags/example_datasets.py took 0.924 seconds
[2024-03-19T09:56:08.582+0000] {processor.py:161} INFO - Started process (PID=24003) to work on /home/airflow/.local/lib/python3.8/site-packages/airflow/example_dags/example_datasets.py
[2024-03-19T09:56:08.583+0000] {processor.py:830} INFO - Processing file /home/airflow/.local/lib/python3.8/site-packages/airflow/example_dags/example_datasets.py for tasks to queue
[2024-03-19T09:56:08.585+0000] {logging_mixin.py:188} INFO - [2024-03-19T09:56:08.584+0000] {dagbag.py:540} INFO - Filling up the DagBag from /home/airflow/.local/lib/python3.8/site-packages/airflow/example_dags/example_datasets.py
[2024-03-19T09:56:08.598+0000] {processor.py:840} INFO - DAG(s) 'dataset_consumes_unknown_never_scheduled', 'dataset_consumes_1_never_scheduled', 'dataset_consumes_1_and_2', 'dataset_produces_1', 'dataset_produces_2', 'dataset_consumes_1' retrieved from /home/airflow/.local/lib/python3.8/site-packages/airflow/example_dags/example_datasets.py
[2024-03-19T09:56:08.647+0000] {logging_mixin.py:188} INFO - [2024-03-19T09:56:08.647+0000] {dag.py:3047} INFO - Sync 6 DAGs
[2024-03-19T09:56:08.677+0000] {logging_mixin.py:188} INFO - [2024-03-19T09:56:08.676+0000] {dag.py:3834} INFO - Setting next_dagrun for dataset_consumes_1 to None, run_after=None
[2024-03-19T09:56:08.683+0000] {logging_mixin.py:188} INFO - [2024-03-19T09:56:08.682+0000] {dag.py:3834} INFO - Setting next_dagrun for dataset_consumes_1_and_2 to None, run_after=None
[2024-03-19T09:56:08.685+0000] {logging_mixin.py:188} INFO - [2024-03-19T09:56:08.684+0000] {dag.py:3834} INFO - Setting next_dagrun for dataset_consumes_1_never_scheduled to None, run_after=None
[2024-03-19T09:56:08.687+0000] {logging_mixin.py:188} INFO - [2024-03-19T09:56:08.686+0000] {dag.py:3834} INFO - Setting next_dagrun for dataset_consumes_unknown_never_scheduled to None, run_after=None
[2024-03-19T09:56:08.691+0000] {logging_mixin.py:188} INFO - [2024-03-19T09:56:08.691+0000] {dag.py:3834} INFO - Setting next_dagrun for dataset_produces_1 to 2024-03-18 00:00:00+00:00, run_after=2024-03-19 00:00:00+00:00
[2024-03-19T09:56:08.693+0000] {logging_mixin.py:188} INFO - [2024-03-19T09:56:08.693+0000] {dag.py:3834} INFO - Setting next_dagrun for dataset_produces_2 to None, run_after=None
[2024-03-19T09:56:08.740+0000] {processor.py:183} INFO - Processing /home/airflow/.local/lib/python3.8/site-packages/airflow/example_dags/example_datasets.py took 0.163 seconds
[2024-03-19T09:56:38.879+0000] {processor.py:161} INFO - Started process (PID=24058) to work on /home/airflow/.local/lib/python3.8/site-packages/airflow/example_dags/example_datasets.py
[2024-03-19T09:56:38.882+0000] {processor.py:830} INFO - Processing file /home/airflow/.local/lib/python3.8/site-packages/airflow/example_dags/example_datasets.py for tasks to queue
[2024-03-19T09:56:38.884+0000] {logging_mixin.py:188} INFO - [2024-03-19T09:56:38.883+0000] {dagbag.py:540} INFO - Filling up the DagBag from /home/airflow/.local/lib/python3.8/site-packages/airflow/example_dags/example_datasets.py
[2024-03-19T09:56:38.899+0000] {processor.py:840} INFO - DAG(s) 'dataset_produces_1', 'dataset_consumes_1_and_2', 'dataset_consumes_unknown_never_scheduled', 'dataset_produces_2', 'dataset_consumes_1', 'dataset_consumes_1_never_scheduled' retrieved from /home/airflow/.local/lib/python3.8/site-packages/airflow/example_dags/example_datasets.py
[2024-03-19T09:56:38.958+0000] {logging_mixin.py:188} INFO - [2024-03-19T09:56:38.958+0000] {dag.py:3047} INFO - Sync 6 DAGs
[2024-03-19T09:56:38.992+0000] {logging_mixin.py:188} INFO - [2024-03-19T09:56:38.991+0000] {dag.py:3834} INFO - Setting next_dagrun for dataset_consumes_1 to None, run_after=None
[2024-03-19T09:56:38.997+0000] {logging_mixin.py:188} INFO - [2024-03-19T09:56:38.997+0000] {dag.py:3834} INFO - Setting next_dagrun for dataset_consumes_1_and_2 to None, run_after=None
[2024-03-19T09:56:39.000+0000] {logging_mixin.py:188} INFO - [2024-03-19T09:56:38.999+0000] {dag.py:3834} INFO - Setting next_dagrun for dataset_consumes_1_never_scheduled to None, run_after=None
[2024-03-19T09:56:39.003+0000] {logging_mixin.py:188} INFO - [2024-03-19T09:56:39.002+0000] {dag.py:3834} INFO - Setting next_dagrun for dataset_consumes_unknown_never_scheduled to None, run_after=None
[2024-03-19T09:56:39.008+0000] {logging_mixin.py:188} INFO - [2024-03-19T09:56:39.008+0000] {dag.py:3834} INFO - Setting next_dagrun for dataset_produces_1 to 2024-03-18 00:00:00+00:00, run_after=2024-03-19 00:00:00+00:00
[2024-03-19T09:56:39.011+0000] {logging_mixin.py:188} INFO - [2024-03-19T09:56:39.011+0000] {dag.py:3834} INFO - Setting next_dagrun for dataset_produces_2 to None, run_after=None
[2024-03-19T09:56:39.060+0000] {processor.py:183} INFO - Processing /home/airflow/.local/lib/python3.8/site-packages/airflow/example_dags/example_datasets.py took 0.187 seconds
[2024-03-19T09:57:09.909+0000] {processor.py:161} INFO - Started process (PID=24113) to work on /home/airflow/.local/lib/python3.8/site-packages/airflow/example_dags/example_datasets.py
[2024-03-19T09:57:09.911+0000] {processor.py:830} INFO - Processing file /home/airflow/.local/lib/python3.8/site-packages/airflow/example_dags/example_datasets.py for tasks to queue
[2024-03-19T09:57:09.913+0000] {logging_mixin.py:188} INFO - [2024-03-19T09:57:09.913+0000] {dagbag.py:540} INFO - Filling up the DagBag from /home/airflow/.local/lib/python3.8/site-packages/airflow/example_dags/example_datasets.py
[2024-03-19T09:57:09.930+0000] {processor.py:840} INFO - DAG(s) 'dataset_consumes_1_and_2', 'dataset_produces_1', 'dataset_consumes_unknown_never_scheduled', 'dataset_consumes_1', 'dataset_consumes_1_never_scheduled', 'dataset_produces_2' retrieved from /home/airflow/.local/lib/python3.8/site-packages/airflow/example_dags/example_datasets.py
[2024-03-19T09:57:09.994+0000] {logging_mixin.py:188} INFO - [2024-03-19T09:57:09.993+0000] {dag.py:3047} INFO - Sync 6 DAGs
[2024-03-19T09:57:10.027+0000] {logging_mixin.py:188} INFO - [2024-03-19T09:57:10.027+0000] {dag.py:3834} INFO - Setting next_dagrun for dataset_consumes_1 to None, run_after=None
[2024-03-19T09:57:10.033+0000] {logging_mixin.py:188} INFO - [2024-03-19T09:57:10.032+0000] {dag.py:3834} INFO - Setting next_dagrun for dataset_consumes_1_and_2 to None, run_after=None
[2024-03-19T09:57:10.037+0000] {logging_mixin.py:188} INFO - [2024-03-19T09:57:10.037+0000] {dag.py:3834} INFO - Setting next_dagrun for dataset_consumes_1_never_scheduled to None, run_after=None
[2024-03-19T09:57:10.040+0000] {logging_mixin.py:188} INFO - [2024-03-19T09:57:10.039+0000] {dag.py:3834} INFO - Setting next_dagrun for dataset_consumes_unknown_never_scheduled to None, run_after=None
[2024-03-19T09:57:10.044+0000] {logging_mixin.py:188} INFO - [2024-03-19T09:57:10.044+0000] {dag.py:3834} INFO - Setting next_dagrun for dataset_produces_1 to 2024-03-18 00:00:00+00:00, run_after=2024-03-19 00:00:00+00:00
[2024-03-19T09:57:10.046+0000] {logging_mixin.py:188} INFO - [2024-03-19T09:57:10.046+0000] {dag.py:3834} INFO - Setting next_dagrun for dataset_produces_2 to None, run_after=None
[2024-03-19T09:57:10.095+0000] {processor.py:183} INFO - Processing /home/airflow/.local/lib/python3.8/site-packages/airflow/example_dags/example_datasets.py took 0.197 seconds
