[2024-03-19T09:44:29.235+0000] {processor.py:161} INFO - Started process (PID=22795) to work on /home/airflow/.local/lib/python3.8/site-packages/airflow/example_dags/example_short_circuit_operator.py
[2024-03-19T09:44:29.237+0000] {processor.py:830} INFO - Processing file /home/airflow/.local/lib/python3.8/site-packages/airflow/example_dags/example_short_circuit_operator.py for tasks to queue
[2024-03-19T09:44:29.239+0000] {logging_mixin.py:188} INFO - [2024-03-19T09:44:29.239+0000] {dagbag.py:540} INFO - Filling up the DagBag from /home/airflow/.local/lib/python3.8/site-packages/airflow/example_dags/example_short_circuit_operator.py
[2024-03-19T09:44:29.254+0000] {processor.py:840} INFO - DAG(s) 'example_short_circuit_operator' retrieved from /home/airflow/.local/lib/python3.8/site-packages/airflow/example_dags/example_short_circuit_operator.py
[2024-03-19T09:44:29.297+0000] {logging_mixin.py:188} INFO - [2024-03-19T09:44:29.297+0000] {dag.py:3047} INFO - Sync 1 DAGs
[2024-03-19T09:44:29.332+0000] {logging_mixin.py:188} INFO - [2024-03-19T09:44:29.331+0000] {dag.py:3834} INFO - Setting next_dagrun for example_short_circuit_operator to 2024-03-18 00:00:00+00:00, run_after=2024-03-19 00:00:00+00:00
[2024-03-19T09:44:29.367+0000] {processor.py:183} INFO - Processing /home/airflow/.local/lib/python3.8/site-packages/airflow/example_dags/example_short_circuit_operator.py took 0.140 seconds
[2024-03-19T09:45:00.193+0000] {processor.py:161} INFO - Started process (PID=22850) to work on /home/airflow/.local/lib/python3.8/site-packages/airflow/example_dags/example_short_circuit_operator.py
[2024-03-19T09:45:00.196+0000] {processor.py:830} INFO - Processing file /home/airflow/.local/lib/python3.8/site-packages/airflow/example_dags/example_short_circuit_operator.py for tasks to queue
[2024-03-19T09:45:00.198+0000] {logging_mixin.py:188} INFO - [2024-03-19T09:45:00.197+0000] {dagbag.py:540} INFO - Filling up the DagBag from /home/airflow/.local/lib/python3.8/site-packages/airflow/example_dags/example_short_circuit_operator.py
[2024-03-19T09:45:00.214+0000] {processor.py:840} INFO - DAG(s) 'example_short_circuit_operator' retrieved from /home/airflow/.local/lib/python3.8/site-packages/airflow/example_dags/example_short_circuit_operator.py
[2024-03-19T09:45:00.262+0000] {logging_mixin.py:188} INFO - [2024-03-19T09:45:00.261+0000] {dag.py:3047} INFO - Sync 1 DAGs
[2024-03-19T09:45:00.290+0000] {logging_mixin.py:188} INFO - [2024-03-19T09:45:00.290+0000] {dag.py:3834} INFO - Setting next_dagrun for example_short_circuit_operator to 2024-03-18 00:00:00+00:00, run_after=2024-03-19 00:00:00+00:00
[2024-03-19T09:45:00.312+0000] {processor.py:183} INFO - Processing /home/airflow/.local/lib/python3.8/site-packages/airflow/example_dags/example_short_circuit_operator.py took 0.125 seconds
[2024-03-19T09:45:40.000+0000] {processor.py:161} INFO - Started process (PID=22905) to work on /home/airflow/.local/lib/python3.8/site-packages/airflow/example_dags/example_short_circuit_operator.py
[2024-03-19T09:45:40.005+0000] {processor.py:830} INFO - Processing file /home/airflow/.local/lib/python3.8/site-packages/airflow/example_dags/example_short_circuit_operator.py for tasks to queue
[2024-03-19T09:45:40.015+0000] {logging_mixin.py:188} INFO - [2024-03-19T09:45:40.014+0000] {dagbag.py:540} INFO - Filling up the DagBag from /home/airflow/.local/lib/python3.8/site-packages/airflow/example_dags/example_short_circuit_operator.py
[2024-03-19T09:45:40.040+0000] {processor.py:840} INFO - DAG(s) 'example_short_circuit_operator' retrieved from /home/airflow/.local/lib/python3.8/site-packages/airflow/example_dags/example_short_circuit_operator.py
[2024-03-19T09:45:40.104+0000] {logging_mixin.py:188} INFO - [2024-03-19T09:45:40.104+0000] {dag.py:3047} INFO - Sync 1 DAGs
[2024-03-19T09:45:40.274+0000] {logging_mixin.py:188} INFO - [2024-03-19T09:45:40.273+0000] {dag.py:3834} INFO - Setting next_dagrun for example_short_circuit_operator to 2024-03-18 00:00:00+00:00, run_after=2024-03-19 00:00:00+00:00
[2024-03-19T09:45:40.433+0000] {processor.py:183} INFO - Processing /home/airflow/.local/lib/python3.8/site-packages/airflow/example_dags/example_short_circuit_operator.py took 0.441 seconds
[2024-03-19T09:46:16.892+0000] {processor.py:161} INFO - Started process (PID=22960) to work on /home/airflow/.local/lib/python3.8/site-packages/airflow/example_dags/example_short_circuit_operator.py
[2024-03-19T09:46:16.895+0000] {processor.py:830} INFO - Processing file /home/airflow/.local/lib/python3.8/site-packages/airflow/example_dags/example_short_circuit_operator.py for tasks to queue
[2024-03-19T09:46:16.899+0000] {logging_mixin.py:188} INFO - [2024-03-19T09:46:16.898+0000] {dagbag.py:540} INFO - Filling up the DagBag from /home/airflow/.local/lib/python3.8/site-packages/airflow/example_dags/example_short_circuit_operator.py
[2024-03-19T09:46:16.940+0000] {processor.py:840} INFO - DAG(s) 'example_short_circuit_operator' retrieved from /home/airflow/.local/lib/python3.8/site-packages/airflow/example_dags/example_short_circuit_operator.py
[2024-03-19T09:46:17.040+0000] {logging_mixin.py:188} INFO - [2024-03-19T09:46:17.039+0000] {dag.py:3047} INFO - Sync 1 DAGs
[2024-03-19T09:46:17.106+0000] {logging_mixin.py:188} INFO - [2024-03-19T09:46:17.105+0000] {dag.py:3834} INFO - Setting next_dagrun for example_short_circuit_operator to 2024-03-18 00:00:00+00:00, run_after=2024-03-19 00:00:00+00:00
[2024-03-19T09:46:17.163+0000] {processor.py:183} INFO - Processing /home/airflow/.local/lib/python3.8/site-packages/airflow/example_dags/example_short_circuit_operator.py took 0.286 seconds
[2024-03-19T09:46:48.046+0000] {processor.py:161} INFO - Started process (PID=23015) to work on /home/airflow/.local/lib/python3.8/site-packages/airflow/example_dags/example_short_circuit_operator.py
[2024-03-19T09:46:48.049+0000] {processor.py:830} INFO - Processing file /home/airflow/.local/lib/python3.8/site-packages/airflow/example_dags/example_short_circuit_operator.py for tasks to queue
[2024-03-19T09:46:48.051+0000] {logging_mixin.py:188} INFO - [2024-03-19T09:46:48.050+0000] {dagbag.py:540} INFO - Filling up the DagBag from /home/airflow/.local/lib/python3.8/site-packages/airflow/example_dags/example_short_circuit_operator.py
[2024-03-19T09:46:48.063+0000] {processor.py:840} INFO - DAG(s) 'example_short_circuit_operator' retrieved from /home/airflow/.local/lib/python3.8/site-packages/airflow/example_dags/example_short_circuit_operator.py
[2024-03-19T09:46:48.102+0000] {logging_mixin.py:188} INFO - [2024-03-19T09:46:48.102+0000] {dag.py:3047} INFO - Sync 1 DAGs
[2024-03-19T09:46:48.130+0000] {logging_mixin.py:188} INFO - [2024-03-19T09:46:48.129+0000] {dag.py:3834} INFO - Setting next_dagrun for example_short_circuit_operator to 2024-03-18 00:00:00+00:00, run_after=2024-03-19 00:00:00+00:00
[2024-03-19T09:46:48.156+0000] {processor.py:183} INFO - Processing /home/airflow/.local/lib/python3.8/site-packages/airflow/example_dags/example_short_circuit_operator.py took 0.117 seconds
[2024-03-19T09:47:19.397+0000] {processor.py:161} INFO - Started process (PID=23068) to work on /home/airflow/.local/lib/python3.8/site-packages/airflow/example_dags/example_short_circuit_operator.py
[2024-03-19T09:47:19.409+0000] {processor.py:830} INFO - Processing file /home/airflow/.local/lib/python3.8/site-packages/airflow/example_dags/example_short_circuit_operator.py for tasks to queue
[2024-03-19T09:47:19.412+0000] {logging_mixin.py:188} INFO - [2024-03-19T09:47:19.411+0000] {dagbag.py:540} INFO - Filling up the DagBag from /home/airflow/.local/lib/python3.8/site-packages/airflow/example_dags/example_short_circuit_operator.py
[2024-03-19T09:47:19.470+0000] {processor.py:840} INFO - DAG(s) 'example_short_circuit_operator' retrieved from /home/airflow/.local/lib/python3.8/site-packages/airflow/example_dags/example_short_circuit_operator.py
[2024-03-19T09:47:19.619+0000] {logging_mixin.py:188} INFO - [2024-03-19T09:47:19.618+0000] {dag.py:3047} INFO - Sync 1 DAGs
[2024-03-19T09:47:19.796+0000] {logging_mixin.py:188} INFO - [2024-03-19T09:47:19.795+0000] {dag.py:3834} INFO - Setting next_dagrun for example_short_circuit_operator to 2024-03-18 00:00:00+00:00, run_after=2024-03-19 00:00:00+00:00
[2024-03-19T09:47:19.941+0000] {processor.py:183} INFO - Processing /home/airflow/.local/lib/python3.8/site-packages/airflow/example_dags/example_short_circuit_operator.py took 0.554 seconds
[2024-03-19T09:47:50.450+0000] {processor.py:161} INFO - Started process (PID=23123) to work on /home/airflow/.local/lib/python3.8/site-packages/airflow/example_dags/example_short_circuit_operator.py
[2024-03-19T09:47:50.453+0000] {processor.py:830} INFO - Processing file /home/airflow/.local/lib/python3.8/site-packages/airflow/example_dags/example_short_circuit_operator.py for tasks to queue
[2024-03-19T09:47:50.454+0000] {logging_mixin.py:188} INFO - [2024-03-19T09:47:50.454+0000] {dagbag.py:540} INFO - Filling up the DagBag from /home/airflow/.local/lib/python3.8/site-packages/airflow/example_dags/example_short_circuit_operator.py
[2024-03-19T09:47:50.468+0000] {processor.py:840} INFO - DAG(s) 'example_short_circuit_operator' retrieved from /home/airflow/.local/lib/python3.8/site-packages/airflow/example_dags/example_short_circuit_operator.py
[2024-03-19T09:47:50.513+0000] {logging_mixin.py:188} INFO - [2024-03-19T09:47:50.512+0000] {dag.py:3047} INFO - Sync 1 DAGs
[2024-03-19T09:47:50.552+0000] {logging_mixin.py:188} INFO - [2024-03-19T09:47:50.552+0000] {dag.py:3834} INFO - Setting next_dagrun for example_short_circuit_operator to 2024-03-18 00:00:00+00:00, run_after=2024-03-19 00:00:00+00:00
[2024-03-19T09:47:50.582+0000] {processor.py:183} INFO - Processing /home/airflow/.local/lib/python3.8/site-packages/airflow/example_dags/example_short_circuit_operator.py took 0.138 seconds
[2024-03-19T09:48:20.815+0000] {processor.py:161} INFO - Started process (PID=23178) to work on /home/airflow/.local/lib/python3.8/site-packages/airflow/example_dags/example_short_circuit_operator.py
[2024-03-19T09:48:20.817+0000] {processor.py:830} INFO - Processing file /home/airflow/.local/lib/python3.8/site-packages/airflow/example_dags/example_short_circuit_operator.py for tasks to queue
[2024-03-19T09:48:20.820+0000] {logging_mixin.py:188} INFO - [2024-03-19T09:48:20.819+0000] {dagbag.py:540} INFO - Filling up the DagBag from /home/airflow/.local/lib/python3.8/site-packages/airflow/example_dags/example_short_circuit_operator.py
[2024-03-19T09:48:20.843+0000] {processor.py:840} INFO - DAG(s) 'example_short_circuit_operator' retrieved from /home/airflow/.local/lib/python3.8/site-packages/airflow/example_dags/example_short_circuit_operator.py
[2024-03-19T09:48:20.892+0000] {logging_mixin.py:188} INFO - [2024-03-19T09:48:20.892+0000] {dag.py:3047} INFO - Sync 1 DAGs
[2024-03-19T09:48:20.935+0000] {logging_mixin.py:188} INFO - [2024-03-19T09:48:20.934+0000] {dag.py:3834} INFO - Setting next_dagrun for example_short_circuit_operator to 2024-03-18 00:00:00+00:00, run_after=2024-03-19 00:00:00+00:00
[2024-03-19T09:48:20.966+0000] {processor.py:183} INFO - Processing /home/airflow/.local/lib/python3.8/site-packages/airflow/example_dags/example_short_circuit_operator.py took 0.159 seconds
[2024-03-19T09:48:51.675+0000] {processor.py:161} INFO - Started process (PID=23233) to work on /home/airflow/.local/lib/python3.8/site-packages/airflow/example_dags/example_short_circuit_operator.py
[2024-03-19T09:48:51.678+0000] {processor.py:830} INFO - Processing file /home/airflow/.local/lib/python3.8/site-packages/airflow/example_dags/example_short_circuit_operator.py for tasks to queue
[2024-03-19T09:48:51.684+0000] {logging_mixin.py:188} INFO - [2024-03-19T09:48:51.680+0000] {dagbag.py:540} INFO - Filling up the DagBag from /home/airflow/.local/lib/python3.8/site-packages/airflow/example_dags/example_short_circuit_operator.py
[2024-03-19T09:48:51.712+0000] {processor.py:840} INFO - DAG(s) 'example_short_circuit_operator' retrieved from /home/airflow/.local/lib/python3.8/site-packages/airflow/example_dags/example_short_circuit_operator.py
[2024-03-19T09:48:51.848+0000] {logging_mixin.py:188} INFO - [2024-03-19T09:48:51.847+0000] {dag.py:3047} INFO - Sync 1 DAGs
[2024-03-19T09:48:51.947+0000] {logging_mixin.py:188} INFO - [2024-03-19T09:48:51.947+0000] {dag.py:3834} INFO - Setting next_dagrun for example_short_circuit_operator to 2024-03-18 00:00:00+00:00, run_after=2024-03-19 00:00:00+00:00
[2024-03-19T09:48:52.020+0000] {processor.py:183} INFO - Processing /home/airflow/.local/lib/python3.8/site-packages/airflow/example_dags/example_short_circuit_operator.py took 0.351 seconds
[2024-03-19T09:49:22.522+0000] {processor.py:161} INFO - Started process (PID=23288) to work on /home/airflow/.local/lib/python3.8/site-packages/airflow/example_dags/example_short_circuit_operator.py
[2024-03-19T09:49:22.524+0000] {processor.py:830} INFO - Processing file /home/airflow/.local/lib/python3.8/site-packages/airflow/example_dags/example_short_circuit_operator.py for tasks to queue
[2024-03-19T09:49:22.526+0000] {logging_mixin.py:188} INFO - [2024-03-19T09:49:22.525+0000] {dagbag.py:540} INFO - Filling up the DagBag from /home/airflow/.local/lib/python3.8/site-packages/airflow/example_dags/example_short_circuit_operator.py
[2024-03-19T09:49:22.535+0000] {processor.py:840} INFO - DAG(s) 'example_short_circuit_operator' retrieved from /home/airflow/.local/lib/python3.8/site-packages/airflow/example_dags/example_short_circuit_operator.py
[2024-03-19T09:49:22.566+0000] {logging_mixin.py:188} INFO - [2024-03-19T09:49:22.566+0000] {dag.py:3047} INFO - Sync 1 DAGs
[2024-03-19T09:49:22.590+0000] {logging_mixin.py:188} INFO - [2024-03-19T09:49:22.590+0000] {dag.py:3834} INFO - Setting next_dagrun for example_short_circuit_operator to 2024-03-18 00:00:00+00:00, run_after=2024-03-19 00:00:00+00:00
[2024-03-19T09:49:22.614+0000] {processor.py:183} INFO - Processing /home/airflow/.local/lib/python3.8/site-packages/airflow/example_dags/example_short_circuit_operator.py took 0.096 seconds
[2024-03-19T09:49:53.514+0000] {processor.py:161} INFO - Started process (PID=23342) to work on /home/airflow/.local/lib/python3.8/site-packages/airflow/example_dags/example_short_circuit_operator.py
[2024-03-19T09:49:53.518+0000] {processor.py:830} INFO - Processing file /home/airflow/.local/lib/python3.8/site-packages/airflow/example_dags/example_short_circuit_operator.py for tasks to queue
[2024-03-19T09:49:53.522+0000] {logging_mixin.py:188} INFO - [2024-03-19T09:49:53.521+0000] {dagbag.py:540} INFO - Filling up the DagBag from /home/airflow/.local/lib/python3.8/site-packages/airflow/example_dags/example_short_circuit_operator.py
[2024-03-19T09:49:53.541+0000] {processor.py:840} INFO - DAG(s) 'example_short_circuit_operator' retrieved from /home/airflow/.local/lib/python3.8/site-packages/airflow/example_dags/example_short_circuit_operator.py
[2024-03-19T09:49:53.627+0000] {logging_mixin.py:188} INFO - [2024-03-19T09:49:53.626+0000] {dag.py:3047} INFO - Sync 1 DAGs
[2024-03-19T09:49:53.700+0000] {logging_mixin.py:188} INFO - [2024-03-19T09:49:53.699+0000] {dag.py:3834} INFO - Setting next_dagrun for example_short_circuit_operator to 2024-03-18 00:00:00+00:00, run_after=2024-03-19 00:00:00+00:00
[2024-03-19T09:49:53.748+0000] {processor.py:183} INFO - Processing /home/airflow/.local/lib/python3.8/site-packages/airflow/example_dags/example_short_circuit_operator.py took 0.255 seconds
[2024-03-19T09:50:24.459+0000] {processor.py:161} INFO - Started process (PID=23397) to work on /home/airflow/.local/lib/python3.8/site-packages/airflow/example_dags/example_short_circuit_operator.py
[2024-03-19T09:50:24.462+0000] {processor.py:830} INFO - Processing file /home/airflow/.local/lib/python3.8/site-packages/airflow/example_dags/example_short_circuit_operator.py for tasks to queue
[2024-03-19T09:50:24.465+0000] {logging_mixin.py:188} INFO - [2024-03-19T09:50:24.464+0000] {dagbag.py:540} INFO - Filling up the DagBag from /home/airflow/.local/lib/python3.8/site-packages/airflow/example_dags/example_short_circuit_operator.py
[2024-03-19T09:50:24.481+0000] {processor.py:840} INFO - DAG(s) 'example_short_circuit_operator' retrieved from /home/airflow/.local/lib/python3.8/site-packages/airflow/example_dags/example_short_circuit_operator.py
[2024-03-19T09:50:24.537+0000] {logging_mixin.py:188} INFO - [2024-03-19T09:50:24.537+0000] {dag.py:3047} INFO - Sync 1 DAGs
[2024-03-19T09:50:24.588+0000] {logging_mixin.py:188} INFO - [2024-03-19T09:50:24.587+0000] {dag.py:3834} INFO - Setting next_dagrun for example_short_circuit_operator to 2024-03-18 00:00:00+00:00, run_after=2024-03-19 00:00:00+00:00
[2024-03-19T09:50:24.628+0000] {processor.py:183} INFO - Processing /home/airflow/.local/lib/python3.8/site-packages/airflow/example_dags/example_short_circuit_operator.py took 0.177 seconds
[2024-03-19T09:50:55.642+0000] {processor.py:161} INFO - Started process (PID=23453) to work on /home/airflow/.local/lib/python3.8/site-packages/airflow/example_dags/example_short_circuit_operator.py
[2024-03-19T09:50:55.659+0000] {processor.py:830} INFO - Processing file /home/airflow/.local/lib/python3.8/site-packages/airflow/example_dags/example_short_circuit_operator.py for tasks to queue
[2024-03-19T09:50:55.662+0000] {logging_mixin.py:188} INFO - [2024-03-19T09:50:55.661+0000] {dagbag.py:540} INFO - Filling up the DagBag from /home/airflow/.local/lib/python3.8/site-packages/airflow/example_dags/example_short_circuit_operator.py
[2024-03-19T09:50:55.691+0000] {processor.py:840} INFO - DAG(s) 'example_short_circuit_operator' retrieved from /home/airflow/.local/lib/python3.8/site-packages/airflow/example_dags/example_short_circuit_operator.py
[2024-03-19T09:50:55.822+0000] {logging_mixin.py:188} INFO - [2024-03-19T09:50:55.821+0000] {dag.py:3047} INFO - Sync 1 DAGs
[2024-03-19T09:50:56.114+0000] {logging_mixin.py:188} INFO - [2024-03-19T09:50:56.114+0000] {dag.py:3834} INFO - Setting next_dagrun for example_short_circuit_operator to 2024-03-18 00:00:00+00:00, run_after=2024-03-19 00:00:00+00:00
[2024-03-19T09:50:56.306+0000] {processor.py:183} INFO - Processing /home/airflow/.local/lib/python3.8/site-packages/airflow/example_dags/example_short_circuit_operator.py took 0.686 seconds
[2024-03-19T09:51:26.837+0000] {processor.py:161} INFO - Started process (PID=23506) to work on /home/airflow/.local/lib/python3.8/site-packages/airflow/example_dags/example_short_circuit_operator.py
[2024-03-19T09:51:26.841+0000] {processor.py:830} INFO - Processing file /home/airflow/.local/lib/python3.8/site-packages/airflow/example_dags/example_short_circuit_operator.py for tasks to queue
[2024-03-19T09:51:26.843+0000] {logging_mixin.py:188} INFO - [2024-03-19T09:51:26.842+0000] {dagbag.py:540} INFO - Filling up the DagBag from /home/airflow/.local/lib/python3.8/site-packages/airflow/example_dags/example_short_circuit_operator.py
[2024-03-19T09:51:26.896+0000] {processor.py:840} INFO - DAG(s) 'example_short_circuit_operator' retrieved from /home/airflow/.local/lib/python3.8/site-packages/airflow/example_dags/example_short_circuit_operator.py
[2024-03-19T09:51:26.983+0000] {logging_mixin.py:188} INFO - [2024-03-19T09:51:26.982+0000] {dag.py:3047} INFO - Sync 1 DAGs
[2024-03-19T09:51:27.037+0000] {logging_mixin.py:188} INFO - [2024-03-19T09:51:27.036+0000] {dag.py:3834} INFO - Setting next_dagrun for example_short_circuit_operator to 2024-03-18 00:00:00+00:00, run_after=2024-03-19 00:00:00+00:00
[2024-03-19T09:51:27.074+0000] {processor.py:183} INFO - Processing /home/airflow/.local/lib/python3.8/site-packages/airflow/example_dags/example_short_circuit_operator.py took 0.244 seconds
[2024-03-19T09:51:57.917+0000] {processor.py:161} INFO - Started process (PID=23561) to work on /home/airflow/.local/lib/python3.8/site-packages/airflow/example_dags/example_short_circuit_operator.py
[2024-03-19T09:51:57.920+0000] {processor.py:830} INFO - Processing file /home/airflow/.local/lib/python3.8/site-packages/airflow/example_dags/example_short_circuit_operator.py for tasks to queue
[2024-03-19T09:51:57.922+0000] {logging_mixin.py:188} INFO - [2024-03-19T09:51:57.921+0000] {dagbag.py:540} INFO - Filling up the DagBag from /home/airflow/.local/lib/python3.8/site-packages/airflow/example_dags/example_short_circuit_operator.py
[2024-03-19T09:51:57.932+0000] {processor.py:840} INFO - DAG(s) 'example_short_circuit_operator' retrieved from /home/airflow/.local/lib/python3.8/site-packages/airflow/example_dags/example_short_circuit_operator.py
[2024-03-19T09:51:57.980+0000] {logging_mixin.py:188} INFO - [2024-03-19T09:51:57.979+0000] {dag.py:3047} INFO - Sync 1 DAGs
[2024-03-19T09:51:58.018+0000] {logging_mixin.py:188} INFO - [2024-03-19T09:51:58.018+0000] {dag.py:3834} INFO - Setting next_dagrun for example_short_circuit_operator to 2024-03-18 00:00:00+00:00, run_after=2024-03-19 00:00:00+00:00
[2024-03-19T09:51:58.047+0000] {processor.py:183} INFO - Processing /home/airflow/.local/lib/python3.8/site-packages/airflow/example_dags/example_short_circuit_operator.py took 0.136 seconds
[2024-03-19T09:52:28.420+0000] {processor.py:161} INFO - Started process (PID=23616) to work on /home/airflow/.local/lib/python3.8/site-packages/airflow/example_dags/example_short_circuit_operator.py
[2024-03-19T09:52:28.425+0000] {processor.py:830} INFO - Processing file /home/airflow/.local/lib/python3.8/site-packages/airflow/example_dags/example_short_circuit_operator.py for tasks to queue
[2024-03-19T09:52:28.431+0000] {logging_mixin.py:188} INFO - [2024-03-19T09:52:28.430+0000] {dagbag.py:540} INFO - Filling up the DagBag from /home/airflow/.local/lib/python3.8/site-packages/airflow/example_dags/example_short_circuit_operator.py
[2024-03-19T09:52:28.476+0000] {processor.py:840} INFO - DAG(s) 'example_short_circuit_operator' retrieved from /home/airflow/.local/lib/python3.8/site-packages/airflow/example_dags/example_short_circuit_operator.py
[2024-03-19T09:52:28.632+0000] {logging_mixin.py:188} INFO - [2024-03-19T09:52:28.631+0000] {dag.py:3047} INFO - Sync 1 DAGs
[2024-03-19T09:52:28.775+0000] {logging_mixin.py:188} INFO - [2024-03-19T09:52:28.767+0000] {dag.py:3834} INFO - Setting next_dagrun for example_short_circuit_operator to 2024-03-18 00:00:00+00:00, run_after=2024-03-19 00:00:00+00:00
[2024-03-19T09:52:28.904+0000] {processor.py:183} INFO - Processing /home/airflow/.local/lib/python3.8/site-packages/airflow/example_dags/example_short_circuit_operator.py took 0.503 seconds
[2024-03-19T09:52:59.298+0000] {processor.py:161} INFO - Started process (PID=23671) to work on /home/airflow/.local/lib/python3.8/site-packages/airflow/example_dags/example_short_circuit_operator.py
[2024-03-19T09:52:59.300+0000] {processor.py:830} INFO - Processing file /home/airflow/.local/lib/python3.8/site-packages/airflow/example_dags/example_short_circuit_operator.py for tasks to queue
[2024-03-19T09:52:59.302+0000] {logging_mixin.py:188} INFO - [2024-03-19T09:52:59.302+0000] {dagbag.py:540} INFO - Filling up the DagBag from /home/airflow/.local/lib/python3.8/site-packages/airflow/example_dags/example_short_circuit_operator.py
[2024-03-19T09:52:59.316+0000] {processor.py:840} INFO - DAG(s) 'example_short_circuit_operator' retrieved from /home/airflow/.local/lib/python3.8/site-packages/airflow/example_dags/example_short_circuit_operator.py
[2024-03-19T09:52:59.386+0000] {logging_mixin.py:188} INFO - [2024-03-19T09:52:59.385+0000] {dag.py:3047} INFO - Sync 1 DAGs
[2024-03-19T09:52:59.432+0000] {logging_mixin.py:188} INFO - [2024-03-19T09:52:59.430+0000] {dag.py:3834} INFO - Setting next_dagrun for example_short_circuit_operator to 2024-03-18 00:00:00+00:00, run_after=2024-03-19 00:00:00+00:00
[2024-03-19T09:52:59.471+0000] {processor.py:183} INFO - Processing /home/airflow/.local/lib/python3.8/site-packages/airflow/example_dags/example_short_circuit_operator.py took 0.181 seconds
[2024-03-19T09:53:30.074+0000] {processor.py:161} INFO - Started process (PID=23726) to work on /home/airflow/.local/lib/python3.8/site-packages/airflow/example_dags/example_short_circuit_operator.py
[2024-03-19T09:53:30.077+0000] {processor.py:830} INFO - Processing file /home/airflow/.local/lib/python3.8/site-packages/airflow/example_dags/example_short_circuit_operator.py for tasks to queue
[2024-03-19T09:53:30.082+0000] {logging_mixin.py:188} INFO - [2024-03-19T09:53:30.081+0000] {dagbag.py:540} INFO - Filling up the DagBag from /home/airflow/.local/lib/python3.8/site-packages/airflow/example_dags/example_short_circuit_operator.py
[2024-03-19T09:53:30.108+0000] {processor.py:840} INFO - DAG(s) 'example_short_circuit_operator' retrieved from /home/airflow/.local/lib/python3.8/site-packages/airflow/example_dags/example_short_circuit_operator.py
[2024-03-19T09:53:30.187+0000] {logging_mixin.py:188} INFO - [2024-03-19T09:53:30.187+0000] {dag.py:3047} INFO - Sync 1 DAGs
[2024-03-19T09:53:30.269+0000] {logging_mixin.py:188} INFO - [2024-03-19T09:53:30.269+0000] {dag.py:3834} INFO - Setting next_dagrun for example_short_circuit_operator to 2024-03-18 00:00:00+00:00, run_after=2024-03-19 00:00:00+00:00
[2024-03-19T09:53:30.318+0000] {processor.py:183} INFO - Processing /home/airflow/.local/lib/python3.8/site-packages/airflow/example_dags/example_short_circuit_operator.py took 0.251 seconds
[2024-03-19T09:54:01.113+0000] {processor.py:161} INFO - Started process (PID=23782) to work on /home/airflow/.local/lib/python3.8/site-packages/airflow/example_dags/example_short_circuit_operator.py
[2024-03-19T09:54:01.115+0000] {processor.py:830} INFO - Processing file /home/airflow/.local/lib/python3.8/site-packages/airflow/example_dags/example_short_circuit_operator.py for tasks to queue
[2024-03-19T09:54:01.118+0000] {logging_mixin.py:188} INFO - [2024-03-19T09:54:01.118+0000] {dagbag.py:540} INFO - Filling up the DagBag from /home/airflow/.local/lib/python3.8/site-packages/airflow/example_dags/example_short_circuit_operator.py
[2024-03-19T09:54:01.133+0000] {processor.py:840} INFO - DAG(s) 'example_short_circuit_operator' retrieved from /home/airflow/.local/lib/python3.8/site-packages/airflow/example_dags/example_short_circuit_operator.py
[2024-03-19T09:54:01.187+0000] {logging_mixin.py:188} INFO - [2024-03-19T09:54:01.187+0000] {dag.py:3047} INFO - Sync 1 DAGs
[2024-03-19T09:54:01.221+0000] {logging_mixin.py:188} INFO - [2024-03-19T09:54:01.221+0000] {dag.py:3834} INFO - Setting next_dagrun for example_short_circuit_operator to 2024-03-18 00:00:00+00:00, run_after=2024-03-19 00:00:00+00:00
[2024-03-19T09:54:01.277+0000] {processor.py:183} INFO - Processing /home/airflow/.local/lib/python3.8/site-packages/airflow/example_dags/example_short_circuit_operator.py took 0.170 seconds
[2024-03-19T09:54:31.859+0000] {processor.py:161} INFO - Started process (PID=23835) to work on /home/airflow/.local/lib/python3.8/site-packages/airflow/example_dags/example_short_circuit_operator.py
[2024-03-19T09:54:31.861+0000] {processor.py:830} INFO - Processing file /home/airflow/.local/lib/python3.8/site-packages/airflow/example_dags/example_short_circuit_operator.py for tasks to queue
[2024-03-19T09:54:31.862+0000] {logging_mixin.py:188} INFO - [2024-03-19T09:54:31.862+0000] {dagbag.py:540} INFO - Filling up the DagBag from /home/airflow/.local/lib/python3.8/site-packages/airflow/example_dags/example_short_circuit_operator.py
[2024-03-19T09:54:31.871+0000] {processor.py:840} INFO - DAG(s) 'example_short_circuit_operator' retrieved from /home/airflow/.local/lib/python3.8/site-packages/airflow/example_dags/example_short_circuit_operator.py
[2024-03-19T09:54:31.903+0000] {logging_mixin.py:188} INFO - [2024-03-19T09:54:31.902+0000] {dag.py:3047} INFO - Sync 1 DAGs
[2024-03-19T09:54:31.930+0000] {logging_mixin.py:188} INFO - [2024-03-19T09:54:31.930+0000] {dag.py:3834} INFO - Setting next_dagrun for example_short_circuit_operator to 2024-03-18 00:00:00+00:00, run_after=2024-03-19 00:00:00+00:00
[2024-03-19T09:54:31.954+0000] {processor.py:183} INFO - Processing /home/airflow/.local/lib/python3.8/site-packages/airflow/example_dags/example_short_circuit_operator.py took 0.099 seconds
[2024-03-19T09:55:02.975+0000] {processor.py:161} INFO - Started process (PID=23890) to work on /home/airflow/.local/lib/python3.8/site-packages/airflow/example_dags/example_short_circuit_operator.py
[2024-03-19T09:55:02.978+0000] {processor.py:830} INFO - Processing file /home/airflow/.local/lib/python3.8/site-packages/airflow/example_dags/example_short_circuit_operator.py for tasks to queue
[2024-03-19T09:55:02.980+0000] {logging_mixin.py:188} INFO - [2024-03-19T09:55:02.979+0000] {dagbag.py:540} INFO - Filling up the DagBag from /home/airflow/.local/lib/python3.8/site-packages/airflow/example_dags/example_short_circuit_operator.py
[2024-03-19T09:55:02.991+0000] {processor.py:840} INFO - DAG(s) 'example_short_circuit_operator' retrieved from /home/airflow/.local/lib/python3.8/site-packages/airflow/example_dags/example_short_circuit_operator.py
[2024-03-19T09:55:03.031+0000] {logging_mixin.py:188} INFO - [2024-03-19T09:55:03.030+0000] {dag.py:3047} INFO - Sync 1 DAGs
[2024-03-19T09:55:03.063+0000] {logging_mixin.py:188} INFO - [2024-03-19T09:55:03.062+0000] {dag.py:3834} INFO - Setting next_dagrun for example_short_circuit_operator to 2024-03-18 00:00:00+00:00, run_after=2024-03-19 00:00:00+00:00
[2024-03-19T09:55:03.102+0000] {processor.py:183} INFO - Processing /home/airflow/.local/lib/python3.8/site-packages/airflow/example_dags/example_short_circuit_operator.py took 0.130 seconds
[2024-03-19T09:55:33.540+0000] {processor.py:161} INFO - Started process (PID=23945) to work on /home/airflow/.local/lib/python3.8/site-packages/airflow/example_dags/example_short_circuit_operator.py
[2024-03-19T09:55:33.542+0000] {processor.py:830} INFO - Processing file /home/airflow/.local/lib/python3.8/site-packages/airflow/example_dags/example_short_circuit_operator.py for tasks to queue
[2024-03-19T09:55:33.543+0000] {logging_mixin.py:188} INFO - [2024-03-19T09:55:33.543+0000] {dagbag.py:540} INFO - Filling up the DagBag from /home/airflow/.local/lib/python3.8/site-packages/airflow/example_dags/example_short_circuit_operator.py
[2024-03-19T09:55:33.553+0000] {processor.py:840} INFO - DAG(s) 'example_short_circuit_operator' retrieved from /home/airflow/.local/lib/python3.8/site-packages/airflow/example_dags/example_short_circuit_operator.py
[2024-03-19T09:55:33.595+0000] {logging_mixin.py:188} INFO - [2024-03-19T09:55:33.594+0000] {dag.py:3047} INFO - Sync 1 DAGs
[2024-03-19T09:55:33.631+0000] {logging_mixin.py:188} INFO - [2024-03-19T09:55:33.631+0000] {dag.py:3834} INFO - Setting next_dagrun for example_short_circuit_operator to 2024-03-18 00:00:00+00:00, run_after=2024-03-19 00:00:00+00:00
[2024-03-19T09:55:33.656+0000] {processor.py:183} INFO - Processing /home/airflow/.local/lib/python3.8/site-packages/airflow/example_dags/example_short_circuit_operator.py took 0.120 seconds
[2024-03-19T09:56:04.215+0000] {processor.py:161} INFO - Started process (PID=24000) to work on /home/airflow/.local/lib/python3.8/site-packages/airflow/example_dags/example_short_circuit_operator.py
[2024-03-19T09:56:04.218+0000] {processor.py:830} INFO - Processing file /home/airflow/.local/lib/python3.8/site-packages/airflow/example_dags/example_short_circuit_operator.py for tasks to queue
[2024-03-19T09:56:04.219+0000] {logging_mixin.py:188} INFO - [2024-03-19T09:56:04.219+0000] {dagbag.py:540} INFO - Filling up the DagBag from /home/airflow/.local/lib/python3.8/site-packages/airflow/example_dags/example_short_circuit_operator.py
[2024-03-19T09:56:04.228+0000] {processor.py:840} INFO - DAG(s) 'example_short_circuit_operator' retrieved from /home/airflow/.local/lib/python3.8/site-packages/airflow/example_dags/example_short_circuit_operator.py
[2024-03-19T09:56:04.259+0000] {logging_mixin.py:188} INFO - [2024-03-19T09:56:04.259+0000] {dag.py:3047} INFO - Sync 1 DAGs
[2024-03-19T09:56:04.283+0000] {logging_mixin.py:188} INFO - [2024-03-19T09:56:04.283+0000] {dag.py:3834} INFO - Setting next_dagrun for example_short_circuit_operator to 2024-03-18 00:00:00+00:00, run_after=2024-03-19 00:00:00+00:00
[2024-03-19T09:56:04.312+0000] {processor.py:183} INFO - Processing /home/airflow/.local/lib/python3.8/site-packages/airflow/example_dags/example_short_circuit_operator.py took 0.101 seconds
[2024-03-19T09:56:34.596+0000] {processor.py:161} INFO - Started process (PID=24055) to work on /home/airflow/.local/lib/python3.8/site-packages/airflow/example_dags/example_short_circuit_operator.py
[2024-03-19T09:56:34.599+0000] {processor.py:830} INFO - Processing file /home/airflow/.local/lib/python3.8/site-packages/airflow/example_dags/example_short_circuit_operator.py for tasks to queue
[2024-03-19T09:56:34.601+0000] {logging_mixin.py:188} INFO - [2024-03-19T09:56:34.600+0000] {dagbag.py:540} INFO - Filling up the DagBag from /home/airflow/.local/lib/python3.8/site-packages/airflow/example_dags/example_short_circuit_operator.py
[2024-03-19T09:56:34.614+0000] {processor.py:840} INFO - DAG(s) 'example_short_circuit_operator' retrieved from /home/airflow/.local/lib/python3.8/site-packages/airflow/example_dags/example_short_circuit_operator.py
[2024-03-19T09:56:34.651+0000] {logging_mixin.py:188} INFO - [2024-03-19T09:56:34.650+0000] {dag.py:3047} INFO - Sync 1 DAGs
[2024-03-19T09:56:34.676+0000] {logging_mixin.py:188} INFO - [2024-03-19T09:56:34.676+0000] {dag.py:3834} INFO - Setting next_dagrun for example_short_circuit_operator to 2024-03-18 00:00:00+00:00, run_after=2024-03-19 00:00:00+00:00
[2024-03-19T09:56:34.706+0000] {processor.py:183} INFO - Processing /home/airflow/.local/lib/python3.8/site-packages/airflow/example_dags/example_short_circuit_operator.py took 0.114 seconds
[2024-03-19T09:57:05.438+0000] {processor.py:161} INFO - Started process (PID=24110) to work on /home/airflow/.local/lib/python3.8/site-packages/airflow/example_dags/example_short_circuit_operator.py
[2024-03-19T09:57:05.440+0000] {processor.py:830} INFO - Processing file /home/airflow/.local/lib/python3.8/site-packages/airflow/example_dags/example_short_circuit_operator.py for tasks to queue
[2024-03-19T09:57:05.442+0000] {logging_mixin.py:188} INFO - [2024-03-19T09:57:05.441+0000] {dagbag.py:540} INFO - Filling up the DagBag from /home/airflow/.local/lib/python3.8/site-packages/airflow/example_dags/example_short_circuit_operator.py
[2024-03-19T09:57:05.453+0000] {processor.py:840} INFO - DAG(s) 'example_short_circuit_operator' retrieved from /home/airflow/.local/lib/python3.8/site-packages/airflow/example_dags/example_short_circuit_operator.py
[2024-03-19T09:57:05.495+0000] {logging_mixin.py:188} INFO - [2024-03-19T09:57:05.494+0000] {dag.py:3047} INFO - Sync 1 DAGs
[2024-03-19T09:57:05.530+0000] {logging_mixin.py:188} INFO - [2024-03-19T09:57:05.529+0000] {dag.py:3834} INFO - Setting next_dagrun for example_short_circuit_operator to 2024-03-18 00:00:00+00:00, run_after=2024-03-19 00:00:00+00:00
[2024-03-19T09:57:05.566+0000] {processor.py:183} INFO - Processing /home/airflow/.local/lib/python3.8/site-packages/airflow/example_dags/example_short_circuit_operator.py took 0.134 seconds
