[2024-03-19T09:44:30.369+0000] {processor.py:161} INFO - Started process (PID=22802) to work on /home/airflow/.local/lib/python3.8/site-packages/airflow/example_dags/example_dynamic_task_mapping.py
[2024-03-19T09:44:30.371+0000] {processor.py:830} INFO - Processing file /home/airflow/.local/lib/python3.8/site-packages/airflow/example_dags/example_dynamic_task_mapping.py for tasks to queue
[2024-03-19T09:44:30.373+0000] {logging_mixin.py:188} INFO - [2024-03-19T09:44:30.372+0000] {dagbag.py:540} INFO - Filling up the DagBag from /home/airflow/.local/lib/python3.8/site-packages/airflow/example_dags/example_dynamic_task_mapping.py
[2024-03-19T09:44:30.384+0000] {processor.py:840} INFO - DAG(s) 'example_dynamic_task_mapping' retrieved from /home/airflow/.local/lib/python3.8/site-packages/airflow/example_dags/example_dynamic_task_mapping.py
[2024-03-19T09:44:30.418+0000] {logging_mixin.py:188} INFO - [2024-03-19T09:44:30.418+0000] {dag.py:3047} INFO - Sync 1 DAGs
[2024-03-19T09:44:30.451+0000] {logging_mixin.py:188} INFO - [2024-03-19T09:44:30.450+0000] {dag.py:3834} INFO - Setting next_dagrun for example_dynamic_task_mapping to 2022-03-04 00:00:00+00:00, run_after=2022-03-05 00:00:00+00:00
[2024-03-19T09:44:30.478+0000] {processor.py:183} INFO - Processing /home/airflow/.local/lib/python3.8/site-packages/airflow/example_dags/example_dynamic_task_mapping.py took 0.113 seconds
[2024-03-19T09:45:00.765+0000] {processor.py:161} INFO - Started process (PID=22857) to work on /home/airflow/.local/lib/python3.8/site-packages/airflow/example_dags/example_dynamic_task_mapping.py
[2024-03-19T09:45:00.767+0000] {processor.py:830} INFO - Processing file /home/airflow/.local/lib/python3.8/site-packages/airflow/example_dags/example_dynamic_task_mapping.py for tasks to queue
[2024-03-19T09:45:00.769+0000] {logging_mixin.py:188} INFO - [2024-03-19T09:45:00.768+0000] {dagbag.py:540} INFO - Filling up the DagBag from /home/airflow/.local/lib/python3.8/site-packages/airflow/example_dags/example_dynamic_task_mapping.py
[2024-03-19T09:45:00.779+0000] {processor.py:840} INFO - DAG(s) 'example_dynamic_task_mapping' retrieved from /home/airflow/.local/lib/python3.8/site-packages/airflow/example_dags/example_dynamic_task_mapping.py
[2024-03-19T09:45:00.809+0000] {logging_mixin.py:188} INFO - [2024-03-19T09:45:00.808+0000] {dag.py:3047} INFO - Sync 1 DAGs
[2024-03-19T09:45:00.839+0000] {logging_mixin.py:188} INFO - [2024-03-19T09:45:00.839+0000] {dag.py:3834} INFO - Setting next_dagrun for example_dynamic_task_mapping to 2022-03-04 00:00:00+00:00, run_after=2022-03-05 00:00:00+00:00
[2024-03-19T09:45:00.862+0000] {processor.py:183} INFO - Processing /home/airflow/.local/lib/python3.8/site-packages/airflow/example_dags/example_dynamic_task_mapping.py took 0.102 seconds
[2024-03-19T09:45:44.095+0000] {processor.py:161} INFO - Started process (PID=22912) to work on /home/airflow/.local/lib/python3.8/site-packages/airflow/example_dags/example_dynamic_task_mapping.py
[2024-03-19T09:45:44.102+0000] {processor.py:830} INFO - Processing file /home/airflow/.local/lib/python3.8/site-packages/airflow/example_dags/example_dynamic_task_mapping.py for tasks to queue
[2024-03-19T09:45:44.108+0000] {logging_mixin.py:188} INFO - [2024-03-19T09:45:44.107+0000] {dagbag.py:540} INFO - Filling up the DagBag from /home/airflow/.local/lib/python3.8/site-packages/airflow/example_dags/example_dynamic_task_mapping.py
[2024-03-19T09:45:44.133+0000] {processor.py:840} INFO - DAG(s) 'example_dynamic_task_mapping' retrieved from /home/airflow/.local/lib/python3.8/site-packages/airflow/example_dags/example_dynamic_task_mapping.py
[2024-03-19T09:45:44.245+0000] {logging_mixin.py:188} INFO - [2024-03-19T09:45:44.244+0000] {dag.py:3047} INFO - Sync 1 DAGs
[2024-03-19T09:45:44.490+0000] {logging_mixin.py:188} INFO - [2024-03-19T09:45:44.489+0000] {dag.py:3834} INFO - Setting next_dagrun for example_dynamic_task_mapping to 2022-03-04 00:00:00+00:00, run_after=2022-03-05 00:00:00+00:00
[2024-03-19T09:45:44.548+0000] {processor.py:183} INFO - Processing /home/airflow/.local/lib/python3.8/site-packages/airflow/example_dags/example_dynamic_task_mapping.py took 0.461 seconds
[2024-03-19T09:46:18.014+0000] {processor.py:161} INFO - Started process (PID=22967) to work on /home/airflow/.local/lib/python3.8/site-packages/airflow/example_dags/example_dynamic_task_mapping.py
[2024-03-19T09:46:18.016+0000] {processor.py:830} INFO - Processing file /home/airflow/.local/lib/python3.8/site-packages/airflow/example_dags/example_dynamic_task_mapping.py for tasks to queue
[2024-03-19T09:46:18.019+0000] {logging_mixin.py:188} INFO - [2024-03-19T09:46:18.018+0000] {dagbag.py:540} INFO - Filling up the DagBag from /home/airflow/.local/lib/python3.8/site-packages/airflow/example_dags/example_dynamic_task_mapping.py
[2024-03-19T09:46:18.036+0000] {processor.py:840} INFO - DAG(s) 'example_dynamic_task_mapping' retrieved from /home/airflow/.local/lib/python3.8/site-packages/airflow/example_dags/example_dynamic_task_mapping.py
[2024-03-19T09:46:18.103+0000] {logging_mixin.py:188} INFO - [2024-03-19T09:46:18.102+0000] {dag.py:3047} INFO - Sync 1 DAGs
[2024-03-19T09:46:18.232+0000] {logging_mixin.py:188} INFO - [2024-03-19T09:46:18.232+0000] {dag.py:3834} INFO - Setting next_dagrun for example_dynamic_task_mapping to 2022-03-04 00:00:00+00:00, run_after=2022-03-05 00:00:00+00:00
[2024-03-19T09:46:18.308+0000] {processor.py:183} INFO - Processing /home/airflow/.local/lib/python3.8/site-packages/airflow/example_dags/example_dynamic_task_mapping.py took 0.300 seconds
[2024-03-19T09:46:49.256+0000] {processor.py:161} INFO - Started process (PID=23022) to work on /home/airflow/.local/lib/python3.8/site-packages/airflow/example_dags/example_dynamic_task_mapping.py
[2024-03-19T09:46:49.258+0000] {processor.py:830} INFO - Processing file /home/airflow/.local/lib/python3.8/site-packages/airflow/example_dags/example_dynamic_task_mapping.py for tasks to queue
[2024-03-19T09:46:49.261+0000] {logging_mixin.py:188} INFO - [2024-03-19T09:46:49.260+0000] {dagbag.py:540} INFO - Filling up the DagBag from /home/airflow/.local/lib/python3.8/site-packages/airflow/example_dags/example_dynamic_task_mapping.py
[2024-03-19T09:46:49.271+0000] {processor.py:840} INFO - DAG(s) 'example_dynamic_task_mapping' retrieved from /home/airflow/.local/lib/python3.8/site-packages/airflow/example_dags/example_dynamic_task_mapping.py
[2024-03-19T09:46:49.300+0000] {logging_mixin.py:188} INFO - [2024-03-19T09:46:49.300+0000] {dag.py:3047} INFO - Sync 1 DAGs
[2024-03-19T09:46:49.325+0000] {logging_mixin.py:188} INFO - [2024-03-19T09:46:49.325+0000] {dag.py:3834} INFO - Setting next_dagrun for example_dynamic_task_mapping to 2022-03-04 00:00:00+00:00, run_after=2022-03-05 00:00:00+00:00
[2024-03-19T09:46:49.351+0000] {processor.py:183} INFO - Processing /home/airflow/.local/lib/python3.8/site-packages/airflow/example_dags/example_dynamic_task_mapping.py took 0.101 seconds
[2024-03-19T09:47:20.963+0000] {processor.py:161} INFO - Started process (PID=23075) to work on /home/airflow/.local/lib/python3.8/site-packages/airflow/example_dags/example_dynamic_task_mapping.py
[2024-03-19T09:47:20.967+0000] {processor.py:830} INFO - Processing file /home/airflow/.local/lib/python3.8/site-packages/airflow/example_dags/example_dynamic_task_mapping.py for tasks to queue
[2024-03-19T09:47:20.970+0000] {logging_mixin.py:188} INFO - [2024-03-19T09:47:20.969+0000] {dagbag.py:540} INFO - Filling up the DagBag from /home/airflow/.local/lib/python3.8/site-packages/airflow/example_dags/example_dynamic_task_mapping.py
[2024-03-19T09:47:20.991+0000] {processor.py:840} INFO - DAG(s) 'example_dynamic_task_mapping' retrieved from /home/airflow/.local/lib/python3.8/site-packages/airflow/example_dags/example_dynamic_task_mapping.py
[2024-03-19T09:47:21.071+0000] {logging_mixin.py:188} INFO - [2024-03-19T09:47:21.070+0000] {dag.py:3047} INFO - Sync 1 DAGs
[2024-03-19T09:47:21.121+0000] {logging_mixin.py:188} INFO - [2024-03-19T09:47:21.121+0000] {dag.py:3834} INFO - Setting next_dagrun for example_dynamic_task_mapping to 2022-03-04 00:00:00+00:00, run_after=2022-03-05 00:00:00+00:00
[2024-03-19T09:47:21.151+0000] {processor.py:183} INFO - Processing /home/airflow/.local/lib/python3.8/site-packages/airflow/example_dags/example_dynamic_task_mapping.py took 0.195 seconds
[2024-03-19T09:47:51.614+0000] {processor.py:161} INFO - Started process (PID=23130) to work on /home/airflow/.local/lib/python3.8/site-packages/airflow/example_dags/example_dynamic_task_mapping.py
[2024-03-19T09:47:51.616+0000] {processor.py:830} INFO - Processing file /home/airflow/.local/lib/python3.8/site-packages/airflow/example_dags/example_dynamic_task_mapping.py for tasks to queue
[2024-03-19T09:47:51.618+0000] {logging_mixin.py:188} INFO - [2024-03-19T09:47:51.618+0000] {dagbag.py:540} INFO - Filling up the DagBag from /home/airflow/.local/lib/python3.8/site-packages/airflow/example_dags/example_dynamic_task_mapping.py
[2024-03-19T09:47:51.636+0000] {processor.py:840} INFO - DAG(s) 'example_dynamic_task_mapping' retrieved from /home/airflow/.local/lib/python3.8/site-packages/airflow/example_dags/example_dynamic_task_mapping.py
[2024-03-19T09:47:51.679+0000] {logging_mixin.py:188} INFO - [2024-03-19T09:47:51.679+0000] {dag.py:3047} INFO - Sync 1 DAGs
[2024-03-19T09:47:51.725+0000] {logging_mixin.py:188} INFO - [2024-03-19T09:47:51.724+0000] {dag.py:3834} INFO - Setting next_dagrun for example_dynamic_task_mapping to 2022-03-04 00:00:00+00:00, run_after=2022-03-05 00:00:00+00:00
[2024-03-19T09:47:51.762+0000] {processor.py:183} INFO - Processing /home/airflow/.local/lib/python3.8/site-packages/airflow/example_dags/example_dynamic_task_mapping.py took 0.154 seconds
[2024-03-19T09:48:21.873+0000] {processor.py:161} INFO - Started process (PID=23185) to work on /home/airflow/.local/lib/python3.8/site-packages/airflow/example_dags/example_dynamic_task_mapping.py
[2024-03-19T09:48:21.876+0000] {processor.py:830} INFO - Processing file /home/airflow/.local/lib/python3.8/site-packages/airflow/example_dags/example_dynamic_task_mapping.py for tasks to queue
[2024-03-19T09:48:21.879+0000] {logging_mixin.py:188} INFO - [2024-03-19T09:48:21.878+0000] {dagbag.py:540} INFO - Filling up the DagBag from /home/airflow/.local/lib/python3.8/site-packages/airflow/example_dags/example_dynamic_task_mapping.py
[2024-03-19T09:48:21.893+0000] {processor.py:840} INFO - DAG(s) 'example_dynamic_task_mapping' retrieved from /home/airflow/.local/lib/python3.8/site-packages/airflow/example_dags/example_dynamic_task_mapping.py
[2024-03-19T09:48:21.938+0000] {logging_mixin.py:188} INFO - [2024-03-19T09:48:21.937+0000] {dag.py:3047} INFO - Sync 1 DAGs
[2024-03-19T09:48:21.980+0000] {logging_mixin.py:188} INFO - [2024-03-19T09:48:21.980+0000] {dag.py:3834} INFO - Setting next_dagrun for example_dynamic_task_mapping to 2022-03-04 00:00:00+00:00, run_after=2022-03-05 00:00:00+00:00
[2024-03-19T09:48:22.017+0000] {processor.py:183} INFO - Processing /home/airflow/.local/lib/python3.8/site-packages/airflow/example_dags/example_dynamic_task_mapping.py took 0.153 seconds
[2024-03-19T09:48:54.812+0000] {processor.py:161} INFO - Started process (PID=23240) to work on /home/airflow/.local/lib/python3.8/site-packages/airflow/example_dags/example_dynamic_task_mapping.py
[2024-03-19T09:48:54.826+0000] {processor.py:830} INFO - Processing file /home/airflow/.local/lib/python3.8/site-packages/airflow/example_dags/example_dynamic_task_mapping.py for tasks to queue
[2024-03-19T09:48:54.828+0000] {logging_mixin.py:188} INFO - [2024-03-19T09:48:54.827+0000] {dagbag.py:540} INFO - Filling up the DagBag from /home/airflow/.local/lib/python3.8/site-packages/airflow/example_dags/example_dynamic_task_mapping.py
[2024-03-19T09:48:54.993+0000] {processor.py:840} INFO - DAG(s) 'example_dynamic_task_mapping' retrieved from /home/airflow/.local/lib/python3.8/site-packages/airflow/example_dags/example_dynamic_task_mapping.py
[2024-03-19T09:48:55.092+0000] {logging_mixin.py:188} INFO - [2024-03-19T09:48:55.092+0000] {dag.py:3047} INFO - Sync 1 DAGs
[2024-03-19T09:48:55.183+0000] {logging_mixin.py:188} INFO - [2024-03-19T09:48:55.182+0000] {dag.py:3834} INFO - Setting next_dagrun for example_dynamic_task_mapping to 2022-03-04 00:00:00+00:00, run_after=2022-03-05 00:00:00+00:00
[2024-03-19T09:48:55.264+0000] {processor.py:183} INFO - Processing /home/airflow/.local/lib/python3.8/site-packages/airflow/example_dags/example_dynamic_task_mapping.py took 0.460 seconds
[2024-03-19T09:49:25.980+0000] {processor.py:161} INFO - Started process (PID=23295) to work on /home/airflow/.local/lib/python3.8/site-packages/airflow/example_dags/example_dynamic_task_mapping.py
[2024-03-19T09:49:25.983+0000] {processor.py:830} INFO - Processing file /home/airflow/.local/lib/python3.8/site-packages/airflow/example_dags/example_dynamic_task_mapping.py for tasks to queue
[2024-03-19T09:49:25.985+0000] {logging_mixin.py:188} INFO - [2024-03-19T09:49:25.984+0000] {dagbag.py:540} INFO - Filling up the DagBag from /home/airflow/.local/lib/python3.8/site-packages/airflow/example_dags/example_dynamic_task_mapping.py
[2024-03-19T09:49:25.992+0000] {processor.py:840} INFO - DAG(s) 'example_dynamic_task_mapping' retrieved from /home/airflow/.local/lib/python3.8/site-packages/airflow/example_dags/example_dynamic_task_mapping.py
[2024-03-19T09:49:26.035+0000] {logging_mixin.py:188} INFO - [2024-03-19T09:49:26.034+0000] {dag.py:3047} INFO - Sync 1 DAGs
[2024-03-19T09:49:26.062+0000] {logging_mixin.py:188} INFO - [2024-03-19T09:49:26.061+0000] {dag.py:3834} INFO - Setting next_dagrun for example_dynamic_task_mapping to 2022-03-04 00:00:00+00:00, run_after=2022-03-05 00:00:00+00:00
[2024-03-19T09:49:26.121+0000] {processor.py:183} INFO - Processing /home/airflow/.local/lib/python3.8/site-packages/airflow/example_dags/example_dynamic_task_mapping.py took 0.145 seconds
[2024-03-19T09:49:56.709+0000] {processor.py:161} INFO - Started process (PID=23349) to work on /home/airflow/.local/lib/python3.8/site-packages/airflow/example_dags/example_dynamic_task_mapping.py
[2024-03-19T09:49:56.711+0000] {processor.py:830} INFO - Processing file /home/airflow/.local/lib/python3.8/site-packages/airflow/example_dags/example_dynamic_task_mapping.py for tasks to queue
[2024-03-19T09:49:56.714+0000] {logging_mixin.py:188} INFO - [2024-03-19T09:49:56.714+0000] {dagbag.py:540} INFO - Filling up the DagBag from /home/airflow/.local/lib/python3.8/site-packages/airflow/example_dags/example_dynamic_task_mapping.py
[2024-03-19T09:49:56.738+0000] {processor.py:840} INFO - DAG(s) 'example_dynamic_task_mapping' retrieved from /home/airflow/.local/lib/python3.8/site-packages/airflow/example_dags/example_dynamic_task_mapping.py
[2024-03-19T09:49:56.808+0000] {logging_mixin.py:188} INFO - [2024-03-19T09:49:56.807+0000] {dag.py:3047} INFO - Sync 1 DAGs
[2024-03-19T09:49:56.896+0000] {logging_mixin.py:188} INFO - [2024-03-19T09:49:56.895+0000] {dag.py:3834} INFO - Setting next_dagrun for example_dynamic_task_mapping to 2022-03-04 00:00:00+00:00, run_after=2022-03-05 00:00:00+00:00
[2024-03-19T09:49:56.945+0000] {processor.py:183} INFO - Processing /home/airflow/.local/lib/python3.8/site-packages/airflow/example_dags/example_dynamic_task_mapping.py took 0.247 seconds
[2024-03-19T09:50:27.398+0000] {processor.py:161} INFO - Started process (PID=23404) to work on /home/airflow/.local/lib/python3.8/site-packages/airflow/example_dags/example_dynamic_task_mapping.py
[2024-03-19T09:50:27.417+0000] {processor.py:830} INFO - Processing file /home/airflow/.local/lib/python3.8/site-packages/airflow/example_dags/example_dynamic_task_mapping.py for tasks to queue
[2024-03-19T09:50:27.420+0000] {logging_mixin.py:188} INFO - [2024-03-19T09:50:27.419+0000] {dagbag.py:540} INFO - Filling up the DagBag from /home/airflow/.local/lib/python3.8/site-packages/airflow/example_dags/example_dynamic_task_mapping.py
[2024-03-19T09:50:27.459+0000] {processor.py:840} INFO - DAG(s) 'example_dynamic_task_mapping' retrieved from /home/airflow/.local/lib/python3.8/site-packages/airflow/example_dags/example_dynamic_task_mapping.py
[2024-03-19T09:50:27.741+0000] {logging_mixin.py:188} INFO - [2024-03-19T09:50:27.740+0000] {dag.py:3047} INFO - Sync 1 DAGs
[2024-03-19T09:50:27.855+0000] {logging_mixin.py:188} INFO - [2024-03-19T09:50:27.854+0000] {dag.py:3834} INFO - Setting next_dagrun for example_dynamic_task_mapping to 2022-03-04 00:00:00+00:00, run_after=2022-03-05 00:00:00+00:00
[2024-03-19T09:50:27.980+0000] {processor.py:183} INFO - Processing /home/airflow/.local/lib/python3.8/site-packages/airflow/example_dags/example_dynamic_task_mapping.py took 0.621 seconds
[2024-03-19T09:51:03.499+0000] {processor.py:161} INFO - Started process (PID=23460) to work on /home/airflow/.local/lib/python3.8/site-packages/airflow/example_dags/example_dynamic_task_mapping.py
[2024-03-19T09:51:03.504+0000] {processor.py:830} INFO - Processing file /home/airflow/.local/lib/python3.8/site-packages/airflow/example_dags/example_dynamic_task_mapping.py for tasks to queue
[2024-03-19T09:51:03.508+0000] {logging_mixin.py:188} INFO - [2024-03-19T09:51:03.507+0000] {dagbag.py:540} INFO - Filling up the DagBag from /home/airflow/.local/lib/python3.8/site-packages/airflow/example_dags/example_dynamic_task_mapping.py
[2024-03-19T09:51:03.558+0000] {processor.py:840} INFO - DAG(s) 'example_dynamic_task_mapping' retrieved from /home/airflow/.local/lib/python3.8/site-packages/airflow/example_dags/example_dynamic_task_mapping.py
[2024-03-19T09:51:03.860+0000] {logging_mixin.py:188} INFO - [2024-03-19T09:51:03.860+0000] {dag.py:3047} INFO - Sync 1 DAGs
[2024-03-19T09:51:04.016+0000] {logging_mixin.py:188} INFO - [2024-03-19T09:51:04.015+0000] {dag.py:3834} INFO - Setting next_dagrun for example_dynamic_task_mapping to 2022-03-04 00:00:00+00:00, run_after=2022-03-05 00:00:00+00:00
[2024-03-19T09:51:04.497+0000] {processor.py:183} INFO - Processing /home/airflow/.local/lib/python3.8/site-packages/airflow/example_dags/example_dynamic_task_mapping.py took 1.005 seconds
[2024-03-19T09:51:34.967+0000] {processor.py:161} INFO - Started process (PID=23513) to work on /home/airflow/.local/lib/python3.8/site-packages/airflow/example_dags/example_dynamic_task_mapping.py
[2024-03-19T09:51:34.969+0000] {processor.py:830} INFO - Processing file /home/airflow/.local/lib/python3.8/site-packages/airflow/example_dags/example_dynamic_task_mapping.py for tasks to queue
[2024-03-19T09:51:34.971+0000] {logging_mixin.py:188} INFO - [2024-03-19T09:51:34.970+0000] {dagbag.py:540} INFO - Filling up the DagBag from /home/airflow/.local/lib/python3.8/site-packages/airflow/example_dags/example_dynamic_task_mapping.py
[2024-03-19T09:51:34.984+0000] {processor.py:840} INFO - DAG(s) 'example_dynamic_task_mapping' retrieved from /home/airflow/.local/lib/python3.8/site-packages/airflow/example_dags/example_dynamic_task_mapping.py
[2024-03-19T09:51:35.034+0000] {logging_mixin.py:188} INFO - [2024-03-19T09:51:35.033+0000] {dag.py:3047} INFO - Sync 1 DAGs
[2024-03-19T09:51:35.073+0000] {logging_mixin.py:188} INFO - [2024-03-19T09:51:35.072+0000] {dag.py:3834} INFO - Setting next_dagrun for example_dynamic_task_mapping to 2022-03-04 00:00:00+00:00, run_after=2022-03-05 00:00:00+00:00
[2024-03-19T09:51:35.106+0000] {processor.py:183} INFO - Processing /home/airflow/.local/lib/python3.8/site-packages/airflow/example_dags/example_dynamic_task_mapping.py took 0.148 seconds
[2024-03-19T09:52:06.226+0000] {processor.py:161} INFO - Started process (PID=23571) to work on /home/airflow/.local/lib/python3.8/site-packages/airflow/example_dags/example_dynamic_task_mapping.py
[2024-03-19T09:52:06.228+0000] {processor.py:830} INFO - Processing file /home/airflow/.local/lib/python3.8/site-packages/airflow/example_dags/example_dynamic_task_mapping.py for tasks to queue
[2024-03-19T09:52:06.229+0000] {logging_mixin.py:188} INFO - [2024-03-19T09:52:06.229+0000] {dagbag.py:540} INFO - Filling up the DagBag from /home/airflow/.local/lib/python3.8/site-packages/airflow/example_dags/example_dynamic_task_mapping.py
[2024-03-19T09:52:06.240+0000] {processor.py:840} INFO - DAG(s) 'example_dynamic_task_mapping' retrieved from /home/airflow/.local/lib/python3.8/site-packages/airflow/example_dags/example_dynamic_task_mapping.py
[2024-03-19T09:52:06.275+0000] {logging_mixin.py:188} INFO - [2024-03-19T09:52:06.275+0000] {dag.py:3047} INFO - Sync 1 DAGs
[2024-03-19T09:52:06.316+0000] {logging_mixin.py:188} INFO - [2024-03-19T09:52:06.315+0000] {dag.py:3834} INFO - Setting next_dagrun for example_dynamic_task_mapping to 2022-03-04 00:00:00+00:00, run_after=2022-03-05 00:00:00+00:00
[2024-03-19T09:52:06.347+0000] {processor.py:183} INFO - Processing /home/airflow/.local/lib/python3.8/site-packages/airflow/example_dags/example_dynamic_task_mapping.py took 0.129 seconds
[2024-03-19T09:52:37.456+0000] {processor.py:161} INFO - Started process (PID=23626) to work on /home/airflow/.local/lib/python3.8/site-packages/airflow/example_dags/example_dynamic_task_mapping.py
[2024-03-19T09:52:37.460+0000] {processor.py:830} INFO - Processing file /home/airflow/.local/lib/python3.8/site-packages/airflow/example_dags/example_dynamic_task_mapping.py for tasks to queue
[2024-03-19T09:52:37.464+0000] {logging_mixin.py:188} INFO - [2024-03-19T09:52:37.463+0000] {dagbag.py:540} INFO - Filling up the DagBag from /home/airflow/.local/lib/python3.8/site-packages/airflow/example_dags/example_dynamic_task_mapping.py
[2024-03-19T09:52:37.492+0000] {processor.py:840} INFO - DAG(s) 'example_dynamic_task_mapping' retrieved from /home/airflow/.local/lib/python3.8/site-packages/airflow/example_dags/example_dynamic_task_mapping.py
[2024-03-19T09:52:37.532+0000] {logging_mixin.py:188} INFO - [2024-03-19T09:52:37.531+0000] {dag.py:3047} INFO - Sync 1 DAGs
[2024-03-19T09:52:37.586+0000] {logging_mixin.py:188} INFO - [2024-03-19T09:52:37.585+0000] {dag.py:3834} INFO - Setting next_dagrun for example_dynamic_task_mapping to 2022-03-04 00:00:00+00:00, run_after=2022-03-05 00:00:00+00:00
[2024-03-19T09:52:37.632+0000] {processor.py:183} INFO - Processing /home/airflow/.local/lib/python3.8/site-packages/airflow/example_dags/example_dynamic_task_mapping.py took 0.183 seconds
[2024-03-19T09:53:08.243+0000] {processor.py:161} INFO - Started process (PID=23681) to work on /home/airflow/.local/lib/python3.8/site-packages/airflow/example_dags/example_dynamic_task_mapping.py
[2024-03-19T09:53:08.245+0000] {processor.py:830} INFO - Processing file /home/airflow/.local/lib/python3.8/site-packages/airflow/example_dags/example_dynamic_task_mapping.py for tasks to queue
[2024-03-19T09:53:08.248+0000] {logging_mixin.py:188} INFO - [2024-03-19T09:53:08.247+0000] {dagbag.py:540} INFO - Filling up the DagBag from /home/airflow/.local/lib/python3.8/site-packages/airflow/example_dags/example_dynamic_task_mapping.py
[2024-03-19T09:53:08.260+0000] {processor.py:840} INFO - DAG(s) 'example_dynamic_task_mapping' retrieved from /home/airflow/.local/lib/python3.8/site-packages/airflow/example_dags/example_dynamic_task_mapping.py
[2024-03-19T09:53:08.289+0000] {logging_mixin.py:188} INFO - [2024-03-19T09:53:08.289+0000] {dag.py:3047} INFO - Sync 1 DAGs
[2024-03-19T09:53:08.325+0000] {logging_mixin.py:188} INFO - [2024-03-19T09:53:08.324+0000] {dag.py:3834} INFO - Setting next_dagrun for example_dynamic_task_mapping to 2022-03-04 00:00:00+00:00, run_after=2022-03-05 00:00:00+00:00
[2024-03-19T09:53:08.353+0000] {processor.py:183} INFO - Processing /home/airflow/.local/lib/python3.8/site-packages/airflow/example_dags/example_dynamic_task_mapping.py took 0.114 seconds
[2024-03-19T09:53:38.580+0000] {processor.py:161} INFO - Started process (PID=23736) to work on /home/airflow/.local/lib/python3.8/site-packages/airflow/example_dags/example_dynamic_task_mapping.py
[2024-03-19T09:53:38.582+0000] {processor.py:830} INFO - Processing file /home/airflow/.local/lib/python3.8/site-packages/airflow/example_dags/example_dynamic_task_mapping.py for tasks to queue
[2024-03-19T09:53:38.583+0000] {logging_mixin.py:188} INFO - [2024-03-19T09:53:38.583+0000] {dagbag.py:540} INFO - Filling up the DagBag from /home/airflow/.local/lib/python3.8/site-packages/airflow/example_dags/example_dynamic_task_mapping.py
[2024-03-19T09:53:38.591+0000] {processor.py:840} INFO - DAG(s) 'example_dynamic_task_mapping' retrieved from /home/airflow/.local/lib/python3.8/site-packages/airflow/example_dags/example_dynamic_task_mapping.py
[2024-03-19T09:53:38.618+0000] {logging_mixin.py:188} INFO - [2024-03-19T09:53:38.617+0000] {dag.py:3047} INFO - Sync 1 DAGs
[2024-03-19T09:53:38.643+0000] {logging_mixin.py:188} INFO - [2024-03-19T09:53:38.643+0000] {dag.py:3834} INFO - Setting next_dagrun for example_dynamic_task_mapping to 2022-03-04 00:00:00+00:00, run_after=2022-03-05 00:00:00+00:00
[2024-03-19T09:53:38.666+0000] {processor.py:183} INFO - Processing /home/airflow/.local/lib/python3.8/site-packages/airflow/example_dags/example_dynamic_task_mapping.py took 0.090 seconds
[2024-03-19T09:54:08.849+0000] {processor.py:161} INFO - Started process (PID=23792) to work on /home/airflow/.local/lib/python3.8/site-packages/airflow/example_dags/example_dynamic_task_mapping.py
[2024-03-19T09:54:08.851+0000] {processor.py:830} INFO - Processing file /home/airflow/.local/lib/python3.8/site-packages/airflow/example_dags/example_dynamic_task_mapping.py for tasks to queue
[2024-03-19T09:54:08.853+0000] {logging_mixin.py:188} INFO - [2024-03-19T09:54:08.852+0000] {dagbag.py:540} INFO - Filling up the DagBag from /home/airflow/.local/lib/python3.8/site-packages/airflow/example_dags/example_dynamic_task_mapping.py
[2024-03-19T09:54:08.862+0000] {processor.py:840} INFO - DAG(s) 'example_dynamic_task_mapping' retrieved from /home/airflow/.local/lib/python3.8/site-packages/airflow/example_dags/example_dynamic_task_mapping.py
[2024-03-19T09:54:08.893+0000] {logging_mixin.py:188} INFO - [2024-03-19T09:54:08.893+0000] {dag.py:3047} INFO - Sync 1 DAGs
[2024-03-19T09:54:08.934+0000] {logging_mixin.py:188} INFO - [2024-03-19T09:54:08.933+0000] {dag.py:3834} INFO - Setting next_dagrun for example_dynamic_task_mapping to 2022-03-04 00:00:00+00:00, run_after=2022-03-05 00:00:00+00:00
[2024-03-19T09:54:08.960+0000] {processor.py:183} INFO - Processing /home/airflow/.local/lib/python3.8/site-packages/airflow/example_dags/example_dynamic_task_mapping.py took 0.117 seconds
[2024-03-19T09:54:39.062+0000] {processor.py:161} INFO - Started process (PID=23847) to work on /home/airflow/.local/lib/python3.8/site-packages/airflow/example_dags/example_dynamic_task_mapping.py
[2024-03-19T09:54:39.064+0000] {processor.py:830} INFO - Processing file /home/airflow/.local/lib/python3.8/site-packages/airflow/example_dags/example_dynamic_task_mapping.py for tasks to queue
[2024-03-19T09:54:39.065+0000] {logging_mixin.py:188} INFO - [2024-03-19T09:54:39.065+0000] {dagbag.py:540} INFO - Filling up the DagBag from /home/airflow/.local/lib/python3.8/site-packages/airflow/example_dags/example_dynamic_task_mapping.py
[2024-03-19T09:54:39.073+0000] {processor.py:840} INFO - DAG(s) 'example_dynamic_task_mapping' retrieved from /home/airflow/.local/lib/python3.8/site-packages/airflow/example_dags/example_dynamic_task_mapping.py
[2024-03-19T09:54:39.099+0000] {logging_mixin.py:188} INFO - [2024-03-19T09:54:39.098+0000] {dag.py:3047} INFO - Sync 1 DAGs
[2024-03-19T09:54:39.128+0000] {logging_mixin.py:188} INFO - [2024-03-19T09:54:39.128+0000] {dag.py:3834} INFO - Setting next_dagrun for example_dynamic_task_mapping to 2022-03-04 00:00:00+00:00, run_after=2022-03-05 00:00:00+00:00
[2024-03-19T09:54:39.154+0000] {processor.py:183} INFO - Processing /home/airflow/.local/lib/python3.8/site-packages/airflow/example_dags/example_dynamic_task_mapping.py took 0.096 seconds
[2024-03-19T09:55:09.587+0000] {processor.py:161} INFO - Started process (PID=23902) to work on /home/airflow/.local/lib/python3.8/site-packages/airflow/example_dags/example_dynamic_task_mapping.py
[2024-03-19T09:55:09.589+0000] {processor.py:830} INFO - Processing file /home/airflow/.local/lib/python3.8/site-packages/airflow/example_dags/example_dynamic_task_mapping.py for tasks to queue
[2024-03-19T09:55:09.590+0000] {logging_mixin.py:188} INFO - [2024-03-19T09:55:09.590+0000] {dagbag.py:540} INFO - Filling up the DagBag from /home/airflow/.local/lib/python3.8/site-packages/airflow/example_dags/example_dynamic_task_mapping.py
[2024-03-19T09:55:09.599+0000] {processor.py:840} INFO - DAG(s) 'example_dynamic_task_mapping' retrieved from /home/airflow/.local/lib/python3.8/site-packages/airflow/example_dags/example_dynamic_task_mapping.py
[2024-03-19T09:55:09.627+0000] {logging_mixin.py:188} INFO - [2024-03-19T09:55:09.627+0000] {dag.py:3047} INFO - Sync 1 DAGs
[2024-03-19T09:55:09.659+0000] {logging_mixin.py:188} INFO - [2024-03-19T09:55:09.658+0000] {dag.py:3834} INFO - Setting next_dagrun for example_dynamic_task_mapping to 2022-03-04 00:00:00+00:00, run_after=2022-03-05 00:00:00+00:00
[2024-03-19T09:55:09.686+0000] {processor.py:183} INFO - Processing /home/airflow/.local/lib/python3.8/site-packages/airflow/example_dags/example_dynamic_task_mapping.py took 0.104 seconds
[2024-03-19T09:55:42.780+0000] {processor.py:161} INFO - Started process (PID=23957) to work on /home/airflow/.local/lib/python3.8/site-packages/airflow/example_dags/example_dynamic_task_mapping.py
[2024-03-19T09:55:42.783+0000] {processor.py:830} INFO - Processing file /home/airflow/.local/lib/python3.8/site-packages/airflow/example_dags/example_dynamic_task_mapping.py for tasks to queue
[2024-03-19T09:55:42.787+0000] {logging_mixin.py:188} INFO - [2024-03-19T09:55:42.785+0000] {dagbag.py:540} INFO - Filling up the DagBag from /home/airflow/.local/lib/python3.8/site-packages/airflow/example_dags/example_dynamic_task_mapping.py
[2024-03-19T09:55:42.805+0000] {processor.py:840} INFO - DAG(s) 'example_dynamic_task_mapping' retrieved from /home/airflow/.local/lib/python3.8/site-packages/airflow/example_dags/example_dynamic_task_mapping.py
[2024-03-19T09:55:42.884+0000] {logging_mixin.py:188} INFO - [2024-03-19T09:55:42.884+0000] {dag.py:3047} INFO - Sync 1 DAGs
[2024-03-19T09:55:42.955+0000] {logging_mixin.py:188} INFO - [2024-03-19T09:55:42.954+0000] {dag.py:3834} INFO - Setting next_dagrun for example_dynamic_task_mapping to 2022-03-04 00:00:00+00:00, run_after=2022-03-05 00:00:00+00:00
[2024-03-19T09:55:43.030+0000] {processor.py:183} INFO - Processing /home/airflow/.local/lib/python3.8/site-packages/airflow/example_dags/example_dynamic_task_mapping.py took 0.259 seconds
[2024-03-19T09:56:14.076+0000] {processor.py:161} INFO - Started process (PID=24012) to work on /home/airflow/.local/lib/python3.8/site-packages/airflow/example_dags/example_dynamic_task_mapping.py
[2024-03-19T09:56:14.078+0000] {processor.py:830} INFO - Processing file /home/airflow/.local/lib/python3.8/site-packages/airflow/example_dags/example_dynamic_task_mapping.py for tasks to queue
[2024-03-19T09:56:14.079+0000] {logging_mixin.py:188} INFO - [2024-03-19T09:56:14.079+0000] {dagbag.py:540} INFO - Filling up the DagBag from /home/airflow/.local/lib/python3.8/site-packages/airflow/example_dags/example_dynamic_task_mapping.py
[2024-03-19T09:56:14.087+0000] {processor.py:840} INFO - DAG(s) 'example_dynamic_task_mapping' retrieved from /home/airflow/.local/lib/python3.8/site-packages/airflow/example_dags/example_dynamic_task_mapping.py
[2024-03-19T09:56:14.116+0000] {logging_mixin.py:188} INFO - [2024-03-19T09:56:14.115+0000] {dag.py:3047} INFO - Sync 1 DAGs
[2024-03-19T09:56:14.142+0000] {logging_mixin.py:188} INFO - [2024-03-19T09:56:14.142+0000] {dag.py:3834} INFO - Setting next_dagrun for example_dynamic_task_mapping to 2022-03-04 00:00:00+00:00, run_after=2022-03-05 00:00:00+00:00
[2024-03-19T09:56:14.163+0000] {processor.py:183} INFO - Processing /home/airflow/.local/lib/python3.8/site-packages/airflow/example_dags/example_dynamic_task_mapping.py took 0.091 seconds
[2024-03-19T09:56:44.475+0000] {processor.py:161} INFO - Started process (PID=24065) to work on /home/airflow/.local/lib/python3.8/site-packages/airflow/example_dags/example_dynamic_task_mapping.py
[2024-03-19T09:56:44.477+0000] {processor.py:830} INFO - Processing file /home/airflow/.local/lib/python3.8/site-packages/airflow/example_dags/example_dynamic_task_mapping.py for tasks to queue
[2024-03-19T09:56:44.479+0000] {logging_mixin.py:188} INFO - [2024-03-19T09:56:44.479+0000] {dagbag.py:540} INFO - Filling up the DagBag from /home/airflow/.local/lib/python3.8/site-packages/airflow/example_dags/example_dynamic_task_mapping.py
[2024-03-19T09:56:44.488+0000] {processor.py:840} INFO - DAG(s) 'example_dynamic_task_mapping' retrieved from /home/airflow/.local/lib/python3.8/site-packages/airflow/example_dags/example_dynamic_task_mapping.py
[2024-03-19T09:56:44.529+0000] {logging_mixin.py:188} INFO - [2024-03-19T09:56:44.528+0000] {dag.py:3047} INFO - Sync 1 DAGs
[2024-03-19T09:56:44.567+0000] {logging_mixin.py:188} INFO - [2024-03-19T09:56:44.567+0000] {dag.py:3834} INFO - Setting next_dagrun for example_dynamic_task_mapping to 2022-03-04 00:00:00+00:00, run_after=2022-03-05 00:00:00+00:00
[2024-03-19T09:56:44.594+0000] {processor.py:183} INFO - Processing /home/airflow/.local/lib/python3.8/site-packages/airflow/example_dags/example_dynamic_task_mapping.py took 0.122 seconds
[2024-03-19T09:57:14.801+0000] {processor.py:161} INFO - Started process (PID=24120) to work on /home/airflow/.local/lib/python3.8/site-packages/airflow/example_dags/example_dynamic_task_mapping.py
[2024-03-19T09:57:14.805+0000] {processor.py:830} INFO - Processing file /home/airflow/.local/lib/python3.8/site-packages/airflow/example_dags/example_dynamic_task_mapping.py for tasks to queue
[2024-03-19T09:57:14.808+0000] {logging_mixin.py:188} INFO - [2024-03-19T09:57:14.807+0000] {dagbag.py:540} INFO - Filling up the DagBag from /home/airflow/.local/lib/python3.8/site-packages/airflow/example_dags/example_dynamic_task_mapping.py
[2024-03-19T09:57:14.824+0000] {processor.py:840} INFO - DAG(s) 'example_dynamic_task_mapping' retrieved from /home/airflow/.local/lib/python3.8/site-packages/airflow/example_dags/example_dynamic_task_mapping.py
[2024-03-19T09:57:14.888+0000] {logging_mixin.py:188} INFO - [2024-03-19T09:57:14.886+0000] {dag.py:3047} INFO - Sync 1 DAGs
[2024-03-19T09:57:14.964+0000] {logging_mixin.py:188} INFO - [2024-03-19T09:57:14.963+0000] {dag.py:3834} INFO - Setting next_dagrun for example_dynamic_task_mapping to 2022-03-04 00:00:00+00:00, run_after=2022-03-05 00:00:00+00:00
[2024-03-19T09:57:15.028+0000] {processor.py:183} INFO - Processing /home/airflow/.local/lib/python3.8/site-packages/airflow/example_dags/example_dynamic_task_mapping.py took 0.235 seconds
