[2024-03-19T09:44:23.653+0000] {processor.py:161} INFO - Started process (PID=22778) to work on /home/airflow/.local/lib/python3.8/site-packages/airflow/example_dags/example_branch_python_dop_operator_3.py
[2024-03-19T09:44:23.668+0000] {processor.py:830} INFO - Processing file /home/airflow/.local/lib/python3.8/site-packages/airflow/example_dags/example_branch_python_dop_operator_3.py for tasks to queue
[2024-03-19T09:44:23.684+0000] {logging_mixin.py:188} INFO - [2024-03-19T09:44:23.683+0000] {dagbag.py:540} INFO - Filling up the DagBag from /home/airflow/.local/lib/python3.8/site-packages/airflow/example_dags/example_branch_python_dop_operator_3.py
[2024-03-19T09:44:23.732+0000] {processor.py:840} INFO - DAG(s) 'example_branch_dop_operator_v3' retrieved from /home/airflow/.local/lib/python3.8/site-packages/airflow/example_dags/example_branch_python_dop_operator_3.py
[2024-03-19T09:44:24.489+0000] {logging_mixin.py:188} INFO - [2024-03-19T09:44:24.489+0000] {dag.py:3047} INFO - Sync 1 DAGs
[2024-03-19T09:44:25.356+0000] {logging_mixin.py:188} INFO - [2024-03-19T09:44:25.355+0000] {dag.py:3834} INFO - Setting next_dagrun for example_branch_dop_operator_v3 to 2024-03-19 09:43:00+00:00, run_after=2024-03-19 09:44:00+00:00
[2024-03-19T09:44:25.590+0000] {processor.py:183} INFO - Processing /home/airflow/.local/lib/python3.8/site-packages/airflow/example_dags/example_branch_python_dop_operator_3.py took 1.944 seconds
[2024-03-19T09:44:56.266+0000] {processor.py:161} INFO - Started process (PID=22833) to work on /home/airflow/.local/lib/python3.8/site-packages/airflow/example_dags/example_branch_python_dop_operator_3.py
[2024-03-19T09:44:56.268+0000] {processor.py:830} INFO - Processing file /home/airflow/.local/lib/python3.8/site-packages/airflow/example_dags/example_branch_python_dop_operator_3.py for tasks to queue
[2024-03-19T09:44:56.270+0000] {logging_mixin.py:188} INFO - [2024-03-19T09:44:56.269+0000] {dagbag.py:540} INFO - Filling up the DagBag from /home/airflow/.local/lib/python3.8/site-packages/airflow/example_dags/example_branch_python_dop_operator_3.py
[2024-03-19T09:44:56.282+0000] {processor.py:840} INFO - DAG(s) 'example_branch_dop_operator_v3' retrieved from /home/airflow/.local/lib/python3.8/site-packages/airflow/example_dags/example_branch_python_dop_operator_3.py
[2024-03-19T09:44:56.313+0000] {logging_mixin.py:188} INFO - [2024-03-19T09:44:56.313+0000] {dag.py:3047} INFO - Sync 1 DAGs
[2024-03-19T09:44:56.350+0000] {logging_mixin.py:188} INFO - [2024-03-19T09:44:56.350+0000] {dag.py:3834} INFO - Setting next_dagrun for example_branch_dop_operator_v3 to 2024-03-19 09:43:00+00:00, run_after=2024-03-19 09:44:00+00:00
[2024-03-19T09:44:56.377+0000] {processor.py:183} INFO - Processing /home/airflow/.local/lib/python3.8/site-packages/airflow/example_dags/example_branch_python_dop_operator_3.py took 0.115 seconds
[2024-03-19T09:45:26.984+0000] {processor.py:161} INFO - Started process (PID=22888) to work on /home/airflow/.local/lib/python3.8/site-packages/airflow/example_dags/example_branch_python_dop_operator_3.py
[2024-03-19T09:45:26.993+0000] {processor.py:830} INFO - Processing file /home/airflow/.local/lib/python3.8/site-packages/airflow/example_dags/example_branch_python_dop_operator_3.py for tasks to queue
[2024-03-19T09:45:27.002+0000] {logging_mixin.py:188} INFO - [2024-03-19T09:45:27.001+0000] {dagbag.py:540} INFO - Filling up the DagBag from /home/airflow/.local/lib/python3.8/site-packages/airflow/example_dags/example_branch_python_dop_operator_3.py
[2024-03-19T09:45:27.081+0000] {processor.py:840} INFO - DAG(s) 'example_branch_dop_operator_v3' retrieved from /home/airflow/.local/lib/python3.8/site-packages/airflow/example_dags/example_branch_python_dop_operator_3.py
[2024-03-19T09:45:27.348+0000] {logging_mixin.py:188} INFO - [2024-03-19T09:45:27.348+0000] {dag.py:3047} INFO - Sync 1 DAGs
[2024-03-19T09:45:27.733+0000] {logging_mixin.py:188} INFO - [2024-03-19T09:45:27.715+0000] {dag.py:3834} INFO - Setting next_dagrun for example_branch_dop_operator_v3 to 2024-03-19 09:44:00+00:00, run_after=2024-03-19 09:45:00+00:00
[2024-03-19T09:45:28.408+0000] {processor.py:183} INFO - Processing /home/airflow/.local/lib/python3.8/site-packages/airflow/example_dags/example_branch_python_dop_operator_3.py took 1.444 seconds
[2024-03-19T09:46:04.905+0000] {processor.py:161} INFO - Started process (PID=22943) to work on /home/airflow/.local/lib/python3.8/site-packages/airflow/example_dags/example_branch_python_dop_operator_3.py
[2024-03-19T09:46:04.912+0000] {processor.py:830} INFO - Processing file /home/airflow/.local/lib/python3.8/site-packages/airflow/example_dags/example_branch_python_dop_operator_3.py for tasks to queue
[2024-03-19T09:46:04.916+0000] {logging_mixin.py:188} INFO - [2024-03-19T09:46:04.915+0000] {dagbag.py:540} INFO - Filling up the DagBag from /home/airflow/.local/lib/python3.8/site-packages/airflow/example_dags/example_branch_python_dop_operator_3.py
[2024-03-19T09:46:04.949+0000] {processor.py:840} INFO - DAG(s) 'example_branch_dop_operator_v3' retrieved from /home/airflow/.local/lib/python3.8/site-packages/airflow/example_dags/example_branch_python_dop_operator_3.py
[2024-03-19T09:46:05.019+0000] {logging_mixin.py:188} INFO - [2024-03-19T09:46:05.018+0000] {dag.py:3047} INFO - Sync 1 DAGs
[2024-03-19T09:46:05.102+0000] {logging_mixin.py:188} INFO - [2024-03-19T09:46:05.101+0000] {dag.py:3834} INFO - Setting next_dagrun for example_branch_dop_operator_v3 to 2024-03-19 09:45:00+00:00, run_after=2024-03-19 09:46:00+00:00
[2024-03-19T09:46:05.157+0000] {processor.py:183} INFO - Processing /home/airflow/.local/lib/python3.8/site-packages/airflow/example_dags/example_branch_python_dop_operator_3.py took 0.270 seconds
[2024-03-19T09:46:36.054+0000] {processor.py:161} INFO - Started process (PID=22996) to work on /home/airflow/.local/lib/python3.8/site-packages/airflow/example_dags/example_branch_python_dop_operator_3.py
[2024-03-19T09:46:36.057+0000] {processor.py:830} INFO - Processing file /home/airflow/.local/lib/python3.8/site-packages/airflow/example_dags/example_branch_python_dop_operator_3.py for tasks to queue
[2024-03-19T09:46:36.059+0000] {logging_mixin.py:188} INFO - [2024-03-19T09:46:36.059+0000] {dagbag.py:540} INFO - Filling up the DagBag from /home/airflow/.local/lib/python3.8/site-packages/airflow/example_dags/example_branch_python_dop_operator_3.py
[2024-03-19T09:46:36.071+0000] {processor.py:840} INFO - DAG(s) 'example_branch_dop_operator_v3' retrieved from /home/airflow/.local/lib/python3.8/site-packages/airflow/example_dags/example_branch_python_dop_operator_3.py
[2024-03-19T09:46:36.102+0000] {logging_mixin.py:188} INFO - [2024-03-19T09:46:36.102+0000] {dag.py:3047} INFO - Sync 1 DAGs
[2024-03-19T09:46:36.134+0000] {logging_mixin.py:188} INFO - [2024-03-19T09:46:36.134+0000] {dag.py:3834} INFO - Setting next_dagrun for example_branch_dop_operator_v3 to 2024-03-19 09:45:00+00:00, run_after=2024-03-19 09:46:00+00:00
[2024-03-19T09:46:36.161+0000] {processor.py:183} INFO - Processing /home/airflow/.local/lib/python3.8/site-packages/airflow/example_dags/example_branch_python_dop_operator_3.py took 0.111 seconds
[2024-03-19T09:47:07.244+0000] {processor.py:161} INFO - Started process (PID=23051) to work on /home/airflow/.local/lib/python3.8/site-packages/airflow/example_dags/example_branch_python_dop_operator_3.py
[2024-03-19T09:47:07.247+0000] {processor.py:830} INFO - Processing file /home/airflow/.local/lib/python3.8/site-packages/airflow/example_dags/example_branch_python_dop_operator_3.py for tasks to queue
[2024-03-19T09:47:07.257+0000] {logging_mixin.py:188} INFO - [2024-03-19T09:47:07.256+0000] {dagbag.py:540} INFO - Filling up the DagBag from /home/airflow/.local/lib/python3.8/site-packages/airflow/example_dags/example_branch_python_dop_operator_3.py
[2024-03-19T09:47:07.295+0000] {processor.py:840} INFO - DAG(s) 'example_branch_dop_operator_v3' retrieved from /home/airflow/.local/lib/python3.8/site-packages/airflow/example_dags/example_branch_python_dop_operator_3.py
[2024-03-19T09:47:07.404+0000] {logging_mixin.py:188} INFO - [2024-03-19T09:47:07.401+0000] {dag.py:3047} INFO - Sync 1 DAGs
[2024-03-19T09:47:07.527+0000] {logging_mixin.py:188} INFO - [2024-03-19T09:47:07.526+0000] {dag.py:3834} INFO - Setting next_dagrun for example_branch_dop_operator_v3 to 2024-03-19 09:46:00+00:00, run_after=2024-03-19 09:47:00+00:00
[2024-03-19T09:47:07.747+0000] {processor.py:183} INFO - Processing /home/airflow/.local/lib/python3.8/site-packages/airflow/example_dags/example_branch_python_dop_operator_3.py took 0.512 seconds
[2024-03-19T09:47:39.191+0000] {processor.py:161} INFO - Started process (PID=23106) to work on /home/airflow/.local/lib/python3.8/site-packages/airflow/example_dags/example_branch_python_dop_operator_3.py
[2024-03-19T09:47:39.196+0000] {processor.py:830} INFO - Processing file /home/airflow/.local/lib/python3.8/site-packages/airflow/example_dags/example_branch_python_dop_operator_3.py for tasks to queue
[2024-03-19T09:47:39.221+0000] {logging_mixin.py:188} INFO - [2024-03-19T09:47:39.220+0000] {dagbag.py:540} INFO - Filling up the DagBag from /home/airflow/.local/lib/python3.8/site-packages/airflow/example_dags/example_branch_python_dop_operator_3.py
[2024-03-19T09:47:39.269+0000] {processor.py:840} INFO - DAG(s) 'example_branch_dop_operator_v3' retrieved from /home/airflow/.local/lib/python3.8/site-packages/airflow/example_dags/example_branch_python_dop_operator_3.py
[2024-03-19T09:47:39.415+0000] {logging_mixin.py:188} INFO - [2024-03-19T09:47:39.414+0000] {dag.py:3047} INFO - Sync 1 DAGs
[2024-03-19T09:47:39.595+0000] {logging_mixin.py:188} INFO - [2024-03-19T09:47:39.594+0000] {dag.py:3834} INFO - Setting next_dagrun for example_branch_dop_operator_v3 to 2024-03-19 09:46:00+00:00, run_after=2024-03-19 09:47:00+00:00
[2024-03-19T09:47:39.704+0000] {processor.py:183} INFO - Processing /home/airflow/.local/lib/python3.8/site-packages/airflow/example_dags/example_branch_python_dop_operator_3.py took 0.521 seconds
[2024-03-19T09:48:09.978+0000] {processor.py:161} INFO - Started process (PID=23161) to work on /home/airflow/.local/lib/python3.8/site-packages/airflow/example_dags/example_branch_python_dop_operator_3.py
[2024-03-19T09:48:09.980+0000] {processor.py:830} INFO - Processing file /home/airflow/.local/lib/python3.8/site-packages/airflow/example_dags/example_branch_python_dop_operator_3.py for tasks to queue
[2024-03-19T09:48:09.982+0000] {logging_mixin.py:188} INFO - [2024-03-19T09:48:09.982+0000] {dagbag.py:540} INFO - Filling up the DagBag from /home/airflow/.local/lib/python3.8/site-packages/airflow/example_dags/example_branch_python_dop_operator_3.py
[2024-03-19T09:48:09.994+0000] {processor.py:840} INFO - DAG(s) 'example_branch_dop_operator_v3' retrieved from /home/airflow/.local/lib/python3.8/site-packages/airflow/example_dags/example_branch_python_dop_operator_3.py
[2024-03-19T09:48:10.031+0000] {logging_mixin.py:188} INFO - [2024-03-19T09:48:10.030+0000] {dag.py:3047} INFO - Sync 1 DAGs
[2024-03-19T09:48:10.077+0000] {logging_mixin.py:188} INFO - [2024-03-19T09:48:10.076+0000] {dag.py:3834} INFO - Setting next_dagrun for example_branch_dop_operator_v3 to 2024-03-19 09:47:00+00:00, run_after=2024-03-19 09:48:00+00:00
[2024-03-19T09:48:10.113+0000] {processor.py:183} INFO - Processing /home/airflow/.local/lib/python3.8/site-packages/airflow/example_dags/example_branch_python_dop_operator_3.py took 0.141 seconds
[2024-03-19T09:48:40.360+0000] {processor.py:161} INFO - Started process (PID=23216) to work on /home/airflow/.local/lib/python3.8/site-packages/airflow/example_dags/example_branch_python_dop_operator_3.py
[2024-03-19T09:48:40.362+0000] {processor.py:830} INFO - Processing file /home/airflow/.local/lib/python3.8/site-packages/airflow/example_dags/example_branch_python_dop_operator_3.py for tasks to queue
[2024-03-19T09:48:40.363+0000] {logging_mixin.py:188} INFO - [2024-03-19T09:48:40.363+0000] {dagbag.py:540} INFO - Filling up the DagBag from /home/airflow/.local/lib/python3.8/site-packages/airflow/example_dags/example_branch_python_dop_operator_3.py
[2024-03-19T09:48:40.374+0000] {processor.py:840} INFO - DAG(s) 'example_branch_dop_operator_v3' retrieved from /home/airflow/.local/lib/python3.8/site-packages/airflow/example_dags/example_branch_python_dop_operator_3.py
[2024-03-19T09:48:40.420+0000] {logging_mixin.py:188} INFO - [2024-03-19T09:48:40.419+0000] {dag.py:3047} INFO - Sync 1 DAGs
[2024-03-19T09:48:40.478+0000] {logging_mixin.py:188} INFO - [2024-03-19T09:48:40.478+0000] {dag.py:3834} INFO - Setting next_dagrun for example_branch_dop_operator_v3 to 2024-03-19 09:47:00+00:00, run_after=2024-03-19 09:48:00+00:00
[2024-03-19T09:48:40.505+0000] {processor.py:183} INFO - Processing /home/airflow/.local/lib/python3.8/site-packages/airflow/example_dags/example_branch_python_dop_operator_3.py took 0.150 seconds
[2024-03-19T09:49:10.681+0000] {processor.py:161} INFO - Started process (PID=23271) to work on /home/airflow/.local/lib/python3.8/site-packages/airflow/example_dags/example_branch_python_dop_operator_3.py
[2024-03-19T09:49:10.683+0000] {processor.py:830} INFO - Processing file /home/airflow/.local/lib/python3.8/site-packages/airflow/example_dags/example_branch_python_dop_operator_3.py for tasks to queue
[2024-03-19T09:49:10.685+0000] {logging_mixin.py:188} INFO - [2024-03-19T09:49:10.685+0000] {dagbag.py:540} INFO - Filling up the DagBag from /home/airflow/.local/lib/python3.8/site-packages/airflow/example_dags/example_branch_python_dop_operator_3.py
[2024-03-19T09:49:10.697+0000] {processor.py:840} INFO - DAG(s) 'example_branch_dop_operator_v3' retrieved from /home/airflow/.local/lib/python3.8/site-packages/airflow/example_dags/example_branch_python_dop_operator_3.py
[2024-03-19T09:49:10.733+0000] {logging_mixin.py:188} INFO - [2024-03-19T09:49:10.733+0000] {dag.py:3047} INFO - Sync 1 DAGs
[2024-03-19T09:49:10.776+0000] {logging_mixin.py:188} INFO - [2024-03-19T09:49:10.776+0000] {dag.py:3834} INFO - Setting next_dagrun for example_branch_dop_operator_v3 to 2024-03-19 09:48:00+00:00, run_after=2024-03-19 09:49:00+00:00
[2024-03-19T09:49:10.812+0000] {processor.py:183} INFO - Processing /home/airflow/.local/lib/python3.8/site-packages/airflow/example_dags/example_branch_python_dop_operator_3.py took 0.138 seconds
[2024-03-19T09:49:41.113+0000] {processor.py:161} INFO - Started process (PID=23326) to work on /home/airflow/.local/lib/python3.8/site-packages/airflow/example_dags/example_branch_python_dop_operator_3.py
[2024-03-19T09:49:41.115+0000] {processor.py:830} INFO - Processing file /home/airflow/.local/lib/python3.8/site-packages/airflow/example_dags/example_branch_python_dop_operator_3.py for tasks to queue
[2024-03-19T09:49:41.117+0000] {logging_mixin.py:188} INFO - [2024-03-19T09:49:41.116+0000] {dagbag.py:540} INFO - Filling up the DagBag from /home/airflow/.local/lib/python3.8/site-packages/airflow/example_dags/example_branch_python_dop_operator_3.py
[2024-03-19T09:49:41.131+0000] {processor.py:840} INFO - DAG(s) 'example_branch_dop_operator_v3' retrieved from /home/airflow/.local/lib/python3.8/site-packages/airflow/example_dags/example_branch_python_dop_operator_3.py
[2024-03-19T09:49:41.316+0000] {logging_mixin.py:188} INFO - [2024-03-19T09:49:41.316+0000] {dag.py:3047} INFO - Sync 1 DAGs
[2024-03-19T09:49:41.426+0000] {logging_mixin.py:188} INFO - [2024-03-19T09:49:41.425+0000] {dag.py:3834} INFO - Setting next_dagrun for example_branch_dop_operator_v3 to 2024-03-19 09:48:00+00:00, run_after=2024-03-19 09:49:00+00:00
[2024-03-19T09:49:41.463+0000] {processor.py:183} INFO - Processing /home/airflow/.local/lib/python3.8/site-packages/airflow/example_dags/example_branch_python_dop_operator_3.py took 0.360 seconds
[2024-03-19T09:50:12.173+0000] {processor.py:161} INFO - Started process (PID=23380) to work on /home/airflow/.local/lib/python3.8/site-packages/airflow/example_dags/example_branch_python_dop_operator_3.py
[2024-03-19T09:50:12.175+0000] {processor.py:830} INFO - Processing file /home/airflow/.local/lib/python3.8/site-packages/airflow/example_dags/example_branch_python_dop_operator_3.py for tasks to queue
[2024-03-19T09:50:12.177+0000] {logging_mixin.py:188} INFO - [2024-03-19T09:50:12.176+0000] {dagbag.py:540} INFO - Filling up the DagBag from /home/airflow/.local/lib/python3.8/site-packages/airflow/example_dags/example_branch_python_dop_operator_3.py
[2024-03-19T09:50:12.187+0000] {processor.py:840} INFO - DAG(s) 'example_branch_dop_operator_v3' retrieved from /home/airflow/.local/lib/python3.8/site-packages/airflow/example_dags/example_branch_python_dop_operator_3.py
[2024-03-19T09:50:12.216+0000] {logging_mixin.py:188} INFO - [2024-03-19T09:50:12.216+0000] {dag.py:3047} INFO - Sync 1 DAGs
[2024-03-19T09:50:12.253+0000] {logging_mixin.py:188} INFO - [2024-03-19T09:50:12.252+0000] {dag.py:3834} INFO - Setting next_dagrun for example_branch_dop_operator_v3 to 2024-03-19 09:49:00+00:00, run_after=2024-03-19 09:50:00+00:00
[2024-03-19T09:50:12.286+0000] {processor.py:183} INFO - Processing /home/airflow/.local/lib/python3.8/site-packages/airflow/example_dags/example_branch_python_dop_operator_3.py took 0.117 seconds
[2024-03-19T09:50:44.864+0000] {processor.py:161} INFO - Started process (PID=23433) to work on /home/airflow/.local/lib/python3.8/site-packages/airflow/example_dags/example_branch_python_dop_operator_3.py
[2024-03-19T09:50:44.886+0000] {processor.py:830} INFO - Processing file /home/airflow/.local/lib/python3.8/site-packages/airflow/example_dags/example_branch_python_dop_operator_3.py for tasks to queue
[2024-03-19T09:50:44.894+0000] {logging_mixin.py:188} INFO - [2024-03-19T09:50:44.893+0000] {dagbag.py:540} INFO - Filling up the DagBag from /home/airflow/.local/lib/python3.8/site-packages/airflow/example_dags/example_branch_python_dop_operator_3.py
[2024-03-19T09:50:44.992+0000] {processor.py:840} INFO - DAG(s) 'example_branch_dop_operator_v3' retrieved from /home/airflow/.local/lib/python3.8/site-packages/airflow/example_dags/example_branch_python_dop_operator_3.py
[2024-03-19T09:50:45.530+0000] {logging_mixin.py:188} INFO - [2024-03-19T09:50:45.528+0000] {dag.py:3047} INFO - Sync 1 DAGs
[2024-03-19T09:50:45.940+0000] {logging_mixin.py:188} INFO - [2024-03-19T09:50:45.930+0000] {dag.py:3834} INFO - Setting next_dagrun for example_branch_dop_operator_v3 to 2024-03-19 09:49:00+00:00, run_after=2024-03-19 09:50:00+00:00
[2024-03-19T09:50:46.155+0000] {processor.py:183} INFO - Processing /home/airflow/.local/lib/python3.8/site-packages/airflow/example_dags/example_branch_python_dop_operator_3.py took 1.323 seconds
[2024-03-19T09:51:16.723+0000] {processor.py:161} INFO - Started process (PID=23489) to work on /home/airflow/.local/lib/python3.8/site-packages/airflow/example_dags/example_branch_python_dop_operator_3.py
[2024-03-19T09:51:16.732+0000] {processor.py:830} INFO - Processing file /home/airflow/.local/lib/python3.8/site-packages/airflow/example_dags/example_branch_python_dop_operator_3.py for tasks to queue
[2024-03-19T09:51:16.736+0000] {logging_mixin.py:188} INFO - [2024-03-19T09:51:16.735+0000] {dagbag.py:540} INFO - Filling up the DagBag from /home/airflow/.local/lib/python3.8/site-packages/airflow/example_dags/example_branch_python_dop_operator_3.py
[2024-03-19T09:51:16.787+0000] {processor.py:840} INFO - DAG(s) 'example_branch_dop_operator_v3' retrieved from /home/airflow/.local/lib/python3.8/site-packages/airflow/example_dags/example_branch_python_dop_operator_3.py
[2024-03-19T09:51:16.869+0000] {logging_mixin.py:188} INFO - [2024-03-19T09:51:16.868+0000] {dag.py:3047} INFO - Sync 1 DAGs
[2024-03-19T09:51:16.950+0000] {logging_mixin.py:188} INFO - [2024-03-19T09:51:16.950+0000] {dag.py:3834} INFO - Setting next_dagrun for example_branch_dop_operator_v3 to 2024-03-19 09:50:00+00:00, run_after=2024-03-19 09:51:00+00:00
[2024-03-19T09:51:17.042+0000] {processor.py:183} INFO - Processing /home/airflow/.local/lib/python3.8/site-packages/airflow/example_dags/example_branch_python_dop_operator_3.py took 0.326 seconds
[2024-03-19T09:51:47.914+0000] {processor.py:161} INFO - Started process (PID=23544) to work on /home/airflow/.local/lib/python3.8/site-packages/airflow/example_dags/example_branch_python_dop_operator_3.py
[2024-03-19T09:51:47.916+0000] {processor.py:830} INFO - Processing file /home/airflow/.local/lib/python3.8/site-packages/airflow/example_dags/example_branch_python_dop_operator_3.py for tasks to queue
[2024-03-19T09:51:47.917+0000] {logging_mixin.py:188} INFO - [2024-03-19T09:51:47.917+0000] {dagbag.py:540} INFO - Filling up the DagBag from /home/airflow/.local/lib/python3.8/site-packages/airflow/example_dags/example_branch_python_dop_operator_3.py
[2024-03-19T09:51:47.929+0000] {processor.py:840} INFO - DAG(s) 'example_branch_dop_operator_v3' retrieved from /home/airflow/.local/lib/python3.8/site-packages/airflow/example_dags/example_branch_python_dop_operator_3.py
[2024-03-19T09:51:47.956+0000] {logging_mixin.py:188} INFO - [2024-03-19T09:51:47.956+0000] {dag.py:3047} INFO - Sync 1 DAGs
[2024-03-19T09:51:47.993+0000] {logging_mixin.py:188} INFO - [2024-03-19T09:51:47.992+0000] {dag.py:3834} INFO - Setting next_dagrun for example_branch_dop_operator_v3 to 2024-03-19 09:50:00+00:00, run_after=2024-03-19 09:51:00+00:00
[2024-03-19T09:51:48.021+0000] {processor.py:183} INFO - Processing /home/airflow/.local/lib/python3.8/site-packages/airflow/example_dags/example_branch_python_dop_operator_3.py took 0.111 seconds
[2024-03-19T09:52:18.494+0000] {processor.py:161} INFO - Started process (PID=23599) to work on /home/airflow/.local/lib/python3.8/site-packages/airflow/example_dags/example_branch_python_dop_operator_3.py
[2024-03-19T09:52:18.496+0000] {processor.py:830} INFO - Processing file /home/airflow/.local/lib/python3.8/site-packages/airflow/example_dags/example_branch_python_dop_operator_3.py for tasks to queue
[2024-03-19T09:52:18.499+0000] {logging_mixin.py:188} INFO - [2024-03-19T09:52:18.498+0000] {dagbag.py:540} INFO - Filling up the DagBag from /home/airflow/.local/lib/python3.8/site-packages/airflow/example_dags/example_branch_python_dop_operator_3.py
[2024-03-19T09:52:18.526+0000] {processor.py:840} INFO - DAG(s) 'example_branch_dop_operator_v3' retrieved from /home/airflow/.local/lib/python3.8/site-packages/airflow/example_dags/example_branch_python_dop_operator_3.py
[2024-03-19T09:52:18.581+0000] {logging_mixin.py:188} INFO - [2024-03-19T09:52:18.581+0000] {dag.py:3047} INFO - Sync 1 DAGs
[2024-03-19T09:52:18.680+0000] {logging_mixin.py:188} INFO - [2024-03-19T09:52:18.680+0000] {dag.py:3834} INFO - Setting next_dagrun for example_branch_dop_operator_v3 to 2024-03-19 09:51:00+00:00, run_after=2024-03-19 09:52:00+00:00
[2024-03-19T09:52:18.752+0000] {processor.py:183} INFO - Processing /home/airflow/.local/lib/python3.8/site-packages/airflow/example_dags/example_branch_python_dop_operator_3.py took 0.272 seconds
[2024-03-19T09:52:49.852+0000] {processor.py:161} INFO - Started process (PID=23654) to work on /home/airflow/.local/lib/python3.8/site-packages/airflow/example_dags/example_branch_python_dop_operator_3.py
[2024-03-19T09:52:49.856+0000] {processor.py:830} INFO - Processing file /home/airflow/.local/lib/python3.8/site-packages/airflow/example_dags/example_branch_python_dop_operator_3.py for tasks to queue
[2024-03-19T09:52:49.863+0000] {logging_mixin.py:188} INFO - [2024-03-19T09:52:49.862+0000] {dagbag.py:540} INFO - Filling up the DagBag from /home/airflow/.local/lib/python3.8/site-packages/airflow/example_dags/example_branch_python_dop_operator_3.py
[2024-03-19T09:52:49.886+0000] {processor.py:840} INFO - DAG(s) 'example_branch_dop_operator_v3' retrieved from /home/airflow/.local/lib/python3.8/site-packages/airflow/example_dags/example_branch_python_dop_operator_3.py
[2024-03-19T09:52:49.946+0000] {logging_mixin.py:188} INFO - [2024-03-19T09:52:49.946+0000] {dag.py:3047} INFO - Sync 1 DAGs
[2024-03-19T09:52:50.024+0000] {logging_mixin.py:188} INFO - [2024-03-19T09:52:50.023+0000] {dag.py:3834} INFO - Setting next_dagrun for example_branch_dop_operator_v3 to 2024-03-19 09:51:00+00:00, run_after=2024-03-19 09:52:00+00:00
[2024-03-19T09:52:50.082+0000] {processor.py:183} INFO - Processing /home/airflow/.local/lib/python3.8/site-packages/airflow/example_dags/example_branch_python_dop_operator_3.py took 0.238 seconds
[2024-03-19T09:53:21.199+0000] {processor.py:161} INFO - Started process (PID=23708) to work on /home/airflow/.local/lib/python3.8/site-packages/airflow/example_dags/example_branch_python_dop_operator_3.py
[2024-03-19T09:53:21.203+0000] {processor.py:830} INFO - Processing file /home/airflow/.local/lib/python3.8/site-packages/airflow/example_dags/example_branch_python_dop_operator_3.py for tasks to queue
[2024-03-19T09:53:21.205+0000] {logging_mixin.py:188} INFO - [2024-03-19T09:53:21.205+0000] {dagbag.py:540} INFO - Filling up the DagBag from /home/airflow/.local/lib/python3.8/site-packages/airflow/example_dags/example_branch_python_dop_operator_3.py
[2024-03-19T09:53:21.221+0000] {processor.py:840} INFO - DAG(s) 'example_branch_dop_operator_v3' retrieved from /home/airflow/.local/lib/python3.8/site-packages/airflow/example_dags/example_branch_python_dop_operator_3.py
[2024-03-19T09:53:21.265+0000] {logging_mixin.py:188} INFO - [2024-03-19T09:53:21.264+0000] {dag.py:3047} INFO - Sync 1 DAGs
[2024-03-19T09:53:21.324+0000] {logging_mixin.py:188} INFO - [2024-03-19T09:53:21.324+0000] {dag.py:3834} INFO - Setting next_dagrun for example_branch_dop_operator_v3 to 2024-03-19 09:52:00+00:00, run_after=2024-03-19 09:53:00+00:00
[2024-03-19T09:53:21.383+0000] {processor.py:183} INFO - Processing /home/airflow/.local/lib/python3.8/site-packages/airflow/example_dags/example_branch_python_dop_operator_3.py took 0.192 seconds
[2024-03-19T09:53:52.183+0000] {processor.py:161} INFO - Started process (PID=23761) to work on /home/airflow/.local/lib/python3.8/site-packages/airflow/example_dags/example_branch_python_dop_operator_3.py
[2024-03-19T09:53:52.189+0000] {processor.py:830} INFO - Processing file /home/airflow/.local/lib/python3.8/site-packages/airflow/example_dags/example_branch_python_dop_operator_3.py for tasks to queue
[2024-03-19T09:53:52.194+0000] {logging_mixin.py:188} INFO - [2024-03-19T09:53:52.192+0000] {dagbag.py:540} INFO - Filling up the DagBag from /home/airflow/.local/lib/python3.8/site-packages/airflow/example_dags/example_branch_python_dop_operator_3.py
[2024-03-19T09:53:52.247+0000] {processor.py:840} INFO - DAG(s) 'example_branch_dop_operator_v3' retrieved from /home/airflow/.local/lib/python3.8/site-packages/airflow/example_dags/example_branch_python_dop_operator_3.py
[2024-03-19T09:53:52.417+0000] {logging_mixin.py:188} INFO - [2024-03-19T09:53:52.416+0000] {dag.py:3047} INFO - Sync 1 DAGs
[2024-03-19T09:53:52.611+0000] {logging_mixin.py:188} INFO - [2024-03-19T09:53:52.611+0000] {dag.py:3834} INFO - Setting next_dagrun for example_branch_dop_operator_v3 to 2024-03-19 09:52:00+00:00, run_after=2024-03-19 09:53:00+00:00
[2024-03-19T09:53:52.698+0000] {processor.py:183} INFO - Processing /home/airflow/.local/lib/python3.8/site-packages/airflow/example_dags/example_branch_python_dop_operator_3.py took 0.541 seconds
[2024-03-19T09:54:22.757+0000] {processor.py:161} INFO - Started process (PID=23817) to work on /home/airflow/.local/lib/python3.8/site-packages/airflow/example_dags/example_branch_python_dop_operator_3.py
[2024-03-19T09:54:22.759+0000] {processor.py:830} INFO - Processing file /home/airflow/.local/lib/python3.8/site-packages/airflow/example_dags/example_branch_python_dop_operator_3.py for tasks to queue
[2024-03-19T09:54:22.761+0000] {logging_mixin.py:188} INFO - [2024-03-19T09:54:22.761+0000] {dagbag.py:540} INFO - Filling up the DagBag from /home/airflow/.local/lib/python3.8/site-packages/airflow/example_dags/example_branch_python_dop_operator_3.py
[2024-03-19T09:54:22.771+0000] {processor.py:840} INFO - DAG(s) 'example_branch_dop_operator_v3' retrieved from /home/airflow/.local/lib/python3.8/site-packages/airflow/example_dags/example_branch_python_dop_operator_3.py
[2024-03-19T09:54:22.799+0000] {logging_mixin.py:188} INFO - [2024-03-19T09:54:22.799+0000] {dag.py:3047} INFO - Sync 1 DAGs
[2024-03-19T09:54:22.835+0000] {logging_mixin.py:188} INFO - [2024-03-19T09:54:22.835+0000] {dag.py:3834} INFO - Setting next_dagrun for example_branch_dop_operator_v3 to 2024-03-19 09:53:00+00:00, run_after=2024-03-19 09:54:00+00:00
[2024-03-19T09:54:22.859+0000] {processor.py:183} INFO - Processing /home/airflow/.local/lib/python3.8/site-packages/airflow/example_dags/example_branch_python_dop_operator_3.py took 0.107 seconds
[2024-03-19T09:54:53.022+0000] {processor.py:161} INFO - Started process (PID=23872) to work on /home/airflow/.local/lib/python3.8/site-packages/airflow/example_dags/example_branch_python_dop_operator_3.py
[2024-03-19T09:54:53.024+0000] {processor.py:830} INFO - Processing file /home/airflow/.local/lib/python3.8/site-packages/airflow/example_dags/example_branch_python_dop_operator_3.py for tasks to queue
[2024-03-19T09:54:53.025+0000] {logging_mixin.py:188} INFO - [2024-03-19T09:54:53.025+0000] {dagbag.py:540} INFO - Filling up the DagBag from /home/airflow/.local/lib/python3.8/site-packages/airflow/example_dags/example_branch_python_dop_operator_3.py
[2024-03-19T09:54:53.035+0000] {processor.py:840} INFO - DAG(s) 'example_branch_dop_operator_v3' retrieved from /home/airflow/.local/lib/python3.8/site-packages/airflow/example_dags/example_branch_python_dop_operator_3.py
[2024-03-19T09:54:53.061+0000] {logging_mixin.py:188} INFO - [2024-03-19T09:54:53.060+0000] {dag.py:3047} INFO - Sync 1 DAGs
[2024-03-19T09:54:53.089+0000] {logging_mixin.py:188} INFO - [2024-03-19T09:54:53.088+0000] {dag.py:3834} INFO - Setting next_dagrun for example_branch_dop_operator_v3 to 2024-03-19 09:53:00+00:00, run_after=2024-03-19 09:54:00+00:00
[2024-03-19T09:54:53.112+0000] {processor.py:183} INFO - Processing /home/airflow/.local/lib/python3.8/site-packages/airflow/example_dags/example_branch_python_dop_operator_3.py took 0.094 seconds
[2024-03-19T09:55:23.574+0000] {processor.py:161} INFO - Started process (PID=23927) to work on /home/airflow/.local/lib/python3.8/site-packages/airflow/example_dags/example_branch_python_dop_operator_3.py
[2024-03-19T09:55:23.577+0000] {processor.py:830} INFO - Processing file /home/airflow/.local/lib/python3.8/site-packages/airflow/example_dags/example_branch_python_dop_operator_3.py for tasks to queue
[2024-03-19T09:55:23.578+0000] {logging_mixin.py:188} INFO - [2024-03-19T09:55:23.578+0000] {dagbag.py:540} INFO - Filling up the DagBag from /home/airflow/.local/lib/python3.8/site-packages/airflow/example_dags/example_branch_python_dop_operator_3.py
[2024-03-19T09:55:23.587+0000] {processor.py:840} INFO - DAG(s) 'example_branch_dop_operator_v3' retrieved from /home/airflow/.local/lib/python3.8/site-packages/airflow/example_dags/example_branch_python_dop_operator_3.py
[2024-03-19T09:55:23.622+0000] {logging_mixin.py:188} INFO - [2024-03-19T09:55:23.622+0000] {dag.py:3047} INFO - Sync 1 DAGs
[2024-03-19T09:55:23.669+0000] {logging_mixin.py:188} INFO - [2024-03-19T09:55:23.669+0000] {dag.py:3834} INFO - Setting next_dagrun for example_branch_dop_operator_v3 to 2024-03-19 09:54:00+00:00, run_after=2024-03-19 09:55:00+00:00
[2024-03-19T09:55:23.699+0000] {processor.py:183} INFO - Processing /home/airflow/.local/lib/python3.8/site-packages/airflow/example_dags/example_branch_python_dop_operator_3.py took 0.130 seconds
[2024-03-19T09:55:54.321+0000] {processor.py:161} INFO - Started process (PID=23982) to work on /home/airflow/.local/lib/python3.8/site-packages/airflow/example_dags/example_branch_python_dop_operator_3.py
[2024-03-19T09:55:54.323+0000] {processor.py:830} INFO - Processing file /home/airflow/.local/lib/python3.8/site-packages/airflow/example_dags/example_branch_python_dop_operator_3.py for tasks to queue
[2024-03-19T09:55:54.324+0000] {logging_mixin.py:188} INFO - [2024-03-19T09:55:54.324+0000] {dagbag.py:540} INFO - Filling up the DagBag from /home/airflow/.local/lib/python3.8/site-packages/airflow/example_dags/example_branch_python_dop_operator_3.py
[2024-03-19T09:55:54.334+0000] {processor.py:840} INFO - DAG(s) 'example_branch_dop_operator_v3' retrieved from /home/airflow/.local/lib/python3.8/site-packages/airflow/example_dags/example_branch_python_dop_operator_3.py
[2024-03-19T09:55:54.359+0000] {logging_mixin.py:188} INFO - [2024-03-19T09:55:54.359+0000] {dag.py:3047} INFO - Sync 1 DAGs
[2024-03-19T09:55:54.391+0000] {logging_mixin.py:188} INFO - [2024-03-19T09:55:54.391+0000] {dag.py:3834} INFO - Setting next_dagrun for example_branch_dop_operator_v3 to 2024-03-19 09:54:00+00:00, run_after=2024-03-19 09:55:00+00:00
[2024-03-19T09:55:54.418+0000] {processor.py:183} INFO - Processing /home/airflow/.local/lib/python3.8/site-packages/airflow/example_dags/example_branch_python_dop_operator_3.py took 0.100 seconds
[2024-03-19T09:56:24.703+0000] {processor.py:161} INFO - Started process (PID=24037) to work on /home/airflow/.local/lib/python3.8/site-packages/airflow/example_dags/example_branch_python_dop_operator_3.py
[2024-03-19T09:56:24.706+0000] {processor.py:830} INFO - Processing file /home/airflow/.local/lib/python3.8/site-packages/airflow/example_dags/example_branch_python_dop_operator_3.py for tasks to queue
[2024-03-19T09:56:24.708+0000] {logging_mixin.py:188} INFO - [2024-03-19T09:56:24.707+0000] {dagbag.py:540} INFO - Filling up the DagBag from /home/airflow/.local/lib/python3.8/site-packages/airflow/example_dags/example_branch_python_dop_operator_3.py
[2024-03-19T09:56:24.725+0000] {processor.py:840} INFO - DAG(s) 'example_branch_dop_operator_v3' retrieved from /home/airflow/.local/lib/python3.8/site-packages/airflow/example_dags/example_branch_python_dop_operator_3.py
[2024-03-19T09:56:24.768+0000] {logging_mixin.py:188} INFO - [2024-03-19T09:56:24.768+0000] {dag.py:3047} INFO - Sync 1 DAGs
[2024-03-19T09:56:24.817+0000] {logging_mixin.py:188} INFO - [2024-03-19T09:56:24.815+0000] {dag.py:3834} INFO - Setting next_dagrun for example_branch_dop_operator_v3 to 2024-03-19 09:55:00+00:00, run_after=2024-03-19 09:56:00+00:00
[2024-03-19T09:56:24.859+0000] {processor.py:183} INFO - Processing /home/airflow/.local/lib/python3.8/site-packages/airflow/example_dags/example_branch_python_dop_operator_3.py took 0.162 seconds
[2024-03-19T09:56:55.345+0000] {processor.py:161} INFO - Started process (PID=24092) to work on /home/airflow/.local/lib/python3.8/site-packages/airflow/example_dags/example_branch_python_dop_operator_3.py
[2024-03-19T09:56:55.348+0000] {processor.py:830} INFO - Processing file /home/airflow/.local/lib/python3.8/site-packages/airflow/example_dags/example_branch_python_dop_operator_3.py for tasks to queue
[2024-03-19T09:56:55.354+0000] {logging_mixin.py:188} INFO - [2024-03-19T09:56:55.352+0000] {dagbag.py:540} INFO - Filling up the DagBag from /home/airflow/.local/lib/python3.8/site-packages/airflow/example_dags/example_branch_python_dop_operator_3.py
[2024-03-19T09:56:55.416+0000] {processor.py:840} INFO - DAG(s) 'example_branch_dop_operator_v3' retrieved from /home/airflow/.local/lib/python3.8/site-packages/airflow/example_dags/example_branch_python_dop_operator_3.py
[2024-03-19T09:56:55.482+0000] {logging_mixin.py:188} INFO - [2024-03-19T09:56:55.481+0000] {dag.py:3047} INFO - Sync 1 DAGs
[2024-03-19T09:56:55.529+0000] {logging_mixin.py:188} INFO - [2024-03-19T09:56:55.528+0000] {dag.py:3834} INFO - Setting next_dagrun for example_branch_dop_operator_v3 to 2024-03-19 09:55:00+00:00, run_after=2024-03-19 09:56:00+00:00
[2024-03-19T09:56:55.567+0000] {processor.py:183} INFO - Processing /home/airflow/.local/lib/python3.8/site-packages/airflow/example_dags/example_branch_python_dop_operator_3.py took 0.229 seconds
