[2024-03-19T09:44:30.684+0000] {processor.py:161} INFO - Started process (PID=22805) to work on /home/airflow/.local/lib/python3.8/site-packages/airflow/example_dags/example_branch_labels.py
[2024-03-19T09:44:30.685+0000] {processor.py:830} INFO - Processing file /home/airflow/.local/lib/python3.8/site-packages/airflow/example_dags/example_branch_labels.py for tasks to queue
[2024-03-19T09:44:30.687+0000] {logging_mixin.py:188} INFO - [2024-03-19T09:44:30.687+0000] {dagbag.py:540} INFO - Filling up the DagBag from /home/airflow/.local/lib/python3.8/site-packages/airflow/example_dags/example_branch_labels.py
[2024-03-19T09:44:30.700+0000] {processor.py:840} INFO - DAG(s) 'example_branch_labels' retrieved from /home/airflow/.local/lib/python3.8/site-packages/airflow/example_dags/example_branch_labels.py
[2024-03-19T09:44:30.737+0000] {logging_mixin.py:188} INFO - [2024-03-19T09:44:30.736+0000] {dag.py:3047} INFO - Sync 1 DAGs
[2024-03-19T09:44:30.774+0000] {logging_mixin.py:188} INFO - [2024-03-19T09:44:30.773+0000] {dag.py:3834} INFO - Setting next_dagrun for example_branch_labels to 2024-03-18 00:00:00+00:00, run_after=2024-03-19 00:00:00+00:00
[2024-03-19T09:44:30.802+0000] {processor.py:183} INFO - Processing /home/airflow/.local/lib/python3.8/site-packages/airflow/example_dags/example_branch_labels.py took 0.124 seconds
[2024-03-19T09:45:00.902+0000] {processor.py:161} INFO - Started process (PID=22859) to work on /home/airflow/.local/lib/python3.8/site-packages/airflow/example_dags/example_branch_labels.py
[2024-03-19T09:45:00.904+0000] {processor.py:830} INFO - Processing file /home/airflow/.local/lib/python3.8/site-packages/airflow/example_dags/example_branch_labels.py for tasks to queue
[2024-03-19T09:45:00.906+0000] {logging_mixin.py:188} INFO - [2024-03-19T09:45:00.906+0000] {dagbag.py:540} INFO - Filling up the DagBag from /home/airflow/.local/lib/python3.8/site-packages/airflow/example_dags/example_branch_labels.py
[2024-03-19T09:45:00.916+0000] {processor.py:840} INFO - DAG(s) 'example_branch_labels' retrieved from /home/airflow/.local/lib/python3.8/site-packages/airflow/example_dags/example_branch_labels.py
[2024-03-19T09:45:00.947+0000] {logging_mixin.py:188} INFO - [2024-03-19T09:45:00.947+0000] {dag.py:3047} INFO - Sync 1 DAGs
[2024-03-19T09:45:00.980+0000] {logging_mixin.py:188} INFO - [2024-03-19T09:45:00.980+0000] {dag.py:3834} INFO - Setting next_dagrun for example_branch_labels to 2024-03-18 00:00:00+00:00, run_after=2024-03-19 00:00:00+00:00
[2024-03-19T09:45:01.004+0000] {processor.py:183} INFO - Processing /home/airflow/.local/lib/python3.8/site-packages/airflow/example_dags/example_branch_labels.py took 0.108 seconds
[2024-03-19T09:45:45.625+0000] {processor.py:161} INFO - Started process (PID=22915) to work on /home/airflow/.local/lib/python3.8/site-packages/airflow/example_dags/example_branch_labels.py
[2024-03-19T09:45:45.629+0000] {processor.py:830} INFO - Processing file /home/airflow/.local/lib/python3.8/site-packages/airflow/example_dags/example_branch_labels.py for tasks to queue
[2024-03-19T09:45:45.632+0000] {logging_mixin.py:188} INFO - [2024-03-19T09:45:45.631+0000] {dagbag.py:540} INFO - Filling up the DagBag from /home/airflow/.local/lib/python3.8/site-packages/airflow/example_dags/example_branch_labels.py
[2024-03-19T09:45:45.674+0000] {processor.py:840} INFO - DAG(s) 'example_branch_labels' retrieved from /home/airflow/.local/lib/python3.8/site-packages/airflow/example_dags/example_branch_labels.py
[2024-03-19T09:45:45.870+0000] {logging_mixin.py:188} INFO - [2024-03-19T09:45:45.869+0000] {dag.py:3047} INFO - Sync 1 DAGs
[2024-03-19T09:45:46.061+0000] {logging_mixin.py:188} INFO - [2024-03-19T09:45:46.060+0000] {dag.py:3834} INFO - Setting next_dagrun for example_branch_labels to 2024-03-18 00:00:00+00:00, run_after=2024-03-19 00:00:00+00:00
[2024-03-19T09:45:46.377+0000] {processor.py:183} INFO - Processing /home/airflow/.local/lib/python3.8/site-packages/airflow/example_dags/example_branch_labels.py took 0.770 seconds
[2024-03-19T09:46:18.420+0000] {processor.py:161} INFO - Started process (PID=22969) to work on /home/airflow/.local/lib/python3.8/site-packages/airflow/example_dags/example_branch_labels.py
[2024-03-19T09:46:18.425+0000] {processor.py:830} INFO - Processing file /home/airflow/.local/lib/python3.8/site-packages/airflow/example_dags/example_branch_labels.py for tasks to queue
[2024-03-19T09:46:18.428+0000] {logging_mixin.py:188} INFO - [2024-03-19T09:46:18.427+0000] {dagbag.py:540} INFO - Filling up the DagBag from /home/airflow/.local/lib/python3.8/site-packages/airflow/example_dags/example_branch_labels.py
[2024-03-19T09:46:18.456+0000] {processor.py:840} INFO - DAG(s) 'example_branch_labels' retrieved from /home/airflow/.local/lib/python3.8/site-packages/airflow/example_dags/example_branch_labels.py
[2024-03-19T09:46:18.566+0000] {logging_mixin.py:188} INFO - [2024-03-19T09:46:18.565+0000] {dag.py:3047} INFO - Sync 1 DAGs
[2024-03-19T09:46:18.692+0000] {logging_mixin.py:188} INFO - [2024-03-19T09:46:18.691+0000] {dag.py:3834} INFO - Setting next_dagrun for example_branch_labels to 2024-03-18 00:00:00+00:00, run_after=2024-03-19 00:00:00+00:00
[2024-03-19T09:46:18.765+0000] {processor.py:183} INFO - Processing /home/airflow/.local/lib/python3.8/site-packages/airflow/example_dags/example_branch_labels.py took 0.353 seconds
[2024-03-19T09:46:49.682+0000] {processor.py:161} INFO - Started process (PID=23024) to work on /home/airflow/.local/lib/python3.8/site-packages/airflow/example_dags/example_branch_labels.py
[2024-03-19T09:46:49.686+0000] {processor.py:830} INFO - Processing file /home/airflow/.local/lib/python3.8/site-packages/airflow/example_dags/example_branch_labels.py for tasks to queue
[2024-03-19T09:46:49.696+0000] {logging_mixin.py:188} INFO - [2024-03-19T09:46:49.695+0000] {dagbag.py:540} INFO - Filling up the DagBag from /home/airflow/.local/lib/python3.8/site-packages/airflow/example_dags/example_branch_labels.py
[2024-03-19T09:46:49.716+0000] {processor.py:840} INFO - DAG(s) 'example_branch_labels' retrieved from /home/airflow/.local/lib/python3.8/site-packages/airflow/example_dags/example_branch_labels.py
[2024-03-19T09:46:49.782+0000] {logging_mixin.py:188} INFO - [2024-03-19T09:46:49.782+0000] {dag.py:3047} INFO - Sync 1 DAGs
[2024-03-19T09:46:49.864+0000] {logging_mixin.py:188} INFO - [2024-03-19T09:46:49.863+0000] {dag.py:3834} INFO - Setting next_dagrun for example_branch_labels to 2024-03-18 00:00:00+00:00, run_after=2024-03-19 00:00:00+00:00
[2024-03-19T09:46:49.911+0000] {processor.py:183} INFO - Processing /home/airflow/.local/lib/python3.8/site-packages/airflow/example_dags/example_branch_labels.py took 0.234 seconds
[2024-03-19T09:47:21.196+0000] {processor.py:161} INFO - Started process (PID=23077) to work on /home/airflow/.local/lib/python3.8/site-packages/airflow/example_dags/example_branch_labels.py
[2024-03-19T09:47:21.198+0000] {processor.py:830} INFO - Processing file /home/airflow/.local/lib/python3.8/site-packages/airflow/example_dags/example_branch_labels.py for tasks to queue
[2024-03-19T09:47:21.200+0000] {logging_mixin.py:188} INFO - [2024-03-19T09:47:21.199+0000] {dagbag.py:540} INFO - Filling up the DagBag from /home/airflow/.local/lib/python3.8/site-packages/airflow/example_dags/example_branch_labels.py
[2024-03-19T09:47:21.210+0000] {processor.py:840} INFO - DAG(s) 'example_branch_labels' retrieved from /home/airflow/.local/lib/python3.8/site-packages/airflow/example_dags/example_branch_labels.py
[2024-03-19T09:47:21.255+0000] {logging_mixin.py:188} INFO - [2024-03-19T09:47:21.254+0000] {dag.py:3047} INFO - Sync 1 DAGs
[2024-03-19T09:47:21.313+0000] {logging_mixin.py:188} INFO - [2024-03-19T09:47:21.313+0000] {dag.py:3834} INFO - Setting next_dagrun for example_branch_labels to 2024-03-18 00:00:00+00:00, run_after=2024-03-19 00:00:00+00:00
[2024-03-19T09:47:21.347+0000] {processor.py:183} INFO - Processing /home/airflow/.local/lib/python3.8/site-packages/airflow/example_dags/example_branch_labels.py took 0.157 seconds
[2024-03-19T09:47:52.109+0000] {processor.py:161} INFO - Started process (PID=23132) to work on /home/airflow/.local/lib/python3.8/site-packages/airflow/example_dags/example_branch_labels.py
[2024-03-19T09:47:52.112+0000] {processor.py:830} INFO - Processing file /home/airflow/.local/lib/python3.8/site-packages/airflow/example_dags/example_branch_labels.py for tasks to queue
[2024-03-19T09:47:52.115+0000] {logging_mixin.py:188} INFO - [2024-03-19T09:47:52.114+0000] {dagbag.py:540} INFO - Filling up the DagBag from /home/airflow/.local/lib/python3.8/site-packages/airflow/example_dags/example_branch_labels.py
[2024-03-19T09:47:52.127+0000] {processor.py:840} INFO - DAG(s) 'example_branch_labels' retrieved from /home/airflow/.local/lib/python3.8/site-packages/airflow/example_dags/example_branch_labels.py
[2024-03-19T09:47:52.164+0000] {logging_mixin.py:188} INFO - [2024-03-19T09:47:52.164+0000] {dag.py:3047} INFO - Sync 1 DAGs
[2024-03-19T09:47:52.203+0000] {logging_mixin.py:188} INFO - [2024-03-19T09:47:52.203+0000] {dag.py:3834} INFO - Setting next_dagrun for example_branch_labels to 2024-03-18 00:00:00+00:00, run_after=2024-03-19 00:00:00+00:00
[2024-03-19T09:47:52.236+0000] {processor.py:183} INFO - Processing /home/airflow/.local/lib/python3.8/site-packages/airflow/example_dags/example_branch_labels.py took 0.132 seconds
[2024-03-19T09:48:22.971+0000] {processor.py:161} INFO - Started process (PID=23187) to work on /home/airflow/.local/lib/python3.8/site-packages/airflow/example_dags/example_branch_labels.py
[2024-03-19T09:48:22.975+0000] {processor.py:830} INFO - Processing file /home/airflow/.local/lib/python3.8/site-packages/airflow/example_dags/example_branch_labels.py for tasks to queue
[2024-03-19T09:48:22.981+0000] {logging_mixin.py:188} INFO - [2024-03-19T09:48:22.980+0000] {dagbag.py:540} INFO - Filling up the DagBag from /home/airflow/.local/lib/python3.8/site-packages/airflow/example_dags/example_branch_labels.py
[2024-03-19T09:48:23.004+0000] {processor.py:840} INFO - DAG(s) 'example_branch_labels' retrieved from /home/airflow/.local/lib/python3.8/site-packages/airflow/example_dags/example_branch_labels.py
[2024-03-19T09:48:23.066+0000] {logging_mixin.py:188} INFO - [2024-03-19T09:48:23.066+0000] {dag.py:3047} INFO - Sync 1 DAGs
[2024-03-19T09:48:23.126+0000] {logging_mixin.py:188} INFO - [2024-03-19T09:48:23.125+0000] {dag.py:3834} INFO - Setting next_dagrun for example_branch_labels to 2024-03-18 00:00:00+00:00, run_after=2024-03-19 00:00:00+00:00
[2024-03-19T09:48:23.169+0000] {processor.py:183} INFO - Processing /home/airflow/.local/lib/python3.8/site-packages/airflow/example_dags/example_branch_labels.py took 0.209 seconds
[2024-03-19T09:48:55.417+0000] {processor.py:161} INFO - Started process (PID=23242) to work on /home/airflow/.local/lib/python3.8/site-packages/airflow/example_dags/example_branch_labels.py
[2024-03-19T09:48:55.429+0000] {processor.py:830} INFO - Processing file /home/airflow/.local/lib/python3.8/site-packages/airflow/example_dags/example_branch_labels.py for tasks to queue
[2024-03-19T09:48:55.435+0000] {logging_mixin.py:188} INFO - [2024-03-19T09:48:55.434+0000] {dagbag.py:540} INFO - Filling up the DagBag from /home/airflow/.local/lib/python3.8/site-packages/airflow/example_dags/example_branch_labels.py
[2024-03-19T09:48:55.470+0000] {processor.py:840} INFO - DAG(s) 'example_branch_labels' retrieved from /home/airflow/.local/lib/python3.8/site-packages/airflow/example_dags/example_branch_labels.py
[2024-03-19T09:48:55.653+0000] {logging_mixin.py:188} INFO - [2024-03-19T09:48:55.652+0000] {dag.py:3047} INFO - Sync 1 DAGs
[2024-03-19T09:48:55.891+0000] {logging_mixin.py:188} INFO - [2024-03-19T09:48:55.890+0000] {dag.py:3834} INFO - Setting next_dagrun for example_branch_labels to 2024-03-18 00:00:00+00:00, run_after=2024-03-19 00:00:00+00:00
[2024-03-19T09:48:55.955+0000] {processor.py:183} INFO - Processing /home/airflow/.local/lib/python3.8/site-packages/airflow/example_dags/example_branch_labels.py took 0.557 seconds
[2024-03-19T09:49:26.169+0000] {processor.py:161} INFO - Started process (PID=23297) to work on /home/airflow/.local/lib/python3.8/site-packages/airflow/example_dags/example_branch_labels.py
[2024-03-19T09:49:26.175+0000] {processor.py:830} INFO - Processing file /home/airflow/.local/lib/python3.8/site-packages/airflow/example_dags/example_branch_labels.py for tasks to queue
[2024-03-19T09:49:26.178+0000] {logging_mixin.py:188} INFO - [2024-03-19T09:49:26.177+0000] {dagbag.py:540} INFO - Filling up the DagBag from /home/airflow/.local/lib/python3.8/site-packages/airflow/example_dags/example_branch_labels.py
[2024-03-19T09:49:26.188+0000] {processor.py:840} INFO - DAG(s) 'example_branch_labels' retrieved from /home/airflow/.local/lib/python3.8/site-packages/airflow/example_dags/example_branch_labels.py
[2024-03-19T09:49:26.220+0000] {logging_mixin.py:188} INFO - [2024-03-19T09:49:26.220+0000] {dag.py:3047} INFO - Sync 1 DAGs
[2024-03-19T09:49:26.248+0000] {logging_mixin.py:188} INFO - [2024-03-19T09:49:26.248+0000] {dag.py:3834} INFO - Setting next_dagrun for example_branch_labels to 2024-03-18 00:00:00+00:00, run_after=2024-03-19 00:00:00+00:00
[2024-03-19T09:49:26.284+0000] {processor.py:183} INFO - Processing /home/airflow/.local/lib/python3.8/site-packages/airflow/example_dags/example_branch_labels.py took 0.120 seconds
[2024-03-19T09:49:57.760+0000] {processor.py:161} INFO - Started process (PID=23351) to work on /home/airflow/.local/lib/python3.8/site-packages/airflow/example_dags/example_branch_labels.py
[2024-03-19T09:49:57.764+0000] {processor.py:830} INFO - Processing file /home/airflow/.local/lib/python3.8/site-packages/airflow/example_dags/example_branch_labels.py for tasks to queue
[2024-03-19T09:49:57.771+0000] {logging_mixin.py:188} INFO - [2024-03-19T09:49:57.769+0000] {dagbag.py:540} INFO - Filling up the DagBag from /home/airflow/.local/lib/python3.8/site-packages/airflow/example_dags/example_branch_labels.py
[2024-03-19T09:49:57.795+0000] {processor.py:840} INFO - DAG(s) 'example_branch_labels' retrieved from /home/airflow/.local/lib/python3.8/site-packages/airflow/example_dags/example_branch_labels.py
[2024-03-19T09:49:57.860+0000] {logging_mixin.py:188} INFO - [2024-03-19T09:49:57.859+0000] {dag.py:3047} INFO - Sync 1 DAGs
[2024-03-19T09:49:57.912+0000] {logging_mixin.py:188} INFO - [2024-03-19T09:49:57.911+0000] {dag.py:3834} INFO - Setting next_dagrun for example_branch_labels to 2024-03-18 00:00:00+00:00, run_after=2024-03-19 00:00:00+00:00
[2024-03-19T09:49:57.962+0000] {processor.py:183} INFO - Processing /home/airflow/.local/lib/python3.8/site-packages/airflow/example_dags/example_branch_labels.py took 0.212 seconds
[2024-03-19T09:50:28.950+0000] {processor.py:161} INFO - Started process (PID=23406) to work on /home/airflow/.local/lib/python3.8/site-packages/airflow/example_dags/example_branch_labels.py
[2024-03-19T09:50:28.954+0000] {processor.py:830} INFO - Processing file /home/airflow/.local/lib/python3.8/site-packages/airflow/example_dags/example_branch_labels.py for tasks to queue
[2024-03-19T09:50:28.964+0000] {logging_mixin.py:188} INFO - [2024-03-19T09:50:28.963+0000] {dagbag.py:540} INFO - Filling up the DagBag from /home/airflow/.local/lib/python3.8/site-packages/airflow/example_dags/example_branch_labels.py
[2024-03-19T09:50:29.012+0000] {processor.py:840} INFO - DAG(s) 'example_branch_labels' retrieved from /home/airflow/.local/lib/python3.8/site-packages/airflow/example_dags/example_branch_labels.py
[2024-03-19T09:50:29.415+0000] {logging_mixin.py:188} INFO - [2024-03-19T09:50:29.415+0000] {dag.py:3047} INFO - Sync 1 DAGs
[2024-03-19T09:50:29.531+0000] {logging_mixin.py:188} INFO - [2024-03-19T09:50:29.531+0000] {dag.py:3834} INFO - Setting next_dagrun for example_branch_labels to 2024-03-18 00:00:00+00:00, run_after=2024-03-19 00:00:00+00:00
[2024-03-19T09:50:29.649+0000] {processor.py:183} INFO - Processing /home/airflow/.local/lib/python3.8/site-packages/airflow/example_dags/example_branch_labels.py took 0.707 seconds
[2024-03-19T09:51:05.702+0000] {processor.py:161} INFO - Started process (PID=23465) to work on /home/airflow/.local/lib/python3.8/site-packages/airflow/example_dags/example_branch_labels.py
[2024-03-19T09:51:05.734+0000] {processor.py:830} INFO - Processing file /home/airflow/.local/lib/python3.8/site-packages/airflow/example_dags/example_branch_labels.py for tasks to queue
[2024-03-19T09:51:05.739+0000] {logging_mixin.py:188} INFO - [2024-03-19T09:51:05.737+0000] {dagbag.py:540} INFO - Filling up the DagBag from /home/airflow/.local/lib/python3.8/site-packages/airflow/example_dags/example_branch_labels.py
[2024-03-19T09:51:05.839+0000] {processor.py:840} INFO - DAG(s) 'example_branch_labels' retrieved from /home/airflow/.local/lib/python3.8/site-packages/airflow/example_dags/example_branch_labels.py
[2024-03-19T09:51:06.122+0000] {logging_mixin.py:188} INFO - [2024-03-19T09:51:06.121+0000] {dag.py:3047} INFO - Sync 1 DAGs
[2024-03-19T09:51:06.407+0000] {logging_mixin.py:188} INFO - [2024-03-19T09:51:06.406+0000] {dag.py:3834} INFO - Setting next_dagrun for example_branch_labels to 2024-03-18 00:00:00+00:00, run_after=2024-03-19 00:00:00+00:00
[2024-03-19T09:51:06.530+0000] {processor.py:183} INFO - Processing /home/airflow/.local/lib/python3.8/site-packages/airflow/example_dags/example_branch_labels.py took 0.849 seconds
[2024-03-19T09:51:37.539+0000] {processor.py:161} INFO - Started process (PID=23520) to work on /home/airflow/.local/lib/python3.8/site-packages/airflow/example_dags/example_branch_labels.py
[2024-03-19T09:51:37.541+0000] {processor.py:830} INFO - Processing file /home/airflow/.local/lib/python3.8/site-packages/airflow/example_dags/example_branch_labels.py for tasks to queue
[2024-03-19T09:51:37.544+0000] {logging_mixin.py:188} INFO - [2024-03-19T09:51:37.543+0000] {dagbag.py:540} INFO - Filling up the DagBag from /home/airflow/.local/lib/python3.8/site-packages/airflow/example_dags/example_branch_labels.py
[2024-03-19T09:51:37.556+0000] {processor.py:840} INFO - DAG(s) 'example_branch_labels' retrieved from /home/airflow/.local/lib/python3.8/site-packages/airflow/example_dags/example_branch_labels.py
[2024-03-19T09:51:37.593+0000] {logging_mixin.py:188} INFO - [2024-03-19T09:51:37.593+0000] {dag.py:3047} INFO - Sync 1 DAGs
[2024-03-19T09:51:37.631+0000] {logging_mixin.py:188} INFO - [2024-03-19T09:51:37.631+0000] {dag.py:3834} INFO - Setting next_dagrun for example_branch_labels to 2024-03-18 00:00:00+00:00, run_after=2024-03-19 00:00:00+00:00
[2024-03-19T09:51:37.660+0000] {processor.py:183} INFO - Processing /home/airflow/.local/lib/python3.8/site-packages/airflow/example_dags/example_branch_labels.py took 0.126 seconds
[2024-03-19T09:52:07.862+0000] {processor.py:161} INFO - Started process (PID=23575) to work on /home/airflow/.local/lib/python3.8/site-packages/airflow/example_dags/example_branch_labels.py
[2024-03-19T09:52:07.864+0000] {processor.py:830} INFO - Processing file /home/airflow/.local/lib/python3.8/site-packages/airflow/example_dags/example_branch_labels.py for tasks to queue
[2024-03-19T09:52:07.865+0000] {logging_mixin.py:188} INFO - [2024-03-19T09:52:07.864+0000] {dagbag.py:540} INFO - Filling up the DagBag from /home/airflow/.local/lib/python3.8/site-packages/airflow/example_dags/example_branch_labels.py
[2024-03-19T09:52:07.877+0000] {processor.py:840} INFO - DAG(s) 'example_branch_labels' retrieved from /home/airflow/.local/lib/python3.8/site-packages/airflow/example_dags/example_branch_labels.py
[2024-03-19T09:52:07.910+0000] {logging_mixin.py:188} INFO - [2024-03-19T09:52:07.909+0000] {dag.py:3047} INFO - Sync 1 DAGs
[2024-03-19T09:52:07.942+0000] {logging_mixin.py:188} INFO - [2024-03-19T09:52:07.942+0000] {dag.py:3834} INFO - Setting next_dagrun for example_branch_labels to 2024-03-18 00:00:00+00:00, run_after=2024-03-19 00:00:00+00:00
[2024-03-19T09:52:07.995+0000] {processor.py:183} INFO - Processing /home/airflow/.local/lib/python3.8/site-packages/airflow/example_dags/example_branch_labels.py took 0.137 seconds
[2024-03-19T09:52:38.927+0000] {processor.py:161} INFO - Started process (PID=23628) to work on /home/airflow/.local/lib/python3.8/site-packages/airflow/example_dags/example_branch_labels.py
[2024-03-19T09:52:39.019+0000] {processor.py:830} INFO - Processing file /home/airflow/.local/lib/python3.8/site-packages/airflow/example_dags/example_branch_labels.py for tasks to queue
[2024-03-19T09:52:39.023+0000] {logging_mixin.py:188} INFO - [2024-03-19T09:52:39.022+0000] {dagbag.py:540} INFO - Filling up the DagBag from /home/airflow/.local/lib/python3.8/site-packages/airflow/example_dags/example_branch_labels.py
[2024-03-19T09:52:39.155+0000] {processor.py:840} INFO - DAG(s) 'example_branch_labels' retrieved from /home/airflow/.local/lib/python3.8/site-packages/airflow/example_dags/example_branch_labels.py
[2024-03-19T09:52:40.457+0000] {logging_mixin.py:188} INFO - [2024-03-19T09:52:40.457+0000] {dag.py:3047} INFO - Sync 1 DAGs
[2024-03-19T09:52:40.615+0000] {logging_mixin.py:188} INFO - [2024-03-19T09:52:40.614+0000] {dag.py:3834} INFO - Setting next_dagrun for example_branch_labels to 2024-03-18 00:00:00+00:00, run_after=2024-03-19 00:00:00+00:00
[2024-03-19T09:52:40.778+0000] {processor.py:183} INFO - Processing /home/airflow/.local/lib/python3.8/site-packages/airflow/example_dags/example_branch_labels.py took 1.860 seconds
[2024-03-19T09:53:11.313+0000] {processor.py:161} INFO - Started process (PID=23683) to work on /home/airflow/.local/lib/python3.8/site-packages/airflow/example_dags/example_branch_labels.py
[2024-03-19T09:53:11.315+0000] {processor.py:830} INFO - Processing file /home/airflow/.local/lib/python3.8/site-packages/airflow/example_dags/example_branch_labels.py for tasks to queue
[2024-03-19T09:53:11.317+0000] {logging_mixin.py:188} INFO - [2024-03-19T09:53:11.316+0000] {dagbag.py:540} INFO - Filling up the DagBag from /home/airflow/.local/lib/python3.8/site-packages/airflow/example_dags/example_branch_labels.py
[2024-03-19T09:53:11.328+0000] {processor.py:840} INFO - DAG(s) 'example_branch_labels' retrieved from /home/airflow/.local/lib/python3.8/site-packages/airflow/example_dags/example_branch_labels.py
[2024-03-19T09:53:11.357+0000] {logging_mixin.py:188} INFO - [2024-03-19T09:53:11.357+0000] {dag.py:3047} INFO - Sync 1 DAGs
[2024-03-19T09:53:11.385+0000] {logging_mixin.py:188} INFO - [2024-03-19T09:53:11.384+0000] {dag.py:3834} INFO - Setting next_dagrun for example_branch_labels to 2024-03-18 00:00:00+00:00, run_after=2024-03-19 00:00:00+00:00
[2024-03-19T09:53:11.408+0000] {processor.py:183} INFO - Processing /home/airflow/.local/lib/python3.8/site-packages/airflow/example_dags/example_branch_labels.py took 0.101 seconds
[2024-03-19T09:53:41.609+0000] {processor.py:161} INFO - Started process (PID=23738) to work on /home/airflow/.local/lib/python3.8/site-packages/airflow/example_dags/example_branch_labels.py
[2024-03-19T09:53:41.611+0000] {processor.py:830} INFO - Processing file /home/airflow/.local/lib/python3.8/site-packages/airflow/example_dags/example_branch_labels.py for tasks to queue
[2024-03-19T09:53:41.613+0000] {logging_mixin.py:188} INFO - [2024-03-19T09:53:41.612+0000] {dagbag.py:540} INFO - Filling up the DagBag from /home/airflow/.local/lib/python3.8/site-packages/airflow/example_dags/example_branch_labels.py
[2024-03-19T09:53:41.622+0000] {processor.py:840} INFO - DAG(s) 'example_branch_labels' retrieved from /home/airflow/.local/lib/python3.8/site-packages/airflow/example_dags/example_branch_labels.py
[2024-03-19T09:53:41.650+0000] {logging_mixin.py:188} INFO - [2024-03-19T09:53:41.649+0000] {dag.py:3047} INFO - Sync 1 DAGs
[2024-03-19T09:53:41.674+0000] {logging_mixin.py:188} INFO - [2024-03-19T09:53:41.674+0000] {dag.py:3834} INFO - Setting next_dagrun for example_branch_labels to 2024-03-18 00:00:00+00:00, run_after=2024-03-19 00:00:00+00:00
[2024-03-19T09:53:41.697+0000] {processor.py:183} INFO - Processing /home/airflow/.local/lib/python3.8/site-packages/airflow/example_dags/example_branch_labels.py took 0.092 seconds
[2024-03-19T09:54:11.872+0000] {processor.py:161} INFO - Started process (PID=23794) to work on /home/airflow/.local/lib/python3.8/site-packages/airflow/example_dags/example_branch_labels.py
[2024-03-19T09:54:11.873+0000] {processor.py:830} INFO - Processing file /home/airflow/.local/lib/python3.8/site-packages/airflow/example_dags/example_branch_labels.py for tasks to queue
[2024-03-19T09:54:11.875+0000] {logging_mixin.py:188} INFO - [2024-03-19T09:54:11.875+0000] {dagbag.py:540} INFO - Filling up the DagBag from /home/airflow/.local/lib/python3.8/site-packages/airflow/example_dags/example_branch_labels.py
[2024-03-19T09:54:11.884+0000] {processor.py:840} INFO - DAG(s) 'example_branch_labels' retrieved from /home/airflow/.local/lib/python3.8/site-packages/airflow/example_dags/example_branch_labels.py
[2024-03-19T09:54:11.912+0000] {logging_mixin.py:188} INFO - [2024-03-19T09:54:11.912+0000] {dag.py:3047} INFO - Sync 1 DAGs
[2024-03-19T09:54:11.939+0000] {logging_mixin.py:188} INFO - [2024-03-19T09:54:11.938+0000] {dag.py:3834} INFO - Setting next_dagrun for example_branch_labels to 2024-03-18 00:00:00+00:00, run_after=2024-03-19 00:00:00+00:00
[2024-03-19T09:54:11.969+0000] {processor.py:183} INFO - Processing /home/airflow/.local/lib/python3.8/site-packages/airflow/example_dags/example_branch_labels.py took 0.101 seconds
[2024-03-19T09:54:42.108+0000] {processor.py:161} INFO - Started process (PID=23849) to work on /home/airflow/.local/lib/python3.8/site-packages/airflow/example_dags/example_branch_labels.py
[2024-03-19T09:54:42.110+0000] {processor.py:830} INFO - Processing file /home/airflow/.local/lib/python3.8/site-packages/airflow/example_dags/example_branch_labels.py for tasks to queue
[2024-03-19T09:54:42.112+0000] {logging_mixin.py:188} INFO - [2024-03-19T09:54:42.112+0000] {dagbag.py:540} INFO - Filling up the DagBag from /home/airflow/.local/lib/python3.8/site-packages/airflow/example_dags/example_branch_labels.py
[2024-03-19T09:54:42.128+0000] {processor.py:840} INFO - DAG(s) 'example_branch_labels' retrieved from /home/airflow/.local/lib/python3.8/site-packages/airflow/example_dags/example_branch_labels.py
[2024-03-19T09:54:42.163+0000] {logging_mixin.py:188} INFO - [2024-03-19T09:54:42.163+0000] {dag.py:3047} INFO - Sync 1 DAGs
[2024-03-19T09:54:42.198+0000] {logging_mixin.py:188} INFO - [2024-03-19T09:54:42.198+0000] {dag.py:3834} INFO - Setting next_dagrun for example_branch_labels to 2024-03-18 00:00:00+00:00, run_after=2024-03-19 00:00:00+00:00
[2024-03-19T09:54:42.224+0000] {processor.py:183} INFO - Processing /home/airflow/.local/lib/python3.8/site-packages/airflow/example_dags/example_branch_labels.py took 0.121 seconds
[2024-03-19T09:55:12.620+0000] {processor.py:161} INFO - Started process (PID=23904) to work on /home/airflow/.local/lib/python3.8/site-packages/airflow/example_dags/example_branch_labels.py
[2024-03-19T09:55:12.622+0000] {processor.py:830} INFO - Processing file /home/airflow/.local/lib/python3.8/site-packages/airflow/example_dags/example_branch_labels.py for tasks to queue
[2024-03-19T09:55:12.623+0000] {logging_mixin.py:188} INFO - [2024-03-19T09:55:12.623+0000] {dagbag.py:540} INFO - Filling up the DagBag from /home/airflow/.local/lib/python3.8/site-packages/airflow/example_dags/example_branch_labels.py
[2024-03-19T09:55:12.640+0000] {processor.py:840} INFO - DAG(s) 'example_branch_labels' retrieved from /home/airflow/.local/lib/python3.8/site-packages/airflow/example_dags/example_branch_labels.py
[2024-03-19T09:55:12.684+0000] {logging_mixin.py:188} INFO - [2024-03-19T09:55:12.684+0000] {dag.py:3047} INFO - Sync 1 DAGs
[2024-03-19T09:55:12.730+0000] {logging_mixin.py:188} INFO - [2024-03-19T09:55:12.729+0000] {dag.py:3834} INFO - Setting next_dagrun for example_branch_labels to 2024-03-18 00:00:00+00:00, run_after=2024-03-19 00:00:00+00:00
[2024-03-19T09:55:12.776+0000] {processor.py:183} INFO - Processing /home/airflow/.local/lib/python3.8/site-packages/airflow/example_dags/example_branch_labels.py took 0.162 seconds
[2024-03-19T09:55:43.140+0000] {processor.py:161} INFO - Started process (PID=23959) to work on /home/airflow/.local/lib/python3.8/site-packages/airflow/example_dags/example_branch_labels.py
[2024-03-19T09:55:43.142+0000] {processor.py:830} INFO - Processing file /home/airflow/.local/lib/python3.8/site-packages/airflow/example_dags/example_branch_labels.py for tasks to queue
[2024-03-19T09:55:43.146+0000] {logging_mixin.py:188} INFO - [2024-03-19T09:55:43.146+0000] {dagbag.py:540} INFO - Filling up the DagBag from /home/airflow/.local/lib/python3.8/site-packages/airflow/example_dags/example_branch_labels.py
[2024-03-19T09:55:43.170+0000] {processor.py:840} INFO - DAG(s) 'example_branch_labels' retrieved from /home/airflow/.local/lib/python3.8/site-packages/airflow/example_dags/example_branch_labels.py
[2024-03-19T09:55:43.243+0000] {logging_mixin.py:188} INFO - [2024-03-19T09:55:43.243+0000] {dag.py:3047} INFO - Sync 1 DAGs
[2024-03-19T09:55:43.332+0000] {logging_mixin.py:188} INFO - [2024-03-19T09:55:43.331+0000] {dag.py:3834} INFO - Setting next_dagrun for example_branch_labels to 2024-03-18 00:00:00+00:00, run_after=2024-03-19 00:00:00+00:00
[2024-03-19T09:55:43.396+0000] {processor.py:183} INFO - Processing /home/airflow/.local/lib/python3.8/site-packages/airflow/example_dags/example_branch_labels.py took 0.265 seconds
[2024-03-19T09:56:14.398+0000] {processor.py:161} INFO - Started process (PID=24014) to work on /home/airflow/.local/lib/python3.8/site-packages/airflow/example_dags/example_branch_labels.py
[2024-03-19T09:56:14.399+0000] {processor.py:830} INFO - Processing file /home/airflow/.local/lib/python3.8/site-packages/airflow/example_dags/example_branch_labels.py for tasks to queue
[2024-03-19T09:56:14.401+0000] {logging_mixin.py:188} INFO - [2024-03-19T09:56:14.400+0000] {dagbag.py:540} INFO - Filling up the DagBag from /home/airflow/.local/lib/python3.8/site-packages/airflow/example_dags/example_branch_labels.py
[2024-03-19T09:56:14.413+0000] {processor.py:840} INFO - DAG(s) 'example_branch_labels' retrieved from /home/airflow/.local/lib/python3.8/site-packages/airflow/example_dags/example_branch_labels.py
[2024-03-19T09:56:14.449+0000] {logging_mixin.py:188} INFO - [2024-03-19T09:56:14.449+0000] {dag.py:3047} INFO - Sync 1 DAGs
[2024-03-19T09:56:14.480+0000] {logging_mixin.py:188} INFO - [2024-03-19T09:56:14.480+0000] {dag.py:3834} INFO - Setting next_dagrun for example_branch_labels to 2024-03-18 00:00:00+00:00, run_after=2024-03-19 00:00:00+00:00
[2024-03-19T09:56:14.508+0000] {processor.py:183} INFO - Processing /home/airflow/.local/lib/python3.8/site-packages/airflow/example_dags/example_branch_labels.py took 0.115 seconds
[2024-03-19T09:56:44.634+0000] {processor.py:161} INFO - Started process (PID=24067) to work on /home/airflow/.local/lib/python3.8/site-packages/airflow/example_dags/example_branch_labels.py
[2024-03-19T09:56:44.636+0000] {processor.py:830} INFO - Processing file /home/airflow/.local/lib/python3.8/site-packages/airflow/example_dags/example_branch_labels.py for tasks to queue
[2024-03-19T09:56:44.637+0000] {logging_mixin.py:188} INFO - [2024-03-19T09:56:44.637+0000] {dagbag.py:540} INFO - Filling up the DagBag from /home/airflow/.local/lib/python3.8/site-packages/airflow/example_dags/example_branch_labels.py
[2024-03-19T09:56:44.646+0000] {processor.py:840} INFO - DAG(s) 'example_branch_labels' retrieved from /home/airflow/.local/lib/python3.8/site-packages/airflow/example_dags/example_branch_labels.py
[2024-03-19T09:56:44.677+0000] {logging_mixin.py:188} INFO - [2024-03-19T09:56:44.676+0000] {dag.py:3047} INFO - Sync 1 DAGs
[2024-03-19T09:56:44.708+0000] {logging_mixin.py:188} INFO - [2024-03-19T09:56:44.707+0000] {dag.py:3834} INFO - Setting next_dagrun for example_branch_labels to 2024-03-18 00:00:00+00:00, run_after=2024-03-19 00:00:00+00:00
[2024-03-19T09:56:44.731+0000] {processor.py:183} INFO - Processing /home/airflow/.local/lib/python3.8/site-packages/airflow/example_dags/example_branch_labels.py took 0.102 seconds
[2024-03-19T09:57:15.127+0000] {processor.py:161} INFO - Started process (PID=24122) to work on /home/airflow/.local/lib/python3.8/site-packages/airflow/example_dags/example_branch_labels.py
[2024-03-19T09:57:15.129+0000] {processor.py:830} INFO - Processing file /home/airflow/.local/lib/python3.8/site-packages/airflow/example_dags/example_branch_labels.py for tasks to queue
[2024-03-19T09:57:15.132+0000] {logging_mixin.py:188} INFO - [2024-03-19T09:57:15.131+0000] {dagbag.py:540} INFO - Filling up the DagBag from /home/airflow/.local/lib/python3.8/site-packages/airflow/example_dags/example_branch_labels.py
[2024-03-19T09:57:15.160+0000] {processor.py:840} INFO - DAG(s) 'example_branch_labels' retrieved from /home/airflow/.local/lib/python3.8/site-packages/airflow/example_dags/example_branch_labels.py
[2024-03-19T09:57:15.265+0000] {logging_mixin.py:188} INFO - [2024-03-19T09:57:15.264+0000] {dag.py:3047} INFO - Sync 1 DAGs
[2024-03-19T09:57:15.379+0000] {logging_mixin.py:188} INFO - [2024-03-19T09:57:15.378+0000] {dag.py:3834} INFO - Setting next_dagrun for example_branch_labels to 2024-03-18 00:00:00+00:00, run_after=2024-03-19 00:00:00+00:00
[2024-03-19T09:57:15.470+0000] {processor.py:183} INFO - Processing /home/airflow/.local/lib/python3.8/site-packages/airflow/example_dags/example_branch_labels.py took 0.357 seconds
