[2024-03-19T09:44:27.083+0000] {processor.py:161} INFO - Started process (PID=22782) to work on /home/airflow/.local/lib/python3.8/site-packages/airflow/example_dags/example_nested_branch_dag.py
[2024-03-19T09:44:27.100+0000] {processor.py:830} INFO - Processing file /home/airflow/.local/lib/python3.8/site-packages/airflow/example_dags/example_nested_branch_dag.py for tasks to queue
[2024-03-19T09:44:27.103+0000] {logging_mixin.py:188} INFO - [2024-03-19T09:44:27.102+0000] {dagbag.py:540} INFO - Filling up the DagBag from /home/airflow/.local/lib/python3.8/site-packages/airflow/example_dags/example_nested_branch_dag.py
[2024-03-19T09:44:27.174+0000] {processor.py:840} INFO - DAG(s) 'example_nested_branch_dag' retrieved from /home/airflow/.local/lib/python3.8/site-packages/airflow/example_dags/example_nested_branch_dag.py
[2024-03-19T09:44:27.485+0000] {logging_mixin.py:188} INFO - [2024-03-19T09:44:27.482+0000] {dag.py:3047} INFO - Sync 1 DAGs
[2024-03-19T09:44:27.616+0000] {logging_mixin.py:188} INFO - [2024-03-19T09:44:27.609+0000] {dag.py:3834} INFO - Setting next_dagrun for example_nested_branch_dag to 2024-03-18 00:00:00+00:00, run_after=2024-03-19 00:00:00+00:00
[2024-03-19T09:44:27.740+0000] {processor.py:183} INFO - Processing /home/airflow/.local/lib/python3.8/site-packages/airflow/example_dags/example_nested_branch_dag.py took 0.678 seconds
[2024-03-19T09:44:58.571+0000] {processor.py:161} INFO - Started process (PID=22843) to work on /home/airflow/.local/lib/python3.8/site-packages/airflow/example_dags/example_nested_branch_dag.py
[2024-03-19T09:44:58.574+0000] {processor.py:830} INFO - Processing file /home/airflow/.local/lib/python3.8/site-packages/airflow/example_dags/example_nested_branch_dag.py for tasks to queue
[2024-03-19T09:44:58.575+0000] {logging_mixin.py:188} INFO - [2024-03-19T09:44:58.575+0000] {dagbag.py:540} INFO - Filling up the DagBag from /home/airflow/.local/lib/python3.8/site-packages/airflow/example_dags/example_nested_branch_dag.py
[2024-03-19T09:44:58.587+0000] {processor.py:840} INFO - DAG(s) 'example_nested_branch_dag' retrieved from /home/airflow/.local/lib/python3.8/site-packages/airflow/example_dags/example_nested_branch_dag.py
[2024-03-19T09:44:58.616+0000] {logging_mixin.py:188} INFO - [2024-03-19T09:44:58.616+0000] {dag.py:3047} INFO - Sync 1 DAGs
[2024-03-19T09:44:58.650+0000] {logging_mixin.py:188} INFO - [2024-03-19T09:44:58.650+0000] {dag.py:3834} INFO - Setting next_dagrun for example_nested_branch_dag to 2024-03-18 00:00:00+00:00, run_after=2024-03-19 00:00:00+00:00
[2024-03-19T09:44:58.679+0000] {processor.py:183} INFO - Processing /home/airflow/.local/lib/python3.8/site-packages/airflow/example_dags/example_nested_branch_dag.py took 0.111 seconds
[2024-03-19T09:45:32.927+0000] {processor.py:161} INFO - Started process (PID=22898) to work on /home/airflow/.local/lib/python3.8/site-packages/airflow/example_dags/example_nested_branch_dag.py
[2024-03-19T09:45:32.977+0000] {processor.py:830} INFO - Processing file /home/airflow/.local/lib/python3.8/site-packages/airflow/example_dags/example_nested_branch_dag.py for tasks to queue
[2024-03-19T09:45:33.025+0000] {logging_mixin.py:188} INFO - [2024-03-19T09:45:33.023+0000] {dagbag.py:540} INFO - Filling up the DagBag from /home/airflow/.local/lib/python3.8/site-packages/airflow/example_dags/example_nested_branch_dag.py
[2024-03-19T09:45:33.219+0000] {processor.py:840} INFO - DAG(s) 'example_nested_branch_dag' retrieved from /home/airflow/.local/lib/python3.8/site-packages/airflow/example_dags/example_nested_branch_dag.py
[2024-03-19T09:45:34.094+0000] {logging_mixin.py:188} INFO - [2024-03-19T09:45:34.093+0000] {dag.py:3047} INFO - Sync 1 DAGs
[2024-03-19T09:45:34.800+0000] {logging_mixin.py:188} INFO - [2024-03-19T09:45:34.799+0000] {dag.py:3834} INFO - Setting next_dagrun for example_nested_branch_dag to 2024-03-18 00:00:00+00:00, run_after=2024-03-19 00:00:00+00:00
[2024-03-19T09:45:35.462+0000] {processor.py:183} INFO - Processing /home/airflow/.local/lib/python3.8/site-packages/airflow/example_dags/example_nested_branch_dag.py took 2.558 seconds
[2024-03-19T09:46:10.362+0000] {processor.py:161} INFO - Started process (PID=22953) to work on /home/airflow/.local/lib/python3.8/site-packages/airflow/example_dags/example_nested_branch_dag.py
[2024-03-19T09:46:10.384+0000] {processor.py:830} INFO - Processing file /home/airflow/.local/lib/python3.8/site-packages/airflow/example_dags/example_nested_branch_dag.py for tasks to queue
[2024-03-19T09:46:10.402+0000] {logging_mixin.py:188} INFO - [2024-03-19T09:46:10.401+0000] {dagbag.py:540} INFO - Filling up the DagBag from /home/airflow/.local/lib/python3.8/site-packages/airflow/example_dags/example_nested_branch_dag.py
[2024-03-19T09:46:10.468+0000] {processor.py:840} INFO - DAG(s) 'example_nested_branch_dag' retrieved from /home/airflow/.local/lib/python3.8/site-packages/airflow/example_dags/example_nested_branch_dag.py
[2024-03-19T09:46:10.665+0000] {logging_mixin.py:188} INFO - [2024-03-19T09:46:10.655+0000] {dag.py:3047} INFO - Sync 1 DAGs
[2024-03-19T09:46:10.876+0000] {logging_mixin.py:188} INFO - [2024-03-19T09:46:10.875+0000] {dag.py:3834} INFO - Setting next_dagrun for example_nested_branch_dag to 2024-03-18 00:00:00+00:00, run_after=2024-03-19 00:00:00+00:00
[2024-03-19T09:46:11.019+0000] {processor.py:183} INFO - Processing /home/airflow/.local/lib/python3.8/site-packages/airflow/example_dags/example_nested_branch_dag.py took 0.720 seconds
[2024-03-19T09:46:41.411+0000] {processor.py:161} INFO - Started process (PID=23000) to work on /home/airflow/.local/lib/python3.8/site-packages/airflow/example_dags/example_nested_branch_dag.py
[2024-03-19T09:46:41.414+0000] {processor.py:830} INFO - Processing file /home/airflow/.local/lib/python3.8/site-packages/airflow/example_dags/example_nested_branch_dag.py for tasks to queue
[2024-03-19T09:46:41.416+0000] {logging_mixin.py:188} INFO - [2024-03-19T09:46:41.415+0000] {dagbag.py:540} INFO - Filling up the DagBag from /home/airflow/.local/lib/python3.8/site-packages/airflow/example_dags/example_nested_branch_dag.py
[2024-03-19T09:46:41.452+0000] {processor.py:840} INFO - DAG(s) 'example_nested_branch_dag' retrieved from /home/airflow/.local/lib/python3.8/site-packages/airflow/example_dags/example_nested_branch_dag.py
[2024-03-19T09:46:41.498+0000] {logging_mixin.py:188} INFO - [2024-03-19T09:46:41.498+0000] {dag.py:3047} INFO - Sync 1 DAGs
[2024-03-19T09:46:41.534+0000] {logging_mixin.py:188} INFO - [2024-03-19T09:46:41.534+0000] {dag.py:3834} INFO - Setting next_dagrun for example_nested_branch_dag to 2024-03-18 00:00:00+00:00, run_after=2024-03-19 00:00:00+00:00
[2024-03-19T09:46:41.571+0000] {processor.py:183} INFO - Processing /home/airflow/.local/lib/python3.8/site-packages/airflow/example_dags/example_nested_branch_dag.py took 0.168 seconds
[2024-03-19T09:47:12.425+0000] {processor.py:161} INFO - Started process (PID=23055) to work on /home/airflow/.local/lib/python3.8/site-packages/airflow/example_dags/example_nested_branch_dag.py
[2024-03-19T09:47:12.438+0000] {processor.py:830} INFO - Processing file /home/airflow/.local/lib/python3.8/site-packages/airflow/example_dags/example_nested_branch_dag.py for tasks to queue
[2024-03-19T09:47:12.441+0000] {logging_mixin.py:188} INFO - [2024-03-19T09:47:12.440+0000] {dagbag.py:540} INFO - Filling up the DagBag from /home/airflow/.local/lib/python3.8/site-packages/airflow/example_dags/example_nested_branch_dag.py
[2024-03-19T09:47:12.552+0000] {processor.py:840} INFO - DAG(s) 'example_nested_branch_dag' retrieved from /home/airflow/.local/lib/python3.8/site-packages/airflow/example_dags/example_nested_branch_dag.py
[2024-03-19T09:47:12.781+0000] {logging_mixin.py:188} INFO - [2024-03-19T09:47:12.780+0000] {dag.py:3047} INFO - Sync 1 DAGs
[2024-03-19T09:47:12.954+0000] {logging_mixin.py:188} INFO - [2024-03-19T09:47:12.953+0000] {dag.py:3834} INFO - Setting next_dagrun for example_nested_branch_dag to 2024-03-18 00:00:00+00:00, run_after=2024-03-19 00:00:00+00:00
[2024-03-19T09:47:13.140+0000] {processor.py:183} INFO - Processing /home/airflow/.local/lib/python3.8/site-packages/airflow/example_dags/example_nested_branch_dag.py took 0.735 seconds
[2024-03-19T09:47:44.011+0000] {processor.py:161} INFO - Started process (PID=23110) to work on /home/airflow/.local/lib/python3.8/site-packages/airflow/example_dags/example_nested_branch_dag.py
[2024-03-19T09:47:44.027+0000] {processor.py:830} INFO - Processing file /home/airflow/.local/lib/python3.8/site-packages/airflow/example_dags/example_nested_branch_dag.py for tasks to queue
[2024-03-19T09:47:44.034+0000] {logging_mixin.py:188} INFO - [2024-03-19T09:47:44.031+0000] {dagbag.py:540} INFO - Filling up the DagBag from /home/airflow/.local/lib/python3.8/site-packages/airflow/example_dags/example_nested_branch_dag.py
[2024-03-19T09:47:44.175+0000] {processor.py:840} INFO - DAG(s) 'example_nested_branch_dag' retrieved from /home/airflow/.local/lib/python3.8/site-packages/airflow/example_dags/example_nested_branch_dag.py
[2024-03-19T09:47:44.833+0000] {logging_mixin.py:188} INFO - [2024-03-19T09:47:44.831+0000] {dag.py:3047} INFO - Sync 1 DAGs
[2024-03-19T09:47:45.164+0000] {logging_mixin.py:188} INFO - [2024-03-19T09:47:45.163+0000] {dag.py:3834} INFO - Setting next_dagrun for example_nested_branch_dag to 2024-03-18 00:00:00+00:00, run_after=2024-03-19 00:00:00+00:00
[2024-03-19T09:47:45.699+0000] {processor.py:183} INFO - Processing /home/airflow/.local/lib/python3.8/site-packages/airflow/example_dags/example_nested_branch_dag.py took 1.759 seconds
[2024-03-19T09:48:16.502+0000] {processor.py:161} INFO - Started process (PID=23165) to work on /home/airflow/.local/lib/python3.8/site-packages/airflow/example_dags/example_nested_branch_dag.py
[2024-03-19T09:48:16.512+0000] {processor.py:830} INFO - Processing file /home/airflow/.local/lib/python3.8/site-packages/airflow/example_dags/example_nested_branch_dag.py for tasks to queue
[2024-03-19T09:48:16.518+0000] {logging_mixin.py:188} INFO - [2024-03-19T09:48:16.516+0000] {dagbag.py:540} INFO - Filling up the DagBag from /home/airflow/.local/lib/python3.8/site-packages/airflow/example_dags/example_nested_branch_dag.py
[2024-03-19T09:48:16.566+0000] {processor.py:840} INFO - DAG(s) 'example_nested_branch_dag' retrieved from /home/airflow/.local/lib/python3.8/site-packages/airflow/example_dags/example_nested_branch_dag.py
[2024-03-19T09:48:16.642+0000] {logging_mixin.py:188} INFO - [2024-03-19T09:48:16.641+0000] {dag.py:3047} INFO - Sync 1 DAGs
[2024-03-19T09:48:16.795+0000] {logging_mixin.py:188} INFO - [2024-03-19T09:48:16.795+0000] {dag.py:3834} INFO - Setting next_dagrun for example_nested_branch_dag to 2024-03-18 00:00:00+00:00, run_after=2024-03-19 00:00:00+00:00
[2024-03-19T09:48:16.887+0000] {processor.py:183} INFO - Processing /home/airflow/.local/lib/python3.8/site-packages/airflow/example_dags/example_nested_branch_dag.py took 0.411 seconds
[2024-03-19T09:48:47.786+0000] {processor.py:161} INFO - Started process (PID=23226) to work on /home/airflow/.local/lib/python3.8/site-packages/airflow/example_dags/example_nested_branch_dag.py
[2024-03-19T09:48:47.788+0000] {processor.py:830} INFO - Processing file /home/airflow/.local/lib/python3.8/site-packages/airflow/example_dags/example_nested_branch_dag.py for tasks to queue
[2024-03-19T09:48:47.790+0000] {logging_mixin.py:188} INFO - [2024-03-19T09:48:47.789+0000] {dagbag.py:540} INFO - Filling up the DagBag from /home/airflow/.local/lib/python3.8/site-packages/airflow/example_dags/example_nested_branch_dag.py
[2024-03-19T09:48:47.800+0000] {processor.py:840} INFO - DAG(s) 'example_nested_branch_dag' retrieved from /home/airflow/.local/lib/python3.8/site-packages/airflow/example_dags/example_nested_branch_dag.py
[2024-03-19T09:48:47.826+0000] {logging_mixin.py:188} INFO - [2024-03-19T09:48:47.826+0000] {dag.py:3047} INFO - Sync 1 DAGs
[2024-03-19T09:48:47.852+0000] {logging_mixin.py:188} INFO - [2024-03-19T09:48:47.852+0000] {dag.py:3834} INFO - Setting next_dagrun for example_nested_branch_dag to 2024-03-18 00:00:00+00:00, run_after=2024-03-19 00:00:00+00:00
[2024-03-19T09:48:47.876+0000] {processor.py:183} INFO - Processing /home/airflow/.local/lib/python3.8/site-packages/airflow/example_dags/example_nested_branch_dag.py took 0.096 seconds
[2024-03-19T09:49:18.087+0000] {processor.py:161} INFO - Started process (PID=23281) to work on /home/airflow/.local/lib/python3.8/site-packages/airflow/example_dags/example_nested_branch_dag.py
[2024-03-19T09:49:18.089+0000] {processor.py:830} INFO - Processing file /home/airflow/.local/lib/python3.8/site-packages/airflow/example_dags/example_nested_branch_dag.py for tasks to queue
[2024-03-19T09:49:18.090+0000] {logging_mixin.py:188} INFO - [2024-03-19T09:49:18.090+0000] {dagbag.py:540} INFO - Filling up the DagBag from /home/airflow/.local/lib/python3.8/site-packages/airflow/example_dags/example_nested_branch_dag.py
[2024-03-19T09:49:18.100+0000] {processor.py:840} INFO - DAG(s) 'example_nested_branch_dag' retrieved from /home/airflow/.local/lib/python3.8/site-packages/airflow/example_dags/example_nested_branch_dag.py
[2024-03-19T09:49:18.128+0000] {logging_mixin.py:188} INFO - [2024-03-19T09:49:18.128+0000] {dag.py:3047} INFO - Sync 1 DAGs
[2024-03-19T09:49:18.154+0000] {logging_mixin.py:188} INFO - [2024-03-19T09:49:18.153+0000] {dag.py:3834} INFO - Setting next_dagrun for example_nested_branch_dag to 2024-03-18 00:00:00+00:00, run_after=2024-03-19 00:00:00+00:00
[2024-03-19T09:49:18.179+0000] {processor.py:183} INFO - Processing /home/airflow/.local/lib/python3.8/site-packages/airflow/example_dags/example_nested_branch_dag.py took 0.097 seconds
[2024-03-19T09:49:48.813+0000] {processor.py:161} INFO - Started process (PID=23335) to work on /home/airflow/.local/lib/python3.8/site-packages/airflow/example_dags/example_nested_branch_dag.py
[2024-03-19T09:49:48.816+0000] {processor.py:830} INFO - Processing file /home/airflow/.local/lib/python3.8/site-packages/airflow/example_dags/example_nested_branch_dag.py for tasks to queue
[2024-03-19T09:49:48.819+0000] {logging_mixin.py:188} INFO - [2024-03-19T09:49:48.818+0000] {dagbag.py:540} INFO - Filling up the DagBag from /home/airflow/.local/lib/python3.8/site-packages/airflow/example_dags/example_nested_branch_dag.py
[2024-03-19T09:49:48.843+0000] {processor.py:840} INFO - DAG(s) 'example_nested_branch_dag' retrieved from /home/airflow/.local/lib/python3.8/site-packages/airflow/example_dags/example_nested_branch_dag.py
[2024-03-19T09:49:48.905+0000] {logging_mixin.py:188} INFO - [2024-03-19T09:49:48.904+0000] {dag.py:3047} INFO - Sync 1 DAGs
[2024-03-19T09:49:48.949+0000] {logging_mixin.py:188} INFO - [2024-03-19T09:49:48.948+0000] {dag.py:3834} INFO - Setting next_dagrun for example_nested_branch_dag to 2024-03-18 00:00:00+00:00, run_after=2024-03-19 00:00:00+00:00
[2024-03-19T09:49:49.022+0000] {processor.py:183} INFO - Processing /home/airflow/.local/lib/python3.8/site-packages/airflow/example_dags/example_nested_branch_dag.py took 0.218 seconds
[2024-03-19T09:50:19.769+0000] {processor.py:161} INFO - Started process (PID=23390) to work on /home/airflow/.local/lib/python3.8/site-packages/airflow/example_dags/example_nested_branch_dag.py
[2024-03-19T09:50:19.770+0000] {processor.py:830} INFO - Processing file /home/airflow/.local/lib/python3.8/site-packages/airflow/example_dags/example_nested_branch_dag.py for tasks to queue
[2024-03-19T09:50:19.772+0000] {logging_mixin.py:188} INFO - [2024-03-19T09:50:19.772+0000] {dagbag.py:540} INFO - Filling up the DagBag from /home/airflow/.local/lib/python3.8/site-packages/airflow/example_dags/example_nested_branch_dag.py
[2024-03-19T09:50:19.788+0000] {processor.py:840} INFO - DAG(s) 'example_nested_branch_dag' retrieved from /home/airflow/.local/lib/python3.8/site-packages/airflow/example_dags/example_nested_branch_dag.py
[2024-03-19T09:50:19.834+0000] {logging_mixin.py:188} INFO - [2024-03-19T09:50:19.833+0000] {dag.py:3047} INFO - Sync 1 DAGs
[2024-03-19T09:50:19.873+0000] {logging_mixin.py:188} INFO - [2024-03-19T09:50:19.872+0000] {dag.py:3834} INFO - Setting next_dagrun for example_nested_branch_dag to 2024-03-18 00:00:00+00:00, run_after=2024-03-19 00:00:00+00:00
[2024-03-19T09:50:19.947+0000] {processor.py:183} INFO - Processing /home/airflow/.local/lib/python3.8/site-packages/airflow/example_dags/example_nested_branch_dag.py took 0.183 seconds
[2024-03-19T09:50:51.435+0000] {processor.py:161} INFO - Started process (PID=23445) to work on /home/airflow/.local/lib/python3.8/site-packages/airflow/example_dags/example_nested_branch_dag.py
[2024-03-19T09:50:51.453+0000] {processor.py:830} INFO - Processing file /home/airflow/.local/lib/python3.8/site-packages/airflow/example_dags/example_nested_branch_dag.py for tasks to queue
[2024-03-19T09:50:51.464+0000] {logging_mixin.py:188} INFO - [2024-03-19T09:50:51.455+0000] {dagbag.py:540} INFO - Filling up the DagBag from /home/airflow/.local/lib/python3.8/site-packages/airflow/example_dags/example_nested_branch_dag.py
[2024-03-19T09:50:51.587+0000] {processor.py:840} INFO - DAG(s) 'example_nested_branch_dag' retrieved from /home/airflow/.local/lib/python3.8/site-packages/airflow/example_dags/example_nested_branch_dag.py
[2024-03-19T09:50:51.782+0000] {logging_mixin.py:188} INFO - [2024-03-19T09:50:51.779+0000] {dag.py:3047} INFO - Sync 1 DAGs
[2024-03-19T09:50:52.004+0000] {logging_mixin.py:188} INFO - [2024-03-19T09:50:52.003+0000] {dag.py:3834} INFO - Setting next_dagrun for example_nested_branch_dag to 2024-03-18 00:00:00+00:00, run_after=2024-03-19 00:00:00+00:00
[2024-03-19T09:50:52.157+0000] {processor.py:183} INFO - Processing /home/airflow/.local/lib/python3.8/site-packages/airflow/example_dags/example_nested_branch_dag.py took 0.748 seconds
[2024-03-19T09:51:22.447+0000] {processor.py:161} INFO - Started process (PID=23499) to work on /home/airflow/.local/lib/python3.8/site-packages/airflow/example_dags/example_nested_branch_dag.py
[2024-03-19T09:51:22.450+0000] {processor.py:830} INFO - Processing file /home/airflow/.local/lib/python3.8/site-packages/airflow/example_dags/example_nested_branch_dag.py for tasks to queue
[2024-03-19T09:51:22.452+0000] {logging_mixin.py:188} INFO - [2024-03-19T09:51:22.452+0000] {dagbag.py:540} INFO - Filling up the DagBag from /home/airflow/.local/lib/python3.8/site-packages/airflow/example_dags/example_nested_branch_dag.py
[2024-03-19T09:51:22.478+0000] {processor.py:840} INFO - DAG(s) 'example_nested_branch_dag' retrieved from /home/airflow/.local/lib/python3.8/site-packages/airflow/example_dags/example_nested_branch_dag.py
[2024-03-19T09:51:22.532+0000] {logging_mixin.py:188} INFO - [2024-03-19T09:51:22.532+0000] {dag.py:3047} INFO - Sync 1 DAGs
[2024-03-19T09:51:22.585+0000] {logging_mixin.py:188} INFO - [2024-03-19T09:51:22.585+0000] {dag.py:3834} INFO - Setting next_dagrun for example_nested_branch_dag to 2024-03-18 00:00:00+00:00, run_after=2024-03-19 00:00:00+00:00
[2024-03-19T09:51:22.628+0000] {processor.py:183} INFO - Processing /home/airflow/.local/lib/python3.8/site-packages/airflow/example_dags/example_nested_branch_dag.py took 0.188 seconds
[2024-03-19T09:51:53.356+0000] {processor.py:161} INFO - Started process (PID=23554) to work on /home/airflow/.local/lib/python3.8/site-packages/airflow/example_dags/example_nested_branch_dag.py
[2024-03-19T09:51:53.358+0000] {processor.py:830} INFO - Processing file /home/airflow/.local/lib/python3.8/site-packages/airflow/example_dags/example_nested_branch_dag.py for tasks to queue
[2024-03-19T09:51:53.360+0000] {logging_mixin.py:188} INFO - [2024-03-19T09:51:53.359+0000] {dagbag.py:540} INFO - Filling up the DagBag from /home/airflow/.local/lib/python3.8/site-packages/airflow/example_dags/example_nested_branch_dag.py
[2024-03-19T09:51:53.373+0000] {processor.py:840} INFO - DAG(s) 'example_nested_branch_dag' retrieved from /home/airflow/.local/lib/python3.8/site-packages/airflow/example_dags/example_nested_branch_dag.py
[2024-03-19T09:51:53.406+0000] {logging_mixin.py:188} INFO - [2024-03-19T09:51:53.406+0000] {dag.py:3047} INFO - Sync 1 DAGs
[2024-03-19T09:51:53.433+0000] {logging_mixin.py:188} INFO - [2024-03-19T09:51:53.433+0000] {dag.py:3834} INFO - Setting next_dagrun for example_nested_branch_dag to 2024-03-18 00:00:00+00:00, run_after=2024-03-19 00:00:00+00:00
[2024-03-19T09:51:53.460+0000] {processor.py:183} INFO - Processing /home/airflow/.local/lib/python3.8/site-packages/airflow/example_dags/example_nested_branch_dag.py took 0.112 seconds
[2024-03-19T09:52:24.104+0000] {processor.py:161} INFO - Started process (PID=23609) to work on /home/airflow/.local/lib/python3.8/site-packages/airflow/example_dags/example_nested_branch_dag.py
[2024-03-19T09:52:24.106+0000] {processor.py:830} INFO - Processing file /home/airflow/.local/lib/python3.8/site-packages/airflow/example_dags/example_nested_branch_dag.py for tasks to queue
[2024-03-19T09:52:24.108+0000] {logging_mixin.py:188} INFO - [2024-03-19T09:52:24.107+0000] {dagbag.py:540} INFO - Filling up the DagBag from /home/airflow/.local/lib/python3.8/site-packages/airflow/example_dags/example_nested_branch_dag.py
[2024-03-19T09:52:24.124+0000] {processor.py:840} INFO - DAG(s) 'example_nested_branch_dag' retrieved from /home/airflow/.local/lib/python3.8/site-packages/airflow/example_dags/example_nested_branch_dag.py
[2024-03-19T09:52:24.178+0000] {logging_mixin.py:188} INFO - [2024-03-19T09:52:24.178+0000] {dag.py:3047} INFO - Sync 1 DAGs
[2024-03-19T09:52:24.348+0000] {logging_mixin.py:188} INFO - [2024-03-19T09:52:24.347+0000] {dag.py:3834} INFO - Setting next_dagrun for example_nested_branch_dag to 2024-03-18 00:00:00+00:00, run_after=2024-03-19 00:00:00+00:00
[2024-03-19T09:52:24.436+0000] {processor.py:183} INFO - Processing /home/airflow/.local/lib/python3.8/site-packages/airflow/example_dags/example_nested_branch_dag.py took 0.336 seconds
[2024-03-19T09:52:54.908+0000] {processor.py:161} INFO - Started process (PID=23664) to work on /home/airflow/.local/lib/python3.8/site-packages/airflow/example_dags/example_nested_branch_dag.py
[2024-03-19T09:52:54.911+0000] {processor.py:830} INFO - Processing file /home/airflow/.local/lib/python3.8/site-packages/airflow/example_dags/example_nested_branch_dag.py for tasks to queue
[2024-03-19T09:52:54.913+0000] {logging_mixin.py:188} INFO - [2024-03-19T09:52:54.912+0000] {dagbag.py:540} INFO - Filling up the DagBag from /home/airflow/.local/lib/python3.8/site-packages/airflow/example_dags/example_nested_branch_dag.py
[2024-03-19T09:52:54.928+0000] {processor.py:840} INFO - DAG(s) 'example_nested_branch_dag' retrieved from /home/airflow/.local/lib/python3.8/site-packages/airflow/example_dags/example_nested_branch_dag.py
[2024-03-19T09:52:54.959+0000] {logging_mixin.py:188} INFO - [2024-03-19T09:52:54.959+0000] {dag.py:3047} INFO - Sync 1 DAGs
[2024-03-19T09:52:54.990+0000] {logging_mixin.py:188} INFO - [2024-03-19T09:52:54.990+0000] {dag.py:3834} INFO - Setting next_dagrun for example_nested_branch_dag to 2024-03-18 00:00:00+00:00, run_after=2024-03-19 00:00:00+00:00
[2024-03-19T09:52:55.033+0000] {processor.py:183} INFO - Processing /home/airflow/.local/lib/python3.8/site-packages/airflow/example_dags/example_nested_branch_dag.py took 0.130 seconds
[2024-03-19T09:53:25.155+0000] {processor.py:161} INFO - Started process (PID=23719) to work on /home/airflow/.local/lib/python3.8/site-packages/airflow/example_dags/example_nested_branch_dag.py
[2024-03-19T09:53:25.161+0000] {processor.py:830} INFO - Processing file /home/airflow/.local/lib/python3.8/site-packages/airflow/example_dags/example_nested_branch_dag.py for tasks to queue
[2024-03-19T09:53:25.169+0000] {logging_mixin.py:188} INFO - [2024-03-19T09:53:25.164+0000] {dagbag.py:540} INFO - Filling up the DagBag from /home/airflow/.local/lib/python3.8/site-packages/airflow/example_dags/example_nested_branch_dag.py
[2024-03-19T09:53:25.241+0000] {processor.py:840} INFO - DAG(s) 'example_nested_branch_dag' retrieved from /home/airflow/.local/lib/python3.8/site-packages/airflow/example_dags/example_nested_branch_dag.py
[2024-03-19T09:53:25.382+0000] {logging_mixin.py:188} INFO - [2024-03-19T09:53:25.382+0000] {dag.py:3047} INFO - Sync 1 DAGs
[2024-03-19T09:53:25.522+0000] {logging_mixin.py:188} INFO - [2024-03-19T09:53:25.521+0000] {dag.py:3834} INFO - Setting next_dagrun for example_nested_branch_dag to 2024-03-18 00:00:00+00:00, run_after=2024-03-19 00:00:00+00:00
[2024-03-19T09:53:25.629+0000] {processor.py:183} INFO - Processing /home/airflow/.local/lib/python3.8/site-packages/airflow/example_dags/example_nested_branch_dag.py took 0.494 seconds
[2024-03-19T09:53:56.280+0000] {processor.py:161} INFO - Started process (PID=23773) to work on /home/airflow/.local/lib/python3.8/site-packages/airflow/example_dags/example_nested_branch_dag.py
[2024-03-19T09:53:56.282+0000] {processor.py:830} INFO - Processing file /home/airflow/.local/lib/python3.8/site-packages/airflow/example_dags/example_nested_branch_dag.py for tasks to queue
[2024-03-19T09:53:56.284+0000] {logging_mixin.py:188} INFO - [2024-03-19T09:53:56.283+0000] {dagbag.py:540} INFO - Filling up the DagBag from /home/airflow/.local/lib/python3.8/site-packages/airflow/example_dags/example_nested_branch_dag.py
[2024-03-19T09:53:56.298+0000] {processor.py:840} INFO - DAG(s) 'example_nested_branch_dag' retrieved from /home/airflow/.local/lib/python3.8/site-packages/airflow/example_dags/example_nested_branch_dag.py
[2024-03-19T09:53:56.334+0000] {logging_mixin.py:188} INFO - [2024-03-19T09:53:56.334+0000] {dag.py:3047} INFO - Sync 1 DAGs
[2024-03-19T09:53:56.366+0000] {logging_mixin.py:188} INFO - [2024-03-19T09:53:56.366+0000] {dag.py:3834} INFO - Setting next_dagrun for example_nested_branch_dag to 2024-03-18 00:00:00+00:00, run_after=2024-03-19 00:00:00+00:00
[2024-03-19T09:53:56.397+0000] {processor.py:183} INFO - Processing /home/airflow/.local/lib/python3.8/site-packages/airflow/example_dags/example_nested_branch_dag.py took 0.121 seconds
[2024-03-19T09:54:26.988+0000] {processor.py:161} INFO - Started process (PID=23828) to work on /home/airflow/.local/lib/python3.8/site-packages/airflow/example_dags/example_nested_branch_dag.py
[2024-03-19T09:54:27.009+0000] {processor.py:830} INFO - Processing file /home/airflow/.local/lib/python3.8/site-packages/airflow/example_dags/example_nested_branch_dag.py for tasks to queue
[2024-03-19T09:54:27.017+0000] {logging_mixin.py:188} INFO - [2024-03-19T09:54:27.014+0000] {dagbag.py:540} INFO - Filling up the DagBag from /home/airflow/.local/lib/python3.8/site-packages/airflow/example_dags/example_nested_branch_dag.py
[2024-03-19T09:54:27.142+0000] {processor.py:840} INFO - DAG(s) 'example_nested_branch_dag' retrieved from /home/airflow/.local/lib/python3.8/site-packages/airflow/example_dags/example_nested_branch_dag.py
[2024-03-19T09:54:27.430+0000] {logging_mixin.py:188} INFO - [2024-03-19T09:54:27.429+0000] {dag.py:3047} INFO - Sync 1 DAGs
[2024-03-19T09:54:27.627+0000] {logging_mixin.py:188} INFO - [2024-03-19T09:54:27.627+0000] {dag.py:3834} INFO - Setting next_dagrun for example_nested_branch_dag to 2024-03-18 00:00:00+00:00, run_after=2024-03-19 00:00:00+00:00
[2024-03-19T09:54:27.727+0000] {processor.py:183} INFO - Processing /home/airflow/.local/lib/python3.8/site-packages/airflow/example_dags/example_nested_branch_dag.py took 0.816 seconds
[2024-03-19T09:54:58.520+0000] {processor.py:161} INFO - Started process (PID=23883) to work on /home/airflow/.local/lib/python3.8/site-packages/airflow/example_dags/example_nested_branch_dag.py
[2024-03-19T09:54:58.522+0000] {processor.py:830} INFO - Processing file /home/airflow/.local/lib/python3.8/site-packages/airflow/example_dags/example_nested_branch_dag.py for tasks to queue
[2024-03-19T09:54:58.524+0000] {logging_mixin.py:188} INFO - [2024-03-19T09:54:58.523+0000] {dagbag.py:540} INFO - Filling up the DagBag from /home/airflow/.local/lib/python3.8/site-packages/airflow/example_dags/example_nested_branch_dag.py
[2024-03-19T09:54:58.535+0000] {processor.py:840} INFO - DAG(s) 'example_nested_branch_dag' retrieved from /home/airflow/.local/lib/python3.8/site-packages/airflow/example_dags/example_nested_branch_dag.py
[2024-03-19T09:54:58.563+0000] {logging_mixin.py:188} INFO - [2024-03-19T09:54:58.562+0000] {dag.py:3047} INFO - Sync 1 DAGs
[2024-03-19T09:54:58.589+0000] {logging_mixin.py:188} INFO - [2024-03-19T09:54:58.589+0000] {dag.py:3834} INFO - Setting next_dagrun for example_nested_branch_dag to 2024-03-18 00:00:00+00:00, run_after=2024-03-19 00:00:00+00:00
[2024-03-19T09:54:58.617+0000] {processor.py:183} INFO - Processing /home/airflow/.local/lib/python3.8/site-packages/airflow/example_dags/example_nested_branch_dag.py took 0.100 seconds
[2024-03-19T09:55:29.182+0000] {processor.py:161} INFO - Started process (PID=23938) to work on /home/airflow/.local/lib/python3.8/site-packages/airflow/example_dags/example_nested_branch_dag.py
[2024-03-19T09:55:29.184+0000] {processor.py:830} INFO - Processing file /home/airflow/.local/lib/python3.8/site-packages/airflow/example_dags/example_nested_branch_dag.py for tasks to queue
[2024-03-19T09:55:29.186+0000] {logging_mixin.py:188} INFO - [2024-03-19T09:55:29.185+0000] {dagbag.py:540} INFO - Filling up the DagBag from /home/airflow/.local/lib/python3.8/site-packages/airflow/example_dags/example_nested_branch_dag.py
[2024-03-19T09:55:29.199+0000] {processor.py:840} INFO - DAG(s) 'example_nested_branch_dag' retrieved from /home/airflow/.local/lib/python3.8/site-packages/airflow/example_dags/example_nested_branch_dag.py
[2024-03-19T09:55:29.227+0000] {logging_mixin.py:188} INFO - [2024-03-19T09:55:29.227+0000] {dag.py:3047} INFO - Sync 1 DAGs
[2024-03-19T09:55:29.254+0000] {logging_mixin.py:188} INFO - [2024-03-19T09:55:29.254+0000] {dag.py:3834} INFO - Setting next_dagrun for example_nested_branch_dag to 2024-03-18 00:00:00+00:00, run_after=2024-03-19 00:00:00+00:00
[2024-03-19T09:55:29.282+0000] {processor.py:183} INFO - Processing /home/airflow/.local/lib/python3.8/site-packages/airflow/example_dags/example_nested_branch_dag.py took 0.105 seconds
[2024-03-19T09:55:59.721+0000] {processor.py:161} INFO - Started process (PID=23993) to work on /home/airflow/.local/lib/python3.8/site-packages/airflow/example_dags/example_nested_branch_dag.py
[2024-03-19T09:55:59.723+0000] {processor.py:830} INFO - Processing file /home/airflow/.local/lib/python3.8/site-packages/airflow/example_dags/example_nested_branch_dag.py for tasks to queue
[2024-03-19T09:55:59.725+0000] {logging_mixin.py:188} INFO - [2024-03-19T09:55:59.724+0000] {dagbag.py:540} INFO - Filling up the DagBag from /home/airflow/.local/lib/python3.8/site-packages/airflow/example_dags/example_nested_branch_dag.py
[2024-03-19T09:55:59.737+0000] {processor.py:840} INFO - DAG(s) 'example_nested_branch_dag' retrieved from /home/airflow/.local/lib/python3.8/site-packages/airflow/example_dags/example_nested_branch_dag.py
[2024-03-19T09:55:59.766+0000] {logging_mixin.py:188} INFO - [2024-03-19T09:55:59.766+0000] {dag.py:3047} INFO - Sync 1 DAGs
[2024-03-19T09:55:59.806+0000] {logging_mixin.py:188} INFO - [2024-03-19T09:55:59.805+0000] {dag.py:3834} INFO - Setting next_dagrun for example_nested_branch_dag to 2024-03-18 00:00:00+00:00, run_after=2024-03-19 00:00:00+00:00
[2024-03-19T09:55:59.845+0000] {processor.py:183} INFO - Processing /home/airflow/.local/lib/python3.8/site-packages/airflow/example_dags/example_nested_branch_dag.py took 0.128 seconds
[2024-03-19T09:56:30.176+0000] {processor.py:161} INFO - Started process (PID=24048) to work on /home/airflow/.local/lib/python3.8/site-packages/airflow/example_dags/example_nested_branch_dag.py
[2024-03-19T09:56:30.178+0000] {processor.py:830} INFO - Processing file /home/airflow/.local/lib/python3.8/site-packages/airflow/example_dags/example_nested_branch_dag.py for tasks to queue
[2024-03-19T09:56:30.179+0000] {logging_mixin.py:188} INFO - [2024-03-19T09:56:30.179+0000] {dagbag.py:540} INFO - Filling up the DagBag from /home/airflow/.local/lib/python3.8/site-packages/airflow/example_dags/example_nested_branch_dag.py
[2024-03-19T09:56:30.195+0000] {processor.py:840} INFO - DAG(s) 'example_nested_branch_dag' retrieved from /home/airflow/.local/lib/python3.8/site-packages/airflow/example_dags/example_nested_branch_dag.py
[2024-03-19T09:56:30.225+0000] {logging_mixin.py:188} INFO - [2024-03-19T09:56:30.224+0000] {dag.py:3047} INFO - Sync 1 DAGs
[2024-03-19T09:56:30.258+0000] {logging_mixin.py:188} INFO - [2024-03-19T09:56:30.257+0000] {dag.py:3834} INFO - Setting next_dagrun for example_nested_branch_dag to 2024-03-18 00:00:00+00:00, run_after=2024-03-19 00:00:00+00:00
[2024-03-19T09:56:30.290+0000] {processor.py:183} INFO - Processing /home/airflow/.local/lib/python3.8/site-packages/airflow/example_dags/example_nested_branch_dag.py took 0.118 seconds
[2024-03-19T09:57:00.482+0000] {processor.py:161} INFO - Started process (PID=24103) to work on /home/airflow/.local/lib/python3.8/site-packages/airflow/example_dags/example_nested_branch_dag.py
[2024-03-19T09:57:00.491+0000] {processor.py:830} INFO - Processing file /home/airflow/.local/lib/python3.8/site-packages/airflow/example_dags/example_nested_branch_dag.py for tasks to queue
[2024-03-19T09:57:00.494+0000] {logging_mixin.py:188} INFO - [2024-03-19T09:57:00.494+0000] {dagbag.py:540} INFO - Filling up the DagBag from /home/airflow/.local/lib/python3.8/site-packages/airflow/example_dags/example_nested_branch_dag.py
[2024-03-19T09:57:00.532+0000] {processor.py:840} INFO - DAG(s) 'example_nested_branch_dag' retrieved from /home/airflow/.local/lib/python3.8/site-packages/airflow/example_dags/example_nested_branch_dag.py
[2024-03-19T09:57:00.597+0000] {logging_mixin.py:188} INFO - [2024-03-19T09:57:00.596+0000] {dag.py:3047} INFO - Sync 1 DAGs
[2024-03-19T09:57:00.674+0000] {logging_mixin.py:188} INFO - [2024-03-19T09:57:00.673+0000] {dag.py:3834} INFO - Setting next_dagrun for example_nested_branch_dag to 2024-03-18 00:00:00+00:00, run_after=2024-03-19 00:00:00+00:00
[2024-03-19T09:57:00.737+0000] {processor.py:183} INFO - Processing /home/airflow/.local/lib/python3.8/site-packages/airflow/example_dags/example_nested_branch_dag.py took 0.264 seconds
