[2024-03-19T09:44:16.090+0000] {processor.py:161} INFO - Started process (PID=22768) to work on /home/airflow/.local/lib/python3.8/site-packages/airflow/example_dags/example_task_group.py
[2024-03-19T09:44:16.092+0000] {processor.py:830} INFO - Processing file /home/airflow/.local/lib/python3.8/site-packages/airflow/example_dags/example_task_group.py for tasks to queue
[2024-03-19T09:44:16.094+0000] {logging_mixin.py:188} INFO - [2024-03-19T09:44:16.094+0000] {dagbag.py:540} INFO - Filling up the DagBag from /home/airflow/.local/lib/python3.8/site-packages/airflow/example_dags/example_task_group.py
[2024-03-19T09:44:16.107+0000] {processor.py:840} INFO - DAG(s) 'example_task_group' retrieved from /home/airflow/.local/lib/python3.8/site-packages/airflow/example_dags/example_task_group.py
[2024-03-19T09:44:16.144+0000] {logging_mixin.py:188} INFO - [2024-03-19T09:44:16.144+0000] {dag.py:3047} INFO - Sync 1 DAGs
[2024-03-19T09:44:16.177+0000] {logging_mixin.py:188} INFO - [2024-03-19T09:44:16.176+0000] {dag.py:3834} INFO - Setting next_dagrun for example_task_group to 2024-03-18 00:00:00+00:00, run_after=2024-03-19 00:00:00+00:00
[2024-03-19T09:44:16.208+0000] {processor.py:183} INFO - Processing /home/airflow/.local/lib/python3.8/site-packages/airflow/example_dags/example_task_group.py took 0.124 seconds
[2024-03-19T09:44:46.553+0000] {processor.py:161} INFO - Started process (PID=22823) to work on /home/airflow/.local/lib/python3.8/site-packages/airflow/example_dags/example_task_group.py
[2024-03-19T09:44:46.554+0000] {processor.py:830} INFO - Processing file /home/airflow/.local/lib/python3.8/site-packages/airflow/example_dags/example_task_group.py for tasks to queue
[2024-03-19T09:44:46.556+0000] {logging_mixin.py:188} INFO - [2024-03-19T09:44:46.555+0000] {dagbag.py:540} INFO - Filling up the DagBag from /home/airflow/.local/lib/python3.8/site-packages/airflow/example_dags/example_task_group.py
[2024-03-19T09:44:46.564+0000] {processor.py:840} INFO - DAG(s) 'example_task_group' retrieved from /home/airflow/.local/lib/python3.8/site-packages/airflow/example_dags/example_task_group.py
[2024-03-19T09:44:46.592+0000] {logging_mixin.py:188} INFO - [2024-03-19T09:44:46.592+0000] {dag.py:3047} INFO - Sync 1 DAGs
[2024-03-19T09:44:46.618+0000] {logging_mixin.py:188} INFO - [2024-03-19T09:44:46.617+0000] {dag.py:3834} INFO - Setting next_dagrun for example_task_group to 2024-03-18 00:00:00+00:00, run_after=2024-03-19 00:00:00+00:00
[2024-03-19T09:44:46.641+0000] {processor.py:183} INFO - Processing /home/airflow/.local/lib/python3.8/site-packages/airflow/example_dags/example_task_group.py took 0.092 seconds
[2024-03-19T09:45:17.436+0000] {processor.py:161} INFO - Started process (PID=22878) to work on /home/airflow/.local/lib/python3.8/site-packages/airflow/example_dags/example_task_group.py
[2024-03-19T09:45:17.447+0000] {processor.py:830} INFO - Processing file /home/airflow/.local/lib/python3.8/site-packages/airflow/example_dags/example_task_group.py for tasks to queue
[2024-03-19T09:45:17.464+0000] {logging_mixin.py:188} INFO - [2024-03-19T09:45:17.457+0000] {dagbag.py:540} INFO - Filling up the DagBag from /home/airflow/.local/lib/python3.8/site-packages/airflow/example_dags/example_task_group.py
[2024-03-19T09:45:17.579+0000] {processor.py:840} INFO - DAG(s) 'example_task_group' retrieved from /home/airflow/.local/lib/python3.8/site-packages/airflow/example_dags/example_task_group.py
[2024-03-19T09:45:18.536+0000] {logging_mixin.py:188} INFO - [2024-03-19T09:45:18.536+0000] {dag.py:3047} INFO - Sync 1 DAGs
[2024-03-19T09:45:18.831+0000] {logging_mixin.py:188} INFO - [2024-03-19T09:45:18.830+0000] {dag.py:3834} INFO - Setting next_dagrun for example_task_group to 2024-03-18 00:00:00+00:00, run_after=2024-03-19 00:00:00+00:00
[2024-03-19T09:45:19.530+0000] {processor.py:183} INFO - Processing /home/airflow/.local/lib/python3.8/site-packages/airflow/example_dags/example_task_group.py took 2.114 seconds
[2024-03-19T09:45:52.111+0000] {processor.py:161} INFO - Started process (PID=22932) to work on /home/airflow/.local/lib/python3.8/site-packages/airflow/example_dags/example_task_group.py
[2024-03-19T09:45:52.120+0000] {processor.py:830} INFO - Processing file /home/airflow/.local/lib/python3.8/site-packages/airflow/example_dags/example_task_group.py for tasks to queue
[2024-03-19T09:45:52.124+0000] {logging_mixin.py:188} INFO - [2024-03-19T09:45:52.123+0000] {dagbag.py:540} INFO - Filling up the DagBag from /home/airflow/.local/lib/python3.8/site-packages/airflow/example_dags/example_task_group.py
[2024-03-19T09:45:52.154+0000] {processor.py:840} INFO - DAG(s) 'example_task_group' retrieved from /home/airflow/.local/lib/python3.8/site-packages/airflow/example_dags/example_task_group.py
[2024-03-19T09:45:52.263+0000] {logging_mixin.py:188} INFO - [2024-03-19T09:45:52.262+0000] {dag.py:3047} INFO - Sync 1 DAGs
[2024-03-19T09:45:52.483+0000] {logging_mixin.py:188} INFO - [2024-03-19T09:45:52.480+0000] {dag.py:3834} INFO - Setting next_dagrun for example_task_group to 2024-03-18 00:00:00+00:00, run_after=2024-03-19 00:00:00+00:00
[2024-03-19T09:45:53.211+0000] {processor.py:183} INFO - Processing /home/airflow/.local/lib/python3.8/site-packages/airflow/example_dags/example_task_group.py took 1.120 seconds
[2024-03-19T09:46:23.762+0000] {processor.py:161} INFO - Started process (PID=22986) to work on /home/airflow/.local/lib/python3.8/site-packages/airflow/example_dags/example_task_group.py
[2024-03-19T09:46:23.775+0000] {processor.py:830} INFO - Processing file /home/airflow/.local/lib/python3.8/site-packages/airflow/example_dags/example_task_group.py for tasks to queue
[2024-03-19T09:46:23.782+0000] {logging_mixin.py:188} INFO - [2024-03-19T09:46:23.780+0000] {dagbag.py:540} INFO - Filling up the DagBag from /home/airflow/.local/lib/python3.8/site-packages/airflow/example_dags/example_task_group.py
[2024-03-19T09:46:23.854+0000] {processor.py:840} INFO - DAG(s) 'example_task_group' retrieved from /home/airflow/.local/lib/python3.8/site-packages/airflow/example_dags/example_task_group.py
[2024-03-19T09:46:23.980+0000] {logging_mixin.py:188} INFO - [2024-03-19T09:46:23.979+0000] {dag.py:3047} INFO - Sync 1 DAGs
[2024-03-19T09:46:24.062+0000] {logging_mixin.py:188} INFO - [2024-03-19T09:46:24.061+0000] {dag.py:3834} INFO - Setting next_dagrun for example_task_group to 2024-03-18 00:00:00+00:00, run_after=2024-03-19 00:00:00+00:00
[2024-03-19T09:46:24.114+0000] {processor.py:183} INFO - Processing /home/airflow/.local/lib/python3.8/site-packages/airflow/example_dags/example_task_group.py took 0.409 seconds
[2024-03-19T09:46:54.812+0000] {processor.py:161} INFO - Started process (PID=23041) to work on /home/airflow/.local/lib/python3.8/site-packages/airflow/example_dags/example_task_group.py
[2024-03-19T09:46:54.815+0000] {processor.py:830} INFO - Processing file /home/airflow/.local/lib/python3.8/site-packages/airflow/example_dags/example_task_group.py for tasks to queue
[2024-03-19T09:46:54.817+0000] {logging_mixin.py:188} INFO - [2024-03-19T09:46:54.817+0000] {dagbag.py:540} INFO - Filling up the DagBag from /home/airflow/.local/lib/python3.8/site-packages/airflow/example_dags/example_task_group.py
[2024-03-19T09:46:54.832+0000] {processor.py:840} INFO - DAG(s) 'example_task_group' retrieved from /home/airflow/.local/lib/python3.8/site-packages/airflow/example_dags/example_task_group.py
[2024-03-19T09:46:54.875+0000] {logging_mixin.py:188} INFO - [2024-03-19T09:46:54.874+0000] {dag.py:3047} INFO - Sync 1 DAGs
[2024-03-19T09:46:54.910+0000] {logging_mixin.py:188} INFO - [2024-03-19T09:46:54.909+0000] {dag.py:3834} INFO - Setting next_dagrun for example_task_group to 2024-03-18 00:00:00+00:00, run_after=2024-03-19 00:00:00+00:00
[2024-03-19T09:46:54.941+0000] {processor.py:183} INFO - Processing /home/airflow/.local/lib/python3.8/site-packages/airflow/example_dags/example_task_group.py took 0.133 seconds
[2024-03-19T09:47:25.918+0000] {processor.py:161} INFO - Started process (PID=23092) to work on /home/airflow/.local/lib/python3.8/site-packages/airflow/example_dags/example_task_group.py
[2024-03-19T09:47:25.920+0000] {processor.py:830} INFO - Processing file /home/airflow/.local/lib/python3.8/site-packages/airflow/example_dags/example_task_group.py for tasks to queue
[2024-03-19T09:47:25.923+0000] {logging_mixin.py:188} INFO - [2024-03-19T09:47:25.922+0000] {dagbag.py:540} INFO - Filling up the DagBag from /home/airflow/.local/lib/python3.8/site-packages/airflow/example_dags/example_task_group.py
[2024-03-19T09:47:25.934+0000] {processor.py:840} INFO - DAG(s) 'example_task_group' retrieved from /home/airflow/.local/lib/python3.8/site-packages/airflow/example_dags/example_task_group.py
[2024-03-19T09:47:25.975+0000] {logging_mixin.py:188} INFO - [2024-03-19T09:47:25.974+0000] {dag.py:3047} INFO - Sync 1 DAGs
[2024-03-19T09:47:26.008+0000] {logging_mixin.py:188} INFO - [2024-03-19T09:47:26.008+0000] {dag.py:3834} INFO - Setting next_dagrun for example_task_group to 2024-03-18 00:00:00+00:00, run_after=2024-03-19 00:00:00+00:00
[2024-03-19T09:47:26.099+0000] {processor.py:183} INFO - Processing /home/airflow/.local/lib/python3.8/site-packages/airflow/example_dags/example_task_group.py took 0.186 seconds
[2024-03-19T09:47:56.190+0000] {processor.py:161} INFO - Started process (PID=23144) to work on /home/airflow/.local/lib/python3.8/site-packages/airflow/example_dags/example_task_group.py
[2024-03-19T09:47:56.193+0000] {processor.py:830} INFO - Processing file /home/airflow/.local/lib/python3.8/site-packages/airflow/example_dags/example_task_group.py for tasks to queue
[2024-03-19T09:47:56.196+0000] {logging_mixin.py:188} INFO - [2024-03-19T09:47:56.195+0000] {dagbag.py:540} INFO - Filling up the DagBag from /home/airflow/.local/lib/python3.8/site-packages/airflow/example_dags/example_task_group.py
[2024-03-19T09:47:56.210+0000] {processor.py:840} INFO - DAG(s) 'example_task_group' retrieved from /home/airflow/.local/lib/python3.8/site-packages/airflow/example_dags/example_task_group.py
[2024-03-19T09:47:56.253+0000] {logging_mixin.py:188} INFO - [2024-03-19T09:47:56.252+0000] {dag.py:3047} INFO - Sync 1 DAGs
[2024-03-19T09:47:56.292+0000] {logging_mixin.py:188} INFO - [2024-03-19T09:47:56.292+0000] {dag.py:3834} INFO - Setting next_dagrun for example_task_group to 2024-03-18 00:00:00+00:00, run_after=2024-03-19 00:00:00+00:00
[2024-03-19T09:47:56.337+0000] {processor.py:183} INFO - Processing /home/airflow/.local/lib/python3.8/site-packages/airflow/example_dags/example_task_group.py took 0.153 seconds
[2024-03-19T09:48:26.533+0000] {processor.py:161} INFO - Started process (PID=23197) to work on /home/airflow/.local/lib/python3.8/site-packages/airflow/example_dags/example_task_group.py
[2024-03-19T09:48:26.535+0000] {processor.py:830} INFO - Processing file /home/airflow/.local/lib/python3.8/site-packages/airflow/example_dags/example_task_group.py for tasks to queue
[2024-03-19T09:48:26.537+0000] {logging_mixin.py:188} INFO - [2024-03-19T09:48:26.536+0000] {dagbag.py:540} INFO - Filling up the DagBag from /home/airflow/.local/lib/python3.8/site-packages/airflow/example_dags/example_task_group.py
[2024-03-19T09:48:26.552+0000] {processor.py:840} INFO - DAG(s) 'example_task_group' retrieved from /home/airflow/.local/lib/python3.8/site-packages/airflow/example_dags/example_task_group.py
[2024-03-19T09:48:26.589+0000] {logging_mixin.py:188} INFO - [2024-03-19T09:48:26.589+0000] {dag.py:3047} INFO - Sync 1 DAGs
[2024-03-19T09:48:26.623+0000] {logging_mixin.py:188} INFO - [2024-03-19T09:48:26.622+0000] {dag.py:3834} INFO - Setting next_dagrun for example_task_group to 2024-03-18 00:00:00+00:00, run_after=2024-03-19 00:00:00+00:00
[2024-03-19T09:48:26.662+0000] {processor.py:183} INFO - Processing /home/airflow/.local/lib/python3.8/site-packages/airflow/example_dags/example_task_group.py took 0.137 seconds
[2024-03-19T09:48:58.927+0000] {processor.py:161} INFO - Started process (PID=23249) to work on /home/airflow/.local/lib/python3.8/site-packages/airflow/example_dags/example_task_group.py
[2024-03-19T09:48:58.945+0000] {processor.py:830} INFO - Processing file /home/airflow/.local/lib/python3.8/site-packages/airflow/example_dags/example_task_group.py for tasks to queue
[2024-03-19T09:48:58.956+0000] {logging_mixin.py:188} INFO - [2024-03-19T09:48:58.955+0000] {dagbag.py:540} INFO - Filling up the DagBag from /home/airflow/.local/lib/python3.8/site-packages/airflow/example_dags/example_task_group.py
[2024-03-19T09:48:59.063+0000] {processor.py:840} INFO - DAG(s) 'example_task_group' retrieved from /home/airflow/.local/lib/python3.8/site-packages/airflow/example_dags/example_task_group.py
[2024-03-19T09:48:59.192+0000] {logging_mixin.py:188} INFO - [2024-03-19T09:48:59.191+0000] {dag.py:3047} INFO - Sync 1 DAGs
[2024-03-19T09:48:59.300+0000] {logging_mixin.py:188} INFO - [2024-03-19T09:48:59.299+0000] {dag.py:3834} INFO - Setting next_dagrun for example_task_group to 2024-03-18 00:00:00+00:00, run_after=2024-03-19 00:00:00+00:00
[2024-03-19T09:48:59.432+0000] {processor.py:183} INFO - Processing /home/airflow/.local/lib/python3.8/site-packages/airflow/example_dags/example_task_group.py took 0.544 seconds
[2024-03-19T09:49:29.680+0000] {processor.py:161} INFO - Started process (PID=23303) to work on /home/airflow/.local/lib/python3.8/site-packages/airflow/example_dags/example_task_group.py
[2024-03-19T09:49:29.683+0000] {processor.py:830} INFO - Processing file /home/airflow/.local/lib/python3.8/site-packages/airflow/example_dags/example_task_group.py for tasks to queue
[2024-03-19T09:49:29.685+0000] {logging_mixin.py:188} INFO - [2024-03-19T09:49:29.684+0000] {dagbag.py:540} INFO - Filling up the DagBag from /home/airflow/.local/lib/python3.8/site-packages/airflow/example_dags/example_task_group.py
[2024-03-19T09:49:29.699+0000] {processor.py:840} INFO - DAG(s) 'example_task_group' retrieved from /home/airflow/.local/lib/python3.8/site-packages/airflow/example_dags/example_task_group.py
[2024-03-19T09:49:29.739+0000] {logging_mixin.py:188} INFO - [2024-03-19T09:49:29.739+0000] {dag.py:3047} INFO - Sync 1 DAGs
[2024-03-19T09:49:29.803+0000] {logging_mixin.py:188} INFO - [2024-03-19T09:49:29.803+0000] {dag.py:3834} INFO - Setting next_dagrun for example_task_group to 2024-03-18 00:00:00+00:00, run_after=2024-03-19 00:00:00+00:00
[2024-03-19T09:49:29.834+0000] {processor.py:183} INFO - Processing /home/airflow/.local/lib/python3.8/site-packages/airflow/example_dags/example_task_group.py took 0.161 seconds
[2024-03-19T09:50:00.316+0000] {processor.py:161} INFO - Started process (PID=23357) to work on /home/airflow/.local/lib/python3.8/site-packages/airflow/example_dags/example_task_group.py
[2024-03-19T09:50:00.326+0000] {processor.py:830} INFO - Processing file /home/airflow/.local/lib/python3.8/site-packages/airflow/example_dags/example_task_group.py for tasks to queue
[2024-03-19T09:50:00.341+0000] {logging_mixin.py:188} INFO - [2024-03-19T09:50:00.339+0000] {dagbag.py:540} INFO - Filling up the DagBag from /home/airflow/.local/lib/python3.8/site-packages/airflow/example_dags/example_task_group.py
[2024-03-19T09:50:00.424+0000] {processor.py:840} INFO - DAG(s) 'example_task_group' retrieved from /home/airflow/.local/lib/python3.8/site-packages/airflow/example_dags/example_task_group.py
[2024-03-19T09:50:00.643+0000] {logging_mixin.py:188} INFO - [2024-03-19T09:50:00.643+0000] {dag.py:3047} INFO - Sync 1 DAGs
[2024-03-19T09:50:00.741+0000] {logging_mixin.py:188} INFO - [2024-03-19T09:50:00.740+0000] {dag.py:3834} INFO - Setting next_dagrun for example_task_group to 2024-03-18 00:00:00+00:00, run_after=2024-03-19 00:00:00+00:00
[2024-03-19T09:50:00.810+0000] {processor.py:183} INFO - Processing /home/airflow/.local/lib/python3.8/site-packages/airflow/example_dags/example_task_group.py took 0.528 seconds
[2024-03-19T09:50:31.436+0000] {processor.py:161} INFO - Started process (PID=23412) to work on /home/airflow/.local/lib/python3.8/site-packages/airflow/example_dags/example_task_group.py
[2024-03-19T09:50:31.439+0000] {processor.py:830} INFO - Processing file /home/airflow/.local/lib/python3.8/site-packages/airflow/example_dags/example_task_group.py for tasks to queue
[2024-03-19T09:50:31.443+0000] {logging_mixin.py:188} INFO - [2024-03-19T09:50:31.442+0000] {dagbag.py:540} INFO - Filling up the DagBag from /home/airflow/.local/lib/python3.8/site-packages/airflow/example_dags/example_task_group.py
[2024-03-19T09:50:31.475+0000] {processor.py:840} INFO - DAG(s) 'example_task_group' retrieved from /home/airflow/.local/lib/python3.8/site-packages/airflow/example_dags/example_task_group.py
[2024-03-19T09:50:31.588+0000] {logging_mixin.py:188} INFO - [2024-03-19T09:50:31.587+0000] {dag.py:3047} INFO - Sync 1 DAGs
[2024-03-19T09:50:31.673+0000] {logging_mixin.py:188} INFO - [2024-03-19T09:50:31.672+0000] {dag.py:3834} INFO - Setting next_dagrun for example_task_group to 2024-03-18 00:00:00+00:00, run_after=2024-03-19 00:00:00+00:00
[2024-03-19T09:50:31.758+0000] {processor.py:183} INFO - Processing /home/airflow/.local/lib/python3.8/site-packages/airflow/example_dags/example_task_group.py took 0.339 seconds
[2024-03-19T09:51:04.628+0000] {processor.py:161} INFO - Started process (PID=23462) to work on /home/airflow/.local/lib/python3.8/site-packages/airflow/example_dags/example_task_group.py
[2024-03-19T09:51:04.631+0000] {processor.py:830} INFO - Processing file /home/airflow/.local/lib/python3.8/site-packages/airflow/example_dags/example_task_group.py for tasks to queue
[2024-03-19T09:51:04.643+0000] {logging_mixin.py:188} INFO - [2024-03-19T09:51:04.641+0000] {dagbag.py:540} INFO - Filling up the DagBag from /home/airflow/.local/lib/python3.8/site-packages/airflow/example_dags/example_task_group.py
[2024-03-19T09:51:04.677+0000] {processor.py:840} INFO - DAG(s) 'example_task_group' retrieved from /home/airflow/.local/lib/python3.8/site-packages/airflow/example_dags/example_task_group.py
[2024-03-19T09:51:04.784+0000] {logging_mixin.py:188} INFO - [2024-03-19T09:51:04.783+0000] {dag.py:3047} INFO - Sync 1 DAGs
[2024-03-19T09:51:04.887+0000] {logging_mixin.py:188} INFO - [2024-03-19T09:51:04.887+0000] {dag.py:3834} INFO - Setting next_dagrun for example_task_group to 2024-03-18 00:00:00+00:00, run_after=2024-03-19 00:00:00+00:00
[2024-03-19T09:51:04.978+0000] {processor.py:183} INFO - Processing /home/airflow/.local/lib/python3.8/site-packages/airflow/example_dags/example_task_group.py took 0.368 seconds
[2024-03-19T09:51:35.336+0000] {processor.py:161} INFO - Started process (PID=23517) to work on /home/airflow/.local/lib/python3.8/site-packages/airflow/example_dags/example_task_group.py
[2024-03-19T09:51:35.338+0000] {processor.py:830} INFO - Processing file /home/airflow/.local/lib/python3.8/site-packages/airflow/example_dags/example_task_group.py for tasks to queue
[2024-03-19T09:51:35.340+0000] {logging_mixin.py:188} INFO - [2024-03-19T09:51:35.339+0000] {dagbag.py:540} INFO - Filling up the DagBag from /home/airflow/.local/lib/python3.8/site-packages/airflow/example_dags/example_task_group.py
[2024-03-19T09:51:35.351+0000] {processor.py:840} INFO - DAG(s) 'example_task_group' retrieved from /home/airflow/.local/lib/python3.8/site-packages/airflow/example_dags/example_task_group.py
[2024-03-19T09:51:35.383+0000] {logging_mixin.py:188} INFO - [2024-03-19T09:51:35.382+0000] {dag.py:3047} INFO - Sync 1 DAGs
[2024-03-19T09:51:35.411+0000] {logging_mixin.py:188} INFO - [2024-03-19T09:51:35.411+0000] {dag.py:3834} INFO - Setting next_dagrun for example_task_group to 2024-03-18 00:00:00+00:00, run_after=2024-03-19 00:00:00+00:00
[2024-03-19T09:51:35.455+0000] {processor.py:183} INFO - Processing /home/airflow/.local/lib/python3.8/site-packages/airflow/example_dags/example_task_group.py took 0.124 seconds
[2024-03-19T09:52:05.695+0000] {processor.py:161} INFO - Started process (PID=23569) to work on /home/airflow/.local/lib/python3.8/site-packages/airflow/example_dags/example_task_group.py
[2024-03-19T09:52:05.697+0000] {processor.py:830} INFO - Processing file /home/airflow/.local/lib/python3.8/site-packages/airflow/example_dags/example_task_group.py for tasks to queue
[2024-03-19T09:52:05.700+0000] {logging_mixin.py:188} INFO - [2024-03-19T09:52:05.699+0000] {dagbag.py:540} INFO - Filling up the DagBag from /home/airflow/.local/lib/python3.8/site-packages/airflow/example_dags/example_task_group.py
[2024-03-19T09:52:05.724+0000] {processor.py:840} INFO - DAG(s) 'example_task_group' retrieved from /home/airflow/.local/lib/python3.8/site-packages/airflow/example_dags/example_task_group.py
[2024-03-19T09:52:05.782+0000] {logging_mixin.py:188} INFO - [2024-03-19T09:52:05.781+0000] {dag.py:3047} INFO - Sync 1 DAGs
[2024-03-19T09:52:05.846+0000] {logging_mixin.py:188} INFO - [2024-03-19T09:52:05.846+0000] {dag.py:3834} INFO - Setting next_dagrun for example_task_group to 2024-03-18 00:00:00+00:00, run_after=2024-03-19 00:00:00+00:00
[2024-03-19T09:52:05.918+0000] {processor.py:183} INFO - Processing /home/airflow/.local/lib/python3.8/site-packages/airflow/example_dags/example_task_group.py took 0.231 seconds
[2024-03-19T09:52:36.507+0000] {processor.py:161} INFO - Started process (PID=23624) to work on /home/airflow/.local/lib/python3.8/site-packages/airflow/example_dags/example_task_group.py
[2024-03-19T09:52:36.516+0000] {processor.py:830} INFO - Processing file /home/airflow/.local/lib/python3.8/site-packages/airflow/example_dags/example_task_group.py for tasks to queue
[2024-03-19T09:52:36.526+0000] {logging_mixin.py:188} INFO - [2024-03-19T09:52:36.524+0000] {dagbag.py:540} INFO - Filling up the DagBag from /home/airflow/.local/lib/python3.8/site-packages/airflow/example_dags/example_task_group.py
[2024-03-19T09:52:36.640+0000] {processor.py:840} INFO - DAG(s) 'example_task_group' retrieved from /home/airflow/.local/lib/python3.8/site-packages/airflow/example_dags/example_task_group.py
[2024-03-19T09:52:36.837+0000] {logging_mixin.py:188} INFO - [2024-03-19T09:52:36.836+0000] {dag.py:3047} INFO - Sync 1 DAGs
[2024-03-19T09:52:36.956+0000] {logging_mixin.py:188} INFO - [2024-03-19T09:52:36.955+0000] {dag.py:3834} INFO - Setting next_dagrun for example_task_group to 2024-03-18 00:00:00+00:00, run_after=2024-03-19 00:00:00+00:00
[2024-03-19T09:52:37.024+0000] {processor.py:183} INFO - Processing /home/airflow/.local/lib/python3.8/site-packages/airflow/example_dags/example_task_group.py took 0.532 seconds
[2024-03-19T09:53:07.118+0000] {processor.py:161} INFO - Started process (PID=23679) to work on /home/airflow/.local/lib/python3.8/site-packages/airflow/example_dags/example_task_group.py
[2024-03-19T09:53:07.121+0000] {processor.py:830} INFO - Processing file /home/airflow/.local/lib/python3.8/site-packages/airflow/example_dags/example_task_group.py for tasks to queue
[2024-03-19T09:53:07.123+0000] {logging_mixin.py:188} INFO - [2024-03-19T09:53:07.122+0000] {dagbag.py:540} INFO - Filling up the DagBag from /home/airflow/.local/lib/python3.8/site-packages/airflow/example_dags/example_task_group.py
[2024-03-19T09:53:07.134+0000] {processor.py:840} INFO - DAG(s) 'example_task_group' retrieved from /home/airflow/.local/lib/python3.8/site-packages/airflow/example_dags/example_task_group.py
[2024-03-19T09:53:07.167+0000] {logging_mixin.py:188} INFO - [2024-03-19T09:53:07.167+0000] {dag.py:3047} INFO - Sync 1 DAGs
[2024-03-19T09:53:07.192+0000] {logging_mixin.py:188} INFO - [2024-03-19T09:53:07.192+0000] {dag.py:3834} INFO - Setting next_dagrun for example_task_group to 2024-03-18 00:00:00+00:00, run_after=2024-03-19 00:00:00+00:00
[2024-03-19T09:53:07.219+0000] {processor.py:183} INFO - Processing /home/airflow/.local/lib/python3.8/site-packages/airflow/example_dags/example_task_group.py took 0.108 seconds
[2024-03-19T09:53:38.202+0000] {processor.py:161} INFO - Started process (PID=23734) to work on /home/airflow/.local/lib/python3.8/site-packages/airflow/example_dags/example_task_group.py
[2024-03-19T09:53:38.204+0000] {processor.py:830} INFO - Processing file /home/airflow/.local/lib/python3.8/site-packages/airflow/example_dags/example_task_group.py for tasks to queue
[2024-03-19T09:53:38.207+0000] {logging_mixin.py:188} INFO - [2024-03-19T09:53:38.206+0000] {dagbag.py:540} INFO - Filling up the DagBag from /home/airflow/.local/lib/python3.8/site-packages/airflow/example_dags/example_task_group.py
[2024-03-19T09:53:38.225+0000] {processor.py:840} INFO - DAG(s) 'example_task_group' retrieved from /home/airflow/.local/lib/python3.8/site-packages/airflow/example_dags/example_task_group.py
[2024-03-19T09:53:38.270+0000] {logging_mixin.py:188} INFO - [2024-03-19T09:53:38.269+0000] {dag.py:3047} INFO - Sync 1 DAGs
[2024-03-19T09:53:38.315+0000] {logging_mixin.py:188} INFO - [2024-03-19T09:53:38.314+0000] {dag.py:3834} INFO - Setting next_dagrun for example_task_group to 2024-03-18 00:00:00+00:00, run_after=2024-03-19 00:00:00+00:00
[2024-03-19T09:53:38.354+0000] {processor.py:183} INFO - Processing /home/airflow/.local/lib/python3.8/site-packages/airflow/example_dags/example_task_group.py took 0.157 seconds
[2024-03-19T09:54:08.520+0000] {processor.py:161} INFO - Started process (PID=23790) to work on /home/airflow/.local/lib/python3.8/site-packages/airflow/example_dags/example_task_group.py
[2024-03-19T09:54:08.522+0000] {processor.py:830} INFO - Processing file /home/airflow/.local/lib/python3.8/site-packages/airflow/example_dags/example_task_group.py for tasks to queue
[2024-03-19T09:54:08.524+0000] {logging_mixin.py:188} INFO - [2024-03-19T09:54:08.523+0000] {dagbag.py:540} INFO - Filling up the DagBag from /home/airflow/.local/lib/python3.8/site-packages/airflow/example_dags/example_task_group.py
[2024-03-19T09:54:08.536+0000] {processor.py:840} INFO - DAG(s) 'example_task_group' retrieved from /home/airflow/.local/lib/python3.8/site-packages/airflow/example_dags/example_task_group.py
[2024-03-19T09:54:08.574+0000] {logging_mixin.py:188} INFO - [2024-03-19T09:54:08.573+0000] {dag.py:3047} INFO - Sync 1 DAGs
[2024-03-19T09:54:08.607+0000] {logging_mixin.py:188} INFO - [2024-03-19T09:54:08.607+0000] {dag.py:3834} INFO - Setting next_dagrun for example_task_group to 2024-03-18 00:00:00+00:00, run_after=2024-03-19 00:00:00+00:00
[2024-03-19T09:54:08.643+0000] {processor.py:183} INFO - Processing /home/airflow/.local/lib/python3.8/site-packages/airflow/example_dags/example_task_group.py took 0.130 seconds
[2024-03-19T09:54:38.684+0000] {processor.py:161} INFO - Started process (PID=23844) to work on /home/airflow/.local/lib/python3.8/site-packages/airflow/example_dags/example_task_group.py
[2024-03-19T09:54:38.685+0000] {processor.py:830} INFO - Processing file /home/airflow/.local/lib/python3.8/site-packages/airflow/example_dags/example_task_group.py for tasks to queue
[2024-03-19T09:54:38.687+0000] {logging_mixin.py:188} INFO - [2024-03-19T09:54:38.686+0000] {dagbag.py:540} INFO - Filling up the DagBag from /home/airflow/.local/lib/python3.8/site-packages/airflow/example_dags/example_task_group.py
[2024-03-19T09:54:38.696+0000] {processor.py:840} INFO - DAG(s) 'example_task_group' retrieved from /home/airflow/.local/lib/python3.8/site-packages/airflow/example_dags/example_task_group.py
[2024-03-19T09:54:38.724+0000] {logging_mixin.py:188} INFO - [2024-03-19T09:54:38.724+0000] {dag.py:3047} INFO - Sync 1 DAGs
[2024-03-19T09:54:38.750+0000] {logging_mixin.py:188} INFO - [2024-03-19T09:54:38.749+0000] {dag.py:3834} INFO - Setting next_dagrun for example_task_group to 2024-03-18 00:00:00+00:00, run_after=2024-03-19 00:00:00+00:00
[2024-03-19T09:54:38.774+0000] {processor.py:183} INFO - Processing /home/airflow/.local/lib/python3.8/site-packages/airflow/example_dags/example_task_group.py took 0.095 seconds
[2024-03-19T09:55:09.272+0000] {processor.py:161} INFO - Started process (PID=23900) to work on /home/airflow/.local/lib/python3.8/site-packages/airflow/example_dags/example_task_group.py
[2024-03-19T09:55:09.274+0000] {processor.py:830} INFO - Processing file /home/airflow/.local/lib/python3.8/site-packages/airflow/example_dags/example_task_group.py for tasks to queue
[2024-03-19T09:55:09.276+0000] {logging_mixin.py:188} INFO - [2024-03-19T09:55:09.276+0000] {dagbag.py:540} INFO - Filling up the DagBag from /home/airflow/.local/lib/python3.8/site-packages/airflow/example_dags/example_task_group.py
[2024-03-19T09:55:09.287+0000] {processor.py:840} INFO - DAG(s) 'example_task_group' retrieved from /home/airflow/.local/lib/python3.8/site-packages/airflow/example_dags/example_task_group.py
[2024-03-19T09:55:09.325+0000] {logging_mixin.py:188} INFO - [2024-03-19T09:55:09.324+0000] {dag.py:3047} INFO - Sync 1 DAGs
[2024-03-19T09:55:09.355+0000] {logging_mixin.py:188} INFO - [2024-03-19T09:55:09.354+0000] {dag.py:3834} INFO - Setting next_dagrun for example_task_group to 2024-03-18 00:00:00+00:00, run_after=2024-03-19 00:00:00+00:00
[2024-03-19T09:55:09.384+0000] {processor.py:183} INFO - Processing /home/airflow/.local/lib/python3.8/site-packages/airflow/example_dags/example_task_group.py took 0.116 seconds
[2024-03-19T09:55:41.900+0000] {processor.py:161} INFO - Started process (PID=23955) to work on /home/airflow/.local/lib/python3.8/site-packages/airflow/example_dags/example_task_group.py
[2024-03-19T09:55:41.905+0000] {processor.py:830} INFO - Processing file /home/airflow/.local/lib/python3.8/site-packages/airflow/example_dags/example_task_group.py for tasks to queue
[2024-03-19T09:55:41.918+0000] {logging_mixin.py:188} INFO - [2024-03-19T09:55:41.917+0000] {dagbag.py:540} INFO - Filling up the DagBag from /home/airflow/.local/lib/python3.8/site-packages/airflow/example_dags/example_task_group.py
[2024-03-19T09:55:41.948+0000] {processor.py:840} INFO - DAG(s) 'example_task_group' retrieved from /home/airflow/.local/lib/python3.8/site-packages/airflow/example_dags/example_task_group.py
[2024-03-19T09:55:42.224+0000] {logging_mixin.py:188} INFO - [2024-03-19T09:55:42.223+0000] {dag.py:3047} INFO - Sync 1 DAGs
[2024-03-19T09:55:42.454+0000] {logging_mixin.py:188} INFO - [2024-03-19T09:55:42.454+0000] {dag.py:3834} INFO - Setting next_dagrun for example_task_group to 2024-03-18 00:00:00+00:00, run_after=2024-03-19 00:00:00+00:00
[2024-03-19T09:55:42.531+0000] {processor.py:183} INFO - Processing /home/airflow/.local/lib/python3.8/site-packages/airflow/example_dags/example_task_group.py took 0.659 seconds
[2024-03-19T09:56:13.053+0000] {processor.py:161} INFO - Started process (PID=24008) to work on /home/airflow/.local/lib/python3.8/site-packages/airflow/example_dags/example_task_group.py
[2024-03-19T09:56:13.056+0000] {processor.py:830} INFO - Processing file /home/airflow/.local/lib/python3.8/site-packages/airflow/example_dags/example_task_group.py for tasks to queue
[2024-03-19T09:56:13.058+0000] {logging_mixin.py:188} INFO - [2024-03-19T09:56:13.058+0000] {dagbag.py:540} INFO - Filling up the DagBag from /home/airflow/.local/lib/python3.8/site-packages/airflow/example_dags/example_task_group.py
[2024-03-19T09:56:13.067+0000] {processor.py:840} INFO - DAG(s) 'example_task_group' retrieved from /home/airflow/.local/lib/python3.8/site-packages/airflow/example_dags/example_task_group.py
[2024-03-19T09:56:13.095+0000] {logging_mixin.py:188} INFO - [2024-03-19T09:56:13.094+0000] {dag.py:3047} INFO - Sync 1 DAGs
[2024-03-19T09:56:13.124+0000] {logging_mixin.py:188} INFO - [2024-03-19T09:56:13.124+0000] {dag.py:3834} INFO - Setting next_dagrun for example_task_group to 2024-03-18 00:00:00+00:00, run_after=2024-03-19 00:00:00+00:00
[2024-03-19T09:56:13.150+0000] {processor.py:183} INFO - Processing /home/airflow/.local/lib/python3.8/site-packages/airflow/example_dags/example_task_group.py took 0.101 seconds
[2024-03-19T09:56:43.452+0000] {processor.py:161} INFO - Started process (PID=24063) to work on /home/airflow/.local/lib/python3.8/site-packages/airflow/example_dags/example_task_group.py
[2024-03-19T09:56:43.454+0000] {processor.py:830} INFO - Processing file /home/airflow/.local/lib/python3.8/site-packages/airflow/example_dags/example_task_group.py for tasks to queue
[2024-03-19T09:56:43.456+0000] {logging_mixin.py:188} INFO - [2024-03-19T09:56:43.456+0000] {dagbag.py:540} INFO - Filling up the DagBag from /home/airflow/.local/lib/python3.8/site-packages/airflow/example_dags/example_task_group.py
[2024-03-19T09:56:43.468+0000] {processor.py:840} INFO - DAG(s) 'example_task_group' retrieved from /home/airflow/.local/lib/python3.8/site-packages/airflow/example_dags/example_task_group.py
[2024-03-19T09:56:43.503+0000] {logging_mixin.py:188} INFO - [2024-03-19T09:56:43.503+0000] {dag.py:3047} INFO - Sync 1 DAGs
[2024-03-19T09:56:43.535+0000] {logging_mixin.py:188} INFO - [2024-03-19T09:56:43.534+0000] {dag.py:3834} INFO - Setting next_dagrun for example_task_group to 2024-03-18 00:00:00+00:00, run_after=2024-03-19 00:00:00+00:00
[2024-03-19T09:56:43.561+0000] {processor.py:183} INFO - Processing /home/airflow/.local/lib/python3.8/site-packages/airflow/example_dags/example_task_group.py took 0.114 seconds
[2024-03-19T09:57:13.757+0000] {processor.py:161} INFO - Started process (PID=24118) to work on /home/airflow/.local/lib/python3.8/site-packages/airflow/example_dags/example_task_group.py
[2024-03-19T09:57:13.761+0000] {processor.py:830} INFO - Processing file /home/airflow/.local/lib/python3.8/site-packages/airflow/example_dags/example_task_group.py for tasks to queue
[2024-03-19T09:57:13.763+0000] {logging_mixin.py:188} INFO - [2024-03-19T09:57:13.762+0000] {dagbag.py:540} INFO - Filling up the DagBag from /home/airflow/.local/lib/python3.8/site-packages/airflow/example_dags/example_task_group.py
[2024-03-19T09:57:13.781+0000] {processor.py:840} INFO - DAG(s) 'example_task_group' retrieved from /home/airflow/.local/lib/python3.8/site-packages/airflow/example_dags/example_task_group.py
[2024-03-19T09:57:13.843+0000] {logging_mixin.py:188} INFO - [2024-03-19T09:57:13.843+0000] {dag.py:3047} INFO - Sync 1 DAGs
[2024-03-19T09:57:13.962+0000] {logging_mixin.py:188} INFO - [2024-03-19T09:57:13.961+0000] {dag.py:3834} INFO - Setting next_dagrun for example_task_group to 2024-03-18 00:00:00+00:00, run_after=2024-03-19 00:00:00+00:00
[2024-03-19T09:57:14.133+0000] {processor.py:183} INFO - Processing /home/airflow/.local/lib/python3.8/site-packages/airflow/example_dags/example_task_group.py took 0.384 seconds
