[2024-03-19T09:44:31.175+0000] {processor.py:161} INFO - Started process (PID=22808) to work on /home/airflow/.local/lib/python3.8/site-packages/airflow/example_dags/example_python_operator.py
[2024-03-19T09:44:31.177+0000] {processor.py:830} INFO - Processing file /home/airflow/.local/lib/python3.8/site-packages/airflow/example_dags/example_python_operator.py for tasks to queue
[2024-03-19T09:44:31.179+0000] {logging_mixin.py:188} INFO - [2024-03-19T09:44:31.178+0000] {dagbag.py:540} INFO - Filling up the DagBag from /home/airflow/.local/lib/python3.8/site-packages/airflow/example_dags/example_python_operator.py
[2024-03-19T09:44:31.195+0000] {processor.py:840} INFO - DAG(s) 'example_python_operator' retrieved from /home/airflow/.local/lib/python3.8/site-packages/airflow/example_dags/example_python_operator.py
[2024-03-19T09:44:31.228+0000] {logging_mixin.py:188} INFO - [2024-03-19T09:44:31.227+0000] {dag.py:3047} INFO - Sync 1 DAGs
[2024-03-19T09:44:31.246+0000] {logging_mixin.py:188} INFO - [2024-03-19T09:44:31.246+0000] {dag.py:3834} INFO - Setting next_dagrun for example_python_operator to None, run_after=None
[2024-03-19T09:44:31.273+0000] {processor.py:183} INFO - Processing /home/airflow/.local/lib/python3.8/site-packages/airflow/example_dags/example_python_operator.py took 0.103 seconds
[2024-03-19T09:45:01.366+0000] {processor.py:161} INFO - Started process (PID=22863) to work on /home/airflow/.local/lib/python3.8/site-packages/airflow/example_dags/example_python_operator.py
[2024-03-19T09:45:01.368+0000] {processor.py:830} INFO - Processing file /home/airflow/.local/lib/python3.8/site-packages/airflow/example_dags/example_python_operator.py for tasks to queue
[2024-03-19T09:45:01.369+0000] {logging_mixin.py:188} INFO - [2024-03-19T09:45:01.369+0000] {dagbag.py:540} INFO - Filling up the DagBag from /home/airflow/.local/lib/python3.8/site-packages/airflow/example_dags/example_python_operator.py
[2024-03-19T09:45:01.385+0000] {processor.py:840} INFO - DAG(s) 'example_python_operator' retrieved from /home/airflow/.local/lib/python3.8/site-packages/airflow/example_dags/example_python_operator.py
[2024-03-19T09:45:01.412+0000] {logging_mixin.py:188} INFO - [2024-03-19T09:45:01.412+0000] {dag.py:3047} INFO - Sync 1 DAGs
[2024-03-19T09:45:01.427+0000] {logging_mixin.py:188} INFO - [2024-03-19T09:45:01.427+0000] {dag.py:3834} INFO - Setting next_dagrun for example_python_operator to None, run_after=None
[2024-03-19T09:45:01.454+0000] {processor.py:183} INFO - Processing /home/airflow/.local/lib/python3.8/site-packages/airflow/example_dags/example_python_operator.py took 0.093 seconds
[2024-03-19T09:45:48.387+0000] {processor.py:161} INFO - Started process (PID=22918) to work on /home/airflow/.local/lib/python3.8/site-packages/airflow/example_dags/example_python_operator.py
[2024-03-19T09:45:48.391+0000] {processor.py:830} INFO - Processing file /home/airflow/.local/lib/python3.8/site-packages/airflow/example_dags/example_python_operator.py for tasks to queue
[2024-03-19T09:45:48.395+0000] {logging_mixin.py:188} INFO - [2024-03-19T09:45:48.394+0000] {dagbag.py:540} INFO - Filling up the DagBag from /home/airflow/.local/lib/python3.8/site-packages/airflow/example_dags/example_python_operator.py
[2024-03-19T09:45:48.447+0000] {processor.py:840} INFO - DAG(s) 'example_python_operator' retrieved from /home/airflow/.local/lib/python3.8/site-packages/airflow/example_dags/example_python_operator.py
[2024-03-19T09:45:48.645+0000] {logging_mixin.py:188} INFO - [2024-03-19T09:45:48.644+0000] {dag.py:3047} INFO - Sync 1 DAGs
[2024-03-19T09:45:48.696+0000] {logging_mixin.py:188} INFO - [2024-03-19T09:45:48.695+0000] {dag.py:3834} INFO - Setting next_dagrun for example_python_operator to None, run_after=None
[2024-03-19T09:45:48.775+0000] {processor.py:183} INFO - Processing /home/airflow/.local/lib/python3.8/site-packages/airflow/example_dags/example_python_operator.py took 0.404 seconds
[2024-03-19T09:46:19.630+0000] {processor.py:161} INFO - Started process (PID=22973) to work on /home/airflow/.local/lib/python3.8/site-packages/airflow/example_dags/example_python_operator.py
[2024-03-19T09:46:19.654+0000] {processor.py:830} INFO - Processing file /home/airflow/.local/lib/python3.8/site-packages/airflow/example_dags/example_python_operator.py for tasks to queue
[2024-03-19T09:46:19.658+0000] {logging_mixin.py:188} INFO - [2024-03-19T09:46:19.657+0000] {dagbag.py:540} INFO - Filling up the DagBag from /home/airflow/.local/lib/python3.8/site-packages/airflow/example_dags/example_python_operator.py
[2024-03-19T09:46:19.877+0000] {processor.py:840} INFO - DAG(s) 'example_python_operator' retrieved from /home/airflow/.local/lib/python3.8/site-packages/airflow/example_dags/example_python_operator.py
[2024-03-19T09:46:20.127+0000] {logging_mixin.py:188} INFO - [2024-03-19T09:46:20.126+0000] {dag.py:3047} INFO - Sync 1 DAGs
[2024-03-19T09:46:20.223+0000] {logging_mixin.py:188} INFO - [2024-03-19T09:46:20.223+0000] {dag.py:3834} INFO - Setting next_dagrun for example_python_operator to None, run_after=None
[2024-03-19T09:46:20.315+0000] {processor.py:183} INFO - Processing /home/airflow/.local/lib/python3.8/site-packages/airflow/example_dags/example_python_operator.py took 0.693 seconds
[2024-03-19T09:46:51.067+0000] {processor.py:161} INFO - Started process (PID=23027) to work on /home/airflow/.local/lib/python3.8/site-packages/airflow/example_dags/example_python_operator.py
[2024-03-19T09:46:51.070+0000] {processor.py:830} INFO - Processing file /home/airflow/.local/lib/python3.8/site-packages/airflow/example_dags/example_python_operator.py for tasks to queue
[2024-03-19T09:46:51.073+0000] {logging_mixin.py:188} INFO - [2024-03-19T09:46:51.072+0000] {dagbag.py:540} INFO - Filling up the DagBag from /home/airflow/.local/lib/python3.8/site-packages/airflow/example_dags/example_python_operator.py
[2024-03-19T09:46:51.091+0000] {processor.py:840} INFO - DAG(s) 'example_python_operator' retrieved from /home/airflow/.local/lib/python3.8/site-packages/airflow/example_dags/example_python_operator.py
[2024-03-19T09:46:51.128+0000] {logging_mixin.py:188} INFO - [2024-03-19T09:46:51.128+0000] {dag.py:3047} INFO - Sync 1 DAGs
[2024-03-19T09:46:51.145+0000] {logging_mixin.py:188} INFO - [2024-03-19T09:46:51.145+0000] {dag.py:3834} INFO - Setting next_dagrun for example_python_operator to None, run_after=None
[2024-03-19T09:46:51.172+0000] {processor.py:183} INFO - Processing /home/airflow/.local/lib/python3.8/site-packages/airflow/example_dags/example_python_operator.py took 0.112 seconds
[2024-03-19T09:47:21.789+0000] {processor.py:161} INFO - Started process (PID=23081) to work on /home/airflow/.local/lib/python3.8/site-packages/airflow/example_dags/example_python_operator.py
[2024-03-19T09:47:21.792+0000] {processor.py:830} INFO - Processing file /home/airflow/.local/lib/python3.8/site-packages/airflow/example_dags/example_python_operator.py for tasks to queue
[2024-03-19T09:47:21.795+0000] {logging_mixin.py:188} INFO - [2024-03-19T09:47:21.794+0000] {dagbag.py:540} INFO - Filling up the DagBag from /home/airflow/.local/lib/python3.8/site-packages/airflow/example_dags/example_python_operator.py
[2024-03-19T09:47:21.824+0000] {processor.py:840} INFO - DAG(s) 'example_python_operator' retrieved from /home/airflow/.local/lib/python3.8/site-packages/airflow/example_dags/example_python_operator.py
[2024-03-19T09:47:21.871+0000] {logging_mixin.py:188} INFO - [2024-03-19T09:47:21.870+0000] {dag.py:3047} INFO - Sync 1 DAGs
[2024-03-19T09:47:21.898+0000] {logging_mixin.py:188} INFO - [2024-03-19T09:47:21.898+0000] {dag.py:3834} INFO - Setting next_dagrun for example_python_operator to None, run_after=None
[2024-03-19T09:47:21.946+0000] {processor.py:183} INFO - Processing /home/airflow/.local/lib/python3.8/site-packages/airflow/example_dags/example_python_operator.py took 0.166 seconds
[2024-03-19T09:47:52.519+0000] {processor.py:161} INFO - Started process (PID=23135) to work on /home/airflow/.local/lib/python3.8/site-packages/airflow/example_dags/example_python_operator.py
[2024-03-19T09:47:52.521+0000] {processor.py:830} INFO - Processing file /home/airflow/.local/lib/python3.8/site-packages/airflow/example_dags/example_python_operator.py for tasks to queue
[2024-03-19T09:47:52.523+0000] {logging_mixin.py:188} INFO - [2024-03-19T09:47:52.522+0000] {dagbag.py:540} INFO - Filling up the DagBag from /home/airflow/.local/lib/python3.8/site-packages/airflow/example_dags/example_python_operator.py
[2024-03-19T09:47:52.550+0000] {processor.py:840} INFO - DAG(s) 'example_python_operator' retrieved from /home/airflow/.local/lib/python3.8/site-packages/airflow/example_dags/example_python_operator.py
[2024-03-19T09:47:52.609+0000] {logging_mixin.py:188} INFO - [2024-03-19T09:47:52.608+0000] {dag.py:3047} INFO - Sync 1 DAGs
[2024-03-19T09:47:52.640+0000] {logging_mixin.py:188} INFO - [2024-03-19T09:47:52.639+0000] {dag.py:3834} INFO - Setting next_dagrun for example_python_operator to None, run_after=None
[2024-03-19T09:47:52.676+0000] {processor.py:183} INFO - Processing /home/airflow/.local/lib/python3.8/site-packages/airflow/example_dags/example_python_operator.py took 0.163 seconds
[2024-03-19T09:48:23.614+0000] {processor.py:161} INFO - Started process (PID=23190) to work on /home/airflow/.local/lib/python3.8/site-packages/airflow/example_dags/example_python_operator.py
[2024-03-19T09:48:23.617+0000] {processor.py:830} INFO - Processing file /home/airflow/.local/lib/python3.8/site-packages/airflow/example_dags/example_python_operator.py for tasks to queue
[2024-03-19T09:48:23.620+0000] {logging_mixin.py:188} INFO - [2024-03-19T09:48:23.619+0000] {dagbag.py:540} INFO - Filling up the DagBag from /home/airflow/.local/lib/python3.8/site-packages/airflow/example_dags/example_python_operator.py
[2024-03-19T09:48:23.646+0000] {processor.py:840} INFO - DAG(s) 'example_python_operator' retrieved from /home/airflow/.local/lib/python3.8/site-packages/airflow/example_dags/example_python_operator.py
[2024-03-19T09:48:23.722+0000] {logging_mixin.py:188} INFO - [2024-03-19T09:48:23.721+0000] {dag.py:3047} INFO - Sync 1 DAGs
[2024-03-19T09:48:23.761+0000] {logging_mixin.py:188} INFO - [2024-03-19T09:48:23.760+0000] {dag.py:3834} INFO - Setting next_dagrun for example_python_operator to None, run_after=None
[2024-03-19T09:48:23.805+0000] {processor.py:183} INFO - Processing /home/airflow/.local/lib/python3.8/site-packages/airflow/example_dags/example_python_operator.py took 0.199 seconds
[2024-03-19T09:48:56.189+0000] {processor.py:161} INFO - Started process (PID=23245) to work on /home/airflow/.local/lib/python3.8/site-packages/airflow/example_dags/example_python_operator.py
[2024-03-19T09:48:56.198+0000] {processor.py:830} INFO - Processing file /home/airflow/.local/lib/python3.8/site-packages/airflow/example_dags/example_python_operator.py for tasks to queue
[2024-03-19T09:48:56.201+0000] {logging_mixin.py:188} INFO - [2024-03-19T09:48:56.200+0000] {dagbag.py:540} INFO - Filling up the DagBag from /home/airflow/.local/lib/python3.8/site-packages/airflow/example_dags/example_python_operator.py
[2024-03-19T09:48:56.234+0000] {processor.py:840} INFO - DAG(s) 'example_python_operator' retrieved from /home/airflow/.local/lib/python3.8/site-packages/airflow/example_dags/example_python_operator.py
[2024-03-19T09:48:56.301+0000] {logging_mixin.py:188} INFO - [2024-03-19T09:48:56.301+0000] {dag.py:3047} INFO - Sync 1 DAGs
[2024-03-19T09:48:56.335+0000] {logging_mixin.py:188} INFO - [2024-03-19T09:48:56.334+0000] {dag.py:3834} INFO - Setting next_dagrun for example_python_operator to None, run_after=None
[2024-03-19T09:48:56.451+0000] {processor.py:183} INFO - Processing /home/airflow/.local/lib/python3.8/site-packages/airflow/example_dags/example_python_operator.py took 0.268 seconds
[2024-03-19T09:49:26.529+0000] {processor.py:161} INFO - Started process (PID=23300) to work on /home/airflow/.local/lib/python3.8/site-packages/airflow/example_dags/example_python_operator.py
[2024-03-19T09:49:26.531+0000] {processor.py:830} INFO - Processing file /home/airflow/.local/lib/python3.8/site-packages/airflow/example_dags/example_python_operator.py for tasks to queue
[2024-03-19T09:49:26.532+0000] {logging_mixin.py:188} INFO - [2024-03-19T09:49:26.532+0000] {dagbag.py:540} INFO - Filling up the DagBag from /home/airflow/.local/lib/python3.8/site-packages/airflow/example_dags/example_python_operator.py
[2024-03-19T09:49:26.546+0000] {processor.py:840} INFO - DAG(s) 'example_python_operator' retrieved from /home/airflow/.local/lib/python3.8/site-packages/airflow/example_dags/example_python_operator.py
[2024-03-19T09:49:26.573+0000] {logging_mixin.py:188} INFO - [2024-03-19T09:49:26.573+0000] {dag.py:3047} INFO - Sync 1 DAGs
[2024-03-19T09:49:26.587+0000] {logging_mixin.py:188} INFO - [2024-03-19T09:49:26.587+0000] {dag.py:3834} INFO - Setting next_dagrun for example_python_operator to None, run_after=None
[2024-03-19T09:49:26.610+0000] {processor.py:183} INFO - Processing /home/airflow/.local/lib/python3.8/site-packages/airflow/example_dags/example_python_operator.py took 0.085 seconds
[2024-03-19T09:49:58.387+0000] {processor.py:161} INFO - Started process (PID=23354) to work on /home/airflow/.local/lib/python3.8/site-packages/airflow/example_dags/example_python_operator.py
[2024-03-19T09:49:58.391+0000] {processor.py:830} INFO - Processing file /home/airflow/.local/lib/python3.8/site-packages/airflow/example_dags/example_python_operator.py for tasks to queue
[2024-03-19T09:49:58.394+0000] {logging_mixin.py:188} INFO - [2024-03-19T09:49:58.393+0000] {dagbag.py:540} INFO - Filling up the DagBag from /home/airflow/.local/lib/python3.8/site-packages/airflow/example_dags/example_python_operator.py
[2024-03-19T09:49:58.445+0000] {processor.py:840} INFO - DAG(s) 'example_python_operator' retrieved from /home/airflow/.local/lib/python3.8/site-packages/airflow/example_dags/example_python_operator.py
[2024-03-19T09:49:58.514+0000] {logging_mixin.py:188} INFO - [2024-03-19T09:49:58.513+0000] {dag.py:3047} INFO - Sync 1 DAGs
[2024-03-19T09:49:58.546+0000] {logging_mixin.py:188} INFO - [2024-03-19T09:49:58.545+0000] {dag.py:3834} INFO - Setting next_dagrun for example_python_operator to None, run_after=None
[2024-03-19T09:49:58.594+0000] {processor.py:183} INFO - Processing /home/airflow/.local/lib/python3.8/site-packages/airflow/example_dags/example_python_operator.py took 0.220 seconds
[2024-03-19T09:50:30.205+0000] {processor.py:161} INFO - Started process (PID=23409) to work on /home/airflow/.local/lib/python3.8/site-packages/airflow/example_dags/example_python_operator.py
[2024-03-19T09:50:30.207+0000] {processor.py:830} INFO - Processing file /home/airflow/.local/lib/python3.8/site-packages/airflow/example_dags/example_python_operator.py for tasks to queue
[2024-03-19T09:50:30.209+0000] {logging_mixin.py:188} INFO - [2024-03-19T09:50:30.208+0000] {dagbag.py:540} INFO - Filling up the DagBag from /home/airflow/.local/lib/python3.8/site-packages/airflow/example_dags/example_python_operator.py
[2024-03-19T09:50:30.230+0000] {processor.py:840} INFO - DAG(s) 'example_python_operator' retrieved from /home/airflow/.local/lib/python3.8/site-packages/airflow/example_dags/example_python_operator.py
[2024-03-19T09:50:30.267+0000] {logging_mixin.py:188} INFO - [2024-03-19T09:50:30.267+0000] {dag.py:3047} INFO - Sync 1 DAGs
[2024-03-19T09:50:30.292+0000] {logging_mixin.py:188} INFO - [2024-03-19T09:50:30.291+0000] {dag.py:3834} INFO - Setting next_dagrun for example_python_operator to None, run_after=None
[2024-03-19T09:50:30.327+0000] {processor.py:183} INFO - Processing /home/airflow/.local/lib/python3.8/site-packages/airflow/example_dags/example_python_operator.py took 0.129 seconds
[2024-03-19T09:51:06.929+0000] {processor.py:161} INFO - Started process (PID=23468) to work on /home/airflow/.local/lib/python3.8/site-packages/airflow/example_dags/example_python_operator.py
[2024-03-19T09:51:06.931+0000] {processor.py:830} INFO - Processing file /home/airflow/.local/lib/python3.8/site-packages/airflow/example_dags/example_python_operator.py for tasks to queue
[2024-03-19T09:51:06.935+0000] {logging_mixin.py:188} INFO - [2024-03-19T09:51:06.934+0000] {dagbag.py:540} INFO - Filling up the DagBag from /home/airflow/.local/lib/python3.8/site-packages/airflow/example_dags/example_python_operator.py
[2024-03-19T09:51:06.960+0000] {processor.py:840} INFO - DAG(s) 'example_python_operator' retrieved from /home/airflow/.local/lib/python3.8/site-packages/airflow/example_dags/example_python_operator.py
[2024-03-19T09:51:07.037+0000] {logging_mixin.py:188} INFO - [2024-03-19T09:51:07.036+0000] {dag.py:3047} INFO - Sync 1 DAGs
[2024-03-19T09:51:07.073+0000] {logging_mixin.py:188} INFO - [2024-03-19T09:51:07.072+0000] {dag.py:3834} INFO - Setting next_dagrun for example_python_operator to None, run_after=None
[2024-03-19T09:51:07.137+0000] {processor.py:183} INFO - Processing /home/airflow/.local/lib/python3.8/site-packages/airflow/example_dags/example_python_operator.py took 0.213 seconds
[2024-03-19T09:51:37.886+0000] {processor.py:161} INFO - Started process (PID=23523) to work on /home/airflow/.local/lib/python3.8/site-packages/airflow/example_dags/example_python_operator.py
[2024-03-19T09:51:37.888+0000] {processor.py:830} INFO - Processing file /home/airflow/.local/lib/python3.8/site-packages/airflow/example_dags/example_python_operator.py for tasks to queue
[2024-03-19T09:51:37.890+0000] {logging_mixin.py:188} INFO - [2024-03-19T09:51:37.889+0000] {dagbag.py:540} INFO - Filling up the DagBag from /home/airflow/.local/lib/python3.8/site-packages/airflow/example_dags/example_python_operator.py
[2024-03-19T09:51:37.907+0000] {processor.py:840} INFO - DAG(s) 'example_python_operator' retrieved from /home/airflow/.local/lib/python3.8/site-packages/airflow/example_dags/example_python_operator.py
[2024-03-19T09:51:37.950+0000] {logging_mixin.py:188} INFO - [2024-03-19T09:51:37.950+0000] {dag.py:3047} INFO - Sync 1 DAGs
[2024-03-19T09:51:37.985+0000] {logging_mixin.py:188} INFO - [2024-03-19T09:51:37.984+0000] {dag.py:3834} INFO - Setting next_dagrun for example_python_operator to None, run_after=None
[2024-03-19T09:51:38.023+0000] {processor.py:183} INFO - Processing /home/airflow/.local/lib/python3.8/site-packages/airflow/example_dags/example_python_operator.py took 0.144 seconds
[2024-03-19T09:52:08.290+0000] {processor.py:161} INFO - Started process (PID=23578) to work on /home/airflow/.local/lib/python3.8/site-packages/airflow/example_dags/example_python_operator.py
[2024-03-19T09:52:08.294+0000] {processor.py:830} INFO - Processing file /home/airflow/.local/lib/python3.8/site-packages/airflow/example_dags/example_python_operator.py for tasks to queue
[2024-03-19T09:52:08.296+0000] {logging_mixin.py:188} INFO - [2024-03-19T09:52:08.295+0000] {dagbag.py:540} INFO - Filling up the DagBag from /home/airflow/.local/lib/python3.8/site-packages/airflow/example_dags/example_python_operator.py
[2024-03-19T09:52:08.322+0000] {processor.py:840} INFO - DAG(s) 'example_python_operator' retrieved from /home/airflow/.local/lib/python3.8/site-packages/airflow/example_dags/example_python_operator.py
[2024-03-19T09:52:08.386+0000] {logging_mixin.py:188} INFO - [2024-03-19T09:52:08.386+0000] {dag.py:3047} INFO - Sync 1 DAGs
[2024-03-19T09:52:08.429+0000] {logging_mixin.py:188} INFO - [2024-03-19T09:52:08.429+0000] {dag.py:3834} INFO - Setting next_dagrun for example_python_operator to None, run_after=None
[2024-03-19T09:52:08.492+0000] {processor.py:183} INFO - Processing /home/airflow/.local/lib/python3.8/site-packages/airflow/example_dags/example_python_operator.py took 0.212 seconds
[2024-03-19T09:52:45.391+0000] {processor.py:161} INFO - Started process (PID=23637) to work on /home/airflow/.local/lib/python3.8/site-packages/airflow/example_dags/example_python_operator.py
[2024-03-19T09:52:45.411+0000] {processor.py:830} INFO - Processing file /home/airflow/.local/lib/python3.8/site-packages/airflow/example_dags/example_python_operator.py for tasks to queue
[2024-03-19T09:52:45.414+0000] {logging_mixin.py:188} INFO - [2024-03-19T09:52:45.413+0000] {dagbag.py:540} INFO - Filling up the DagBag from /home/airflow/.local/lib/python3.8/site-packages/airflow/example_dags/example_python_operator.py
[2024-03-19T09:52:45.624+0000] {processor.py:840} INFO - DAG(s) 'example_python_operator' retrieved from /home/airflow/.local/lib/python3.8/site-packages/airflow/example_dags/example_python_operator.py
[2024-03-19T09:52:45.884+0000] {logging_mixin.py:188} INFO - [2024-03-19T09:52:45.884+0000] {dag.py:3047} INFO - Sync 1 DAGs
[2024-03-19T09:52:45.918+0000] {logging_mixin.py:188} INFO - [2024-03-19T09:52:45.917+0000] {dag.py:3834} INFO - Setting next_dagrun for example_python_operator to None, run_after=None
[2024-03-19T09:52:45.962+0000] {processor.py:183} INFO - Processing /home/airflow/.local/lib/python3.8/site-packages/airflow/example_dags/example_python_operator.py took 0.618 seconds
[2024-03-19T09:53:16.098+0000] {processor.py:161} INFO - Started process (PID=23690) to work on /home/airflow/.local/lib/python3.8/site-packages/airflow/example_dags/example_python_operator.py
[2024-03-19T09:53:16.106+0000] {processor.py:830} INFO - Processing file /home/airflow/.local/lib/python3.8/site-packages/airflow/example_dags/example_python_operator.py for tasks to queue
[2024-03-19T09:53:16.109+0000] {logging_mixin.py:188} INFO - [2024-03-19T09:53:16.108+0000] {dagbag.py:540} INFO - Filling up the DagBag from /home/airflow/.local/lib/python3.8/site-packages/airflow/example_dags/example_python_operator.py
[2024-03-19T09:53:16.147+0000] {processor.py:840} INFO - DAG(s) 'example_python_operator' retrieved from /home/airflow/.local/lib/python3.8/site-packages/airflow/example_dags/example_python_operator.py
[2024-03-19T09:53:16.204+0000] {logging_mixin.py:188} INFO - [2024-03-19T09:53:16.203+0000] {dag.py:3047} INFO - Sync 1 DAGs
[2024-03-19T09:53:16.220+0000] {logging_mixin.py:188} INFO - [2024-03-19T09:53:16.219+0000] {dag.py:3834} INFO - Setting next_dagrun for example_python_operator to None, run_after=None
[2024-03-19T09:53:16.246+0000] {processor.py:183} INFO - Processing /home/airflow/.local/lib/python3.8/site-packages/airflow/example_dags/example_python_operator.py took 0.194 seconds
[2024-03-19T09:53:46.333+0000] {processor.py:161} INFO - Started process (PID=23745) to work on /home/airflow/.local/lib/python3.8/site-packages/airflow/example_dags/example_python_operator.py
[2024-03-19T09:53:46.335+0000] {processor.py:830} INFO - Processing file /home/airflow/.local/lib/python3.8/site-packages/airflow/example_dags/example_python_operator.py for tasks to queue
[2024-03-19T09:53:46.337+0000] {logging_mixin.py:188} INFO - [2024-03-19T09:53:46.337+0000] {dagbag.py:540} INFO - Filling up the DagBag from /home/airflow/.local/lib/python3.8/site-packages/airflow/example_dags/example_python_operator.py
[2024-03-19T09:53:46.355+0000] {processor.py:840} INFO - DAG(s) 'example_python_operator' retrieved from /home/airflow/.local/lib/python3.8/site-packages/airflow/example_dags/example_python_operator.py
[2024-03-19T09:53:46.389+0000] {logging_mixin.py:188} INFO - [2024-03-19T09:53:46.389+0000] {dag.py:3047} INFO - Sync 1 DAGs
[2024-03-19T09:53:46.404+0000] {logging_mixin.py:188} INFO - [2024-03-19T09:53:46.404+0000] {dag.py:3834} INFO - Setting next_dagrun for example_python_operator to None, run_after=None
[2024-03-19T09:53:46.478+0000] {processor.py:183} INFO - Processing /home/airflow/.local/lib/python3.8/site-packages/airflow/example_dags/example_python_operator.py took 0.149 seconds
[2024-03-19T09:54:17.342+0000] {processor.py:161} INFO - Started process (PID=23801) to work on /home/airflow/.local/lib/python3.8/site-packages/airflow/example_dags/example_python_operator.py
[2024-03-19T09:54:17.344+0000] {processor.py:830} INFO - Processing file /home/airflow/.local/lib/python3.8/site-packages/airflow/example_dags/example_python_operator.py for tasks to queue
[2024-03-19T09:54:17.345+0000] {logging_mixin.py:188} INFO - [2024-03-19T09:54:17.345+0000] {dagbag.py:540} INFO - Filling up the DagBag from /home/airflow/.local/lib/python3.8/site-packages/airflow/example_dags/example_python_operator.py
[2024-03-19T09:54:17.358+0000] {processor.py:840} INFO - DAG(s) 'example_python_operator' retrieved from /home/airflow/.local/lib/python3.8/site-packages/airflow/example_dags/example_python_operator.py
[2024-03-19T09:54:17.387+0000] {logging_mixin.py:188} INFO - [2024-03-19T09:54:17.386+0000] {dag.py:3047} INFO - Sync 1 DAGs
[2024-03-19T09:54:17.402+0000] {logging_mixin.py:188} INFO - [2024-03-19T09:54:17.402+0000] {dag.py:3834} INFO - Setting next_dagrun for example_python_operator to None, run_after=None
[2024-03-19T09:54:17.426+0000] {processor.py:183} INFO - Processing /home/airflow/.local/lib/python3.8/site-packages/airflow/example_dags/example_python_operator.py took 0.088 seconds
[2024-03-19T09:54:47.702+0000] {processor.py:161} INFO - Started process (PID=23856) to work on /home/airflow/.local/lib/python3.8/site-packages/airflow/example_dags/example_python_operator.py
[2024-03-19T09:54:47.704+0000] {processor.py:830} INFO - Processing file /home/airflow/.local/lib/python3.8/site-packages/airflow/example_dags/example_python_operator.py for tasks to queue
[2024-03-19T09:54:47.707+0000] {logging_mixin.py:188} INFO - [2024-03-19T09:54:47.706+0000] {dagbag.py:540} INFO - Filling up the DagBag from /home/airflow/.local/lib/python3.8/site-packages/airflow/example_dags/example_python_operator.py
[2024-03-19T09:54:47.730+0000] {processor.py:840} INFO - DAG(s) 'example_python_operator' retrieved from /home/airflow/.local/lib/python3.8/site-packages/airflow/example_dags/example_python_operator.py
[2024-03-19T09:54:47.780+0000] {logging_mixin.py:188} INFO - [2024-03-19T09:54:47.780+0000] {dag.py:3047} INFO - Sync 1 DAGs
[2024-03-19T09:54:47.813+0000] {logging_mixin.py:188} INFO - [2024-03-19T09:54:47.813+0000] {dag.py:3834} INFO - Setting next_dagrun for example_python_operator to None, run_after=None
[2024-03-19T09:54:47.847+0000] {processor.py:183} INFO - Processing /home/airflow/.local/lib/python3.8/site-packages/airflow/example_dags/example_python_operator.py took 0.153 seconds
[2024-03-19T09:55:18.328+0000] {processor.py:161} INFO - Started process (PID=23911) to work on /home/airflow/.local/lib/python3.8/site-packages/airflow/example_dags/example_python_operator.py
[2024-03-19T09:55:18.330+0000] {processor.py:830} INFO - Processing file /home/airflow/.local/lib/python3.8/site-packages/airflow/example_dags/example_python_operator.py for tasks to queue
[2024-03-19T09:55:18.332+0000] {logging_mixin.py:188} INFO - [2024-03-19T09:55:18.331+0000] {dagbag.py:540} INFO - Filling up the DagBag from /home/airflow/.local/lib/python3.8/site-packages/airflow/example_dags/example_python_operator.py
[2024-03-19T09:55:18.350+0000] {processor.py:840} INFO - DAG(s) 'example_python_operator' retrieved from /home/airflow/.local/lib/python3.8/site-packages/airflow/example_dags/example_python_operator.py
[2024-03-19T09:55:18.386+0000] {logging_mixin.py:188} INFO - [2024-03-19T09:55:18.385+0000] {dag.py:3047} INFO - Sync 1 DAGs
[2024-03-19T09:55:18.404+0000] {logging_mixin.py:188} INFO - [2024-03-19T09:55:18.404+0000] {dag.py:3834} INFO - Setting next_dagrun for example_python_operator to None, run_after=None
[2024-03-19T09:55:18.430+0000] {processor.py:183} INFO - Processing /home/airflow/.local/lib/python3.8/site-packages/airflow/example_dags/example_python_operator.py took 0.107 seconds
[2024-03-19T09:55:48.902+0000] {processor.py:161} INFO - Started process (PID=23966) to work on /home/airflow/.local/lib/python3.8/site-packages/airflow/example_dags/example_python_operator.py
[2024-03-19T09:55:48.904+0000] {processor.py:830} INFO - Processing file /home/airflow/.local/lib/python3.8/site-packages/airflow/example_dags/example_python_operator.py for tasks to queue
[2024-03-19T09:55:48.906+0000] {logging_mixin.py:188} INFO - [2024-03-19T09:55:48.905+0000] {dagbag.py:540} INFO - Filling up the DagBag from /home/airflow/.local/lib/python3.8/site-packages/airflow/example_dags/example_python_operator.py
[2024-03-19T09:55:48.924+0000] {processor.py:840} INFO - DAG(s) 'example_python_operator' retrieved from /home/airflow/.local/lib/python3.8/site-packages/airflow/example_dags/example_python_operator.py
[2024-03-19T09:55:48.958+0000] {logging_mixin.py:188} INFO - [2024-03-19T09:55:48.958+0000] {dag.py:3047} INFO - Sync 1 DAGs
[2024-03-19T09:55:48.982+0000] {logging_mixin.py:188} INFO - [2024-03-19T09:55:48.981+0000] {dag.py:3834} INFO - Setting next_dagrun for example_python_operator to None, run_after=None
[2024-03-19T09:55:49.024+0000] {processor.py:183} INFO - Processing /home/airflow/.local/lib/python3.8/site-packages/airflow/example_dags/example_python_operator.py took 0.131 seconds
[2024-03-19T09:56:19.134+0000] {processor.py:161} INFO - Started process (PID=24021) to work on /home/airflow/.local/lib/python3.8/site-packages/airflow/example_dags/example_python_operator.py
[2024-03-19T09:56:19.138+0000] {processor.py:830} INFO - Processing file /home/airflow/.local/lib/python3.8/site-packages/airflow/example_dags/example_python_operator.py for tasks to queue
[2024-03-19T09:56:19.141+0000] {logging_mixin.py:188} INFO - [2024-03-19T09:56:19.140+0000] {dagbag.py:540} INFO - Filling up the DagBag from /home/airflow/.local/lib/python3.8/site-packages/airflow/example_dags/example_python_operator.py
[2024-03-19T09:56:19.176+0000] {processor.py:840} INFO - DAG(s) 'example_python_operator' retrieved from /home/airflow/.local/lib/python3.8/site-packages/airflow/example_dags/example_python_operator.py
[2024-03-19T09:56:19.241+0000] {logging_mixin.py:188} INFO - [2024-03-19T09:56:19.241+0000] {dag.py:3047} INFO - Sync 1 DAGs
[2024-03-19T09:56:19.277+0000] {logging_mixin.py:188} INFO - [2024-03-19T09:56:19.276+0000] {dag.py:3834} INFO - Setting next_dagrun for example_python_operator to None, run_after=None
[2024-03-19T09:56:19.329+0000] {processor.py:183} INFO - Processing /home/airflow/.local/lib/python3.8/site-packages/airflow/example_dags/example_python_operator.py took 0.202 seconds
[2024-03-19T09:56:49.495+0000] {processor.py:161} INFO - Started process (PID=24076) to work on /home/airflow/.local/lib/python3.8/site-packages/airflow/example_dags/example_python_operator.py
[2024-03-19T09:56:49.498+0000] {processor.py:830} INFO - Processing file /home/airflow/.local/lib/python3.8/site-packages/airflow/example_dags/example_python_operator.py for tasks to queue
[2024-03-19T09:56:49.502+0000] {logging_mixin.py:188} INFO - [2024-03-19T09:56:49.501+0000] {dagbag.py:540} INFO - Filling up the DagBag from /home/airflow/.local/lib/python3.8/site-packages/airflow/example_dags/example_python_operator.py
[2024-03-19T09:56:49.539+0000] {processor.py:840} INFO - DAG(s) 'example_python_operator' retrieved from /home/airflow/.local/lib/python3.8/site-packages/airflow/example_dags/example_python_operator.py
[2024-03-19T09:56:49.586+0000] {logging_mixin.py:188} INFO - [2024-03-19T09:56:49.585+0000] {dag.py:3047} INFO - Sync 1 DAGs
[2024-03-19T09:56:49.606+0000] {logging_mixin.py:188} INFO - [2024-03-19T09:56:49.606+0000] {dag.py:3834} INFO - Setting next_dagrun for example_python_operator to None, run_after=None
[2024-03-19T09:56:49.630+0000] {processor.py:183} INFO - Processing /home/airflow/.local/lib/python3.8/site-packages/airflow/example_dags/example_python_operator.py took 0.147 seconds
