[2024-03-19T09:44:28.205+0000] {processor.py:161} INFO - Started process (PID=22791) to work on /home/airflow/.local/lib/python3.8/site-packages/airflow/example_dags/example_sensors.py
[2024-03-19T09:44:28.208+0000] {processor.py:830} INFO - Processing file /home/airflow/.local/lib/python3.8/site-packages/airflow/example_dags/example_sensors.py for tasks to queue
[2024-03-19T09:44:28.214+0000] {logging_mixin.py:188} INFO - [2024-03-19T09:44:28.213+0000] {dagbag.py:540} INFO - Filling up the DagBag from /home/airflow/.local/lib/python3.8/site-packages/airflow/example_dags/example_sensors.py
[2024-03-19T09:44:28.263+0000] {processor.py:840} INFO - DAG(s) 'example_sensors' retrieved from /home/airflow/.local/lib/python3.8/site-packages/airflow/example_dags/example_sensors.py
[2024-03-19T09:44:28.421+0000] {logging_mixin.py:188} INFO - [2024-03-19T09:44:28.420+0000] {dag.py:3047} INFO - Sync 1 DAGs
[2024-03-19T09:44:28.456+0000] {logging_mixin.py:188} INFO - [2024-03-19T09:44:28.456+0000] {dag.py:3834} INFO - Setting next_dagrun for example_sensors to None, run_after=None
[2024-03-19T09:44:28.521+0000] {processor.py:183} INFO - Processing /home/airflow/.local/lib/python3.8/site-packages/airflow/example_dags/example_sensors.py took 0.325 seconds
[2024-03-19T09:44:58.854+0000] {processor.py:161} INFO - Started process (PID=22846) to work on /home/airflow/.local/lib/python3.8/site-packages/airflow/example_dags/example_sensors.py
[2024-03-19T09:44:58.857+0000] {processor.py:830} INFO - Processing file /home/airflow/.local/lib/python3.8/site-packages/airflow/example_dags/example_sensors.py for tasks to queue
[2024-03-19T09:44:58.859+0000] {logging_mixin.py:188} INFO - [2024-03-19T09:44:58.858+0000] {dagbag.py:540} INFO - Filling up the DagBag from /home/airflow/.local/lib/python3.8/site-packages/airflow/example_dags/example_sensors.py
[2024-03-19T09:44:58.874+0000] {processor.py:840} INFO - DAG(s) 'example_sensors' retrieved from /home/airflow/.local/lib/python3.8/site-packages/airflow/example_dags/example_sensors.py
[2024-03-19T09:44:58.919+0000] {logging_mixin.py:188} INFO - [2024-03-19T09:44:58.919+0000] {dag.py:3047} INFO - Sync 1 DAGs
[2024-03-19T09:44:58.937+0000] {logging_mixin.py:188} INFO - [2024-03-19T09:44:58.937+0000] {dag.py:3834} INFO - Setting next_dagrun for example_sensors to None, run_after=None
[2024-03-19T09:44:58.965+0000] {processor.py:183} INFO - Processing /home/airflow/.local/lib/python3.8/site-packages/airflow/example_dags/example_sensors.py took 0.116 seconds
[2024-03-19T09:45:36.846+0000] {processor.py:161} INFO - Started process (PID=22901) to work on /home/airflow/.local/lib/python3.8/site-packages/airflow/example_dags/example_sensors.py
[2024-03-19T09:45:36.866+0000] {processor.py:830} INFO - Processing file /home/airflow/.local/lib/python3.8/site-packages/airflow/example_dags/example_sensors.py for tasks to queue
[2024-03-19T09:45:36.878+0000] {logging_mixin.py:188} INFO - [2024-03-19T09:45:36.877+0000] {dagbag.py:540} INFO - Filling up the DagBag from /home/airflow/.local/lib/python3.8/site-packages/airflow/example_dags/example_sensors.py
[2024-03-19T09:45:36.993+0000] {processor.py:840} INFO - DAG(s) 'example_sensors' retrieved from /home/airflow/.local/lib/python3.8/site-packages/airflow/example_dags/example_sensors.py
[2024-03-19T09:45:37.136+0000] {logging_mixin.py:188} INFO - [2024-03-19T09:45:37.135+0000] {dag.py:3047} INFO - Sync 1 DAGs
[2024-03-19T09:45:37.311+0000] {logging_mixin.py:188} INFO - [2024-03-19T09:45:37.311+0000] {dag.py:3834} INFO - Setting next_dagrun for example_sensors to None, run_after=None
[2024-03-19T09:45:37.486+0000] {processor.py:183} INFO - Processing /home/airflow/.local/lib/python3.8/site-packages/airflow/example_dags/example_sensors.py took 0.670 seconds
[2024-03-19T09:46:14.113+0000] {processor.py:161} INFO - Started process (PID=22956) to work on /home/airflow/.local/lib/python3.8/site-packages/airflow/example_dags/example_sensors.py
[2024-03-19T09:46:14.138+0000] {processor.py:830} INFO - Processing file /home/airflow/.local/lib/python3.8/site-packages/airflow/example_dags/example_sensors.py for tasks to queue
[2024-03-19T09:46:14.184+0000] {logging_mixin.py:188} INFO - [2024-03-19T09:46:14.183+0000] {dagbag.py:540} INFO - Filling up the DagBag from /home/airflow/.local/lib/python3.8/site-packages/airflow/example_dags/example_sensors.py
[2024-03-19T09:46:14.265+0000] {processor.py:840} INFO - DAG(s) 'example_sensors' retrieved from /home/airflow/.local/lib/python3.8/site-packages/airflow/example_dags/example_sensors.py
[2024-03-19T09:46:14.427+0000] {logging_mixin.py:188} INFO - [2024-03-19T09:46:14.426+0000] {dag.py:3047} INFO - Sync 1 DAGs
[2024-03-19T09:46:14.492+0000] {logging_mixin.py:188} INFO - [2024-03-19T09:46:14.491+0000] {dag.py:3834} INFO - Setting next_dagrun for example_sensors to None, run_after=None
[2024-03-19T09:46:14.693+0000] {processor.py:183} INFO - Processing /home/airflow/.local/lib/python3.8/site-packages/airflow/example_dags/example_sensors.py took 0.596 seconds
[2024-03-19T09:46:45.611+0000] {processor.py:161} INFO - Started process (PID=23009) to work on /home/airflow/.local/lib/python3.8/site-packages/airflow/example_dags/example_sensors.py
[2024-03-19T09:46:45.613+0000] {processor.py:830} INFO - Processing file /home/airflow/.local/lib/python3.8/site-packages/airflow/example_dags/example_sensors.py for tasks to queue
[2024-03-19T09:46:45.614+0000] {logging_mixin.py:188} INFO - [2024-03-19T09:46:45.614+0000] {dagbag.py:540} INFO - Filling up the DagBag from /home/airflow/.local/lib/python3.8/site-packages/airflow/example_dags/example_sensors.py
[2024-03-19T09:46:45.629+0000] {processor.py:840} INFO - DAG(s) 'example_sensors' retrieved from /home/airflow/.local/lib/python3.8/site-packages/airflow/example_dags/example_sensors.py
[2024-03-19T09:46:45.670+0000] {logging_mixin.py:188} INFO - [2024-03-19T09:46:45.669+0000] {dag.py:3047} INFO - Sync 1 DAGs
[2024-03-19T09:46:45.688+0000] {logging_mixin.py:188} INFO - [2024-03-19T09:46:45.687+0000] {dag.py:3834} INFO - Setting next_dagrun for example_sensors to None, run_after=None
[2024-03-19T09:46:45.714+0000] {processor.py:183} INFO - Processing /home/airflow/.local/lib/python3.8/site-packages/airflow/example_dags/example_sensors.py took 0.106 seconds
[2024-03-19T09:47:16.515+0000] {processor.py:161} INFO - Started process (PID=23064) to work on /home/airflow/.local/lib/python3.8/site-packages/airflow/example_dags/example_sensors.py
[2024-03-19T09:47:16.520+0000] {processor.py:830} INFO - Processing file /home/airflow/.local/lib/python3.8/site-packages/airflow/example_dags/example_sensors.py for tasks to queue
[2024-03-19T09:47:16.523+0000] {logging_mixin.py:188} INFO - [2024-03-19T09:47:16.523+0000] {dagbag.py:540} INFO - Filling up the DagBag from /home/airflow/.local/lib/python3.8/site-packages/airflow/example_dags/example_sensors.py
[2024-03-19T09:47:16.671+0000] {processor.py:840} INFO - DAG(s) 'example_sensors' retrieved from /home/airflow/.local/lib/python3.8/site-packages/airflow/example_dags/example_sensors.py
[2024-03-19T09:47:16.913+0000] {logging_mixin.py:188} INFO - [2024-03-19T09:47:16.912+0000] {dag.py:3047} INFO - Sync 1 DAGs
[2024-03-19T09:47:17.049+0000] {logging_mixin.py:188} INFO - [2024-03-19T09:47:17.048+0000] {dag.py:3834} INFO - Setting next_dagrun for example_sensors to None, run_after=None
[2024-03-19T09:47:17.170+0000] {processor.py:183} INFO - Processing /home/airflow/.local/lib/python3.8/site-packages/airflow/example_dags/example_sensors.py took 0.674 seconds
[2024-03-19T09:47:47.681+0000] {processor.py:161} INFO - Started process (PID=23119) to work on /home/airflow/.local/lib/python3.8/site-packages/airflow/example_dags/example_sensors.py
[2024-03-19T09:47:47.685+0000] {processor.py:830} INFO - Processing file /home/airflow/.local/lib/python3.8/site-packages/airflow/example_dags/example_sensors.py for tasks to queue
[2024-03-19T09:47:47.687+0000] {logging_mixin.py:188} INFO - [2024-03-19T09:47:47.686+0000] {dagbag.py:540} INFO - Filling up the DagBag from /home/airflow/.local/lib/python3.8/site-packages/airflow/example_dags/example_sensors.py
[2024-03-19T09:47:47.740+0000] {processor.py:840} INFO - DAG(s) 'example_sensors' retrieved from /home/airflow/.local/lib/python3.8/site-packages/airflow/example_dags/example_sensors.py
[2024-03-19T09:47:47.838+0000] {logging_mixin.py:188} INFO - [2024-03-19T09:47:47.837+0000] {dag.py:3047} INFO - Sync 1 DAGs
[2024-03-19T09:47:47.911+0000] {logging_mixin.py:188} INFO - [2024-03-19T09:47:47.910+0000] {dag.py:3834} INFO - Setting next_dagrun for example_sensors to None, run_after=None
[2024-03-19T09:47:48.018+0000] {processor.py:183} INFO - Processing /home/airflow/.local/lib/python3.8/site-packages/airflow/example_dags/example_sensors.py took 0.356 seconds
[2024-03-19T09:48:18.172+0000] {processor.py:161} INFO - Started process (PID=23174) to work on /home/airflow/.local/lib/python3.8/site-packages/airflow/example_dags/example_sensors.py
[2024-03-19T09:48:18.183+0000] {processor.py:830} INFO - Processing file /home/airflow/.local/lib/python3.8/site-packages/airflow/example_dags/example_sensors.py for tasks to queue
[2024-03-19T09:48:18.190+0000] {logging_mixin.py:188} INFO - [2024-03-19T09:48:18.186+0000] {dagbag.py:540} INFO - Filling up the DagBag from /home/airflow/.local/lib/python3.8/site-packages/airflow/example_dags/example_sensors.py
[2024-03-19T09:48:18.261+0000] {processor.py:840} INFO - DAG(s) 'example_sensors' retrieved from /home/airflow/.local/lib/python3.8/site-packages/airflow/example_dags/example_sensors.py
[2024-03-19T09:48:18.437+0000] {logging_mixin.py:188} INFO - [2024-03-19T09:48:18.437+0000] {dag.py:3047} INFO - Sync 1 DAGs
[2024-03-19T09:48:18.491+0000] {logging_mixin.py:188} INFO - [2024-03-19T09:48:18.490+0000] {dag.py:3834} INFO - Setting next_dagrun for example_sensors to None, run_after=None
[2024-03-19T09:48:18.578+0000] {processor.py:183} INFO - Processing /home/airflow/.local/lib/python3.8/site-packages/airflow/example_dags/example_sensors.py took 0.445 seconds
[2024-03-19T09:48:48.975+0000] {processor.py:161} INFO - Started process (PID=23229) to work on /home/airflow/.local/lib/python3.8/site-packages/airflow/example_dags/example_sensors.py
[2024-03-19T09:48:48.977+0000] {processor.py:830} INFO - Processing file /home/airflow/.local/lib/python3.8/site-packages/airflow/example_dags/example_sensors.py for tasks to queue
[2024-03-19T09:48:48.978+0000] {logging_mixin.py:188} INFO - [2024-03-19T09:48:48.978+0000] {dagbag.py:540} INFO - Filling up the DagBag from /home/airflow/.local/lib/python3.8/site-packages/airflow/example_dags/example_sensors.py
[2024-03-19T09:48:48.995+0000] {processor.py:840} INFO - DAG(s) 'example_sensors' retrieved from /home/airflow/.local/lib/python3.8/site-packages/airflow/example_dags/example_sensors.py
[2024-03-19T09:48:49.043+0000] {logging_mixin.py:188} INFO - [2024-03-19T09:48:49.042+0000] {dag.py:3047} INFO - Sync 1 DAGs
[2024-03-19T09:48:49.078+0000] {logging_mixin.py:188} INFO - [2024-03-19T09:48:49.077+0000] {dag.py:3834} INFO - Setting next_dagrun for example_sensors to None, run_after=None
[2024-03-19T09:48:49.115+0000] {processor.py:183} INFO - Processing /home/airflow/.local/lib/python3.8/site-packages/airflow/example_dags/example_sensors.py took 0.145 seconds
[2024-03-19T09:49:19.316+0000] {processor.py:161} INFO - Started process (PID=23284) to work on /home/airflow/.local/lib/python3.8/site-packages/airflow/example_dags/example_sensors.py
[2024-03-19T09:49:19.319+0000] {processor.py:830} INFO - Processing file /home/airflow/.local/lib/python3.8/site-packages/airflow/example_dags/example_sensors.py for tasks to queue
[2024-03-19T09:49:19.321+0000] {logging_mixin.py:188} INFO - [2024-03-19T09:49:19.320+0000] {dagbag.py:540} INFO - Filling up the DagBag from /home/airflow/.local/lib/python3.8/site-packages/airflow/example_dags/example_sensors.py
[2024-03-19T09:49:19.335+0000] {processor.py:840} INFO - DAG(s) 'example_sensors' retrieved from /home/airflow/.local/lib/python3.8/site-packages/airflow/example_dags/example_sensors.py
[2024-03-19T09:49:19.368+0000] {logging_mixin.py:188} INFO - [2024-03-19T09:49:19.367+0000] {dag.py:3047} INFO - Sync 1 DAGs
[2024-03-19T09:49:19.383+0000] {logging_mixin.py:188} INFO - [2024-03-19T09:49:19.383+0000] {dag.py:3834} INFO - Setting next_dagrun for example_sensors to None, run_after=None
[2024-03-19T09:49:19.410+0000] {processor.py:183} INFO - Processing /home/airflow/.local/lib/python3.8/site-packages/airflow/example_dags/example_sensors.py took 0.098 seconds
[2024-03-19T09:49:50.109+0000] {processor.py:161} INFO - Started process (PID=23338) to work on /home/airflow/.local/lib/python3.8/site-packages/airflow/example_dags/example_sensors.py
[2024-03-19T09:49:50.112+0000] {processor.py:830} INFO - Processing file /home/airflow/.local/lib/python3.8/site-packages/airflow/example_dags/example_sensors.py for tasks to queue
[2024-03-19T09:49:50.114+0000] {logging_mixin.py:188} INFO - [2024-03-19T09:49:50.113+0000] {dagbag.py:540} INFO - Filling up the DagBag from /home/airflow/.local/lib/python3.8/site-packages/airflow/example_dags/example_sensors.py
[2024-03-19T09:49:50.133+0000] {processor.py:840} INFO - DAG(s) 'example_sensors' retrieved from /home/airflow/.local/lib/python3.8/site-packages/airflow/example_dags/example_sensors.py
[2024-03-19T09:49:50.177+0000] {logging_mixin.py:188} INFO - [2024-03-19T09:49:50.176+0000] {dag.py:3047} INFO - Sync 1 DAGs
[2024-03-19T09:49:50.194+0000] {logging_mixin.py:188} INFO - [2024-03-19T09:49:50.193+0000] {dag.py:3834} INFO - Setting next_dagrun for example_sensors to None, run_after=None
[2024-03-19T09:49:50.230+0000] {processor.py:183} INFO - Processing /home/airflow/.local/lib/python3.8/site-packages/airflow/example_dags/example_sensors.py took 0.129 seconds
[2024-03-19T09:50:20.689+0000] {processor.py:161} INFO - Started process (PID=23393) to work on /home/airflow/.local/lib/python3.8/site-packages/airflow/example_dags/example_sensors.py
[2024-03-19T09:50:20.741+0000] {processor.py:830} INFO - Processing file /home/airflow/.local/lib/python3.8/site-packages/airflow/example_dags/example_sensors.py for tasks to queue
[2024-03-19T09:50:20.753+0000] {logging_mixin.py:188} INFO - [2024-03-19T09:50:20.752+0000] {dagbag.py:540} INFO - Filling up the DagBag from /home/airflow/.local/lib/python3.8/site-packages/airflow/example_dags/example_sensors.py
[2024-03-19T09:50:20.817+0000] {processor.py:840} INFO - DAG(s) 'example_sensors' retrieved from /home/airflow/.local/lib/python3.8/site-packages/airflow/example_dags/example_sensors.py
[2024-03-19T09:50:21.011+0000] {logging_mixin.py:188} INFO - [2024-03-19T09:50:21.010+0000] {dag.py:3047} INFO - Sync 1 DAGs
[2024-03-19T09:50:21.087+0000] {logging_mixin.py:188} INFO - [2024-03-19T09:50:21.086+0000] {dag.py:3834} INFO - Setting next_dagrun for example_sensors to None, run_after=None
[2024-03-19T09:50:21.167+0000] {processor.py:183} INFO - Processing /home/airflow/.local/lib/python3.8/site-packages/airflow/example_dags/example_sensors.py took 0.492 seconds
[2024-03-19T09:50:53.861+0000] {processor.py:161} INFO - Started process (PID=23449) to work on /home/airflow/.local/lib/python3.8/site-packages/airflow/example_dags/example_sensors.py
[2024-03-19T09:50:53.867+0000] {processor.py:830} INFO - Processing file /home/airflow/.local/lib/python3.8/site-packages/airflow/example_dags/example_sensors.py for tasks to queue
[2024-03-19T09:50:53.876+0000] {logging_mixin.py:188} INFO - [2024-03-19T09:50:53.870+0000] {dagbag.py:540} INFO - Filling up the DagBag from /home/airflow/.local/lib/python3.8/site-packages/airflow/example_dags/example_sensors.py
[2024-03-19T09:50:53.940+0000] {processor.py:840} INFO - DAG(s) 'example_sensors' retrieved from /home/airflow/.local/lib/python3.8/site-packages/airflow/example_dags/example_sensors.py
[2024-03-19T09:50:54.000+0000] {logging_mixin.py:188} INFO - [2024-03-19T09:50:54.000+0000] {dag.py:3047} INFO - Sync 1 DAGs
[2024-03-19T09:50:54.030+0000] {logging_mixin.py:188} INFO - [2024-03-19T09:50:54.030+0000] {dag.py:3834} INFO - Setting next_dagrun for example_sensors to None, run_after=None
[2024-03-19T09:50:54.143+0000] {processor.py:183} INFO - Processing /home/airflow/.local/lib/python3.8/site-packages/airflow/example_dags/example_sensors.py took 0.304 seconds
[2024-03-19T09:51:24.972+0000] {processor.py:161} INFO - Started process (PID=23502) to work on /home/airflow/.local/lib/python3.8/site-packages/airflow/example_dags/example_sensors.py
[2024-03-19T09:51:24.976+0000] {processor.py:830} INFO - Processing file /home/airflow/.local/lib/python3.8/site-packages/airflow/example_dags/example_sensors.py for tasks to queue
[2024-03-19T09:51:24.979+0000] {logging_mixin.py:188} INFO - [2024-03-19T09:51:24.978+0000] {dagbag.py:540} INFO - Filling up the DagBag from /home/airflow/.local/lib/python3.8/site-packages/airflow/example_dags/example_sensors.py
[2024-03-19T09:51:25.020+0000] {processor.py:840} INFO - DAG(s) 'example_sensors' retrieved from /home/airflow/.local/lib/python3.8/site-packages/airflow/example_dags/example_sensors.py
[2024-03-19T09:51:25.114+0000] {logging_mixin.py:188} INFO - [2024-03-19T09:51:25.114+0000] {dag.py:3047} INFO - Sync 1 DAGs
[2024-03-19T09:51:25.223+0000] {logging_mixin.py:188} INFO - [2024-03-19T09:51:25.222+0000] {dag.py:3834} INFO - Setting next_dagrun for example_sensors to None, run_after=None
[2024-03-19T09:51:25.367+0000] {processor.py:183} INFO - Processing /home/airflow/.local/lib/python3.8/site-packages/airflow/example_dags/example_sensors.py took 0.418 seconds
[2024-03-19T09:51:55.491+0000] {processor.py:161} INFO - Started process (PID=23557) to work on /home/airflow/.local/lib/python3.8/site-packages/airflow/example_dags/example_sensors.py
[2024-03-19T09:51:55.493+0000] {processor.py:830} INFO - Processing file /home/airflow/.local/lib/python3.8/site-packages/airflow/example_dags/example_sensors.py for tasks to queue
[2024-03-19T09:51:55.495+0000] {logging_mixin.py:188} INFO - [2024-03-19T09:51:55.495+0000] {dagbag.py:540} INFO - Filling up the DagBag from /home/airflow/.local/lib/python3.8/site-packages/airflow/example_dags/example_sensors.py
[2024-03-19T09:51:55.514+0000] {processor.py:840} INFO - DAG(s) 'example_sensors' retrieved from /home/airflow/.local/lib/python3.8/site-packages/airflow/example_dags/example_sensors.py
[2024-03-19T09:51:55.560+0000] {logging_mixin.py:188} INFO - [2024-03-19T09:51:55.560+0000] {dag.py:3047} INFO - Sync 1 DAGs
[2024-03-19T09:51:55.581+0000] {logging_mixin.py:188} INFO - [2024-03-19T09:51:55.581+0000] {dag.py:3834} INFO - Setting next_dagrun for example_sensors to None, run_after=None
[2024-03-19T09:51:55.615+0000] {processor.py:183} INFO - Processing /home/airflow/.local/lib/python3.8/site-packages/airflow/example_dags/example_sensors.py took 0.130 seconds
[2024-03-19T09:52:26.090+0000] {processor.py:161} INFO - Started process (PID=23612) to work on /home/airflow/.local/lib/python3.8/site-packages/airflow/example_dags/example_sensors.py
[2024-03-19T09:52:26.093+0000] {processor.py:830} INFO - Processing file /home/airflow/.local/lib/python3.8/site-packages/airflow/example_dags/example_sensors.py for tasks to queue
[2024-03-19T09:52:26.099+0000] {logging_mixin.py:188} INFO - [2024-03-19T09:52:26.095+0000] {dagbag.py:540} INFO - Filling up the DagBag from /home/airflow/.local/lib/python3.8/site-packages/airflow/example_dags/example_sensors.py
[2024-03-19T09:52:26.124+0000] {processor.py:840} INFO - DAG(s) 'example_sensors' retrieved from /home/airflow/.local/lib/python3.8/site-packages/airflow/example_dags/example_sensors.py
[2024-03-19T09:52:26.225+0000] {logging_mixin.py:188} INFO - [2024-03-19T09:52:26.224+0000] {dag.py:3047} INFO - Sync 1 DAGs
[2024-03-19T09:52:26.276+0000] {logging_mixin.py:188} INFO - [2024-03-19T09:52:26.275+0000] {dag.py:3834} INFO - Setting next_dagrun for example_sensors to None, run_after=None
[2024-03-19T09:52:26.402+0000] {processor.py:183} INFO - Processing /home/airflow/.local/lib/python3.8/site-packages/airflow/example_dags/example_sensors.py took 0.318 seconds
[2024-03-19T09:52:57.113+0000] {processor.py:161} INFO - Started process (PID=23667) to work on /home/airflow/.local/lib/python3.8/site-packages/airflow/example_dags/example_sensors.py
[2024-03-19T09:52:57.115+0000] {processor.py:830} INFO - Processing file /home/airflow/.local/lib/python3.8/site-packages/airflow/example_dags/example_sensors.py for tasks to queue
[2024-03-19T09:52:57.116+0000] {logging_mixin.py:188} INFO - [2024-03-19T09:52:57.116+0000] {dagbag.py:540} INFO - Filling up the DagBag from /home/airflow/.local/lib/python3.8/site-packages/airflow/example_dags/example_sensors.py
[2024-03-19T09:52:57.134+0000] {processor.py:840} INFO - DAG(s) 'example_sensors' retrieved from /home/airflow/.local/lib/python3.8/site-packages/airflow/example_dags/example_sensors.py
[2024-03-19T09:52:57.173+0000] {logging_mixin.py:188} INFO - [2024-03-19T09:52:57.173+0000] {dag.py:3047} INFO - Sync 1 DAGs
[2024-03-19T09:52:57.190+0000] {logging_mixin.py:188} INFO - [2024-03-19T09:52:57.190+0000] {dag.py:3834} INFO - Setting next_dagrun for example_sensors to None, run_after=None
[2024-03-19T09:52:57.217+0000] {processor.py:183} INFO - Processing /home/airflow/.local/lib/python3.8/site-packages/airflow/example_dags/example_sensors.py took 0.109 seconds
[2024-03-19T09:53:27.672+0000] {processor.py:161} INFO - Started process (PID=23722) to work on /home/airflow/.local/lib/python3.8/site-packages/airflow/example_dags/example_sensors.py
[2024-03-19T09:53:27.680+0000] {processor.py:830} INFO - Processing file /home/airflow/.local/lib/python3.8/site-packages/airflow/example_dags/example_sensors.py for tasks to queue
[2024-03-19T09:53:27.695+0000] {logging_mixin.py:188} INFO - [2024-03-19T09:53:27.684+0000] {dagbag.py:540} INFO - Filling up the DagBag from /home/airflow/.local/lib/python3.8/site-packages/airflow/example_dags/example_sensors.py
[2024-03-19T09:53:27.743+0000] {processor.py:840} INFO - DAG(s) 'example_sensors' retrieved from /home/airflow/.local/lib/python3.8/site-packages/airflow/example_dags/example_sensors.py
[2024-03-19T09:53:27.822+0000] {logging_mixin.py:188} INFO - [2024-03-19T09:53:27.821+0000] {dag.py:3047} INFO - Sync 1 DAGs
[2024-03-19T09:53:27.853+0000] {logging_mixin.py:188} INFO - [2024-03-19T09:53:27.852+0000] {dag.py:3834} INFO - Setting next_dagrun for example_sensors to None, run_after=None
[2024-03-19T09:53:27.896+0000] {processor.py:183} INFO - Processing /home/airflow/.local/lib/python3.8/site-packages/airflow/example_dags/example_sensors.py took 0.242 seconds
[2024-03-19T09:53:58.545+0000] {processor.py:161} INFO - Started process (PID=23778) to work on /home/airflow/.local/lib/python3.8/site-packages/airflow/example_dags/example_sensors.py
[2024-03-19T09:53:58.547+0000] {processor.py:830} INFO - Processing file /home/airflow/.local/lib/python3.8/site-packages/airflow/example_dags/example_sensors.py for tasks to queue
[2024-03-19T09:53:58.550+0000] {logging_mixin.py:188} INFO - [2024-03-19T09:53:58.549+0000] {dagbag.py:540} INFO - Filling up the DagBag from /home/airflow/.local/lib/python3.8/site-packages/airflow/example_dags/example_sensors.py
[2024-03-19T09:53:58.609+0000] {processor.py:840} INFO - DAG(s) 'example_sensors' retrieved from /home/airflow/.local/lib/python3.8/site-packages/airflow/example_dags/example_sensors.py
[2024-03-19T09:53:58.685+0000] {logging_mixin.py:188} INFO - [2024-03-19T09:53:58.683+0000] {dag.py:3047} INFO - Sync 1 DAGs
[2024-03-19T09:53:58.726+0000] {logging_mixin.py:188} INFO - [2024-03-19T09:53:58.726+0000] {dag.py:3834} INFO - Setting next_dagrun for example_sensors to None, run_after=None
[2024-03-19T09:53:58.845+0000] {processor.py:183} INFO - Processing /home/airflow/.local/lib/python3.8/site-packages/airflow/example_dags/example_sensors.py took 0.313 seconds
[2024-03-19T09:54:29.013+0000] {processor.py:161} INFO - Started process (PID=23831) to work on /home/airflow/.local/lib/python3.8/site-packages/airflow/example_dags/example_sensors.py
[2024-03-19T09:54:29.024+0000] {processor.py:830} INFO - Processing file /home/airflow/.local/lib/python3.8/site-packages/airflow/example_dags/example_sensors.py for tasks to queue
[2024-03-19T09:54:29.029+0000] {logging_mixin.py:188} INFO - [2024-03-19T09:54:29.027+0000] {dagbag.py:540} INFO - Filling up the DagBag from /home/airflow/.local/lib/python3.8/site-packages/airflow/example_dags/example_sensors.py
[2024-03-19T09:54:29.118+0000] {processor.py:840} INFO - DAG(s) 'example_sensors' retrieved from /home/airflow/.local/lib/python3.8/site-packages/airflow/example_dags/example_sensors.py
[2024-03-19T09:54:29.283+0000] {logging_mixin.py:188} INFO - [2024-03-19T09:54:29.282+0000] {dag.py:3047} INFO - Sync 1 DAGs
[2024-03-19T09:54:29.363+0000] {logging_mixin.py:188} INFO - [2024-03-19T09:54:29.362+0000] {dag.py:3834} INFO - Setting next_dagrun for example_sensors to None, run_after=None
[2024-03-19T09:54:29.423+0000] {processor.py:183} INFO - Processing /home/airflow/.local/lib/python3.8/site-packages/airflow/example_dags/example_sensors.py took 0.453 seconds
[2024-03-19T09:54:59.685+0000] {processor.py:161} INFO - Started process (PID=23886) to work on /home/airflow/.local/lib/python3.8/site-packages/airflow/example_dags/example_sensors.py
[2024-03-19T09:54:59.687+0000] {processor.py:830} INFO - Processing file /home/airflow/.local/lib/python3.8/site-packages/airflow/example_dags/example_sensors.py for tasks to queue
[2024-03-19T09:54:59.689+0000] {logging_mixin.py:188} INFO - [2024-03-19T09:54:59.688+0000] {dagbag.py:540} INFO - Filling up the DagBag from /home/airflow/.local/lib/python3.8/site-packages/airflow/example_dags/example_sensors.py
[2024-03-19T09:54:59.701+0000] {processor.py:840} INFO - DAG(s) 'example_sensors' retrieved from /home/airflow/.local/lib/python3.8/site-packages/airflow/example_dags/example_sensors.py
[2024-03-19T09:54:59.736+0000] {logging_mixin.py:188} INFO - [2024-03-19T09:54:59.736+0000] {dag.py:3047} INFO - Sync 1 DAGs
[2024-03-19T09:54:59.751+0000] {logging_mixin.py:188} INFO - [2024-03-19T09:54:59.751+0000] {dag.py:3834} INFO - Setting next_dagrun for example_sensors to None, run_after=None
[2024-03-19T09:54:59.774+0000] {processor.py:183} INFO - Processing /home/airflow/.local/lib/python3.8/site-packages/airflow/example_dags/example_sensors.py took 0.094 seconds
[2024-03-19T09:55:30.345+0000] {processor.py:161} INFO - Started process (PID=23941) to work on /home/airflow/.local/lib/python3.8/site-packages/airflow/example_dags/example_sensors.py
[2024-03-19T09:55:30.348+0000] {processor.py:830} INFO - Processing file /home/airflow/.local/lib/python3.8/site-packages/airflow/example_dags/example_sensors.py for tasks to queue
[2024-03-19T09:55:30.349+0000] {logging_mixin.py:188} INFO - [2024-03-19T09:55:30.349+0000] {dagbag.py:540} INFO - Filling up the DagBag from /home/airflow/.local/lib/python3.8/site-packages/airflow/example_dags/example_sensors.py
[2024-03-19T09:55:30.363+0000] {processor.py:840} INFO - DAG(s) 'example_sensors' retrieved from /home/airflow/.local/lib/python3.8/site-packages/airflow/example_dags/example_sensors.py
[2024-03-19T09:55:30.400+0000] {logging_mixin.py:188} INFO - [2024-03-19T09:55:30.400+0000] {dag.py:3047} INFO - Sync 1 DAGs
[2024-03-19T09:55:30.424+0000] {logging_mixin.py:188} INFO - [2024-03-19T09:55:30.424+0000] {dag.py:3834} INFO - Setting next_dagrun for example_sensors to None, run_after=None
[2024-03-19T09:55:30.462+0000] {processor.py:183} INFO - Processing /home/airflow/.local/lib/python3.8/site-packages/airflow/example_dags/example_sensors.py took 0.121 seconds
[2024-03-19T09:56:00.940+0000] {processor.py:161} INFO - Started process (PID=23996) to work on /home/airflow/.local/lib/python3.8/site-packages/airflow/example_dags/example_sensors.py
[2024-03-19T09:56:00.951+0000] {processor.py:830} INFO - Processing file /home/airflow/.local/lib/python3.8/site-packages/airflow/example_dags/example_sensors.py for tasks to queue
[2024-03-19T09:56:00.953+0000] {logging_mixin.py:188} INFO - [2024-03-19T09:56:00.952+0000] {dagbag.py:540} INFO - Filling up the DagBag from /home/airflow/.local/lib/python3.8/site-packages/airflow/example_dags/example_sensors.py
[2024-03-19T09:56:00.999+0000] {processor.py:840} INFO - DAG(s) 'example_sensors' retrieved from /home/airflow/.local/lib/python3.8/site-packages/airflow/example_dags/example_sensors.py
[2024-03-19T09:56:01.038+0000] {logging_mixin.py:188} INFO - [2024-03-19T09:56:01.037+0000] {dag.py:3047} INFO - Sync 1 DAGs
[2024-03-19T09:56:01.058+0000] {logging_mixin.py:188} INFO - [2024-03-19T09:56:01.057+0000] {dag.py:3834} INFO - Setting next_dagrun for example_sensors to None, run_after=None
[2024-03-19T09:56:01.146+0000] {processor.py:183} INFO - Processing /home/airflow/.local/lib/python3.8/site-packages/airflow/example_dags/example_sensors.py took 0.210 seconds
[2024-03-19T09:56:31.374+0000] {processor.py:161} INFO - Started process (PID=24051) to work on /home/airflow/.local/lib/python3.8/site-packages/airflow/example_dags/example_sensors.py
[2024-03-19T09:56:31.377+0000] {processor.py:830} INFO - Processing file /home/airflow/.local/lib/python3.8/site-packages/airflow/example_dags/example_sensors.py for tasks to queue
[2024-03-19T09:56:31.378+0000] {logging_mixin.py:188} INFO - [2024-03-19T09:56:31.378+0000] {dagbag.py:540} INFO - Filling up the DagBag from /home/airflow/.local/lib/python3.8/site-packages/airflow/example_dags/example_sensors.py
[2024-03-19T09:56:31.394+0000] {processor.py:840} INFO - DAG(s) 'example_sensors' retrieved from /home/airflow/.local/lib/python3.8/site-packages/airflow/example_dags/example_sensors.py
[2024-03-19T09:56:31.428+0000] {logging_mixin.py:188} INFO - [2024-03-19T09:56:31.428+0000] {dag.py:3047} INFO - Sync 1 DAGs
[2024-03-19T09:56:31.446+0000] {logging_mixin.py:188} INFO - [2024-03-19T09:56:31.445+0000] {dag.py:3834} INFO - Setting next_dagrun for example_sensors to None, run_after=None
[2024-03-19T09:56:31.478+0000] {processor.py:183} INFO - Processing /home/airflow/.local/lib/python3.8/site-packages/airflow/example_dags/example_sensors.py took 0.109 seconds
[2024-03-19T09:57:01.951+0000] {processor.py:161} INFO - Started process (PID=24106) to work on /home/airflow/.local/lib/python3.8/site-packages/airflow/example_dags/example_sensors.py
[2024-03-19T09:57:01.954+0000] {processor.py:830} INFO - Processing file /home/airflow/.local/lib/python3.8/site-packages/airflow/example_dags/example_sensors.py for tasks to queue
[2024-03-19T09:57:01.962+0000] {logging_mixin.py:188} INFO - [2024-03-19T09:57:01.961+0000] {dagbag.py:540} INFO - Filling up the DagBag from /home/airflow/.local/lib/python3.8/site-packages/airflow/example_dags/example_sensors.py
[2024-03-19T09:57:02.001+0000] {processor.py:840} INFO - DAG(s) 'example_sensors' retrieved from /home/airflow/.local/lib/python3.8/site-packages/airflow/example_dags/example_sensors.py
[2024-03-19T09:57:02.121+0000] {logging_mixin.py:188} INFO - [2024-03-19T09:57:02.119+0000] {dag.py:3047} INFO - Sync 1 DAGs
[2024-03-19T09:57:02.183+0000] {logging_mixin.py:188} INFO - [2024-03-19T09:57:02.182+0000] {dag.py:3834} INFO - Setting next_dagrun for example_sensors to None, run_after=None
[2024-03-19T09:57:02.268+0000] {processor.py:183} INFO - Processing /home/airflow/.local/lib/python3.8/site-packages/airflow/example_dags/example_sensors.py took 0.338 seconds
