[2024-03-19T09:44:18.037+0000] {processor.py:161} INFO - Started process (PID=22772) to work on /home/airflow/.local/lib/python3.8/site-packages/airflow/example_dags/example_trigger_target_dag.py
[2024-03-19T09:44:18.044+0000] {processor.py:830} INFO - Processing file /home/airflow/.local/lib/python3.8/site-packages/airflow/example_dags/example_trigger_target_dag.py for tasks to queue
[2024-03-19T09:44:18.047+0000] {logging_mixin.py:188} INFO - [2024-03-19T09:44:18.046+0000] {dagbag.py:540} INFO - Filling up the DagBag from /home/airflow/.local/lib/python3.8/site-packages/airflow/example_dags/example_trigger_target_dag.py
[2024-03-19T09:44:18.067+0000] {processor.py:840} INFO - DAG(s) 'example_trigger_target_dag' retrieved from /home/airflow/.local/lib/python3.8/site-packages/airflow/example_dags/example_trigger_target_dag.py
[2024-03-19T09:44:18.157+0000] {logging_mixin.py:188} INFO - [2024-03-19T09:44:18.156+0000] {dag.py:3047} INFO - Sync 1 DAGs
[2024-03-19T09:44:18.207+0000] {logging_mixin.py:188} INFO - [2024-03-19T09:44:18.206+0000] {dag.py:3834} INFO - Setting next_dagrun for example_trigger_target_dag to None, run_after=None
[2024-03-19T09:44:18.255+0000] {processor.py:183} INFO - Processing /home/airflow/.local/lib/python3.8/site-packages/airflow/example_dags/example_trigger_target_dag.py took 0.230 seconds
[2024-03-19T09:44:48.845+0000] {processor.py:161} INFO - Started process (PID=22827) to work on /home/airflow/.local/lib/python3.8/site-packages/airflow/example_dags/example_trigger_target_dag.py
[2024-03-19T09:44:48.846+0000] {processor.py:830} INFO - Processing file /home/airflow/.local/lib/python3.8/site-packages/airflow/example_dags/example_trigger_target_dag.py for tasks to queue
[2024-03-19T09:44:48.848+0000] {logging_mixin.py:188} INFO - [2024-03-19T09:44:48.848+0000] {dagbag.py:540} INFO - Filling up the DagBag from /home/airflow/.local/lib/python3.8/site-packages/airflow/example_dags/example_trigger_target_dag.py
[2024-03-19T09:44:48.855+0000] {processor.py:840} INFO - DAG(s) 'example_trigger_target_dag' retrieved from /home/airflow/.local/lib/python3.8/site-packages/airflow/example_dags/example_trigger_target_dag.py
[2024-03-19T09:44:48.881+0000] {logging_mixin.py:188} INFO - [2024-03-19T09:44:48.881+0000] {dag.py:3047} INFO - Sync 1 DAGs
[2024-03-19T09:44:48.898+0000] {logging_mixin.py:188} INFO - [2024-03-19T09:44:48.898+0000] {dag.py:3834} INFO - Setting next_dagrun for example_trigger_target_dag to None, run_after=None
[2024-03-19T09:44:48.923+0000] {processor.py:183} INFO - Processing /home/airflow/.local/lib/python3.8/site-packages/airflow/example_dags/example_trigger_target_dag.py took 0.083 seconds
[2024-03-19T09:45:22.592+0000] {processor.py:161} INFO - Started process (PID=22882) to work on /home/airflow/.local/lib/python3.8/site-packages/airflow/example_dags/example_trigger_target_dag.py
[2024-03-19T09:45:22.607+0000] {processor.py:830} INFO - Processing file /home/airflow/.local/lib/python3.8/site-packages/airflow/example_dags/example_trigger_target_dag.py for tasks to queue
[2024-03-19T09:45:22.620+0000] {logging_mixin.py:188} INFO - [2024-03-19T09:45:22.619+0000] {dagbag.py:540} INFO - Filling up the DagBag from /home/airflow/.local/lib/python3.8/site-packages/airflow/example_dags/example_trigger_target_dag.py
[2024-03-19T09:45:22.649+0000] {processor.py:840} INFO - DAG(s) 'example_trigger_target_dag' retrieved from /home/airflow/.local/lib/python3.8/site-packages/airflow/example_dags/example_trigger_target_dag.py
[2024-03-19T09:45:22.861+0000] {logging_mixin.py:188} INFO - [2024-03-19T09:45:22.861+0000] {dag.py:3047} INFO - Sync 1 DAGs
[2024-03-19T09:45:22.929+0000] {logging_mixin.py:188} INFO - [2024-03-19T09:45:22.928+0000] {dag.py:3834} INFO - Setting next_dagrun for example_trigger_target_dag to None, run_after=None
[2024-03-19T09:45:23.060+0000] {processor.py:183} INFO - Processing /home/airflow/.local/lib/python3.8/site-packages/airflow/example_dags/example_trigger_target_dag.py took 0.489 seconds
[2024-03-19T09:45:56.210+0000] {processor.py:161} INFO - Started process (PID=22937) to work on /home/airflow/.local/lib/python3.8/site-packages/airflow/example_dags/example_trigger_target_dag.py
[2024-03-19T09:45:56.213+0000] {processor.py:830} INFO - Processing file /home/airflow/.local/lib/python3.8/site-packages/airflow/example_dags/example_trigger_target_dag.py for tasks to queue
[2024-03-19T09:45:56.215+0000] {logging_mixin.py:188} INFO - [2024-03-19T09:45:56.214+0000] {dagbag.py:540} INFO - Filling up the DagBag from /home/airflow/.local/lib/python3.8/site-packages/airflow/example_dags/example_trigger_target_dag.py
[2024-03-19T09:45:56.228+0000] {processor.py:840} INFO - DAG(s) 'example_trigger_target_dag' retrieved from /home/airflow/.local/lib/python3.8/site-packages/airflow/example_dags/example_trigger_target_dag.py
[2024-03-19T09:45:56.321+0000] {logging_mixin.py:188} INFO - [2024-03-19T09:45:56.321+0000] {dag.py:3047} INFO - Sync 1 DAGs
[2024-03-19T09:45:56.379+0000] {logging_mixin.py:188} INFO - [2024-03-19T09:45:56.379+0000] {dag.py:3834} INFO - Setting next_dagrun for example_trigger_target_dag to None, run_after=None
[2024-03-19T09:45:56.484+0000] {processor.py:183} INFO - Processing /home/airflow/.local/lib/python3.8/site-packages/airflow/example_dags/example_trigger_target_dag.py took 0.281 seconds
[2024-03-19T09:46:27.560+0000] {processor.py:161} INFO - Started process (PID=22990) to work on /home/airflow/.local/lib/python3.8/site-packages/airflow/example_dags/example_trigger_target_dag.py
[2024-03-19T09:46:27.562+0000] {processor.py:830} INFO - Processing file /home/airflow/.local/lib/python3.8/site-packages/airflow/example_dags/example_trigger_target_dag.py for tasks to queue
[2024-03-19T09:46:27.564+0000] {logging_mixin.py:188} INFO - [2024-03-19T09:46:27.563+0000] {dagbag.py:540} INFO - Filling up the DagBag from /home/airflow/.local/lib/python3.8/site-packages/airflow/example_dags/example_trigger_target_dag.py
[2024-03-19T09:46:27.573+0000] {processor.py:840} INFO - DAG(s) 'example_trigger_target_dag' retrieved from /home/airflow/.local/lib/python3.8/site-packages/airflow/example_dags/example_trigger_target_dag.py
[2024-03-19T09:46:27.602+0000] {logging_mixin.py:188} INFO - [2024-03-19T09:46:27.602+0000] {dag.py:3047} INFO - Sync 1 DAGs
[2024-03-19T09:46:27.618+0000] {logging_mixin.py:188} INFO - [2024-03-19T09:46:27.617+0000] {dag.py:3834} INFO - Setting next_dagrun for example_trigger_target_dag to None, run_after=None
[2024-03-19T09:46:27.644+0000] {processor.py:183} INFO - Processing /home/airflow/.local/lib/python3.8/site-packages/airflow/example_dags/example_trigger_target_dag.py took 0.089 seconds
[2024-03-19T09:46:58.066+0000] {processor.py:161} INFO - Started process (PID=23045) to work on /home/airflow/.local/lib/python3.8/site-packages/airflow/example_dags/example_trigger_target_dag.py
[2024-03-19T09:46:58.071+0000] {processor.py:830} INFO - Processing file /home/airflow/.local/lib/python3.8/site-packages/airflow/example_dags/example_trigger_target_dag.py for tasks to queue
[2024-03-19T09:46:58.074+0000] {logging_mixin.py:188} INFO - [2024-03-19T09:46:58.073+0000] {dagbag.py:540} INFO - Filling up the DagBag from /home/airflow/.local/lib/python3.8/site-packages/airflow/example_dags/example_trigger_target_dag.py
[2024-03-19T09:46:58.097+0000] {processor.py:840} INFO - DAG(s) 'example_trigger_target_dag' retrieved from /home/airflow/.local/lib/python3.8/site-packages/airflow/example_dags/example_trigger_target_dag.py
[2024-03-19T09:46:58.151+0000] {logging_mixin.py:188} INFO - [2024-03-19T09:46:58.151+0000] {dag.py:3047} INFO - Sync 1 DAGs
[2024-03-19T09:46:58.189+0000] {logging_mixin.py:188} INFO - [2024-03-19T09:46:58.188+0000] {dag.py:3834} INFO - Setting next_dagrun for example_trigger_target_dag to None, run_after=None
[2024-03-19T09:46:58.233+0000] {processor.py:183} INFO - Processing /home/airflow/.local/lib/python3.8/site-packages/airflow/example_dags/example_trigger_target_dag.py took 0.183 seconds
[2024-03-19T09:47:28.800+0000] {processor.py:161} INFO - Started process (PID=23100) to work on /home/airflow/.local/lib/python3.8/site-packages/airflow/example_dags/example_trigger_target_dag.py
[2024-03-19T09:47:28.802+0000] {processor.py:830} INFO - Processing file /home/airflow/.local/lib/python3.8/site-packages/airflow/example_dags/example_trigger_target_dag.py for tasks to queue
[2024-03-19T09:47:28.804+0000] {logging_mixin.py:188} INFO - [2024-03-19T09:47:28.803+0000] {dagbag.py:540} INFO - Filling up the DagBag from /home/airflow/.local/lib/python3.8/site-packages/airflow/example_dags/example_trigger_target_dag.py
[2024-03-19T09:47:28.813+0000] {processor.py:840} INFO - DAG(s) 'example_trigger_target_dag' retrieved from /home/airflow/.local/lib/python3.8/site-packages/airflow/example_dags/example_trigger_target_dag.py
[2024-03-19T09:47:28.858+0000] {logging_mixin.py:188} INFO - [2024-03-19T09:47:28.858+0000] {dag.py:3047} INFO - Sync 1 DAGs
[2024-03-19T09:47:28.891+0000] {logging_mixin.py:188} INFO - [2024-03-19T09:47:28.891+0000] {dag.py:3834} INFO - Setting next_dagrun for example_trigger_target_dag to None, run_after=None
[2024-03-19T09:47:28.949+0000] {processor.py:183} INFO - Processing /home/airflow/.local/lib/python3.8/site-packages/airflow/example_dags/example_trigger_target_dag.py took 0.154 seconds
[2024-03-19T09:47:59.366+0000] {processor.py:161} INFO - Started process (PID=23155) to work on /home/airflow/.local/lib/python3.8/site-packages/airflow/example_dags/example_trigger_target_dag.py
[2024-03-19T09:47:59.368+0000] {processor.py:830} INFO - Processing file /home/airflow/.local/lib/python3.8/site-packages/airflow/example_dags/example_trigger_target_dag.py for tasks to queue
[2024-03-19T09:47:59.374+0000] {logging_mixin.py:188} INFO - [2024-03-19T09:47:59.370+0000] {dagbag.py:540} INFO - Filling up the DagBag from /home/airflow/.local/lib/python3.8/site-packages/airflow/example_dags/example_trigger_target_dag.py
[2024-03-19T09:47:59.392+0000] {processor.py:840} INFO - DAG(s) 'example_trigger_target_dag' retrieved from /home/airflow/.local/lib/python3.8/site-packages/airflow/example_dags/example_trigger_target_dag.py
[2024-03-19T09:47:59.451+0000] {logging_mixin.py:188} INFO - [2024-03-19T09:47:59.450+0000] {dag.py:3047} INFO - Sync 1 DAGs
[2024-03-19T09:47:59.493+0000] {logging_mixin.py:188} INFO - [2024-03-19T09:47:59.492+0000] {dag.py:3834} INFO - Setting next_dagrun for example_trigger_target_dag to None, run_after=None
[2024-03-19T09:47:59.534+0000] {processor.py:183} INFO - Processing /home/airflow/.local/lib/python3.8/site-packages/airflow/example_dags/example_trigger_target_dag.py took 0.177 seconds
[2024-03-19T09:48:29.717+0000] {processor.py:161} INFO - Started process (PID=23208) to work on /home/airflow/.local/lib/python3.8/site-packages/airflow/example_dags/example_trigger_target_dag.py
[2024-03-19T09:48:29.719+0000] {processor.py:830} INFO - Processing file /home/airflow/.local/lib/python3.8/site-packages/airflow/example_dags/example_trigger_target_dag.py for tasks to queue
[2024-03-19T09:48:29.720+0000] {logging_mixin.py:188} INFO - [2024-03-19T09:48:29.720+0000] {dagbag.py:540} INFO - Filling up the DagBag from /home/airflow/.local/lib/python3.8/site-packages/airflow/example_dags/example_trigger_target_dag.py
[2024-03-19T09:48:29.728+0000] {processor.py:840} INFO - DAG(s) 'example_trigger_target_dag' retrieved from /home/airflow/.local/lib/python3.8/site-packages/airflow/example_dags/example_trigger_target_dag.py
[2024-03-19T09:48:29.755+0000] {logging_mixin.py:188} INFO - [2024-03-19T09:48:29.755+0000] {dag.py:3047} INFO - Sync 1 DAGs
[2024-03-19T09:48:29.777+0000] {logging_mixin.py:188} INFO - [2024-03-19T09:48:29.776+0000] {dag.py:3834} INFO - Setting next_dagrun for example_trigger_target_dag to None, run_after=None
[2024-03-19T09:48:29.807+0000] {processor.py:183} INFO - Processing /home/airflow/.local/lib/python3.8/site-packages/airflow/example_dags/example_trigger_target_dag.py took 0.095 seconds
[2024-03-19T09:49:03.887+0000] {processor.py:161} INFO - Started process (PID=23263) to work on /home/airflow/.local/lib/python3.8/site-packages/airflow/example_dags/example_trigger_target_dag.py
[2024-03-19T09:49:03.890+0000] {processor.py:830} INFO - Processing file /home/airflow/.local/lib/python3.8/site-packages/airflow/example_dags/example_trigger_target_dag.py for tasks to queue
[2024-03-19T09:49:03.892+0000] {logging_mixin.py:188} INFO - [2024-03-19T09:49:03.892+0000] {dagbag.py:540} INFO - Filling up the DagBag from /home/airflow/.local/lib/python3.8/site-packages/airflow/example_dags/example_trigger_target_dag.py
[2024-03-19T09:49:03.905+0000] {processor.py:840} INFO - DAG(s) 'example_trigger_target_dag' retrieved from /home/airflow/.local/lib/python3.8/site-packages/airflow/example_dags/example_trigger_target_dag.py
[2024-03-19T09:49:03.944+0000] {logging_mixin.py:188} INFO - [2024-03-19T09:49:03.944+0000] {dag.py:3047} INFO - Sync 1 DAGs
[2024-03-19T09:49:03.968+0000] {logging_mixin.py:188} INFO - [2024-03-19T09:49:03.967+0000] {dag.py:3834} INFO - Setting next_dagrun for example_trigger_target_dag to None, run_after=None
[2024-03-19T09:49:03.999+0000] {processor.py:183} INFO - Processing /home/airflow/.local/lib/python3.8/site-packages/airflow/example_dags/example_trigger_target_dag.py took 0.119 seconds
[2024-03-19T09:49:34.373+0000] {processor.py:161} INFO - Started process (PID=23316) to work on /home/airflow/.local/lib/python3.8/site-packages/airflow/example_dags/example_trigger_target_dag.py
[2024-03-19T09:49:34.375+0000] {processor.py:830} INFO - Processing file /home/airflow/.local/lib/python3.8/site-packages/airflow/example_dags/example_trigger_target_dag.py for tasks to queue
[2024-03-19T09:49:34.377+0000] {logging_mixin.py:188} INFO - [2024-03-19T09:49:34.376+0000] {dagbag.py:540} INFO - Filling up the DagBag from /home/airflow/.local/lib/python3.8/site-packages/airflow/example_dags/example_trigger_target_dag.py
[2024-03-19T09:49:34.386+0000] {processor.py:840} INFO - DAG(s) 'example_trigger_target_dag' retrieved from /home/airflow/.local/lib/python3.8/site-packages/airflow/example_dags/example_trigger_target_dag.py
[2024-03-19T09:49:34.416+0000] {logging_mixin.py:188} INFO - [2024-03-19T09:49:34.416+0000] {dag.py:3047} INFO - Sync 1 DAGs
[2024-03-19T09:49:34.434+0000] {logging_mixin.py:188} INFO - [2024-03-19T09:49:34.433+0000] {dag.py:3834} INFO - Setting next_dagrun for example_trigger_target_dag to None, run_after=None
[2024-03-19T09:49:34.461+0000] {processor.py:183} INFO - Processing /home/airflow/.local/lib/python3.8/site-packages/airflow/example_dags/example_trigger_target_dag.py took 0.093 seconds
[2024-03-19T09:50:04.718+0000] {processor.py:161} INFO - Started process (PID=23365) to work on /home/airflow/.local/lib/python3.8/site-packages/airflow/example_dags/example_trigger_target_dag.py
[2024-03-19T09:50:04.720+0000] {processor.py:830} INFO - Processing file /home/airflow/.local/lib/python3.8/site-packages/airflow/example_dags/example_trigger_target_dag.py for tasks to queue
[2024-03-19T09:50:04.722+0000] {logging_mixin.py:188} INFO - [2024-03-19T09:50:04.721+0000] {dagbag.py:540} INFO - Filling up the DagBag from /home/airflow/.local/lib/python3.8/site-packages/airflow/example_dags/example_trigger_target_dag.py
[2024-03-19T09:50:04.730+0000] {processor.py:840} INFO - DAG(s) 'example_trigger_target_dag' retrieved from /home/airflow/.local/lib/python3.8/site-packages/airflow/example_dags/example_trigger_target_dag.py
[2024-03-19T09:50:04.759+0000] {logging_mixin.py:188} INFO - [2024-03-19T09:50:04.759+0000] {dag.py:3047} INFO - Sync 1 DAGs
[2024-03-19T09:50:04.780+0000] {logging_mixin.py:188} INFO - [2024-03-19T09:50:04.780+0000] {dag.py:3834} INFO - Setting next_dagrun for example_trigger_target_dag to None, run_after=None
[2024-03-19T09:50:04.815+0000] {processor.py:183} INFO - Processing /home/airflow/.local/lib/python3.8/site-packages/airflow/example_dags/example_trigger_target_dag.py took 0.103 seconds
[2024-03-19T09:50:36.010+0000] {processor.py:161} INFO - Started process (PID=23420) to work on /home/airflow/.local/lib/python3.8/site-packages/airflow/example_dags/example_trigger_target_dag.py
[2024-03-19T09:50:36.023+0000] {processor.py:830} INFO - Processing file /home/airflow/.local/lib/python3.8/site-packages/airflow/example_dags/example_trigger_target_dag.py for tasks to queue
[2024-03-19T09:50:36.039+0000] {logging_mixin.py:188} INFO - [2024-03-19T09:50:36.038+0000] {dagbag.py:540} INFO - Filling up the DagBag from /home/airflow/.local/lib/python3.8/site-packages/airflow/example_dags/example_trigger_target_dag.py
[2024-03-19T09:50:36.063+0000] {processor.py:840} INFO - DAG(s) 'example_trigger_target_dag' retrieved from /home/airflow/.local/lib/python3.8/site-packages/airflow/example_dags/example_trigger_target_dag.py
[2024-03-19T09:50:36.167+0000] {logging_mixin.py:188} INFO - [2024-03-19T09:50:36.166+0000] {dag.py:3047} INFO - Sync 1 DAGs
[2024-03-19T09:50:36.226+0000] {logging_mixin.py:188} INFO - [2024-03-19T09:50:36.225+0000] {dag.py:3834} INFO - Setting next_dagrun for example_trigger_target_dag to None, run_after=None
[2024-03-19T09:50:36.309+0000] {processor.py:183} INFO - Processing /home/airflow/.local/lib/python3.8/site-packages/airflow/example_dags/example_trigger_target_dag.py took 0.309 seconds
[2024-03-19T09:51:08.060+0000] {processor.py:161} INFO - Started process (PID=23474) to work on /home/airflow/.local/lib/python3.8/site-packages/airflow/example_dags/example_trigger_target_dag.py
[2024-03-19T09:51:08.063+0000] {processor.py:830} INFO - Processing file /home/airflow/.local/lib/python3.8/site-packages/airflow/example_dags/example_trigger_target_dag.py for tasks to queue
[2024-03-19T09:51:08.067+0000] {logging_mixin.py:188} INFO - [2024-03-19T09:51:08.065+0000] {dagbag.py:540} INFO - Filling up the DagBag from /home/airflow/.local/lib/python3.8/site-packages/airflow/example_dags/example_trigger_target_dag.py
[2024-03-19T09:51:08.090+0000] {processor.py:840} INFO - DAG(s) 'example_trigger_target_dag' retrieved from /home/airflow/.local/lib/python3.8/site-packages/airflow/example_dags/example_trigger_target_dag.py
[2024-03-19T09:51:08.139+0000] {logging_mixin.py:188} INFO - [2024-03-19T09:51:08.138+0000] {dag.py:3047} INFO - Sync 1 DAGs
[2024-03-19T09:51:08.162+0000] {logging_mixin.py:188} INFO - [2024-03-19T09:51:08.161+0000] {dag.py:3834} INFO - Setting next_dagrun for example_trigger_target_dag to None, run_after=None
[2024-03-19T09:51:08.197+0000] {processor.py:183} INFO - Processing /home/airflow/.local/lib/python3.8/site-packages/airflow/example_dags/example_trigger_target_dag.py took 0.148 seconds
[2024-03-19T09:51:38.410+0000] {processor.py:161} INFO - Started process (PID=23529) to work on /home/airflow/.local/lib/python3.8/site-packages/airflow/example_dags/example_trigger_target_dag.py
[2024-03-19T09:51:38.412+0000] {processor.py:830} INFO - Processing file /home/airflow/.local/lib/python3.8/site-packages/airflow/example_dags/example_trigger_target_dag.py for tasks to queue
[2024-03-19T09:51:38.414+0000] {logging_mixin.py:188} INFO - [2024-03-19T09:51:38.414+0000] {dagbag.py:540} INFO - Filling up the DagBag from /home/airflow/.local/lib/python3.8/site-packages/airflow/example_dags/example_trigger_target_dag.py
[2024-03-19T09:51:38.424+0000] {processor.py:840} INFO - DAG(s) 'example_trigger_target_dag' retrieved from /home/airflow/.local/lib/python3.8/site-packages/airflow/example_dags/example_trigger_target_dag.py
[2024-03-19T09:51:38.457+0000] {logging_mixin.py:188} INFO - [2024-03-19T09:51:38.457+0000] {dag.py:3047} INFO - Sync 1 DAGs
[2024-03-19T09:51:38.481+0000] {logging_mixin.py:188} INFO - [2024-03-19T09:51:38.481+0000] {dag.py:3834} INFO - Setting next_dagrun for example_trigger_target_dag to None, run_after=None
[2024-03-19T09:51:38.517+0000] {processor.py:183} INFO - Processing /home/airflow/.local/lib/python3.8/site-packages/airflow/example_dags/example_trigger_target_dag.py took 0.114 seconds
[2024-03-19T09:52:09.221+0000] {processor.py:161} INFO - Started process (PID=23583) to work on /home/airflow/.local/lib/python3.8/site-packages/airflow/example_dags/example_trigger_target_dag.py
[2024-03-19T09:52:09.225+0000] {processor.py:830} INFO - Processing file /home/airflow/.local/lib/python3.8/site-packages/airflow/example_dags/example_trigger_target_dag.py for tasks to queue
[2024-03-19T09:52:09.228+0000] {logging_mixin.py:188} INFO - [2024-03-19T09:52:09.227+0000] {dagbag.py:540} INFO - Filling up the DagBag from /home/airflow/.local/lib/python3.8/site-packages/airflow/example_dags/example_trigger_target_dag.py
[2024-03-19T09:52:09.243+0000] {processor.py:840} INFO - DAG(s) 'example_trigger_target_dag' retrieved from /home/airflow/.local/lib/python3.8/site-packages/airflow/example_dags/example_trigger_target_dag.py
[2024-03-19T09:52:09.282+0000] {logging_mixin.py:188} INFO - [2024-03-19T09:52:09.282+0000] {dag.py:3047} INFO - Sync 1 DAGs
[2024-03-19T09:52:09.315+0000] {logging_mixin.py:188} INFO - [2024-03-19T09:52:09.314+0000] {dag.py:3834} INFO - Setting next_dagrun for example_trigger_target_dag to None, run_after=None
[2024-03-19T09:52:09.367+0000] {processor.py:183} INFO - Processing /home/airflow/.local/lib/python3.8/site-packages/airflow/example_dags/example_trigger_target_dag.py took 0.154 seconds
[2024-03-19T09:52:43.414+0000] {processor.py:161} INFO - Started process (PID=23635) to work on /home/airflow/.local/lib/python3.8/site-packages/airflow/example_dags/example_trigger_target_dag.py
[2024-03-19T09:52:43.418+0000] {processor.py:830} INFO - Processing file /home/airflow/.local/lib/python3.8/site-packages/airflow/example_dags/example_trigger_target_dag.py for tasks to queue
[2024-03-19T09:52:43.421+0000] {logging_mixin.py:188} INFO - [2024-03-19T09:52:43.420+0000] {dagbag.py:540} INFO - Filling up the DagBag from /home/airflow/.local/lib/python3.8/site-packages/airflow/example_dags/example_trigger_target_dag.py
[2024-03-19T09:52:43.550+0000] {processor.py:840} INFO - DAG(s) 'example_trigger_target_dag' retrieved from /home/airflow/.local/lib/python3.8/site-packages/airflow/example_dags/example_trigger_target_dag.py
[2024-03-19T09:52:43.854+0000] {logging_mixin.py:188} INFO - [2024-03-19T09:52:43.853+0000] {dag.py:3047} INFO - Sync 1 DAGs
[2024-03-19T09:52:43.959+0000] {logging_mixin.py:188} INFO - [2024-03-19T09:52:43.959+0000] {dag.py:3834} INFO - Setting next_dagrun for example_trigger_target_dag to None, run_after=None
[2024-03-19T09:52:44.126+0000] {processor.py:183} INFO - Processing /home/airflow/.local/lib/python3.8/site-packages/airflow/example_dags/example_trigger_target_dag.py took 0.719 seconds
[2024-03-19T09:53:14.742+0000] {processor.py:161} INFO - Started process (PID=23688) to work on /home/airflow/.local/lib/python3.8/site-packages/airflow/example_dags/example_trigger_target_dag.py
[2024-03-19T09:53:14.744+0000] {processor.py:830} INFO - Processing file /home/airflow/.local/lib/python3.8/site-packages/airflow/example_dags/example_trigger_target_dag.py for tasks to queue
[2024-03-19T09:53:14.746+0000] {logging_mixin.py:188} INFO - [2024-03-19T09:53:14.746+0000] {dagbag.py:540} INFO - Filling up the DagBag from /home/airflow/.local/lib/python3.8/site-packages/airflow/example_dags/example_trigger_target_dag.py
[2024-03-19T09:53:14.756+0000] {processor.py:840} INFO - DAG(s) 'example_trigger_target_dag' retrieved from /home/airflow/.local/lib/python3.8/site-packages/airflow/example_dags/example_trigger_target_dag.py
[2024-03-19T09:53:14.828+0000] {logging_mixin.py:188} INFO - [2024-03-19T09:53:14.827+0000] {dag.py:3047} INFO - Sync 1 DAGs
[2024-03-19T09:53:14.879+0000] {logging_mixin.py:188} INFO - [2024-03-19T09:53:14.878+0000] {dag.py:3834} INFO - Setting next_dagrun for example_trigger_target_dag to None, run_after=None
[2024-03-19T09:53:14.950+0000] {processor.py:183} INFO - Processing /home/airflow/.local/lib/python3.8/site-packages/airflow/example_dags/example_trigger_target_dag.py took 0.214 seconds
[2024-03-19T09:53:45.169+0000] {processor.py:161} INFO - Started process (PID=23743) to work on /home/airflow/.local/lib/python3.8/site-packages/airflow/example_dags/example_trigger_target_dag.py
[2024-03-19T09:53:45.170+0000] {processor.py:830} INFO - Processing file /home/airflow/.local/lib/python3.8/site-packages/airflow/example_dags/example_trigger_target_dag.py for tasks to queue
[2024-03-19T09:53:45.172+0000] {logging_mixin.py:188} INFO - [2024-03-19T09:53:45.172+0000] {dagbag.py:540} INFO - Filling up the DagBag from /home/airflow/.local/lib/python3.8/site-packages/airflow/example_dags/example_trigger_target_dag.py
[2024-03-19T09:53:45.181+0000] {processor.py:840} INFO - DAG(s) 'example_trigger_target_dag' retrieved from /home/airflow/.local/lib/python3.8/site-packages/airflow/example_dags/example_trigger_target_dag.py
[2024-03-19T09:53:45.212+0000] {logging_mixin.py:188} INFO - [2024-03-19T09:53:45.212+0000] {dag.py:3047} INFO - Sync 1 DAGs
[2024-03-19T09:53:45.230+0000] {logging_mixin.py:188} INFO - [2024-03-19T09:53:45.230+0000] {dag.py:3834} INFO - Setting next_dagrun for example_trigger_target_dag to None, run_after=None
[2024-03-19T09:53:45.257+0000] {processor.py:183} INFO - Processing /home/airflow/.local/lib/python3.8/site-packages/airflow/example_dags/example_trigger_target_dag.py took 0.093 seconds
[2024-03-19T09:54:15.333+0000] {processor.py:161} INFO - Started process (PID=23799) to work on /home/airflow/.local/lib/python3.8/site-packages/airflow/example_dags/example_trigger_target_dag.py
[2024-03-19T09:54:15.335+0000] {processor.py:830} INFO - Processing file /home/airflow/.local/lib/python3.8/site-packages/airflow/example_dags/example_trigger_target_dag.py for tasks to queue
[2024-03-19T09:54:15.336+0000] {logging_mixin.py:188} INFO - [2024-03-19T09:54:15.336+0000] {dagbag.py:540} INFO - Filling up the DagBag from /home/airflow/.local/lib/python3.8/site-packages/airflow/example_dags/example_trigger_target_dag.py
[2024-03-19T09:54:15.344+0000] {processor.py:840} INFO - DAG(s) 'example_trigger_target_dag' retrieved from /home/airflow/.local/lib/python3.8/site-packages/airflow/example_dags/example_trigger_target_dag.py
[2024-03-19T09:54:15.369+0000] {logging_mixin.py:188} INFO - [2024-03-19T09:54:15.369+0000] {dag.py:3047} INFO - Sync 1 DAGs
[2024-03-19T09:54:15.384+0000] {logging_mixin.py:188} INFO - [2024-03-19T09:54:15.384+0000] {dag.py:3834} INFO - Setting next_dagrun for example_trigger_target_dag to None, run_after=None
[2024-03-19T09:54:15.409+0000] {processor.py:183} INFO - Processing /home/airflow/.local/lib/python3.8/site-packages/airflow/example_dags/example_trigger_target_dag.py took 0.082 seconds
[2024-03-19T09:54:45.521+0000] {processor.py:161} INFO - Started process (PID=23854) to work on /home/airflow/.local/lib/python3.8/site-packages/airflow/example_dags/example_trigger_target_dag.py
[2024-03-19T09:54:45.523+0000] {processor.py:830} INFO - Processing file /home/airflow/.local/lib/python3.8/site-packages/airflow/example_dags/example_trigger_target_dag.py for tasks to queue
[2024-03-19T09:54:45.524+0000] {logging_mixin.py:188} INFO - [2024-03-19T09:54:45.524+0000] {dagbag.py:540} INFO - Filling up the DagBag from /home/airflow/.local/lib/python3.8/site-packages/airflow/example_dags/example_trigger_target_dag.py
[2024-03-19T09:54:45.532+0000] {processor.py:840} INFO - DAG(s) 'example_trigger_target_dag' retrieved from /home/airflow/.local/lib/python3.8/site-packages/airflow/example_dags/example_trigger_target_dag.py
[2024-03-19T09:54:45.556+0000] {logging_mixin.py:188} INFO - [2024-03-19T09:54:45.556+0000] {dag.py:3047} INFO - Sync 1 DAGs
[2024-03-19T09:54:45.570+0000] {logging_mixin.py:188} INFO - [2024-03-19T09:54:45.570+0000] {dag.py:3834} INFO - Setting next_dagrun for example_trigger_target_dag to None, run_after=None
[2024-03-19T09:54:45.595+0000] {processor.py:183} INFO - Processing /home/airflow/.local/lib/python3.8/site-packages/airflow/example_dags/example_trigger_target_dag.py took 0.078 seconds
[2024-03-19T09:55:16.247+0000] {processor.py:161} INFO - Started process (PID=23909) to work on /home/airflow/.local/lib/python3.8/site-packages/airflow/example_dags/example_trigger_target_dag.py
[2024-03-19T09:55:16.249+0000] {processor.py:830} INFO - Processing file /home/airflow/.local/lib/python3.8/site-packages/airflow/example_dags/example_trigger_target_dag.py for tasks to queue
[2024-03-19T09:55:16.251+0000] {logging_mixin.py:188} INFO - [2024-03-19T09:55:16.250+0000] {dagbag.py:540} INFO - Filling up the DagBag from /home/airflow/.local/lib/python3.8/site-packages/airflow/example_dags/example_trigger_target_dag.py
[2024-03-19T09:55:16.260+0000] {processor.py:840} INFO - DAG(s) 'example_trigger_target_dag' retrieved from /home/airflow/.local/lib/python3.8/site-packages/airflow/example_dags/example_trigger_target_dag.py
[2024-03-19T09:55:16.293+0000] {logging_mixin.py:188} INFO - [2024-03-19T09:55:16.293+0000] {dag.py:3047} INFO - Sync 1 DAGs
[2024-03-19T09:55:16.310+0000] {logging_mixin.py:188} INFO - [2024-03-19T09:55:16.310+0000] {dag.py:3834} INFO - Setting next_dagrun for example_trigger_target_dag to None, run_after=None
[2024-03-19T09:55:16.336+0000] {processor.py:183} INFO - Processing /home/airflow/.local/lib/python3.8/site-packages/airflow/example_dags/example_trigger_target_dag.py took 0.097 seconds
[2024-03-19T09:55:46.766+0000] {processor.py:161} INFO - Started process (PID=23964) to work on /home/airflow/.local/lib/python3.8/site-packages/airflow/example_dags/example_trigger_target_dag.py
[2024-03-19T09:55:46.769+0000] {processor.py:830} INFO - Processing file /home/airflow/.local/lib/python3.8/site-packages/airflow/example_dags/example_trigger_target_dag.py for tasks to queue
[2024-03-19T09:55:46.771+0000] {logging_mixin.py:188} INFO - [2024-03-19T09:55:46.771+0000] {dagbag.py:540} INFO - Filling up the DagBag from /home/airflow/.local/lib/python3.8/site-packages/airflow/example_dags/example_trigger_target_dag.py
[2024-03-19T09:55:46.787+0000] {processor.py:840} INFO - DAG(s) 'example_trigger_target_dag' retrieved from /home/airflow/.local/lib/python3.8/site-packages/airflow/example_dags/example_trigger_target_dag.py
[2024-03-19T09:55:46.832+0000] {logging_mixin.py:188} INFO - [2024-03-19T09:55:46.831+0000] {dag.py:3047} INFO - Sync 1 DAGs
[2024-03-19T09:55:46.859+0000] {logging_mixin.py:188} INFO - [2024-03-19T09:55:46.859+0000] {dag.py:3834} INFO - Setting next_dagrun for example_trigger_target_dag to None, run_after=None
[2024-03-19T09:55:46.909+0000] {processor.py:183} INFO - Processing /home/airflow/.local/lib/python3.8/site-packages/airflow/example_dags/example_trigger_target_dag.py took 0.150 seconds
[2024-03-19T09:56:16.987+0000] {processor.py:161} INFO - Started process (PID=24019) to work on /home/airflow/.local/lib/python3.8/site-packages/airflow/example_dags/example_trigger_target_dag.py
[2024-03-19T09:56:16.990+0000] {processor.py:830} INFO - Processing file /home/airflow/.local/lib/python3.8/site-packages/airflow/example_dags/example_trigger_target_dag.py for tasks to queue
[2024-03-19T09:56:16.992+0000] {logging_mixin.py:188} INFO - [2024-03-19T09:56:16.991+0000] {dagbag.py:540} INFO - Filling up the DagBag from /home/airflow/.local/lib/python3.8/site-packages/airflow/example_dags/example_trigger_target_dag.py
[2024-03-19T09:56:17.000+0000] {processor.py:840} INFO - DAG(s) 'example_trigger_target_dag' retrieved from /home/airflow/.local/lib/python3.8/site-packages/airflow/example_dags/example_trigger_target_dag.py
[2024-03-19T09:56:17.042+0000] {logging_mixin.py:188} INFO - [2024-03-19T09:56:17.042+0000] {dag.py:3047} INFO - Sync 1 DAGs
[2024-03-19T09:56:17.059+0000] {logging_mixin.py:188} INFO - [2024-03-19T09:56:17.059+0000] {dag.py:3834} INFO - Setting next_dagrun for example_trigger_target_dag to None, run_after=None
[2024-03-19T09:56:17.086+0000] {processor.py:183} INFO - Processing /home/airflow/.local/lib/python3.8/site-packages/airflow/example_dags/example_trigger_target_dag.py took 0.108 seconds
[2024-03-19T09:56:47.354+0000] {processor.py:161} INFO - Started process (PID=24074) to work on /home/airflow/.local/lib/python3.8/site-packages/airflow/example_dags/example_trigger_target_dag.py
[2024-03-19T09:56:47.356+0000] {processor.py:830} INFO - Processing file /home/airflow/.local/lib/python3.8/site-packages/airflow/example_dags/example_trigger_target_dag.py for tasks to queue
[2024-03-19T09:56:47.357+0000] {logging_mixin.py:188} INFO - [2024-03-19T09:56:47.357+0000] {dagbag.py:540} INFO - Filling up the DagBag from /home/airflow/.local/lib/python3.8/site-packages/airflow/example_dags/example_trigger_target_dag.py
[2024-03-19T09:56:47.367+0000] {processor.py:840} INFO - DAG(s) 'example_trigger_target_dag' retrieved from /home/airflow/.local/lib/python3.8/site-packages/airflow/example_dags/example_trigger_target_dag.py
[2024-03-19T09:56:47.396+0000] {logging_mixin.py:188} INFO - [2024-03-19T09:56:47.396+0000] {dag.py:3047} INFO - Sync 1 DAGs
[2024-03-19T09:56:47.412+0000] {logging_mixin.py:188} INFO - [2024-03-19T09:56:47.411+0000] {dag.py:3834} INFO - Setting next_dagrun for example_trigger_target_dag to None, run_after=None
[2024-03-19T09:56:47.437+0000] {processor.py:183} INFO - Processing /home/airflow/.local/lib/python3.8/site-packages/airflow/example_dags/example_trigger_target_dag.py took 0.086 seconds
