[2024-03-19T09:44:27.512+0000] {processor.py:161} INFO - Started process (PID=22783) to work on /home/airflow/.local/lib/python3.8/site-packages/airflow/example_dags/example_sensor_decorator.py
[2024-03-19T09:44:27.520+0000] {processor.py:830} INFO - Processing file /home/airflow/.local/lib/python3.8/site-packages/airflow/example_dags/example_sensor_decorator.py for tasks to queue
[2024-03-19T09:44:27.532+0000] {logging_mixin.py:188} INFO - [2024-03-19T09:44:27.531+0000] {dagbag.py:540} INFO - Filling up the DagBag from /home/airflow/.local/lib/python3.8/site-packages/airflow/example_dags/example_sensor_decorator.py
[2024-03-19T09:44:27.596+0000] {processor.py:840} INFO - DAG(s) 'example_sensor_decorator' retrieved from /home/airflow/.local/lib/python3.8/site-packages/airflow/example_dags/example_sensor_decorator.py
[2024-03-19T09:44:27.776+0000] {logging_mixin.py:188} INFO - [2024-03-19T09:44:27.776+0000] {dag.py:3047} INFO - Sync 1 DAGs
[2024-03-19T09:44:27.895+0000] {logging_mixin.py:188} INFO - [2024-03-19T09:44:27.895+0000] {dag.py:3834} INFO - Setting next_dagrun for example_sensor_decorator to None, run_after=None
[2024-03-19T09:44:28.036+0000] {processor.py:183} INFO - Processing /home/airflow/.local/lib/python3.8/site-packages/airflow/example_dags/example_sensor_decorator.py took 0.555 seconds
[2024-03-19T09:44:58.572+0000] {processor.py:161} INFO - Started process (PID=22844) to work on /home/airflow/.local/lib/python3.8/site-packages/airflow/example_dags/example_sensor_decorator.py
[2024-03-19T09:44:58.574+0000] {processor.py:830} INFO - Processing file /home/airflow/.local/lib/python3.8/site-packages/airflow/example_dags/example_sensor_decorator.py for tasks to queue
[2024-03-19T09:44:58.576+0000] {logging_mixin.py:188} INFO - [2024-03-19T09:44:58.575+0000] {dagbag.py:540} INFO - Filling up the DagBag from /home/airflow/.local/lib/python3.8/site-packages/airflow/example_dags/example_sensor_decorator.py
[2024-03-19T09:44:58.584+0000] {processor.py:840} INFO - DAG(s) 'example_sensor_decorator' retrieved from /home/airflow/.local/lib/python3.8/site-packages/airflow/example_dags/example_sensor_decorator.py
[2024-03-19T09:44:58.616+0000] {logging_mixin.py:188} INFO - [2024-03-19T09:44:58.616+0000] {dag.py:3047} INFO - Sync 1 DAGs
[2024-03-19T09:44:58.637+0000] {logging_mixin.py:188} INFO - [2024-03-19T09:44:58.636+0000] {dag.py:3834} INFO - Setting next_dagrun for example_sensor_decorator to None, run_after=None
[2024-03-19T09:44:58.665+0000] {processor.py:183} INFO - Processing /home/airflow/.local/lib/python3.8/site-packages/airflow/example_dags/example_sensor_decorator.py took 0.097 seconds
[2024-03-19T09:45:34.577+0000] {processor.py:161} INFO - Started process (PID=22899) to work on /home/airflow/.local/lib/python3.8/site-packages/airflow/example_dags/example_sensor_decorator.py
[2024-03-19T09:45:34.771+0000] {processor.py:830} INFO - Processing file /home/airflow/.local/lib/python3.8/site-packages/airflow/example_dags/example_sensor_decorator.py for tasks to queue
[2024-03-19T09:45:34.799+0000] {logging_mixin.py:188} INFO - [2024-03-19T09:45:34.798+0000] {dagbag.py:540} INFO - Filling up the DagBag from /home/airflow/.local/lib/python3.8/site-packages/airflow/example_dags/example_sensor_decorator.py
[2024-03-19T09:45:34.976+0000] {processor.py:840} INFO - DAG(s) 'example_sensor_decorator' retrieved from /home/airflow/.local/lib/python3.8/site-packages/airflow/example_dags/example_sensor_decorator.py
[2024-03-19T09:45:35.875+0000] {logging_mixin.py:188} INFO - [2024-03-19T09:45:35.874+0000] {dag.py:3047} INFO - Sync 1 DAGs
[2024-03-19T09:45:36.103+0000] {logging_mixin.py:188} INFO - [2024-03-19T09:45:36.100+0000] {dag.py:3834} INFO - Setting next_dagrun for example_sensor_decorator to None, run_after=None
[2024-03-19T09:45:36.364+0000] {processor.py:183} INFO - Processing /home/airflow/.local/lib/python3.8/site-packages/airflow/example_dags/example_sensor_decorator.py took 2.016 seconds
[2024-03-19T09:46:11.249+0000] {processor.py:161} INFO - Started process (PID=22954) to work on /home/airflow/.local/lib/python3.8/site-packages/airflow/example_dags/example_sensor_decorator.py
[2024-03-19T09:46:11.274+0000] {processor.py:830} INFO - Processing file /home/airflow/.local/lib/python3.8/site-packages/airflow/example_dags/example_sensor_decorator.py for tasks to queue
[2024-03-19T09:46:11.290+0000] {logging_mixin.py:188} INFO - [2024-03-19T09:46:11.288+0000] {dagbag.py:540} INFO - Filling up the DagBag from /home/airflow/.local/lib/python3.8/site-packages/airflow/example_dags/example_sensor_decorator.py
[2024-03-19T09:46:11.388+0000] {processor.py:840} INFO - DAG(s) 'example_sensor_decorator' retrieved from /home/airflow/.local/lib/python3.8/site-packages/airflow/example_dags/example_sensor_decorator.py
[2024-03-19T09:46:11.890+0000] {logging_mixin.py:188} INFO - [2024-03-19T09:46:11.886+0000] {dag.py:3047} INFO - Sync 1 DAGs
[2024-03-19T09:46:11.990+0000] {logging_mixin.py:188} INFO - [2024-03-19T09:46:11.990+0000] {dag.py:3834} INFO - Setting next_dagrun for example_sensor_decorator to None, run_after=None
[2024-03-19T09:46:12.710+0000] {processor.py:183} INFO - Processing /home/airflow/.local/lib/python3.8/site-packages/airflow/example_dags/example_sensor_decorator.py took 1.517 seconds
[2024-03-19T09:46:43.465+0000] {processor.py:161} INFO - Started process (PID=23001) to work on /home/airflow/.local/lib/python3.8/site-packages/airflow/example_dags/example_sensor_decorator.py
[2024-03-19T09:46:43.468+0000] {processor.py:830} INFO - Processing file /home/airflow/.local/lib/python3.8/site-packages/airflow/example_dags/example_sensor_decorator.py for tasks to queue
[2024-03-19T09:46:43.469+0000] {logging_mixin.py:188} INFO - [2024-03-19T09:46:43.469+0000] {dagbag.py:540} INFO - Filling up the DagBag from /home/airflow/.local/lib/python3.8/site-packages/airflow/example_dags/example_sensor_decorator.py
[2024-03-19T09:46:43.479+0000] {processor.py:840} INFO - DAG(s) 'example_sensor_decorator' retrieved from /home/airflow/.local/lib/python3.8/site-packages/airflow/example_dags/example_sensor_decorator.py
[2024-03-19T09:46:43.507+0000] {logging_mixin.py:188} INFO - [2024-03-19T09:46:43.507+0000] {dag.py:3047} INFO - Sync 1 DAGs
[2024-03-19T09:46:43.525+0000] {logging_mixin.py:188} INFO - [2024-03-19T09:46:43.525+0000] {dag.py:3834} INFO - Setting next_dagrun for example_sensor_decorator to None, run_after=None
[2024-03-19T09:46:43.554+0000] {processor.py:183} INFO - Processing /home/airflow/.local/lib/python3.8/site-packages/airflow/example_dags/example_sensor_decorator.py took 0.093 seconds
[2024-03-19T09:47:14.444+0000] {processor.py:161} INFO - Started process (PID=23062) to work on /home/airflow/.local/lib/python3.8/site-packages/airflow/example_dags/example_sensor_decorator.py
[2024-03-19T09:47:14.464+0000] {processor.py:830} INFO - Processing file /home/airflow/.local/lib/python3.8/site-packages/airflow/example_dags/example_sensor_decorator.py for tasks to queue
[2024-03-19T09:47:14.468+0000] {logging_mixin.py:188} INFO - [2024-03-19T09:47:14.467+0000] {dagbag.py:540} INFO - Filling up the DagBag from /home/airflow/.local/lib/python3.8/site-packages/airflow/example_dags/example_sensor_decorator.py
[2024-03-19T09:47:14.503+0000] {processor.py:840} INFO - DAG(s) 'example_sensor_decorator' retrieved from /home/airflow/.local/lib/python3.8/site-packages/airflow/example_dags/example_sensor_decorator.py
[2024-03-19T09:47:14.602+0000] {logging_mixin.py:188} INFO - [2024-03-19T09:47:14.601+0000] {dag.py:3047} INFO - Sync 1 DAGs
[2024-03-19T09:47:14.655+0000] {logging_mixin.py:188} INFO - [2024-03-19T09:47:14.654+0000] {dag.py:3834} INFO - Setting next_dagrun for example_sensor_decorator to None, run_after=None
[2024-03-19T09:47:14.789+0000] {processor.py:183} INFO - Processing /home/airflow/.local/lib/python3.8/site-packages/airflow/example_dags/example_sensor_decorator.py took 0.362 seconds
[2024-03-19T09:47:45.796+0000] {processor.py:161} INFO - Started process (PID=23111) to work on /home/airflow/.local/lib/python3.8/site-packages/airflow/example_dags/example_sensor_decorator.py
[2024-03-19T09:47:45.806+0000] {processor.py:830} INFO - Processing file /home/airflow/.local/lib/python3.8/site-packages/airflow/example_dags/example_sensor_decorator.py for tasks to queue
[2024-03-19T09:47:45.818+0000] {logging_mixin.py:188} INFO - [2024-03-19T09:47:45.818+0000] {dagbag.py:540} INFO - Filling up the DagBag from /home/airflow/.local/lib/python3.8/site-packages/airflow/example_dags/example_sensor_decorator.py
[2024-03-19T09:47:45.885+0000] {processor.py:840} INFO - DAG(s) 'example_sensor_decorator' retrieved from /home/airflow/.local/lib/python3.8/site-packages/airflow/example_dags/example_sensor_decorator.py
[2024-03-19T09:47:46.194+0000] {logging_mixin.py:188} INFO - [2024-03-19T09:47:46.193+0000] {dag.py:3047} INFO - Sync 1 DAGs
[2024-03-19T09:47:46.314+0000] {logging_mixin.py:188} INFO - [2024-03-19T09:47:46.313+0000] {dag.py:3834} INFO - Setting next_dagrun for example_sensor_decorator to None, run_after=None
[2024-03-19T09:47:46.480+0000] {processor.py:183} INFO - Processing /home/airflow/.local/lib/python3.8/site-packages/airflow/example_dags/example_sensor_decorator.py took 0.697 seconds
[2024-03-19T09:48:16.554+0000] {processor.py:161} INFO - Started process (PID=23172) to work on /home/airflow/.local/lib/python3.8/site-packages/airflow/example_dags/example_sensor_decorator.py
[2024-03-19T09:48:16.558+0000] {processor.py:830} INFO - Processing file /home/airflow/.local/lib/python3.8/site-packages/airflow/example_dags/example_sensor_decorator.py for tasks to queue
[2024-03-19T09:48:16.564+0000] {logging_mixin.py:188} INFO - [2024-03-19T09:48:16.561+0000] {dagbag.py:540} INFO - Filling up the DagBag from /home/airflow/.local/lib/python3.8/site-packages/airflow/example_dags/example_sensor_decorator.py
[2024-03-19T09:48:16.603+0000] {processor.py:840} INFO - DAG(s) 'example_sensor_decorator' retrieved from /home/airflow/.local/lib/python3.8/site-packages/airflow/example_dags/example_sensor_decorator.py
[2024-03-19T09:48:16.780+0000] {logging_mixin.py:188} INFO - [2024-03-19T09:48:16.779+0000] {dag.py:3047} INFO - Sync 1 DAGs
[2024-03-19T09:48:16.871+0000] {logging_mixin.py:188} INFO - [2024-03-19T09:48:16.871+0000] {dag.py:3834} INFO - Setting next_dagrun for example_sensor_decorator to None, run_after=None
[2024-03-19T09:48:16.927+0000] {processor.py:183} INFO - Processing /home/airflow/.local/lib/python3.8/site-packages/airflow/example_dags/example_sensor_decorator.py took 0.380 seconds
[2024-03-19T09:48:47.843+0000] {processor.py:161} INFO - Started process (PID=23227) to work on /home/airflow/.local/lib/python3.8/site-packages/airflow/example_dags/example_sensor_decorator.py
[2024-03-19T09:48:47.845+0000] {processor.py:830} INFO - Processing file /home/airflow/.local/lib/python3.8/site-packages/airflow/example_dags/example_sensor_decorator.py for tasks to queue
[2024-03-19T09:48:47.847+0000] {logging_mixin.py:188} INFO - [2024-03-19T09:48:47.846+0000] {dagbag.py:540} INFO - Filling up the DagBag from /home/airflow/.local/lib/python3.8/site-packages/airflow/example_dags/example_sensor_decorator.py
[2024-03-19T09:48:47.854+0000] {processor.py:840} INFO - DAG(s) 'example_sensor_decorator' retrieved from /home/airflow/.local/lib/python3.8/site-packages/airflow/example_dags/example_sensor_decorator.py
[2024-03-19T09:48:47.878+0000] {logging_mixin.py:188} INFO - [2024-03-19T09:48:47.878+0000] {dag.py:3047} INFO - Sync 1 DAGs
[2024-03-19T09:48:47.894+0000] {logging_mixin.py:188} INFO - [2024-03-19T09:48:47.893+0000] {dag.py:3834} INFO - Setting next_dagrun for example_sensor_decorator to None, run_after=None
[2024-03-19T09:48:47.917+0000] {processor.py:183} INFO - Processing /home/airflow/.local/lib/python3.8/site-packages/airflow/example_dags/example_sensor_decorator.py took 0.078 seconds
[2024-03-19T09:49:18.165+0000] {processor.py:161} INFO - Started process (PID=23282) to work on /home/airflow/.local/lib/python3.8/site-packages/airflow/example_dags/example_sensor_decorator.py
[2024-03-19T09:49:18.166+0000] {processor.py:830} INFO - Processing file /home/airflow/.local/lib/python3.8/site-packages/airflow/example_dags/example_sensor_decorator.py for tasks to queue
[2024-03-19T09:49:18.168+0000] {logging_mixin.py:188} INFO - [2024-03-19T09:49:18.168+0000] {dagbag.py:540} INFO - Filling up the DagBag from /home/airflow/.local/lib/python3.8/site-packages/airflow/example_dags/example_sensor_decorator.py
[2024-03-19T09:49:18.177+0000] {processor.py:840} INFO - DAG(s) 'example_sensor_decorator' retrieved from /home/airflow/.local/lib/python3.8/site-packages/airflow/example_dags/example_sensor_decorator.py
[2024-03-19T09:49:18.205+0000] {logging_mixin.py:188} INFO - [2024-03-19T09:49:18.204+0000] {dag.py:3047} INFO - Sync 1 DAGs
[2024-03-19T09:49:18.223+0000] {logging_mixin.py:188} INFO - [2024-03-19T09:49:18.223+0000] {dag.py:3834} INFO - Setting next_dagrun for example_sensor_decorator to None, run_after=None
[2024-03-19T09:49:18.258+0000] {processor.py:183} INFO - Processing /home/airflow/.local/lib/python3.8/site-packages/airflow/example_dags/example_sensor_decorator.py took 0.121 seconds
[2024-03-19T09:49:48.816+0000] {processor.py:161} INFO - Started process (PID=23336) to work on /home/airflow/.local/lib/python3.8/site-packages/airflow/example_dags/example_sensor_decorator.py
[2024-03-19T09:49:48.819+0000] {processor.py:830} INFO - Processing file /home/airflow/.local/lib/python3.8/site-packages/airflow/example_dags/example_sensor_decorator.py for tasks to queue
[2024-03-19T09:49:48.822+0000] {logging_mixin.py:188} INFO - [2024-03-19T09:49:48.820+0000] {dagbag.py:540} INFO - Filling up the DagBag from /home/airflow/.local/lib/python3.8/site-packages/airflow/example_dags/example_sensor_decorator.py
[2024-03-19T09:49:48.837+0000] {processor.py:840} INFO - DAG(s) 'example_sensor_decorator' retrieved from /home/airflow/.local/lib/python3.8/site-packages/airflow/example_dags/example_sensor_decorator.py
[2024-03-19T09:49:48.896+0000] {logging_mixin.py:188} INFO - [2024-03-19T09:49:48.895+0000] {dag.py:3047} INFO - Sync 1 DAGs
[2024-03-19T09:49:48.930+0000] {logging_mixin.py:188} INFO - [2024-03-19T09:49:48.929+0000] {dag.py:3834} INFO - Setting next_dagrun for example_sensor_decorator to None, run_after=None
[2024-03-19T09:49:48.964+0000] {processor.py:183} INFO - Processing /home/airflow/.local/lib/python3.8/site-packages/airflow/example_dags/example_sensor_decorator.py took 0.159 seconds
[2024-03-19T09:50:19.769+0000] {processor.py:161} INFO - Started process (PID=23391) to work on /home/airflow/.local/lib/python3.8/site-packages/airflow/example_dags/example_sensor_decorator.py
[2024-03-19T09:50:19.770+0000] {processor.py:830} INFO - Processing file /home/airflow/.local/lib/python3.8/site-packages/airflow/example_dags/example_sensor_decorator.py for tasks to queue
[2024-03-19T09:50:19.772+0000] {logging_mixin.py:188} INFO - [2024-03-19T09:50:19.772+0000] {dagbag.py:540} INFO - Filling up the DagBag from /home/airflow/.local/lib/python3.8/site-packages/airflow/example_dags/example_sensor_decorator.py
[2024-03-19T09:50:19.783+0000] {processor.py:840} INFO - DAG(s) 'example_sensor_decorator' retrieved from /home/airflow/.local/lib/python3.8/site-packages/airflow/example_dags/example_sensor_decorator.py
[2024-03-19T09:50:19.831+0000] {logging_mixin.py:188} INFO - [2024-03-19T09:50:19.831+0000] {dag.py:3047} INFO - Sync 1 DAGs
[2024-03-19T09:50:19.858+0000] {logging_mixin.py:188} INFO - [2024-03-19T09:50:19.857+0000] {dag.py:3834} INFO - Setting next_dagrun for example_sensor_decorator to None, run_after=None
[2024-03-19T09:50:19.910+0000] {processor.py:183} INFO - Processing /home/airflow/.local/lib/python3.8/site-packages/airflow/example_dags/example_sensor_decorator.py took 0.146 seconds
[2024-03-19T09:50:52.331+0000] {processor.py:161} INFO - Started process (PID=23446) to work on /home/airflow/.local/lib/python3.8/site-packages/airflow/example_dags/example_sensor_decorator.py
[2024-03-19T09:50:52.350+0000] {processor.py:830} INFO - Processing file /home/airflow/.local/lib/python3.8/site-packages/airflow/example_dags/example_sensor_decorator.py for tasks to queue
[2024-03-19T09:50:52.369+0000] {logging_mixin.py:188} INFO - [2024-03-19T09:50:52.368+0000] {dagbag.py:540} INFO - Filling up the DagBag from /home/airflow/.local/lib/python3.8/site-packages/airflow/example_dags/example_sensor_decorator.py
[2024-03-19T09:50:52.423+0000] {processor.py:840} INFO - DAG(s) 'example_sensor_decorator' retrieved from /home/airflow/.local/lib/python3.8/site-packages/airflow/example_dags/example_sensor_decorator.py
[2024-03-19T09:50:52.633+0000] {logging_mixin.py:188} INFO - [2024-03-19T09:50:52.632+0000] {dag.py:3047} INFO - Sync 1 DAGs
[2024-03-19T09:50:52.879+0000] {logging_mixin.py:188} INFO - [2024-03-19T09:50:52.879+0000] {dag.py:3834} INFO - Setting next_dagrun for example_sensor_decorator to None, run_after=None
[2024-03-19T09:50:53.212+0000] {processor.py:183} INFO - Processing /home/airflow/.local/lib/python3.8/site-packages/airflow/example_dags/example_sensor_decorator.py took 0.900 seconds
[2024-03-19T09:51:23.709+0000] {processor.py:161} INFO - Started process (PID=23500) to work on /home/airflow/.local/lib/python3.8/site-packages/airflow/example_dags/example_sensor_decorator.py
[2024-03-19T09:51:23.712+0000] {processor.py:830} INFO - Processing file /home/airflow/.local/lib/python3.8/site-packages/airflow/example_dags/example_sensor_decorator.py for tasks to queue
[2024-03-19T09:51:23.714+0000] {logging_mixin.py:188} INFO - [2024-03-19T09:51:23.714+0000] {dagbag.py:540} INFO - Filling up the DagBag from /home/airflow/.local/lib/python3.8/site-packages/airflow/example_dags/example_sensor_decorator.py
[2024-03-19T09:51:23.730+0000] {processor.py:840} INFO - DAG(s) 'example_sensor_decorator' retrieved from /home/airflow/.local/lib/python3.8/site-packages/airflow/example_dags/example_sensor_decorator.py
[2024-03-19T09:51:23.772+0000] {logging_mixin.py:188} INFO - [2024-03-19T09:51:23.771+0000] {dag.py:3047} INFO - Sync 1 DAGs
[2024-03-19T09:51:23.818+0000] {logging_mixin.py:188} INFO - [2024-03-19T09:51:23.817+0000] {dag.py:3834} INFO - Setting next_dagrun for example_sensor_decorator to None, run_after=None
[2024-03-19T09:51:23.857+0000] {processor.py:183} INFO - Processing /home/airflow/.local/lib/python3.8/site-packages/airflow/example_dags/example_sensor_decorator.py took 0.158 seconds
[2024-03-19T09:51:54.304+0000] {processor.py:161} INFO - Started process (PID=23555) to work on /home/airflow/.local/lib/python3.8/site-packages/airflow/example_dags/example_sensor_decorator.py
[2024-03-19T09:51:54.307+0000] {processor.py:830} INFO - Processing file /home/airflow/.local/lib/python3.8/site-packages/airflow/example_dags/example_sensor_decorator.py for tasks to queue
[2024-03-19T09:51:54.309+0000] {logging_mixin.py:188} INFO - [2024-03-19T09:51:54.308+0000] {dagbag.py:540} INFO - Filling up the DagBag from /home/airflow/.local/lib/python3.8/site-packages/airflow/example_dags/example_sensor_decorator.py
[2024-03-19T09:51:54.318+0000] {processor.py:840} INFO - DAG(s) 'example_sensor_decorator' retrieved from /home/airflow/.local/lib/python3.8/site-packages/airflow/example_dags/example_sensor_decorator.py
[2024-03-19T09:51:54.357+0000] {logging_mixin.py:188} INFO - [2024-03-19T09:51:54.356+0000] {dag.py:3047} INFO - Sync 1 DAGs
[2024-03-19T09:51:54.376+0000] {logging_mixin.py:188} INFO - [2024-03-19T09:51:54.376+0000] {dag.py:3834} INFO - Setting next_dagrun for example_sensor_decorator to None, run_after=None
[2024-03-19T09:51:54.408+0000] {processor.py:183} INFO - Processing /home/airflow/.local/lib/python3.8/site-packages/airflow/example_dags/example_sensor_decorator.py took 0.110 seconds
[2024-03-19T09:52:24.650+0000] {processor.py:161} INFO - Started process (PID=23610) to work on /home/airflow/.local/lib/python3.8/site-packages/airflow/example_dags/example_sensor_decorator.py
[2024-03-19T09:52:24.653+0000] {processor.py:830} INFO - Processing file /home/airflow/.local/lib/python3.8/site-packages/airflow/example_dags/example_sensor_decorator.py for tasks to queue
[2024-03-19T09:52:24.660+0000] {logging_mixin.py:188} INFO - [2024-03-19T09:52:24.658+0000] {dagbag.py:540} INFO - Filling up the DagBag from /home/airflow/.local/lib/python3.8/site-packages/airflow/example_dags/example_sensor_decorator.py
[2024-03-19T09:52:24.677+0000] {processor.py:840} INFO - DAG(s) 'example_sensor_decorator' retrieved from /home/airflow/.local/lib/python3.8/site-packages/airflow/example_dags/example_sensor_decorator.py
[2024-03-19T09:52:24.803+0000] {logging_mixin.py:188} INFO - [2024-03-19T09:52:24.802+0000] {dag.py:3047} INFO - Sync 1 DAGs
[2024-03-19T09:52:24.881+0000] {logging_mixin.py:188} INFO - [2024-03-19T09:52:24.881+0000] {dag.py:3834} INFO - Setting next_dagrun for example_sensor_decorator to None, run_after=None
[2024-03-19T09:52:24.946+0000] {processor.py:183} INFO - Processing /home/airflow/.local/lib/python3.8/site-packages/airflow/example_dags/example_sensor_decorator.py took 0.317 seconds
[2024-03-19T09:52:55.088+0000] {processor.py:161} INFO - Started process (PID=23665) to work on /home/airflow/.local/lib/python3.8/site-packages/airflow/example_dags/example_sensor_decorator.py
[2024-03-19T09:52:55.091+0000] {processor.py:830} INFO - Processing file /home/airflow/.local/lib/python3.8/site-packages/airflow/example_dags/example_sensor_decorator.py for tasks to queue
[2024-03-19T09:52:55.093+0000] {logging_mixin.py:188} INFO - [2024-03-19T09:52:55.093+0000] {dagbag.py:540} INFO - Filling up the DagBag from /home/airflow/.local/lib/python3.8/site-packages/airflow/example_dags/example_sensor_decorator.py
[2024-03-19T09:52:55.103+0000] {processor.py:840} INFO - DAG(s) 'example_sensor_decorator' retrieved from /home/airflow/.local/lib/python3.8/site-packages/airflow/example_dags/example_sensor_decorator.py
[2024-03-19T09:52:55.136+0000] {logging_mixin.py:188} INFO - [2024-03-19T09:52:55.136+0000] {dag.py:3047} INFO - Sync 1 DAGs
[2024-03-19T09:52:55.158+0000] {logging_mixin.py:188} INFO - [2024-03-19T09:52:55.158+0000] {dag.py:3834} INFO - Setting next_dagrun for example_sensor_decorator to None, run_after=None
[2024-03-19T09:52:55.195+0000] {processor.py:183} INFO - Processing /home/airflow/.local/lib/python3.8/site-packages/airflow/example_dags/example_sensor_decorator.py took 0.112 seconds
[2024-03-19T09:53:25.762+0000] {processor.py:161} INFO - Started process (PID=23720) to work on /home/airflow/.local/lib/python3.8/site-packages/airflow/example_dags/example_sensor_decorator.py
[2024-03-19T09:53:25.766+0000] {processor.py:830} INFO - Processing file /home/airflow/.local/lib/python3.8/site-packages/airflow/example_dags/example_sensor_decorator.py for tasks to queue
[2024-03-19T09:53:25.769+0000] {logging_mixin.py:188} INFO - [2024-03-19T09:53:25.768+0000] {dagbag.py:540} INFO - Filling up the DagBag from /home/airflow/.local/lib/python3.8/site-packages/airflow/example_dags/example_sensor_decorator.py
[2024-03-19T09:53:25.791+0000] {processor.py:840} INFO - DAG(s) 'example_sensor_decorator' retrieved from /home/airflow/.local/lib/python3.8/site-packages/airflow/example_dags/example_sensor_decorator.py
[2024-03-19T09:53:25.869+0000] {logging_mixin.py:188} INFO - [2024-03-19T09:53:25.868+0000] {dag.py:3047} INFO - Sync 1 DAGs
[2024-03-19T09:53:25.926+0000] {logging_mixin.py:188} INFO - [2024-03-19T09:53:25.926+0000] {dag.py:3834} INFO - Setting next_dagrun for example_sensor_decorator to None, run_after=None
[2024-03-19T09:53:26.041+0000] {processor.py:183} INFO - Processing /home/airflow/.local/lib/python3.8/site-packages/airflow/example_dags/example_sensor_decorator.py took 0.293 seconds
[2024-03-19T09:53:56.282+0000] {processor.py:161} INFO - Started process (PID=23774) to work on /home/airflow/.local/lib/python3.8/site-packages/airflow/example_dags/example_sensor_decorator.py
[2024-03-19T09:53:56.283+0000] {processor.py:830} INFO - Processing file /home/airflow/.local/lib/python3.8/site-packages/airflow/example_dags/example_sensor_decorator.py for tasks to queue
[2024-03-19T09:53:56.285+0000] {logging_mixin.py:188} INFO - [2024-03-19T09:53:56.284+0000] {dagbag.py:540} INFO - Filling up the DagBag from /home/airflow/.local/lib/python3.8/site-packages/airflow/example_dags/example_sensor_decorator.py
[2024-03-19T09:53:56.294+0000] {processor.py:840} INFO - DAG(s) 'example_sensor_decorator' retrieved from /home/airflow/.local/lib/python3.8/site-packages/airflow/example_dags/example_sensor_decorator.py
[2024-03-19T09:53:56.334+0000] {logging_mixin.py:188} INFO - [2024-03-19T09:53:56.333+0000] {dag.py:3047} INFO - Sync 1 DAGs
[2024-03-19T09:53:56.353+0000] {logging_mixin.py:188} INFO - [2024-03-19T09:53:56.353+0000] {dag.py:3834} INFO - Setting next_dagrun for example_sensor_decorator to None, run_after=None
[2024-03-19T09:53:56.380+0000] {processor.py:183} INFO - Processing /home/airflow/.local/lib/python3.8/site-packages/airflow/example_dags/example_sensor_decorator.py took 0.102 seconds
[2024-03-19T09:54:27.039+0000] {processor.py:161} INFO - Started process (PID=23829) to work on /home/airflow/.local/lib/python3.8/site-packages/airflow/example_dags/example_sensor_decorator.py
[2024-03-19T09:54:27.058+0000] {processor.py:830} INFO - Processing file /home/airflow/.local/lib/python3.8/site-packages/airflow/example_dags/example_sensor_decorator.py for tasks to queue
[2024-03-19T09:54:27.066+0000] {logging_mixin.py:188} INFO - [2024-03-19T09:54:27.063+0000] {dagbag.py:540} INFO - Filling up the DagBag from /home/airflow/.local/lib/python3.8/site-packages/airflow/example_dags/example_sensor_decorator.py
[2024-03-19T09:54:27.154+0000] {processor.py:840} INFO - DAG(s) 'example_sensor_decorator' retrieved from /home/airflow/.local/lib/python3.8/site-packages/airflow/example_dags/example_sensor_decorator.py
[2024-03-19T09:54:27.498+0000] {logging_mixin.py:188} INFO - [2024-03-19T09:54:27.498+0000] {dag.py:3047} INFO - Sync 1 DAGs
[2024-03-19T09:54:27.574+0000] {logging_mixin.py:188} INFO - [2024-03-19T09:54:27.574+0000] {dag.py:3834} INFO - Setting next_dagrun for example_sensor_decorator to None, run_after=None
[2024-03-19T09:54:27.694+0000] {processor.py:183} INFO - Processing /home/airflow/.local/lib/python3.8/site-packages/airflow/example_dags/example_sensor_decorator.py took 0.736 seconds
[2024-03-19T09:54:58.520+0000] {processor.py:161} INFO - Started process (PID=23884) to work on /home/airflow/.local/lib/python3.8/site-packages/airflow/example_dags/example_sensor_decorator.py
[2024-03-19T09:54:58.522+0000] {processor.py:830} INFO - Processing file /home/airflow/.local/lib/python3.8/site-packages/airflow/example_dags/example_sensor_decorator.py for tasks to queue
[2024-03-19T09:54:58.524+0000] {logging_mixin.py:188} INFO - [2024-03-19T09:54:58.523+0000] {dagbag.py:540} INFO - Filling up the DagBag from /home/airflow/.local/lib/python3.8/site-packages/airflow/example_dags/example_sensor_decorator.py
[2024-03-19T09:54:58.531+0000] {processor.py:840} INFO - DAG(s) 'example_sensor_decorator' retrieved from /home/airflow/.local/lib/python3.8/site-packages/airflow/example_dags/example_sensor_decorator.py
[2024-03-19T09:54:58.556+0000] {logging_mixin.py:188} INFO - [2024-03-19T09:54:58.556+0000] {dag.py:3047} INFO - Sync 1 DAGs
[2024-03-19T09:54:58.572+0000] {logging_mixin.py:188} INFO - [2024-03-19T09:54:58.571+0000] {dag.py:3834} INFO - Setting next_dagrun for example_sensor_decorator to None, run_after=None
[2024-03-19T09:54:58.597+0000] {processor.py:183} INFO - Processing /home/airflow/.local/lib/python3.8/site-packages/airflow/example_dags/example_sensor_decorator.py took 0.081 seconds
[2024-03-19T09:55:29.183+0000] {processor.py:161} INFO - Started process (PID=23939) to work on /home/airflow/.local/lib/python3.8/site-packages/airflow/example_dags/example_sensor_decorator.py
[2024-03-19T09:55:29.185+0000] {processor.py:830} INFO - Processing file /home/airflow/.local/lib/python3.8/site-packages/airflow/example_dags/example_sensor_decorator.py for tasks to queue
[2024-03-19T09:55:29.187+0000] {logging_mixin.py:188} INFO - [2024-03-19T09:55:29.186+0000] {dagbag.py:540} INFO - Filling up the DagBag from /home/airflow/.local/lib/python3.8/site-packages/airflow/example_dags/example_sensor_decorator.py
[2024-03-19T09:55:29.196+0000] {processor.py:840} INFO - DAG(s) 'example_sensor_decorator' retrieved from /home/airflow/.local/lib/python3.8/site-packages/airflow/example_dags/example_sensor_decorator.py
[2024-03-19T09:55:29.222+0000] {logging_mixin.py:188} INFO - [2024-03-19T09:55:29.222+0000] {dag.py:3047} INFO - Sync 1 DAGs
[2024-03-19T09:55:29.238+0000] {logging_mixin.py:188} INFO - [2024-03-19T09:55:29.238+0000] {dag.py:3834} INFO - Setting next_dagrun for example_sensor_decorator to None, run_after=None
[2024-03-19T09:55:29.263+0000] {processor.py:183} INFO - Processing /home/airflow/.local/lib/python3.8/site-packages/airflow/example_dags/example_sensor_decorator.py took 0.084 seconds
[2024-03-19T09:55:59.722+0000] {processor.py:161} INFO - Started process (PID=23994) to work on /home/airflow/.local/lib/python3.8/site-packages/airflow/example_dags/example_sensor_decorator.py
[2024-03-19T09:55:59.723+0000] {processor.py:830} INFO - Processing file /home/airflow/.local/lib/python3.8/site-packages/airflow/example_dags/example_sensor_decorator.py for tasks to queue
[2024-03-19T09:55:59.725+0000] {logging_mixin.py:188} INFO - [2024-03-19T09:55:59.724+0000] {dagbag.py:540} INFO - Filling up the DagBag from /home/airflow/.local/lib/python3.8/site-packages/airflow/example_dags/example_sensor_decorator.py
[2024-03-19T09:55:59.733+0000] {processor.py:840} INFO - DAG(s) 'example_sensor_decorator' retrieved from /home/airflow/.local/lib/python3.8/site-packages/airflow/example_dags/example_sensor_decorator.py
[2024-03-19T09:55:59.760+0000] {logging_mixin.py:188} INFO - [2024-03-19T09:55:59.760+0000] {dag.py:3047} INFO - Sync 1 DAGs
[2024-03-19T09:55:59.776+0000] {logging_mixin.py:188} INFO - [2024-03-19T09:55:59.776+0000] {dag.py:3834} INFO - Setting next_dagrun for example_sensor_decorator to None, run_after=None
[2024-03-19T09:55:59.818+0000] {processor.py:183} INFO - Processing /home/airflow/.local/lib/python3.8/site-packages/airflow/example_dags/example_sensor_decorator.py took 0.100 seconds
[2024-03-19T09:56:30.178+0000] {processor.py:161} INFO - Started process (PID=24049) to work on /home/airflow/.local/lib/python3.8/site-packages/airflow/example_dags/example_sensor_decorator.py
[2024-03-19T09:56:30.180+0000] {processor.py:830} INFO - Processing file /home/airflow/.local/lib/python3.8/site-packages/airflow/example_dags/example_sensor_decorator.py for tasks to queue
[2024-03-19T09:56:30.183+0000] {logging_mixin.py:188} INFO - [2024-03-19T09:56:30.182+0000] {dagbag.py:540} INFO - Filling up the DagBag from /home/airflow/.local/lib/python3.8/site-packages/airflow/example_dags/example_sensor_decorator.py
[2024-03-19T09:56:30.193+0000] {processor.py:840} INFO - DAG(s) 'example_sensor_decorator' retrieved from /home/airflow/.local/lib/python3.8/site-packages/airflow/example_dags/example_sensor_decorator.py
[2024-03-19T09:56:30.221+0000] {logging_mixin.py:188} INFO - [2024-03-19T09:56:30.221+0000] {dag.py:3047} INFO - Sync 1 DAGs
[2024-03-19T09:56:30.242+0000] {logging_mixin.py:188} INFO - [2024-03-19T09:56:30.241+0000] {dag.py:3834} INFO - Setting next_dagrun for example_sensor_decorator to None, run_after=None
[2024-03-19T09:56:30.272+0000] {processor.py:183} INFO - Processing /home/airflow/.local/lib/python3.8/site-packages/airflow/example_dags/example_sensor_decorator.py took 0.101 seconds
[2024-03-19T09:57:00.487+0000] {processor.py:161} INFO - Started process (PID=24104) to work on /home/airflow/.local/lib/python3.8/site-packages/airflow/example_dags/example_sensor_decorator.py
[2024-03-19T09:57:00.493+0000] {processor.py:830} INFO - Processing file /home/airflow/.local/lib/python3.8/site-packages/airflow/example_dags/example_sensor_decorator.py for tasks to queue
[2024-03-19T09:57:00.500+0000] {logging_mixin.py:188} INFO - [2024-03-19T09:57:00.499+0000] {dagbag.py:540} INFO - Filling up the DagBag from /home/airflow/.local/lib/python3.8/site-packages/airflow/example_dags/example_sensor_decorator.py
[2024-03-19T09:57:00.524+0000] {processor.py:840} INFO - DAG(s) 'example_sensor_decorator' retrieved from /home/airflow/.local/lib/python3.8/site-packages/airflow/example_dags/example_sensor_decorator.py
[2024-03-19T09:57:00.583+0000] {logging_mixin.py:188} INFO - [2024-03-19T09:57:00.582+0000] {dag.py:3047} INFO - Sync 1 DAGs
[2024-03-19T09:57:00.616+0000] {logging_mixin.py:188} INFO - [2024-03-19T09:57:00.615+0000] {dag.py:3834} INFO - Setting next_dagrun for example_sensor_decorator to None, run_after=None
[2024-03-19T09:57:00.689+0000] {processor.py:183} INFO - Processing /home/airflow/.local/lib/python3.8/site-packages/airflow/example_dags/example_sensor_decorator.py took 0.212 seconds
