[2024-03-19T09:44:16.278+0000] {processor.py:161} INFO - Started process (PID=22769) to work on /home/airflow/.local/lib/python3.8/site-packages/airflow/example_dags/example_skip_dag.py
[2024-03-19T09:44:16.280+0000] {processor.py:830} INFO - Processing file /home/airflow/.local/lib/python3.8/site-packages/airflow/example_dags/example_skip_dag.py for tasks to queue
[2024-03-19T09:44:16.283+0000] {logging_mixin.py:188} INFO - [2024-03-19T09:44:16.281+0000] {dagbag.py:540} INFO - Filling up the DagBag from /home/airflow/.local/lib/python3.8/site-packages/airflow/example_dags/example_skip_dag.py
[2024-03-19T09:44:16.299+0000] {processor.py:840} INFO - DAG(s) 'example_skip_dag' retrieved from /home/airflow/.local/lib/python3.8/site-packages/airflow/example_dags/example_skip_dag.py
[2024-03-19T09:44:16.351+0000] {logging_mixin.py:188} INFO - [2024-03-19T09:44:16.350+0000] {dag.py:3047} INFO - Sync 1 DAGs
[2024-03-19T09:44:16.408+0000] {logging_mixin.py:188} INFO - [2024-03-19T09:44:16.407+0000] {dag.py:3834} INFO - Setting next_dagrun for example_skip_dag to 2024-03-18 00:00:00+00:00, run_after=2024-03-19 00:00:00+00:00
[2024-03-19T09:44:16.459+0000] {processor.py:183} INFO - Processing /home/airflow/.local/lib/python3.8/site-packages/airflow/example_dags/example_skip_dag.py took 0.186 seconds
[2024-03-19T09:44:46.685+0000] {processor.py:161} INFO - Started process (PID=22824) to work on /home/airflow/.local/lib/python3.8/site-packages/airflow/example_dags/example_skip_dag.py
[2024-03-19T09:44:46.687+0000] {processor.py:830} INFO - Processing file /home/airflow/.local/lib/python3.8/site-packages/airflow/example_dags/example_skip_dag.py for tasks to queue
[2024-03-19T09:44:46.688+0000] {logging_mixin.py:188} INFO - [2024-03-19T09:44:46.688+0000] {dagbag.py:540} INFO - Filling up the DagBag from /home/airflow/.local/lib/python3.8/site-packages/airflow/example_dags/example_skip_dag.py
[2024-03-19T09:44:46.696+0000] {processor.py:840} INFO - DAG(s) 'example_skip_dag' retrieved from /home/airflow/.local/lib/python3.8/site-packages/airflow/example_dags/example_skip_dag.py
[2024-03-19T09:44:46.724+0000] {logging_mixin.py:188} INFO - [2024-03-19T09:44:46.723+0000] {dag.py:3047} INFO - Sync 1 DAGs
[2024-03-19T09:44:46.748+0000] {logging_mixin.py:188} INFO - [2024-03-19T09:44:46.748+0000] {dag.py:3834} INFO - Setting next_dagrun for example_skip_dag to 2024-03-18 00:00:00+00:00, run_after=2024-03-19 00:00:00+00:00
[2024-03-19T09:44:46.771+0000] {processor.py:183} INFO - Processing /home/airflow/.local/lib/python3.8/site-packages/airflow/example_dags/example_skip_dag.py took 0.089 seconds
[2024-03-19T09:45:19.972+0000] {processor.py:161} INFO - Started process (PID=22879) to work on /home/airflow/.local/lib/python3.8/site-packages/airflow/example_dags/example_skip_dag.py
[2024-03-19T09:45:19.978+0000] {processor.py:830} INFO - Processing file /home/airflow/.local/lib/python3.8/site-packages/airflow/example_dags/example_skip_dag.py for tasks to queue
[2024-03-19T09:45:19.981+0000] {logging_mixin.py:188} INFO - [2024-03-19T09:45:19.980+0000] {dagbag.py:540} INFO - Filling up the DagBag from /home/airflow/.local/lib/python3.8/site-packages/airflow/example_dags/example_skip_dag.py
[2024-03-19T09:45:20.024+0000] {processor.py:840} INFO - DAG(s) 'example_skip_dag' retrieved from /home/airflow/.local/lib/python3.8/site-packages/airflow/example_dags/example_skip_dag.py
[2024-03-19T09:45:20.161+0000] {logging_mixin.py:188} INFO - [2024-03-19T09:45:20.160+0000] {dag.py:3047} INFO - Sync 1 DAGs
[2024-03-19T09:45:20.346+0000] {logging_mixin.py:188} INFO - [2024-03-19T09:45:20.345+0000] {dag.py:3834} INFO - Setting next_dagrun for example_skip_dag to 2024-03-18 00:00:00+00:00, run_after=2024-03-19 00:00:00+00:00
[2024-03-19T09:45:20.486+0000] {processor.py:183} INFO - Processing /home/airflow/.local/lib/python3.8/site-packages/airflow/example_dags/example_skip_dag.py took 0.532 seconds
[2024-03-19T09:45:53.566+0000] {processor.py:161} INFO - Started process (PID=22933) to work on /home/airflow/.local/lib/python3.8/site-packages/airflow/example_dags/example_skip_dag.py
[2024-03-19T09:45:53.578+0000] {processor.py:830} INFO - Processing file /home/airflow/.local/lib/python3.8/site-packages/airflow/example_dags/example_skip_dag.py for tasks to queue
[2024-03-19T09:45:53.583+0000] {logging_mixin.py:188} INFO - [2024-03-19T09:45:53.582+0000] {dagbag.py:540} INFO - Filling up the DagBag from /home/airflow/.local/lib/python3.8/site-packages/airflow/example_dags/example_skip_dag.py
[2024-03-19T09:45:53.612+0000] {processor.py:840} INFO - DAG(s) 'example_skip_dag' retrieved from /home/airflow/.local/lib/python3.8/site-packages/airflow/example_dags/example_skip_dag.py
[2024-03-19T09:45:53.730+0000] {logging_mixin.py:188} INFO - [2024-03-19T09:45:53.729+0000] {dag.py:3047} INFO - Sync 1 DAGs
[2024-03-19T09:45:53.846+0000] {logging_mixin.py:188} INFO - [2024-03-19T09:45:53.845+0000] {dag.py:3834} INFO - Setting next_dagrun for example_skip_dag to 2024-03-18 00:00:00+00:00, run_after=2024-03-19 00:00:00+00:00
[2024-03-19T09:45:53.965+0000] {processor.py:183} INFO - Processing /home/airflow/.local/lib/python3.8/site-packages/airflow/example_dags/example_skip_dag.py took 0.408 seconds
[2024-03-19T09:46:24.174+0000] {processor.py:161} INFO - Started process (PID=22987) to work on /home/airflow/.local/lib/python3.8/site-packages/airflow/example_dags/example_skip_dag.py
[2024-03-19T09:46:24.176+0000] {processor.py:830} INFO - Processing file /home/airflow/.local/lib/python3.8/site-packages/airflow/example_dags/example_skip_dag.py for tasks to queue
[2024-03-19T09:46:24.179+0000] {logging_mixin.py:188} INFO - [2024-03-19T09:46:24.178+0000] {dagbag.py:540} INFO - Filling up the DagBag from /home/airflow/.local/lib/python3.8/site-packages/airflow/example_dags/example_skip_dag.py
[2024-03-19T09:46:24.190+0000] {processor.py:840} INFO - DAG(s) 'example_skip_dag' retrieved from /home/airflow/.local/lib/python3.8/site-packages/airflow/example_dags/example_skip_dag.py
[2024-03-19T09:46:24.227+0000] {logging_mixin.py:188} INFO - [2024-03-19T09:46:24.227+0000] {dag.py:3047} INFO - Sync 1 DAGs
[2024-03-19T09:46:24.264+0000] {logging_mixin.py:188} INFO - [2024-03-19T09:46:24.263+0000] {dag.py:3834} INFO - Setting next_dagrun for example_skip_dag to 2024-03-18 00:00:00+00:00, run_after=2024-03-19 00:00:00+00:00
[2024-03-19T09:46:24.294+0000] {processor.py:183} INFO - Processing /home/airflow/.local/lib/python3.8/site-packages/airflow/example_dags/example_skip_dag.py took 0.126 seconds
[2024-03-19T09:46:54.817+0000] {processor.py:161} INFO - Started process (PID=23042) to work on /home/airflow/.local/lib/python3.8/site-packages/airflow/example_dags/example_skip_dag.py
[2024-03-19T09:46:54.819+0000] {processor.py:830} INFO - Processing file /home/airflow/.local/lib/python3.8/site-packages/airflow/example_dags/example_skip_dag.py for tasks to queue
[2024-03-19T09:46:54.821+0000] {logging_mixin.py:188} INFO - [2024-03-19T09:46:54.821+0000] {dagbag.py:540} INFO - Filling up the DagBag from /home/airflow/.local/lib/python3.8/site-packages/airflow/example_dags/example_skip_dag.py
[2024-03-19T09:46:54.836+0000] {processor.py:840} INFO - DAG(s) 'example_skip_dag' retrieved from /home/airflow/.local/lib/python3.8/site-packages/airflow/example_dags/example_skip_dag.py
[2024-03-19T09:46:54.876+0000] {logging_mixin.py:188} INFO - [2024-03-19T09:46:54.876+0000] {dag.py:3047} INFO - Sync 1 DAGs
[2024-03-19T09:46:54.910+0000] {logging_mixin.py:188} INFO - [2024-03-19T09:46:54.909+0000] {dag.py:3834} INFO - Setting next_dagrun for example_skip_dag to 2024-03-18 00:00:00+00:00, run_after=2024-03-19 00:00:00+00:00
[2024-03-19T09:46:54.941+0000] {processor.py:183} INFO - Processing /home/airflow/.local/lib/python3.8/site-packages/airflow/example_dags/example_skip_dag.py took 0.130 seconds
[2024-03-19T09:47:26.168+0000] {processor.py:161} INFO - Started process (PID=23093) to work on /home/airflow/.local/lib/python3.8/site-packages/airflow/example_dags/example_skip_dag.py
[2024-03-19T09:47:26.171+0000] {processor.py:830} INFO - Processing file /home/airflow/.local/lib/python3.8/site-packages/airflow/example_dags/example_skip_dag.py for tasks to queue
[2024-03-19T09:47:26.173+0000] {logging_mixin.py:188} INFO - [2024-03-19T09:47:26.173+0000] {dagbag.py:540} INFO - Filling up the DagBag from /home/airflow/.local/lib/python3.8/site-packages/airflow/example_dags/example_skip_dag.py
[2024-03-19T09:47:26.185+0000] {processor.py:840} INFO - DAG(s) 'example_skip_dag' retrieved from /home/airflow/.local/lib/python3.8/site-packages/airflow/example_dags/example_skip_dag.py
[2024-03-19T09:47:26.225+0000] {logging_mixin.py:188} INFO - [2024-03-19T09:47:26.225+0000] {dag.py:3047} INFO - Sync 1 DAGs
[2024-03-19T09:47:26.264+0000] {logging_mixin.py:188} INFO - [2024-03-19T09:47:26.264+0000] {dag.py:3834} INFO - Setting next_dagrun for example_skip_dag to 2024-03-18 00:00:00+00:00, run_after=2024-03-19 00:00:00+00:00
[2024-03-19T09:47:26.298+0000] {processor.py:183} INFO - Processing /home/airflow/.local/lib/python3.8/site-packages/airflow/example_dags/example_skip_dag.py took 0.136 seconds
[2024-03-19T09:47:56.627+0000] {processor.py:161} INFO - Started process (PID=23146) to work on /home/airflow/.local/lib/python3.8/site-packages/airflow/example_dags/example_skip_dag.py
[2024-03-19T09:47:56.629+0000] {processor.py:830} INFO - Processing file /home/airflow/.local/lib/python3.8/site-packages/airflow/example_dags/example_skip_dag.py for tasks to queue
[2024-03-19T09:47:56.632+0000] {logging_mixin.py:188} INFO - [2024-03-19T09:47:56.631+0000] {dagbag.py:540} INFO - Filling up the DagBag from /home/airflow/.local/lib/python3.8/site-packages/airflow/example_dags/example_skip_dag.py
[2024-03-19T09:47:56.647+0000] {processor.py:840} INFO - DAG(s) 'example_skip_dag' retrieved from /home/airflow/.local/lib/python3.8/site-packages/airflow/example_dags/example_skip_dag.py
[2024-03-19T09:47:56.695+0000] {logging_mixin.py:188} INFO - [2024-03-19T09:47:56.695+0000] {dag.py:3047} INFO - Sync 1 DAGs
[2024-03-19T09:47:56.734+0000] {logging_mixin.py:188} INFO - [2024-03-19T09:47:56.733+0000] {dag.py:3834} INFO - Setting next_dagrun for example_skip_dag to 2024-03-18 00:00:00+00:00, run_after=2024-03-19 00:00:00+00:00
[2024-03-19T09:47:56.768+0000] {processor.py:183} INFO - Processing /home/airflow/.local/lib/python3.8/site-packages/airflow/example_dags/example_skip_dag.py took 0.150 seconds
[2024-03-19T09:48:26.886+0000] {processor.py:161} INFO - Started process (PID=23200) to work on /home/airflow/.local/lib/python3.8/site-packages/airflow/example_dags/example_skip_dag.py
[2024-03-19T09:48:26.888+0000] {processor.py:830} INFO - Processing file /home/airflow/.local/lib/python3.8/site-packages/airflow/example_dags/example_skip_dag.py for tasks to queue
[2024-03-19T09:48:26.889+0000] {logging_mixin.py:188} INFO - [2024-03-19T09:48:26.889+0000] {dagbag.py:540} INFO - Filling up the DagBag from /home/airflow/.local/lib/python3.8/site-packages/airflow/example_dags/example_skip_dag.py
[2024-03-19T09:48:26.898+0000] {processor.py:840} INFO - DAG(s) 'example_skip_dag' retrieved from /home/airflow/.local/lib/python3.8/site-packages/airflow/example_dags/example_skip_dag.py
[2024-03-19T09:48:26.925+0000] {logging_mixin.py:188} INFO - [2024-03-19T09:48:26.925+0000] {dag.py:3047} INFO - Sync 1 DAGs
[2024-03-19T09:48:26.956+0000] {logging_mixin.py:188} INFO - [2024-03-19T09:48:26.956+0000] {dag.py:3834} INFO - Setting next_dagrun for example_skip_dag to 2024-03-18 00:00:00+00:00, run_after=2024-03-19 00:00:00+00:00
[2024-03-19T09:48:26.980+0000] {processor.py:183} INFO - Processing /home/airflow/.local/lib/python3.8/site-packages/airflow/example_dags/example_skip_dag.py took 0.099 seconds
[2024-03-19T09:48:59.255+0000] {processor.py:161} INFO - Started process (PID=23250) to work on /home/airflow/.local/lib/python3.8/site-packages/airflow/example_dags/example_skip_dag.py
[2024-03-19T09:48:59.272+0000] {processor.py:830} INFO - Processing file /home/airflow/.local/lib/python3.8/site-packages/airflow/example_dags/example_skip_dag.py for tasks to queue
[2024-03-19T09:48:59.285+0000] {logging_mixin.py:188} INFO - [2024-03-19T09:48:59.284+0000] {dagbag.py:540} INFO - Filling up the DagBag from /home/airflow/.local/lib/python3.8/site-packages/airflow/example_dags/example_skip_dag.py
[2024-03-19T09:48:59.335+0000] {processor.py:840} INFO - DAG(s) 'example_skip_dag' retrieved from /home/airflow/.local/lib/python3.8/site-packages/airflow/example_dags/example_skip_dag.py
[2024-03-19T09:48:59.476+0000] {logging_mixin.py:188} INFO - [2024-03-19T09:48:59.466+0000] {dag.py:3047} INFO - Sync 1 DAGs
[2024-03-19T09:48:59.574+0000] {logging_mixin.py:188} INFO - [2024-03-19T09:48:59.574+0000] {dag.py:3834} INFO - Setting next_dagrun for example_skip_dag to 2024-03-18 00:00:00+00:00, run_after=2024-03-19 00:00:00+00:00
[2024-03-19T09:48:59.758+0000] {processor.py:183} INFO - Processing /home/airflow/.local/lib/python3.8/site-packages/airflow/example_dags/example_skip_dag.py took 0.511 seconds
[2024-03-19T09:49:30.033+0000] {processor.py:161} INFO - Started process (PID=23305) to work on /home/airflow/.local/lib/python3.8/site-packages/airflow/example_dags/example_skip_dag.py
[2024-03-19T09:49:30.034+0000] {processor.py:830} INFO - Processing file /home/airflow/.local/lib/python3.8/site-packages/airflow/example_dags/example_skip_dag.py for tasks to queue
[2024-03-19T09:49:30.036+0000] {logging_mixin.py:188} INFO - [2024-03-19T09:49:30.035+0000] {dagbag.py:540} INFO - Filling up the DagBag from /home/airflow/.local/lib/python3.8/site-packages/airflow/example_dags/example_skip_dag.py
[2024-03-19T09:49:30.044+0000] {processor.py:840} INFO - DAG(s) 'example_skip_dag' retrieved from /home/airflow/.local/lib/python3.8/site-packages/airflow/example_dags/example_skip_dag.py
[2024-03-19T09:49:30.073+0000] {logging_mixin.py:188} INFO - [2024-03-19T09:49:30.072+0000] {dag.py:3047} INFO - Sync 1 DAGs
[2024-03-19T09:49:30.098+0000] {logging_mixin.py:188} INFO - [2024-03-19T09:49:30.098+0000] {dag.py:3834} INFO - Setting next_dagrun for example_skip_dag to 2024-03-18 00:00:00+00:00, run_after=2024-03-19 00:00:00+00:00
[2024-03-19T09:49:30.123+0000] {processor.py:183} INFO - Processing /home/airflow/.local/lib/python3.8/site-packages/airflow/example_dags/example_skip_dag.py took 0.094 seconds
[2024-03-19T09:50:00.952+0000] {processor.py:161} INFO - Started process (PID=23358) to work on /home/airflow/.local/lib/python3.8/site-packages/airflow/example_dags/example_skip_dag.py
[2024-03-19T09:50:00.960+0000] {processor.py:830} INFO - Processing file /home/airflow/.local/lib/python3.8/site-packages/airflow/example_dags/example_skip_dag.py for tasks to queue
[2024-03-19T09:50:00.963+0000] {logging_mixin.py:188} INFO - [2024-03-19T09:50:00.962+0000] {dagbag.py:540} INFO - Filling up the DagBag from /home/airflow/.local/lib/python3.8/site-packages/airflow/example_dags/example_skip_dag.py
[2024-03-19T09:50:00.996+0000] {processor.py:840} INFO - DAG(s) 'example_skip_dag' retrieved from /home/airflow/.local/lib/python3.8/site-packages/airflow/example_dags/example_skip_dag.py
[2024-03-19T09:50:01.080+0000] {logging_mixin.py:188} INFO - [2024-03-19T09:50:01.079+0000] {dag.py:3047} INFO - Sync 1 DAGs
[2024-03-19T09:50:01.137+0000] {logging_mixin.py:188} INFO - [2024-03-19T09:50:01.137+0000] {dag.py:3834} INFO - Setting next_dagrun for example_skip_dag to 2024-03-18 00:00:00+00:00, run_after=2024-03-19 00:00:00+00:00
[2024-03-19T09:50:01.178+0000] {processor.py:183} INFO - Processing /home/airflow/.local/lib/python3.8/site-packages/airflow/example_dags/example_skip_dag.py took 0.244 seconds
[2024-03-19T09:50:31.958+0000] {processor.py:161} INFO - Started process (PID=23413) to work on /home/airflow/.local/lib/python3.8/site-packages/airflow/example_dags/example_skip_dag.py
[2024-03-19T09:50:31.977+0000] {processor.py:830} INFO - Processing file /home/airflow/.local/lib/python3.8/site-packages/airflow/example_dags/example_skip_dag.py for tasks to queue
[2024-03-19T09:50:31.980+0000] {logging_mixin.py:188} INFO - [2024-03-19T09:50:31.979+0000] {dagbag.py:540} INFO - Filling up the DagBag from /home/airflow/.local/lib/python3.8/site-packages/airflow/example_dags/example_skip_dag.py
[2024-03-19T09:50:32.001+0000] {processor.py:840} INFO - DAG(s) 'example_skip_dag' retrieved from /home/airflow/.local/lib/python3.8/site-packages/airflow/example_dags/example_skip_dag.py
[2024-03-19T09:50:32.064+0000] {logging_mixin.py:188} INFO - [2024-03-19T09:50:32.064+0000] {dag.py:3047} INFO - Sync 1 DAGs
[2024-03-19T09:50:32.125+0000] {logging_mixin.py:188} INFO - [2024-03-19T09:50:32.125+0000] {dag.py:3834} INFO - Setting next_dagrun for example_skip_dag to 2024-03-18 00:00:00+00:00, run_after=2024-03-19 00:00:00+00:00
[2024-03-19T09:50:32.184+0000] {processor.py:183} INFO - Processing /home/airflow/.local/lib/python3.8/site-packages/airflow/example_dags/example_skip_dag.py took 0.234 seconds
[2024-03-19T09:51:05.078+0000] {processor.py:161} INFO - Started process (PID=23463) to work on /home/airflow/.local/lib/python3.8/site-packages/airflow/example_dags/example_skip_dag.py
[2024-03-19T09:51:05.082+0000] {processor.py:830} INFO - Processing file /home/airflow/.local/lib/python3.8/site-packages/airflow/example_dags/example_skip_dag.py for tasks to queue
[2024-03-19T09:51:05.090+0000] {logging_mixin.py:188} INFO - [2024-03-19T09:51:05.089+0000] {dagbag.py:540} INFO - Filling up the DagBag from /home/airflow/.local/lib/python3.8/site-packages/airflow/example_dags/example_skip_dag.py
[2024-03-19T09:51:05.114+0000] {processor.py:840} INFO - DAG(s) 'example_skip_dag' retrieved from /home/airflow/.local/lib/python3.8/site-packages/airflow/example_dags/example_skip_dag.py
[2024-03-19T09:51:05.202+0000] {logging_mixin.py:188} INFO - [2024-03-19T09:51:05.201+0000] {dag.py:3047} INFO - Sync 1 DAGs
[2024-03-19T09:51:05.276+0000] {logging_mixin.py:188} INFO - [2024-03-19T09:51:05.276+0000] {dag.py:3834} INFO - Setting next_dagrun for example_skip_dag to 2024-03-18 00:00:00+00:00, run_after=2024-03-19 00:00:00+00:00
[2024-03-19T09:51:05.372+0000] {processor.py:183} INFO - Processing /home/airflow/.local/lib/python3.8/site-packages/airflow/example_dags/example_skip_dag.py took 0.309 seconds
[2024-03-19T09:51:35.506+0000] {processor.py:161} INFO - Started process (PID=23518) to work on /home/airflow/.local/lib/python3.8/site-packages/airflow/example_dags/example_skip_dag.py
[2024-03-19T09:51:35.508+0000] {processor.py:830} INFO - Processing file /home/airflow/.local/lib/python3.8/site-packages/airflow/example_dags/example_skip_dag.py for tasks to queue
[2024-03-19T09:51:35.510+0000] {logging_mixin.py:188} INFO - [2024-03-19T09:51:35.509+0000] {dagbag.py:540} INFO - Filling up the DagBag from /home/airflow/.local/lib/python3.8/site-packages/airflow/example_dags/example_skip_dag.py
[2024-03-19T09:51:35.522+0000] {processor.py:840} INFO - DAG(s) 'example_skip_dag' retrieved from /home/airflow/.local/lib/python3.8/site-packages/airflow/example_dags/example_skip_dag.py
[2024-03-19T09:51:35.560+0000] {logging_mixin.py:188} INFO - [2024-03-19T09:51:35.560+0000] {dag.py:3047} INFO - Sync 1 DAGs
[2024-03-19T09:51:35.600+0000] {logging_mixin.py:188} INFO - [2024-03-19T09:51:35.599+0000] {dag.py:3834} INFO - Setting next_dagrun for example_skip_dag to 2024-03-18 00:00:00+00:00, run_after=2024-03-19 00:00:00+00:00
[2024-03-19T09:51:35.634+0000] {processor.py:183} INFO - Processing /home/airflow/.local/lib/python3.8/site-packages/airflow/example_dags/example_skip_dag.py took 0.133 seconds
[2024-03-19T09:52:06.032+0000] {processor.py:161} INFO - Started process (PID=23570) to work on /home/airflow/.local/lib/python3.8/site-packages/airflow/example_dags/example_skip_dag.py
[2024-03-19T09:52:06.034+0000] {processor.py:830} INFO - Processing file /home/airflow/.local/lib/python3.8/site-packages/airflow/example_dags/example_skip_dag.py for tasks to queue
[2024-03-19T09:52:06.037+0000] {logging_mixin.py:188} INFO - [2024-03-19T09:52:06.036+0000] {dagbag.py:540} INFO - Filling up the DagBag from /home/airflow/.local/lib/python3.8/site-packages/airflow/example_dags/example_skip_dag.py
[2024-03-19T09:52:06.048+0000] {processor.py:840} INFO - DAG(s) 'example_skip_dag' retrieved from /home/airflow/.local/lib/python3.8/site-packages/airflow/example_dags/example_skip_dag.py
[2024-03-19T09:52:06.094+0000] {logging_mixin.py:188} INFO - [2024-03-19T09:52:06.093+0000] {dag.py:3047} INFO - Sync 1 DAGs
[2024-03-19T09:52:06.134+0000] {logging_mixin.py:188} INFO - [2024-03-19T09:52:06.133+0000] {dag.py:3834} INFO - Setting next_dagrun for example_skip_dag to 2024-03-18 00:00:00+00:00, run_after=2024-03-19 00:00:00+00:00
[2024-03-19T09:52:06.169+0000] {processor.py:183} INFO - Processing /home/airflow/.local/lib/python3.8/site-packages/airflow/example_dags/example_skip_dag.py took 0.142 seconds
[2024-03-19T09:52:37.124+0000] {processor.py:161} INFO - Started process (PID=23625) to work on /home/airflow/.local/lib/python3.8/site-packages/airflow/example_dags/example_skip_dag.py
[2024-03-19T09:52:37.127+0000] {processor.py:830} INFO - Processing file /home/airflow/.local/lib/python3.8/site-packages/airflow/example_dags/example_skip_dag.py for tasks to queue
[2024-03-19T09:52:37.129+0000] {logging_mixin.py:188} INFO - [2024-03-19T09:52:37.129+0000] {dagbag.py:540} INFO - Filling up the DagBag from /home/airflow/.local/lib/python3.8/site-packages/airflow/example_dags/example_skip_dag.py
[2024-03-19T09:52:37.145+0000] {processor.py:840} INFO - DAG(s) 'example_skip_dag' retrieved from /home/airflow/.local/lib/python3.8/site-packages/airflow/example_dags/example_skip_dag.py
[2024-03-19T09:52:37.227+0000] {logging_mixin.py:188} INFO - [2024-03-19T09:52:37.226+0000] {dag.py:3047} INFO - Sync 1 DAGs
[2024-03-19T09:52:37.323+0000] {logging_mixin.py:188} INFO - [2024-03-19T09:52:37.322+0000] {dag.py:3834} INFO - Setting next_dagrun for example_skip_dag to 2024-03-18 00:00:00+00:00, run_after=2024-03-19 00:00:00+00:00
[2024-03-19T09:52:37.446+0000] {processor.py:183} INFO - Processing /home/airflow/.local/lib/python3.8/site-packages/airflow/example_dags/example_skip_dag.py took 0.330 seconds
[2024-03-19T09:53:08.241+0000] {processor.py:161} INFO - Started process (PID=23680) to work on /home/airflow/.local/lib/python3.8/site-packages/airflow/example_dags/example_skip_dag.py
[2024-03-19T09:53:08.243+0000] {processor.py:830} INFO - Processing file /home/airflow/.local/lib/python3.8/site-packages/airflow/example_dags/example_skip_dag.py for tasks to queue
[2024-03-19T09:53:08.245+0000] {logging_mixin.py:188} INFO - [2024-03-19T09:53:08.245+0000] {dagbag.py:540} INFO - Filling up the DagBag from /home/airflow/.local/lib/python3.8/site-packages/airflow/example_dags/example_skip_dag.py
[2024-03-19T09:53:08.257+0000] {processor.py:840} INFO - DAG(s) 'example_skip_dag' retrieved from /home/airflow/.local/lib/python3.8/site-packages/airflow/example_dags/example_skip_dag.py
[2024-03-19T09:53:08.291+0000] {logging_mixin.py:188} INFO - [2024-03-19T09:53:08.291+0000] {dag.py:3047} INFO - Sync 1 DAGs
[2024-03-19T09:53:08.325+0000] {logging_mixin.py:188} INFO - [2024-03-19T09:53:08.325+0000] {dag.py:3834} INFO - Setting next_dagrun for example_skip_dag to 2024-03-18 00:00:00+00:00, run_after=2024-03-19 00:00:00+00:00
[2024-03-19T09:53:08.352+0000] {processor.py:183} INFO - Processing /home/airflow/.local/lib/python3.8/site-packages/airflow/example_dags/example_skip_dag.py took 0.116 seconds
[2024-03-19T09:53:38.423+0000] {processor.py:161} INFO - Started process (PID=23735) to work on /home/airflow/.local/lib/python3.8/site-packages/airflow/example_dags/example_skip_dag.py
[2024-03-19T09:53:38.427+0000] {processor.py:830} INFO - Processing file /home/airflow/.local/lib/python3.8/site-packages/airflow/example_dags/example_skip_dag.py for tasks to queue
[2024-03-19T09:53:38.428+0000] {logging_mixin.py:188} INFO - [2024-03-19T09:53:38.428+0000] {dagbag.py:540} INFO - Filling up the DagBag from /home/airflow/.local/lib/python3.8/site-packages/airflow/example_dags/example_skip_dag.py
[2024-03-19T09:53:38.437+0000] {processor.py:840} INFO - DAG(s) 'example_skip_dag' retrieved from /home/airflow/.local/lib/python3.8/site-packages/airflow/example_dags/example_skip_dag.py
[2024-03-19T09:53:38.479+0000] {logging_mixin.py:188} INFO - [2024-03-19T09:53:38.479+0000] {dag.py:3047} INFO - Sync 1 DAGs
[2024-03-19T09:53:38.509+0000] {logging_mixin.py:188} INFO - [2024-03-19T09:53:38.508+0000] {dag.py:3834} INFO - Setting next_dagrun for example_skip_dag to 2024-03-18 00:00:00+00:00, run_after=2024-03-19 00:00:00+00:00
[2024-03-19T09:53:38.532+0000] {processor.py:183} INFO - Processing /home/airflow/.local/lib/python3.8/site-packages/airflow/example_dags/example_skip_dag.py took 0.115 seconds
[2024-03-19T09:54:08.699+0000] {processor.py:161} INFO - Started process (PID=23791) to work on /home/airflow/.local/lib/python3.8/site-packages/airflow/example_dags/example_skip_dag.py
[2024-03-19T09:54:08.701+0000] {processor.py:830} INFO - Processing file /home/airflow/.local/lib/python3.8/site-packages/airflow/example_dags/example_skip_dag.py for tasks to queue
[2024-03-19T09:54:08.702+0000] {logging_mixin.py:188} INFO - [2024-03-19T09:54:08.702+0000] {dagbag.py:540} INFO - Filling up the DagBag from /home/airflow/.local/lib/python3.8/site-packages/airflow/example_dags/example_skip_dag.py
[2024-03-19T09:54:08.712+0000] {processor.py:840} INFO - DAG(s) 'example_skip_dag' retrieved from /home/airflow/.local/lib/python3.8/site-packages/airflow/example_dags/example_skip_dag.py
[2024-03-19T09:54:08.742+0000] {logging_mixin.py:188} INFO - [2024-03-19T09:54:08.741+0000] {dag.py:3047} INFO - Sync 1 DAGs
[2024-03-19T09:54:08.774+0000] {logging_mixin.py:188} INFO - [2024-03-19T09:54:08.773+0000] {dag.py:3834} INFO - Setting next_dagrun for example_skip_dag to 2024-03-18 00:00:00+00:00, run_after=2024-03-19 00:00:00+00:00
[2024-03-19T09:54:08.799+0000] {processor.py:183} INFO - Processing /home/airflow/.local/lib/python3.8/site-packages/airflow/example_dags/example_skip_dag.py took 0.105 seconds
[2024-03-19T09:54:38.929+0000] {processor.py:161} INFO - Started process (PID=23846) to work on /home/airflow/.local/lib/python3.8/site-packages/airflow/example_dags/example_skip_dag.py
[2024-03-19T09:54:38.931+0000] {processor.py:830} INFO - Processing file /home/airflow/.local/lib/python3.8/site-packages/airflow/example_dags/example_skip_dag.py for tasks to queue
[2024-03-19T09:54:38.932+0000] {logging_mixin.py:188} INFO - [2024-03-19T09:54:38.932+0000] {dagbag.py:540} INFO - Filling up the DagBag from /home/airflow/.local/lib/python3.8/site-packages/airflow/example_dags/example_skip_dag.py
[2024-03-19T09:54:38.939+0000] {processor.py:840} INFO - DAG(s) 'example_skip_dag' retrieved from /home/airflow/.local/lib/python3.8/site-packages/airflow/example_dags/example_skip_dag.py
[2024-03-19T09:54:38.968+0000] {logging_mixin.py:188} INFO - [2024-03-19T09:54:38.967+0000] {dag.py:3047} INFO - Sync 1 DAGs
[2024-03-19T09:54:38.992+0000] {logging_mixin.py:188} INFO - [2024-03-19T09:54:38.992+0000] {dag.py:3834} INFO - Setting next_dagrun for example_skip_dag to 2024-03-18 00:00:00+00:00, run_after=2024-03-19 00:00:00+00:00
[2024-03-19T09:54:39.016+0000] {processor.py:183} INFO - Processing /home/airflow/.local/lib/python3.8/site-packages/airflow/example_dags/example_skip_dag.py took 0.091 seconds
[2024-03-19T09:55:09.437+0000] {processor.py:161} INFO - Started process (PID=23901) to work on /home/airflow/.local/lib/python3.8/site-packages/airflow/example_dags/example_skip_dag.py
[2024-03-19T09:55:09.439+0000] {processor.py:830} INFO - Processing file /home/airflow/.local/lib/python3.8/site-packages/airflow/example_dags/example_skip_dag.py for tasks to queue
[2024-03-19T09:55:09.441+0000] {logging_mixin.py:188} INFO - [2024-03-19T09:55:09.441+0000] {dagbag.py:540} INFO - Filling up the DagBag from /home/airflow/.local/lib/python3.8/site-packages/airflow/example_dags/example_skip_dag.py
[2024-03-19T09:55:09.449+0000] {processor.py:840} INFO - DAG(s) 'example_skip_dag' retrieved from /home/airflow/.local/lib/python3.8/site-packages/airflow/example_dags/example_skip_dag.py
[2024-03-19T09:55:09.476+0000] {logging_mixin.py:188} INFO - [2024-03-19T09:55:09.476+0000] {dag.py:3047} INFO - Sync 1 DAGs
[2024-03-19T09:55:09.503+0000] {logging_mixin.py:188} INFO - [2024-03-19T09:55:09.503+0000] {dag.py:3834} INFO - Setting next_dagrun for example_skip_dag to 2024-03-18 00:00:00+00:00, run_after=2024-03-19 00:00:00+00:00
[2024-03-19T09:55:09.531+0000] {processor.py:183} INFO - Processing /home/airflow/.local/lib/python3.8/site-packages/airflow/example_dags/example_skip_dag.py took 0.098 seconds
[2024-03-19T09:55:42.657+0000] {processor.py:161} INFO - Started process (PID=23956) to work on /home/airflow/.local/lib/python3.8/site-packages/airflow/example_dags/example_skip_dag.py
[2024-03-19T09:55:42.662+0000] {processor.py:830} INFO - Processing file /home/airflow/.local/lib/python3.8/site-packages/airflow/example_dags/example_skip_dag.py for tasks to queue
[2024-03-19T09:55:42.673+0000] {logging_mixin.py:188} INFO - [2024-03-19T09:55:42.664+0000] {dagbag.py:540} INFO - Filling up the DagBag from /home/airflow/.local/lib/python3.8/site-packages/airflow/example_dags/example_skip_dag.py
[2024-03-19T09:55:42.706+0000] {processor.py:840} INFO - DAG(s) 'example_skip_dag' retrieved from /home/airflow/.local/lib/python3.8/site-packages/airflow/example_dags/example_skip_dag.py
[2024-03-19T09:55:42.789+0000] {logging_mixin.py:188} INFO - [2024-03-19T09:55:42.788+0000] {dag.py:3047} INFO - Sync 1 DAGs
[2024-03-19T09:55:42.867+0000] {logging_mixin.py:188} INFO - [2024-03-19T09:55:42.866+0000] {dag.py:3834} INFO - Setting next_dagrun for example_skip_dag to 2024-03-18 00:00:00+00:00, run_after=2024-03-19 00:00:00+00:00
[2024-03-19T09:55:42.929+0000] {processor.py:183} INFO - Processing /home/airflow/.local/lib/python3.8/site-packages/airflow/example_dags/example_skip_dag.py took 0.288 seconds
[2024-03-19T09:56:13.054+0000] {processor.py:161} INFO - Started process (PID=24009) to work on /home/airflow/.local/lib/python3.8/site-packages/airflow/example_dags/example_skip_dag.py
[2024-03-19T09:56:13.057+0000] {processor.py:830} INFO - Processing file /home/airflow/.local/lib/python3.8/site-packages/airflow/example_dags/example_skip_dag.py for tasks to queue
[2024-03-19T09:56:13.058+0000] {logging_mixin.py:188} INFO - [2024-03-19T09:56:13.058+0000] {dagbag.py:540} INFO - Filling up the DagBag from /home/airflow/.local/lib/python3.8/site-packages/airflow/example_dags/example_skip_dag.py
[2024-03-19T09:56:13.066+0000] {processor.py:840} INFO - DAG(s) 'example_skip_dag' retrieved from /home/airflow/.local/lib/python3.8/site-packages/airflow/example_dags/example_skip_dag.py
[2024-03-19T09:56:13.094+0000] {logging_mixin.py:188} INFO - [2024-03-19T09:56:13.094+0000] {dag.py:3047} INFO - Sync 1 DAGs
[2024-03-19T09:56:13.124+0000] {logging_mixin.py:188} INFO - [2024-03-19T09:56:13.123+0000] {dag.py:3834} INFO - Setting next_dagrun for example_skip_dag to 2024-03-18 00:00:00+00:00, run_after=2024-03-19 00:00:00+00:00
[2024-03-19T09:56:13.150+0000] {processor.py:183} INFO - Processing /home/airflow/.local/lib/python3.8/site-packages/airflow/example_dags/example_skip_dag.py took 0.101 seconds
[2024-03-19T09:56:43.452+0000] {processor.py:161} INFO - Started process (PID=24064) to work on /home/airflow/.local/lib/python3.8/site-packages/airflow/example_dags/example_skip_dag.py
[2024-03-19T09:56:43.454+0000] {processor.py:830} INFO - Processing file /home/airflow/.local/lib/python3.8/site-packages/airflow/example_dags/example_skip_dag.py for tasks to queue
[2024-03-19T09:56:43.456+0000] {logging_mixin.py:188} INFO - [2024-03-19T09:56:43.456+0000] {dagbag.py:540} INFO - Filling up the DagBag from /home/airflow/.local/lib/python3.8/site-packages/airflow/example_dags/example_skip_dag.py
[2024-03-19T09:56:43.468+0000] {processor.py:840} INFO - DAG(s) 'example_skip_dag' retrieved from /home/airflow/.local/lib/python3.8/site-packages/airflow/example_dags/example_skip_dag.py
[2024-03-19T09:56:43.505+0000] {logging_mixin.py:188} INFO - [2024-03-19T09:56:43.505+0000] {dag.py:3047} INFO - Sync 1 DAGs
[2024-03-19T09:56:43.535+0000] {logging_mixin.py:188} INFO - [2024-03-19T09:56:43.534+0000] {dag.py:3834} INFO - Setting next_dagrun for example_skip_dag to 2024-03-18 00:00:00+00:00, run_after=2024-03-19 00:00:00+00:00
[2024-03-19T09:56:43.559+0000] {processor.py:183} INFO - Processing /home/airflow/.local/lib/python3.8/site-packages/airflow/example_dags/example_skip_dag.py took 0.112 seconds
[2024-03-19T09:57:13.761+0000] {processor.py:161} INFO - Started process (PID=24119) to work on /home/airflow/.local/lib/python3.8/site-packages/airflow/example_dags/example_skip_dag.py
[2024-03-19T09:57:13.764+0000] {processor.py:830} INFO - Processing file /home/airflow/.local/lib/python3.8/site-packages/airflow/example_dags/example_skip_dag.py for tasks to queue
[2024-03-19T09:57:13.767+0000] {logging_mixin.py:188} INFO - [2024-03-19T09:57:13.766+0000] {dagbag.py:540} INFO - Filling up the DagBag from /home/airflow/.local/lib/python3.8/site-packages/airflow/example_dags/example_skip_dag.py
[2024-03-19T09:57:13.781+0000] {processor.py:840} INFO - DAG(s) 'example_skip_dag' retrieved from /home/airflow/.local/lib/python3.8/site-packages/airflow/example_dags/example_skip_dag.py
[2024-03-19T09:57:13.842+0000] {logging_mixin.py:188} INFO - [2024-03-19T09:57:13.841+0000] {dag.py:3047} INFO - Sync 1 DAGs
[2024-03-19T09:57:13.956+0000] {logging_mixin.py:188} INFO - [2024-03-19T09:57:13.956+0000] {dag.py:3834} INFO - Setting next_dagrun for example_skip_dag to 2024-03-18 00:00:00+00:00, run_after=2024-03-19 00:00:00+00:00
[2024-03-19T09:57:14.123+0000] {processor.py:183} INFO - Processing /home/airflow/.local/lib/python3.8/site-packages/airflow/example_dags/example_skip_dag.py took 0.368 seconds
