[2024-03-19T09:44:20.801+0000] {processor.py:161} INFO - Started process (PID=22775) to work on /home/airflow/.local/lib/python3.8/site-packages/airflow/example_dags/example_setup_teardown.py
[2024-03-19T09:44:20.820+0000] {processor.py:830} INFO - Processing file /home/airflow/.local/lib/python3.8/site-packages/airflow/example_dags/example_setup_teardown.py for tasks to queue
[2024-03-19T09:44:20.855+0000] {logging_mixin.py:188} INFO - [2024-03-19T09:44:20.853+0000] {dagbag.py:540} INFO - Filling up the DagBag from /home/airflow/.local/lib/python3.8/site-packages/airflow/example_dags/example_setup_teardown.py
[2024-03-19T09:44:20.899+0000] {processor.py:840} INFO - DAG(s) 'example_setup_teardown' retrieved from /home/airflow/.local/lib/python3.8/site-packages/airflow/example_dags/example_setup_teardown.py
[2024-03-19T09:44:21.031+0000] {logging_mixin.py:188} INFO - [2024-03-19T09:44:21.030+0000] {dag.py:3047} INFO - Sync 1 DAGs
[2024-03-19T09:44:21.178+0000] {logging_mixin.py:188} INFO - [2024-03-19T09:44:21.177+0000] {dag.py:3834} INFO - Setting next_dagrun for example_setup_teardown to 2024-03-18 00:00:00+00:00, run_after=2024-03-19 00:00:00+00:00
[2024-03-19T09:44:21.308+0000] {processor.py:183} INFO - Processing /home/airflow/.local/lib/python3.8/site-packages/airflow/example_dags/example_setup_teardown.py took 0.522 seconds
[2024-03-19T09:44:52.090+0000] {processor.py:161} INFO - Started process (PID=22830) to work on /home/airflow/.local/lib/python3.8/site-packages/airflow/example_dags/example_setup_teardown.py
[2024-03-19T09:44:52.093+0000] {processor.py:830} INFO - Processing file /home/airflow/.local/lib/python3.8/site-packages/airflow/example_dags/example_setup_teardown.py for tasks to queue
[2024-03-19T09:44:52.094+0000] {logging_mixin.py:188} INFO - [2024-03-19T09:44:52.094+0000] {dagbag.py:540} INFO - Filling up the DagBag from /home/airflow/.local/lib/python3.8/site-packages/airflow/example_dags/example_setup_teardown.py
[2024-03-19T09:44:52.102+0000] {processor.py:840} INFO - DAG(s) 'example_setup_teardown' retrieved from /home/airflow/.local/lib/python3.8/site-packages/airflow/example_dags/example_setup_teardown.py
[2024-03-19T09:44:52.128+0000] {logging_mixin.py:188} INFO - [2024-03-19T09:44:52.127+0000] {dag.py:3047} INFO - Sync 1 DAGs
[2024-03-19T09:44:52.151+0000] {logging_mixin.py:188} INFO - [2024-03-19T09:44:52.151+0000] {dag.py:3834} INFO - Setting next_dagrun for example_setup_teardown to 2024-03-18 00:00:00+00:00, run_after=2024-03-19 00:00:00+00:00
[2024-03-19T09:44:52.174+0000] {processor.py:183} INFO - Processing /home/airflow/.local/lib/python3.8/site-packages/airflow/example_dags/example_setup_teardown.py took 0.087 seconds
[2024-03-19T09:45:24.110+0000] {processor.py:161} INFO - Started process (PID=22885) to work on /home/airflow/.local/lib/python3.8/site-packages/airflow/example_dags/example_setup_teardown.py
[2024-03-19T09:45:24.117+0000] {processor.py:830} INFO - Processing file /home/airflow/.local/lib/python3.8/site-packages/airflow/example_dags/example_setup_teardown.py for tasks to queue
[2024-03-19T09:45:24.128+0000] {logging_mixin.py:188} INFO - [2024-03-19T09:45:24.122+0000] {dagbag.py:540} INFO - Filling up the DagBag from /home/airflow/.local/lib/python3.8/site-packages/airflow/example_dags/example_setup_teardown.py
[2024-03-19T09:45:24.175+0000] {processor.py:840} INFO - DAG(s) 'example_setup_teardown' retrieved from /home/airflow/.local/lib/python3.8/site-packages/airflow/example_dags/example_setup_teardown.py
[2024-03-19T09:45:24.530+0000] {logging_mixin.py:188} INFO - [2024-03-19T09:45:24.529+0000] {dag.py:3047} INFO - Sync 1 DAGs
[2024-03-19T09:45:24.648+0000] {logging_mixin.py:188} INFO - [2024-03-19T09:45:24.647+0000] {dag.py:3834} INFO - Setting next_dagrun for example_setup_teardown to 2024-03-18 00:00:00+00:00, run_after=2024-03-19 00:00:00+00:00
[2024-03-19T09:45:24.825+0000] {processor.py:183} INFO - Processing /home/airflow/.local/lib/python3.8/site-packages/airflow/example_dags/example_setup_teardown.py took 0.734 seconds
[2024-03-19T09:46:03.730+0000] {processor.py:161} INFO - Started process (PID=22940) to work on /home/airflow/.local/lib/python3.8/site-packages/airflow/example_dags/example_setup_teardown.py
[2024-03-19T09:46:03.733+0000] {processor.py:830} INFO - Processing file /home/airflow/.local/lib/python3.8/site-packages/airflow/example_dags/example_setup_teardown.py for tasks to queue
[2024-03-19T09:46:03.737+0000] {logging_mixin.py:188} INFO - [2024-03-19T09:46:03.736+0000] {dagbag.py:540} INFO - Filling up the DagBag from /home/airflow/.local/lib/python3.8/site-packages/airflow/example_dags/example_setup_teardown.py
[2024-03-19T09:46:03.771+0000] {processor.py:840} INFO - DAG(s) 'example_setup_teardown' retrieved from /home/airflow/.local/lib/python3.8/site-packages/airflow/example_dags/example_setup_teardown.py
[2024-03-19T09:46:03.837+0000] {logging_mixin.py:188} INFO - [2024-03-19T09:46:03.836+0000] {dag.py:3047} INFO - Sync 1 DAGs
[2024-03-19T09:46:03.889+0000] {logging_mixin.py:188} INFO - [2024-03-19T09:46:03.889+0000] {dag.py:3834} INFO - Setting next_dagrun for example_setup_teardown to 2024-03-18 00:00:00+00:00, run_after=2024-03-19 00:00:00+00:00
[2024-03-19T09:46:03.945+0000] {processor.py:183} INFO - Processing /home/airflow/.local/lib/python3.8/site-packages/airflow/example_dags/example_setup_teardown.py took 0.232 seconds
[2024-03-19T09:46:34.844+0000] {processor.py:161} INFO - Started process (PID=22993) to work on /home/airflow/.local/lib/python3.8/site-packages/airflow/example_dags/example_setup_teardown.py
[2024-03-19T09:46:34.848+0000] {processor.py:830} INFO - Processing file /home/airflow/.local/lib/python3.8/site-packages/airflow/example_dags/example_setup_teardown.py for tasks to queue
[2024-03-19T09:46:34.850+0000] {logging_mixin.py:188} INFO - [2024-03-19T09:46:34.850+0000] {dagbag.py:540} INFO - Filling up the DagBag from /home/airflow/.local/lib/python3.8/site-packages/airflow/example_dags/example_setup_teardown.py
[2024-03-19T09:46:34.860+0000] {processor.py:840} INFO - DAG(s) 'example_setup_teardown' retrieved from /home/airflow/.local/lib/python3.8/site-packages/airflow/example_dags/example_setup_teardown.py
[2024-03-19T09:46:34.888+0000] {logging_mixin.py:188} INFO - [2024-03-19T09:46:34.888+0000] {dag.py:3047} INFO - Sync 1 DAGs
[2024-03-19T09:46:34.920+0000] {logging_mixin.py:188} INFO - [2024-03-19T09:46:34.920+0000] {dag.py:3834} INFO - Setting next_dagrun for example_setup_teardown to 2024-03-18 00:00:00+00:00, run_after=2024-03-19 00:00:00+00:00
[2024-03-19T09:46:34.992+0000] {processor.py:183} INFO - Processing /home/airflow/.local/lib/python3.8/site-packages/airflow/example_dags/example_setup_teardown.py took 0.155 seconds
[2024-03-19T09:47:05.663+0000] {processor.py:161} INFO - Started process (PID=23048) to work on /home/airflow/.local/lib/python3.8/site-packages/airflow/example_dags/example_setup_teardown.py
[2024-03-19T09:47:05.668+0000] {processor.py:830} INFO - Processing file /home/airflow/.local/lib/python3.8/site-packages/airflow/example_dags/example_setup_teardown.py for tasks to queue
[2024-03-19T09:47:05.676+0000] {logging_mixin.py:188} INFO - [2024-03-19T09:47:05.675+0000] {dagbag.py:540} INFO - Filling up the DagBag from /home/airflow/.local/lib/python3.8/site-packages/airflow/example_dags/example_setup_teardown.py
[2024-03-19T09:47:05.737+0000] {processor.py:840} INFO - DAG(s) 'example_setup_teardown' retrieved from /home/airflow/.local/lib/python3.8/site-packages/airflow/example_dags/example_setup_teardown.py
[2024-03-19T09:47:05.886+0000] {logging_mixin.py:188} INFO - [2024-03-19T09:47:05.886+0000] {dag.py:3047} INFO - Sync 1 DAGs
[2024-03-19T09:47:06.053+0000] {logging_mixin.py:188} INFO - [2024-03-19T09:47:06.052+0000] {dag.py:3834} INFO - Setting next_dagrun for example_setup_teardown to 2024-03-18 00:00:00+00:00, run_after=2024-03-19 00:00:00+00:00
[2024-03-19T09:47:06.231+0000] {processor.py:183} INFO - Processing /home/airflow/.local/lib/python3.8/site-packages/airflow/example_dags/example_setup_teardown.py took 0.575 seconds
[2024-03-19T09:47:37.055+0000] {processor.py:161} INFO - Started process (PID=23103) to work on /home/airflow/.local/lib/python3.8/site-packages/airflow/example_dags/example_setup_teardown.py
[2024-03-19T09:47:37.074+0000] {processor.py:830} INFO - Processing file /home/airflow/.local/lib/python3.8/site-packages/airflow/example_dags/example_setup_teardown.py for tasks to queue
[2024-03-19T09:47:37.102+0000] {logging_mixin.py:188} INFO - [2024-03-19T09:47:37.101+0000] {dagbag.py:540} INFO - Filling up the DagBag from /home/airflow/.local/lib/python3.8/site-packages/airflow/example_dags/example_setup_teardown.py
[2024-03-19T09:47:37.200+0000] {processor.py:840} INFO - DAG(s) 'example_setup_teardown' retrieved from /home/airflow/.local/lib/python3.8/site-packages/airflow/example_dags/example_setup_teardown.py
[2024-03-19T09:47:37.498+0000] {logging_mixin.py:188} INFO - [2024-03-19T09:47:37.497+0000] {dag.py:3047} INFO - Sync 1 DAGs
[2024-03-19T09:47:37.749+0000] {logging_mixin.py:188} INFO - [2024-03-19T09:47:37.748+0000] {dag.py:3834} INFO - Setting next_dagrun for example_setup_teardown to 2024-03-18 00:00:00+00:00, run_after=2024-03-19 00:00:00+00:00
[2024-03-19T09:47:37.970+0000] {processor.py:183} INFO - Processing /home/airflow/.local/lib/python3.8/site-packages/airflow/example_dags/example_setup_teardown.py took 0.923 seconds
[2024-03-19T09:48:08.785+0000] {processor.py:161} INFO - Started process (PID=23158) to work on /home/airflow/.local/lib/python3.8/site-packages/airflow/example_dags/example_setup_teardown.py
[2024-03-19T09:48:08.791+0000] {processor.py:830} INFO - Processing file /home/airflow/.local/lib/python3.8/site-packages/airflow/example_dags/example_setup_teardown.py for tasks to queue
[2024-03-19T09:48:08.792+0000] {logging_mixin.py:188} INFO - [2024-03-19T09:48:08.792+0000] {dagbag.py:540} INFO - Filling up the DagBag from /home/airflow/.local/lib/python3.8/site-packages/airflow/example_dags/example_setup_teardown.py
[2024-03-19T09:48:08.801+0000] {processor.py:840} INFO - DAG(s) 'example_setup_teardown' retrieved from /home/airflow/.local/lib/python3.8/site-packages/airflow/example_dags/example_setup_teardown.py
[2024-03-19T09:48:08.834+0000] {logging_mixin.py:188} INFO - [2024-03-19T09:48:08.834+0000] {dag.py:3047} INFO - Sync 1 DAGs
[2024-03-19T09:48:08.863+0000] {logging_mixin.py:188} INFO - [2024-03-19T09:48:08.863+0000] {dag.py:3834} INFO - Setting next_dagrun for example_setup_teardown to 2024-03-18 00:00:00+00:00, run_after=2024-03-19 00:00:00+00:00
[2024-03-19T09:48:08.913+0000] {processor.py:183} INFO - Processing /home/airflow/.local/lib/python3.8/site-packages/airflow/example_dags/example_setup_teardown.py took 0.134 seconds
[2024-03-19T09:48:39.085+0000] {processor.py:161} INFO - Started process (PID=23213) to work on /home/airflow/.local/lib/python3.8/site-packages/airflow/example_dags/example_setup_teardown.py
[2024-03-19T09:48:39.087+0000] {processor.py:830} INFO - Processing file /home/airflow/.local/lib/python3.8/site-packages/airflow/example_dags/example_setup_teardown.py for tasks to queue
[2024-03-19T09:48:39.089+0000] {logging_mixin.py:188} INFO - [2024-03-19T09:48:39.088+0000] {dagbag.py:540} INFO - Filling up the DagBag from /home/airflow/.local/lib/python3.8/site-packages/airflow/example_dags/example_setup_teardown.py
[2024-03-19T09:48:39.107+0000] {processor.py:840} INFO - DAG(s) 'example_setup_teardown' retrieved from /home/airflow/.local/lib/python3.8/site-packages/airflow/example_dags/example_setup_teardown.py
[2024-03-19T09:48:39.149+0000] {logging_mixin.py:188} INFO - [2024-03-19T09:48:39.149+0000] {dag.py:3047} INFO - Sync 1 DAGs
[2024-03-19T09:48:39.207+0000] {logging_mixin.py:188} INFO - [2024-03-19T09:48:39.206+0000] {dag.py:3834} INFO - Setting next_dagrun for example_setup_teardown to 2024-03-18 00:00:00+00:00, run_after=2024-03-19 00:00:00+00:00
[2024-03-19T09:48:39.283+0000] {processor.py:183} INFO - Processing /home/airflow/.local/lib/python3.8/site-packages/airflow/example_dags/example_setup_teardown.py took 0.216 seconds
[2024-03-19T09:49:09.455+0000] {processor.py:161} INFO - Started process (PID=23268) to work on /home/airflow/.local/lib/python3.8/site-packages/airflow/example_dags/example_setup_teardown.py
[2024-03-19T09:49:09.457+0000] {processor.py:830} INFO - Processing file /home/airflow/.local/lib/python3.8/site-packages/airflow/example_dags/example_setup_teardown.py for tasks to queue
[2024-03-19T09:49:09.458+0000] {logging_mixin.py:188} INFO - [2024-03-19T09:49:09.458+0000] {dagbag.py:540} INFO - Filling up the DagBag from /home/airflow/.local/lib/python3.8/site-packages/airflow/example_dags/example_setup_teardown.py
[2024-03-19T09:49:09.470+0000] {processor.py:840} INFO - DAG(s) 'example_setup_teardown' retrieved from /home/airflow/.local/lib/python3.8/site-packages/airflow/example_dags/example_setup_teardown.py
[2024-03-19T09:49:09.523+0000] {logging_mixin.py:188} INFO - [2024-03-19T09:49:09.522+0000] {dag.py:3047} INFO - Sync 1 DAGs
[2024-03-19T09:49:09.564+0000] {logging_mixin.py:188} INFO - [2024-03-19T09:49:09.564+0000] {dag.py:3834} INFO - Setting next_dagrun for example_setup_teardown to 2024-03-18 00:00:00+00:00, run_after=2024-03-19 00:00:00+00:00
[2024-03-19T09:49:09.596+0000] {processor.py:183} INFO - Processing /home/airflow/.local/lib/python3.8/site-packages/airflow/example_dags/example_setup_teardown.py took 0.146 seconds
[2024-03-19T09:49:39.720+0000] {processor.py:161} INFO - Started process (PID=23321) to work on /home/airflow/.local/lib/python3.8/site-packages/airflow/example_dags/example_setup_teardown.py
[2024-03-19T09:49:39.725+0000] {processor.py:830} INFO - Processing file /home/airflow/.local/lib/python3.8/site-packages/airflow/example_dags/example_setup_teardown.py for tasks to queue
[2024-03-19T09:49:39.727+0000] {logging_mixin.py:188} INFO - [2024-03-19T09:49:39.726+0000] {dagbag.py:540} INFO - Filling up the DagBag from /home/airflow/.local/lib/python3.8/site-packages/airflow/example_dags/example_setup_teardown.py
[2024-03-19T09:49:39.739+0000] {processor.py:840} INFO - DAG(s) 'example_setup_teardown' retrieved from /home/airflow/.local/lib/python3.8/site-packages/airflow/example_dags/example_setup_teardown.py
[2024-03-19T09:49:39.894+0000] {logging_mixin.py:188} INFO - [2024-03-19T09:49:39.893+0000] {dag.py:3047} INFO - Sync 1 DAGs
[2024-03-19T09:49:40.006+0000] {logging_mixin.py:188} INFO - [2024-03-19T09:49:40.003+0000] {dag.py:3834} INFO - Setting next_dagrun for example_setup_teardown to 2024-03-18 00:00:00+00:00, run_after=2024-03-19 00:00:00+00:00
[2024-03-19T09:49:40.095+0000] {processor.py:183} INFO - Processing /home/airflow/.local/lib/python3.8/site-packages/airflow/example_dags/example_setup_teardown.py took 0.381 seconds
[2024-03-19T09:50:10.842+0000] {processor.py:161} INFO - Started process (PID=23375) to work on /home/airflow/.local/lib/python3.8/site-packages/airflow/example_dags/example_setup_teardown.py
[2024-03-19T09:50:10.844+0000] {processor.py:830} INFO - Processing file /home/airflow/.local/lib/python3.8/site-packages/airflow/example_dags/example_setup_teardown.py for tasks to queue
[2024-03-19T09:50:10.846+0000] {logging_mixin.py:188} INFO - [2024-03-19T09:50:10.845+0000] {dagbag.py:540} INFO - Filling up the DagBag from /home/airflow/.local/lib/python3.8/site-packages/airflow/example_dags/example_setup_teardown.py
[2024-03-19T09:50:10.855+0000] {processor.py:840} INFO - DAG(s) 'example_setup_teardown' retrieved from /home/airflow/.local/lib/python3.8/site-packages/airflow/example_dags/example_setup_teardown.py
[2024-03-19T09:50:10.889+0000] {logging_mixin.py:188} INFO - [2024-03-19T09:50:10.889+0000] {dag.py:3047} INFO - Sync 1 DAGs
[2024-03-19T09:50:10.922+0000] {logging_mixin.py:188} INFO - [2024-03-19T09:50:10.921+0000] {dag.py:3834} INFO - Setting next_dagrun for example_setup_teardown to 2024-03-18 00:00:00+00:00, run_after=2024-03-19 00:00:00+00:00
[2024-03-19T09:50:10.951+0000] {processor.py:183} INFO - Processing /home/airflow/.local/lib/python3.8/site-packages/airflow/example_dags/example_setup_teardown.py took 0.116 seconds
[2024-03-19T09:50:41.936+0000] {processor.py:161} INFO - Started process (PID=23430) to work on /home/airflow/.local/lib/python3.8/site-packages/airflow/example_dags/example_setup_teardown.py
[2024-03-19T09:50:41.950+0000] {processor.py:830} INFO - Processing file /home/airflow/.local/lib/python3.8/site-packages/airflow/example_dags/example_setup_teardown.py for tasks to queue
[2024-03-19T09:50:41.961+0000] {logging_mixin.py:188} INFO - [2024-03-19T09:50:41.959+0000] {dagbag.py:540} INFO - Filling up the DagBag from /home/airflow/.local/lib/python3.8/site-packages/airflow/example_dags/example_setup_teardown.py
[2024-03-19T09:50:42.187+0000] {processor.py:840} INFO - DAG(s) 'example_setup_teardown' retrieved from /home/airflow/.local/lib/python3.8/site-packages/airflow/example_dags/example_setup_teardown.py
[2024-03-19T09:50:42.692+0000] {logging_mixin.py:188} INFO - [2024-03-19T09:50:42.691+0000] {dag.py:3047} INFO - Sync 1 DAGs
[2024-03-19T09:50:43.063+0000] {logging_mixin.py:188} INFO - [2024-03-19T09:50:43.062+0000] {dag.py:3834} INFO - Setting next_dagrun for example_setup_teardown to 2024-03-18 00:00:00+00:00, run_after=2024-03-19 00:00:00+00:00
[2024-03-19T09:50:43.376+0000] {processor.py:183} INFO - Processing /home/airflow/.local/lib/python3.8/site-packages/airflow/example_dags/example_setup_teardown.py took 1.474 seconds
[2024-03-19T09:51:14.405+0000] {processor.py:161} INFO - Started process (PID=23486) to work on /home/airflow/.local/lib/python3.8/site-packages/airflow/example_dags/example_setup_teardown.py
[2024-03-19T09:51:14.407+0000] {processor.py:830} INFO - Processing file /home/airflow/.local/lib/python3.8/site-packages/airflow/example_dags/example_setup_teardown.py for tasks to queue
[2024-03-19T09:51:14.410+0000] {logging_mixin.py:188} INFO - [2024-03-19T09:51:14.409+0000] {dagbag.py:540} INFO - Filling up the DagBag from /home/airflow/.local/lib/python3.8/site-packages/airflow/example_dags/example_setup_teardown.py
[2024-03-19T09:51:14.426+0000] {processor.py:840} INFO - DAG(s) 'example_setup_teardown' retrieved from /home/airflow/.local/lib/python3.8/site-packages/airflow/example_dags/example_setup_teardown.py
[2024-03-19T09:51:14.469+0000] {logging_mixin.py:188} INFO - [2024-03-19T09:51:14.468+0000] {dag.py:3047} INFO - Sync 1 DAGs
[2024-03-19T09:51:14.525+0000] {logging_mixin.py:188} INFO - [2024-03-19T09:51:14.525+0000] {dag.py:3834} INFO - Setting next_dagrun for example_setup_teardown to 2024-03-18 00:00:00+00:00, run_after=2024-03-19 00:00:00+00:00
[2024-03-19T09:51:14.571+0000] {processor.py:183} INFO - Processing /home/airflow/.local/lib/python3.8/site-packages/airflow/example_dags/example_setup_teardown.py took 0.172 seconds
[2024-03-19T09:51:44.706+0000] {processor.py:161} INFO - Started process (PID=23541) to work on /home/airflow/.local/lib/python3.8/site-packages/airflow/example_dags/example_setup_teardown.py
[2024-03-19T09:51:44.708+0000] {processor.py:830} INFO - Processing file /home/airflow/.local/lib/python3.8/site-packages/airflow/example_dags/example_setup_teardown.py for tasks to queue
[2024-03-19T09:51:44.711+0000] {logging_mixin.py:188} INFO - [2024-03-19T09:51:44.710+0000] {dagbag.py:540} INFO - Filling up the DagBag from /home/airflow/.local/lib/python3.8/site-packages/airflow/example_dags/example_setup_teardown.py
[2024-03-19T09:51:44.722+0000] {processor.py:840} INFO - DAG(s) 'example_setup_teardown' retrieved from /home/airflow/.local/lib/python3.8/site-packages/airflow/example_dags/example_setup_teardown.py
[2024-03-19T09:51:44.756+0000] {logging_mixin.py:188} INFO - [2024-03-19T09:51:44.756+0000] {dag.py:3047} INFO - Sync 1 DAGs
[2024-03-19T09:51:44.788+0000] {logging_mixin.py:188} INFO - [2024-03-19T09:51:44.788+0000] {dag.py:3834} INFO - Setting next_dagrun for example_setup_teardown to 2024-03-18 00:00:00+00:00, run_after=2024-03-19 00:00:00+00:00
[2024-03-19T09:51:44.818+0000] {processor.py:183} INFO - Processing /home/airflow/.local/lib/python3.8/site-packages/airflow/example_dags/example_setup_teardown.py took 0.116 seconds
[2024-03-19T09:52:15.117+0000] {processor.py:161} INFO - Started process (PID=23596) to work on /home/airflow/.local/lib/python3.8/site-packages/airflow/example_dags/example_setup_teardown.py
[2024-03-19T09:52:15.121+0000] {processor.py:830} INFO - Processing file /home/airflow/.local/lib/python3.8/site-packages/airflow/example_dags/example_setup_teardown.py for tasks to queue
[2024-03-19T09:52:15.122+0000] {logging_mixin.py:188} INFO - [2024-03-19T09:52:15.122+0000] {dagbag.py:540} INFO - Filling up the DagBag from /home/airflow/.local/lib/python3.8/site-packages/airflow/example_dags/example_setup_teardown.py
[2024-03-19T09:52:15.137+0000] {processor.py:840} INFO - DAG(s) 'example_setup_teardown' retrieved from /home/airflow/.local/lib/python3.8/site-packages/airflow/example_dags/example_setup_teardown.py
[2024-03-19T09:52:15.180+0000] {logging_mixin.py:188} INFO - [2024-03-19T09:52:15.179+0000] {dag.py:3047} INFO - Sync 1 DAGs
[2024-03-19T09:52:15.226+0000] {logging_mixin.py:188} INFO - [2024-03-19T09:52:15.226+0000] {dag.py:3834} INFO - Setting next_dagrun for example_setup_teardown to 2024-03-18 00:00:00+00:00, run_after=2024-03-19 00:00:00+00:00
[2024-03-19T09:52:15.261+0000] {processor.py:183} INFO - Processing /home/airflow/.local/lib/python3.8/site-packages/airflow/example_dags/example_setup_teardown.py took 0.150 seconds
[2024-03-19T09:52:49.003+0000] {processor.py:161} INFO - Started process (PID=23648) to work on /home/airflow/.local/lib/python3.8/site-packages/airflow/example_dags/example_setup_teardown.py
[2024-03-19T09:52:49.014+0000] {processor.py:830} INFO - Processing file /home/airflow/.local/lib/python3.8/site-packages/airflow/example_dags/example_setup_teardown.py for tasks to queue
[2024-03-19T09:52:49.017+0000] {logging_mixin.py:188} INFO - [2024-03-19T09:52:49.016+0000] {dagbag.py:540} INFO - Filling up the DagBag from /home/airflow/.local/lib/python3.8/site-packages/airflow/example_dags/example_setup_teardown.py
[2024-03-19T09:52:49.051+0000] {processor.py:840} INFO - DAG(s) 'example_setup_teardown' retrieved from /home/airflow/.local/lib/python3.8/site-packages/airflow/example_dags/example_setup_teardown.py
[2024-03-19T09:52:49.116+0000] {logging_mixin.py:188} INFO - [2024-03-19T09:52:49.116+0000] {dag.py:3047} INFO - Sync 1 DAGs
[2024-03-19T09:52:49.170+0000] {logging_mixin.py:188} INFO - [2024-03-19T09:52:49.169+0000] {dag.py:3834} INFO - Setting next_dagrun for example_setup_teardown to 2024-03-18 00:00:00+00:00, run_after=2024-03-19 00:00:00+00:00
[2024-03-19T09:52:49.227+0000] {processor.py:183} INFO - Processing /home/airflow/.local/lib/python3.8/site-packages/airflow/example_dags/example_setup_teardown.py took 0.233 seconds
[2024-03-19T09:53:19.273+0000] {processor.py:161} INFO - Started process (PID=23702) to work on /home/airflow/.local/lib/python3.8/site-packages/airflow/example_dags/example_setup_teardown.py
[2024-03-19T09:53:19.274+0000] {processor.py:830} INFO - Processing file /home/airflow/.local/lib/python3.8/site-packages/airflow/example_dags/example_setup_teardown.py for tasks to queue
[2024-03-19T09:53:19.276+0000] {logging_mixin.py:188} INFO - [2024-03-19T09:53:19.275+0000] {dagbag.py:540} INFO - Filling up the DagBag from /home/airflow/.local/lib/python3.8/site-packages/airflow/example_dags/example_setup_teardown.py
[2024-03-19T09:53:19.285+0000] {processor.py:840} INFO - DAG(s) 'example_setup_teardown' retrieved from /home/airflow/.local/lib/python3.8/site-packages/airflow/example_dags/example_setup_teardown.py
[2024-03-19T09:53:19.312+0000] {logging_mixin.py:188} INFO - [2024-03-19T09:53:19.311+0000] {dag.py:3047} INFO - Sync 1 DAGs
[2024-03-19T09:53:19.336+0000] {logging_mixin.py:188} INFO - [2024-03-19T09:53:19.336+0000] {dag.py:3834} INFO - Setting next_dagrun for example_setup_teardown to 2024-03-18 00:00:00+00:00, run_after=2024-03-19 00:00:00+00:00
[2024-03-19T09:53:19.361+0000] {processor.py:183} INFO - Processing /home/airflow/.local/lib/python3.8/site-packages/airflow/example_dags/example_setup_teardown.py took 0.092 seconds
[2024-03-19T09:53:49.596+0000] {processor.py:161} INFO - Started process (PID=23756) to work on /home/airflow/.local/lib/python3.8/site-packages/airflow/example_dags/example_setup_teardown.py
[2024-03-19T09:53:49.599+0000] {processor.py:830} INFO - Processing file /home/airflow/.local/lib/python3.8/site-packages/airflow/example_dags/example_setup_teardown.py for tasks to queue
[2024-03-19T09:53:49.601+0000] {logging_mixin.py:188} INFO - [2024-03-19T09:53:49.600+0000] {dagbag.py:540} INFO - Filling up the DagBag from /home/airflow/.local/lib/python3.8/site-packages/airflow/example_dags/example_setup_teardown.py
[2024-03-19T09:53:49.620+0000] {processor.py:840} INFO - DAG(s) 'example_setup_teardown' retrieved from /home/airflow/.local/lib/python3.8/site-packages/airflow/example_dags/example_setup_teardown.py
[2024-03-19T09:53:49.711+0000] {logging_mixin.py:188} INFO - [2024-03-19T09:53:49.710+0000] {dag.py:3047} INFO - Sync 1 DAGs
[2024-03-19T09:53:49.797+0000] {logging_mixin.py:188} INFO - [2024-03-19T09:53:49.796+0000] {dag.py:3834} INFO - Setting next_dagrun for example_setup_teardown to 2024-03-18 00:00:00+00:00, run_after=2024-03-19 00:00:00+00:00
[2024-03-19T09:53:49.857+0000] {processor.py:183} INFO - Processing /home/airflow/.local/lib/python3.8/site-packages/airflow/example_dags/example_setup_teardown.py took 0.267 seconds
[2024-03-19T09:54:20.280+0000] {processor.py:161} INFO - Started process (PID=23812) to work on /home/airflow/.local/lib/python3.8/site-packages/airflow/example_dags/example_setup_teardown.py
[2024-03-19T09:54:20.281+0000] {processor.py:830} INFO - Processing file /home/airflow/.local/lib/python3.8/site-packages/airflow/example_dags/example_setup_teardown.py for tasks to queue
[2024-03-19T09:54:20.283+0000] {logging_mixin.py:188} INFO - [2024-03-19T09:54:20.283+0000] {dagbag.py:540} INFO - Filling up the DagBag from /home/airflow/.local/lib/python3.8/site-packages/airflow/example_dags/example_setup_teardown.py
[2024-03-19T09:54:20.295+0000] {processor.py:840} INFO - DAG(s) 'example_setup_teardown' retrieved from /home/airflow/.local/lib/python3.8/site-packages/airflow/example_dags/example_setup_teardown.py
[2024-03-19T09:54:20.321+0000] {logging_mixin.py:188} INFO - [2024-03-19T09:54:20.321+0000] {dag.py:3047} INFO - Sync 1 DAGs
[2024-03-19T09:54:20.353+0000] {logging_mixin.py:188} INFO - [2024-03-19T09:54:20.353+0000] {dag.py:3834} INFO - Setting next_dagrun for example_setup_teardown to 2024-03-18 00:00:00+00:00, run_after=2024-03-19 00:00:00+00:00
[2024-03-19T09:54:20.413+0000] {processor.py:183} INFO - Processing /home/airflow/.local/lib/python3.8/site-packages/airflow/example_dags/example_setup_teardown.py took 0.138 seconds
[2024-03-19T09:54:50.579+0000] {processor.py:161} INFO - Started process (PID=23867) to work on /home/airflow/.local/lib/python3.8/site-packages/airflow/example_dags/example_setup_teardown.py
[2024-03-19T09:54:50.580+0000] {processor.py:830} INFO - Processing file /home/airflow/.local/lib/python3.8/site-packages/airflow/example_dags/example_setup_teardown.py for tasks to queue
[2024-03-19T09:54:50.582+0000] {logging_mixin.py:188} INFO - [2024-03-19T09:54:50.582+0000] {dagbag.py:540} INFO - Filling up the DagBag from /home/airflow/.local/lib/python3.8/site-packages/airflow/example_dags/example_setup_teardown.py
[2024-03-19T09:54:50.590+0000] {processor.py:840} INFO - DAG(s) 'example_setup_teardown' retrieved from /home/airflow/.local/lib/python3.8/site-packages/airflow/example_dags/example_setup_teardown.py
[2024-03-19T09:54:50.616+0000] {logging_mixin.py:188} INFO - [2024-03-19T09:54:50.616+0000] {dag.py:3047} INFO - Sync 1 DAGs
[2024-03-19T09:54:50.640+0000] {logging_mixin.py:188} INFO - [2024-03-19T09:54:50.640+0000] {dag.py:3834} INFO - Setting next_dagrun for example_setup_teardown to 2024-03-18 00:00:00+00:00, run_after=2024-03-19 00:00:00+00:00
[2024-03-19T09:54:50.667+0000] {processor.py:183} INFO - Processing /home/airflow/.local/lib/python3.8/site-packages/airflow/example_dags/example_setup_teardown.py took 0.092 seconds
[2024-03-19T09:55:20.762+0000] {processor.py:161} INFO - Started process (PID=23916) to work on /home/airflow/.local/lib/python3.8/site-packages/airflow/example_dags/example_setup_teardown.py
[2024-03-19T09:55:20.764+0000] {processor.py:830} INFO - Processing file /home/airflow/.local/lib/python3.8/site-packages/airflow/example_dags/example_setup_teardown.py for tasks to queue
[2024-03-19T09:55:20.766+0000] {logging_mixin.py:188} INFO - [2024-03-19T09:55:20.765+0000] {dagbag.py:540} INFO - Filling up the DagBag from /home/airflow/.local/lib/python3.8/site-packages/airflow/example_dags/example_setup_teardown.py
[2024-03-19T09:55:20.777+0000] {processor.py:840} INFO - DAG(s) 'example_setup_teardown' retrieved from /home/airflow/.local/lib/python3.8/site-packages/airflow/example_dags/example_setup_teardown.py
[2024-03-19T09:55:20.813+0000] {logging_mixin.py:188} INFO - [2024-03-19T09:55:20.812+0000] {dag.py:3047} INFO - Sync 1 DAGs
[2024-03-19T09:55:20.847+0000] {logging_mixin.py:188} INFO - [2024-03-19T09:55:20.847+0000] {dag.py:3834} INFO - Setting next_dagrun for example_setup_teardown to 2024-03-18 00:00:00+00:00, run_after=2024-03-19 00:00:00+00:00
[2024-03-19T09:55:20.875+0000] {processor.py:183} INFO - Processing /home/airflow/.local/lib/python3.8/site-packages/airflow/example_dags/example_setup_teardown.py took 0.119 seconds
[2024-03-19T09:55:51.284+0000] {processor.py:161} INFO - Started process (PID=23971) to work on /home/airflow/.local/lib/python3.8/site-packages/airflow/example_dags/example_setup_teardown.py
[2024-03-19T09:55:51.290+0000] {processor.py:830} INFO - Processing file /home/airflow/.local/lib/python3.8/site-packages/airflow/example_dags/example_setup_teardown.py for tasks to queue
[2024-03-19T09:55:51.293+0000] {logging_mixin.py:188} INFO - [2024-03-19T09:55:51.292+0000] {dagbag.py:540} INFO - Filling up the DagBag from /home/airflow/.local/lib/python3.8/site-packages/airflow/example_dags/example_setup_teardown.py
[2024-03-19T09:55:51.313+0000] {processor.py:840} INFO - DAG(s) 'example_setup_teardown' retrieved from /home/airflow/.local/lib/python3.8/site-packages/airflow/example_dags/example_setup_teardown.py
[2024-03-19T09:55:51.350+0000] {logging_mixin.py:188} INFO - [2024-03-19T09:55:51.350+0000] {dag.py:3047} INFO - Sync 1 DAGs
[2024-03-19T09:55:51.387+0000] {logging_mixin.py:188} INFO - [2024-03-19T09:55:51.387+0000] {dag.py:3834} INFO - Setting next_dagrun for example_setup_teardown to 2024-03-18 00:00:00+00:00, run_after=2024-03-19 00:00:00+00:00
[2024-03-19T09:55:51.420+0000] {processor.py:183} INFO - Processing /home/airflow/.local/lib/python3.8/site-packages/airflow/example_dags/example_setup_teardown.py took 0.143 seconds
[2024-03-19T09:56:21.739+0000] {processor.py:161} INFO - Started process (PID=24026) to work on /home/airflow/.local/lib/python3.8/site-packages/airflow/example_dags/example_setup_teardown.py
[2024-03-19T09:56:21.742+0000] {processor.py:830} INFO - Processing file /home/airflow/.local/lib/python3.8/site-packages/airflow/example_dags/example_setup_teardown.py for tasks to queue
[2024-03-19T09:56:21.744+0000] {logging_mixin.py:188} INFO - [2024-03-19T09:56:21.743+0000] {dagbag.py:540} INFO - Filling up the DagBag from /home/airflow/.local/lib/python3.8/site-packages/airflow/example_dags/example_setup_teardown.py
[2024-03-19T09:56:21.754+0000] {processor.py:840} INFO - DAG(s) 'example_setup_teardown' retrieved from /home/airflow/.local/lib/python3.8/site-packages/airflow/example_dags/example_setup_teardown.py
[2024-03-19T09:56:21.785+0000] {logging_mixin.py:188} INFO - [2024-03-19T09:56:21.785+0000] {dag.py:3047} INFO - Sync 1 DAGs
[2024-03-19T09:56:21.822+0000] {logging_mixin.py:188} INFO - [2024-03-19T09:56:21.821+0000] {dag.py:3834} INFO - Setting next_dagrun for example_setup_teardown to 2024-03-18 00:00:00+00:00, run_after=2024-03-19 00:00:00+00:00
[2024-03-19T09:56:21.855+0000] {processor.py:183} INFO - Processing /home/airflow/.local/lib/python3.8/site-packages/airflow/example_dags/example_setup_teardown.py took 0.120 seconds
[2024-03-19T09:56:52.245+0000] {processor.py:161} INFO - Started process (PID=24081) to work on /home/airflow/.local/lib/python3.8/site-packages/airflow/example_dags/example_setup_teardown.py
[2024-03-19T09:56:52.250+0000] {processor.py:830} INFO - Processing file /home/airflow/.local/lib/python3.8/site-packages/airflow/example_dags/example_setup_teardown.py for tasks to queue
[2024-03-19T09:56:52.253+0000] {logging_mixin.py:188} INFO - [2024-03-19T09:56:52.252+0000] {dagbag.py:540} INFO - Filling up the DagBag from /home/airflow/.local/lib/python3.8/site-packages/airflow/example_dags/example_setup_teardown.py
[2024-03-19T09:56:52.285+0000] {processor.py:840} INFO - DAG(s) 'example_setup_teardown' retrieved from /home/airflow/.local/lib/python3.8/site-packages/airflow/example_dags/example_setup_teardown.py
[2024-03-19T09:56:52.375+0000] {logging_mixin.py:188} INFO - [2024-03-19T09:56:52.374+0000] {dag.py:3047} INFO - Sync 1 DAGs
[2024-03-19T09:56:52.477+0000] {logging_mixin.py:188} INFO - [2024-03-19T09:56:52.475+0000] {dag.py:3834} INFO - Setting next_dagrun for example_setup_teardown to 2024-03-18 00:00:00+00:00, run_after=2024-03-19 00:00:00+00:00
[2024-03-19T09:56:52.562+0000] {processor.py:183} INFO - Processing /home/airflow/.local/lib/python3.8/site-packages/airflow/example_dags/example_setup_teardown.py took 0.328 seconds
