[2024-03-19T09:44:19.667+0000] {processor.py:161} INFO - Started process (PID=22774) to work on /home/airflow/.local/lib/python3.8/site-packages/airflow/example_dags/example_branch_datetime_operator.py
[2024-03-19T09:44:19.769+0000] {processor.py:830} INFO - Processing file /home/airflow/.local/lib/python3.8/site-packages/airflow/example_dags/example_branch_datetime_operator.py for tasks to queue
[2024-03-19T09:44:19.771+0000] {logging_mixin.py:188} INFO - [2024-03-19T09:44:19.771+0000] {dagbag.py:540} INFO - Filling up the DagBag from /home/airflow/.local/lib/python3.8/site-packages/airflow/example_dags/example_branch_datetime_operator.py
[2024-03-19T09:44:19.811+0000] {processor.py:840} INFO - DAG(s) 'example_branch_datetime_operator_2', 'example_branch_datetime_operator_3', 'example_branch_datetime_operator' retrieved from /home/airflow/.local/lib/python3.8/site-packages/airflow/example_dags/example_branch_datetime_operator.py
[2024-03-19T09:44:19.969+0000] {logging_mixin.py:188} INFO - [2024-03-19T09:44:19.968+0000] {dag.py:3047} INFO - Sync 3 DAGs
[2024-03-19T09:44:20.246+0000] {logging_mixin.py:188} INFO - [2024-03-19T09:44:20.246+0000] {dag.py:3834} INFO - Setting next_dagrun for example_branch_datetime_operator to 2024-03-18 00:00:00+00:00, run_after=2024-03-19 00:00:00+00:00
[2024-03-19T09:44:20.278+0000] {logging_mixin.py:188} INFO - [2024-03-19T09:44:20.278+0000] {dag.py:3834} INFO - Setting next_dagrun for example_branch_datetime_operator_2 to 2024-03-18 00:00:00+00:00, run_after=2024-03-19 00:00:00+00:00
[2024-03-19T09:44:20.302+0000] {logging_mixin.py:188} INFO - [2024-03-19T09:44:20.301+0000] {dag.py:3834} INFO - Setting next_dagrun for example_branch_datetime_operator_3 to 2024-03-18 00:00:00+00:00, run_after=2024-03-19 00:00:00+00:00
[2024-03-19T09:44:20.419+0000] {processor.py:183} INFO - Processing /home/airflow/.local/lib/python3.8/site-packages/airflow/example_dags/example_branch_datetime_operator.py took 0.759 seconds
[2024-03-19T09:44:50.941+0000] {processor.py:161} INFO - Started process (PID=22829) to work on /home/airflow/.local/lib/python3.8/site-packages/airflow/example_dags/example_branch_datetime_operator.py
[2024-03-19T09:44:50.942+0000] {processor.py:830} INFO - Processing file /home/airflow/.local/lib/python3.8/site-packages/airflow/example_dags/example_branch_datetime_operator.py for tasks to queue
[2024-03-19T09:44:50.944+0000] {logging_mixin.py:188} INFO - [2024-03-19T09:44:50.944+0000] {dagbag.py:540} INFO - Filling up the DagBag from /home/airflow/.local/lib/python3.8/site-packages/airflow/example_dags/example_branch_datetime_operator.py
[2024-03-19T09:44:50.955+0000] {processor.py:840} INFO - DAG(s) 'example_branch_datetime_operator_2', 'example_branch_datetime_operator_3', 'example_branch_datetime_operator' retrieved from /home/airflow/.local/lib/python3.8/site-packages/airflow/example_dags/example_branch_datetime_operator.py
[2024-03-19T09:44:50.990+0000] {logging_mixin.py:188} INFO - [2024-03-19T09:44:50.989+0000] {dag.py:3047} INFO - Sync 3 DAGs
[2024-03-19T09:44:51.019+0000] {logging_mixin.py:188} INFO - [2024-03-19T09:44:51.019+0000] {dag.py:3834} INFO - Setting next_dagrun for example_branch_datetime_operator to 2024-03-18 00:00:00+00:00, run_after=2024-03-19 00:00:00+00:00
[2024-03-19T09:44:51.026+0000] {logging_mixin.py:188} INFO - [2024-03-19T09:44:51.025+0000] {dag.py:3834} INFO - Setting next_dagrun for example_branch_datetime_operator_2 to 2024-03-18 00:00:00+00:00, run_after=2024-03-19 00:00:00+00:00
[2024-03-19T09:44:51.030+0000] {logging_mixin.py:188} INFO - [2024-03-19T09:44:51.030+0000] {dag.py:3834} INFO - Setting next_dagrun for example_branch_datetime_operator_3 to 2024-03-18 00:00:00+00:00, run_after=2024-03-19 00:00:00+00:00
[2024-03-19T09:44:51.053+0000] {processor.py:183} INFO - Processing /home/airflow/.local/lib/python3.8/site-packages/airflow/example_dags/example_branch_datetime_operator.py took 0.116 seconds
[2024-03-19T09:45:23.306+0000] {processor.py:161} INFO - Started process (PID=22884) to work on /home/airflow/.local/lib/python3.8/site-packages/airflow/example_dags/example_branch_datetime_operator.py
[2024-03-19T09:45:23.368+0000] {processor.py:830} INFO - Processing file /home/airflow/.local/lib/python3.8/site-packages/airflow/example_dags/example_branch_datetime_operator.py for tasks to queue
[2024-03-19T09:45:23.434+0000] {logging_mixin.py:188} INFO - [2024-03-19T09:45:23.433+0000] {dagbag.py:540} INFO - Filling up the DagBag from /home/airflow/.local/lib/python3.8/site-packages/airflow/example_dags/example_branch_datetime_operator.py
[2024-03-19T09:45:23.581+0000] {processor.py:840} INFO - DAG(s) 'example_branch_datetime_operator_2', 'example_branch_datetime_operator', 'example_branch_datetime_operator_3' retrieved from /home/airflow/.local/lib/python3.8/site-packages/airflow/example_dags/example_branch_datetime_operator.py
[2024-03-19T09:45:23.725+0000] {logging_mixin.py:188} INFO - [2024-03-19T09:45:23.723+0000] {dag.py:3047} INFO - Sync 3 DAGs
[2024-03-19T09:45:23.963+0000] {logging_mixin.py:188} INFO - [2024-03-19T09:45:23.962+0000] {dag.py:3834} INFO - Setting next_dagrun for example_branch_datetime_operator to 2024-03-18 00:00:00+00:00, run_after=2024-03-19 00:00:00+00:00
[2024-03-19T09:45:24.002+0000] {logging_mixin.py:188} INFO - [2024-03-19T09:45:24.001+0000] {dag.py:3834} INFO - Setting next_dagrun for example_branch_datetime_operator_2 to 2024-03-18 00:00:00+00:00, run_after=2024-03-19 00:00:00+00:00
[2024-03-19T09:45:24.030+0000] {logging_mixin.py:188} INFO - [2024-03-19T09:45:24.029+0000] {dag.py:3834} INFO - Setting next_dagrun for example_branch_datetime_operator_3 to 2024-03-18 00:00:00+00:00, run_after=2024-03-19 00:00:00+00:00
[2024-03-19T09:45:24.203+0000] {processor.py:183} INFO - Processing /home/airflow/.local/lib/python3.8/site-packages/airflow/example_dags/example_branch_datetime_operator.py took 0.917 seconds
[2024-03-19T09:46:02.000+0000] {processor.py:161} INFO - Started process (PID=22939) to work on /home/airflow/.local/lib/python3.8/site-packages/airflow/example_dags/example_branch_datetime_operator.py
[2024-03-19T09:46:02.011+0000] {processor.py:830} INFO - Processing file /home/airflow/.local/lib/python3.8/site-packages/airflow/example_dags/example_branch_datetime_operator.py for tasks to queue
[2024-03-19T09:46:02.025+0000] {logging_mixin.py:188} INFO - [2024-03-19T09:46:02.023+0000] {dagbag.py:540} INFO - Filling up the DagBag from /home/airflow/.local/lib/python3.8/site-packages/airflow/example_dags/example_branch_datetime_operator.py
[2024-03-19T09:46:02.168+0000] {processor.py:840} INFO - DAG(s) 'example_branch_datetime_operator_3', 'example_branch_datetime_operator', 'example_branch_datetime_operator_2' retrieved from /home/airflow/.local/lib/python3.8/site-packages/airflow/example_dags/example_branch_datetime_operator.py
[2024-03-19T09:46:02.858+0000] {logging_mixin.py:188} INFO - [2024-03-19T09:46:02.857+0000] {dag.py:3047} INFO - Sync 3 DAGs
[2024-03-19T09:46:03.313+0000] {logging_mixin.py:188} INFO - [2024-03-19T09:46:03.313+0000] {dag.py:3834} INFO - Setting next_dagrun for example_branch_datetime_operator to 2024-03-18 00:00:00+00:00, run_after=2024-03-19 00:00:00+00:00
[2024-03-19T09:46:03.362+0000] {logging_mixin.py:188} INFO - [2024-03-19T09:46:03.361+0000] {dag.py:3834} INFO - Setting next_dagrun for example_branch_datetime_operator_2 to 2024-03-18 00:00:00+00:00, run_after=2024-03-19 00:00:00+00:00
[2024-03-19T09:46:03.430+0000] {logging_mixin.py:188} INFO - [2024-03-19T09:46:03.430+0000] {dag.py:3834} INFO - Setting next_dagrun for example_branch_datetime_operator_3 to 2024-03-18 00:00:00+00:00, run_after=2024-03-19 00:00:00+00:00
[2024-03-19T09:46:03.576+0000] {processor.py:183} INFO - Processing /home/airflow/.local/lib/python3.8/site-packages/airflow/example_dags/example_branch_datetime_operator.py took 1.676 seconds
[2024-03-19T09:46:33.733+0000] {processor.py:161} INFO - Started process (PID=22992) to work on /home/airflow/.local/lib/python3.8/site-packages/airflow/example_dags/example_branch_datetime_operator.py
[2024-03-19T09:46:33.743+0000] {processor.py:830} INFO - Processing file /home/airflow/.local/lib/python3.8/site-packages/airflow/example_dags/example_branch_datetime_operator.py for tasks to queue
[2024-03-19T09:46:33.745+0000] {logging_mixin.py:188} INFO - [2024-03-19T09:46:33.745+0000] {dagbag.py:540} INFO - Filling up the DagBag from /home/airflow/.local/lib/python3.8/site-packages/airflow/example_dags/example_branch_datetime_operator.py
[2024-03-19T09:46:33.759+0000] {processor.py:840} INFO - DAG(s) 'example_branch_datetime_operator_3', 'example_branch_datetime_operator_2', 'example_branch_datetime_operator' retrieved from /home/airflow/.local/lib/python3.8/site-packages/airflow/example_dags/example_branch_datetime_operator.py
[2024-03-19T09:46:33.796+0000] {logging_mixin.py:188} INFO - [2024-03-19T09:46:33.796+0000] {dag.py:3047} INFO - Sync 3 DAGs
[2024-03-19T09:46:33.832+0000] {logging_mixin.py:188} INFO - [2024-03-19T09:46:33.831+0000] {dag.py:3834} INFO - Setting next_dagrun for example_branch_datetime_operator to 2024-03-18 00:00:00+00:00, run_after=2024-03-19 00:00:00+00:00
[2024-03-19T09:46:33.841+0000] {logging_mixin.py:188} INFO - [2024-03-19T09:46:33.841+0000] {dag.py:3834} INFO - Setting next_dagrun for example_branch_datetime_operator_2 to 2024-03-18 00:00:00+00:00, run_after=2024-03-19 00:00:00+00:00
[2024-03-19T09:46:33.846+0000] {logging_mixin.py:188} INFO - [2024-03-19T09:46:33.846+0000] {dag.py:3834} INFO - Setting next_dagrun for example_branch_datetime_operator_3 to 2024-03-18 00:00:00+00:00, run_after=2024-03-19 00:00:00+00:00
[2024-03-19T09:46:33.879+0000] {processor.py:183} INFO - Processing /home/airflow/.local/lib/python3.8/site-packages/airflow/example_dags/example_branch_datetime_operator.py took 0.152 seconds
[2024-03-19T09:47:04.751+0000] {processor.py:161} INFO - Started process (PID=23047) to work on /home/airflow/.local/lib/python3.8/site-packages/airflow/example_dags/example_branch_datetime_operator.py
[2024-03-19T09:47:04.754+0000] {processor.py:830} INFO - Processing file /home/airflow/.local/lib/python3.8/site-packages/airflow/example_dags/example_branch_datetime_operator.py for tasks to queue
[2024-03-19T09:47:04.766+0000] {logging_mixin.py:188} INFO - [2024-03-19T09:47:04.765+0000] {dagbag.py:540} INFO - Filling up the DagBag from /home/airflow/.local/lib/python3.8/site-packages/airflow/example_dags/example_branch_datetime_operator.py
[2024-03-19T09:47:04.827+0000] {processor.py:840} INFO - DAG(s) 'example_branch_datetime_operator_2', 'example_branch_datetime_operator', 'example_branch_datetime_operator_3' retrieved from /home/airflow/.local/lib/python3.8/site-packages/airflow/example_dags/example_branch_datetime_operator.py
[2024-03-19T09:47:05.038+0000] {logging_mixin.py:188} INFO - [2024-03-19T09:47:05.037+0000] {dag.py:3047} INFO - Sync 3 DAGs
[2024-03-19T09:47:05.181+0000] {logging_mixin.py:188} INFO - [2024-03-19T09:47:05.172+0000] {dag.py:3834} INFO - Setting next_dagrun for example_branch_datetime_operator to 2024-03-18 00:00:00+00:00, run_after=2024-03-19 00:00:00+00:00
[2024-03-19T09:47:05.211+0000] {logging_mixin.py:188} INFO - [2024-03-19T09:47:05.210+0000] {dag.py:3834} INFO - Setting next_dagrun for example_branch_datetime_operator_2 to 2024-03-18 00:00:00+00:00, run_after=2024-03-19 00:00:00+00:00
[2024-03-19T09:47:05.290+0000] {logging_mixin.py:188} INFO - [2024-03-19T09:47:05.290+0000] {dag.py:3834} INFO - Setting next_dagrun for example_branch_datetime_operator_3 to 2024-03-18 00:00:00+00:00, run_after=2024-03-19 00:00:00+00:00
[2024-03-19T09:47:05.413+0000] {processor.py:183} INFO - Processing /home/airflow/.local/lib/python3.8/site-packages/airflow/example_dags/example_branch_datetime_operator.py took 0.679 seconds
[2024-03-19T09:47:37.069+0000] {processor.py:161} INFO - Started process (PID=23102) to work on /home/airflow/.local/lib/python3.8/site-packages/airflow/example_dags/example_branch_datetime_operator.py
[2024-03-19T09:47:37.114+0000] {processor.py:830} INFO - Processing file /home/airflow/.local/lib/python3.8/site-packages/airflow/example_dags/example_branch_datetime_operator.py for tasks to queue
[2024-03-19T09:47:37.175+0000] {logging_mixin.py:188} INFO - [2024-03-19T09:47:37.144+0000] {dagbag.py:540} INFO - Filling up the DagBag from /home/airflow/.local/lib/python3.8/site-packages/airflow/example_dags/example_branch_datetime_operator.py
[2024-03-19T09:47:37.311+0000] {processor.py:840} INFO - DAG(s) 'example_branch_datetime_operator_2', 'example_branch_datetime_operator', 'example_branch_datetime_operator_3' retrieved from /home/airflow/.local/lib/python3.8/site-packages/airflow/example_dags/example_branch_datetime_operator.py
[2024-03-19T09:47:37.576+0000] {logging_mixin.py:188} INFO - [2024-03-19T09:47:37.575+0000] {dag.py:3047} INFO - Sync 3 DAGs
[2024-03-19T09:47:37.799+0000] {logging_mixin.py:188} INFO - [2024-03-19T09:47:37.798+0000] {dag.py:3834} INFO - Setting next_dagrun for example_branch_datetime_operator to 2024-03-18 00:00:00+00:00, run_after=2024-03-19 00:00:00+00:00
[2024-03-19T09:47:37.839+0000] {logging_mixin.py:188} INFO - [2024-03-19T09:47:37.833+0000] {dag.py:3834} INFO - Setting next_dagrun for example_branch_datetime_operator_2 to 2024-03-18 00:00:00+00:00, run_after=2024-03-19 00:00:00+00:00
[2024-03-19T09:47:37.851+0000] {logging_mixin.py:188} INFO - [2024-03-19T09:47:37.850+0000] {dag.py:3834} INFO - Setting next_dagrun for example_branch_datetime_operator_3 to 2024-03-18 00:00:00+00:00, run_after=2024-03-19 00:00:00+00:00
[2024-03-19T09:47:37.980+0000] {processor.py:183} INFO - Processing /home/airflow/.local/lib/python3.8/site-packages/airflow/example_dags/example_branch_datetime_operator.py took 0.966 seconds
[2024-03-19T09:48:08.695+0000] {processor.py:161} INFO - Started process (PID=23157) to work on /home/airflow/.local/lib/python3.8/site-packages/airflow/example_dags/example_branch_datetime_operator.py
[2024-03-19T09:48:08.699+0000] {processor.py:830} INFO - Processing file /home/airflow/.local/lib/python3.8/site-packages/airflow/example_dags/example_branch_datetime_operator.py for tasks to queue
[2024-03-19T09:48:08.701+0000] {logging_mixin.py:188} INFO - [2024-03-19T09:48:08.700+0000] {dagbag.py:540} INFO - Filling up the DagBag from /home/airflow/.local/lib/python3.8/site-packages/airflow/example_dags/example_branch_datetime_operator.py
[2024-03-19T09:48:08.714+0000] {processor.py:840} INFO - DAG(s) 'example_branch_datetime_operator_3', 'example_branch_datetime_operator_2', 'example_branch_datetime_operator' retrieved from /home/airflow/.local/lib/python3.8/site-packages/airflow/example_dags/example_branch_datetime_operator.py
[2024-03-19T09:48:08.766+0000] {logging_mixin.py:188} INFO - [2024-03-19T09:48:08.765+0000] {dag.py:3047} INFO - Sync 3 DAGs
[2024-03-19T09:48:08.799+0000] {logging_mixin.py:188} INFO - [2024-03-19T09:48:08.799+0000] {dag.py:3834} INFO - Setting next_dagrun for example_branch_datetime_operator to 2024-03-18 00:00:00+00:00, run_after=2024-03-19 00:00:00+00:00
[2024-03-19T09:48:08.806+0000] {logging_mixin.py:188} INFO - [2024-03-19T09:48:08.805+0000] {dag.py:3834} INFO - Setting next_dagrun for example_branch_datetime_operator_2 to 2024-03-18 00:00:00+00:00, run_after=2024-03-19 00:00:00+00:00
[2024-03-19T09:48:08.809+0000] {logging_mixin.py:188} INFO - [2024-03-19T09:48:08.809+0000] {dag.py:3834} INFO - Setting next_dagrun for example_branch_datetime_operator_3 to 2024-03-18 00:00:00+00:00, run_after=2024-03-19 00:00:00+00:00
[2024-03-19T09:48:08.857+0000] {processor.py:183} INFO - Processing /home/airflow/.local/lib/python3.8/site-packages/airflow/example_dags/example_branch_datetime_operator.py took 0.166 seconds
[2024-03-19T09:48:38.954+0000] {processor.py:161} INFO - Started process (PID=23212) to work on /home/airflow/.local/lib/python3.8/site-packages/airflow/example_dags/example_branch_datetime_operator.py
[2024-03-19T09:48:38.959+0000] {processor.py:830} INFO - Processing file /home/airflow/.local/lib/python3.8/site-packages/airflow/example_dags/example_branch_datetime_operator.py for tasks to queue
[2024-03-19T09:48:38.962+0000] {logging_mixin.py:188} INFO - [2024-03-19T09:48:38.961+0000] {dagbag.py:540} INFO - Filling up the DagBag from /home/airflow/.local/lib/python3.8/site-packages/airflow/example_dags/example_branch_datetime_operator.py
[2024-03-19T09:48:38.992+0000] {processor.py:840} INFO - DAG(s) 'example_branch_datetime_operator_2', 'example_branch_datetime_operator', 'example_branch_datetime_operator_3' retrieved from /home/airflow/.local/lib/python3.8/site-packages/airflow/example_dags/example_branch_datetime_operator.py
[2024-03-19T09:48:39.051+0000] {logging_mixin.py:188} INFO - [2024-03-19T09:48:39.050+0000] {dag.py:3047} INFO - Sync 3 DAGs
[2024-03-19T09:48:39.105+0000] {logging_mixin.py:188} INFO - [2024-03-19T09:48:39.104+0000] {dag.py:3834} INFO - Setting next_dagrun for example_branch_datetime_operator to 2024-03-18 00:00:00+00:00, run_after=2024-03-19 00:00:00+00:00
[2024-03-19T09:48:39.120+0000] {logging_mixin.py:188} INFO - [2024-03-19T09:48:39.119+0000] {dag.py:3834} INFO - Setting next_dagrun for example_branch_datetime_operator_2 to 2024-03-18 00:00:00+00:00, run_after=2024-03-19 00:00:00+00:00
[2024-03-19T09:48:39.126+0000] {logging_mixin.py:188} INFO - [2024-03-19T09:48:39.125+0000] {dag.py:3834} INFO - Setting next_dagrun for example_branch_datetime_operator_3 to 2024-03-18 00:00:00+00:00, run_after=2024-03-19 00:00:00+00:00
[2024-03-19T09:48:39.164+0000] {processor.py:183} INFO - Processing /home/airflow/.local/lib/python3.8/site-packages/airflow/example_dags/example_branch_datetime_operator.py took 0.225 seconds
[2024-03-19T09:49:09.246+0000] {processor.py:161} INFO - Started process (PID=23267) to work on /home/airflow/.local/lib/python3.8/site-packages/airflow/example_dags/example_branch_datetime_operator.py
[2024-03-19T09:49:09.249+0000] {processor.py:830} INFO - Processing file /home/airflow/.local/lib/python3.8/site-packages/airflow/example_dags/example_branch_datetime_operator.py for tasks to queue
[2024-03-19T09:49:09.251+0000] {logging_mixin.py:188} INFO - [2024-03-19T09:49:09.251+0000] {dagbag.py:540} INFO - Filling up the DagBag from /home/airflow/.local/lib/python3.8/site-packages/airflow/example_dags/example_branch_datetime_operator.py
[2024-03-19T09:49:09.266+0000] {processor.py:840} INFO - DAG(s) 'example_branch_datetime_operator_2', 'example_branch_datetime_operator_3', 'example_branch_datetime_operator' retrieved from /home/airflow/.local/lib/python3.8/site-packages/airflow/example_dags/example_branch_datetime_operator.py
[2024-03-19T09:49:09.321+0000] {logging_mixin.py:188} INFO - [2024-03-19T09:49:09.320+0000] {dag.py:3047} INFO - Sync 3 DAGs
[2024-03-19T09:49:09.364+0000] {logging_mixin.py:188} INFO - [2024-03-19T09:49:09.364+0000] {dag.py:3834} INFO - Setting next_dagrun for example_branch_datetime_operator to 2024-03-18 00:00:00+00:00, run_after=2024-03-19 00:00:00+00:00
[2024-03-19T09:49:09.372+0000] {logging_mixin.py:188} INFO - [2024-03-19T09:49:09.371+0000] {dag.py:3834} INFO - Setting next_dagrun for example_branch_datetime_operator_2 to 2024-03-18 00:00:00+00:00, run_after=2024-03-19 00:00:00+00:00
[2024-03-19T09:49:09.377+0000] {logging_mixin.py:188} INFO - [2024-03-19T09:49:09.377+0000] {dag.py:3834} INFO - Setting next_dagrun for example_branch_datetime_operator_3 to 2024-03-18 00:00:00+00:00, run_after=2024-03-19 00:00:00+00:00
[2024-03-19T09:49:09.410+0000] {processor.py:183} INFO - Processing /home/airflow/.local/lib/python3.8/site-packages/airflow/example_dags/example_branch_datetime_operator.py took 0.169 seconds
[2024-03-19T09:49:39.716+0000] {processor.py:161} INFO - Started process (PID=23320) to work on /home/airflow/.local/lib/python3.8/site-packages/airflow/example_dags/example_branch_datetime_operator.py
[2024-03-19T09:49:39.723+0000] {processor.py:830} INFO - Processing file /home/airflow/.local/lib/python3.8/site-packages/airflow/example_dags/example_branch_datetime_operator.py for tasks to queue
[2024-03-19T09:49:39.726+0000] {logging_mixin.py:188} INFO - [2024-03-19T09:49:39.725+0000] {dagbag.py:540} INFO - Filling up the DagBag from /home/airflow/.local/lib/python3.8/site-packages/airflow/example_dags/example_branch_datetime_operator.py
[2024-03-19T09:49:39.749+0000] {processor.py:840} INFO - DAG(s) 'example_branch_datetime_operator_3', 'example_branch_datetime_operator', 'example_branch_datetime_operator_2' retrieved from /home/airflow/.local/lib/python3.8/site-packages/airflow/example_dags/example_branch_datetime_operator.py
[2024-03-19T09:49:39.881+0000] {logging_mixin.py:188} INFO - [2024-03-19T09:49:39.880+0000] {dag.py:3047} INFO - Sync 3 DAGs
[2024-03-19T09:49:39.952+0000] {logging_mixin.py:188} INFO - [2024-03-19T09:49:39.951+0000] {dag.py:3834} INFO - Setting next_dagrun for example_branch_datetime_operator to 2024-03-18 00:00:00+00:00, run_after=2024-03-19 00:00:00+00:00
[2024-03-19T09:49:39.965+0000] {logging_mixin.py:188} INFO - [2024-03-19T09:49:39.965+0000] {dag.py:3834} INFO - Setting next_dagrun for example_branch_datetime_operator_2 to 2024-03-18 00:00:00+00:00, run_after=2024-03-19 00:00:00+00:00
[2024-03-19T09:49:39.974+0000] {logging_mixin.py:188} INFO - [2024-03-19T09:49:39.973+0000] {dag.py:3834} INFO - Setting next_dagrun for example_branch_datetime_operator_3 to 2024-03-18 00:00:00+00:00, run_after=2024-03-19 00:00:00+00:00
[2024-03-19T09:49:40.036+0000] {processor.py:183} INFO - Processing /home/airflow/.local/lib/python3.8/site-packages/airflow/example_dags/example_branch_datetime_operator.py took 0.326 seconds
[2024-03-19T09:50:10.842+0000] {processor.py:161} INFO - Started process (PID=23374) to work on /home/airflow/.local/lib/python3.8/site-packages/airflow/example_dags/example_branch_datetime_operator.py
[2024-03-19T09:50:10.844+0000] {processor.py:830} INFO - Processing file /home/airflow/.local/lib/python3.8/site-packages/airflow/example_dags/example_branch_datetime_operator.py for tasks to queue
[2024-03-19T09:50:10.846+0000] {logging_mixin.py:188} INFO - [2024-03-19T09:50:10.845+0000] {dagbag.py:540} INFO - Filling up the DagBag from /home/airflow/.local/lib/python3.8/site-packages/airflow/example_dags/example_branch_datetime_operator.py
[2024-03-19T09:50:10.861+0000] {processor.py:840} INFO - DAG(s) 'example_branch_datetime_operator_3', 'example_branch_datetime_operator', 'example_branch_datetime_operator_2' retrieved from /home/airflow/.local/lib/python3.8/site-packages/airflow/example_dags/example_branch_datetime_operator.py
[2024-03-19T09:50:10.908+0000] {logging_mixin.py:188} INFO - [2024-03-19T09:50:10.907+0000] {dag.py:3047} INFO - Sync 3 DAGs
[2024-03-19T09:50:10.944+0000] {logging_mixin.py:188} INFO - [2024-03-19T09:50:10.944+0000] {dag.py:3834} INFO - Setting next_dagrun for example_branch_datetime_operator to 2024-03-18 00:00:00+00:00, run_after=2024-03-19 00:00:00+00:00
[2024-03-19T09:50:10.953+0000] {logging_mixin.py:188} INFO - [2024-03-19T09:50:10.952+0000] {dag.py:3834} INFO - Setting next_dagrun for example_branch_datetime_operator_2 to 2024-03-18 00:00:00+00:00, run_after=2024-03-19 00:00:00+00:00
[2024-03-19T09:50:10.958+0000] {logging_mixin.py:188} INFO - [2024-03-19T09:50:10.958+0000] {dag.py:3834} INFO - Setting next_dagrun for example_branch_datetime_operator_3 to 2024-03-18 00:00:00+00:00, run_after=2024-03-19 00:00:00+00:00
[2024-03-19T09:50:10.992+0000] {processor.py:183} INFO - Processing /home/airflow/.local/lib/python3.8/site-packages/airflow/example_dags/example_branch_datetime_operator.py took 0.158 seconds
[2024-03-19T09:50:41.936+0000] {processor.py:161} INFO - Started process (PID=23429) to work on /home/airflow/.local/lib/python3.8/site-packages/airflow/example_dags/example_branch_datetime_operator.py
[2024-03-19T09:50:41.954+0000] {processor.py:830} INFO - Processing file /home/airflow/.local/lib/python3.8/site-packages/airflow/example_dags/example_branch_datetime_operator.py for tasks to queue
[2024-03-19T09:50:41.961+0000] {logging_mixin.py:188} INFO - [2024-03-19T09:50:41.959+0000] {dagbag.py:540} INFO - Filling up the DagBag from /home/airflow/.local/lib/python3.8/site-packages/airflow/example_dags/example_branch_datetime_operator.py
[2024-03-19T09:50:42.103+0000] {processor.py:840} INFO - DAG(s) 'example_branch_datetime_operator_3', 'example_branch_datetime_operator', 'example_branch_datetime_operator_2' retrieved from /home/airflow/.local/lib/python3.8/site-packages/airflow/example_dags/example_branch_datetime_operator.py
[2024-03-19T09:50:43.407+0000] {logging_mixin.py:188} INFO - [2024-03-19T09:50:43.406+0000] {dag.py:3047} INFO - Sync 3 DAGs
[2024-03-19T09:50:43.537+0000] {logging_mixin.py:188} INFO - [2024-03-19T09:50:43.536+0000] {dag.py:3834} INFO - Setting next_dagrun for example_branch_datetime_operator to 2024-03-18 00:00:00+00:00, run_after=2024-03-19 00:00:00+00:00
[2024-03-19T09:50:43.581+0000] {logging_mixin.py:188} INFO - [2024-03-19T09:50:43.580+0000] {dag.py:3834} INFO - Setting next_dagrun for example_branch_datetime_operator_2 to 2024-03-18 00:00:00+00:00, run_after=2024-03-19 00:00:00+00:00
[2024-03-19T09:50:43.629+0000] {logging_mixin.py:188} INFO - [2024-03-19T09:50:43.628+0000] {dag.py:3834} INFO - Setting next_dagrun for example_branch_datetime_operator_3 to 2024-03-18 00:00:00+00:00, run_after=2024-03-19 00:00:00+00:00
[2024-03-19T09:50:43.846+0000] {processor.py:183} INFO - Processing /home/airflow/.local/lib/python3.8/site-packages/airflow/example_dags/example_branch_datetime_operator.py took 1.930 seconds
[2024-03-19T09:51:14.405+0000] {processor.py:161} INFO - Started process (PID=23485) to work on /home/airflow/.local/lib/python3.8/site-packages/airflow/example_dags/example_branch_datetime_operator.py
[2024-03-19T09:51:14.407+0000] {processor.py:830} INFO - Processing file /home/airflow/.local/lib/python3.8/site-packages/airflow/example_dags/example_branch_datetime_operator.py for tasks to queue
[2024-03-19T09:51:14.410+0000] {logging_mixin.py:188} INFO - [2024-03-19T09:51:14.409+0000] {dagbag.py:540} INFO - Filling up the DagBag from /home/airflow/.local/lib/python3.8/site-packages/airflow/example_dags/example_branch_datetime_operator.py
[2024-03-19T09:51:14.433+0000] {processor.py:840} INFO - DAG(s) 'example_branch_datetime_operator_2', 'example_branch_datetime_operator_3', 'example_branch_datetime_operator' retrieved from /home/airflow/.local/lib/python3.8/site-packages/airflow/example_dags/example_branch_datetime_operator.py
[2024-03-19T09:51:14.496+0000] {logging_mixin.py:188} INFO - [2024-03-19T09:51:14.495+0000] {dag.py:3047} INFO - Sync 3 DAGs
[2024-03-19T09:51:14.543+0000] {logging_mixin.py:188} INFO - [2024-03-19T09:51:14.543+0000] {dag.py:3834} INFO - Setting next_dagrun for example_branch_datetime_operator to 2024-03-18 00:00:00+00:00, run_after=2024-03-19 00:00:00+00:00
[2024-03-19T09:51:14.557+0000] {logging_mixin.py:188} INFO - [2024-03-19T09:51:14.556+0000] {dag.py:3834} INFO - Setting next_dagrun for example_branch_datetime_operator_2 to 2024-03-18 00:00:00+00:00, run_after=2024-03-19 00:00:00+00:00
[2024-03-19T09:51:14.568+0000] {logging_mixin.py:188} INFO - [2024-03-19T09:51:14.567+0000] {dag.py:3834} INFO - Setting next_dagrun for example_branch_datetime_operator_3 to 2024-03-18 00:00:00+00:00, run_after=2024-03-19 00:00:00+00:00
[2024-03-19T09:51:14.617+0000] {processor.py:183} INFO - Processing /home/airflow/.local/lib/python3.8/site-packages/airflow/example_dags/example_branch_datetime_operator.py took 0.217 seconds
[2024-03-19T09:51:44.706+0000] {processor.py:161} INFO - Started process (PID=23540) to work on /home/airflow/.local/lib/python3.8/site-packages/airflow/example_dags/example_branch_datetime_operator.py
[2024-03-19T09:51:44.708+0000] {processor.py:830} INFO - Processing file /home/airflow/.local/lib/python3.8/site-packages/airflow/example_dags/example_branch_datetime_operator.py for tasks to queue
[2024-03-19T09:51:44.711+0000] {logging_mixin.py:188} INFO - [2024-03-19T09:51:44.710+0000] {dagbag.py:540} INFO - Filling up the DagBag from /home/airflow/.local/lib/python3.8/site-packages/airflow/example_dags/example_branch_datetime_operator.py
[2024-03-19T09:51:44.724+0000] {processor.py:840} INFO - DAG(s) 'example_branch_datetime_operator_3', 'example_branch_datetime_operator', 'example_branch_datetime_operator_2' retrieved from /home/airflow/.local/lib/python3.8/site-packages/airflow/example_dags/example_branch_datetime_operator.py
[2024-03-19T09:51:44.770+0000] {logging_mixin.py:188} INFO - [2024-03-19T09:51:44.770+0000] {dag.py:3047} INFO - Sync 3 DAGs
[2024-03-19T09:51:44.803+0000] {logging_mixin.py:188} INFO - [2024-03-19T09:51:44.803+0000] {dag.py:3834} INFO - Setting next_dagrun for example_branch_datetime_operator to 2024-03-18 00:00:00+00:00, run_after=2024-03-19 00:00:00+00:00
[2024-03-19T09:51:44.810+0000] {logging_mixin.py:188} INFO - [2024-03-19T09:51:44.810+0000] {dag.py:3834} INFO - Setting next_dagrun for example_branch_datetime_operator_2 to 2024-03-18 00:00:00+00:00, run_after=2024-03-19 00:00:00+00:00
[2024-03-19T09:51:44.816+0000] {logging_mixin.py:188} INFO - [2024-03-19T09:51:44.815+0000] {dag.py:3834} INFO - Setting next_dagrun for example_branch_datetime_operator_3 to 2024-03-18 00:00:00+00:00, run_after=2024-03-19 00:00:00+00:00
[2024-03-19T09:51:44.845+0000] {processor.py:183} INFO - Processing /home/airflow/.local/lib/python3.8/site-packages/airflow/example_dags/example_branch_datetime_operator.py took 0.144 seconds
[2024-03-19T09:52:15.114+0000] {processor.py:161} INFO - Started process (PID=23595) to work on /home/airflow/.local/lib/python3.8/site-packages/airflow/example_dags/example_branch_datetime_operator.py
[2024-03-19T09:52:15.116+0000] {processor.py:830} INFO - Processing file /home/airflow/.local/lib/python3.8/site-packages/airflow/example_dags/example_branch_datetime_operator.py for tasks to queue
[2024-03-19T09:52:15.120+0000] {logging_mixin.py:188} INFO - [2024-03-19T09:52:15.119+0000] {dagbag.py:540} INFO - Filling up the DagBag from /home/airflow/.local/lib/python3.8/site-packages/airflow/example_dags/example_branch_datetime_operator.py
[2024-03-19T09:52:15.142+0000] {processor.py:840} INFO - DAG(s) 'example_branch_datetime_operator', 'example_branch_datetime_operator_2', 'example_branch_datetime_operator_3' retrieved from /home/airflow/.local/lib/python3.8/site-packages/airflow/example_dags/example_branch_datetime_operator.py
[2024-03-19T09:52:15.194+0000] {logging_mixin.py:188} INFO - [2024-03-19T09:52:15.194+0000] {dag.py:3047} INFO - Sync 3 DAGs
[2024-03-19T09:52:15.240+0000] {logging_mixin.py:188} INFO - [2024-03-19T09:52:15.240+0000] {dag.py:3834} INFO - Setting next_dagrun for example_branch_datetime_operator to 2024-03-18 00:00:00+00:00, run_after=2024-03-19 00:00:00+00:00
[2024-03-19T09:52:15.249+0000] {logging_mixin.py:188} INFO - [2024-03-19T09:52:15.249+0000] {dag.py:3834} INFO - Setting next_dagrun for example_branch_datetime_operator_2 to 2024-03-18 00:00:00+00:00, run_after=2024-03-19 00:00:00+00:00
[2024-03-19T09:52:15.256+0000] {logging_mixin.py:188} INFO - [2024-03-19T09:52:15.255+0000] {dag.py:3834} INFO - Setting next_dagrun for example_branch_datetime_operator_3 to 2024-03-18 00:00:00+00:00, run_after=2024-03-19 00:00:00+00:00
[2024-03-19T09:52:15.286+0000] {processor.py:183} INFO - Processing /home/airflow/.local/lib/python3.8/site-packages/airflow/example_dags/example_branch_datetime_operator.py took 0.178 seconds
[2024-03-19T09:52:48.562+0000] {processor.py:161} INFO - Started process (PID=23647) to work on /home/airflow/.local/lib/python3.8/site-packages/airflow/example_dags/example_branch_datetime_operator.py
[2024-03-19T09:52:48.565+0000] {processor.py:830} INFO - Processing file /home/airflow/.local/lib/python3.8/site-packages/airflow/example_dags/example_branch_datetime_operator.py for tasks to queue
[2024-03-19T09:52:48.568+0000] {logging_mixin.py:188} INFO - [2024-03-19T09:52:48.566+0000] {dagbag.py:540} INFO - Filling up the DagBag from /home/airflow/.local/lib/python3.8/site-packages/airflow/example_dags/example_branch_datetime_operator.py
[2024-03-19T09:52:48.596+0000] {processor.py:840} INFO - DAG(s) 'example_branch_datetime_operator_3', 'example_branch_datetime_operator_2', 'example_branch_datetime_operator' retrieved from /home/airflow/.local/lib/python3.8/site-packages/airflow/example_dags/example_branch_datetime_operator.py
[2024-03-19T09:52:48.705+0000] {logging_mixin.py:188} INFO - [2024-03-19T09:52:48.704+0000] {dag.py:3047} INFO - Sync 3 DAGs
[2024-03-19T09:52:48.804+0000] {logging_mixin.py:188} INFO - [2024-03-19T09:52:48.804+0000] {dag.py:3834} INFO - Setting next_dagrun for example_branch_datetime_operator to 2024-03-18 00:00:00+00:00, run_after=2024-03-19 00:00:00+00:00
[2024-03-19T09:52:48.832+0000] {logging_mixin.py:188} INFO - [2024-03-19T09:52:48.831+0000] {dag.py:3834} INFO - Setting next_dagrun for example_branch_datetime_operator_2 to 2024-03-18 00:00:00+00:00, run_after=2024-03-19 00:00:00+00:00
[2024-03-19T09:52:48.844+0000] {logging_mixin.py:188} INFO - [2024-03-19T09:52:48.844+0000] {dag.py:3834} INFO - Setting next_dagrun for example_branch_datetime_operator_3 to 2024-03-18 00:00:00+00:00, run_after=2024-03-19 00:00:00+00:00
[2024-03-19T09:52:48.900+0000] {processor.py:183} INFO - Processing /home/airflow/.local/lib/python3.8/site-packages/airflow/example_dags/example_branch_datetime_operator.py took 0.347 seconds
[2024-03-19T09:53:19.116+0000] {processor.py:161} INFO - Started process (PID=23701) to work on /home/airflow/.local/lib/python3.8/site-packages/airflow/example_dags/example_branch_datetime_operator.py
[2024-03-19T09:53:19.117+0000] {processor.py:830} INFO - Processing file /home/airflow/.local/lib/python3.8/site-packages/airflow/example_dags/example_branch_datetime_operator.py for tasks to queue
[2024-03-19T09:53:19.119+0000] {logging_mixin.py:188} INFO - [2024-03-19T09:53:19.118+0000] {dagbag.py:540} INFO - Filling up the DagBag from /home/airflow/.local/lib/python3.8/site-packages/airflow/example_dags/example_branch_datetime_operator.py
[2024-03-19T09:53:19.132+0000] {processor.py:840} INFO - DAG(s) 'example_branch_datetime_operator', 'example_branch_datetime_operator_2', 'example_branch_datetime_operator_3' retrieved from /home/airflow/.local/lib/python3.8/site-packages/airflow/example_dags/example_branch_datetime_operator.py
[2024-03-19T09:53:19.174+0000] {logging_mixin.py:188} INFO - [2024-03-19T09:53:19.174+0000] {dag.py:3047} INFO - Sync 3 DAGs
[2024-03-19T09:53:19.206+0000] {logging_mixin.py:188} INFO - [2024-03-19T09:53:19.206+0000] {dag.py:3834} INFO - Setting next_dagrun for example_branch_datetime_operator to 2024-03-18 00:00:00+00:00, run_after=2024-03-19 00:00:00+00:00
[2024-03-19T09:53:19.213+0000] {logging_mixin.py:188} INFO - [2024-03-19T09:53:19.212+0000] {dag.py:3834} INFO - Setting next_dagrun for example_branch_datetime_operator_2 to 2024-03-18 00:00:00+00:00, run_after=2024-03-19 00:00:00+00:00
[2024-03-19T09:53:19.216+0000] {logging_mixin.py:188} INFO - [2024-03-19T09:53:19.216+0000] {dag.py:3834} INFO - Setting next_dagrun for example_branch_datetime_operator_3 to 2024-03-18 00:00:00+00:00, run_after=2024-03-19 00:00:00+00:00
[2024-03-19T09:53:19.237+0000] {processor.py:183} INFO - Processing /home/airflow/.local/lib/python3.8/site-packages/airflow/example_dags/example_branch_datetime_operator.py took 0.127 seconds
[2024-03-19T09:53:49.563+0000] {processor.py:161} INFO - Started process (PID=23755) to work on /home/airflow/.local/lib/python3.8/site-packages/airflow/example_dags/example_branch_datetime_operator.py
[2024-03-19T09:53:49.565+0000] {processor.py:830} INFO - Processing file /home/airflow/.local/lib/python3.8/site-packages/airflow/example_dags/example_branch_datetime_operator.py for tasks to queue
[2024-03-19T09:53:49.567+0000] {logging_mixin.py:188} INFO - [2024-03-19T09:53:49.566+0000] {dagbag.py:540} INFO - Filling up the DagBag from /home/airflow/.local/lib/python3.8/site-packages/airflow/example_dags/example_branch_datetime_operator.py
[2024-03-19T09:53:49.582+0000] {processor.py:840} INFO - DAG(s) 'example_branch_datetime_operator', 'example_branch_datetime_operator_3', 'example_branch_datetime_operator_2' retrieved from /home/airflow/.local/lib/python3.8/site-packages/airflow/example_dags/example_branch_datetime_operator.py
[2024-03-19T09:53:49.649+0000] {logging_mixin.py:188} INFO - [2024-03-19T09:53:49.649+0000] {dag.py:3047} INFO - Sync 3 DAGs
[2024-03-19T09:53:49.817+0000] {logging_mixin.py:188} INFO - [2024-03-19T09:53:49.817+0000] {dag.py:3834} INFO - Setting next_dagrun for example_branch_datetime_operator to 2024-03-18 00:00:00+00:00, run_after=2024-03-19 00:00:00+00:00
[2024-03-19T09:53:49.829+0000] {logging_mixin.py:188} INFO - [2024-03-19T09:53:49.828+0000] {dag.py:3834} INFO - Setting next_dagrun for example_branch_datetime_operator_2 to 2024-03-18 00:00:00+00:00, run_after=2024-03-19 00:00:00+00:00
[2024-03-19T09:53:49.836+0000] {logging_mixin.py:188} INFO - [2024-03-19T09:53:49.835+0000] {dag.py:3834} INFO - Setting next_dagrun for example_branch_datetime_operator_3 to 2024-03-18 00:00:00+00:00, run_after=2024-03-19 00:00:00+00:00
[2024-03-19T09:53:49.892+0000] {processor.py:183} INFO - Processing /home/airflow/.local/lib/python3.8/site-packages/airflow/example_dags/example_branch_datetime_operator.py took 0.348 seconds
[2024-03-19T09:54:20.221+0000] {processor.py:161} INFO - Started process (PID=23811) to work on /home/airflow/.local/lib/python3.8/site-packages/airflow/example_dags/example_branch_datetime_operator.py
[2024-03-19T09:54:20.223+0000] {processor.py:830} INFO - Processing file /home/airflow/.local/lib/python3.8/site-packages/airflow/example_dags/example_branch_datetime_operator.py for tasks to queue
[2024-03-19T09:54:20.226+0000] {logging_mixin.py:188} INFO - [2024-03-19T09:54:20.224+0000] {dagbag.py:540} INFO - Filling up the DagBag from /home/airflow/.local/lib/python3.8/site-packages/airflow/example_dags/example_branch_datetime_operator.py
[2024-03-19T09:54:20.240+0000] {processor.py:840} INFO - DAG(s) 'example_branch_datetime_operator_3', 'example_branch_datetime_operator', 'example_branch_datetime_operator_2' retrieved from /home/airflow/.local/lib/python3.8/site-packages/airflow/example_dags/example_branch_datetime_operator.py
[2024-03-19T09:54:20.287+0000] {logging_mixin.py:188} INFO - [2024-03-19T09:54:20.286+0000] {dag.py:3047} INFO - Sync 3 DAGs
[2024-03-19T09:54:20.317+0000] {logging_mixin.py:188} INFO - [2024-03-19T09:54:20.316+0000] {dag.py:3834} INFO - Setting next_dagrun for example_branch_datetime_operator to 2024-03-18 00:00:00+00:00, run_after=2024-03-19 00:00:00+00:00
[2024-03-19T09:54:20.323+0000] {logging_mixin.py:188} INFO - [2024-03-19T09:54:20.323+0000] {dag.py:3834} INFO - Setting next_dagrun for example_branch_datetime_operator_2 to 2024-03-18 00:00:00+00:00, run_after=2024-03-19 00:00:00+00:00
[2024-03-19T09:54:20.327+0000] {logging_mixin.py:188} INFO - [2024-03-19T09:54:20.326+0000] {dag.py:3834} INFO - Setting next_dagrun for example_branch_datetime_operator_3 to 2024-03-18 00:00:00+00:00, run_after=2024-03-19 00:00:00+00:00
[2024-03-19T09:54:20.352+0000] {processor.py:183} INFO - Processing /home/airflow/.local/lib/python3.8/site-packages/airflow/example_dags/example_branch_datetime_operator.py took 0.136 seconds
[2024-03-19T09:54:50.412+0000] {processor.py:161} INFO - Started process (PID=23865) to work on /home/airflow/.local/lib/python3.8/site-packages/airflow/example_dags/example_branch_datetime_operator.py
[2024-03-19T09:54:50.414+0000] {processor.py:830} INFO - Processing file /home/airflow/.local/lib/python3.8/site-packages/airflow/example_dags/example_branch_datetime_operator.py for tasks to queue
[2024-03-19T09:54:50.417+0000] {logging_mixin.py:188} INFO - [2024-03-19T09:54:50.417+0000] {dagbag.py:540} INFO - Filling up the DagBag from /home/airflow/.local/lib/python3.8/site-packages/airflow/example_dags/example_branch_datetime_operator.py
[2024-03-19T09:54:50.433+0000] {processor.py:840} INFO - DAG(s) 'example_branch_datetime_operator_3', 'example_branch_datetime_operator', 'example_branch_datetime_operator_2' retrieved from /home/airflow/.local/lib/python3.8/site-packages/airflow/example_dags/example_branch_datetime_operator.py
[2024-03-19T09:54:50.471+0000] {logging_mixin.py:188} INFO - [2024-03-19T09:54:50.471+0000] {dag.py:3047} INFO - Sync 3 DAGs
[2024-03-19T09:54:50.499+0000] {logging_mixin.py:188} INFO - [2024-03-19T09:54:50.498+0000] {dag.py:3834} INFO - Setting next_dagrun for example_branch_datetime_operator to 2024-03-18 00:00:00+00:00, run_after=2024-03-19 00:00:00+00:00
[2024-03-19T09:54:50.505+0000] {logging_mixin.py:188} INFO - [2024-03-19T09:54:50.504+0000] {dag.py:3834} INFO - Setting next_dagrun for example_branch_datetime_operator_2 to 2024-03-18 00:00:00+00:00, run_after=2024-03-19 00:00:00+00:00
[2024-03-19T09:54:50.508+0000] {logging_mixin.py:188} INFO - [2024-03-19T09:54:50.508+0000] {dag.py:3834} INFO - Setting next_dagrun for example_branch_datetime_operator_3 to 2024-03-18 00:00:00+00:00, run_after=2024-03-19 00:00:00+00:00
[2024-03-19T09:54:50.528+0000] {processor.py:183} INFO - Processing /home/airflow/.local/lib/python3.8/site-packages/airflow/example_dags/example_branch_datetime_operator.py took 0.121 seconds
[2024-03-19T09:55:20.762+0000] {processor.py:161} INFO - Started process (PID=23915) to work on /home/airflow/.local/lib/python3.8/site-packages/airflow/example_dags/example_branch_datetime_operator.py
[2024-03-19T09:55:20.764+0000] {processor.py:830} INFO - Processing file /home/airflow/.local/lib/python3.8/site-packages/airflow/example_dags/example_branch_datetime_operator.py for tasks to queue
[2024-03-19T09:55:20.766+0000] {logging_mixin.py:188} INFO - [2024-03-19T09:55:20.765+0000] {dagbag.py:540} INFO - Filling up the DagBag from /home/airflow/.local/lib/python3.8/site-packages/airflow/example_dags/example_branch_datetime_operator.py
[2024-03-19T09:55:20.782+0000] {processor.py:840} INFO - DAG(s) 'example_branch_datetime_operator_2', 'example_branch_datetime_operator_3', 'example_branch_datetime_operator' retrieved from /home/airflow/.local/lib/python3.8/site-packages/airflow/example_dags/example_branch_datetime_operator.py
[2024-03-19T09:55:20.831+0000] {logging_mixin.py:188} INFO - [2024-03-19T09:55:20.831+0000] {dag.py:3047} INFO - Sync 3 DAGs
[2024-03-19T09:55:20.863+0000] {logging_mixin.py:188} INFO - [2024-03-19T09:55:20.863+0000] {dag.py:3834} INFO - Setting next_dagrun for example_branch_datetime_operator to 2024-03-18 00:00:00+00:00, run_after=2024-03-19 00:00:00+00:00
[2024-03-19T09:55:20.870+0000] {logging_mixin.py:188} INFO - [2024-03-19T09:55:20.870+0000] {dag.py:3834} INFO - Setting next_dagrun for example_branch_datetime_operator_2 to 2024-03-18 00:00:00+00:00, run_after=2024-03-19 00:00:00+00:00
[2024-03-19T09:55:20.875+0000] {logging_mixin.py:188} INFO - [2024-03-19T09:55:20.875+0000] {dag.py:3834} INFO - Setting next_dagrun for example_branch_datetime_operator_3 to 2024-03-18 00:00:00+00:00, run_after=2024-03-19 00:00:00+00:00
[2024-03-19T09:55:20.899+0000] {processor.py:183} INFO - Processing /home/airflow/.local/lib/python3.8/site-packages/airflow/example_dags/example_branch_datetime_operator.py took 0.143 seconds
[2024-03-19T09:55:51.281+0000] {processor.py:161} INFO - Started process (PID=23970) to work on /home/airflow/.local/lib/python3.8/site-packages/airflow/example_dags/example_branch_datetime_operator.py
[2024-03-19T09:55:51.285+0000] {processor.py:830} INFO - Processing file /home/airflow/.local/lib/python3.8/site-packages/airflow/example_dags/example_branch_datetime_operator.py for tasks to queue
[2024-03-19T09:55:51.292+0000] {logging_mixin.py:188} INFO - [2024-03-19T09:55:51.291+0000] {dagbag.py:540} INFO - Filling up the DagBag from /home/airflow/.local/lib/python3.8/site-packages/airflow/example_dags/example_branch_datetime_operator.py
[2024-03-19T09:55:51.315+0000] {processor.py:840} INFO - DAG(s) 'example_branch_datetime_operator_3', 'example_branch_datetime_operator', 'example_branch_datetime_operator_2' retrieved from /home/airflow/.local/lib/python3.8/site-packages/airflow/example_dags/example_branch_datetime_operator.py
[2024-03-19T09:55:51.363+0000] {logging_mixin.py:188} INFO - [2024-03-19T09:55:51.362+0000] {dag.py:3047} INFO - Sync 3 DAGs
[2024-03-19T09:55:51.401+0000] {logging_mixin.py:188} INFO - [2024-03-19T09:55:51.401+0000] {dag.py:3834} INFO - Setting next_dagrun for example_branch_datetime_operator to 2024-03-18 00:00:00+00:00, run_after=2024-03-19 00:00:00+00:00
[2024-03-19T09:55:51.408+0000] {logging_mixin.py:188} INFO - [2024-03-19T09:55:51.407+0000] {dag.py:3834} INFO - Setting next_dagrun for example_branch_datetime_operator_2 to 2024-03-18 00:00:00+00:00, run_after=2024-03-19 00:00:00+00:00
[2024-03-19T09:55:51.412+0000] {logging_mixin.py:188} INFO - [2024-03-19T09:55:51.411+0000] {dag.py:3834} INFO - Setting next_dagrun for example_branch_datetime_operator_3 to 2024-03-18 00:00:00+00:00, run_after=2024-03-19 00:00:00+00:00
[2024-03-19T09:55:51.448+0000] {processor.py:183} INFO - Processing /home/airflow/.local/lib/python3.8/site-packages/airflow/example_dags/example_branch_datetime_operator.py took 0.176 seconds
[2024-03-19T09:56:21.740+0000] {processor.py:161} INFO - Started process (PID=24025) to work on /home/airflow/.local/lib/python3.8/site-packages/airflow/example_dags/example_branch_datetime_operator.py
[2024-03-19T09:56:21.742+0000] {processor.py:830} INFO - Processing file /home/airflow/.local/lib/python3.8/site-packages/airflow/example_dags/example_branch_datetime_operator.py for tasks to queue
[2024-03-19T09:56:21.744+0000] {logging_mixin.py:188} INFO - [2024-03-19T09:56:21.743+0000] {dagbag.py:540} INFO - Filling up the DagBag from /home/airflow/.local/lib/python3.8/site-packages/airflow/example_dags/example_branch_datetime_operator.py
[2024-03-19T09:56:21.758+0000] {processor.py:840} INFO - DAG(s) 'example_branch_datetime_operator', 'example_branch_datetime_operator_3', 'example_branch_datetime_operator_2' retrieved from /home/airflow/.local/lib/python3.8/site-packages/airflow/example_dags/example_branch_datetime_operator.py
[2024-03-19T09:56:21.806+0000] {logging_mixin.py:188} INFO - [2024-03-19T09:56:21.806+0000] {dag.py:3047} INFO - Sync 3 DAGs
[2024-03-19T09:56:21.839+0000] {logging_mixin.py:188} INFO - [2024-03-19T09:56:21.839+0000] {dag.py:3834} INFO - Setting next_dagrun for example_branch_datetime_operator to 2024-03-18 00:00:00+00:00, run_after=2024-03-19 00:00:00+00:00
[2024-03-19T09:56:21.849+0000] {logging_mixin.py:188} INFO - [2024-03-19T09:56:21.849+0000] {dag.py:3834} INFO - Setting next_dagrun for example_branch_datetime_operator_2 to 2024-03-18 00:00:00+00:00, run_after=2024-03-19 00:00:00+00:00
[2024-03-19T09:56:21.855+0000] {logging_mixin.py:188} INFO - [2024-03-19T09:56:21.855+0000] {dag.py:3834} INFO - Setting next_dagrun for example_branch_datetime_operator_3 to 2024-03-18 00:00:00+00:00, run_after=2024-03-19 00:00:00+00:00
[2024-03-19T09:56:21.891+0000] {processor.py:183} INFO - Processing /home/airflow/.local/lib/python3.8/site-packages/airflow/example_dags/example_branch_datetime_operator.py took 0.158 seconds
[2024-03-19T09:56:52.223+0000] {processor.py:161} INFO - Started process (PID=24080) to work on /home/airflow/.local/lib/python3.8/site-packages/airflow/example_dags/example_branch_datetime_operator.py
[2024-03-19T09:56:52.231+0000] {processor.py:830} INFO - Processing file /home/airflow/.local/lib/python3.8/site-packages/airflow/example_dags/example_branch_datetime_operator.py for tasks to queue
[2024-03-19T09:56:52.234+0000] {logging_mixin.py:188} INFO - [2024-03-19T09:56:52.233+0000] {dagbag.py:540} INFO - Filling up the DagBag from /home/airflow/.local/lib/python3.8/site-packages/airflow/example_dags/example_branch_datetime_operator.py
[2024-03-19T09:56:52.283+0000] {processor.py:840} INFO - DAG(s) 'example_branch_datetime_operator_2', 'example_branch_datetime_operator_3', 'example_branch_datetime_operator' retrieved from /home/airflow/.local/lib/python3.8/site-packages/airflow/example_dags/example_branch_datetime_operator.py
[2024-03-19T09:56:52.396+0000] {logging_mixin.py:188} INFO - [2024-03-19T09:56:52.393+0000] {dag.py:3047} INFO - Sync 3 DAGs
[2024-03-19T09:56:52.509+0000] {logging_mixin.py:188} INFO - [2024-03-19T09:56:52.508+0000] {dag.py:3834} INFO - Setting next_dagrun for example_branch_datetime_operator to 2024-03-18 00:00:00+00:00, run_after=2024-03-19 00:00:00+00:00
[2024-03-19T09:56:52.534+0000] {logging_mixin.py:188} INFO - [2024-03-19T09:56:52.534+0000] {dag.py:3834} INFO - Setting next_dagrun for example_branch_datetime_operator_2 to 2024-03-18 00:00:00+00:00, run_after=2024-03-19 00:00:00+00:00
[2024-03-19T09:56:52.546+0000] {logging_mixin.py:188} INFO - [2024-03-19T09:56:52.546+0000] {dag.py:3834} INFO - Setting next_dagrun for example_branch_datetime_operator_3 to 2024-03-18 00:00:00+00:00, run_after=2024-03-19 00:00:00+00:00
[2024-03-19T09:56:52.608+0000] {processor.py:183} INFO - Processing /home/airflow/.local/lib/python3.8/site-packages/airflow/example_dags/example_branch_datetime_operator.py took 0.398 seconds
