[2024-03-19T09:44:19.648+0000] {processor.py:161} INFO - Started process (PID=22773) to work on /home/airflow/.local/lib/python3.8/site-packages/airflow/example_dags/example_latest_only.py
[2024-03-19T09:44:19.653+0000] {processor.py:830} INFO - Processing file /home/airflow/.local/lib/python3.8/site-packages/airflow/example_dags/example_latest_only.py for tasks to queue
[2024-03-19T09:44:19.665+0000] {logging_mixin.py:188} INFO - [2024-03-19T09:44:19.656+0000] {dagbag.py:540} INFO - Filling up the DagBag from /home/airflow/.local/lib/python3.8/site-packages/airflow/example_dags/example_latest_only.py
[2024-03-19T09:44:19.798+0000] {processor.py:840} INFO - DAG(s) 'latest_only' retrieved from /home/airflow/.local/lib/python3.8/site-packages/airflow/example_dags/example_latest_only.py
[2024-03-19T09:44:20.051+0000] {logging_mixin.py:188} INFO - [2024-03-19T09:44:20.051+0000] {dag.py:3047} INFO - Sync 1 DAGs
[2024-03-19T09:44:20.215+0000] {logging_mixin.py:188} INFO - [2024-03-19T09:44:20.214+0000] {dag.py:3834} INFO - Setting next_dagrun for latest_only to 2024-03-19 04:00:00+00:00, run_after=2024-03-19 08:00:00+00:00
[2024-03-19T09:44:20.314+0000] {processor.py:183} INFO - Processing /home/airflow/.local/lib/python3.8/site-packages/airflow/example_dags/example_latest_only.py took 0.685 seconds
[2024-03-19T09:44:50.941+0000] {processor.py:161} INFO - Started process (PID=22828) to work on /home/airflow/.local/lib/python3.8/site-packages/airflow/example_dags/example_latest_only.py
[2024-03-19T09:44:50.942+0000] {processor.py:830} INFO - Processing file /home/airflow/.local/lib/python3.8/site-packages/airflow/example_dags/example_latest_only.py for tasks to queue
[2024-03-19T09:44:50.944+0000] {logging_mixin.py:188} INFO - [2024-03-19T09:44:50.944+0000] {dagbag.py:540} INFO - Filling up the DagBag from /home/airflow/.local/lib/python3.8/site-packages/airflow/example_dags/example_latest_only.py
[2024-03-19T09:44:50.951+0000] {processor.py:840} INFO - DAG(s) 'latest_only' retrieved from /home/airflow/.local/lib/python3.8/site-packages/airflow/example_dags/example_latest_only.py
[2024-03-19T09:44:50.977+0000] {logging_mixin.py:188} INFO - [2024-03-19T09:44:50.977+0000] {dag.py:3047} INFO - Sync 1 DAGs
[2024-03-19T09:44:51.001+0000] {logging_mixin.py:188} INFO - [2024-03-19T09:44:51.001+0000] {dag.py:3834} INFO - Setting next_dagrun for latest_only to 2024-03-19 04:00:00+00:00, run_after=2024-03-19 08:00:00+00:00
[2024-03-19T09:44:51.029+0000] {processor.py:183} INFO - Processing /home/airflow/.local/lib/python3.8/site-packages/airflow/example_dags/example_latest_only.py took 0.093 seconds
[2024-03-19T09:45:23.179+0000] {processor.py:161} INFO - Started process (PID=22883) to work on /home/airflow/.local/lib/python3.8/site-packages/airflow/example_dags/example_latest_only.py
[2024-03-19T09:45:23.182+0000] {processor.py:830} INFO - Processing file /home/airflow/.local/lib/python3.8/site-packages/airflow/example_dags/example_latest_only.py for tasks to queue
[2024-03-19T09:45:23.186+0000] {logging_mixin.py:188} INFO - [2024-03-19T09:45:23.185+0000] {dagbag.py:540} INFO - Filling up the DagBag from /home/airflow/.local/lib/python3.8/site-packages/airflow/example_dags/example_latest_only.py
[2024-03-19T09:45:23.219+0000] {processor.py:840} INFO - DAG(s) 'latest_only' retrieved from /home/airflow/.local/lib/python3.8/site-packages/airflow/example_dags/example_latest_only.py
[2024-03-19T09:45:23.565+0000] {logging_mixin.py:188} INFO - [2024-03-19T09:45:23.565+0000] {dag.py:3047} INFO - Sync 1 DAGs
[2024-03-19T09:45:23.726+0000] {logging_mixin.py:188} INFO - [2024-03-19T09:45:23.720+0000] {dag.py:3834} INFO - Setting next_dagrun for latest_only to 2024-03-19 04:00:00+00:00, run_after=2024-03-19 08:00:00+00:00
[2024-03-19T09:45:23.916+0000] {processor.py:183} INFO - Processing /home/airflow/.local/lib/python3.8/site-packages/airflow/example_dags/example_latest_only.py took 0.809 seconds
[2024-03-19T09:45:56.926+0000] {processor.py:161} INFO - Started process (PID=22938) to work on /home/airflow/.local/lib/python3.8/site-packages/airflow/example_dags/example_latest_only.py
[2024-03-19T09:45:56.959+0000] {processor.py:830} INFO - Processing file /home/airflow/.local/lib/python3.8/site-packages/airflow/example_dags/example_latest_only.py for tasks to queue
[2024-03-19T09:45:56.972+0000] {logging_mixin.py:188} INFO - [2024-03-19T09:45:56.968+0000] {dagbag.py:540} INFO - Filling up the DagBag from /home/airflow/.local/lib/python3.8/site-packages/airflow/example_dags/example_latest_only.py
[2024-03-19T09:45:57.059+0000] {processor.py:840} INFO - DAG(s) 'latest_only' retrieved from /home/airflow/.local/lib/python3.8/site-packages/airflow/example_dags/example_latest_only.py
[2024-03-19T09:45:57.597+0000] {logging_mixin.py:188} INFO - [2024-03-19T09:45:57.589+0000] {dag.py:3047} INFO - Sync 1 DAGs
[2024-03-19T09:45:58.086+0000] {logging_mixin.py:188} INFO - [2024-03-19T09:45:58.085+0000] {dag.py:3834} INFO - Setting next_dagrun for latest_only to 2024-03-19 04:00:00+00:00, run_after=2024-03-19 08:00:00+00:00
[2024-03-19T09:46:00.720+0000] {processor.py:183} INFO - Processing /home/airflow/.local/lib/python3.8/site-packages/airflow/example_dags/example_latest_only.py took 4.010 seconds
[2024-03-19T09:46:31.637+0000] {processor.py:161} INFO - Started process (PID=22991) to work on /home/airflow/.local/lib/python3.8/site-packages/airflow/example_dags/example_latest_only.py
[2024-03-19T09:46:31.640+0000] {processor.py:830} INFO - Processing file /home/airflow/.local/lib/python3.8/site-packages/airflow/example_dags/example_latest_only.py for tasks to queue
[2024-03-19T09:46:31.642+0000] {logging_mixin.py:188} INFO - [2024-03-19T09:46:31.642+0000] {dagbag.py:540} INFO - Filling up the DagBag from /home/airflow/.local/lib/python3.8/site-packages/airflow/example_dags/example_latest_only.py
[2024-03-19T09:46:31.651+0000] {processor.py:840} INFO - DAG(s) 'latest_only' retrieved from /home/airflow/.local/lib/python3.8/site-packages/airflow/example_dags/example_latest_only.py
[2024-03-19T09:46:31.682+0000] {logging_mixin.py:188} INFO - [2024-03-19T09:46:31.682+0000] {dag.py:3047} INFO - Sync 1 DAGs
[2024-03-19T09:46:31.719+0000] {logging_mixin.py:188} INFO - [2024-03-19T09:46:31.719+0000] {dag.py:3834} INFO - Setting next_dagrun for latest_only to 2024-03-19 04:00:00+00:00, run_after=2024-03-19 08:00:00+00:00
[2024-03-19T09:46:31.748+0000] {processor.py:183} INFO - Processing /home/airflow/.local/lib/python3.8/site-packages/airflow/example_dags/example_latest_only.py took 0.116 seconds
[2024-03-19T09:47:02.179+0000] {processor.py:161} INFO - Started process (PID=23046) to work on /home/airflow/.local/lib/python3.8/site-packages/airflow/example_dags/example_latest_only.py
[2024-03-19T09:47:02.182+0000] {processor.py:830} INFO - Processing file /home/airflow/.local/lib/python3.8/site-packages/airflow/example_dags/example_latest_only.py for tasks to queue
[2024-03-19T09:47:02.184+0000] {logging_mixin.py:188} INFO - [2024-03-19T09:47:02.184+0000] {dagbag.py:540} INFO - Filling up the DagBag from /home/airflow/.local/lib/python3.8/site-packages/airflow/example_dags/example_latest_only.py
[2024-03-19T09:47:02.201+0000] {processor.py:840} INFO - DAG(s) 'latest_only' retrieved from /home/airflow/.local/lib/python3.8/site-packages/airflow/example_dags/example_latest_only.py
[2024-03-19T09:47:02.255+0000] {logging_mixin.py:188} INFO - [2024-03-19T09:47:02.255+0000] {dag.py:3047} INFO - Sync 1 DAGs
[2024-03-19T09:47:02.317+0000] {logging_mixin.py:188} INFO - [2024-03-19T09:47:02.316+0000] {dag.py:3834} INFO - Setting next_dagrun for latest_only to 2024-03-19 04:00:00+00:00, run_after=2024-03-19 08:00:00+00:00
[2024-03-19T09:47:02.349+0000] {processor.py:183} INFO - Processing /home/airflow/.local/lib/python3.8/site-packages/airflow/example_dags/example_latest_only.py took 0.177 seconds
[2024-03-19T09:47:33.020+0000] {processor.py:161} INFO - Started process (PID=23101) to work on /home/airflow/.local/lib/python3.8/site-packages/airflow/example_dags/example_latest_only.py
[2024-03-19T09:47:33.029+0000] {processor.py:830} INFO - Processing file /home/airflow/.local/lib/python3.8/site-packages/airflow/example_dags/example_latest_only.py for tasks to queue
[2024-03-19T09:47:33.033+0000] {logging_mixin.py:188} INFO - [2024-03-19T09:47:33.032+0000] {dagbag.py:540} INFO - Filling up the DagBag from /home/airflow/.local/lib/python3.8/site-packages/airflow/example_dags/example_latest_only.py
[2024-03-19T09:47:33.055+0000] {processor.py:840} INFO - DAG(s) 'latest_only' retrieved from /home/airflow/.local/lib/python3.8/site-packages/airflow/example_dags/example_latest_only.py
[2024-03-19T09:47:33.118+0000] {logging_mixin.py:188} INFO - [2024-03-19T09:47:33.117+0000] {dag.py:3047} INFO - Sync 1 DAGs
[2024-03-19T09:47:33.183+0000] {logging_mixin.py:188} INFO - [2024-03-19T09:47:33.182+0000] {dag.py:3834} INFO - Setting next_dagrun for latest_only to 2024-03-19 04:00:00+00:00, run_after=2024-03-19 08:00:00+00:00
[2024-03-19T09:47:33.235+0000] {processor.py:183} INFO - Processing /home/airflow/.local/lib/python3.8/site-packages/airflow/example_dags/example_latest_only.py took 0.231 seconds
[2024-03-19T09:48:03.628+0000] {processor.py:161} INFO - Started process (PID=23156) to work on /home/airflow/.local/lib/python3.8/site-packages/airflow/example_dags/example_latest_only.py
[2024-03-19T09:48:03.632+0000] {processor.py:830} INFO - Processing file /home/airflow/.local/lib/python3.8/site-packages/airflow/example_dags/example_latest_only.py for tasks to queue
[2024-03-19T09:48:03.634+0000] {logging_mixin.py:188} INFO - [2024-03-19T09:48:03.634+0000] {dagbag.py:540} INFO - Filling up the DagBag from /home/airflow/.local/lib/python3.8/site-packages/airflow/example_dags/example_latest_only.py
[2024-03-19T09:48:03.646+0000] {processor.py:840} INFO - DAG(s) 'latest_only' retrieved from /home/airflow/.local/lib/python3.8/site-packages/airflow/example_dags/example_latest_only.py
[2024-03-19T09:48:03.688+0000] {logging_mixin.py:188} INFO - [2024-03-19T09:48:03.687+0000] {dag.py:3047} INFO - Sync 1 DAGs
[2024-03-19T09:48:03.733+0000] {logging_mixin.py:188} INFO - [2024-03-19T09:48:03.733+0000] {dag.py:3834} INFO - Setting next_dagrun for latest_only to 2024-03-19 04:00:00+00:00, run_after=2024-03-19 08:00:00+00:00
[2024-03-19T09:48:03.770+0000] {processor.py:183} INFO - Processing /home/airflow/.local/lib/python3.8/site-packages/airflow/example_dags/example_latest_only.py took 0.149 seconds
[2024-03-19T09:48:33.889+0000] {processor.py:161} INFO - Started process (PID=23211) to work on /home/airflow/.local/lib/python3.8/site-packages/airflow/example_dags/example_latest_only.py
[2024-03-19T09:48:33.890+0000] {processor.py:830} INFO - Processing file /home/airflow/.local/lib/python3.8/site-packages/airflow/example_dags/example_latest_only.py for tasks to queue
[2024-03-19T09:48:33.892+0000] {logging_mixin.py:188} INFO - [2024-03-19T09:48:33.891+0000] {dagbag.py:540} INFO - Filling up the DagBag from /home/airflow/.local/lib/python3.8/site-packages/airflow/example_dags/example_latest_only.py
[2024-03-19T09:48:33.902+0000] {processor.py:840} INFO - DAG(s) 'latest_only' retrieved from /home/airflow/.local/lib/python3.8/site-packages/airflow/example_dags/example_latest_only.py
[2024-03-19T09:48:33.933+0000] {logging_mixin.py:188} INFO - [2024-03-19T09:48:33.932+0000] {dag.py:3047} INFO - Sync 1 DAGs
[2024-03-19T09:48:33.961+0000] {logging_mixin.py:188} INFO - [2024-03-19T09:48:33.961+0000] {dag.py:3834} INFO - Setting next_dagrun for latest_only to 2024-03-19 04:00:00+00:00, run_after=2024-03-19 08:00:00+00:00
[2024-03-19T09:48:33.987+0000] {processor.py:183} INFO - Processing /home/airflow/.local/lib/python3.8/site-packages/airflow/example_dags/example_latest_only.py took 0.103 seconds
[2024-03-19T09:49:04.049+0000] {processor.py:161} INFO - Started process (PID=23265) to work on /home/airflow/.local/lib/python3.8/site-packages/airflow/example_dags/example_latest_only.py
[2024-03-19T09:49:04.052+0000] {processor.py:830} INFO - Processing file /home/airflow/.local/lib/python3.8/site-packages/airflow/example_dags/example_latest_only.py for tasks to queue
[2024-03-19T09:49:04.055+0000] {logging_mixin.py:188} INFO - [2024-03-19T09:49:04.054+0000] {dagbag.py:540} INFO - Filling up the DagBag from /home/airflow/.local/lib/python3.8/site-packages/airflow/example_dags/example_latest_only.py
[2024-03-19T09:49:04.065+0000] {processor.py:840} INFO - DAG(s) 'latest_only' retrieved from /home/airflow/.local/lib/python3.8/site-packages/airflow/example_dags/example_latest_only.py
[2024-03-19T09:49:04.102+0000] {logging_mixin.py:188} INFO - [2024-03-19T09:49:04.102+0000] {dag.py:3047} INFO - Sync 1 DAGs
[2024-03-19T09:49:04.135+0000] {logging_mixin.py:188} INFO - [2024-03-19T09:49:04.135+0000] {dag.py:3834} INFO - Setting next_dagrun for latest_only to 2024-03-19 04:00:00+00:00, run_after=2024-03-19 08:00:00+00:00
[2024-03-19T09:49:04.170+0000] {processor.py:183} INFO - Processing /home/airflow/.local/lib/python3.8/site-packages/airflow/example_dags/example_latest_only.py took 0.127 seconds
[2024-03-19T09:49:34.671+0000] {processor.py:161} INFO - Started process (PID=23319) to work on /home/airflow/.local/lib/python3.8/site-packages/airflow/example_dags/example_latest_only.py
[2024-03-19T09:49:34.673+0000] {processor.py:830} INFO - Processing file /home/airflow/.local/lib/python3.8/site-packages/airflow/example_dags/example_latest_only.py for tasks to queue
[2024-03-19T09:49:34.675+0000] {logging_mixin.py:188} INFO - [2024-03-19T09:49:34.674+0000] {dagbag.py:540} INFO - Filling up the DagBag from /home/airflow/.local/lib/python3.8/site-packages/airflow/example_dags/example_latest_only.py
[2024-03-19T09:49:34.683+0000] {processor.py:840} INFO - DAG(s) 'latest_only' retrieved from /home/airflow/.local/lib/python3.8/site-packages/airflow/example_dags/example_latest_only.py
[2024-03-19T09:49:34.725+0000] {logging_mixin.py:188} INFO - [2024-03-19T09:49:34.724+0000] {dag.py:3047} INFO - Sync 1 DAGs
[2024-03-19T09:49:34.804+0000] {logging_mixin.py:188} INFO - [2024-03-19T09:49:34.803+0000] {dag.py:3834} INFO - Setting next_dagrun for latest_only to 2024-03-19 04:00:00+00:00, run_after=2024-03-19 08:00:00+00:00
[2024-03-19T09:49:34.857+0000] {processor.py:183} INFO - Processing /home/airflow/.local/lib/python3.8/site-packages/airflow/example_dags/example_latest_only.py took 0.192 seconds
[2024-03-19T09:50:05.575+0000] {processor.py:161} INFO - Started process (PID=23371) to work on /home/airflow/.local/lib/python3.8/site-packages/airflow/example_dags/example_latest_only.py
[2024-03-19T09:50:05.579+0000] {processor.py:830} INFO - Processing file /home/airflow/.local/lib/python3.8/site-packages/airflow/example_dags/example_latest_only.py for tasks to queue
[2024-03-19T09:50:05.582+0000] {logging_mixin.py:188} INFO - [2024-03-19T09:50:05.581+0000] {dagbag.py:540} INFO - Filling up the DagBag from /home/airflow/.local/lib/python3.8/site-packages/airflow/example_dags/example_latest_only.py
[2024-03-19T09:50:05.593+0000] {processor.py:840} INFO - DAG(s) 'latest_only' retrieved from /home/airflow/.local/lib/python3.8/site-packages/airflow/example_dags/example_latest_only.py
[2024-03-19T09:50:05.637+0000] {logging_mixin.py:188} INFO - [2024-03-19T09:50:05.636+0000] {dag.py:3047} INFO - Sync 1 DAGs
[2024-03-19T09:50:05.685+0000] {logging_mixin.py:188} INFO - [2024-03-19T09:50:05.684+0000] {dag.py:3834} INFO - Setting next_dagrun for latest_only to 2024-03-19 04:00:00+00:00, run_after=2024-03-19 08:00:00+00:00
[2024-03-19T09:50:05.738+0000] {processor.py:183} INFO - Processing /home/airflow/.local/lib/python3.8/site-packages/airflow/example_dags/example_latest_only.py took 0.170 seconds
[2024-03-19T09:50:36.456+0000] {processor.py:161} INFO - Started process (PID=23421) to work on /home/airflow/.local/lib/python3.8/site-packages/airflow/example_dags/example_latest_only.py
[2024-03-19T09:50:36.460+0000] {processor.py:830} INFO - Processing file /home/airflow/.local/lib/python3.8/site-packages/airflow/example_dags/example_latest_only.py for tasks to queue
[2024-03-19T09:50:36.473+0000] {logging_mixin.py:188} INFO - [2024-03-19T09:50:36.471+0000] {dagbag.py:540} INFO - Filling up the DagBag from /home/airflow/.local/lib/python3.8/site-packages/airflow/example_dags/example_latest_only.py
[2024-03-19T09:50:36.498+0000] {processor.py:840} INFO - DAG(s) 'latest_only' retrieved from /home/airflow/.local/lib/python3.8/site-packages/airflow/example_dags/example_latest_only.py
[2024-03-19T09:50:36.569+0000] {logging_mixin.py:188} INFO - [2024-03-19T09:50:36.568+0000] {dag.py:3047} INFO - Sync 1 DAGs
[2024-03-19T09:50:36.664+0000] {logging_mixin.py:188} INFO - [2024-03-19T09:50:36.663+0000] {dag.py:3834} INFO - Setting next_dagrun for latest_only to 2024-03-19 04:00:00+00:00, run_after=2024-03-19 08:00:00+00:00
[2024-03-19T09:50:36.732+0000] {processor.py:183} INFO - Processing /home/airflow/.local/lib/python3.8/site-packages/airflow/example_dags/example_latest_only.py took 0.296 seconds
[2024-03-19T09:51:08.165+0000] {processor.py:161} INFO - Started process (PID=23475) to work on /home/airflow/.local/lib/python3.8/site-packages/airflow/example_dags/example_latest_only.py
[2024-03-19T09:51:08.169+0000] {processor.py:830} INFO - Processing file /home/airflow/.local/lib/python3.8/site-packages/airflow/example_dags/example_latest_only.py for tasks to queue
[2024-03-19T09:51:08.171+0000] {logging_mixin.py:188} INFO - [2024-03-19T09:51:08.171+0000] {dagbag.py:540} INFO - Filling up the DagBag from /home/airflow/.local/lib/python3.8/site-packages/airflow/example_dags/example_latest_only.py
[2024-03-19T09:51:08.180+0000] {processor.py:840} INFO - DAG(s) 'latest_only' retrieved from /home/airflow/.local/lib/python3.8/site-packages/airflow/example_dags/example_latest_only.py
[2024-03-19T09:51:08.229+0000] {logging_mixin.py:188} INFO - [2024-03-19T09:51:08.228+0000] {dag.py:3047} INFO - Sync 1 DAGs
[2024-03-19T09:51:08.270+0000] {logging_mixin.py:188} INFO - [2024-03-19T09:51:08.269+0000] {dag.py:3834} INFO - Setting next_dagrun for latest_only to 2024-03-19 04:00:00+00:00, run_after=2024-03-19 08:00:00+00:00
[2024-03-19T09:51:08.302+0000] {processor.py:183} INFO - Processing /home/airflow/.local/lib/python3.8/site-packages/airflow/example_dags/example_latest_only.py took 0.142 seconds
[2024-03-19T09:51:38.572+0000] {processor.py:161} INFO - Started process (PID=23530) to work on /home/airflow/.local/lib/python3.8/site-packages/airflow/example_dags/example_latest_only.py
[2024-03-19T09:51:38.574+0000] {processor.py:830} INFO - Processing file /home/airflow/.local/lib/python3.8/site-packages/airflow/example_dags/example_latest_only.py for tasks to queue
[2024-03-19T09:51:38.577+0000] {logging_mixin.py:188} INFO - [2024-03-19T09:51:38.576+0000] {dagbag.py:540} INFO - Filling up the DagBag from /home/airflow/.local/lib/python3.8/site-packages/airflow/example_dags/example_latest_only.py
[2024-03-19T09:51:38.586+0000] {processor.py:840} INFO - DAG(s) 'latest_only' retrieved from /home/airflow/.local/lib/python3.8/site-packages/airflow/example_dags/example_latest_only.py
[2024-03-19T09:51:38.622+0000] {logging_mixin.py:188} INFO - [2024-03-19T09:51:38.622+0000] {dag.py:3047} INFO - Sync 1 DAGs
[2024-03-19T09:51:38.659+0000] {logging_mixin.py:188} INFO - [2024-03-19T09:51:38.658+0000] {dag.py:3834} INFO - Setting next_dagrun for latest_only to 2024-03-19 04:00:00+00:00, run_after=2024-03-19 08:00:00+00:00
[2024-03-19T09:51:38.698+0000] {processor.py:183} INFO - Processing /home/airflow/.local/lib/python3.8/site-packages/airflow/example_dags/example_latest_only.py took 0.130 seconds
[2024-03-19T09:52:09.446+0000] {processor.py:161} INFO - Started process (PID=23585) to work on /home/airflow/.local/lib/python3.8/site-packages/airflow/example_dags/example_latest_only.py
[2024-03-19T09:52:09.467+0000] {processor.py:830} INFO - Processing file /home/airflow/.local/lib/python3.8/site-packages/airflow/example_dags/example_latest_only.py for tasks to queue
[2024-03-19T09:52:09.470+0000] {logging_mixin.py:188} INFO - [2024-03-19T09:52:09.469+0000] {dagbag.py:540} INFO - Filling up the DagBag from /home/airflow/.local/lib/python3.8/site-packages/airflow/example_dags/example_latest_only.py
[2024-03-19T09:52:09.495+0000] {processor.py:840} INFO - DAG(s) 'latest_only' retrieved from /home/airflow/.local/lib/python3.8/site-packages/airflow/example_dags/example_latest_only.py
[2024-03-19T09:52:09.571+0000] {logging_mixin.py:188} INFO - [2024-03-19T09:52:09.570+0000] {dag.py:3047} INFO - Sync 1 DAGs
[2024-03-19T09:52:09.608+0000] {logging_mixin.py:188} INFO - [2024-03-19T09:52:09.607+0000] {dag.py:3834} INFO - Setting next_dagrun for latest_only to 2024-03-19 04:00:00+00:00, run_after=2024-03-19 08:00:00+00:00
[2024-03-19T09:52:09.639+0000] {processor.py:183} INFO - Processing /home/airflow/.local/lib/python3.8/site-packages/airflow/example_dags/example_latest_only.py took 0.201 seconds
[2024-03-19T09:52:44.242+0000] {processor.py:161} INFO - Started process (PID=23636) to work on /home/airflow/.local/lib/python3.8/site-packages/airflow/example_dags/example_latest_only.py
[2024-03-19T09:52:44.245+0000] {processor.py:830} INFO - Processing file /home/airflow/.local/lib/python3.8/site-packages/airflow/example_dags/example_latest_only.py for tasks to queue
[2024-03-19T09:52:44.248+0000] {logging_mixin.py:188} INFO - [2024-03-19T09:52:44.248+0000] {dagbag.py:540} INFO - Filling up the DagBag from /home/airflow/.local/lib/python3.8/site-packages/airflow/example_dags/example_latest_only.py
[2024-03-19T09:52:44.712+0000] {processor.py:840} INFO - DAG(s) 'latest_only' retrieved from /home/airflow/.local/lib/python3.8/site-packages/airflow/example_dags/example_latest_only.py
[2024-03-19T09:52:44.819+0000] {logging_mixin.py:188} INFO - [2024-03-19T09:52:44.818+0000] {dag.py:3047} INFO - Sync 1 DAGs
[2024-03-19T09:52:45.131+0000] {logging_mixin.py:188} INFO - [2024-03-19T09:52:45.130+0000] {dag.py:3834} INFO - Setting next_dagrun for latest_only to 2024-03-19 04:00:00+00:00, run_after=2024-03-19 08:00:00+00:00
[2024-03-19T09:52:45.248+0000] {processor.py:183} INFO - Processing /home/airflow/.local/lib/python3.8/site-packages/airflow/example_dags/example_latest_only.py took 1.014 seconds
[2024-03-19T09:53:15.940+0000] {processor.py:161} INFO - Started process (PID=23689) to work on /home/airflow/.local/lib/python3.8/site-packages/airflow/example_dags/example_latest_only.py
[2024-03-19T09:53:15.945+0000] {processor.py:830} INFO - Processing file /home/airflow/.local/lib/python3.8/site-packages/airflow/example_dags/example_latest_only.py for tasks to queue
[2024-03-19T09:53:15.949+0000] {logging_mixin.py:188} INFO - [2024-03-19T09:53:15.948+0000] {dagbag.py:540} INFO - Filling up the DagBag from /home/airflow/.local/lib/python3.8/site-packages/airflow/example_dags/example_latest_only.py
[2024-03-19T09:53:15.979+0000] {processor.py:840} INFO - DAG(s) 'latest_only' retrieved from /home/airflow/.local/lib/python3.8/site-packages/airflow/example_dags/example_latest_only.py
[2024-03-19T09:53:16.062+0000] {logging_mixin.py:188} INFO - [2024-03-19T09:53:16.061+0000] {dag.py:3047} INFO - Sync 1 DAGs
[2024-03-19T09:53:16.142+0000] {logging_mixin.py:188} INFO - [2024-03-19T09:53:16.142+0000] {dag.py:3834} INFO - Setting next_dagrun for latest_only to 2024-03-19 04:00:00+00:00, run_after=2024-03-19 08:00:00+00:00
[2024-03-19T09:53:16.178+0000] {processor.py:183} INFO - Processing /home/airflow/.local/lib/python3.8/site-packages/airflow/example_dags/example_latest_only.py took 0.262 seconds
[2024-03-19T09:53:46.332+0000] {processor.py:161} INFO - Started process (PID=23744) to work on /home/airflow/.local/lib/python3.8/site-packages/airflow/example_dags/example_latest_only.py
[2024-03-19T09:53:46.334+0000] {processor.py:830} INFO - Processing file /home/airflow/.local/lib/python3.8/site-packages/airflow/example_dags/example_latest_only.py for tasks to queue
[2024-03-19T09:53:46.335+0000] {logging_mixin.py:188} INFO - [2024-03-19T09:53:46.335+0000] {dagbag.py:540} INFO - Filling up the DagBag from /home/airflow/.local/lib/python3.8/site-packages/airflow/example_dags/example_latest_only.py
[2024-03-19T09:53:46.345+0000] {processor.py:840} INFO - DAG(s) 'latest_only' retrieved from /home/airflow/.local/lib/python3.8/site-packages/airflow/example_dags/example_latest_only.py
[2024-03-19T09:53:46.374+0000] {logging_mixin.py:188} INFO - [2024-03-19T09:53:46.374+0000] {dag.py:3047} INFO - Sync 1 DAGs
[2024-03-19T09:53:46.402+0000] {logging_mixin.py:188} INFO - [2024-03-19T09:53:46.402+0000] {dag.py:3834} INFO - Setting next_dagrun for latest_only to 2024-03-19 04:00:00+00:00, run_after=2024-03-19 08:00:00+00:00
[2024-03-19T09:53:46.459+0000] {processor.py:183} INFO - Processing /home/airflow/.local/lib/python3.8/site-packages/airflow/example_dags/example_latest_only.py took 0.131 seconds
[2024-03-19T09:54:17.342+0000] {processor.py:161} INFO - Started process (PID=23800) to work on /home/airflow/.local/lib/python3.8/site-packages/airflow/example_dags/example_latest_only.py
[2024-03-19T09:54:17.344+0000] {processor.py:830} INFO - Processing file /home/airflow/.local/lib/python3.8/site-packages/airflow/example_dags/example_latest_only.py for tasks to queue
[2024-03-19T09:54:17.345+0000] {logging_mixin.py:188} INFO - [2024-03-19T09:54:17.345+0000] {dagbag.py:540} INFO - Filling up the DagBag from /home/airflow/.local/lib/python3.8/site-packages/airflow/example_dags/example_latest_only.py
[2024-03-19T09:54:17.352+0000] {processor.py:840} INFO - DAG(s) 'latest_only' retrieved from /home/airflow/.local/lib/python3.8/site-packages/airflow/example_dags/example_latest_only.py
[2024-03-19T09:54:17.379+0000] {logging_mixin.py:188} INFO - [2024-03-19T09:54:17.378+0000] {dag.py:3047} INFO - Sync 1 DAGs
[2024-03-19T09:54:17.404+0000] {logging_mixin.py:188} INFO - [2024-03-19T09:54:17.404+0000] {dag.py:3834} INFO - Setting next_dagrun for latest_only to 2024-03-19 04:00:00+00:00, run_after=2024-03-19 08:00:00+00:00
[2024-03-19T09:54:17.428+0000] {processor.py:183} INFO - Processing /home/airflow/.local/lib/python3.8/site-packages/airflow/example_dags/example_latest_only.py took 0.090 seconds
[2024-03-19T09:54:47.701+0000] {processor.py:161} INFO - Started process (PID=23855) to work on /home/airflow/.local/lib/python3.8/site-packages/airflow/example_dags/example_latest_only.py
[2024-03-19T09:54:47.704+0000] {processor.py:830} INFO - Processing file /home/airflow/.local/lib/python3.8/site-packages/airflow/example_dags/example_latest_only.py for tasks to queue
[2024-03-19T09:54:47.707+0000] {logging_mixin.py:188} INFO - [2024-03-19T09:54:47.706+0000] {dagbag.py:540} INFO - Filling up the DagBag from /home/airflow/.local/lib/python3.8/site-packages/airflow/example_dags/example_latest_only.py
[2024-03-19T09:54:47.721+0000] {processor.py:840} INFO - DAG(s) 'latest_only' retrieved from /home/airflow/.local/lib/python3.8/site-packages/airflow/example_dags/example_latest_only.py
[2024-03-19T09:54:47.757+0000] {logging_mixin.py:188} INFO - [2024-03-19T09:54:47.756+0000] {dag.py:3047} INFO - Sync 1 DAGs
[2024-03-19T09:54:47.819+0000] {logging_mixin.py:188} INFO - [2024-03-19T09:54:47.818+0000] {dag.py:3834} INFO - Setting next_dagrun for latest_only to 2024-03-19 04:00:00+00:00, run_after=2024-03-19 08:00:00+00:00
[2024-03-19T09:54:47.852+0000] {processor.py:183} INFO - Processing /home/airflow/.local/lib/python3.8/site-packages/airflow/example_dags/example_latest_only.py took 0.160 seconds
[2024-03-19T09:55:18.326+0000] {processor.py:161} INFO - Started process (PID=23910) to work on /home/airflow/.local/lib/python3.8/site-packages/airflow/example_dags/example_latest_only.py
[2024-03-19T09:55:18.328+0000] {processor.py:830} INFO - Processing file /home/airflow/.local/lib/python3.8/site-packages/airflow/example_dags/example_latest_only.py for tasks to queue
[2024-03-19T09:55:18.330+0000] {logging_mixin.py:188} INFO - [2024-03-19T09:55:18.329+0000] {dagbag.py:540} INFO - Filling up the DagBag from /home/airflow/.local/lib/python3.8/site-packages/airflow/example_dags/example_latest_only.py
[2024-03-19T09:55:18.337+0000] {processor.py:840} INFO - DAG(s) 'latest_only' retrieved from /home/airflow/.local/lib/python3.8/site-packages/airflow/example_dags/example_latest_only.py
[2024-03-19T09:55:18.369+0000] {logging_mixin.py:188} INFO - [2024-03-19T09:55:18.369+0000] {dag.py:3047} INFO - Sync 1 DAGs
[2024-03-19T09:55:18.401+0000] {logging_mixin.py:188} INFO - [2024-03-19T09:55:18.400+0000] {dag.py:3834} INFO - Setting next_dagrun for latest_only to 2024-03-19 04:00:00+00:00, run_after=2024-03-19 08:00:00+00:00
[2024-03-19T09:55:18.427+0000] {processor.py:183} INFO - Processing /home/airflow/.local/lib/python3.8/site-packages/airflow/example_dags/example_latest_only.py took 0.106 seconds
[2024-03-19T09:55:48.897+0000] {processor.py:161} INFO - Started process (PID=23965) to work on /home/airflow/.local/lib/python3.8/site-packages/airflow/example_dags/example_latest_only.py
[2024-03-19T09:55:48.900+0000] {processor.py:830} INFO - Processing file /home/airflow/.local/lib/python3.8/site-packages/airflow/example_dags/example_latest_only.py for tasks to queue
[2024-03-19T09:55:48.901+0000] {logging_mixin.py:188} INFO - [2024-03-19T09:55:48.901+0000] {dagbag.py:540} INFO - Filling up the DagBag from /home/airflow/.local/lib/python3.8/site-packages/airflow/example_dags/example_latest_only.py
[2024-03-19T09:55:48.910+0000] {processor.py:840} INFO - DAG(s) 'latest_only' retrieved from /home/airflow/.local/lib/python3.8/site-packages/airflow/example_dags/example_latest_only.py
[2024-03-19T09:55:48.942+0000] {logging_mixin.py:188} INFO - [2024-03-19T09:55:48.941+0000] {dag.py:3047} INFO - Sync 1 DAGs
[2024-03-19T09:55:48.974+0000] {logging_mixin.py:188} INFO - [2024-03-19T09:55:48.974+0000] {dag.py:3834} INFO - Setting next_dagrun for latest_only to 2024-03-19 04:00:00+00:00, run_after=2024-03-19 08:00:00+00:00
[2024-03-19T09:55:49.016+0000] {processor.py:183} INFO - Processing /home/airflow/.local/lib/python3.8/site-packages/airflow/example_dags/example_latest_only.py took 0.124 seconds
[2024-03-19T09:56:19.113+0000] {processor.py:161} INFO - Started process (PID=24020) to work on /home/airflow/.local/lib/python3.8/site-packages/airflow/example_dags/example_latest_only.py
[2024-03-19T09:56:19.117+0000] {processor.py:830} INFO - Processing file /home/airflow/.local/lib/python3.8/site-packages/airflow/example_dags/example_latest_only.py for tasks to queue
[2024-03-19T09:56:19.121+0000] {logging_mixin.py:188} INFO - [2024-03-19T09:56:19.119+0000] {dagbag.py:540} INFO - Filling up the DagBag from /home/airflow/.local/lib/python3.8/site-packages/airflow/example_dags/example_latest_only.py
[2024-03-19T09:56:19.141+0000] {processor.py:840} INFO - DAG(s) 'latest_only' retrieved from /home/airflow/.local/lib/python3.8/site-packages/airflow/example_dags/example_latest_only.py
[2024-03-19T09:56:19.200+0000] {logging_mixin.py:188} INFO - [2024-03-19T09:56:19.199+0000] {dag.py:3047} INFO - Sync 1 DAGs
[2024-03-19T09:56:19.251+0000] {logging_mixin.py:188} INFO - [2024-03-19T09:56:19.250+0000] {dag.py:3834} INFO - Setting next_dagrun for latest_only to 2024-03-19 04:00:00+00:00, run_after=2024-03-19 08:00:00+00:00
[2024-03-19T09:56:19.302+0000] {processor.py:183} INFO - Processing /home/airflow/.local/lib/python3.8/site-packages/airflow/example_dags/example_latest_only.py took 0.199 seconds
[2024-03-19T09:56:49.440+0000] {processor.py:161} INFO - Started process (PID=24075) to work on /home/airflow/.local/lib/python3.8/site-packages/airflow/example_dags/example_latest_only.py
[2024-03-19T09:56:49.442+0000] {processor.py:830} INFO - Processing file /home/airflow/.local/lib/python3.8/site-packages/airflow/example_dags/example_latest_only.py for tasks to queue
[2024-03-19T09:56:49.444+0000] {logging_mixin.py:188} INFO - [2024-03-19T09:56:49.443+0000] {dagbag.py:540} INFO - Filling up the DagBag from /home/airflow/.local/lib/python3.8/site-packages/airflow/example_dags/example_latest_only.py
[2024-03-19T09:56:49.452+0000] {processor.py:840} INFO - DAG(s) 'latest_only' retrieved from /home/airflow/.local/lib/python3.8/site-packages/airflow/example_dags/example_latest_only.py
[2024-03-19T09:56:49.477+0000] {logging_mixin.py:188} INFO - [2024-03-19T09:56:49.476+0000] {dag.py:3047} INFO - Sync 1 DAGs
[2024-03-19T09:56:49.531+0000] {logging_mixin.py:188} INFO - [2024-03-19T09:56:49.530+0000] {dag.py:3834} INFO - Setting next_dagrun for latest_only to 2024-03-19 04:00:00+00:00, run_after=2024-03-19 08:00:00+00:00
[2024-03-19T09:56:49.573+0000] {processor.py:183} INFO - Processing /home/airflow/.local/lib/python3.8/site-packages/airflow/example_dags/example_latest_only.py took 0.138 seconds
