[2024-03-19T09:44:30.401+0000] {processor.py:161} INFO - Started process (PID=22803) to work on /home/airflow/.local/lib/python3.8/site-packages/airflow/example_dags/example_params_trigger_ui.py
[2024-03-19T09:44:30.403+0000] {processor.py:830} INFO - Processing file /home/airflow/.local/lib/python3.8/site-packages/airflow/example_dags/example_params_trigger_ui.py for tasks to queue
[2024-03-19T09:44:30.405+0000] {logging_mixin.py:188} INFO - [2024-03-19T09:44:30.404+0000] {dagbag.py:540} INFO - Filling up the DagBag from /home/airflow/.local/lib/python3.8/site-packages/airflow/example_dags/example_params_trigger_ui.py
[2024-03-19T09:44:30.436+0000] {processor.py:840} INFO - DAG(s) 'example_params_trigger_ui' retrieved from /home/airflow/.local/lib/python3.8/site-packages/airflow/example_dags/example_params_trigger_ui.py
[2024-03-19T09:44:30.549+0000] {logging_mixin.py:188} INFO - [2024-03-19T09:44:30.548+0000] {dag.py:3047} INFO - Sync 1 DAGs
[2024-03-19T09:44:30.570+0000] {logging_mixin.py:188} INFO - [2024-03-19T09:44:30.570+0000] {dag.py:3834} INFO - Setting next_dagrun for example_params_trigger_ui to None, run_after=None
[2024-03-19T09:44:30.617+0000] {processor.py:183} INFO - Processing /home/airflow/.local/lib/python3.8/site-packages/airflow/example_dags/example_params_trigger_ui.py took 0.221 seconds
[2024-03-19T09:45:00.799+0000] {processor.py:161} INFO - Started process (PID=22858) to work on /home/airflow/.local/lib/python3.8/site-packages/airflow/example_dags/example_params_trigger_ui.py
[2024-03-19T09:45:00.801+0000] {processor.py:830} INFO - Processing file /home/airflow/.local/lib/python3.8/site-packages/airflow/example_dags/example_params_trigger_ui.py for tasks to queue
[2024-03-19T09:45:00.803+0000] {logging_mixin.py:188} INFO - [2024-03-19T09:45:00.802+0000] {dagbag.py:540} INFO - Filling up the DagBag from /home/airflow/.local/lib/python3.8/site-packages/airflow/example_dags/example_params_trigger_ui.py
[2024-03-19T09:45:00.824+0000] {processor.py:840} INFO - DAG(s) 'example_params_trigger_ui' retrieved from /home/airflow/.local/lib/python3.8/site-packages/airflow/example_dags/example_params_trigger_ui.py
[2024-03-19T09:45:00.899+0000] {logging_mixin.py:188} INFO - [2024-03-19T09:45:00.898+0000] {dag.py:3047} INFO - Sync 1 DAGs
[2024-03-19T09:45:00.916+0000] {logging_mixin.py:188} INFO - [2024-03-19T09:45:00.915+0000] {dag.py:3834} INFO - Setting next_dagrun for example_params_trigger_ui to None, run_after=None
[2024-03-19T09:45:00.942+0000] {processor.py:183} INFO - Processing /home/airflow/.local/lib/python3.8/site-packages/airflow/example_dags/example_params_trigger_ui.py took 0.148 seconds
[2024-03-19T09:45:44.132+0000] {processor.py:161} INFO - Started process (PID=22913) to work on /home/airflow/.local/lib/python3.8/site-packages/airflow/example_dags/example_params_trigger_ui.py
[2024-03-19T09:45:44.135+0000] {processor.py:830} INFO - Processing file /home/airflow/.local/lib/python3.8/site-packages/airflow/example_dags/example_params_trigger_ui.py for tasks to queue
[2024-03-19T09:45:44.138+0000] {logging_mixin.py:188} INFO - [2024-03-19T09:45:44.137+0000] {dagbag.py:540} INFO - Filling up the DagBag from /home/airflow/.local/lib/python3.8/site-packages/airflow/example_dags/example_params_trigger_ui.py
[2024-03-19T09:45:44.219+0000] {processor.py:840} INFO - DAG(s) 'example_params_trigger_ui' retrieved from /home/airflow/.local/lib/python3.8/site-packages/airflow/example_dags/example_params_trigger_ui.py
[2024-03-19T09:45:44.838+0000] {logging_mixin.py:188} INFO - [2024-03-19T09:45:44.837+0000] {dag.py:3047} INFO - Sync 1 DAGs
[2024-03-19T09:45:44.966+0000] {logging_mixin.py:188} INFO - [2024-03-19T09:45:44.965+0000] {dag.py:3834} INFO - Setting next_dagrun for example_params_trigger_ui to None, run_after=None
[2024-03-19T09:45:45.103+0000] {processor.py:183} INFO - Processing /home/airflow/.local/lib/python3.8/site-packages/airflow/example_dags/example_params_trigger_ui.py took 0.986 seconds
[2024-03-19T09:46:18.122+0000] {processor.py:161} INFO - Started process (PID=22968) to work on /home/airflow/.local/lib/python3.8/site-packages/airflow/example_dags/example_params_trigger_ui.py
[2024-03-19T09:46:18.125+0000] {processor.py:830} INFO - Processing file /home/airflow/.local/lib/python3.8/site-packages/airflow/example_dags/example_params_trigger_ui.py for tasks to queue
[2024-03-19T09:46:18.128+0000] {logging_mixin.py:188} INFO - [2024-03-19T09:46:18.127+0000] {dagbag.py:540} INFO - Filling up the DagBag from /home/airflow/.local/lib/python3.8/site-packages/airflow/example_dags/example_params_trigger_ui.py
[2024-03-19T09:46:18.294+0000] {processor.py:840} INFO - DAG(s) 'example_params_trigger_ui' retrieved from /home/airflow/.local/lib/python3.8/site-packages/airflow/example_dags/example_params_trigger_ui.py
[2024-03-19T09:46:18.565+0000] {logging_mixin.py:188} INFO - [2024-03-19T09:46:18.565+0000] {dag.py:3047} INFO - Sync 1 DAGs
[2024-03-19T09:46:18.620+0000] {logging_mixin.py:188} INFO - [2024-03-19T09:46:18.620+0000] {dag.py:3834} INFO - Setting next_dagrun for example_params_trigger_ui to None, run_after=None
[2024-03-19T09:46:18.759+0000] {processor.py:183} INFO - Processing /home/airflow/.local/lib/python3.8/site-packages/airflow/example_dags/example_params_trigger_ui.py took 0.645 seconds
[2024-03-19T09:46:49.393+0000] {processor.py:161} INFO - Started process (PID=23023) to work on /home/airflow/.local/lib/python3.8/site-packages/airflow/example_dags/example_params_trigger_ui.py
[2024-03-19T09:46:49.395+0000] {processor.py:830} INFO - Processing file /home/airflow/.local/lib/python3.8/site-packages/airflow/example_dags/example_params_trigger_ui.py for tasks to queue
[2024-03-19T09:46:49.397+0000] {logging_mixin.py:188} INFO - [2024-03-19T09:46:49.396+0000] {dagbag.py:540} INFO - Filling up the DagBag from /home/airflow/.local/lib/python3.8/site-packages/airflow/example_dags/example_params_trigger_ui.py
[2024-03-19T09:46:49.424+0000] {processor.py:840} INFO - DAG(s) 'example_params_trigger_ui' retrieved from /home/airflow/.local/lib/python3.8/site-packages/airflow/example_dags/example_params_trigger_ui.py
[2024-03-19T09:46:49.552+0000] {logging_mixin.py:188} INFO - [2024-03-19T09:46:49.552+0000] {dag.py:3047} INFO - Sync 1 DAGs
[2024-03-19T09:46:49.584+0000] {logging_mixin.py:188} INFO - [2024-03-19T09:46:49.584+0000] {dag.py:3834} INFO - Setting next_dagrun for example_params_trigger_ui to None, run_after=None
[2024-03-19T09:46:49.647+0000] {processor.py:183} INFO - Processing /home/airflow/.local/lib/python3.8/site-packages/airflow/example_dags/example_params_trigger_ui.py took 0.259 seconds
[2024-03-19T09:47:21.106+0000] {processor.py:161} INFO - Started process (PID=23076) to work on /home/airflow/.local/lib/python3.8/site-packages/airflow/example_dags/example_params_trigger_ui.py
[2024-03-19T09:47:21.109+0000] {processor.py:830} INFO - Processing file /home/airflow/.local/lib/python3.8/site-packages/airflow/example_dags/example_params_trigger_ui.py for tasks to queue
[2024-03-19T09:47:21.113+0000] {logging_mixin.py:188} INFO - [2024-03-19T09:47:21.111+0000] {dagbag.py:540} INFO - Filling up the DagBag from /home/airflow/.local/lib/python3.8/site-packages/airflow/example_dags/example_params_trigger_ui.py
[2024-03-19T09:47:21.159+0000] {processor.py:840} INFO - DAG(s) 'example_params_trigger_ui' retrieved from /home/airflow/.local/lib/python3.8/site-packages/airflow/example_dags/example_params_trigger_ui.py
[2024-03-19T09:47:21.255+0000] {logging_mixin.py:188} INFO - [2024-03-19T09:47:21.255+0000] {dag.py:3047} INFO - Sync 1 DAGs
[2024-03-19T09:47:21.276+0000] {logging_mixin.py:188} INFO - [2024-03-19T09:47:21.275+0000] {dag.py:3834} INFO - Setting next_dagrun for example_params_trigger_ui to None, run_after=None
[2024-03-19T09:47:21.316+0000] {processor.py:183} INFO - Processing /home/airflow/.local/lib/python3.8/site-packages/airflow/example_dags/example_params_trigger_ui.py took 0.218 seconds
[2024-03-19T09:47:51.834+0000] {processor.py:161} INFO - Started process (PID=23131) to work on /home/airflow/.local/lib/python3.8/site-packages/airflow/example_dags/example_params_trigger_ui.py
[2024-03-19T09:47:51.836+0000] {processor.py:830} INFO - Processing file /home/airflow/.local/lib/python3.8/site-packages/airflow/example_dags/example_params_trigger_ui.py for tasks to queue
[2024-03-19T09:47:51.839+0000] {logging_mixin.py:188} INFO - [2024-03-19T09:47:51.838+0000] {dagbag.py:540} INFO - Filling up the DagBag from /home/airflow/.local/lib/python3.8/site-packages/airflow/example_dags/example_params_trigger_ui.py
[2024-03-19T09:47:51.889+0000] {processor.py:840} INFO - DAG(s) 'example_params_trigger_ui' retrieved from /home/airflow/.local/lib/python3.8/site-packages/airflow/example_dags/example_params_trigger_ui.py
[2024-03-19T09:47:51.998+0000] {logging_mixin.py:188} INFO - [2024-03-19T09:47:51.997+0000] {dag.py:3047} INFO - Sync 1 DAGs
[2024-03-19T09:47:52.018+0000] {logging_mixin.py:188} INFO - [2024-03-19T09:47:52.018+0000] {dag.py:3834} INFO - Setting next_dagrun for example_params_trigger_ui to None, run_after=None
[2024-03-19T09:47:52.049+0000] {processor.py:183} INFO - Processing /home/airflow/.local/lib/python3.8/site-packages/airflow/example_dags/example_params_trigger_ui.py took 0.222 seconds
[2024-03-19T09:48:22.977+0000] {processor.py:161} INFO - Started process (PID=23186) to work on /home/airflow/.local/lib/python3.8/site-packages/airflow/example_dags/example_params_trigger_ui.py
[2024-03-19T09:48:22.981+0000] {processor.py:830} INFO - Processing file /home/airflow/.local/lib/python3.8/site-packages/airflow/example_dags/example_params_trigger_ui.py for tasks to queue
[2024-03-19T09:48:22.985+0000] {logging_mixin.py:188} INFO - [2024-03-19T09:48:22.984+0000] {dagbag.py:540} INFO - Filling up the DagBag from /home/airflow/.local/lib/python3.8/site-packages/airflow/example_dags/example_params_trigger_ui.py
[2024-03-19T09:48:23.038+0000] {processor.py:840} INFO - DAG(s) 'example_params_trigger_ui' retrieved from /home/airflow/.local/lib/python3.8/site-packages/airflow/example_dags/example_params_trigger_ui.py
[2024-03-19T09:48:23.197+0000] {logging_mixin.py:188} INFO - [2024-03-19T09:48:23.196+0000] {dag.py:3047} INFO - Sync 1 DAGs
[2024-03-19T09:48:23.225+0000] {logging_mixin.py:188} INFO - [2024-03-19T09:48:23.224+0000] {dag.py:3834} INFO - Setting next_dagrun for example_params_trigger_ui to None, run_after=None
[2024-03-19T09:48:23.328+0000] {processor.py:183} INFO - Processing /home/airflow/.local/lib/python3.8/site-packages/airflow/example_dags/example_params_trigger_ui.py took 0.369 seconds
[2024-03-19T09:48:55.084+0000] {processor.py:161} INFO - Started process (PID=23241) to work on /home/airflow/.local/lib/python3.8/site-packages/airflow/example_dags/example_params_trigger_ui.py
[2024-03-19T09:48:55.088+0000] {processor.py:830} INFO - Processing file /home/airflow/.local/lib/python3.8/site-packages/airflow/example_dags/example_params_trigger_ui.py for tasks to queue
[2024-03-19T09:48:55.091+0000] {logging_mixin.py:188} INFO - [2024-03-19T09:48:55.090+0000] {dagbag.py:540} INFO - Filling up the DagBag from /home/airflow/.local/lib/python3.8/site-packages/airflow/example_dags/example_params_trigger_ui.py
[2024-03-19T09:48:55.390+0000] {processor.py:840} INFO - DAG(s) 'example_params_trigger_ui' retrieved from /home/airflow/.local/lib/python3.8/site-packages/airflow/example_dags/example_params_trigger_ui.py
[2024-03-19T09:48:55.604+0000] {logging_mixin.py:188} INFO - [2024-03-19T09:48:55.603+0000] {dag.py:3047} INFO - Sync 1 DAGs
[2024-03-19T09:48:55.683+0000] {logging_mixin.py:188} INFO - [2024-03-19T09:48:55.682+0000] {dag.py:3834} INFO - Setting next_dagrun for example_params_trigger_ui to None, run_after=None
[2024-03-19T09:48:55.854+0000] {processor.py:183} INFO - Processing /home/airflow/.local/lib/python3.8/site-packages/airflow/example_dags/example_params_trigger_ui.py took 0.789 seconds
[2024-03-19T09:49:26.159+0000] {processor.py:161} INFO - Started process (PID=23296) to work on /home/airflow/.local/lib/python3.8/site-packages/airflow/example_dags/example_params_trigger_ui.py
[2024-03-19T09:49:26.166+0000] {processor.py:830} INFO - Processing file /home/airflow/.local/lib/python3.8/site-packages/airflow/example_dags/example_params_trigger_ui.py for tasks to queue
[2024-03-19T09:49:26.168+0000] {logging_mixin.py:188} INFO - [2024-03-19T09:49:26.167+0000] {dagbag.py:540} INFO - Filling up the DagBag from /home/airflow/.local/lib/python3.8/site-packages/airflow/example_dags/example_params_trigger_ui.py
[2024-03-19T09:49:26.187+0000] {processor.py:840} INFO - DAG(s) 'example_params_trigger_ui' retrieved from /home/airflow/.local/lib/python3.8/site-packages/airflow/example_dags/example_params_trigger_ui.py
[2024-03-19T09:49:26.264+0000] {logging_mixin.py:188} INFO - [2024-03-19T09:49:26.263+0000] {dag.py:3047} INFO - Sync 1 DAGs
[2024-03-19T09:49:26.281+0000] {logging_mixin.py:188} INFO - [2024-03-19T09:49:26.281+0000] {dag.py:3834} INFO - Setting next_dagrun for example_params_trigger_ui to None, run_after=None
[2024-03-19T09:49:26.341+0000] {processor.py:183} INFO - Processing /home/airflow/.local/lib/python3.8/site-packages/airflow/example_dags/example_params_trigger_ui.py took 0.186 seconds
[2024-03-19T09:49:57.038+0000] {processor.py:161} INFO - Started process (PID=23350) to work on /home/airflow/.local/lib/python3.8/site-packages/airflow/example_dags/example_params_trigger_ui.py
[2024-03-19T09:49:57.042+0000] {processor.py:830} INFO - Processing file /home/airflow/.local/lib/python3.8/site-packages/airflow/example_dags/example_params_trigger_ui.py for tasks to queue
[2024-03-19T09:49:57.045+0000] {logging_mixin.py:188} INFO - [2024-03-19T09:49:57.044+0000] {dagbag.py:540} INFO - Filling up the DagBag from /home/airflow/.local/lib/python3.8/site-packages/airflow/example_dags/example_params_trigger_ui.py
[2024-03-19T09:49:57.124+0000] {processor.py:840} INFO - DAG(s) 'example_params_trigger_ui' retrieved from /home/airflow/.local/lib/python3.8/site-packages/airflow/example_dags/example_params_trigger_ui.py
[2024-03-19T09:49:57.457+0000] {logging_mixin.py:188} INFO - [2024-03-19T09:49:57.456+0000] {dag.py:3047} INFO - Sync 1 DAGs
[2024-03-19T09:49:57.502+0000] {logging_mixin.py:188} INFO - [2024-03-19T09:49:57.502+0000] {dag.py:3834} INFO - Setting next_dagrun for example_params_trigger_ui to None, run_after=None
[2024-03-19T09:49:57.608+0000] {processor.py:183} INFO - Processing /home/airflow/.local/lib/python3.8/site-packages/airflow/example_dags/example_params_trigger_ui.py took 0.585 seconds
[2024-03-19T09:50:28.938+0000] {processor.py:161} INFO - Started process (PID=23405) to work on /home/airflow/.local/lib/python3.8/site-packages/airflow/example_dags/example_params_trigger_ui.py
[2024-03-19T09:50:28.941+0000] {processor.py:830} INFO - Processing file /home/airflow/.local/lib/python3.8/site-packages/airflow/example_dags/example_params_trigger_ui.py for tasks to queue
[2024-03-19T09:50:28.945+0000] {logging_mixin.py:188} INFO - [2024-03-19T09:50:28.944+0000] {dagbag.py:540} INFO - Filling up the DagBag from /home/airflow/.local/lib/python3.8/site-packages/airflow/example_dags/example_params_trigger_ui.py
[2024-03-19T09:50:29.124+0000] {processor.py:840} INFO - DAG(s) 'example_params_trigger_ui' retrieved from /home/airflow/.local/lib/python3.8/site-packages/airflow/example_dags/example_params_trigger_ui.py
[2024-03-19T09:50:29.589+0000] {logging_mixin.py:188} INFO - [2024-03-19T09:50:29.589+0000] {dag.py:3047} INFO - Sync 1 DAGs
[2024-03-19T09:50:29.651+0000] {logging_mixin.py:188} INFO - [2024-03-19T09:50:29.650+0000] {dag.py:3834} INFO - Setting next_dagrun for example_params_trigger_ui to None, run_after=None
[2024-03-19T09:50:29.780+0000] {processor.py:183} INFO - Processing /home/airflow/.local/lib/python3.8/site-packages/airflow/example_dags/example_params_trigger_ui.py took 0.850 seconds
[2024-03-19T09:51:05.788+0000] {processor.py:161} INFO - Started process (PID=23464) to work on /home/airflow/.local/lib/python3.8/site-packages/airflow/example_dags/example_params_trigger_ui.py
[2024-03-19T09:51:05.801+0000] {processor.py:830} INFO - Processing file /home/airflow/.local/lib/python3.8/site-packages/airflow/example_dags/example_params_trigger_ui.py for tasks to queue
[2024-03-19T09:51:05.812+0000] {logging_mixin.py:188} INFO - [2024-03-19T09:51:05.810+0000] {dagbag.py:540} INFO - Filling up the DagBag from /home/airflow/.local/lib/python3.8/site-packages/airflow/example_dags/example_params_trigger_ui.py
[2024-03-19T09:51:06.167+0000] {processor.py:840} INFO - DAG(s) 'example_params_trigger_ui' retrieved from /home/airflow/.local/lib/python3.8/site-packages/airflow/example_dags/example_params_trigger_ui.py
[2024-03-19T09:51:06.630+0000] {logging_mixin.py:188} INFO - [2024-03-19T09:51:06.630+0000] {dag.py:3047} INFO - Sync 1 DAGs
[2024-03-19T09:51:06.681+0000] {logging_mixin.py:188} INFO - [2024-03-19T09:51:06.680+0000] {dag.py:3834} INFO - Setting next_dagrun for example_params_trigger_ui to None, run_after=None
[2024-03-19T09:51:06.751+0000] {processor.py:183} INFO - Processing /home/airflow/.local/lib/python3.8/site-packages/airflow/example_dags/example_params_trigger_ui.py took 0.988 seconds
[2024-03-19T09:51:37.539+0000] {processor.py:161} INFO - Started process (PID=23519) to work on /home/airflow/.local/lib/python3.8/site-packages/airflow/example_dags/example_params_trigger_ui.py
[2024-03-19T09:51:37.541+0000] {processor.py:830} INFO - Processing file /home/airflow/.local/lib/python3.8/site-packages/airflow/example_dags/example_params_trigger_ui.py for tasks to queue
[2024-03-19T09:51:37.544+0000] {logging_mixin.py:188} INFO - [2024-03-19T09:51:37.543+0000] {dagbag.py:540} INFO - Filling up the DagBag from /home/airflow/.local/lib/python3.8/site-packages/airflow/example_dags/example_params_trigger_ui.py
[2024-03-19T09:51:37.571+0000] {processor.py:840} INFO - DAG(s) 'example_params_trigger_ui' retrieved from /home/airflow/.local/lib/python3.8/site-packages/airflow/example_dags/example_params_trigger_ui.py
[2024-03-19T09:51:37.658+0000] {logging_mixin.py:188} INFO - [2024-03-19T09:51:37.658+0000] {dag.py:3047} INFO - Sync 1 DAGs
[2024-03-19T09:51:37.686+0000] {logging_mixin.py:188} INFO - [2024-03-19T09:51:37.686+0000] {dag.py:3834} INFO - Setting next_dagrun for example_params_trigger_ui to None, run_after=None
[2024-03-19T09:51:37.719+0000] {processor.py:183} INFO - Processing /home/airflow/.local/lib/python3.8/site-packages/airflow/example_dags/example_params_trigger_ui.py took 0.185 seconds
[2024-03-19T09:52:07.859+0000] {processor.py:161} INFO - Started process (PID=23574) to work on /home/airflow/.local/lib/python3.8/site-packages/airflow/example_dags/example_params_trigger_ui.py
[2024-03-19T09:52:07.861+0000] {processor.py:830} INFO - Processing file /home/airflow/.local/lib/python3.8/site-packages/airflow/example_dags/example_params_trigger_ui.py for tasks to queue
[2024-03-19T09:52:07.863+0000] {logging_mixin.py:188} INFO - [2024-03-19T09:52:07.862+0000] {dagbag.py:540} INFO - Filling up the DagBag from /home/airflow/.local/lib/python3.8/site-packages/airflow/example_dags/example_params_trigger_ui.py
[2024-03-19T09:52:07.883+0000] {processor.py:840} INFO - DAG(s) 'example_params_trigger_ui' retrieved from /home/airflow/.local/lib/python3.8/site-packages/airflow/example_dags/example_params_trigger_ui.py
[2024-03-19T09:52:07.966+0000] {logging_mixin.py:188} INFO - [2024-03-19T09:52:07.966+0000] {dag.py:3047} INFO - Sync 1 DAGs
[2024-03-19T09:52:07.985+0000] {logging_mixin.py:188} INFO - [2024-03-19T09:52:07.984+0000] {dag.py:3834} INFO - Setting next_dagrun for example_params_trigger_ui to None, run_after=None
[2024-03-19T09:52:08.033+0000] {processor.py:183} INFO - Processing /home/airflow/.local/lib/python3.8/site-packages/airflow/example_dags/example_params_trigger_ui.py took 0.178 seconds
[2024-03-19T09:52:38.974+0000] {processor.py:161} INFO - Started process (PID=23627) to work on /home/airflow/.local/lib/python3.8/site-packages/airflow/example_dags/example_params_trigger_ui.py
[2024-03-19T09:52:38.988+0000] {processor.py:830} INFO - Processing file /home/airflow/.local/lib/python3.8/site-packages/airflow/example_dags/example_params_trigger_ui.py for tasks to queue
[2024-03-19T09:52:39.003+0000] {logging_mixin.py:188} INFO - [2024-03-19T09:52:39.002+0000] {dagbag.py:540} INFO - Filling up the DagBag from /home/airflow/.local/lib/python3.8/site-packages/airflow/example_dags/example_params_trigger_ui.py
[2024-03-19T09:52:39.382+0000] {processor.py:840} INFO - DAG(s) 'example_params_trigger_ui' retrieved from /home/airflow/.local/lib/python3.8/site-packages/airflow/example_dags/example_params_trigger_ui.py
[2024-03-19T09:52:40.745+0000] {logging_mixin.py:188} INFO - [2024-03-19T09:52:40.744+0000] {dag.py:3047} INFO - Sync 1 DAGs
[2024-03-19T09:52:40.907+0000] {logging_mixin.py:188} INFO - [2024-03-19T09:52:40.906+0000] {dag.py:3834} INFO - Setting next_dagrun for example_params_trigger_ui to None, run_after=None
[2024-03-19T09:52:41.002+0000] {processor.py:183} INFO - Processing /home/airflow/.local/lib/python3.8/site-packages/airflow/example_dags/example_params_trigger_ui.py took 2.023 seconds
[2024-03-19T09:53:11.312+0000] {processor.py:161} INFO - Started process (PID=23682) to work on /home/airflow/.local/lib/python3.8/site-packages/airflow/example_dags/example_params_trigger_ui.py
[2024-03-19T09:53:11.313+0000] {processor.py:830} INFO - Processing file /home/airflow/.local/lib/python3.8/site-packages/airflow/example_dags/example_params_trigger_ui.py for tasks to queue
[2024-03-19T09:53:11.315+0000] {logging_mixin.py:188} INFO - [2024-03-19T09:53:11.315+0000] {dagbag.py:540} INFO - Filling up the DagBag from /home/airflow/.local/lib/python3.8/site-packages/airflow/example_dags/example_params_trigger_ui.py
[2024-03-19T09:53:11.335+0000] {processor.py:840} INFO - DAG(s) 'example_params_trigger_ui' retrieved from /home/airflow/.local/lib/python3.8/site-packages/airflow/example_dags/example_params_trigger_ui.py
[2024-03-19T09:53:11.406+0000] {logging_mixin.py:188} INFO - [2024-03-19T09:53:11.405+0000] {dag.py:3047} INFO - Sync 1 DAGs
[2024-03-19T09:53:11.424+0000] {logging_mixin.py:188} INFO - [2024-03-19T09:53:11.424+0000] {dag.py:3834} INFO - Setting next_dagrun for example_params_trigger_ui to None, run_after=None
[2024-03-19T09:53:11.449+0000] {processor.py:183} INFO - Processing /home/airflow/.local/lib/python3.8/site-packages/airflow/example_dags/example_params_trigger_ui.py took 0.141 seconds
[2024-03-19T09:53:41.609+0000] {processor.py:161} INFO - Started process (PID=23737) to work on /home/airflow/.local/lib/python3.8/site-packages/airflow/example_dags/example_params_trigger_ui.py
[2024-03-19T09:53:41.611+0000] {processor.py:830} INFO - Processing file /home/airflow/.local/lib/python3.8/site-packages/airflow/example_dags/example_params_trigger_ui.py for tasks to queue
[2024-03-19T09:53:41.613+0000] {logging_mixin.py:188} INFO - [2024-03-19T09:53:41.612+0000] {dagbag.py:540} INFO - Filling up the DagBag from /home/airflow/.local/lib/python3.8/site-packages/airflow/example_dags/example_params_trigger_ui.py
[2024-03-19T09:53:41.633+0000] {processor.py:840} INFO - DAG(s) 'example_params_trigger_ui' retrieved from /home/airflow/.local/lib/python3.8/site-packages/airflow/example_dags/example_params_trigger_ui.py
[2024-03-19T09:53:41.701+0000] {logging_mixin.py:188} INFO - [2024-03-19T09:53:41.701+0000] {dag.py:3047} INFO - Sync 1 DAGs
[2024-03-19T09:53:41.717+0000] {logging_mixin.py:188} INFO - [2024-03-19T09:53:41.717+0000] {dag.py:3834} INFO - Setting next_dagrun for example_params_trigger_ui to None, run_after=None
[2024-03-19T09:53:41.741+0000] {processor.py:183} INFO - Processing /home/airflow/.local/lib/python3.8/site-packages/airflow/example_dags/example_params_trigger_ui.py took 0.135 seconds
[2024-03-19T09:54:11.873+0000] {processor.py:161} INFO - Started process (PID=23793) to work on /home/airflow/.local/lib/python3.8/site-packages/airflow/example_dags/example_params_trigger_ui.py
[2024-03-19T09:54:11.875+0000] {processor.py:830} INFO - Processing file /home/airflow/.local/lib/python3.8/site-packages/airflow/example_dags/example_params_trigger_ui.py for tasks to queue
[2024-03-19T09:54:11.876+0000] {logging_mixin.py:188} INFO - [2024-03-19T09:54:11.876+0000] {dagbag.py:540} INFO - Filling up the DagBag from /home/airflow/.local/lib/python3.8/site-packages/airflow/example_dags/example_params_trigger_ui.py
[2024-03-19T09:54:11.898+0000] {processor.py:840} INFO - DAG(s) 'example_params_trigger_ui' retrieved from /home/airflow/.local/lib/python3.8/site-packages/airflow/example_dags/example_params_trigger_ui.py
[2024-03-19T09:54:11.980+0000] {logging_mixin.py:188} INFO - [2024-03-19T09:54:11.979+0000] {dag.py:3047} INFO - Sync 1 DAGs
[2024-03-19T09:54:12.002+0000] {logging_mixin.py:188} INFO - [2024-03-19T09:54:12.001+0000] {dag.py:3834} INFO - Setting next_dagrun for example_params_trigger_ui to None, run_after=None
[2024-03-19T09:54:12.033+0000] {processor.py:183} INFO - Processing /home/airflow/.local/lib/python3.8/site-packages/airflow/example_dags/example_params_trigger_ui.py took 0.165 seconds
[2024-03-19T09:54:42.108+0000] {processor.py:161} INFO - Started process (PID=23848) to work on /home/airflow/.local/lib/python3.8/site-packages/airflow/example_dags/example_params_trigger_ui.py
[2024-03-19T09:54:42.110+0000] {processor.py:830} INFO - Processing file /home/airflow/.local/lib/python3.8/site-packages/airflow/example_dags/example_params_trigger_ui.py for tasks to queue
[2024-03-19T09:54:42.112+0000] {logging_mixin.py:188} INFO - [2024-03-19T09:54:42.111+0000] {dagbag.py:540} INFO - Filling up the DagBag from /home/airflow/.local/lib/python3.8/site-packages/airflow/example_dags/example_params_trigger_ui.py
[2024-03-19T09:54:42.140+0000] {processor.py:840} INFO - DAG(s) 'example_params_trigger_ui' retrieved from /home/airflow/.local/lib/python3.8/site-packages/airflow/example_dags/example_params_trigger_ui.py
[2024-03-19T09:54:42.234+0000] {logging_mixin.py:188} INFO - [2024-03-19T09:54:42.233+0000] {dag.py:3047} INFO - Sync 1 DAGs
[2024-03-19T09:54:42.251+0000] {logging_mixin.py:188} INFO - [2024-03-19T09:54:42.250+0000] {dag.py:3834} INFO - Setting next_dagrun for example_params_trigger_ui to None, run_after=None
[2024-03-19T09:54:42.274+0000] {processor.py:183} INFO - Processing /home/airflow/.local/lib/python3.8/site-packages/airflow/example_dags/example_params_trigger_ui.py took 0.172 seconds
[2024-03-19T09:55:12.618+0000] {processor.py:161} INFO - Started process (PID=23903) to work on /home/airflow/.local/lib/python3.8/site-packages/airflow/example_dags/example_params_trigger_ui.py
[2024-03-19T09:55:12.621+0000] {processor.py:830} INFO - Processing file /home/airflow/.local/lib/python3.8/site-packages/airflow/example_dags/example_params_trigger_ui.py for tasks to queue
[2024-03-19T09:55:12.622+0000] {logging_mixin.py:188} INFO - [2024-03-19T09:55:12.622+0000] {dagbag.py:540} INFO - Filling up the DagBag from /home/airflow/.local/lib/python3.8/site-packages/airflow/example_dags/example_params_trigger_ui.py
[2024-03-19T09:55:12.654+0000] {processor.py:840} INFO - DAG(s) 'example_params_trigger_ui' retrieved from /home/airflow/.local/lib/python3.8/site-packages/airflow/example_dags/example_params_trigger_ui.py
[2024-03-19T09:55:12.770+0000] {logging_mixin.py:188} INFO - [2024-03-19T09:55:12.770+0000] {dag.py:3047} INFO - Sync 1 DAGs
[2024-03-19T09:55:12.804+0000] {logging_mixin.py:188} INFO - [2024-03-19T09:55:12.803+0000] {dag.py:3834} INFO - Setting next_dagrun for example_params_trigger_ui to None, run_after=None
[2024-03-19T09:55:12.852+0000] {processor.py:183} INFO - Processing /home/airflow/.local/lib/python3.8/site-packages/airflow/example_dags/example_params_trigger_ui.py took 0.240 seconds
[2024-03-19T09:55:43.088+0000] {processor.py:161} INFO - Started process (PID=23958) to work on /home/airflow/.local/lib/python3.8/site-packages/airflow/example_dags/example_params_trigger_ui.py
[2024-03-19T09:55:43.092+0000] {processor.py:830} INFO - Processing file /home/airflow/.local/lib/python3.8/site-packages/airflow/example_dags/example_params_trigger_ui.py for tasks to queue
[2024-03-19T09:55:43.095+0000] {logging_mixin.py:188} INFO - [2024-03-19T09:55:43.094+0000] {dagbag.py:540} INFO - Filling up the DagBag from /home/airflow/.local/lib/python3.8/site-packages/airflow/example_dags/example_params_trigger_ui.py
[2024-03-19T09:55:43.164+0000] {processor.py:840} INFO - DAG(s) 'example_params_trigger_ui' retrieved from /home/airflow/.local/lib/python3.8/site-packages/airflow/example_dags/example_params_trigger_ui.py
[2024-03-19T09:55:43.370+0000] {logging_mixin.py:188} INFO - [2024-03-19T09:55:43.368+0000] {dag.py:3047} INFO - Sync 1 DAGs
[2024-03-19T09:55:43.427+0000] {logging_mixin.py:188} INFO - [2024-03-19T09:55:43.427+0000] {dag.py:3834} INFO - Setting next_dagrun for example_params_trigger_ui to None, run_after=None
[2024-03-19T09:55:43.532+0000] {processor.py:183} INFO - Processing /home/airflow/.local/lib/python3.8/site-packages/airflow/example_dags/example_params_trigger_ui.py took 0.461 seconds
[2024-03-19T09:56:14.206+0000] {processor.py:161} INFO - Started process (PID=24013) to work on /home/airflow/.local/lib/python3.8/site-packages/airflow/example_dags/example_params_trigger_ui.py
[2024-03-19T09:56:14.208+0000] {processor.py:830} INFO - Processing file /home/airflow/.local/lib/python3.8/site-packages/airflow/example_dags/example_params_trigger_ui.py for tasks to queue
[2024-03-19T09:56:14.210+0000] {logging_mixin.py:188} INFO - [2024-03-19T09:56:14.210+0000] {dagbag.py:540} INFO - Filling up the DagBag from /home/airflow/.local/lib/python3.8/site-packages/airflow/example_dags/example_params_trigger_ui.py
[2024-03-19T09:56:14.233+0000] {processor.py:840} INFO - DAG(s) 'example_params_trigger_ui' retrieved from /home/airflow/.local/lib/python3.8/site-packages/airflow/example_dags/example_params_trigger_ui.py
[2024-03-19T09:56:14.318+0000] {logging_mixin.py:188} INFO - [2024-03-19T09:56:14.318+0000] {dag.py:3047} INFO - Sync 1 DAGs
[2024-03-19T09:56:14.338+0000] {logging_mixin.py:188} INFO - [2024-03-19T09:56:14.338+0000] {dag.py:3834} INFO - Setting next_dagrun for example_params_trigger_ui to None, run_after=None
[2024-03-19T09:56:14.362+0000] {processor.py:183} INFO - Processing /home/airflow/.local/lib/python3.8/site-packages/airflow/example_dags/example_params_trigger_ui.py took 0.160 seconds
[2024-03-19T09:56:44.483+0000] {processor.py:161} INFO - Started process (PID=24066) to work on /home/airflow/.local/lib/python3.8/site-packages/airflow/example_dags/example_params_trigger_ui.py
[2024-03-19T09:56:44.485+0000] {processor.py:830} INFO - Processing file /home/airflow/.local/lib/python3.8/site-packages/airflow/example_dags/example_params_trigger_ui.py for tasks to queue
[2024-03-19T09:56:44.487+0000] {logging_mixin.py:188} INFO - [2024-03-19T09:56:44.486+0000] {dagbag.py:540} INFO - Filling up the DagBag from /home/airflow/.local/lib/python3.8/site-packages/airflow/example_dags/example_params_trigger_ui.py
[2024-03-19T09:56:44.523+0000] {processor.py:840} INFO - DAG(s) 'example_params_trigger_ui' retrieved from /home/airflow/.local/lib/python3.8/site-packages/airflow/example_dags/example_params_trigger_ui.py
[2024-03-19T09:56:44.620+0000] {logging_mixin.py:188} INFO - [2024-03-19T09:56:44.620+0000] {dag.py:3047} INFO - Sync 1 DAGs
[2024-03-19T09:56:44.636+0000] {logging_mixin.py:188} INFO - [2024-03-19T09:56:44.636+0000] {dag.py:3834} INFO - Setting next_dagrun for example_params_trigger_ui to None, run_after=None
[2024-03-19T09:56:44.659+0000] {processor.py:183} INFO - Processing /home/airflow/.local/lib/python3.8/site-packages/airflow/example_dags/example_params_trigger_ui.py took 0.180 seconds
[2024-03-19T09:57:14.805+0000] {processor.py:161} INFO - Started process (PID=24121) to work on /home/airflow/.local/lib/python3.8/site-packages/airflow/example_dags/example_params_trigger_ui.py
[2024-03-19T09:57:14.807+0000] {processor.py:830} INFO - Processing file /home/airflow/.local/lib/python3.8/site-packages/airflow/example_dags/example_params_trigger_ui.py for tasks to queue
[2024-03-19T09:57:14.810+0000] {logging_mixin.py:188} INFO - [2024-03-19T09:57:14.809+0000] {dagbag.py:540} INFO - Filling up the DagBag from /home/airflow/.local/lib/python3.8/site-packages/airflow/example_dags/example_params_trigger_ui.py
[2024-03-19T09:57:14.866+0000] {processor.py:840} INFO - DAG(s) 'example_params_trigger_ui' retrieved from /home/airflow/.local/lib/python3.8/site-packages/airflow/example_dags/example_params_trigger_ui.py
[2024-03-19T09:57:15.099+0000] {logging_mixin.py:188} INFO - [2024-03-19T09:57:15.098+0000] {dag.py:3047} INFO - Sync 1 DAGs
[2024-03-19T09:57:15.144+0000] {logging_mixin.py:188} INFO - [2024-03-19T09:57:15.144+0000] {dag.py:3834} INFO - Setting next_dagrun for example_params_trigger_ui to None, run_after=None
[2024-03-19T09:57:15.225+0000] {processor.py:183} INFO - Processing /home/airflow/.local/lib/python3.8/site-packages/airflow/example_dags/example_params_trigger_ui.py took 0.429 seconds
