[2024-03-19T09:44:31.557+0000] {processor.py:161} INFO - Started process (PID=22811) to work on /home/airflow/.local/lib/python3.8/site-packages/airflow/example_dags/example_bash_operator.py
[2024-03-19T09:44:31.560+0000] {processor.py:830} INFO - Processing file /home/airflow/.local/lib/python3.8/site-packages/airflow/example_dags/example_bash_operator.py for tasks to queue
[2024-03-19T09:44:31.563+0000] {logging_mixin.py:188} INFO - [2024-03-19T09:44:31.562+0000] {dagbag.py:540} INFO - Filling up the DagBag from /home/airflow/.local/lib/python3.8/site-packages/airflow/example_dags/example_bash_operator.py
[2024-03-19T09:44:31.584+0000] {processor.py:840} INFO - DAG(s) 'example_bash_operator' retrieved from /home/airflow/.local/lib/python3.8/site-packages/airflow/example_dags/example_bash_operator.py
[2024-03-19T09:44:31.640+0000] {logging_mixin.py:188} INFO - [2024-03-19T09:44:31.640+0000] {dag.py:3047} INFO - Sync 1 DAGs
[2024-03-19T09:44:31.678+0000] {logging_mixin.py:188} INFO - [2024-03-19T09:44:31.677+0000] {dag.py:3834} INFO - Setting next_dagrun for example_bash_operator to 2024-03-18 00:00:00+00:00, run_after=2024-03-19 00:00:00+00:00
[2024-03-19T09:44:31.713+0000] {processor.py:183} INFO - Processing /home/airflow/.local/lib/python3.8/site-packages/airflow/example_dags/example_bash_operator.py took 0.163 seconds
[2024-03-19T09:45:01.839+0000] {processor.py:161} INFO - Started process (PID=22866) to work on /home/airflow/.local/lib/python3.8/site-packages/airflow/example_dags/example_bash_operator.py
[2024-03-19T09:45:01.840+0000] {processor.py:830} INFO - Processing file /home/airflow/.local/lib/python3.8/site-packages/airflow/example_dags/example_bash_operator.py for tasks to queue
[2024-03-19T09:45:01.841+0000] {logging_mixin.py:188} INFO - [2024-03-19T09:45:01.841+0000] {dagbag.py:540} INFO - Filling up the DagBag from /home/airflow/.local/lib/python3.8/site-packages/airflow/example_dags/example_bash_operator.py
[2024-03-19T09:45:01.856+0000] {processor.py:840} INFO - DAG(s) 'example_bash_operator' retrieved from /home/airflow/.local/lib/python3.8/site-packages/airflow/example_dags/example_bash_operator.py
[2024-03-19T09:45:01.891+0000] {logging_mixin.py:188} INFO - [2024-03-19T09:45:01.891+0000] {dag.py:3047} INFO - Sync 1 DAGs
[2024-03-19T09:45:01.916+0000] {logging_mixin.py:188} INFO - [2024-03-19T09:45:01.915+0000] {dag.py:3834} INFO - Setting next_dagrun for example_bash_operator to 2024-03-18 00:00:00+00:00, run_after=2024-03-19 00:00:00+00:00
[2024-03-19T09:45:01.938+0000] {processor.py:183} INFO - Processing /home/airflow/.local/lib/python3.8/site-packages/airflow/example_dags/example_bash_operator.py took 0.104 seconds
[2024-03-19T09:45:49.143+0000] {processor.py:161} INFO - Started process (PID=22921) to work on /home/airflow/.local/lib/python3.8/site-packages/airflow/example_dags/example_bash_operator.py
[2024-03-19T09:45:49.146+0000] {processor.py:830} INFO - Processing file /home/airflow/.local/lib/python3.8/site-packages/airflow/example_dags/example_bash_operator.py for tasks to queue
[2024-03-19T09:45:49.150+0000] {logging_mixin.py:188} INFO - [2024-03-19T09:45:49.149+0000] {dagbag.py:540} INFO - Filling up the DagBag from /home/airflow/.local/lib/python3.8/site-packages/airflow/example_dags/example_bash_operator.py
[2024-03-19T09:45:49.185+0000] {processor.py:840} INFO - DAG(s) 'example_bash_operator' retrieved from /home/airflow/.local/lib/python3.8/site-packages/airflow/example_dags/example_bash_operator.py
[2024-03-19T09:45:49.312+0000] {logging_mixin.py:188} INFO - [2024-03-19T09:45:49.311+0000] {dag.py:3047} INFO - Sync 1 DAGs
[2024-03-19T09:45:49.408+0000] {logging_mixin.py:188} INFO - [2024-03-19T09:45:49.407+0000] {dag.py:3834} INFO - Setting next_dagrun for example_bash_operator to 2024-03-18 00:00:00+00:00, run_after=2024-03-19 00:00:00+00:00
[2024-03-19T09:45:49.468+0000] {processor.py:183} INFO - Processing /home/airflow/.local/lib/python3.8/site-packages/airflow/example_dags/example_bash_operator.py took 0.333 seconds
[2024-03-19T09:46:21.551+0000] {processor.py:161} INFO - Started process (PID=22976) to work on /home/airflow/.local/lib/python3.8/site-packages/airflow/example_dags/example_bash_operator.py
[2024-03-19T09:46:21.555+0000] {processor.py:830} INFO - Processing file /home/airflow/.local/lib/python3.8/site-packages/airflow/example_dags/example_bash_operator.py for tasks to queue
[2024-03-19T09:46:21.560+0000] {logging_mixin.py:188} INFO - [2024-03-19T09:46:21.559+0000] {dagbag.py:540} INFO - Filling up the DagBag from /home/airflow/.local/lib/python3.8/site-packages/airflow/example_dags/example_bash_operator.py
[2024-03-19T09:46:21.615+0000] {processor.py:840} INFO - DAG(s) 'example_bash_operator' retrieved from /home/airflow/.local/lib/python3.8/site-packages/airflow/example_dags/example_bash_operator.py
[2024-03-19T09:46:21.752+0000] {logging_mixin.py:188} INFO - [2024-03-19T09:46:21.752+0000] {dag.py:3047} INFO - Sync 1 DAGs
[2024-03-19T09:46:21.808+0000] {logging_mixin.py:188} INFO - [2024-03-19T09:46:21.807+0000] {dag.py:3834} INFO - Setting next_dagrun for example_bash_operator to 2024-03-18 00:00:00+00:00, run_after=2024-03-19 00:00:00+00:00
[2024-03-19T09:46:21.853+0000] {processor.py:183} INFO - Processing /home/airflow/.local/lib/python3.8/site-packages/airflow/example_dags/example_bash_operator.py took 0.311 seconds
[2024-03-19T09:46:52.466+0000] {processor.py:161} INFO - Started process (PID=23031) to work on /home/airflow/.local/lib/python3.8/site-packages/airflow/example_dags/example_bash_operator.py
[2024-03-19T09:46:52.468+0000] {processor.py:830} INFO - Processing file /home/airflow/.local/lib/python3.8/site-packages/airflow/example_dags/example_bash_operator.py for tasks to queue
[2024-03-19T09:46:52.470+0000] {logging_mixin.py:188} INFO - [2024-03-19T09:46:52.470+0000] {dagbag.py:540} INFO - Filling up the DagBag from /home/airflow/.local/lib/python3.8/site-packages/airflow/example_dags/example_bash_operator.py
[2024-03-19T09:46:52.494+0000] {processor.py:840} INFO - DAG(s) 'example_bash_operator' retrieved from /home/airflow/.local/lib/python3.8/site-packages/airflow/example_dags/example_bash_operator.py
[2024-03-19T09:46:52.555+0000] {logging_mixin.py:188} INFO - [2024-03-19T09:46:52.555+0000] {dag.py:3047} INFO - Sync 1 DAGs
[2024-03-19T09:46:52.596+0000] {logging_mixin.py:188} INFO - [2024-03-19T09:46:52.596+0000] {dag.py:3834} INFO - Setting next_dagrun for example_bash_operator to 2024-03-18 00:00:00+00:00, run_after=2024-03-19 00:00:00+00:00
[2024-03-19T09:46:52.635+0000] {processor.py:183} INFO - Processing /home/airflow/.local/lib/python3.8/site-packages/airflow/example_dags/example_bash_operator.py took 0.178 seconds
[2024-03-19T09:47:24.848+0000] {processor.py:161} INFO - Started process (PID=23087) to work on /home/airflow/.local/lib/python3.8/site-packages/airflow/example_dags/example_bash_operator.py
[2024-03-19T09:47:24.850+0000] {processor.py:830} INFO - Processing file /home/airflow/.local/lib/python3.8/site-packages/airflow/example_dags/example_bash_operator.py for tasks to queue
[2024-03-19T09:47:24.851+0000] {logging_mixin.py:188} INFO - [2024-03-19T09:47:24.851+0000] {dagbag.py:540} INFO - Filling up the DagBag from /home/airflow/.local/lib/python3.8/site-packages/airflow/example_dags/example_bash_operator.py
[2024-03-19T09:47:24.868+0000] {processor.py:840} INFO - DAG(s) 'example_bash_operator' retrieved from /home/airflow/.local/lib/python3.8/site-packages/airflow/example_dags/example_bash_operator.py
[2024-03-19T09:47:24.915+0000] {logging_mixin.py:188} INFO - [2024-03-19T09:47:24.914+0000] {dag.py:3047} INFO - Sync 1 DAGs
[2024-03-19T09:47:24.961+0000] {logging_mixin.py:188} INFO - [2024-03-19T09:47:24.960+0000] {dag.py:3834} INFO - Setting next_dagrun for example_bash_operator to 2024-03-18 00:00:00+00:00, run_after=2024-03-19 00:00:00+00:00
[2024-03-19T09:47:24.993+0000] {processor.py:183} INFO - Processing /home/airflow/.local/lib/python3.8/site-packages/airflow/example_dags/example_bash_operator.py took 0.150 seconds
[2024-03-19T09:47:55.224+0000] {processor.py:161} INFO - Started process (PID=23140) to work on /home/airflow/.local/lib/python3.8/site-packages/airflow/example_dags/example_bash_operator.py
[2024-03-19T09:47:55.231+0000] {processor.py:830} INFO - Processing file /home/airflow/.local/lib/python3.8/site-packages/airflow/example_dags/example_bash_operator.py for tasks to queue
[2024-03-19T09:47:55.236+0000] {logging_mixin.py:188} INFO - [2024-03-19T09:47:55.233+0000] {dagbag.py:540} INFO - Filling up the DagBag from /home/airflow/.local/lib/python3.8/site-packages/airflow/example_dags/example_bash_operator.py
[2024-03-19T09:47:55.262+0000] {processor.py:840} INFO - DAG(s) 'example_bash_operator' retrieved from /home/airflow/.local/lib/python3.8/site-packages/airflow/example_dags/example_bash_operator.py
[2024-03-19T09:47:55.346+0000] {logging_mixin.py:188} INFO - [2024-03-19T09:47:55.346+0000] {dag.py:3047} INFO - Sync 1 DAGs
[2024-03-19T09:47:55.389+0000] {logging_mixin.py:188} INFO - [2024-03-19T09:47:55.388+0000] {dag.py:3834} INFO - Setting next_dagrun for example_bash_operator to 2024-03-18 00:00:00+00:00, run_after=2024-03-19 00:00:00+00:00
[2024-03-19T09:47:55.447+0000] {processor.py:183} INFO - Processing /home/airflow/.local/lib/python3.8/site-packages/airflow/example_dags/example_bash_operator.py took 0.230 seconds
[2024-03-19T09:48:26.190+0000] {processor.py:161} INFO - Started process (PID=23194) to work on /home/airflow/.local/lib/python3.8/site-packages/airflow/example_dags/example_bash_operator.py
[2024-03-19T09:48:26.193+0000] {processor.py:830} INFO - Processing file /home/airflow/.local/lib/python3.8/site-packages/airflow/example_dags/example_bash_operator.py for tasks to queue
[2024-03-19T09:48:26.196+0000] {logging_mixin.py:188} INFO - [2024-03-19T09:48:26.195+0000] {dagbag.py:540} INFO - Filling up the DagBag from /home/airflow/.local/lib/python3.8/site-packages/airflow/example_dags/example_bash_operator.py
[2024-03-19T09:48:26.238+0000] {processor.py:840} INFO - DAG(s) 'example_bash_operator' retrieved from /home/airflow/.local/lib/python3.8/site-packages/airflow/example_dags/example_bash_operator.py
[2024-03-19T09:48:26.338+0000] {logging_mixin.py:188} INFO - [2024-03-19T09:48:26.337+0000] {dag.py:3047} INFO - Sync 1 DAGs
[2024-03-19T09:48:26.386+0000] {logging_mixin.py:188} INFO - [2024-03-19T09:48:26.386+0000] {dag.py:3834} INFO - Setting next_dagrun for example_bash_operator to 2024-03-18 00:00:00+00:00, run_after=2024-03-19 00:00:00+00:00
[2024-03-19T09:48:26.428+0000] {processor.py:183} INFO - Processing /home/airflow/.local/lib/python3.8/site-packages/airflow/example_dags/example_bash_operator.py took 0.246 seconds
[2024-03-19T09:49:00.028+0000] {processor.py:161} INFO - Started process (PID=23252) to work on /home/airflow/.local/lib/python3.8/site-packages/airflow/example_dags/example_bash_operator.py
[2024-03-19T09:49:00.073+0000] {processor.py:830} INFO - Processing file /home/airflow/.local/lib/python3.8/site-packages/airflow/example_dags/example_bash_operator.py for tasks to queue
[2024-03-19T09:49:00.085+0000] {logging_mixin.py:188} INFO - [2024-03-19T09:49:00.084+0000] {dagbag.py:540} INFO - Filling up the DagBag from /home/airflow/.local/lib/python3.8/site-packages/airflow/example_dags/example_bash_operator.py
[2024-03-19T09:49:00.152+0000] {processor.py:840} INFO - DAG(s) 'example_bash_operator' retrieved from /home/airflow/.local/lib/python3.8/site-packages/airflow/example_dags/example_bash_operator.py
[2024-03-19T09:49:00.414+0000] {logging_mixin.py:188} INFO - [2024-03-19T09:49:00.413+0000] {dag.py:3047} INFO - Sync 1 DAGs
[2024-03-19T09:49:00.539+0000] {logging_mixin.py:188} INFO - [2024-03-19T09:49:00.538+0000] {dag.py:3834} INFO - Setting next_dagrun for example_bash_operator to 2024-03-18 00:00:00+00:00, run_after=2024-03-19 00:00:00+00:00
[2024-03-19T09:49:00.674+0000] {processor.py:183} INFO - Processing /home/airflow/.local/lib/python3.8/site-packages/airflow/example_dags/example_bash_operator.py took 0.665 seconds
[2024-03-19T09:49:31.054+0000] {processor.py:161} INFO - Started process (PID=23306) to work on /home/airflow/.local/lib/python3.8/site-packages/airflow/example_dags/example_bash_operator.py
[2024-03-19T09:49:31.057+0000] {processor.py:830} INFO - Processing file /home/airflow/.local/lib/python3.8/site-packages/airflow/example_dags/example_bash_operator.py for tasks to queue
[2024-03-19T09:49:31.059+0000] {logging_mixin.py:188} INFO - [2024-03-19T09:49:31.058+0000] {dagbag.py:540} INFO - Filling up the DagBag from /home/airflow/.local/lib/python3.8/site-packages/airflow/example_dags/example_bash_operator.py
[2024-03-19T09:49:31.078+0000] {processor.py:840} INFO - DAG(s) 'example_bash_operator' retrieved from /home/airflow/.local/lib/python3.8/site-packages/airflow/example_dags/example_bash_operator.py
[2024-03-19T09:49:31.131+0000] {logging_mixin.py:188} INFO - [2024-03-19T09:49:31.131+0000] {dag.py:3047} INFO - Sync 1 DAGs
[2024-03-19T09:49:31.230+0000] {logging_mixin.py:188} INFO - [2024-03-19T09:49:31.229+0000] {dag.py:3834} INFO - Setting next_dagrun for example_bash_operator to 2024-03-18 00:00:00+00:00, run_after=2024-03-19 00:00:00+00:00
[2024-03-19T09:49:31.268+0000] {processor.py:183} INFO - Processing /home/airflow/.local/lib/python3.8/site-packages/airflow/example_dags/example_bash_operator.py took 0.219 seconds
[2024-03-19T09:50:02.257+0000] {processor.py:161} INFO - Started process (PID=23360) to work on /home/airflow/.local/lib/python3.8/site-packages/airflow/example_dags/example_bash_operator.py
[2024-03-19T09:50:02.261+0000] {processor.py:830} INFO - Processing file /home/airflow/.local/lib/python3.8/site-packages/airflow/example_dags/example_bash_operator.py for tasks to queue
[2024-03-19T09:50:02.262+0000] {logging_mixin.py:188} INFO - [2024-03-19T09:50:02.262+0000] {dagbag.py:540} INFO - Filling up the DagBag from /home/airflow/.local/lib/python3.8/site-packages/airflow/example_dags/example_bash_operator.py
[2024-03-19T09:50:02.277+0000] {processor.py:840} INFO - DAG(s) 'example_bash_operator' retrieved from /home/airflow/.local/lib/python3.8/site-packages/airflow/example_dags/example_bash_operator.py
[2024-03-19T09:50:02.315+0000] {logging_mixin.py:188} INFO - [2024-03-19T09:50:02.315+0000] {dag.py:3047} INFO - Sync 1 DAGs
[2024-03-19T09:50:02.340+0000] {logging_mixin.py:188} INFO - [2024-03-19T09:50:02.340+0000] {dag.py:3834} INFO - Setting next_dagrun for example_bash_operator to 2024-03-18 00:00:00+00:00, run_after=2024-03-19 00:00:00+00:00
[2024-03-19T09:50:02.364+0000] {processor.py:183} INFO - Processing /home/airflow/.local/lib/python3.8/site-packages/airflow/example_dags/example_bash_operator.py took 0.110 seconds
[2024-03-19T09:50:32.710+0000] {processor.py:161} INFO - Started process (PID=23415) to work on /home/airflow/.local/lib/python3.8/site-packages/airflow/example_dags/example_bash_operator.py
[2024-03-19T09:50:32.718+0000] {processor.py:830} INFO - Processing file /home/airflow/.local/lib/python3.8/site-packages/airflow/example_dags/example_bash_operator.py for tasks to queue
[2024-03-19T09:50:32.721+0000] {logging_mixin.py:188} INFO - [2024-03-19T09:50:32.720+0000] {dagbag.py:540} INFO - Filling up the DagBag from /home/airflow/.local/lib/python3.8/site-packages/airflow/example_dags/example_bash_operator.py
[2024-03-19T09:50:32.763+0000] {processor.py:840} INFO - DAG(s) 'example_bash_operator' retrieved from /home/airflow/.local/lib/python3.8/site-packages/airflow/example_dags/example_bash_operator.py
[2024-03-19T09:50:32.853+0000] {logging_mixin.py:188} INFO - [2024-03-19T09:50:32.852+0000] {dag.py:3047} INFO - Sync 1 DAGs
[2024-03-19T09:50:32.925+0000] {logging_mixin.py:188} INFO - [2024-03-19T09:50:32.925+0000] {dag.py:3834} INFO - Setting next_dagrun for example_bash_operator to 2024-03-18 00:00:00+00:00, run_after=2024-03-19 00:00:00+00:00
[2024-03-19T09:50:32.967+0000] {processor.py:183} INFO - Processing /home/airflow/.local/lib/python3.8/site-packages/airflow/example_dags/example_bash_operator.py took 0.266 seconds
[2024-03-19T09:51:07.434+0000] {processor.py:161} INFO - Started process (PID=23471) to work on /home/airflow/.local/lib/python3.8/site-packages/airflow/example_dags/example_bash_operator.py
[2024-03-19T09:51:07.438+0000] {processor.py:830} INFO - Processing file /home/airflow/.local/lib/python3.8/site-packages/airflow/example_dags/example_bash_operator.py for tasks to queue
[2024-03-19T09:51:07.441+0000] {logging_mixin.py:188} INFO - [2024-03-19T09:51:07.440+0000] {dagbag.py:540} INFO - Filling up the DagBag from /home/airflow/.local/lib/python3.8/site-packages/airflow/example_dags/example_bash_operator.py
[2024-03-19T09:51:07.472+0000] {processor.py:840} INFO - DAG(s) 'example_bash_operator' retrieved from /home/airflow/.local/lib/python3.8/site-packages/airflow/example_dags/example_bash_operator.py
[2024-03-19T09:51:07.562+0000] {logging_mixin.py:188} INFO - [2024-03-19T09:51:07.561+0000] {dag.py:3047} INFO - Sync 1 DAGs
[2024-03-19T09:51:07.692+0000] {logging_mixin.py:188} INFO - [2024-03-19T09:51:07.692+0000] {dag.py:3834} INFO - Setting next_dagrun for example_bash_operator to 2024-03-18 00:00:00+00:00, run_after=2024-03-19 00:00:00+00:00
[2024-03-19T09:51:07.810+0000] {processor.py:183} INFO - Processing /home/airflow/.local/lib/python3.8/site-packages/airflow/example_dags/example_bash_operator.py took 0.388 seconds
[2024-03-19T09:51:38.377+0000] {processor.py:161} INFO - Started process (PID=23528) to work on /home/airflow/.local/lib/python3.8/site-packages/airflow/example_dags/example_bash_operator.py
[2024-03-19T09:51:38.380+0000] {processor.py:830} INFO - Processing file /home/airflow/.local/lib/python3.8/site-packages/airflow/example_dags/example_bash_operator.py for tasks to queue
[2024-03-19T09:51:38.382+0000] {logging_mixin.py:188} INFO - [2024-03-19T09:51:38.382+0000] {dagbag.py:540} INFO - Filling up the DagBag from /home/airflow/.local/lib/python3.8/site-packages/airflow/example_dags/example_bash_operator.py
[2024-03-19T09:51:38.402+0000] {processor.py:840} INFO - DAG(s) 'example_bash_operator' retrieved from /home/airflow/.local/lib/python3.8/site-packages/airflow/example_dags/example_bash_operator.py
[2024-03-19T09:51:38.454+0000] {logging_mixin.py:188} INFO - [2024-03-19T09:51:38.454+0000] {dag.py:3047} INFO - Sync 1 DAGs
[2024-03-19T09:51:38.494+0000] {logging_mixin.py:188} INFO - [2024-03-19T09:51:38.493+0000] {dag.py:3834} INFO - Setting next_dagrun for example_bash_operator to 2024-03-18 00:00:00+00:00, run_after=2024-03-19 00:00:00+00:00
[2024-03-19T09:51:38.533+0000] {processor.py:183} INFO - Processing /home/airflow/.local/lib/python3.8/site-packages/airflow/example_dags/example_bash_operator.py took 0.163 seconds
[2024-03-19T09:52:09.264+0000] {processor.py:161} INFO - Started process (PID=23584) to work on /home/airflow/.local/lib/python3.8/site-packages/airflow/example_dags/example_bash_operator.py
[2024-03-19T09:52:09.266+0000] {processor.py:830} INFO - Processing file /home/airflow/.local/lib/python3.8/site-packages/airflow/example_dags/example_bash_operator.py for tasks to queue
[2024-03-19T09:52:09.269+0000] {logging_mixin.py:188} INFO - [2024-03-19T09:52:09.268+0000] {dagbag.py:540} INFO - Filling up the DagBag from /home/airflow/.local/lib/python3.8/site-packages/airflow/example_dags/example_bash_operator.py
[2024-03-19T09:52:09.292+0000] {processor.py:840} INFO - DAG(s) 'example_bash_operator' retrieved from /home/airflow/.local/lib/python3.8/site-packages/airflow/example_dags/example_bash_operator.py
[2024-03-19T09:52:09.367+0000] {logging_mixin.py:188} INFO - [2024-03-19T09:52:09.366+0000] {dag.py:3047} INFO - Sync 1 DAGs
[2024-03-19T09:52:09.458+0000] {logging_mixin.py:188} INFO - [2024-03-19T09:52:09.457+0000] {dag.py:3834} INFO - Setting next_dagrun for example_bash_operator to 2024-03-18 00:00:00+00:00, run_after=2024-03-19 00:00:00+00:00
[2024-03-19T09:52:09.541+0000] {processor.py:183} INFO - Processing /home/airflow/.local/lib/python3.8/site-packages/airflow/example_dags/example_bash_operator.py took 0.281 seconds
[2024-03-19T09:52:46.618+0000] {processor.py:161} INFO - Started process (PID=23640) to work on /home/airflow/.local/lib/python3.8/site-packages/airflow/example_dags/example_bash_operator.py
[2024-03-19T09:52:46.626+0000] {processor.py:830} INFO - Processing file /home/airflow/.local/lib/python3.8/site-packages/airflow/example_dags/example_bash_operator.py for tasks to queue
[2024-03-19T09:52:46.629+0000] {logging_mixin.py:188} INFO - [2024-03-19T09:52:46.628+0000] {dagbag.py:540} INFO - Filling up the DagBag from /home/airflow/.local/lib/python3.8/site-packages/airflow/example_dags/example_bash_operator.py
[2024-03-19T09:52:46.683+0000] {processor.py:840} INFO - DAG(s) 'example_bash_operator' retrieved from /home/airflow/.local/lib/python3.8/site-packages/airflow/example_dags/example_bash_operator.py
[2024-03-19T09:52:46.841+0000] {logging_mixin.py:188} INFO - [2024-03-19T09:52:46.840+0000] {dag.py:3047} INFO - Sync 1 DAGs
[2024-03-19T09:52:46.911+0000] {logging_mixin.py:188} INFO - [2024-03-19T09:52:46.911+0000] {dag.py:3834} INFO - Setting next_dagrun for example_bash_operator to 2024-03-18 00:00:00+00:00, run_after=2024-03-19 00:00:00+00:00
[2024-03-19T09:52:46.994+0000] {processor.py:183} INFO - Processing /home/airflow/.local/lib/python3.8/site-packages/airflow/example_dags/example_bash_operator.py took 0.391 seconds
[2024-03-19T09:53:17.320+0000] {processor.py:161} INFO - Started process (PID=23693) to work on /home/airflow/.local/lib/python3.8/site-packages/airflow/example_dags/example_bash_operator.py
[2024-03-19T09:53:17.322+0000] {processor.py:830} INFO - Processing file /home/airflow/.local/lib/python3.8/site-packages/airflow/example_dags/example_bash_operator.py for tasks to queue
[2024-03-19T09:53:17.324+0000] {logging_mixin.py:188} INFO - [2024-03-19T09:53:17.323+0000] {dagbag.py:540} INFO - Filling up the DagBag from /home/airflow/.local/lib/python3.8/site-packages/airflow/example_dags/example_bash_operator.py
[2024-03-19T09:53:17.360+0000] {processor.py:840} INFO - DAG(s) 'example_bash_operator' retrieved from /home/airflow/.local/lib/python3.8/site-packages/airflow/example_dags/example_bash_operator.py
[2024-03-19T09:53:17.433+0000] {logging_mixin.py:188} INFO - [2024-03-19T09:53:17.432+0000] {dag.py:3047} INFO - Sync 1 DAGs
[2024-03-19T09:53:17.479+0000] {logging_mixin.py:188} INFO - [2024-03-19T09:53:17.479+0000] {dag.py:3834} INFO - Setting next_dagrun for example_bash_operator to 2024-03-18 00:00:00+00:00, run_after=2024-03-19 00:00:00+00:00
[2024-03-19T09:53:17.516+0000] {processor.py:183} INFO - Processing /home/airflow/.local/lib/python3.8/site-packages/airflow/example_dags/example_bash_operator.py took 0.203 seconds
[2024-03-19T09:53:47.737+0000] {processor.py:161} INFO - Started process (PID=23748) to work on /home/airflow/.local/lib/python3.8/site-packages/airflow/example_dags/example_bash_operator.py
[2024-03-19T09:53:47.739+0000] {processor.py:830} INFO - Processing file /home/airflow/.local/lib/python3.8/site-packages/airflow/example_dags/example_bash_operator.py for tasks to queue
[2024-03-19T09:53:47.741+0000] {logging_mixin.py:188} INFO - [2024-03-19T09:53:47.740+0000] {dagbag.py:540} INFO - Filling up the DagBag from /home/airflow/.local/lib/python3.8/site-packages/airflow/example_dags/example_bash_operator.py
[2024-03-19T09:53:47.758+0000] {processor.py:840} INFO - DAG(s) 'example_bash_operator' retrieved from /home/airflow/.local/lib/python3.8/site-packages/airflow/example_dags/example_bash_operator.py
[2024-03-19T09:53:47.801+0000] {logging_mixin.py:188} INFO - [2024-03-19T09:53:47.801+0000] {dag.py:3047} INFO - Sync 1 DAGs
[2024-03-19T09:53:47.841+0000] {logging_mixin.py:188} INFO - [2024-03-19T09:53:47.840+0000] {dag.py:3834} INFO - Setting next_dagrun for example_bash_operator to 2024-03-18 00:00:00+00:00, run_after=2024-03-19 00:00:00+00:00
[2024-03-19T09:53:47.868+0000] {processor.py:183} INFO - Processing /home/airflow/.local/lib/python3.8/site-packages/airflow/example_dags/example_bash_operator.py took 0.137 seconds
[2024-03-19T09:54:18.494+0000] {processor.py:161} INFO - Started process (PID=23804) to work on /home/airflow/.local/lib/python3.8/site-packages/airflow/example_dags/example_bash_operator.py
[2024-03-19T09:54:18.497+0000] {processor.py:830} INFO - Processing file /home/airflow/.local/lib/python3.8/site-packages/airflow/example_dags/example_bash_operator.py for tasks to queue
[2024-03-19T09:54:18.499+0000] {logging_mixin.py:188} INFO - [2024-03-19T09:54:18.499+0000] {dagbag.py:540} INFO - Filling up the DagBag from /home/airflow/.local/lib/python3.8/site-packages/airflow/example_dags/example_bash_operator.py
[2024-03-19T09:54:18.516+0000] {processor.py:840} INFO - DAG(s) 'example_bash_operator' retrieved from /home/airflow/.local/lib/python3.8/site-packages/airflow/example_dags/example_bash_operator.py
[2024-03-19T09:54:18.555+0000] {logging_mixin.py:188} INFO - [2024-03-19T09:54:18.554+0000] {dag.py:3047} INFO - Sync 1 DAGs
[2024-03-19T09:54:18.582+0000] {logging_mixin.py:188} INFO - [2024-03-19T09:54:18.582+0000] {dag.py:3834} INFO - Setting next_dagrun for example_bash_operator to 2024-03-18 00:00:00+00:00, run_after=2024-03-19 00:00:00+00:00
[2024-03-19T09:54:18.606+0000] {processor.py:183} INFO - Processing /home/airflow/.local/lib/python3.8/site-packages/airflow/example_dags/example_bash_operator.py took 0.117 seconds
[2024-03-19T09:54:48.925+0000] {processor.py:161} INFO - Started process (PID=23859) to work on /home/airflow/.local/lib/python3.8/site-packages/airflow/example_dags/example_bash_operator.py
[2024-03-19T09:54:48.927+0000] {processor.py:830} INFO - Processing file /home/airflow/.local/lib/python3.8/site-packages/airflow/example_dags/example_bash_operator.py for tasks to queue
[2024-03-19T09:54:48.929+0000] {logging_mixin.py:188} INFO - [2024-03-19T09:54:48.928+0000] {dagbag.py:540} INFO - Filling up the DagBag from /home/airflow/.local/lib/python3.8/site-packages/airflow/example_dags/example_bash_operator.py
[2024-03-19T09:54:48.948+0000] {processor.py:840} INFO - DAG(s) 'example_bash_operator' retrieved from /home/airflow/.local/lib/python3.8/site-packages/airflow/example_dags/example_bash_operator.py
[2024-03-19T09:54:48.991+0000] {logging_mixin.py:188} INFO - [2024-03-19T09:54:48.990+0000] {dag.py:3047} INFO - Sync 1 DAGs
[2024-03-19T09:54:49.029+0000] {logging_mixin.py:188} INFO - [2024-03-19T09:54:49.029+0000] {dag.py:3834} INFO - Setting next_dagrun for example_bash_operator to 2024-03-18 00:00:00+00:00, run_after=2024-03-19 00:00:00+00:00
[2024-03-19T09:54:49.058+0000] {processor.py:183} INFO - Processing /home/airflow/.local/lib/python3.8/site-packages/airflow/example_dags/example_bash_operator.py took 0.138 seconds
[2024-03-19T09:55:19.513+0000] {processor.py:161} INFO - Started process (PID=23914) to work on /home/airflow/.local/lib/python3.8/site-packages/airflow/example_dags/example_bash_operator.py
[2024-03-19T09:55:19.516+0000] {processor.py:830} INFO - Processing file /home/airflow/.local/lib/python3.8/site-packages/airflow/example_dags/example_bash_operator.py for tasks to queue
[2024-03-19T09:55:19.518+0000] {logging_mixin.py:188} INFO - [2024-03-19T09:55:19.518+0000] {dagbag.py:540} INFO - Filling up the DagBag from /home/airflow/.local/lib/python3.8/site-packages/airflow/example_dags/example_bash_operator.py
[2024-03-19T09:55:19.551+0000] {processor.py:840} INFO - DAG(s) 'example_bash_operator' retrieved from /home/airflow/.local/lib/python3.8/site-packages/airflow/example_dags/example_bash_operator.py
[2024-03-19T09:55:19.654+0000] {logging_mixin.py:188} INFO - [2024-03-19T09:55:19.653+0000] {dag.py:3047} INFO - Sync 1 DAGs
[2024-03-19T09:55:19.688+0000] {logging_mixin.py:188} INFO - [2024-03-19T09:55:19.688+0000] {dag.py:3834} INFO - Setting next_dagrun for example_bash_operator to 2024-03-18 00:00:00+00:00, run_after=2024-03-19 00:00:00+00:00
[2024-03-19T09:55:19.719+0000] {processor.py:183} INFO - Processing /home/airflow/.local/lib/python3.8/site-packages/airflow/example_dags/example_bash_operator.py took 0.212 seconds
[2024-03-19T09:55:50.096+0000] {processor.py:161} INFO - Started process (PID=23969) to work on /home/airflow/.local/lib/python3.8/site-packages/airflow/example_dags/example_bash_operator.py
[2024-03-19T09:55:50.101+0000] {processor.py:830} INFO - Processing file /home/airflow/.local/lib/python3.8/site-packages/airflow/example_dags/example_bash_operator.py for tasks to queue
[2024-03-19T09:55:50.103+0000] {logging_mixin.py:188} INFO - [2024-03-19T09:55:50.102+0000] {dagbag.py:540} INFO - Filling up the DagBag from /home/airflow/.local/lib/python3.8/site-packages/airflow/example_dags/example_bash_operator.py
[2024-03-19T09:55:50.123+0000] {processor.py:840} INFO - DAG(s) 'example_bash_operator' retrieved from /home/airflow/.local/lib/python3.8/site-packages/airflow/example_dags/example_bash_operator.py
[2024-03-19T09:55:50.176+0000] {logging_mixin.py:188} INFO - [2024-03-19T09:55:50.175+0000] {dag.py:3047} INFO - Sync 1 DAGs
[2024-03-19T09:55:50.205+0000] {logging_mixin.py:188} INFO - [2024-03-19T09:55:50.205+0000] {dag.py:3834} INFO - Setting next_dagrun for example_bash_operator to 2024-03-18 00:00:00+00:00, run_after=2024-03-19 00:00:00+00:00
[2024-03-19T09:55:50.233+0000] {processor.py:183} INFO - Processing /home/airflow/.local/lib/python3.8/site-packages/airflow/example_dags/example_bash_operator.py took 0.143 seconds
[2024-03-19T09:56:20.458+0000] {processor.py:161} INFO - Started process (PID=24024) to work on /home/airflow/.local/lib/python3.8/site-packages/airflow/example_dags/example_bash_operator.py
[2024-03-19T09:56:20.460+0000] {processor.py:830} INFO - Processing file /home/airflow/.local/lib/python3.8/site-packages/airflow/example_dags/example_bash_operator.py for tasks to queue
[2024-03-19T09:56:20.462+0000] {logging_mixin.py:188} INFO - [2024-03-19T09:56:20.461+0000] {dagbag.py:540} INFO - Filling up the DagBag from /home/airflow/.local/lib/python3.8/site-packages/airflow/example_dags/example_bash_operator.py
[2024-03-19T09:56:20.484+0000] {processor.py:840} INFO - DAG(s) 'example_bash_operator' retrieved from /home/airflow/.local/lib/python3.8/site-packages/airflow/example_dags/example_bash_operator.py
[2024-03-19T09:56:20.553+0000] {logging_mixin.py:188} INFO - [2024-03-19T09:56:20.553+0000] {dag.py:3047} INFO - Sync 1 DAGs
[2024-03-19T09:56:20.645+0000] {logging_mixin.py:188} INFO - [2024-03-19T09:56:20.644+0000] {dag.py:3834} INFO - Setting next_dagrun for example_bash_operator to 2024-03-18 00:00:00+00:00, run_after=2024-03-19 00:00:00+00:00
[2024-03-19T09:56:20.758+0000] {processor.py:183} INFO - Processing /home/airflow/.local/lib/python3.8/site-packages/airflow/example_dags/example_bash_operator.py took 0.308 seconds
[2024-03-19T09:56:50.923+0000] {processor.py:161} INFO - Started process (PID=24079) to work on /home/airflow/.local/lib/python3.8/site-packages/airflow/example_dags/example_bash_operator.py
[2024-03-19T09:56:50.927+0000] {processor.py:830} INFO - Processing file /home/airflow/.local/lib/python3.8/site-packages/airflow/example_dags/example_bash_operator.py for tasks to queue
[2024-03-19T09:56:50.929+0000] {logging_mixin.py:188} INFO - [2024-03-19T09:56:50.928+0000] {dagbag.py:540} INFO - Filling up the DagBag from /home/airflow/.local/lib/python3.8/site-packages/airflow/example_dags/example_bash_operator.py
[2024-03-19T09:56:50.960+0000] {processor.py:840} INFO - DAG(s) 'example_bash_operator' retrieved from /home/airflow/.local/lib/python3.8/site-packages/airflow/example_dags/example_bash_operator.py
[2024-03-19T09:56:51.060+0000] {logging_mixin.py:188} INFO - [2024-03-19T09:56:51.058+0000] {dag.py:3047} INFO - Sync 1 DAGs
[2024-03-19T09:56:51.150+0000] {logging_mixin.py:188} INFO - [2024-03-19T09:56:51.149+0000] {dag.py:3834} INFO - Setting next_dagrun for example_bash_operator to 2024-03-18 00:00:00+00:00, run_after=2024-03-19 00:00:00+00:00
[2024-03-19T09:56:51.189+0000] {processor.py:183} INFO - Processing /home/airflow/.local/lib/python3.8/site-packages/airflow/example_dags/example_bash_operator.py took 0.273 seconds
