[2024-03-19T09:44:21.852+0000] {processor.py:161} INFO - Started process (PID=22777) to work on /home/airflow/.local/lib/python3.8/site-packages/airflow/example_dags/example_xcomargs.py
[2024-03-19T09:44:21.870+0000] {processor.py:830} INFO - Processing file /home/airflow/.local/lib/python3.8/site-packages/airflow/example_dags/example_xcomargs.py for tasks to queue
[2024-03-19T09:44:21.879+0000] {logging_mixin.py:188} INFO - [2024-03-19T09:44:21.878+0000] {dagbag.py:540} INFO - Filling up the DagBag from /home/airflow/.local/lib/python3.8/site-packages/airflow/example_dags/example_xcomargs.py
[2024-03-19T09:44:21.932+0000] {processor.py:840} INFO - DAG(s) 'example_xcom_args_with_operators', 'example_xcom_args' retrieved from /home/airflow/.local/lib/python3.8/site-packages/airflow/example_dags/example_xcomargs.py
[2024-03-19T09:44:22.126+0000] {logging_mixin.py:188} INFO - [2024-03-19T09:44:22.125+0000] {dag.py:3047} INFO - Sync 2 DAGs
[2024-03-19T09:44:22.189+0000] {logging_mixin.py:188} INFO - [2024-03-19T09:44:22.189+0000] {dag.py:3834} INFO - Setting next_dagrun for example_xcom_args to None, run_after=None
[2024-03-19T09:44:22.203+0000] {logging_mixin.py:188} INFO - [2024-03-19T09:44:22.202+0000] {dag.py:3834} INFO - Setting next_dagrun for example_xcom_args_with_operators to None, run_after=None
[2024-03-19T09:44:22.428+0000] {processor.py:183} INFO - Processing /home/airflow/.local/lib/python3.8/site-packages/airflow/example_dags/example_xcomargs.py took 0.583 seconds
[2024-03-19T09:44:53.108+0000] {processor.py:161} INFO - Started process (PID=22831) to work on /home/airflow/.local/lib/python3.8/site-packages/airflow/example_dags/example_xcomargs.py
[2024-03-19T09:44:53.110+0000] {processor.py:830} INFO - Processing file /home/airflow/.local/lib/python3.8/site-packages/airflow/example_dags/example_xcomargs.py for tasks to queue
[2024-03-19T09:44:53.112+0000] {logging_mixin.py:188} INFO - [2024-03-19T09:44:53.111+0000] {dagbag.py:540} INFO - Filling up the DagBag from /home/airflow/.local/lib/python3.8/site-packages/airflow/example_dags/example_xcomargs.py
[2024-03-19T09:44:53.122+0000] {processor.py:840} INFO - DAG(s) 'example_xcom_args_with_operators', 'example_xcom_args' retrieved from /home/airflow/.local/lib/python3.8/site-packages/airflow/example_dags/example_xcomargs.py
[2024-03-19T09:44:53.151+0000] {logging_mixin.py:188} INFO - [2024-03-19T09:44:53.150+0000] {dag.py:3047} INFO - Sync 2 DAGs
[2024-03-19T09:44:53.165+0000] {logging_mixin.py:188} INFO - [2024-03-19T09:44:53.165+0000] {dag.py:3834} INFO - Setting next_dagrun for example_xcom_args to None, run_after=None
[2024-03-19T09:44:53.169+0000] {logging_mixin.py:188} INFO - [2024-03-19T09:44:53.169+0000] {dag.py:3834} INFO - Setting next_dagrun for example_xcom_args_with_operators to None, run_after=None
[2024-03-19T09:44:53.191+0000] {processor.py:183} INFO - Processing /home/airflow/.local/lib/python3.8/site-packages/airflow/example_dags/example_xcomargs.py took 0.088 seconds
[2024-03-19T09:45:24.984+0000] {processor.py:161} INFO - Started process (PID=22887) to work on /home/airflow/.local/lib/python3.8/site-packages/airflow/example_dags/example_xcomargs.py
[2024-03-19T09:45:25.045+0000] {processor.py:830} INFO - Processing file /home/airflow/.local/lib/python3.8/site-packages/airflow/example_dags/example_xcomargs.py for tasks to queue
[2024-03-19T09:45:25.115+0000] {logging_mixin.py:188} INFO - [2024-03-19T09:45:25.114+0000] {dagbag.py:540} INFO - Filling up the DagBag from /home/airflow/.local/lib/python3.8/site-packages/airflow/example_dags/example_xcomargs.py
[2024-03-19T09:45:25.343+0000] {processor.py:840} INFO - DAG(s) 'example_xcom_args_with_operators', 'example_xcom_args' retrieved from /home/airflow/.local/lib/python3.8/site-packages/airflow/example_dags/example_xcomargs.py
[2024-03-19T09:45:25.486+0000] {logging_mixin.py:188} INFO - [2024-03-19T09:45:25.485+0000] {dag.py:3047} INFO - Sync 2 DAGs
[2024-03-19T09:45:25.553+0000] {logging_mixin.py:188} INFO - [2024-03-19T09:45:25.552+0000] {dag.py:3834} INFO - Setting next_dagrun for example_xcom_args to None, run_after=None
[2024-03-19T09:45:25.574+0000] {logging_mixin.py:188} INFO - [2024-03-19T09:45:25.573+0000] {dag.py:3834} INFO - Setting next_dagrun for example_xcom_args_with_operators to None, run_after=None
[2024-03-19T09:45:25.671+0000] {processor.py:183} INFO - Processing /home/airflow/.local/lib/python3.8/site-packages/airflow/example_dags/example_xcomargs.py took 0.699 seconds
[2024-03-19T09:46:04.441+0000] {processor.py:161} INFO - Started process (PID=22942) to work on /home/airflow/.local/lib/python3.8/site-packages/airflow/example_dags/example_xcomargs.py
[2024-03-19T09:46:04.445+0000] {processor.py:830} INFO - Processing file /home/airflow/.local/lib/python3.8/site-packages/airflow/example_dags/example_xcomargs.py for tasks to queue
[2024-03-19T09:46:04.451+0000] {logging_mixin.py:188} INFO - [2024-03-19T09:46:04.450+0000] {dagbag.py:540} INFO - Filling up the DagBag from /home/airflow/.local/lib/python3.8/site-packages/airflow/example_dags/example_xcomargs.py
[2024-03-19T09:46:04.515+0000] {processor.py:840} INFO - DAG(s) 'example_xcom_args', 'example_xcom_args_with_operators' retrieved from /home/airflow/.local/lib/python3.8/site-packages/airflow/example_dags/example_xcomargs.py
[2024-03-19T09:46:04.628+0000] {logging_mixin.py:188} INFO - [2024-03-19T09:46:04.627+0000] {dag.py:3047} INFO - Sync 2 DAGs
[2024-03-19T09:46:04.730+0000] {logging_mixin.py:188} INFO - [2024-03-19T09:46:04.729+0000] {dag.py:3834} INFO - Setting next_dagrun for example_xcom_args to None, run_after=None
[2024-03-19T09:46:04.749+0000] {logging_mixin.py:188} INFO - [2024-03-19T09:46:04.748+0000] {dag.py:3834} INFO - Setting next_dagrun for example_xcom_args_with_operators to None, run_after=None
[2024-03-19T09:46:04.803+0000] {processor.py:183} INFO - Processing /home/airflow/.local/lib/python3.8/site-packages/airflow/example_dags/example_xcomargs.py took 0.371 seconds
[2024-03-19T09:46:34.971+0000] {processor.py:161} INFO - Started process (PID=22995) to work on /home/airflow/.local/lib/python3.8/site-packages/airflow/example_dags/example_xcomargs.py
[2024-03-19T09:46:34.973+0000] {processor.py:830} INFO - Processing file /home/airflow/.local/lib/python3.8/site-packages/airflow/example_dags/example_xcomargs.py for tasks to queue
[2024-03-19T09:46:34.974+0000] {logging_mixin.py:188} INFO - [2024-03-19T09:46:34.974+0000] {dagbag.py:540} INFO - Filling up the DagBag from /home/airflow/.local/lib/python3.8/site-packages/airflow/example_dags/example_xcomargs.py
[2024-03-19T09:46:34.989+0000] {processor.py:840} INFO - DAG(s) 'example_xcom_args_with_operators', 'example_xcom_args' retrieved from /home/airflow/.local/lib/python3.8/site-packages/airflow/example_dags/example_xcomargs.py
[2024-03-19T09:46:35.029+0000] {logging_mixin.py:188} INFO - [2024-03-19T09:46:35.028+0000] {dag.py:3047} INFO - Sync 2 DAGs
[2024-03-19T09:46:35.045+0000] {logging_mixin.py:188} INFO - [2024-03-19T09:46:35.045+0000] {dag.py:3834} INFO - Setting next_dagrun for example_xcom_args to None, run_after=None
[2024-03-19T09:46:35.050+0000] {logging_mixin.py:188} INFO - [2024-03-19T09:46:35.049+0000] {dag.py:3834} INFO - Setting next_dagrun for example_xcom_args_with_operators to None, run_after=None
[2024-03-19T09:46:35.123+0000] {processor.py:183} INFO - Processing /home/airflow/.local/lib/python3.8/site-packages/airflow/example_dags/example_xcomargs.py took 0.156 seconds
[2024-03-19T09:47:06.473+0000] {processor.py:161} INFO - Started process (PID=23050) to work on /home/airflow/.local/lib/python3.8/site-packages/airflow/example_dags/example_xcomargs.py
[2024-03-19T09:47:06.477+0000] {processor.py:830} INFO - Processing file /home/airflow/.local/lib/python3.8/site-packages/airflow/example_dags/example_xcomargs.py for tasks to queue
[2024-03-19T09:47:06.490+0000] {logging_mixin.py:188} INFO - [2024-03-19T09:47:06.488+0000] {dagbag.py:540} INFO - Filling up the DagBag from /home/airflow/.local/lib/python3.8/site-packages/airflow/example_dags/example_xcomargs.py
[2024-03-19T09:47:06.568+0000] {processor.py:840} INFO - DAG(s) 'example_xcom_args_with_operators', 'example_xcom_args' retrieved from /home/airflow/.local/lib/python3.8/site-packages/airflow/example_dags/example_xcomargs.py
[2024-03-19T09:47:06.722+0000] {logging_mixin.py:188} INFO - [2024-03-19T09:47:06.722+0000] {dag.py:3047} INFO - Sync 2 DAGs
[2024-03-19T09:47:06.805+0000] {logging_mixin.py:188} INFO - [2024-03-19T09:47:06.804+0000] {dag.py:3834} INFO - Setting next_dagrun for example_xcom_args to None, run_after=None
[2024-03-19T09:47:06.822+0000] {logging_mixin.py:188} INFO - [2024-03-19T09:47:06.821+0000] {dag.py:3834} INFO - Setting next_dagrun for example_xcom_args_with_operators to None, run_after=None
[2024-03-19T09:47:06.897+0000] {processor.py:183} INFO - Processing /home/airflow/.local/lib/python3.8/site-packages/airflow/example_dags/example_xcomargs.py took 0.443 seconds
[2024-03-19T09:47:38.933+0000] {processor.py:161} INFO - Started process (PID=23105) to work on /home/airflow/.local/lib/python3.8/site-packages/airflow/example_dags/example_xcomargs.py
[2024-03-19T09:47:38.945+0000] {processor.py:830} INFO - Processing file /home/airflow/.local/lib/python3.8/site-packages/airflow/example_dags/example_xcomargs.py for tasks to queue
[2024-03-19T09:47:38.954+0000] {logging_mixin.py:188} INFO - [2024-03-19T09:47:38.954+0000] {dagbag.py:540} INFO - Filling up the DagBag from /home/airflow/.local/lib/python3.8/site-packages/airflow/example_dags/example_xcomargs.py
[2024-03-19T09:47:39.117+0000] {processor.py:840} INFO - DAG(s) 'example_xcom_args', 'example_xcom_args_with_operators' retrieved from /home/airflow/.local/lib/python3.8/site-packages/airflow/example_dags/example_xcomargs.py
[2024-03-19T09:47:39.275+0000] {logging_mixin.py:188} INFO - [2024-03-19T09:47:39.274+0000] {dag.py:3047} INFO - Sync 2 DAGs
[2024-03-19T09:47:39.348+0000] {logging_mixin.py:188} INFO - [2024-03-19T09:47:39.347+0000] {dag.py:3834} INFO - Setting next_dagrun for example_xcom_args to None, run_after=None
[2024-03-19T09:47:39.381+0000] {logging_mixin.py:188} INFO - [2024-03-19T09:47:39.380+0000] {dag.py:3834} INFO - Setting next_dagrun for example_xcom_args_with_operators to None, run_after=None
[2024-03-19T09:47:39.483+0000] {processor.py:183} INFO - Processing /home/airflow/.local/lib/python3.8/site-packages/airflow/example_dags/example_xcomargs.py took 0.562 seconds
[2024-03-19T09:48:09.976+0000] {processor.py:161} INFO - Started process (PID=23160) to work on /home/airflow/.local/lib/python3.8/site-packages/airflow/example_dags/example_xcomargs.py
[2024-03-19T09:48:09.979+0000] {processor.py:830} INFO - Processing file /home/airflow/.local/lib/python3.8/site-packages/airflow/example_dags/example_xcomargs.py for tasks to queue
[2024-03-19T09:48:09.981+0000] {logging_mixin.py:188} INFO - [2024-03-19T09:48:09.980+0000] {dagbag.py:540} INFO - Filling up the DagBag from /home/airflow/.local/lib/python3.8/site-packages/airflow/example_dags/example_xcomargs.py
[2024-03-19T09:48:09.994+0000] {processor.py:840} INFO - DAG(s) 'example_xcom_args_with_operators', 'example_xcom_args' retrieved from /home/airflow/.local/lib/python3.8/site-packages/airflow/example_dags/example_xcomargs.py
[2024-03-19T09:48:10.036+0000] {logging_mixin.py:188} INFO - [2024-03-19T09:48:10.036+0000] {dag.py:3047} INFO - Sync 2 DAGs
[2024-03-19T09:48:10.058+0000] {logging_mixin.py:188} INFO - [2024-03-19T09:48:10.057+0000] {dag.py:3834} INFO - Setting next_dagrun for example_xcom_args to None, run_after=None
[2024-03-19T09:48:10.064+0000] {logging_mixin.py:188} INFO - [2024-03-19T09:48:10.063+0000] {dag.py:3834} INFO - Setting next_dagrun for example_xcom_args_with_operators to None, run_after=None
[2024-03-19T09:48:10.100+0000] {processor.py:183} INFO - Processing /home/airflow/.local/lib/python3.8/site-packages/airflow/example_dags/example_xcomargs.py took 0.130 seconds
[2024-03-19T09:48:40.360+0000] {processor.py:161} INFO - Started process (PID=23215) to work on /home/airflow/.local/lib/python3.8/site-packages/airflow/example_dags/example_xcomargs.py
[2024-03-19T09:48:40.362+0000] {processor.py:830} INFO - Processing file /home/airflow/.local/lib/python3.8/site-packages/airflow/example_dags/example_xcomargs.py for tasks to queue
[2024-03-19T09:48:40.363+0000] {logging_mixin.py:188} INFO - [2024-03-19T09:48:40.363+0000] {dagbag.py:540} INFO - Filling up the DagBag from /home/airflow/.local/lib/python3.8/site-packages/airflow/example_dags/example_xcomargs.py
[2024-03-19T09:48:40.375+0000] {processor.py:840} INFO - DAG(s) 'example_xcom_args_with_operators', 'example_xcom_args' retrieved from /home/airflow/.local/lib/python3.8/site-packages/airflow/example_dags/example_xcomargs.py
[2024-03-19T09:48:40.405+0000] {logging_mixin.py:188} INFO - [2024-03-19T09:48:40.404+0000] {dag.py:3047} INFO - Sync 2 DAGs
[2024-03-19T09:48:40.420+0000] {logging_mixin.py:188} INFO - [2024-03-19T09:48:40.420+0000] {dag.py:3834} INFO - Setting next_dagrun for example_xcom_args to None, run_after=None
[2024-03-19T09:48:40.425+0000] {logging_mixin.py:188} INFO - [2024-03-19T09:48:40.424+0000] {dag.py:3834} INFO - Setting next_dagrun for example_xcom_args_with_operators to None, run_after=None
[2024-03-19T09:48:40.446+0000] {processor.py:183} INFO - Processing /home/airflow/.local/lib/python3.8/site-packages/airflow/example_dags/example_xcomargs.py took 0.091 seconds
[2024-03-19T09:49:10.680+0000] {processor.py:161} INFO - Started process (PID=23270) to work on /home/airflow/.local/lib/python3.8/site-packages/airflow/example_dags/example_xcomargs.py
[2024-03-19T09:49:10.682+0000] {processor.py:830} INFO - Processing file /home/airflow/.local/lib/python3.8/site-packages/airflow/example_dags/example_xcomargs.py for tasks to queue
[2024-03-19T09:49:10.684+0000] {logging_mixin.py:188} INFO - [2024-03-19T09:49:10.684+0000] {dagbag.py:540} INFO - Filling up the DagBag from /home/airflow/.local/lib/python3.8/site-packages/airflow/example_dags/example_xcomargs.py
[2024-03-19T09:49:10.700+0000] {processor.py:840} INFO - DAG(s) 'example_xcom_args', 'example_xcom_args_with_operators' retrieved from /home/airflow/.local/lib/python3.8/site-packages/airflow/example_dags/example_xcomargs.py
[2024-03-19T09:49:10.742+0000] {logging_mixin.py:188} INFO - [2024-03-19T09:49:10.742+0000] {dag.py:3047} INFO - Sync 2 DAGs
[2024-03-19T09:49:10.761+0000] {logging_mixin.py:188} INFO - [2024-03-19T09:49:10.761+0000] {dag.py:3834} INFO - Setting next_dagrun for example_xcom_args to None, run_after=None
[2024-03-19T09:49:10.767+0000] {logging_mixin.py:188} INFO - [2024-03-19T09:49:10.767+0000] {dag.py:3834} INFO - Setting next_dagrun for example_xcom_args_with_operators to None, run_after=None
[2024-03-19T09:49:10.798+0000] {processor.py:183} INFO - Processing /home/airflow/.local/lib/python3.8/site-packages/airflow/example_dags/example_xcomargs.py took 0.123 seconds
[2024-03-19T09:49:41.106+0000] {processor.py:161} INFO - Started process (PID=23325) to work on /home/airflow/.local/lib/python3.8/site-packages/airflow/example_dags/example_xcomargs.py
[2024-03-19T09:49:41.108+0000] {processor.py:830} INFO - Processing file /home/airflow/.local/lib/python3.8/site-packages/airflow/example_dags/example_xcomargs.py for tasks to queue
[2024-03-19T09:49:41.110+0000] {logging_mixin.py:188} INFO - [2024-03-19T09:49:41.110+0000] {dagbag.py:540} INFO - Filling up the DagBag from /home/airflow/.local/lib/python3.8/site-packages/airflow/example_dags/example_xcomargs.py
[2024-03-19T09:49:41.125+0000] {processor.py:840} INFO - DAG(s) 'example_xcom_args', 'example_xcom_args_with_operators' retrieved from /home/airflow/.local/lib/python3.8/site-packages/airflow/example_dags/example_xcomargs.py
[2024-03-19T09:49:41.164+0000] {logging_mixin.py:188} INFO - [2024-03-19T09:49:41.164+0000] {dag.py:3047} INFO - Sync 2 DAGs
[2024-03-19T09:49:41.185+0000] {logging_mixin.py:188} INFO - [2024-03-19T09:49:41.184+0000] {dag.py:3834} INFO - Setting next_dagrun for example_xcom_args to None, run_after=None
[2024-03-19T09:49:41.193+0000] {logging_mixin.py:188} INFO - [2024-03-19T09:49:41.192+0000] {dag.py:3834} INFO - Setting next_dagrun for example_xcom_args_with_operators to None, run_after=None
[2024-03-19T09:49:41.264+0000] {processor.py:183} INFO - Processing /home/airflow/.local/lib/python3.8/site-packages/airflow/example_dags/example_xcomargs.py took 0.164 seconds
[2024-03-19T09:50:12.049+0000] {processor.py:161} INFO - Started process (PID=23379) to work on /home/airflow/.local/lib/python3.8/site-packages/airflow/example_dags/example_xcomargs.py
[2024-03-19T09:50:12.051+0000] {processor.py:830} INFO - Processing file /home/airflow/.local/lib/python3.8/site-packages/airflow/example_dags/example_xcomargs.py for tasks to queue
[2024-03-19T09:50:12.053+0000] {logging_mixin.py:188} INFO - [2024-03-19T09:50:12.052+0000] {dagbag.py:540} INFO - Filling up the DagBag from /home/airflow/.local/lib/python3.8/site-packages/airflow/example_dags/example_xcomargs.py
[2024-03-19T09:50:12.062+0000] {processor.py:840} INFO - DAG(s) 'example_xcom_args', 'example_xcom_args_with_operators' retrieved from /home/airflow/.local/lib/python3.8/site-packages/airflow/example_dags/example_xcomargs.py
[2024-03-19T09:50:12.094+0000] {logging_mixin.py:188} INFO - [2024-03-19T09:50:12.094+0000] {dag.py:3047} INFO - Sync 2 DAGs
[2024-03-19T09:50:12.110+0000] {logging_mixin.py:188} INFO - [2024-03-19T09:50:12.110+0000] {dag.py:3834} INFO - Setting next_dagrun for example_xcom_args to None, run_after=None
[2024-03-19T09:50:12.114+0000] {logging_mixin.py:188} INFO - [2024-03-19T09:50:12.114+0000] {dag.py:3834} INFO - Setting next_dagrun for example_xcom_args_with_operators to None, run_after=None
[2024-03-19T09:50:12.137+0000] {processor.py:183} INFO - Processing /home/airflow/.local/lib/python3.8/site-packages/airflow/example_dags/example_xcomargs.py took 0.092 seconds
[2024-03-19T09:50:44.836+0000] {processor.py:161} INFO - Started process (PID=23432) to work on /home/airflow/.local/lib/python3.8/site-packages/airflow/example_dags/example_xcomargs.py
[2024-03-19T09:50:44.855+0000] {processor.py:830} INFO - Processing file /home/airflow/.local/lib/python3.8/site-packages/airflow/example_dags/example_xcomargs.py for tasks to queue
[2024-03-19T09:50:44.880+0000] {logging_mixin.py:188} INFO - [2024-03-19T09:50:44.878+0000] {dagbag.py:540} INFO - Filling up the DagBag from /home/airflow/.local/lib/python3.8/site-packages/airflow/example_dags/example_xcomargs.py
[2024-03-19T09:50:45.050+0000] {processor.py:840} INFO - DAG(s) 'example_xcom_args_with_operators', 'example_xcom_args' retrieved from /home/airflow/.local/lib/python3.8/site-packages/airflow/example_dags/example_xcomargs.py
[2024-03-19T09:50:45.574+0000] {logging_mixin.py:188} INFO - [2024-03-19T09:50:45.572+0000] {dag.py:3047} INFO - Sync 2 DAGs
[2024-03-19T09:50:45.969+0000] {logging_mixin.py:188} INFO - [2024-03-19T09:50:45.969+0000] {dag.py:3834} INFO - Setting next_dagrun for example_xcom_args to None, run_after=None
[2024-03-19T09:50:46.023+0000] {logging_mixin.py:188} INFO - [2024-03-19T09:50:46.022+0000] {dag.py:3834} INFO - Setting next_dagrun for example_xcom_args_with_operators to None, run_after=None
[2024-03-19T09:50:46.262+0000] {processor.py:183} INFO - Processing /home/airflow/.local/lib/python3.8/site-packages/airflow/example_dags/example_xcomargs.py took 1.455 seconds
[2024-03-19T09:51:16.723+0000] {processor.py:161} INFO - Started process (PID=23488) to work on /home/airflow/.local/lib/python3.8/site-packages/airflow/example_dags/example_xcomargs.py
[2024-03-19T09:51:16.735+0000] {processor.py:830} INFO - Processing file /home/airflow/.local/lib/python3.8/site-packages/airflow/example_dags/example_xcomargs.py for tasks to queue
[2024-03-19T09:51:16.737+0000] {logging_mixin.py:188} INFO - [2024-03-19T09:51:16.737+0000] {dagbag.py:540} INFO - Filling up the DagBag from /home/airflow/.local/lib/python3.8/site-packages/airflow/example_dags/example_xcomargs.py
[2024-03-19T09:51:16.791+0000] {processor.py:840} INFO - DAG(s) 'example_xcom_args_with_operators', 'example_xcom_args' retrieved from /home/airflow/.local/lib/python3.8/site-packages/airflow/example_dags/example_xcomargs.py
[2024-03-19T09:51:16.883+0000] {logging_mixin.py:188} INFO - [2024-03-19T09:51:16.882+0000] {dag.py:3047} INFO - Sync 2 DAGs
[2024-03-19T09:51:16.922+0000] {logging_mixin.py:188} INFO - [2024-03-19T09:51:16.922+0000] {dag.py:3834} INFO - Setting next_dagrun for example_xcom_args to None, run_after=None
[2024-03-19T09:51:16.936+0000] {logging_mixin.py:188} INFO - [2024-03-19T09:51:16.936+0000] {dag.py:3834} INFO - Setting next_dagrun for example_xcom_args_with_operators to None, run_after=None
[2024-03-19T09:51:16.997+0000] {processor.py:183} INFO - Processing /home/airflow/.local/lib/python3.8/site-packages/airflow/example_dags/example_xcomargs.py took 0.282 seconds
[2024-03-19T09:51:47.914+0000] {processor.py:161} INFO - Started process (PID=23543) to work on /home/airflow/.local/lib/python3.8/site-packages/airflow/example_dags/example_xcomargs.py
[2024-03-19T09:51:47.916+0000] {processor.py:830} INFO - Processing file /home/airflow/.local/lib/python3.8/site-packages/airflow/example_dags/example_xcomargs.py for tasks to queue
[2024-03-19T09:51:47.917+0000] {logging_mixin.py:188} INFO - [2024-03-19T09:51:47.917+0000] {dagbag.py:540} INFO - Filling up the DagBag from /home/airflow/.local/lib/python3.8/site-packages/airflow/example_dags/example_xcomargs.py
[2024-03-19T09:51:47.929+0000] {processor.py:840} INFO - DAG(s) 'example_xcom_args_with_operators', 'example_xcom_args' retrieved from /home/airflow/.local/lib/python3.8/site-packages/airflow/example_dags/example_xcomargs.py
[2024-03-19T09:51:47.963+0000] {logging_mixin.py:188} INFO - [2024-03-19T09:51:47.963+0000] {dag.py:3047} INFO - Sync 2 DAGs
[2024-03-19T09:51:47.980+0000] {logging_mixin.py:188} INFO - [2024-03-19T09:51:47.980+0000] {dag.py:3834} INFO - Setting next_dagrun for example_xcom_args to None, run_after=None
[2024-03-19T09:51:47.985+0000] {logging_mixin.py:188} INFO - [2024-03-19T09:51:47.985+0000] {dag.py:3834} INFO - Setting next_dagrun for example_xcom_args_with_operators to None, run_after=None
[2024-03-19T09:51:48.013+0000] {processor.py:183} INFO - Processing /home/airflow/.local/lib/python3.8/site-packages/airflow/example_dags/example_xcomargs.py took 0.103 seconds
[2024-03-19T09:52:18.492+0000] {processor.py:161} INFO - Started process (PID=23598) to work on /home/airflow/.local/lib/python3.8/site-packages/airflow/example_dags/example_xcomargs.py
[2024-03-19T09:52:18.495+0000] {processor.py:830} INFO - Processing file /home/airflow/.local/lib/python3.8/site-packages/airflow/example_dags/example_xcomargs.py for tasks to queue
[2024-03-19T09:52:18.497+0000] {logging_mixin.py:188} INFO - [2024-03-19T09:52:18.497+0000] {dagbag.py:540} INFO - Filling up the DagBag from /home/airflow/.local/lib/python3.8/site-packages/airflow/example_dags/example_xcomargs.py
[2024-03-19T09:52:18.529+0000] {processor.py:840} INFO - DAG(s) 'example_xcom_args', 'example_xcom_args_with_operators' retrieved from /home/airflow/.local/lib/python3.8/site-packages/airflow/example_dags/example_xcomargs.py
[2024-03-19T09:52:18.600+0000] {logging_mixin.py:188} INFO - [2024-03-19T09:52:18.600+0000] {dag.py:3047} INFO - Sync 2 DAGs
[2024-03-19T09:52:18.644+0000] {logging_mixin.py:188} INFO - [2024-03-19T09:52:18.644+0000] {dag.py:3834} INFO - Setting next_dagrun for example_xcom_args to None, run_after=None
[2024-03-19T09:52:18.662+0000] {logging_mixin.py:188} INFO - [2024-03-19T09:52:18.661+0000] {dag.py:3834} INFO - Setting next_dagrun for example_xcom_args_with_operators to None, run_after=None
[2024-03-19T09:52:18.720+0000] {processor.py:183} INFO - Processing /home/airflow/.local/lib/python3.8/site-packages/airflow/example_dags/example_xcomargs.py took 0.240 seconds
[2024-03-19T09:52:49.555+0000] {processor.py:161} INFO - Started process (PID=23653) to work on /home/airflow/.local/lib/python3.8/site-packages/airflow/example_dags/example_xcomargs.py
[2024-03-19T09:52:49.560+0000] {processor.py:830} INFO - Processing file /home/airflow/.local/lib/python3.8/site-packages/airflow/example_dags/example_xcomargs.py for tasks to queue
[2024-03-19T09:52:49.565+0000] {logging_mixin.py:188} INFO - [2024-03-19T09:52:49.563+0000] {dagbag.py:540} INFO - Filling up the DagBag from /home/airflow/.local/lib/python3.8/site-packages/airflow/example_dags/example_xcomargs.py
[2024-03-19T09:52:49.604+0000] {processor.py:840} INFO - DAG(s) 'example_xcom_args_with_operators', 'example_xcom_args' retrieved from /home/airflow/.local/lib/python3.8/site-packages/airflow/example_dags/example_xcomargs.py
[2024-03-19T09:52:49.688+0000] {logging_mixin.py:188} INFO - [2024-03-19T09:52:49.687+0000] {dag.py:3047} INFO - Sync 2 DAGs
[2024-03-19T09:52:49.722+0000] {logging_mixin.py:188} INFO - [2024-03-19T09:52:49.722+0000] {dag.py:3834} INFO - Setting next_dagrun for example_xcom_args to None, run_after=None
[2024-03-19T09:52:49.733+0000] {logging_mixin.py:188} INFO - [2024-03-19T09:52:49.731+0000] {dag.py:3834} INFO - Setting next_dagrun for example_xcom_args_with_operators to None, run_after=None
[2024-03-19T09:52:49.781+0000] {processor.py:183} INFO - Processing /home/airflow/.local/lib/python3.8/site-packages/airflow/example_dags/example_xcomargs.py took 0.236 seconds
[2024-03-19T09:53:20.776+0000] {processor.py:161} INFO - Started process (PID=23707) to work on /home/airflow/.local/lib/python3.8/site-packages/airflow/example_dags/example_xcomargs.py
[2024-03-19T09:53:20.780+0000] {processor.py:830} INFO - Processing file /home/airflow/.local/lib/python3.8/site-packages/airflow/example_dags/example_xcomargs.py for tasks to queue
[2024-03-19T09:53:20.783+0000] {logging_mixin.py:188} INFO - [2024-03-19T09:53:20.782+0000] {dagbag.py:540} INFO - Filling up the DagBag from /home/airflow/.local/lib/python3.8/site-packages/airflow/example_dags/example_xcomargs.py
[2024-03-19T09:53:20.821+0000] {processor.py:840} INFO - DAG(s) 'example_xcom_args', 'example_xcom_args_with_operators' retrieved from /home/airflow/.local/lib/python3.8/site-packages/airflow/example_dags/example_xcomargs.py
[2024-03-19T09:53:20.941+0000] {logging_mixin.py:188} INFO - [2024-03-19T09:53:20.941+0000] {dag.py:3047} INFO - Sync 2 DAGs
[2024-03-19T09:53:21.028+0000] {logging_mixin.py:188} INFO - [2024-03-19T09:53:21.027+0000] {dag.py:3834} INFO - Setting next_dagrun for example_xcom_args to None, run_after=None
[2024-03-19T09:53:21.050+0000] {logging_mixin.py:188} INFO - [2024-03-19T09:53:21.049+0000] {dag.py:3834} INFO - Setting next_dagrun for example_xcom_args_with_operators to None, run_after=None
[2024-03-19T09:53:21.130+0000] {processor.py:183} INFO - Processing /home/airflow/.local/lib/python3.8/site-packages/airflow/example_dags/example_xcomargs.py took 0.373 seconds
[2024-03-19T09:53:52.157+0000] {processor.py:161} INFO - Started process (PID=23760) to work on /home/airflow/.local/lib/python3.8/site-packages/airflow/example_dags/example_xcomargs.py
[2024-03-19T09:53:52.167+0000] {processor.py:830} INFO - Processing file /home/airflow/.local/lib/python3.8/site-packages/airflow/example_dags/example_xcomargs.py for tasks to queue
[2024-03-19T09:53:52.173+0000] {logging_mixin.py:188} INFO - [2024-03-19T09:53:52.171+0000] {dagbag.py:540} INFO - Filling up the DagBag from /home/airflow/.local/lib/python3.8/site-packages/airflow/example_dags/example_xcomargs.py
[2024-03-19T09:53:52.220+0000] {processor.py:840} INFO - DAG(s) 'example_xcom_args', 'example_xcom_args_with_operators' retrieved from /home/airflow/.local/lib/python3.8/site-packages/airflow/example_dags/example_xcomargs.py
[2024-03-19T09:53:52.421+0000] {logging_mixin.py:188} INFO - [2024-03-19T09:53:52.420+0000] {dag.py:3047} INFO - Sync 2 DAGs
[2024-03-19T09:53:52.546+0000] {logging_mixin.py:188} INFO - [2024-03-19T09:53:52.545+0000] {dag.py:3834} INFO - Setting next_dagrun for example_xcom_args to None, run_after=None
[2024-03-19T09:53:52.561+0000] {logging_mixin.py:188} INFO - [2024-03-19T09:53:52.561+0000] {dag.py:3834} INFO - Setting next_dagrun for example_xcom_args_with_operators to None, run_after=None
[2024-03-19T09:53:52.647+0000] {processor.py:183} INFO - Processing /home/airflow/.local/lib/python3.8/site-packages/airflow/example_dags/example_xcomargs.py took 0.520 seconds
[2024-03-19T09:54:22.723+0000] {processor.py:161} INFO - Started process (PID=23816) to work on /home/airflow/.local/lib/python3.8/site-packages/airflow/example_dags/example_xcomargs.py
[2024-03-19T09:54:22.725+0000] {processor.py:830} INFO - Processing file /home/airflow/.local/lib/python3.8/site-packages/airflow/example_dags/example_xcomargs.py for tasks to queue
[2024-03-19T09:54:22.727+0000] {logging_mixin.py:188} INFO - [2024-03-19T09:54:22.726+0000] {dagbag.py:540} INFO - Filling up the DagBag from /home/airflow/.local/lib/python3.8/site-packages/airflow/example_dags/example_xcomargs.py
[2024-03-19T09:54:22.737+0000] {processor.py:840} INFO - DAG(s) 'example_xcom_args', 'example_xcom_args_with_operators' retrieved from /home/airflow/.local/lib/python3.8/site-packages/airflow/example_dags/example_xcomargs.py
[2024-03-19T09:54:22.767+0000] {logging_mixin.py:188} INFO - [2024-03-19T09:54:22.767+0000] {dag.py:3047} INFO - Sync 2 DAGs
[2024-03-19T09:54:22.782+0000] {logging_mixin.py:188} INFO - [2024-03-19T09:54:22.782+0000] {dag.py:3834} INFO - Setting next_dagrun for example_xcom_args to None, run_after=None
[2024-03-19T09:54:22.787+0000] {logging_mixin.py:188} INFO - [2024-03-19T09:54:22.786+0000] {dag.py:3834} INFO - Setting next_dagrun for example_xcom_args_with_operators to None, run_after=None
[2024-03-19T09:54:22.809+0000] {processor.py:183} INFO - Processing /home/airflow/.local/lib/python3.8/site-packages/airflow/example_dags/example_xcomargs.py took 0.090 seconds
[2024-03-19T09:54:52.888+0000] {processor.py:161} INFO - Started process (PID=23871) to work on /home/airflow/.local/lib/python3.8/site-packages/airflow/example_dags/example_xcomargs.py
[2024-03-19T09:54:52.890+0000] {processor.py:830} INFO - Processing file /home/airflow/.local/lib/python3.8/site-packages/airflow/example_dags/example_xcomargs.py for tasks to queue
[2024-03-19T09:54:52.891+0000] {logging_mixin.py:188} INFO - [2024-03-19T09:54:52.891+0000] {dagbag.py:540} INFO - Filling up the DagBag from /home/airflow/.local/lib/python3.8/site-packages/airflow/example_dags/example_xcomargs.py
[2024-03-19T09:54:52.904+0000] {processor.py:840} INFO - DAG(s) 'example_xcom_args_with_operators', 'example_xcom_args' retrieved from /home/airflow/.local/lib/python3.8/site-packages/airflow/example_dags/example_xcomargs.py
[2024-03-19T09:54:52.932+0000] {logging_mixin.py:188} INFO - [2024-03-19T09:54:52.932+0000] {dag.py:3047} INFO - Sync 2 DAGs
[2024-03-19T09:54:52.947+0000] {logging_mixin.py:188} INFO - [2024-03-19T09:54:52.947+0000] {dag.py:3834} INFO - Setting next_dagrun for example_xcom_args to None, run_after=None
[2024-03-19T09:54:52.953+0000] {logging_mixin.py:188} INFO - [2024-03-19T09:54:52.952+0000] {dag.py:3834} INFO - Setting next_dagrun for example_xcom_args_with_operators to None, run_after=None
[2024-03-19T09:54:52.976+0000] {processor.py:183} INFO - Processing /home/airflow/.local/lib/python3.8/site-packages/airflow/example_dags/example_xcomargs.py took 0.093 seconds
[2024-03-19T09:55:23.574+0000] {processor.py:161} INFO - Started process (PID=23926) to work on /home/airflow/.local/lib/python3.8/site-packages/airflow/example_dags/example_xcomargs.py
[2024-03-19T09:55:23.576+0000] {processor.py:830} INFO - Processing file /home/airflow/.local/lib/python3.8/site-packages/airflow/example_dags/example_xcomargs.py for tasks to queue
[2024-03-19T09:55:23.578+0000] {logging_mixin.py:188} INFO - [2024-03-19T09:55:23.577+0000] {dagbag.py:540} INFO - Filling up the DagBag from /home/airflow/.local/lib/python3.8/site-packages/airflow/example_dags/example_xcomargs.py
[2024-03-19T09:55:23.588+0000] {processor.py:840} INFO - DAG(s) 'example_xcom_args', 'example_xcom_args_with_operators' retrieved from /home/airflow/.local/lib/python3.8/site-packages/airflow/example_dags/example_xcomargs.py
[2024-03-19T09:55:23.622+0000] {logging_mixin.py:188} INFO - [2024-03-19T09:55:23.622+0000] {dag.py:3047} INFO - Sync 2 DAGs
[2024-03-19T09:55:23.639+0000] {logging_mixin.py:188} INFO - [2024-03-19T09:55:23.639+0000] {dag.py:3834} INFO - Setting next_dagrun for example_xcom_args to None, run_after=None
[2024-03-19T09:55:23.644+0000] {logging_mixin.py:188} INFO - [2024-03-19T09:55:23.643+0000] {dag.py:3834} INFO - Setting next_dagrun for example_xcom_args_with_operators to None, run_after=None
[2024-03-19T09:55:23.669+0000] {processor.py:183} INFO - Processing /home/airflow/.local/lib/python3.8/site-packages/airflow/example_dags/example_xcomargs.py took 0.101 seconds
[2024-03-19T09:55:54.317+0000] {processor.py:161} INFO - Started process (PID=23981) to work on /home/airflow/.local/lib/python3.8/site-packages/airflow/example_dags/example_xcomargs.py
[2024-03-19T09:55:54.319+0000] {processor.py:830} INFO - Processing file /home/airflow/.local/lib/python3.8/site-packages/airflow/example_dags/example_xcomargs.py for tasks to queue
[2024-03-19T09:55:54.321+0000] {logging_mixin.py:188} INFO - [2024-03-19T09:55:54.321+0000] {dagbag.py:540} INFO - Filling up the DagBag from /home/airflow/.local/lib/python3.8/site-packages/airflow/example_dags/example_xcomargs.py
[2024-03-19T09:55:54.333+0000] {processor.py:840} INFO - DAG(s) 'example_xcom_args', 'example_xcom_args_with_operators' retrieved from /home/airflow/.local/lib/python3.8/site-packages/airflow/example_dags/example_xcomargs.py
[2024-03-19T09:55:54.367+0000] {logging_mixin.py:188} INFO - [2024-03-19T09:55:54.366+0000] {dag.py:3047} INFO - Sync 2 DAGs
[2024-03-19T09:55:54.382+0000] {logging_mixin.py:188} INFO - [2024-03-19T09:55:54.382+0000] {dag.py:3834} INFO - Setting next_dagrun for example_xcom_args to None, run_after=None
[2024-03-19T09:55:54.387+0000] {logging_mixin.py:188} INFO - [2024-03-19T09:55:54.386+0000] {dag.py:3834} INFO - Setting next_dagrun for example_xcom_args_with_operators to None, run_after=None
[2024-03-19T09:55:54.409+0000] {processor.py:183} INFO - Processing /home/airflow/.local/lib/python3.8/site-packages/airflow/example_dags/example_xcomargs.py took 0.098 seconds
[2024-03-19T09:56:24.703+0000] {processor.py:161} INFO - Started process (PID=24036) to work on /home/airflow/.local/lib/python3.8/site-packages/airflow/example_dags/example_xcomargs.py
[2024-03-19T09:56:24.706+0000] {processor.py:830} INFO - Processing file /home/airflow/.local/lib/python3.8/site-packages/airflow/example_dags/example_xcomargs.py for tasks to queue
[2024-03-19T09:56:24.708+0000] {logging_mixin.py:188} INFO - [2024-03-19T09:56:24.707+0000] {dagbag.py:540} INFO - Filling up the DagBag from /home/airflow/.local/lib/python3.8/site-packages/airflow/example_dags/example_xcomargs.py
[2024-03-19T09:56:24.727+0000] {processor.py:840} INFO - DAG(s) 'example_xcom_args', 'example_xcom_args_with_operators' retrieved from /home/airflow/.local/lib/python3.8/site-packages/airflow/example_dags/example_xcomargs.py
[2024-03-19T09:56:24.775+0000] {logging_mixin.py:188} INFO - [2024-03-19T09:56:24.775+0000] {dag.py:3047} INFO - Sync 2 DAGs
[2024-03-19T09:56:24.799+0000] {logging_mixin.py:188} INFO - [2024-03-19T09:56:24.799+0000] {dag.py:3834} INFO - Setting next_dagrun for example_xcom_args to None, run_after=None
[2024-03-19T09:56:24.806+0000] {logging_mixin.py:188} INFO - [2024-03-19T09:56:24.806+0000] {dag.py:3834} INFO - Setting next_dagrun for example_xcom_args_with_operators to None, run_after=None
[2024-03-19T09:56:24.841+0000] {processor.py:183} INFO - Processing /home/airflow/.local/lib/python3.8/site-packages/airflow/example_dags/example_xcomargs.py took 0.144 seconds
[2024-03-19T09:56:55.334+0000] {processor.py:161} INFO - Started process (PID=24091) to work on /home/airflow/.local/lib/python3.8/site-packages/airflow/example_dags/example_xcomargs.py
[2024-03-19T09:56:55.337+0000] {processor.py:830} INFO - Processing file /home/airflow/.local/lib/python3.8/site-packages/airflow/example_dags/example_xcomargs.py for tasks to queue
[2024-03-19T09:56:55.340+0000] {logging_mixin.py:188} INFO - [2024-03-19T09:56:55.339+0000] {dagbag.py:540} INFO - Filling up the DagBag from /home/airflow/.local/lib/python3.8/site-packages/airflow/example_dags/example_xcomargs.py
[2024-03-19T09:56:55.392+0000] {processor.py:840} INFO - DAG(s) 'example_xcom_args', 'example_xcom_args_with_operators' retrieved from /home/airflow/.local/lib/python3.8/site-packages/airflow/example_dags/example_xcomargs.py
[2024-03-19T09:56:55.480+0000] {logging_mixin.py:188} INFO - [2024-03-19T09:56:55.480+0000] {dag.py:3047} INFO - Sync 2 DAGs
[2024-03-19T09:56:55.504+0000] {logging_mixin.py:188} INFO - [2024-03-19T09:56:55.504+0000] {dag.py:3834} INFO - Setting next_dagrun for example_xcom_args to None, run_after=None
[2024-03-19T09:56:55.511+0000] {logging_mixin.py:188} INFO - [2024-03-19T09:56:55.511+0000] {dag.py:3834} INFO - Setting next_dagrun for example_xcom_args_with_operators to None, run_after=None
[2024-03-19T09:56:55.545+0000] {processor.py:183} INFO - Processing /home/airflow/.local/lib/python3.8/site-packages/airflow/example_dags/example_xcomargs.py took 0.218 seconds
