[2024-03-19T09:44:31.762+0000] {processor.py:161} INFO - Started process (PID=22813) to work on /home/airflow/.local/lib/python3.8/site-packages/airflow/example_dags/example_latest_only_with_trigger.py
[2024-03-19T09:44:31.764+0000] {processor.py:830} INFO - Processing file /home/airflow/.local/lib/python3.8/site-packages/airflow/example_dags/example_latest_only_with_trigger.py for tasks to queue
[2024-03-19T09:44:31.766+0000] {logging_mixin.py:188} INFO - [2024-03-19T09:44:31.765+0000] {dagbag.py:540} INFO - Filling up the DagBag from /home/airflow/.local/lib/python3.8/site-packages/airflow/example_dags/example_latest_only_with_trigger.py
[2024-03-19T09:44:31.780+0000] {processor.py:840} INFO - DAG(s) 'latest_only_with_trigger' retrieved from /home/airflow/.local/lib/python3.8/site-packages/airflow/example_dags/example_latest_only_with_trigger.py
[2024-03-19T09:44:31.819+0000] {logging_mixin.py:188} INFO - [2024-03-19T09:44:31.818+0000] {dag.py:3047} INFO - Sync 1 DAGs
[2024-03-19T09:44:31.858+0000] {logging_mixin.py:188} INFO - [2024-03-19T09:44:31.857+0000] {dag.py:3834} INFO - Setting next_dagrun for latest_only_with_trigger to 2024-03-19 04:00:00+00:00, run_after=2024-03-19 08:00:00+00:00
[2024-03-19T09:44:31.905+0000] {processor.py:183} INFO - Processing /home/airflow/.local/lib/python3.8/site-packages/airflow/example_dags/example_latest_only_with_trigger.py took 0.149 seconds
[2024-03-19T09:45:01.977+0000] {processor.py:161} INFO - Started process (PID=22868) to work on /home/airflow/.local/lib/python3.8/site-packages/airflow/example_dags/example_latest_only_with_trigger.py
[2024-03-19T09:45:01.979+0000] {processor.py:830} INFO - Processing file /home/airflow/.local/lib/python3.8/site-packages/airflow/example_dags/example_latest_only_with_trigger.py for tasks to queue
[2024-03-19T09:45:01.980+0000] {logging_mixin.py:188} INFO - [2024-03-19T09:45:01.980+0000] {dagbag.py:540} INFO - Filling up the DagBag from /home/airflow/.local/lib/python3.8/site-packages/airflow/example_dags/example_latest_only_with_trigger.py
[2024-03-19T09:45:01.989+0000] {processor.py:840} INFO - DAG(s) 'latest_only_with_trigger' retrieved from /home/airflow/.local/lib/python3.8/site-packages/airflow/example_dags/example_latest_only_with_trigger.py
[2024-03-19T09:45:02.015+0000] {logging_mixin.py:188} INFO - [2024-03-19T09:45:02.015+0000] {dag.py:3047} INFO - Sync 1 DAGs
[2024-03-19T09:45:02.042+0000] {logging_mixin.py:188} INFO - [2024-03-19T09:45:02.042+0000] {dag.py:3834} INFO - Setting next_dagrun for latest_only_with_trigger to 2024-03-19 04:00:00+00:00, run_after=2024-03-19 08:00:00+00:00
[2024-03-19T09:45:02.067+0000] {processor.py:183} INFO - Processing /home/airflow/.local/lib/python3.8/site-packages/airflow/example_dags/example_latest_only_with_trigger.py took 0.094 seconds
[2024-03-19T09:45:49.597+0000] {processor.py:161} INFO - Started process (PID=22923) to work on /home/airflow/.local/lib/python3.8/site-packages/airflow/example_dags/example_latest_only_with_trigger.py
[2024-03-19T09:45:49.600+0000] {processor.py:830} INFO - Processing file /home/airflow/.local/lib/python3.8/site-packages/airflow/example_dags/example_latest_only_with_trigger.py for tasks to queue
[2024-03-19T09:45:49.604+0000] {logging_mixin.py:188} INFO - [2024-03-19T09:45:49.603+0000] {dagbag.py:540} INFO - Filling up the DagBag from /home/airflow/.local/lib/python3.8/site-packages/airflow/example_dags/example_latest_only_with_trigger.py
[2024-03-19T09:45:49.638+0000] {processor.py:840} INFO - DAG(s) 'latest_only_with_trigger' retrieved from /home/airflow/.local/lib/python3.8/site-packages/airflow/example_dags/example_latest_only_with_trigger.py
[2024-03-19T09:45:49.705+0000] {logging_mixin.py:188} INFO - [2024-03-19T09:45:49.704+0000] {dag.py:3047} INFO - Sync 1 DAGs
[2024-03-19T09:45:49.796+0000] {logging_mixin.py:188} INFO - [2024-03-19T09:45:49.796+0000] {dag.py:3834} INFO - Setting next_dagrun for latest_only_with_trigger to 2024-03-19 04:00:00+00:00, run_after=2024-03-19 08:00:00+00:00
[2024-03-19T09:45:49.878+0000] {processor.py:183} INFO - Processing /home/airflow/.local/lib/python3.8/site-packages/airflow/example_dags/example_latest_only_with_trigger.py took 0.293 seconds
[2024-03-19T09:46:21.928+0000] {processor.py:161} INFO - Started process (PID=22978) to work on /home/airflow/.local/lib/python3.8/site-packages/airflow/example_dags/example_latest_only_with_trigger.py
[2024-03-19T09:46:21.931+0000] {processor.py:830} INFO - Processing file /home/airflow/.local/lib/python3.8/site-packages/airflow/example_dags/example_latest_only_with_trigger.py for tasks to queue
[2024-03-19T09:46:21.935+0000] {logging_mixin.py:188} INFO - [2024-03-19T09:46:21.933+0000] {dagbag.py:540} INFO - Filling up the DagBag from /home/airflow/.local/lib/python3.8/site-packages/airflow/example_dags/example_latest_only_with_trigger.py
[2024-03-19T09:46:21.953+0000] {processor.py:840} INFO - DAG(s) 'latest_only_with_trigger' retrieved from /home/airflow/.local/lib/python3.8/site-packages/airflow/example_dags/example_latest_only_with_trigger.py
[2024-03-19T09:46:22.014+0000] {logging_mixin.py:188} INFO - [2024-03-19T09:46:22.014+0000] {dag.py:3047} INFO - Sync 1 DAGs
[2024-03-19T09:46:22.087+0000] {logging_mixin.py:188} INFO - [2024-03-19T09:46:22.086+0000] {dag.py:3834} INFO - Setting next_dagrun for latest_only_with_trigger to 2024-03-19 04:00:00+00:00, run_after=2024-03-19 08:00:00+00:00
[2024-03-19T09:46:22.145+0000] {processor.py:183} INFO - Processing /home/airflow/.local/lib/python3.8/site-packages/airflow/example_dags/example_latest_only_with_trigger.py took 0.225 seconds
[2024-03-19T09:46:52.852+0000] {processor.py:161} INFO - Started process (PID=23033) to work on /home/airflow/.local/lib/python3.8/site-packages/airflow/example_dags/example_latest_only_with_trigger.py
[2024-03-19T09:46:52.854+0000] {processor.py:830} INFO - Processing file /home/airflow/.local/lib/python3.8/site-packages/airflow/example_dags/example_latest_only_with_trigger.py for tasks to queue
[2024-03-19T09:46:52.856+0000] {logging_mixin.py:188} INFO - [2024-03-19T09:46:52.856+0000] {dagbag.py:540} INFO - Filling up the DagBag from /home/airflow/.local/lib/python3.8/site-packages/airflow/example_dags/example_latest_only_with_trigger.py
[2024-03-19T09:46:52.871+0000] {processor.py:840} INFO - DAG(s) 'latest_only_with_trigger' retrieved from /home/airflow/.local/lib/python3.8/site-packages/airflow/example_dags/example_latest_only_with_trigger.py
[2024-03-19T09:46:52.918+0000] {logging_mixin.py:188} INFO - [2024-03-19T09:46:52.917+0000] {dag.py:3047} INFO - Sync 1 DAGs
[2024-03-19T09:46:52.962+0000] {logging_mixin.py:188} INFO - [2024-03-19T09:46:52.962+0000] {dag.py:3834} INFO - Setting next_dagrun for latest_only_with_trigger to 2024-03-19 04:00:00+00:00, run_after=2024-03-19 08:00:00+00:00
[2024-03-19T09:46:53.002+0000] {processor.py:183} INFO - Processing /home/airflow/.local/lib/python3.8/site-packages/airflow/example_dags/example_latest_only_with_trigger.py took 0.157 seconds
[2024-03-19T09:47:25.292+0000] {processor.py:161} INFO - Started process (PID=23089) to work on /home/airflow/.local/lib/python3.8/site-packages/airflow/example_dags/example_latest_only_with_trigger.py
[2024-03-19T09:47:25.295+0000] {processor.py:830} INFO - Processing file /home/airflow/.local/lib/python3.8/site-packages/airflow/example_dags/example_latest_only_with_trigger.py for tasks to queue
[2024-03-19T09:47:25.296+0000] {logging_mixin.py:188} INFO - [2024-03-19T09:47:25.296+0000] {dagbag.py:540} INFO - Filling up the DagBag from /home/airflow/.local/lib/python3.8/site-packages/airflow/example_dags/example_latest_only_with_trigger.py
[2024-03-19T09:47:25.308+0000] {processor.py:840} INFO - DAG(s) 'latest_only_with_trigger' retrieved from /home/airflow/.local/lib/python3.8/site-packages/airflow/example_dags/example_latest_only_with_trigger.py
[2024-03-19T09:47:25.356+0000] {logging_mixin.py:188} INFO - [2024-03-19T09:47:25.355+0000] {dag.py:3047} INFO - Sync 1 DAGs
[2024-03-19T09:47:25.439+0000] {logging_mixin.py:188} INFO - [2024-03-19T09:47:25.438+0000] {dag.py:3834} INFO - Setting next_dagrun for latest_only_with_trigger to 2024-03-19 04:00:00+00:00, run_after=2024-03-19 08:00:00+00:00
[2024-03-19T09:47:25.502+0000] {processor.py:183} INFO - Processing /home/airflow/.local/lib/python3.8/site-packages/airflow/example_dags/example_latest_only_with_trigger.py took 0.216 seconds
[2024-03-19T09:47:55.779+0000] {processor.py:161} INFO - Started process (PID=23142) to work on /home/airflow/.local/lib/python3.8/site-packages/airflow/example_dags/example_latest_only_with_trigger.py
[2024-03-19T09:47:55.781+0000] {processor.py:830} INFO - Processing file /home/airflow/.local/lib/python3.8/site-packages/airflow/example_dags/example_latest_only_with_trigger.py for tasks to queue
[2024-03-19T09:47:55.783+0000] {logging_mixin.py:188} INFO - [2024-03-19T09:47:55.782+0000] {dagbag.py:540} INFO - Filling up the DagBag from /home/airflow/.local/lib/python3.8/site-packages/airflow/example_dags/example_latest_only_with_trigger.py
[2024-03-19T09:47:55.795+0000] {processor.py:840} INFO - DAG(s) 'latest_only_with_trigger' retrieved from /home/airflow/.local/lib/python3.8/site-packages/airflow/example_dags/example_latest_only_with_trigger.py
[2024-03-19T09:47:55.830+0000] {logging_mixin.py:188} INFO - [2024-03-19T09:47:55.830+0000] {dag.py:3047} INFO - Sync 1 DAGs
[2024-03-19T09:47:55.864+0000] {logging_mixin.py:188} INFO - [2024-03-19T09:47:55.863+0000] {dag.py:3834} INFO - Setting next_dagrun for latest_only_with_trigger to 2024-03-19 04:00:00+00:00, run_after=2024-03-19 08:00:00+00:00
[2024-03-19T09:47:55.896+0000] {processor.py:183} INFO - Processing /home/airflow/.local/lib/python3.8/site-packages/airflow/example_dags/example_latest_only_with_trigger.py took 0.124 seconds
[2024-03-19T09:48:26.497+0000] {processor.py:161} INFO - Started process (PID=23196) to work on /home/airflow/.local/lib/python3.8/site-packages/airflow/example_dags/example_latest_only_with_trigger.py
[2024-03-19T09:48:26.500+0000] {processor.py:830} INFO - Processing file /home/airflow/.local/lib/python3.8/site-packages/airflow/example_dags/example_latest_only_with_trigger.py for tasks to queue
[2024-03-19T09:48:26.502+0000] {logging_mixin.py:188} INFO - [2024-03-19T09:48:26.502+0000] {dagbag.py:540} INFO - Filling up the DagBag from /home/airflow/.local/lib/python3.8/site-packages/airflow/example_dags/example_latest_only_with_trigger.py
[2024-03-19T09:48:26.516+0000] {processor.py:840} INFO - DAG(s) 'latest_only_with_trigger' retrieved from /home/airflow/.local/lib/python3.8/site-packages/airflow/example_dags/example_latest_only_with_trigger.py
[2024-03-19T09:48:26.555+0000] {logging_mixin.py:188} INFO - [2024-03-19T09:48:26.555+0000] {dag.py:3047} INFO - Sync 1 DAGs
[2024-03-19T09:48:26.590+0000] {logging_mixin.py:188} INFO - [2024-03-19T09:48:26.590+0000] {dag.py:3834} INFO - Setting next_dagrun for latest_only_with_trigger to 2024-03-19 04:00:00+00:00, run_after=2024-03-19 08:00:00+00:00
[2024-03-19T09:48:26.621+0000] {processor.py:183} INFO - Processing /home/airflow/.local/lib/python3.8/site-packages/airflow/example_dags/example_latest_only_with_trigger.py took 0.131 seconds
[2024-03-19T09:49:01.524+0000] {processor.py:161} INFO - Started process (PID=23254) to work on /home/airflow/.local/lib/python3.8/site-packages/airflow/example_dags/example_latest_only_with_trigger.py
[2024-03-19T09:49:01.529+0000] {processor.py:830} INFO - Processing file /home/airflow/.local/lib/python3.8/site-packages/airflow/example_dags/example_latest_only_with_trigger.py for tasks to queue
[2024-03-19T09:49:01.532+0000] {logging_mixin.py:188} INFO - [2024-03-19T09:49:01.531+0000] {dagbag.py:540} INFO - Filling up the DagBag from /home/airflow/.local/lib/python3.8/site-packages/airflow/example_dags/example_latest_only_with_trigger.py
[2024-03-19T09:49:01.624+0000] {processor.py:840} INFO - DAG(s) 'latest_only_with_trigger' retrieved from /home/airflow/.local/lib/python3.8/site-packages/airflow/example_dags/example_latest_only_with_trigger.py
[2024-03-19T09:49:01.709+0000] {logging_mixin.py:188} INFO - [2024-03-19T09:49:01.709+0000] {dag.py:3047} INFO - Sync 1 DAGs
[2024-03-19T09:49:01.897+0000] {logging_mixin.py:188} INFO - [2024-03-19T09:49:01.896+0000] {dag.py:3834} INFO - Setting next_dagrun for latest_only_with_trigger to 2024-03-19 04:00:00+00:00, run_after=2024-03-19 08:00:00+00:00
[2024-03-19T09:49:02.131+0000] {processor.py:183} INFO - Processing /home/airflow/.local/lib/python3.8/site-packages/airflow/example_dags/example_latest_only_with_trigger.py took 0.625 seconds
[2024-03-19T09:49:32.372+0000] {processor.py:161} INFO - Started process (PID=23308) to work on /home/airflow/.local/lib/python3.8/site-packages/airflow/example_dags/example_latest_only_with_trigger.py
[2024-03-19T09:49:32.382+0000] {processor.py:830} INFO - Processing file /home/airflow/.local/lib/python3.8/site-packages/airflow/example_dags/example_latest_only_with_trigger.py for tasks to queue
[2024-03-19T09:49:32.388+0000] {logging_mixin.py:188} INFO - [2024-03-19T09:49:32.386+0000] {dagbag.py:540} INFO - Filling up the DagBag from /home/airflow/.local/lib/python3.8/site-packages/airflow/example_dags/example_latest_only_with_trigger.py
[2024-03-19T09:49:32.426+0000] {processor.py:840} INFO - DAG(s) 'latest_only_with_trigger' retrieved from /home/airflow/.local/lib/python3.8/site-packages/airflow/example_dags/example_latest_only_with_trigger.py
[2024-03-19T09:49:32.492+0000] {logging_mixin.py:188} INFO - [2024-03-19T09:49:32.491+0000] {dag.py:3047} INFO - Sync 1 DAGs
[2024-03-19T09:49:32.530+0000] {logging_mixin.py:188} INFO - [2024-03-19T09:49:32.529+0000] {dag.py:3834} INFO - Setting next_dagrun for latest_only_with_trigger to 2024-03-19 04:00:00+00:00, run_after=2024-03-19 08:00:00+00:00
[2024-03-19T09:49:32.569+0000] {processor.py:183} INFO - Processing /home/airflow/.local/lib/python3.8/site-packages/airflow/example_dags/example_latest_only_with_trigger.py took 0.224 seconds
[2024-03-19T09:50:03.295+0000] {processor.py:161} INFO - Started process (PID=23362) to work on /home/airflow/.local/lib/python3.8/site-packages/airflow/example_dags/example_latest_only_with_trigger.py
[2024-03-19T09:50:03.299+0000] {processor.py:830} INFO - Processing file /home/airflow/.local/lib/python3.8/site-packages/airflow/example_dags/example_latest_only_with_trigger.py for tasks to queue
[2024-03-19T09:50:03.302+0000] {logging_mixin.py:188} INFO - [2024-03-19T09:50:03.301+0000] {dagbag.py:540} INFO - Filling up the DagBag from /home/airflow/.local/lib/python3.8/site-packages/airflow/example_dags/example_latest_only_with_trigger.py
[2024-03-19T09:50:03.322+0000] {processor.py:840} INFO - DAG(s) 'latest_only_with_trigger' retrieved from /home/airflow/.local/lib/python3.8/site-packages/airflow/example_dags/example_latest_only_with_trigger.py
[2024-03-19T09:50:03.368+0000] {logging_mixin.py:188} INFO - [2024-03-19T09:50:03.368+0000] {dag.py:3047} INFO - Sync 1 DAGs
[2024-03-19T09:50:03.437+0000] {logging_mixin.py:188} INFO - [2024-03-19T09:50:03.436+0000] {dag.py:3834} INFO - Setting next_dagrun for latest_only_with_trigger to 2024-03-19 04:00:00+00:00, run_after=2024-03-19 08:00:00+00:00
[2024-03-19T09:50:03.490+0000] {processor.py:183} INFO - Processing /home/airflow/.local/lib/python3.8/site-packages/airflow/example_dags/example_latest_only_with_trigger.py took 0.201 seconds
[2024-03-19T09:50:33.730+0000] {processor.py:161} INFO - Started process (PID=23417) to work on /home/airflow/.local/lib/python3.8/site-packages/airflow/example_dags/example_latest_only_with_trigger.py
[2024-03-19T09:50:33.734+0000] {processor.py:830} INFO - Processing file /home/airflow/.local/lib/python3.8/site-packages/airflow/example_dags/example_latest_only_with_trigger.py for tasks to queue
[2024-03-19T09:50:33.737+0000] {logging_mixin.py:188} INFO - [2024-03-19T09:50:33.736+0000] {dagbag.py:540} INFO - Filling up the DagBag from /home/airflow/.local/lib/python3.8/site-packages/airflow/example_dags/example_latest_only_with_trigger.py
[2024-03-19T09:50:33.769+0000] {processor.py:840} INFO - DAG(s) 'latest_only_with_trigger' retrieved from /home/airflow/.local/lib/python3.8/site-packages/airflow/example_dags/example_latest_only_with_trigger.py
[2024-03-19T09:50:33.819+0000] {logging_mixin.py:188} INFO - [2024-03-19T09:50:33.819+0000] {dag.py:3047} INFO - Sync 1 DAGs
[2024-03-19T09:50:33.869+0000] {logging_mixin.py:188} INFO - [2024-03-19T09:50:33.869+0000] {dag.py:3834} INFO - Setting next_dagrun for latest_only_with_trigger to 2024-03-19 04:00:00+00:00, run_after=2024-03-19 08:00:00+00:00
[2024-03-19T09:50:33.910+0000] {processor.py:183} INFO - Processing /home/airflow/.local/lib/python3.8/site-packages/airflow/example_dags/example_latest_only_with_trigger.py took 0.187 seconds
[2024-03-19T09:51:08.352+0000] {processor.py:161} INFO - Started process (PID=23477) to work on /home/airflow/.local/lib/python3.8/site-packages/airflow/example_dags/example_latest_only_with_trigger.py
[2024-03-19T09:51:08.355+0000] {processor.py:830} INFO - Processing file /home/airflow/.local/lib/python3.8/site-packages/airflow/example_dags/example_latest_only_with_trigger.py for tasks to queue
[2024-03-19T09:51:08.357+0000] {logging_mixin.py:188} INFO - [2024-03-19T09:51:08.356+0000] {dagbag.py:540} INFO - Filling up the DagBag from /home/airflow/.local/lib/python3.8/site-packages/airflow/example_dags/example_latest_only_with_trigger.py
[2024-03-19T09:51:08.370+0000] {processor.py:840} INFO - DAG(s) 'latest_only_with_trigger' retrieved from /home/airflow/.local/lib/python3.8/site-packages/airflow/example_dags/example_latest_only_with_trigger.py
[2024-03-19T09:51:08.403+0000] {logging_mixin.py:188} INFO - [2024-03-19T09:51:08.403+0000] {dag.py:3047} INFO - Sync 1 DAGs
[2024-03-19T09:51:08.436+0000] {logging_mixin.py:188} INFO - [2024-03-19T09:51:08.435+0000] {dag.py:3834} INFO - Setting next_dagrun for latest_only_with_trigger to 2024-03-19 04:00:00+00:00, run_after=2024-03-19 08:00:00+00:00
[2024-03-19T09:51:08.472+0000] {processor.py:183} INFO - Processing /home/airflow/.local/lib/python3.8/site-packages/airflow/example_dags/example_latest_only_with_trigger.py took 0.127 seconds
[2024-03-19T09:51:38.760+0000] {processor.py:161} INFO - Started process (PID=23532) to work on /home/airflow/.local/lib/python3.8/site-packages/airflow/example_dags/example_latest_only_with_trigger.py
[2024-03-19T09:51:38.764+0000] {processor.py:830} INFO - Processing file /home/airflow/.local/lib/python3.8/site-packages/airflow/example_dags/example_latest_only_with_trigger.py for tasks to queue
[2024-03-19T09:51:38.767+0000] {logging_mixin.py:188} INFO - [2024-03-19T09:51:38.766+0000] {dagbag.py:540} INFO - Filling up the DagBag from /home/airflow/.local/lib/python3.8/site-packages/airflow/example_dags/example_latest_only_with_trigger.py
[2024-03-19T09:51:38.783+0000] {processor.py:840} INFO - DAG(s) 'latest_only_with_trigger' retrieved from /home/airflow/.local/lib/python3.8/site-packages/airflow/example_dags/example_latest_only_with_trigger.py
[2024-03-19T09:51:38.830+0000] {logging_mixin.py:188} INFO - [2024-03-19T09:51:38.829+0000] {dag.py:3047} INFO - Sync 1 DAGs
[2024-03-19T09:51:38.883+0000] {logging_mixin.py:188} INFO - [2024-03-19T09:51:38.883+0000] {dag.py:3834} INFO - Setting next_dagrun for latest_only_with_trigger to 2024-03-19 04:00:00+00:00, run_after=2024-03-19 08:00:00+00:00
[2024-03-19T09:51:38.916+0000] {processor.py:183} INFO - Processing /home/airflow/.local/lib/python3.8/site-packages/airflow/example_dags/example_latest_only_with_trigger.py took 0.163 seconds
[2024-03-19T09:52:09.682+0000] {processor.py:161} INFO - Started process (PID=23587) to work on /home/airflow/.local/lib/python3.8/site-packages/airflow/example_dags/example_latest_only_with_trigger.py
[2024-03-19T09:52:09.685+0000] {processor.py:830} INFO - Processing file /home/airflow/.local/lib/python3.8/site-packages/airflow/example_dags/example_latest_only_with_trigger.py for tasks to queue
[2024-03-19T09:52:09.687+0000] {logging_mixin.py:188} INFO - [2024-03-19T09:52:09.687+0000] {dagbag.py:540} INFO - Filling up the DagBag from /home/airflow/.local/lib/python3.8/site-packages/airflow/example_dags/example_latest_only_with_trigger.py
[2024-03-19T09:52:09.697+0000] {processor.py:840} INFO - DAG(s) 'latest_only_with_trigger' retrieved from /home/airflow/.local/lib/python3.8/site-packages/airflow/example_dags/example_latest_only_with_trigger.py
[2024-03-19T09:52:09.734+0000] {logging_mixin.py:188} INFO - [2024-03-19T09:52:09.734+0000] {dag.py:3047} INFO - Sync 1 DAGs
[2024-03-19T09:52:09.766+0000] {logging_mixin.py:188} INFO - [2024-03-19T09:52:09.766+0000] {dag.py:3834} INFO - Setting next_dagrun for latest_only_with_trigger to 2024-03-19 04:00:00+00:00, run_after=2024-03-19 08:00:00+00:00
[2024-03-19T09:52:09.795+0000] {processor.py:183} INFO - Processing /home/airflow/.local/lib/python3.8/site-packages/airflow/example_dags/example_latest_only_with_trigger.py took 0.119 seconds
[2024-03-19T09:52:47.638+0000] {processor.py:161} INFO - Started process (PID=23642) to work on /home/airflow/.local/lib/python3.8/site-packages/airflow/example_dags/example_latest_only_with_trigger.py
[2024-03-19T09:52:47.642+0000] {processor.py:830} INFO - Processing file /home/airflow/.local/lib/python3.8/site-packages/airflow/example_dags/example_latest_only_with_trigger.py for tasks to queue
[2024-03-19T09:52:47.646+0000] {logging_mixin.py:188} INFO - [2024-03-19T09:52:47.645+0000] {dagbag.py:540} INFO - Filling up the DagBag from /home/airflow/.local/lib/python3.8/site-packages/airflow/example_dags/example_latest_only_with_trigger.py
[2024-03-19T09:52:47.669+0000] {processor.py:840} INFO - DAG(s) 'latest_only_with_trigger' retrieved from /home/airflow/.local/lib/python3.8/site-packages/airflow/example_dags/example_latest_only_with_trigger.py
[2024-03-19T09:52:47.722+0000] {logging_mixin.py:188} INFO - [2024-03-19T09:52:47.721+0000] {dag.py:3047} INFO - Sync 1 DAGs
[2024-03-19T09:52:47.770+0000] {logging_mixin.py:188} INFO - [2024-03-19T09:52:47.770+0000] {dag.py:3834} INFO - Setting next_dagrun for latest_only_with_trigger to 2024-03-19 04:00:00+00:00, run_after=2024-03-19 08:00:00+00:00
[2024-03-19T09:52:47.831+0000] {processor.py:183} INFO - Processing /home/airflow/.local/lib/python3.8/site-packages/airflow/example_dags/example_latest_only_with_trigger.py took 0.205 seconds
[2024-03-19T09:53:18.569+0000] {processor.py:161} INFO - Started process (PID=23695) to work on /home/airflow/.local/lib/python3.8/site-packages/airflow/example_dags/example_latest_only_with_trigger.py
[2024-03-19T09:53:18.572+0000] {processor.py:830} INFO - Processing file /home/airflow/.local/lib/python3.8/site-packages/airflow/example_dags/example_latest_only_with_trigger.py for tasks to queue
[2024-03-19T09:53:18.573+0000] {logging_mixin.py:188} INFO - [2024-03-19T09:53:18.573+0000] {dagbag.py:540} INFO - Filling up the DagBag from /home/airflow/.local/lib/python3.8/site-packages/airflow/example_dags/example_latest_only_with_trigger.py
[2024-03-19T09:53:18.587+0000] {processor.py:840} INFO - DAG(s) 'latest_only_with_trigger' retrieved from /home/airflow/.local/lib/python3.8/site-packages/airflow/example_dags/example_latest_only_with_trigger.py
[2024-03-19T09:53:18.620+0000] {logging_mixin.py:188} INFO - [2024-03-19T09:53:18.620+0000] {dag.py:3047} INFO - Sync 1 DAGs
[2024-03-19T09:53:18.657+0000] {logging_mixin.py:188} INFO - [2024-03-19T09:53:18.657+0000] {dag.py:3834} INFO - Setting next_dagrun for latest_only_with_trigger to 2024-03-19 04:00:00+00:00, run_after=2024-03-19 08:00:00+00:00
[2024-03-19T09:53:18.689+0000] {processor.py:183} INFO - Processing /home/airflow/.local/lib/python3.8/site-packages/airflow/example_dags/example_latest_only_with_trigger.py took 0.124 seconds
[2024-03-19T09:53:48.912+0000] {processor.py:161} INFO - Started process (PID=23750) to work on /home/airflow/.local/lib/python3.8/site-packages/airflow/example_dags/example_latest_only_with_trigger.py
[2024-03-19T09:53:48.914+0000] {processor.py:830} INFO - Processing file /home/airflow/.local/lib/python3.8/site-packages/airflow/example_dags/example_latest_only_with_trigger.py for tasks to queue
[2024-03-19T09:53:48.917+0000] {logging_mixin.py:188} INFO - [2024-03-19T09:53:48.916+0000] {dagbag.py:540} INFO - Filling up the DagBag from /home/airflow/.local/lib/python3.8/site-packages/airflow/example_dags/example_latest_only_with_trigger.py
[2024-03-19T09:53:48.934+0000] {processor.py:840} INFO - DAG(s) 'latest_only_with_trigger' retrieved from /home/airflow/.local/lib/python3.8/site-packages/airflow/example_dags/example_latest_only_with_trigger.py
[2024-03-19T09:53:48.984+0000] {logging_mixin.py:188} INFO - [2024-03-19T09:53:48.984+0000] {dag.py:3047} INFO - Sync 1 DAGs
[2024-03-19T09:53:49.043+0000] {logging_mixin.py:188} INFO - [2024-03-19T09:53:49.042+0000] {dag.py:3834} INFO - Setting next_dagrun for latest_only_with_trigger to 2024-03-19 04:00:00+00:00, run_after=2024-03-19 08:00:00+00:00
[2024-03-19T09:53:49.099+0000] {processor.py:183} INFO - Processing /home/airflow/.local/lib/python3.8/site-packages/airflow/example_dags/example_latest_only_with_trigger.py took 0.194 seconds
[2024-03-19T09:54:19.700+0000] {processor.py:161} INFO - Started process (PID=23806) to work on /home/airflow/.local/lib/python3.8/site-packages/airflow/example_dags/example_latest_only_with_trigger.py
[2024-03-19T09:54:19.703+0000] {processor.py:830} INFO - Processing file /home/airflow/.local/lib/python3.8/site-packages/airflow/example_dags/example_latest_only_with_trigger.py for tasks to queue
[2024-03-19T09:54:19.708+0000] {logging_mixin.py:188} INFO - [2024-03-19T09:54:19.705+0000] {dagbag.py:540} INFO - Filling up the DagBag from /home/airflow/.local/lib/python3.8/site-packages/airflow/example_dags/example_latest_only_with_trigger.py
[2024-03-19T09:54:19.737+0000] {processor.py:840} INFO - DAG(s) 'latest_only_with_trigger' retrieved from /home/airflow/.local/lib/python3.8/site-packages/airflow/example_dags/example_latest_only_with_trigger.py
[2024-03-19T09:54:19.780+0000] {logging_mixin.py:188} INFO - [2024-03-19T09:54:19.780+0000] {dag.py:3047} INFO - Sync 1 DAGs
[2024-03-19T09:54:19.840+0000] {logging_mixin.py:188} INFO - [2024-03-19T09:54:19.839+0000] {dag.py:3834} INFO - Setting next_dagrun for latest_only_with_trigger to 2024-03-19 04:00:00+00:00, run_after=2024-03-19 08:00:00+00:00
[2024-03-19T09:54:19.899+0000] {processor.py:183} INFO - Processing /home/airflow/.local/lib/python3.8/site-packages/airflow/example_dags/example_latest_only_with_trigger.py took 0.207 seconds
[2024-03-19T09:54:50.094+0000] {processor.py:161} INFO - Started process (PID=23861) to work on /home/airflow/.local/lib/python3.8/site-packages/airflow/example_dags/example_latest_only_with_trigger.py
[2024-03-19T09:54:50.096+0000] {processor.py:830} INFO - Processing file /home/airflow/.local/lib/python3.8/site-packages/airflow/example_dags/example_latest_only_with_trigger.py for tasks to queue
[2024-03-19T09:54:50.098+0000] {logging_mixin.py:188} INFO - [2024-03-19T09:54:50.097+0000] {dagbag.py:540} INFO - Filling up the DagBag from /home/airflow/.local/lib/python3.8/site-packages/airflow/example_dags/example_latest_only_with_trigger.py
[2024-03-19T09:54:50.106+0000] {processor.py:840} INFO - DAG(s) 'latest_only_with_trigger' retrieved from /home/airflow/.local/lib/python3.8/site-packages/airflow/example_dags/example_latest_only_with_trigger.py
[2024-03-19T09:54:50.130+0000] {logging_mixin.py:188} INFO - [2024-03-19T09:54:50.130+0000] {dag.py:3047} INFO - Sync 1 DAGs
[2024-03-19T09:54:50.155+0000] {logging_mixin.py:188} INFO - [2024-03-19T09:54:50.154+0000] {dag.py:3834} INFO - Setting next_dagrun for latest_only_with_trigger to 2024-03-19 04:00:00+00:00, run_after=2024-03-19 08:00:00+00:00
[2024-03-19T09:54:50.178+0000] {processor.py:183} INFO - Processing /home/airflow/.local/lib/python3.8/site-packages/airflow/example_dags/example_latest_only_with_trigger.py took 0.088 seconds
[2024-03-19T09:55:20.938+0000] {processor.py:161} INFO - Started process (PID=23918) to work on /home/airflow/.local/lib/python3.8/site-packages/airflow/example_dags/example_latest_only_with_trigger.py
[2024-03-19T09:55:20.940+0000] {processor.py:830} INFO - Processing file /home/airflow/.local/lib/python3.8/site-packages/airflow/example_dags/example_latest_only_with_trigger.py for tasks to queue
[2024-03-19T09:55:20.941+0000] {logging_mixin.py:188} INFO - [2024-03-19T09:55:20.941+0000] {dagbag.py:540} INFO - Filling up the DagBag from /home/airflow/.local/lib/python3.8/site-packages/airflow/example_dags/example_latest_only_with_trigger.py
[2024-03-19T09:55:20.949+0000] {processor.py:840} INFO - DAG(s) 'latest_only_with_trigger' retrieved from /home/airflow/.local/lib/python3.8/site-packages/airflow/example_dags/example_latest_only_with_trigger.py
[2024-03-19T09:55:20.975+0000] {logging_mixin.py:188} INFO - [2024-03-19T09:55:20.975+0000] {dag.py:3047} INFO - Sync 1 DAGs
[2024-03-19T09:55:21.004+0000] {logging_mixin.py:188} INFO - [2024-03-19T09:55:21.003+0000] {dag.py:3834} INFO - Setting next_dagrun for latest_only_with_trigger to 2024-03-19 04:00:00+00:00, run_after=2024-03-19 08:00:00+00:00
[2024-03-19T09:55:21.034+0000] {processor.py:183} INFO - Processing /home/airflow/.local/lib/python3.8/site-packages/airflow/example_dags/example_latest_only_with_trigger.py took 0.101 seconds
[2024-03-19T09:55:51.504+0000] {processor.py:161} INFO - Started process (PID=23973) to work on /home/airflow/.local/lib/python3.8/site-packages/airflow/example_dags/example_latest_only_with_trigger.py
[2024-03-19T09:55:51.506+0000] {processor.py:830} INFO - Processing file /home/airflow/.local/lib/python3.8/site-packages/airflow/example_dags/example_latest_only_with_trigger.py for tasks to queue
[2024-03-19T09:55:51.508+0000] {logging_mixin.py:188} INFO - [2024-03-19T09:55:51.507+0000] {dagbag.py:540} INFO - Filling up the DagBag from /home/airflow/.local/lib/python3.8/site-packages/airflow/example_dags/example_latest_only_with_trigger.py
[2024-03-19T09:55:51.521+0000] {processor.py:840} INFO - DAG(s) 'latest_only_with_trigger' retrieved from /home/airflow/.local/lib/python3.8/site-packages/airflow/example_dags/example_latest_only_with_trigger.py
[2024-03-19T09:55:51.556+0000] {logging_mixin.py:188} INFO - [2024-03-19T09:55:51.555+0000] {dag.py:3047} INFO - Sync 1 DAGs
[2024-03-19T09:55:51.590+0000] {logging_mixin.py:188} INFO - [2024-03-19T09:55:51.590+0000] {dag.py:3834} INFO - Setting next_dagrun for latest_only_with_trigger to 2024-03-19 04:00:00+00:00, run_after=2024-03-19 08:00:00+00:00
[2024-03-19T09:55:51.625+0000] {processor.py:183} INFO - Processing /home/airflow/.local/lib/python3.8/site-packages/airflow/example_dags/example_latest_only_with_trigger.py took 0.128 seconds
[2024-03-19T09:56:21.938+0000] {processor.py:161} INFO - Started process (PID=24028) to work on /home/airflow/.local/lib/python3.8/site-packages/airflow/example_dags/example_latest_only_with_trigger.py
[2024-03-19T09:56:21.940+0000] {processor.py:830} INFO - Processing file /home/airflow/.local/lib/python3.8/site-packages/airflow/example_dags/example_latest_only_with_trigger.py for tasks to queue
[2024-03-19T09:56:21.942+0000] {logging_mixin.py:188} INFO - [2024-03-19T09:56:21.941+0000] {dagbag.py:540} INFO - Filling up the DagBag from /home/airflow/.local/lib/python3.8/site-packages/airflow/example_dags/example_latest_only_with_trigger.py
[2024-03-19T09:56:21.951+0000] {processor.py:840} INFO - DAG(s) 'latest_only_with_trigger' retrieved from /home/airflow/.local/lib/python3.8/site-packages/airflow/example_dags/example_latest_only_with_trigger.py
[2024-03-19T09:56:21.979+0000] {logging_mixin.py:188} INFO - [2024-03-19T09:56:21.978+0000] {dag.py:3047} INFO - Sync 1 DAGs
[2024-03-19T09:56:22.007+0000] {logging_mixin.py:188} INFO - [2024-03-19T09:56:22.007+0000] {dag.py:3834} INFO - Setting next_dagrun for latest_only_with_trigger to 2024-03-19 04:00:00+00:00, run_after=2024-03-19 08:00:00+00:00
[2024-03-19T09:56:22.034+0000] {processor.py:183} INFO - Processing /home/airflow/.local/lib/python3.8/site-packages/airflow/example_dags/example_latest_only_with_trigger.py took 0.100 seconds
[2024-03-19T09:56:52.785+0000] {processor.py:161} INFO - Started process (PID=24083) to work on /home/airflow/.local/lib/python3.8/site-packages/airflow/example_dags/example_latest_only_with_trigger.py
[2024-03-19T09:56:52.794+0000] {processor.py:830} INFO - Processing file /home/airflow/.local/lib/python3.8/site-packages/airflow/example_dags/example_latest_only_with_trigger.py for tasks to queue
[2024-03-19T09:56:52.799+0000] {logging_mixin.py:188} INFO - [2024-03-19T09:56:52.798+0000] {dagbag.py:540} INFO - Filling up the DagBag from /home/airflow/.local/lib/python3.8/site-packages/airflow/example_dags/example_latest_only_with_trigger.py
[2024-03-19T09:56:52.834+0000] {processor.py:840} INFO - DAG(s) 'latest_only_with_trigger' retrieved from /home/airflow/.local/lib/python3.8/site-packages/airflow/example_dags/example_latest_only_with_trigger.py
[2024-03-19T09:56:53.031+0000] {logging_mixin.py:188} INFO - [2024-03-19T09:56:53.030+0000] {dag.py:3047} INFO - Sync 1 DAGs
[2024-03-19T09:56:53.235+0000] {logging_mixin.py:188} INFO - [2024-03-19T09:56:53.234+0000] {dag.py:3834} INFO - Setting next_dagrun for latest_only_with_trigger to 2024-03-19 04:00:00+00:00, run_after=2024-03-19 08:00:00+00:00
[2024-03-19T09:56:53.354+0000] {processor.py:183} INFO - Processing /home/airflow/.local/lib/python3.8/site-packages/airflow/example_dags/example_latest_only_with_trigger.py took 0.588 seconds
