[2024-03-19T09:44:21.764+0000] {processor.py:161} INFO - Started process (PID=22776) to work on /home/airflow/.local/lib/python3.8/site-packages/airflow/example_dags/example_time_delta_sensor_async.py
[2024-03-19T09:44:21.817+0000] {processor.py:830} INFO - Processing file /home/airflow/.local/lib/python3.8/site-packages/airflow/example_dags/example_time_delta_sensor_async.py for tasks to queue
[2024-03-19T09:44:21.832+0000] {logging_mixin.py:188} INFO - [2024-03-19T09:44:21.831+0000] {dagbag.py:540} INFO - Filling up the DagBag from /home/airflow/.local/lib/python3.8/site-packages/airflow/example_dags/example_time_delta_sensor_async.py
[2024-03-19T09:44:21.899+0000] {processor.py:840} INFO - DAG(s) 'example_time_delta_sensor_async' retrieved from /home/airflow/.local/lib/python3.8/site-packages/airflow/example_dags/example_time_delta_sensor_async.py
[2024-03-19T09:44:22.561+0000] {logging_mixin.py:188} INFO - [2024-03-19T09:44:22.560+0000] {dag.py:3047} INFO - Sync 1 DAGs
[2024-03-19T09:44:22.661+0000] {logging_mixin.py:188} INFO - [2024-03-19T09:44:22.660+0000] {dag.py:3834} INFO - Setting next_dagrun for example_time_delta_sensor_async to None, run_after=None
[2024-03-19T09:44:23.019+0000] {processor.py:183} INFO - Processing /home/airflow/.local/lib/python3.8/site-packages/airflow/example_dags/example_time_delta_sensor_async.py took 1.272 seconds
[2024-03-19T09:44:53.226+0000] {processor.py:161} INFO - Started process (PID=22832) to work on /home/airflow/.local/lib/python3.8/site-packages/airflow/example_dags/example_time_delta_sensor_async.py
[2024-03-19T09:44:53.227+0000] {processor.py:830} INFO - Processing file /home/airflow/.local/lib/python3.8/site-packages/airflow/example_dags/example_time_delta_sensor_async.py for tasks to queue
[2024-03-19T09:44:53.229+0000] {logging_mixin.py:188} INFO - [2024-03-19T09:44:53.228+0000] {dagbag.py:540} INFO - Filling up the DagBag from /home/airflow/.local/lib/python3.8/site-packages/airflow/example_dags/example_time_delta_sensor_async.py
[2024-03-19T09:44:53.235+0000] {processor.py:840} INFO - DAG(s) 'example_time_delta_sensor_async' retrieved from /home/airflow/.local/lib/python3.8/site-packages/airflow/example_dags/example_time_delta_sensor_async.py
[2024-03-19T09:44:53.257+0000] {logging_mixin.py:188} INFO - [2024-03-19T09:44:53.257+0000] {dag.py:3047} INFO - Sync 1 DAGs
[2024-03-19T09:44:53.272+0000] {logging_mixin.py:188} INFO - [2024-03-19T09:44:53.272+0000] {dag.py:3834} INFO - Setting next_dagrun for example_time_delta_sensor_async to None, run_after=None
[2024-03-19T09:44:53.295+0000] {processor.py:183} INFO - Processing /home/airflow/.local/lib/python3.8/site-packages/airflow/example_dags/example_time_delta_sensor_async.py took 0.073 seconds
[2024-03-19T09:45:24.445+0000] {processor.py:161} INFO - Started process (PID=22886) to work on /home/airflow/.local/lib/python3.8/site-packages/airflow/example_dags/example_time_delta_sensor_async.py
[2024-03-19T09:45:24.450+0000] {processor.py:830} INFO - Processing file /home/airflow/.local/lib/python3.8/site-packages/airflow/example_dags/example_time_delta_sensor_async.py for tasks to queue
[2024-03-19T09:45:24.459+0000] {logging_mixin.py:188} INFO - [2024-03-19T09:45:24.458+0000] {dagbag.py:540} INFO - Filling up the DagBag from /home/airflow/.local/lib/python3.8/site-packages/airflow/example_dags/example_time_delta_sensor_async.py
[2024-03-19T09:45:24.480+0000] {processor.py:840} INFO - DAG(s) 'example_time_delta_sensor_async' retrieved from /home/airflow/.local/lib/python3.8/site-packages/airflow/example_dags/example_time_delta_sensor_async.py
[2024-03-19T09:45:24.616+0000] {logging_mixin.py:188} INFO - [2024-03-19T09:45:24.615+0000] {dag.py:3047} INFO - Sync 1 DAGs
[2024-03-19T09:45:24.704+0000] {logging_mixin.py:188} INFO - [2024-03-19T09:45:24.703+0000] {dag.py:3834} INFO - Setting next_dagrun for example_time_delta_sensor_async to None, run_after=None
[2024-03-19T09:45:24.899+0000] {processor.py:183} INFO - Processing /home/airflow/.local/lib/python3.8/site-packages/airflow/example_dags/example_time_delta_sensor_async.py took 0.461 seconds
[2024-03-19T09:46:04.020+0000] {processor.py:161} INFO - Started process (PID=22941) to work on /home/airflow/.local/lib/python3.8/site-packages/airflow/example_dags/example_time_delta_sensor_async.py
[2024-03-19T09:46:04.025+0000] {processor.py:830} INFO - Processing file /home/airflow/.local/lib/python3.8/site-packages/airflow/example_dags/example_time_delta_sensor_async.py for tasks to queue
[2024-03-19T09:46:04.028+0000] {logging_mixin.py:188} INFO - [2024-03-19T09:46:04.027+0000] {dagbag.py:540} INFO - Filling up the DagBag from /home/airflow/.local/lib/python3.8/site-packages/airflow/example_dags/example_time_delta_sensor_async.py
[2024-03-19T09:46:04.053+0000] {processor.py:840} INFO - DAG(s) 'example_time_delta_sensor_async' retrieved from /home/airflow/.local/lib/python3.8/site-packages/airflow/example_dags/example_time_delta_sensor_async.py
[2024-03-19T09:46:04.155+0000] {logging_mixin.py:188} INFO - [2024-03-19T09:46:04.155+0000] {dag.py:3047} INFO - Sync 1 DAGs
[2024-03-19T09:46:04.211+0000] {logging_mixin.py:188} INFO - [2024-03-19T09:46:04.210+0000] {dag.py:3834} INFO - Setting next_dagrun for example_time_delta_sensor_async to None, run_after=None
[2024-03-19T09:46:04.322+0000] {processor.py:183} INFO - Processing /home/airflow/.local/lib/python3.8/site-packages/airflow/example_dags/example_time_delta_sensor_async.py took 0.312 seconds
[2024-03-19T09:46:34.840+0000] {processor.py:161} INFO - Started process (PID=22994) to work on /home/airflow/.local/lib/python3.8/site-packages/airflow/example_dags/example_time_delta_sensor_async.py
[2024-03-19T09:46:34.842+0000] {processor.py:830} INFO - Processing file /home/airflow/.local/lib/python3.8/site-packages/airflow/example_dags/example_time_delta_sensor_async.py for tasks to queue
[2024-03-19T09:46:34.843+0000] {logging_mixin.py:188} INFO - [2024-03-19T09:46:34.843+0000] {dagbag.py:540} INFO - Filling up the DagBag from /home/airflow/.local/lib/python3.8/site-packages/airflow/example_dags/example_time_delta_sensor_async.py
[2024-03-19T09:46:34.849+0000] {processor.py:840} INFO - DAG(s) 'example_time_delta_sensor_async' retrieved from /home/airflow/.local/lib/python3.8/site-packages/airflow/example_dags/example_time_delta_sensor_async.py
[2024-03-19T09:46:34.876+0000] {logging_mixin.py:188} INFO - [2024-03-19T09:46:34.875+0000] {dag.py:3047} INFO - Sync 1 DAGs
[2024-03-19T09:46:34.891+0000] {logging_mixin.py:188} INFO - [2024-03-19T09:46:34.891+0000] {dag.py:3834} INFO - Setting next_dagrun for example_time_delta_sensor_async to None, run_after=None
[2024-03-19T09:46:34.924+0000] {processor.py:183} INFO - Processing /home/airflow/.local/lib/python3.8/site-packages/airflow/example_dags/example_time_delta_sensor_async.py took 0.089 seconds
[2024-03-19T09:47:06.497+0000] {processor.py:161} INFO - Started process (PID=23049) to work on /home/airflow/.local/lib/python3.8/site-packages/airflow/example_dags/example_time_delta_sensor_async.py
[2024-03-19T09:47:06.502+0000] {processor.py:830} INFO - Processing file /home/airflow/.local/lib/python3.8/site-packages/airflow/example_dags/example_time_delta_sensor_async.py for tasks to queue
[2024-03-19T09:47:06.505+0000] {logging_mixin.py:188} INFO - [2024-03-19T09:47:06.504+0000] {dagbag.py:540} INFO - Filling up the DagBag from /home/airflow/.local/lib/python3.8/site-packages/airflow/example_dags/example_time_delta_sensor_async.py
[2024-03-19T09:47:06.535+0000] {processor.py:840} INFO - DAG(s) 'example_time_delta_sensor_async' retrieved from /home/airflow/.local/lib/python3.8/site-packages/airflow/example_dags/example_time_delta_sensor_async.py
[2024-03-19T09:47:06.693+0000] {logging_mixin.py:188} INFO - [2024-03-19T09:47:06.693+0000] {dag.py:3047} INFO - Sync 1 DAGs
[2024-03-19T09:47:06.778+0000] {logging_mixin.py:188} INFO - [2024-03-19T09:47:06.776+0000] {dag.py:3834} INFO - Setting next_dagrun for example_time_delta_sensor_async to None, run_after=None
[2024-03-19T09:47:06.865+0000] {processor.py:183} INFO - Processing /home/airflow/.local/lib/python3.8/site-packages/airflow/example_dags/example_time_delta_sensor_async.py took 0.385 seconds
[2024-03-19T09:47:38.235+0000] {processor.py:161} INFO - Started process (PID=23104) to work on /home/airflow/.local/lib/python3.8/site-packages/airflow/example_dags/example_time_delta_sensor_async.py
[2024-03-19T09:47:38.240+0000] {processor.py:830} INFO - Processing file /home/airflow/.local/lib/python3.8/site-packages/airflow/example_dags/example_time_delta_sensor_async.py for tasks to queue
[2024-03-19T09:47:38.243+0000] {logging_mixin.py:188} INFO - [2024-03-19T09:47:38.242+0000] {dagbag.py:540} INFO - Filling up the DagBag from /home/airflow/.local/lib/python3.8/site-packages/airflow/example_dags/example_time_delta_sensor_async.py
[2024-03-19T09:47:38.264+0000] {processor.py:840} INFO - DAG(s) 'example_time_delta_sensor_async' retrieved from /home/airflow/.local/lib/python3.8/site-packages/airflow/example_dags/example_time_delta_sensor_async.py
[2024-03-19T09:47:38.346+0000] {logging_mixin.py:188} INFO - [2024-03-19T09:47:38.345+0000] {dag.py:3047} INFO - Sync 1 DAGs
[2024-03-19T09:47:38.406+0000] {logging_mixin.py:188} INFO - [2024-03-19T09:47:38.406+0000] {dag.py:3834} INFO - Setting next_dagrun for example_time_delta_sensor_async to None, run_after=None
[2024-03-19T09:47:38.536+0000] {processor.py:183} INFO - Processing /home/airflow/.local/lib/python3.8/site-packages/airflow/example_dags/example_time_delta_sensor_async.py took 0.314 seconds
[2024-03-19T09:48:08.899+0000] {processor.py:161} INFO - Started process (PID=23159) to work on /home/airflow/.local/lib/python3.8/site-packages/airflow/example_dags/example_time_delta_sensor_async.py
[2024-03-19T09:48:08.900+0000] {processor.py:830} INFO - Processing file /home/airflow/.local/lib/python3.8/site-packages/airflow/example_dags/example_time_delta_sensor_async.py for tasks to queue
[2024-03-19T09:48:08.902+0000] {logging_mixin.py:188} INFO - [2024-03-19T09:48:08.901+0000] {dagbag.py:540} INFO - Filling up the DagBag from /home/airflow/.local/lib/python3.8/site-packages/airflow/example_dags/example_time_delta_sensor_async.py
[2024-03-19T09:48:08.908+0000] {processor.py:840} INFO - DAG(s) 'example_time_delta_sensor_async' retrieved from /home/airflow/.local/lib/python3.8/site-packages/airflow/example_dags/example_time_delta_sensor_async.py
[2024-03-19T09:48:08.941+0000] {logging_mixin.py:188} INFO - [2024-03-19T09:48:08.941+0000] {dag.py:3047} INFO - Sync 1 DAGs
[2024-03-19T09:48:08.958+0000] {logging_mixin.py:188} INFO - [2024-03-19T09:48:08.958+0000] {dag.py:3834} INFO - Setting next_dagrun for example_time_delta_sensor_async to None, run_after=None
[2024-03-19T09:48:08.998+0000] {processor.py:183} INFO - Processing /home/airflow/.local/lib/python3.8/site-packages/airflow/example_dags/example_time_delta_sensor_async.py took 0.104 seconds
[2024-03-19T09:48:39.242+0000] {processor.py:161} INFO - Started process (PID=23214) to work on /home/airflow/.local/lib/python3.8/site-packages/airflow/example_dags/example_time_delta_sensor_async.py
[2024-03-19T09:48:39.244+0000] {processor.py:830} INFO - Processing file /home/airflow/.local/lib/python3.8/site-packages/airflow/example_dags/example_time_delta_sensor_async.py for tasks to queue
[2024-03-19T09:48:39.246+0000] {logging_mixin.py:188} INFO - [2024-03-19T09:48:39.246+0000] {dagbag.py:540} INFO - Filling up the DagBag from /home/airflow/.local/lib/python3.8/site-packages/airflow/example_dags/example_time_delta_sensor_async.py
[2024-03-19T09:48:39.263+0000] {processor.py:840} INFO - DAG(s) 'example_time_delta_sensor_async' retrieved from /home/airflow/.local/lib/python3.8/site-packages/airflow/example_dags/example_time_delta_sensor_async.py
[2024-03-19T09:48:39.334+0000] {logging_mixin.py:188} INFO - [2024-03-19T09:48:39.333+0000] {dag.py:3047} INFO - Sync 1 DAGs
[2024-03-19T09:48:39.366+0000] {logging_mixin.py:188} INFO - [2024-03-19T09:48:39.365+0000] {dag.py:3834} INFO - Setting next_dagrun for example_time_delta_sensor_async to None, run_after=None
[2024-03-19T09:48:39.396+0000] {processor.py:183} INFO - Processing /home/airflow/.local/lib/python3.8/site-packages/airflow/example_dags/example_time_delta_sensor_async.py took 0.164 seconds
[2024-03-19T09:49:09.549+0000] {processor.py:161} INFO - Started process (PID=23269) to work on /home/airflow/.local/lib/python3.8/site-packages/airflow/example_dags/example_time_delta_sensor_async.py
[2024-03-19T09:49:09.551+0000] {processor.py:830} INFO - Processing file /home/airflow/.local/lib/python3.8/site-packages/airflow/example_dags/example_time_delta_sensor_async.py for tasks to queue
[2024-03-19T09:49:09.553+0000] {logging_mixin.py:188} INFO - [2024-03-19T09:49:09.553+0000] {dagbag.py:540} INFO - Filling up the DagBag from /home/airflow/.local/lib/python3.8/site-packages/airflow/example_dags/example_time_delta_sensor_async.py
[2024-03-19T09:49:09.563+0000] {processor.py:840} INFO - DAG(s) 'example_time_delta_sensor_async' retrieved from /home/airflow/.local/lib/python3.8/site-packages/airflow/example_dags/example_time_delta_sensor_async.py
[2024-03-19T09:49:09.603+0000] {logging_mixin.py:188} INFO - [2024-03-19T09:49:09.602+0000] {dag.py:3047} INFO - Sync 1 DAGs
[2024-03-19T09:49:09.625+0000] {logging_mixin.py:188} INFO - [2024-03-19T09:49:09.624+0000] {dag.py:3834} INFO - Setting next_dagrun for example_time_delta_sensor_async to None, run_after=None
[2024-03-19T09:49:09.653+0000] {processor.py:183} INFO - Processing /home/airflow/.local/lib/python3.8/site-packages/airflow/example_dags/example_time_delta_sensor_async.py took 0.111 seconds
[2024-03-19T09:49:40.100+0000] {processor.py:161} INFO - Started process (PID=23322) to work on /home/airflow/.local/lib/python3.8/site-packages/airflow/example_dags/example_time_delta_sensor_async.py
[2024-03-19T09:49:40.104+0000] {processor.py:830} INFO - Processing file /home/airflow/.local/lib/python3.8/site-packages/airflow/example_dags/example_time_delta_sensor_async.py for tasks to queue
[2024-03-19T09:49:40.107+0000] {logging_mixin.py:188} INFO - [2024-03-19T09:49:40.106+0000] {dagbag.py:540} INFO - Filling up the DagBag from /home/airflow/.local/lib/python3.8/site-packages/airflow/example_dags/example_time_delta_sensor_async.py
[2024-03-19T09:49:40.116+0000] {processor.py:840} INFO - DAG(s) 'example_time_delta_sensor_async' retrieved from /home/airflow/.local/lib/python3.8/site-packages/airflow/example_dags/example_time_delta_sensor_async.py
[2024-03-19T09:49:40.159+0000] {logging_mixin.py:188} INFO - [2024-03-19T09:49:40.158+0000] {dag.py:3047} INFO - Sync 1 DAGs
[2024-03-19T09:49:40.192+0000] {logging_mixin.py:188} INFO - [2024-03-19T09:49:40.191+0000] {dag.py:3834} INFO - Setting next_dagrun for example_time_delta_sensor_async to None, run_after=None
[2024-03-19T09:49:40.272+0000] {processor.py:183} INFO - Processing /home/airflow/.local/lib/python3.8/site-packages/airflow/example_dags/example_time_delta_sensor_async.py took 0.178 seconds
[2024-03-19T09:50:10.992+0000] {processor.py:161} INFO - Started process (PID=23376) to work on /home/airflow/.local/lib/python3.8/site-packages/airflow/example_dags/example_time_delta_sensor_async.py
[2024-03-19T09:50:10.994+0000] {processor.py:830} INFO - Processing file /home/airflow/.local/lib/python3.8/site-packages/airflow/example_dags/example_time_delta_sensor_async.py for tasks to queue
[2024-03-19T09:50:10.996+0000] {logging_mixin.py:188} INFO - [2024-03-19T09:50:10.995+0000] {dagbag.py:540} INFO - Filling up the DagBag from /home/airflow/.local/lib/python3.8/site-packages/airflow/example_dags/example_time_delta_sensor_async.py
[2024-03-19T09:50:11.007+0000] {processor.py:840} INFO - DAG(s) 'example_time_delta_sensor_async' retrieved from /home/airflow/.local/lib/python3.8/site-packages/airflow/example_dags/example_time_delta_sensor_async.py
[2024-03-19T09:50:11.042+0000] {logging_mixin.py:188} INFO - [2024-03-19T09:50:11.042+0000] {dag.py:3047} INFO - Sync 1 DAGs
[2024-03-19T09:50:11.068+0000] {logging_mixin.py:188} INFO - [2024-03-19T09:50:11.067+0000] {dag.py:3834} INFO - Setting next_dagrun for example_time_delta_sensor_async to None, run_after=None
[2024-03-19T09:50:11.101+0000] {processor.py:183} INFO - Processing /home/airflow/.local/lib/python3.8/site-packages/airflow/example_dags/example_time_delta_sensor_async.py took 0.114 seconds
[2024-03-19T09:50:43.621+0000] {processor.py:161} INFO - Started process (PID=23431) to work on /home/airflow/.local/lib/python3.8/site-packages/airflow/example_dags/example_time_delta_sensor_async.py
[2024-03-19T09:50:43.626+0000] {processor.py:830} INFO - Processing file /home/airflow/.local/lib/python3.8/site-packages/airflow/example_dags/example_time_delta_sensor_async.py for tasks to queue
[2024-03-19T09:50:43.639+0000] {logging_mixin.py:188} INFO - [2024-03-19T09:50:43.638+0000] {dagbag.py:540} INFO - Filling up the DagBag from /home/airflow/.local/lib/python3.8/site-packages/airflow/example_dags/example_time_delta_sensor_async.py
[2024-03-19T09:50:43.724+0000] {processor.py:840} INFO - DAG(s) 'example_time_delta_sensor_async' retrieved from /home/airflow/.local/lib/python3.8/site-packages/airflow/example_dags/example_time_delta_sensor_async.py
[2024-03-19T09:50:44.204+0000] {logging_mixin.py:188} INFO - [2024-03-19T09:50:44.203+0000] {dag.py:3047} INFO - Sync 1 DAGs
[2024-03-19T09:50:44.319+0000] {logging_mixin.py:188} INFO - [2024-03-19T09:50:44.311+0000] {dag.py:3834} INFO - Setting next_dagrun for example_time_delta_sensor_async to None, run_after=None
[2024-03-19T09:50:44.473+0000] {processor.py:183} INFO - Processing /home/airflow/.local/lib/python3.8/site-packages/airflow/example_dags/example_time_delta_sensor_async.py took 0.867 seconds
[2024-03-19T09:51:14.634+0000] {processor.py:161} INFO - Started process (PID=23487) to work on /home/airflow/.local/lib/python3.8/site-packages/airflow/example_dags/example_time_delta_sensor_async.py
[2024-03-19T09:51:14.636+0000] {processor.py:830} INFO - Processing file /home/airflow/.local/lib/python3.8/site-packages/airflow/example_dags/example_time_delta_sensor_async.py for tasks to queue
[2024-03-19T09:51:14.638+0000] {logging_mixin.py:188} INFO - [2024-03-19T09:51:14.638+0000] {dagbag.py:540} INFO - Filling up the DagBag from /home/airflow/.local/lib/python3.8/site-packages/airflow/example_dags/example_time_delta_sensor_async.py
[2024-03-19T09:51:14.648+0000] {processor.py:840} INFO - DAG(s) 'example_time_delta_sensor_async' retrieved from /home/airflow/.local/lib/python3.8/site-packages/airflow/example_dags/example_time_delta_sensor_async.py
[2024-03-19T09:51:14.676+0000] {logging_mixin.py:188} INFO - [2024-03-19T09:51:14.675+0000] {dag.py:3047} INFO - Sync 1 DAGs
[2024-03-19T09:51:14.695+0000] {logging_mixin.py:188} INFO - [2024-03-19T09:51:14.694+0000] {dag.py:3834} INFO - Setting next_dagrun for example_time_delta_sensor_async to None, run_after=None
[2024-03-19T09:51:14.726+0000] {processor.py:183} INFO - Processing /home/airflow/.local/lib/python3.8/site-packages/airflow/example_dags/example_time_delta_sensor_async.py took 0.100 seconds
[2024-03-19T09:51:44.865+0000] {processor.py:161} INFO - Started process (PID=23542) to work on /home/airflow/.local/lib/python3.8/site-packages/airflow/example_dags/example_time_delta_sensor_async.py
[2024-03-19T09:51:44.867+0000] {processor.py:830} INFO - Processing file /home/airflow/.local/lib/python3.8/site-packages/airflow/example_dags/example_time_delta_sensor_async.py for tasks to queue
[2024-03-19T09:51:44.868+0000] {logging_mixin.py:188} INFO - [2024-03-19T09:51:44.868+0000] {dagbag.py:540} INFO - Filling up the DagBag from /home/airflow/.local/lib/python3.8/site-packages/airflow/example_dags/example_time_delta_sensor_async.py
[2024-03-19T09:51:44.875+0000] {processor.py:840} INFO - DAG(s) 'example_time_delta_sensor_async' retrieved from /home/airflow/.local/lib/python3.8/site-packages/airflow/example_dags/example_time_delta_sensor_async.py
[2024-03-19T09:51:44.903+0000] {logging_mixin.py:188} INFO - [2024-03-19T09:51:44.903+0000] {dag.py:3047} INFO - Sync 1 DAGs
[2024-03-19T09:51:44.921+0000] {logging_mixin.py:188} INFO - [2024-03-19T09:51:44.921+0000] {dag.py:3834} INFO - Setting next_dagrun for example_time_delta_sensor_async to None, run_after=None
[2024-03-19T09:51:44.950+0000] {processor.py:183} INFO - Processing /home/airflow/.local/lib/python3.8/site-packages/airflow/example_dags/example_time_delta_sensor_async.py took 0.092 seconds
[2024-03-19T09:52:15.305+0000] {processor.py:161} INFO - Started process (PID=23597) to work on /home/airflow/.local/lib/python3.8/site-packages/airflow/example_dags/example_time_delta_sensor_async.py
[2024-03-19T09:52:15.307+0000] {processor.py:830} INFO - Processing file /home/airflow/.local/lib/python3.8/site-packages/airflow/example_dags/example_time_delta_sensor_async.py for tasks to queue
[2024-03-19T09:52:15.308+0000] {logging_mixin.py:188} INFO - [2024-03-19T09:52:15.307+0000] {dagbag.py:540} INFO - Filling up the DagBag from /home/airflow/.local/lib/python3.8/site-packages/airflow/example_dags/example_time_delta_sensor_async.py
[2024-03-19T09:52:15.314+0000] {processor.py:840} INFO - DAG(s) 'example_time_delta_sensor_async' retrieved from /home/airflow/.local/lib/python3.8/site-packages/airflow/example_dags/example_time_delta_sensor_async.py
[2024-03-19T09:52:15.339+0000] {logging_mixin.py:188} INFO - [2024-03-19T09:52:15.338+0000] {dag.py:3047} INFO - Sync 1 DAGs
[2024-03-19T09:52:15.354+0000] {logging_mixin.py:188} INFO - [2024-03-19T09:52:15.354+0000] {dag.py:3834} INFO - Setting next_dagrun for example_time_delta_sensor_async to None, run_after=None
[2024-03-19T09:52:15.377+0000] {processor.py:183} INFO - Processing /home/airflow/.local/lib/python3.8/site-packages/airflow/example_dags/example_time_delta_sensor_async.py took 0.077 seconds
[2024-03-19T09:52:49.003+0000] {processor.py:161} INFO - Started process (PID=23649) to work on /home/airflow/.local/lib/python3.8/site-packages/airflow/example_dags/example_time_delta_sensor_async.py
[2024-03-19T09:52:49.007+0000] {processor.py:830} INFO - Processing file /home/airflow/.local/lib/python3.8/site-packages/airflow/example_dags/example_time_delta_sensor_async.py for tasks to queue
[2024-03-19T09:52:49.014+0000] {logging_mixin.py:188} INFO - [2024-03-19T09:52:49.013+0000] {dagbag.py:540} INFO - Filling up the DagBag from /home/airflow/.local/lib/python3.8/site-packages/airflow/example_dags/example_time_delta_sensor_async.py
[2024-03-19T09:52:49.042+0000] {processor.py:840} INFO - DAG(s) 'example_time_delta_sensor_async' retrieved from /home/airflow/.local/lib/python3.8/site-packages/airflow/example_dags/example_time_delta_sensor_async.py
[2024-03-19T09:52:49.111+0000] {logging_mixin.py:188} INFO - [2024-03-19T09:52:49.111+0000] {dag.py:3047} INFO - Sync 1 DAGs
[2024-03-19T09:52:49.145+0000] {logging_mixin.py:188} INFO - [2024-03-19T09:52:49.144+0000] {dag.py:3834} INFO - Setting next_dagrun for example_time_delta_sensor_async to None, run_after=None
[2024-03-19T09:52:49.198+0000] {processor.py:183} INFO - Processing /home/airflow/.local/lib/python3.8/site-packages/airflow/example_dags/example_time_delta_sensor_async.py took 0.204 seconds
[2024-03-19T09:53:19.402+0000] {processor.py:161} INFO - Started process (PID=23703) to work on /home/airflow/.local/lib/python3.8/site-packages/airflow/example_dags/example_time_delta_sensor_async.py
[2024-03-19T09:53:19.404+0000] {processor.py:830} INFO - Processing file /home/airflow/.local/lib/python3.8/site-packages/airflow/example_dags/example_time_delta_sensor_async.py for tasks to queue
[2024-03-19T09:53:19.406+0000] {logging_mixin.py:188} INFO - [2024-03-19T09:53:19.406+0000] {dagbag.py:540} INFO - Filling up the DagBag from /home/airflow/.local/lib/python3.8/site-packages/airflow/example_dags/example_time_delta_sensor_async.py
[2024-03-19T09:53:19.415+0000] {processor.py:840} INFO - DAG(s) 'example_time_delta_sensor_async' retrieved from /home/airflow/.local/lib/python3.8/site-packages/airflow/example_dags/example_time_delta_sensor_async.py
[2024-03-19T09:53:19.449+0000] {logging_mixin.py:188} INFO - [2024-03-19T09:53:19.449+0000] {dag.py:3047} INFO - Sync 1 DAGs
[2024-03-19T09:53:19.469+0000] {logging_mixin.py:188} INFO - [2024-03-19T09:53:19.469+0000] {dag.py:3834} INFO - Setting next_dagrun for example_time_delta_sensor_async to None, run_after=None
[2024-03-19T09:53:19.505+0000] {processor.py:183} INFO - Processing /home/airflow/.local/lib/python3.8/site-packages/airflow/example_dags/example_time_delta_sensor_async.py took 0.108 seconds
[2024-03-19T09:53:49.910+0000] {processor.py:161} INFO - Started process (PID=23757) to work on /home/airflow/.local/lib/python3.8/site-packages/airflow/example_dags/example_time_delta_sensor_async.py
[2024-03-19T09:53:49.913+0000] {processor.py:830} INFO - Processing file /home/airflow/.local/lib/python3.8/site-packages/airflow/example_dags/example_time_delta_sensor_async.py for tasks to queue
[2024-03-19T09:53:49.916+0000] {logging_mixin.py:188} INFO - [2024-03-19T09:53:49.915+0000] {dagbag.py:540} INFO - Filling up the DagBag from /home/airflow/.local/lib/python3.8/site-packages/airflow/example_dags/example_time_delta_sensor_async.py
[2024-03-19T09:53:49.924+0000] {processor.py:840} INFO - DAG(s) 'example_time_delta_sensor_async' retrieved from /home/airflow/.local/lib/python3.8/site-packages/airflow/example_dags/example_time_delta_sensor_async.py
[2024-03-19T09:53:49.968+0000] {logging_mixin.py:188} INFO - [2024-03-19T09:53:49.968+0000] {dag.py:3047} INFO - Sync 1 DAGs
[2024-03-19T09:53:49.991+0000] {logging_mixin.py:188} INFO - [2024-03-19T09:53:49.990+0000] {dag.py:3834} INFO - Setting next_dagrun for example_time_delta_sensor_async to None, run_after=None
[2024-03-19T09:53:50.033+0000] {processor.py:183} INFO - Processing /home/airflow/.local/lib/python3.8/site-packages/airflow/example_dags/example_time_delta_sensor_async.py took 0.129 seconds
[2024-03-19T09:54:20.432+0000] {processor.py:161} INFO - Started process (PID=23813) to work on /home/airflow/.local/lib/python3.8/site-packages/airflow/example_dags/example_time_delta_sensor_async.py
[2024-03-19T09:54:20.437+0000] {processor.py:830} INFO - Processing file /home/airflow/.local/lib/python3.8/site-packages/airflow/example_dags/example_time_delta_sensor_async.py for tasks to queue
[2024-03-19T09:54:20.441+0000] {logging_mixin.py:188} INFO - [2024-03-19T09:54:20.439+0000] {dagbag.py:540} INFO - Filling up the DagBag from /home/airflow/.local/lib/python3.8/site-packages/airflow/example_dags/example_time_delta_sensor_async.py
[2024-03-19T09:54:20.459+0000] {processor.py:840} INFO - DAG(s) 'example_time_delta_sensor_async' retrieved from /home/airflow/.local/lib/python3.8/site-packages/airflow/example_dags/example_time_delta_sensor_async.py
[2024-03-19T09:54:20.520+0000] {logging_mixin.py:188} INFO - [2024-03-19T09:54:20.520+0000] {dag.py:3047} INFO - Sync 1 DAGs
[2024-03-19T09:54:20.567+0000] {logging_mixin.py:188} INFO - [2024-03-19T09:54:20.566+0000] {dag.py:3834} INFO - Setting next_dagrun for example_time_delta_sensor_async to None, run_after=None
[2024-03-19T09:54:20.629+0000] {processor.py:183} INFO - Processing /home/airflow/.local/lib/python3.8/site-packages/airflow/example_dags/example_time_delta_sensor_async.py took 0.213 seconds
[2024-03-19T09:54:50.710+0000] {processor.py:161} INFO - Started process (PID=23868) to work on /home/airflow/.local/lib/python3.8/site-packages/airflow/example_dags/example_time_delta_sensor_async.py
[2024-03-19T09:54:50.711+0000] {processor.py:830} INFO - Processing file /home/airflow/.local/lib/python3.8/site-packages/airflow/example_dags/example_time_delta_sensor_async.py for tasks to queue
[2024-03-19T09:54:50.713+0000] {logging_mixin.py:188} INFO - [2024-03-19T09:54:50.713+0000] {dagbag.py:540} INFO - Filling up the DagBag from /home/airflow/.local/lib/python3.8/site-packages/airflow/example_dags/example_time_delta_sensor_async.py
[2024-03-19T09:54:50.720+0000] {processor.py:840} INFO - DAG(s) 'example_time_delta_sensor_async' retrieved from /home/airflow/.local/lib/python3.8/site-packages/airflow/example_dags/example_time_delta_sensor_async.py
[2024-03-19T09:54:50.746+0000] {logging_mixin.py:188} INFO - [2024-03-19T09:54:50.746+0000] {dag.py:3047} INFO - Sync 1 DAGs
[2024-03-19T09:54:50.763+0000] {logging_mixin.py:188} INFO - [2024-03-19T09:54:50.763+0000] {dag.py:3834} INFO - Setting next_dagrun for example_time_delta_sensor_async to None, run_after=None
[2024-03-19T09:54:50.789+0000] {processor.py:183} INFO - Processing /home/airflow/.local/lib/python3.8/site-packages/airflow/example_dags/example_time_delta_sensor_async.py took 0.083 seconds
[2024-03-19T09:55:21.423+0000] {processor.py:161} INFO - Started process (PID=23923) to work on /home/airflow/.local/lib/python3.8/site-packages/airflow/example_dags/example_time_delta_sensor_async.py
[2024-03-19T09:55:21.425+0000] {processor.py:830} INFO - Processing file /home/airflow/.local/lib/python3.8/site-packages/airflow/example_dags/example_time_delta_sensor_async.py for tasks to queue
[2024-03-19T09:55:21.426+0000] {logging_mixin.py:188} INFO - [2024-03-19T09:55:21.426+0000] {dagbag.py:540} INFO - Filling up the DagBag from /home/airflow/.local/lib/python3.8/site-packages/airflow/example_dags/example_time_delta_sensor_async.py
[2024-03-19T09:55:21.432+0000] {processor.py:840} INFO - DAG(s) 'example_time_delta_sensor_async' retrieved from /home/airflow/.local/lib/python3.8/site-packages/airflow/example_dags/example_time_delta_sensor_async.py
[2024-03-19T09:55:21.457+0000] {logging_mixin.py:188} INFO - [2024-03-19T09:55:21.457+0000] {dag.py:3047} INFO - Sync 1 DAGs
[2024-03-19T09:55:21.473+0000] {logging_mixin.py:188} INFO - [2024-03-19T09:55:21.472+0000] {dag.py:3834} INFO - Setting next_dagrun for example_time_delta_sensor_async to None, run_after=None
[2024-03-19T09:55:21.497+0000] {processor.py:183} INFO - Processing /home/airflow/.local/lib/python3.8/site-packages/airflow/example_dags/example_time_delta_sensor_async.py took 0.078 seconds
[2024-03-19T09:55:51.891+0000] {processor.py:161} INFO - Started process (PID=23975) to work on /home/airflow/.local/lib/python3.8/site-packages/airflow/example_dags/example_time_delta_sensor_async.py
[2024-03-19T09:55:51.893+0000] {processor.py:830} INFO - Processing file /home/airflow/.local/lib/python3.8/site-packages/airflow/example_dags/example_time_delta_sensor_async.py for tasks to queue
[2024-03-19T09:55:51.896+0000] {logging_mixin.py:188} INFO - [2024-03-19T09:55:51.895+0000] {dagbag.py:540} INFO - Filling up the DagBag from /home/airflow/.local/lib/python3.8/site-packages/airflow/example_dags/example_time_delta_sensor_async.py
[2024-03-19T09:55:51.912+0000] {processor.py:840} INFO - DAG(s) 'example_time_delta_sensor_async' retrieved from /home/airflow/.local/lib/python3.8/site-packages/airflow/example_dags/example_time_delta_sensor_async.py
[2024-03-19T09:55:51.964+0000] {logging_mixin.py:188} INFO - [2024-03-19T09:55:51.963+0000] {dag.py:3047} INFO - Sync 1 DAGs
[2024-03-19T09:55:51.988+0000] {logging_mixin.py:188} INFO - [2024-03-19T09:55:51.988+0000] {dag.py:3834} INFO - Setting next_dagrun for example_time_delta_sensor_async to None, run_after=None
[2024-03-19T09:55:52.031+0000] {processor.py:183} INFO - Processing /home/airflow/.local/lib/python3.8/site-packages/airflow/example_dags/example_time_delta_sensor_async.py took 0.144 seconds
[2024-03-19T09:56:22.086+0000] {processor.py:161} INFO - Started process (PID=24029) to work on /home/airflow/.local/lib/python3.8/site-packages/airflow/example_dags/example_time_delta_sensor_async.py
[2024-03-19T09:56:22.088+0000] {processor.py:830} INFO - Processing file /home/airflow/.local/lib/python3.8/site-packages/airflow/example_dags/example_time_delta_sensor_async.py for tasks to queue
[2024-03-19T09:56:22.090+0000] {logging_mixin.py:188} INFO - [2024-03-19T09:56:22.089+0000] {dagbag.py:540} INFO - Filling up the DagBag from /home/airflow/.local/lib/python3.8/site-packages/airflow/example_dags/example_time_delta_sensor_async.py
[2024-03-19T09:56:22.097+0000] {processor.py:840} INFO - DAG(s) 'example_time_delta_sensor_async' retrieved from /home/airflow/.local/lib/python3.8/site-packages/airflow/example_dags/example_time_delta_sensor_async.py
[2024-03-19T09:56:22.127+0000] {logging_mixin.py:188} INFO - [2024-03-19T09:56:22.127+0000] {dag.py:3047} INFO - Sync 1 DAGs
[2024-03-19T09:56:22.144+0000] {logging_mixin.py:188} INFO - [2024-03-19T09:56:22.143+0000] {dag.py:3834} INFO - Setting next_dagrun for example_time_delta_sensor_async to None, run_after=None
[2024-03-19T09:56:22.171+0000] {processor.py:183} INFO - Processing /home/airflow/.local/lib/python3.8/site-packages/airflow/example_dags/example_time_delta_sensor_async.py took 0.090 seconds
[2024-03-19T09:56:53.421+0000] {processor.py:161} INFO - Started process (PID=24084) to work on /home/airflow/.local/lib/python3.8/site-packages/airflow/example_dags/example_time_delta_sensor_async.py
[2024-03-19T09:56:53.424+0000] {processor.py:830} INFO - Processing file /home/airflow/.local/lib/python3.8/site-packages/airflow/example_dags/example_time_delta_sensor_async.py for tasks to queue
[2024-03-19T09:56:53.426+0000] {logging_mixin.py:188} INFO - [2024-03-19T09:56:53.425+0000] {dagbag.py:540} INFO - Filling up the DagBag from /home/airflow/.local/lib/python3.8/site-packages/airflow/example_dags/example_time_delta_sensor_async.py
[2024-03-19T09:56:53.435+0000] {processor.py:840} INFO - DAG(s) 'example_time_delta_sensor_async' retrieved from /home/airflow/.local/lib/python3.8/site-packages/airflow/example_dags/example_time_delta_sensor_async.py
[2024-03-19T09:56:53.477+0000] {logging_mixin.py:188} INFO - [2024-03-19T09:56:53.477+0000] {dag.py:3047} INFO - Sync 1 DAGs
[2024-03-19T09:56:53.503+0000] {logging_mixin.py:188} INFO - [2024-03-19T09:56:53.502+0000] {dag.py:3834} INFO - Setting next_dagrun for example_time_delta_sensor_async to None, run_after=None
[2024-03-19T09:56:53.541+0000] {processor.py:183} INFO - Processing /home/airflow/.local/lib/python3.8/site-packages/airflow/example_dags/example_time_delta_sensor_async.py took 0.128 seconds
