[2024-03-19T09:44:31.341+0000] {processor.py:161} INFO - Started process (PID=22810) to work on /home/airflow/.local/lib/python3.8/site-packages/airflow/example_dags/example_external_task_marker_dag.py
[2024-03-19T09:44:31.343+0000] {processor.py:830} INFO - Processing file /home/airflow/.local/lib/python3.8/site-packages/airflow/example_dags/example_external_task_marker_dag.py for tasks to queue
[2024-03-19T09:44:31.345+0000] {logging_mixin.py:188} INFO - [2024-03-19T09:44:31.345+0000] {dagbag.py:540} INFO - Filling up the DagBag from /home/airflow/.local/lib/python3.8/site-packages/airflow/example_dags/example_external_task_marker_dag.py
[2024-03-19T09:44:31.357+0000] {processor.py:840} INFO - DAG(s) 'example_external_task_marker_parent', 'example_external_task_marker_child' retrieved from /home/airflow/.local/lib/python3.8/site-packages/airflow/example_dags/example_external_task_marker_dag.py
[2024-03-19T09:44:31.411+0000] {logging_mixin.py:188} INFO - [2024-03-19T09:44:31.411+0000] {dag.py:3047} INFO - Sync 2 DAGs
[2024-03-19T09:44:31.439+0000] {logging_mixin.py:188} INFO - [2024-03-19T09:44:31.438+0000] {dag.py:3834} INFO - Setting next_dagrun for example_external_task_marker_child to None, run_after=None
[2024-03-19T09:44:31.447+0000] {logging_mixin.py:188} INFO - [2024-03-19T09:44:31.447+0000] {dag.py:3834} INFO - Setting next_dagrun for example_external_task_marker_parent to None, run_after=None
[2024-03-19T09:44:31.498+0000] {processor.py:183} INFO - Processing /home/airflow/.local/lib/python3.8/site-packages/airflow/example_dags/example_external_task_marker_dag.py took 0.163 seconds
[2024-03-19T09:45:01.562+0000] {processor.py:161} INFO - Started process (PID=22864) to work on /home/airflow/.local/lib/python3.8/site-packages/airflow/example_dags/example_external_task_marker_dag.py
[2024-03-19T09:45:01.563+0000] {processor.py:830} INFO - Processing file /home/airflow/.local/lib/python3.8/site-packages/airflow/example_dags/example_external_task_marker_dag.py for tasks to queue
[2024-03-19T09:45:01.565+0000] {logging_mixin.py:188} INFO - [2024-03-19T09:45:01.565+0000] {dagbag.py:540} INFO - Filling up the DagBag from /home/airflow/.local/lib/python3.8/site-packages/airflow/example_dags/example_external_task_marker_dag.py
[2024-03-19T09:45:01.573+0000] {processor.py:840} INFO - DAG(s) 'example_external_task_marker_child', 'example_external_task_marker_parent' retrieved from /home/airflow/.local/lib/python3.8/site-packages/airflow/example_dags/example_external_task_marker_dag.py
[2024-03-19T09:45:01.601+0000] {logging_mixin.py:188} INFO - [2024-03-19T09:45:01.601+0000] {dag.py:3047} INFO - Sync 2 DAGs
[2024-03-19T09:45:01.618+0000] {logging_mixin.py:188} INFO - [2024-03-19T09:45:01.617+0000] {dag.py:3834} INFO - Setting next_dagrun for example_external_task_marker_child to None, run_after=None
[2024-03-19T09:45:01.622+0000] {logging_mixin.py:188} INFO - [2024-03-19T09:45:01.622+0000] {dag.py:3834} INFO - Setting next_dagrun for example_external_task_marker_parent to None, run_after=None
[2024-03-19T09:45:01.643+0000] {processor.py:183} INFO - Processing /home/airflow/.local/lib/python3.8/site-packages/airflow/example_dags/example_external_task_marker_dag.py took 0.085 seconds
[2024-03-19T09:45:48.868+0000] {processor.py:161} INFO - Started process (PID=22920) to work on /home/airflow/.local/lib/python3.8/site-packages/airflow/example_dags/example_external_task_marker_dag.py
[2024-03-19T09:45:48.874+0000] {processor.py:830} INFO - Processing file /home/airflow/.local/lib/python3.8/site-packages/airflow/example_dags/example_external_task_marker_dag.py for tasks to queue
[2024-03-19T09:45:48.877+0000] {logging_mixin.py:188} INFO - [2024-03-19T09:45:48.876+0000] {dagbag.py:540} INFO - Filling up the DagBag from /home/airflow/.local/lib/python3.8/site-packages/airflow/example_dags/example_external_task_marker_dag.py
[2024-03-19T09:45:48.917+0000] {processor.py:840} INFO - DAG(s) 'example_external_task_marker_child', 'example_external_task_marker_parent' retrieved from /home/airflow/.local/lib/python3.8/site-packages/airflow/example_dags/example_external_task_marker_dag.py
[2024-03-19T09:45:49.020+0000] {logging_mixin.py:188} INFO - [2024-03-19T09:45:49.019+0000] {dag.py:3047} INFO - Sync 2 DAGs
[2024-03-19T09:45:49.086+0000] {logging_mixin.py:188} INFO - [2024-03-19T09:45:49.085+0000] {dag.py:3834} INFO - Setting next_dagrun for example_external_task_marker_child to None, run_after=None
[2024-03-19T09:45:49.096+0000] {logging_mixin.py:188} INFO - [2024-03-19T09:45:49.096+0000] {dag.py:3834} INFO - Setting next_dagrun for example_external_task_marker_parent to None, run_after=None
[2024-03-19T09:45:49.143+0000] {processor.py:183} INFO - Processing /home/airflow/.local/lib/python3.8/site-packages/airflow/example_dags/example_external_task_marker_dag.py took 0.284 seconds
[2024-03-19T09:46:21.120+0000] {processor.py:161} INFO - Started process (PID=22975) to work on /home/airflow/.local/lib/python3.8/site-packages/airflow/example_dags/example_external_task_marker_dag.py
[2024-03-19T09:46:21.124+0000] {processor.py:830} INFO - Processing file /home/airflow/.local/lib/python3.8/site-packages/airflow/example_dags/example_external_task_marker_dag.py for tasks to queue
[2024-03-19T09:46:21.126+0000] {logging_mixin.py:188} INFO - [2024-03-19T09:46:21.126+0000] {dagbag.py:540} INFO - Filling up the DagBag from /home/airflow/.local/lib/python3.8/site-packages/airflow/example_dags/example_external_task_marker_dag.py
[2024-03-19T09:46:21.142+0000] {processor.py:840} INFO - DAG(s) 'example_external_task_marker_child', 'example_external_task_marker_parent' retrieved from /home/airflow/.local/lib/python3.8/site-packages/airflow/example_dags/example_external_task_marker_dag.py
[2024-03-19T09:46:21.222+0000] {logging_mixin.py:188} INFO - [2024-03-19T09:46:21.221+0000] {dag.py:3047} INFO - Sync 2 DAGs
[2024-03-19T09:46:21.354+0000] {logging_mixin.py:188} INFO - [2024-03-19T09:46:21.354+0000] {dag.py:3834} INFO - Setting next_dagrun for example_external_task_marker_child to None, run_after=None
[2024-03-19T09:46:21.371+0000] {logging_mixin.py:188} INFO - [2024-03-19T09:46:21.370+0000] {dag.py:3834} INFO - Setting next_dagrun for example_external_task_marker_parent to None, run_after=None
[2024-03-19T09:46:21.455+0000] {processor.py:183} INFO - Processing /home/airflow/.local/lib/python3.8/site-packages/airflow/example_dags/example_external_task_marker_dag.py took 0.359 seconds
[2024-03-19T09:46:52.260+0000] {processor.py:161} INFO - Started process (PID=23030) to work on /home/airflow/.local/lib/python3.8/site-packages/airflow/example_dags/example_external_task_marker_dag.py
[2024-03-19T09:46:52.262+0000] {processor.py:830} INFO - Processing file /home/airflow/.local/lib/python3.8/site-packages/airflow/example_dags/example_external_task_marker_dag.py for tasks to queue
[2024-03-19T09:46:52.265+0000] {logging_mixin.py:188} INFO - [2024-03-19T09:46:52.264+0000] {dagbag.py:540} INFO - Filling up the DagBag from /home/airflow/.local/lib/python3.8/site-packages/airflow/example_dags/example_external_task_marker_dag.py
[2024-03-19T09:46:52.276+0000] {processor.py:840} INFO - DAG(s) 'example_external_task_marker_child', 'example_external_task_marker_parent' retrieved from /home/airflow/.local/lib/python3.8/site-packages/airflow/example_dags/example_external_task_marker_dag.py
[2024-03-19T09:46:52.327+0000] {logging_mixin.py:188} INFO - [2024-03-19T09:46:52.327+0000] {dag.py:3047} INFO - Sync 2 DAGs
[2024-03-19T09:46:52.350+0000] {logging_mixin.py:188} INFO - [2024-03-19T09:46:52.350+0000] {dag.py:3834} INFO - Setting next_dagrun for example_external_task_marker_child to None, run_after=None
[2024-03-19T09:46:52.356+0000] {logging_mixin.py:188} INFO - [2024-03-19T09:46:52.355+0000] {dag.py:3834} INFO - Setting next_dagrun for example_external_task_marker_parent to None, run_after=None
[2024-03-19T09:46:52.389+0000] {processor.py:183} INFO - Processing /home/airflow/.local/lib/python3.8/site-packages/airflow/example_dags/example_external_task_marker_dag.py took 0.134 seconds
[2024-03-19T09:47:22.489+0000] {processor.py:161} INFO - Started process (PID=23083) to work on /home/airflow/.local/lib/python3.8/site-packages/airflow/example_dags/example_external_task_marker_dag.py
[2024-03-19T09:47:22.491+0000] {processor.py:830} INFO - Processing file /home/airflow/.local/lib/python3.8/site-packages/airflow/example_dags/example_external_task_marker_dag.py for tasks to queue
[2024-03-19T09:47:22.493+0000] {logging_mixin.py:188} INFO - [2024-03-19T09:47:22.493+0000] {dagbag.py:540} INFO - Filling up the DagBag from /home/airflow/.local/lib/python3.8/site-packages/airflow/example_dags/example_external_task_marker_dag.py
[2024-03-19T09:47:22.505+0000] {processor.py:840} INFO - DAG(s) 'example_external_task_marker_parent', 'example_external_task_marker_child' retrieved from /home/airflow/.local/lib/python3.8/site-packages/airflow/example_dags/example_external_task_marker_dag.py
[2024-03-19T09:47:22.553+0000] {logging_mixin.py:188} INFO - [2024-03-19T09:47:22.553+0000] {dag.py:3047} INFO - Sync 2 DAGs
[2024-03-19T09:47:22.577+0000] {logging_mixin.py:188} INFO - [2024-03-19T09:47:22.576+0000] {dag.py:3834} INFO - Setting next_dagrun for example_external_task_marker_child to None, run_after=None
[2024-03-19T09:47:22.582+0000] {logging_mixin.py:188} INFO - [2024-03-19T09:47:22.582+0000] {dag.py:3834} INFO - Setting next_dagrun for example_external_task_marker_parent to None, run_after=None
[2024-03-19T09:47:22.609+0000] {processor.py:183} INFO - Processing /home/airflow/.local/lib/python3.8/site-packages/airflow/example_dags/example_external_task_marker_dag.py took 0.126 seconds
[2024-03-19T09:47:52.769+0000] {processor.py:161} INFO - Started process (PID=23137) to work on /home/airflow/.local/lib/python3.8/site-packages/airflow/example_dags/example_external_task_marker_dag.py
[2024-03-19T09:47:52.772+0000] {processor.py:830} INFO - Processing file /home/airflow/.local/lib/python3.8/site-packages/airflow/example_dags/example_external_task_marker_dag.py for tasks to queue
[2024-03-19T09:47:52.774+0000] {logging_mixin.py:188} INFO - [2024-03-19T09:47:52.774+0000] {dagbag.py:540} INFO - Filling up the DagBag from /home/airflow/.local/lib/python3.8/site-packages/airflow/example_dags/example_external_task_marker_dag.py
[2024-03-19T09:47:52.794+0000] {processor.py:840} INFO - DAG(s) 'example_external_task_marker_child', 'example_external_task_marker_parent' retrieved from /home/airflow/.local/lib/python3.8/site-packages/airflow/example_dags/example_external_task_marker_dag.py
[2024-03-19T09:47:52.866+0000] {logging_mixin.py:188} INFO - [2024-03-19T09:47:52.866+0000] {dag.py:3047} INFO - Sync 2 DAGs
[2024-03-19T09:47:52.917+0000] {logging_mixin.py:188} INFO - [2024-03-19T09:47:52.916+0000] {dag.py:3834} INFO - Setting next_dagrun for example_external_task_marker_child to None, run_after=None
[2024-03-19T09:47:52.935+0000] {logging_mixin.py:188} INFO - [2024-03-19T09:47:52.934+0000] {dag.py:3834} INFO - Setting next_dagrun for example_external_task_marker_parent to None, run_after=None
[2024-03-19T09:47:53.011+0000] {processor.py:183} INFO - Processing /home/airflow/.local/lib/python3.8/site-packages/airflow/example_dags/example_external_task_marker_dag.py took 0.254 seconds
[2024-03-19T09:48:23.876+0000] {processor.py:161} INFO - Started process (PID=23192) to work on /home/airflow/.local/lib/python3.8/site-packages/airflow/example_dags/example_external_task_marker_dag.py
[2024-03-19T09:48:23.884+0000] {processor.py:830} INFO - Processing file /home/airflow/.local/lib/python3.8/site-packages/airflow/example_dags/example_external_task_marker_dag.py for tasks to queue
[2024-03-19T09:48:23.886+0000] {logging_mixin.py:188} INFO - [2024-03-19T09:48:23.885+0000] {dagbag.py:540} INFO - Filling up the DagBag from /home/airflow/.local/lib/python3.8/site-packages/airflow/example_dags/example_external_task_marker_dag.py
[2024-03-19T09:48:23.899+0000] {processor.py:840} INFO - DAG(s) 'example_external_task_marker_child', 'example_external_task_marker_parent' retrieved from /home/airflow/.local/lib/python3.8/site-packages/airflow/example_dags/example_external_task_marker_dag.py
[2024-03-19T09:48:23.960+0000] {logging_mixin.py:188} INFO - [2024-03-19T09:48:23.959+0000] {dag.py:3047} INFO - Sync 2 DAGs
[2024-03-19T09:48:23.985+0000] {logging_mixin.py:188} INFO - [2024-03-19T09:48:23.985+0000] {dag.py:3834} INFO - Setting next_dagrun for example_external_task_marker_child to None, run_after=None
[2024-03-19T09:48:23.992+0000] {logging_mixin.py:188} INFO - [2024-03-19T09:48:23.991+0000] {dag.py:3834} INFO - Setting next_dagrun for example_external_task_marker_parent to None, run_after=None
[2024-03-19T09:48:24.044+0000] {processor.py:183} INFO - Processing /home/airflow/.local/lib/python3.8/site-packages/airflow/example_dags/example_external_task_marker_dag.py took 0.175 seconds
[2024-03-19T09:48:57.066+0000] {processor.py:161} INFO - Started process (PID=23247) to work on /home/airflow/.local/lib/python3.8/site-packages/airflow/example_dags/example_external_task_marker_dag.py
[2024-03-19T09:48:57.293+0000] {processor.py:830} INFO - Processing file /home/airflow/.local/lib/python3.8/site-packages/airflow/example_dags/example_external_task_marker_dag.py for tasks to queue
[2024-03-19T09:48:57.501+0000] {logging_mixin.py:188} INFO - [2024-03-19T09:48:57.500+0000] {dagbag.py:540} INFO - Filling up the DagBag from /home/airflow/.local/lib/python3.8/site-packages/airflow/example_dags/example_external_task_marker_dag.py
[2024-03-19T09:48:57.777+0000] {processor.py:840} INFO - DAG(s) 'example_external_task_marker_parent', 'example_external_task_marker_child' retrieved from /home/airflow/.local/lib/python3.8/site-packages/airflow/example_dags/example_external_task_marker_dag.py
[2024-03-19T09:48:58.186+0000] {logging_mixin.py:188} INFO - [2024-03-19T09:48:58.186+0000] {dag.py:3047} INFO - Sync 2 DAGs
[2024-03-19T09:48:58.404+0000] {logging_mixin.py:188} INFO - [2024-03-19T09:48:58.403+0000] {dag.py:3834} INFO - Setting next_dagrun for example_external_task_marker_child to None, run_after=None
[2024-03-19T09:48:58.446+0000] {logging_mixin.py:188} INFO - [2024-03-19T09:48:58.445+0000] {dag.py:3834} INFO - Setting next_dagrun for example_external_task_marker_parent to None, run_after=None
[2024-03-19T09:48:58.678+0000] {processor.py:183} INFO - Processing /home/airflow/.local/lib/python3.8/site-packages/airflow/example_dags/example_external_task_marker_dag.py took 1.674 seconds
[2024-03-19T09:49:29.892+0000] {processor.py:161} INFO - Started process (PID=23304) to work on /home/airflow/.local/lib/python3.8/site-packages/airflow/example_dags/example_external_task_marker_dag.py
[2024-03-19T09:49:29.894+0000] {processor.py:830} INFO - Processing file /home/airflow/.local/lib/python3.8/site-packages/airflow/example_dags/example_external_task_marker_dag.py for tasks to queue
[2024-03-19T09:49:29.896+0000] {logging_mixin.py:188} INFO - [2024-03-19T09:49:29.895+0000] {dagbag.py:540} INFO - Filling up the DagBag from /home/airflow/.local/lib/python3.8/site-packages/airflow/example_dags/example_external_task_marker_dag.py
[2024-03-19T09:49:29.903+0000] {processor.py:840} INFO - DAG(s) 'example_external_task_marker_parent', 'example_external_task_marker_child' retrieved from /home/airflow/.local/lib/python3.8/site-packages/airflow/example_dags/example_external_task_marker_dag.py
[2024-03-19T09:49:29.937+0000] {logging_mixin.py:188} INFO - [2024-03-19T09:49:29.936+0000] {dag.py:3047} INFO - Sync 2 DAGs
[2024-03-19T09:49:29.955+0000] {logging_mixin.py:188} INFO - [2024-03-19T09:49:29.955+0000] {dag.py:3834} INFO - Setting next_dagrun for example_external_task_marker_child to None, run_after=None
[2024-03-19T09:49:29.961+0000] {logging_mixin.py:188} INFO - [2024-03-19T09:49:29.961+0000] {dag.py:3834} INFO - Setting next_dagrun for example_external_task_marker_parent to None, run_after=None
[2024-03-19T09:49:29.984+0000] {processor.py:183} INFO - Processing /home/airflow/.local/lib/python3.8/site-packages/airflow/example_dags/example_external_task_marker_dag.py took 0.097 seconds
[2024-03-19T09:50:01.026+0000] {processor.py:161} INFO - Started process (PID=23359) to work on /home/airflow/.local/lib/python3.8/site-packages/airflow/example_dags/example_external_task_marker_dag.py
[2024-03-19T09:50:01.030+0000] {processor.py:830} INFO - Processing file /home/airflow/.local/lib/python3.8/site-packages/airflow/example_dags/example_external_task_marker_dag.py for tasks to queue
[2024-03-19T09:50:01.037+0000] {logging_mixin.py:188} INFO - [2024-03-19T09:50:01.036+0000] {dagbag.py:540} INFO - Filling up the DagBag from /home/airflow/.local/lib/python3.8/site-packages/airflow/example_dags/example_external_task_marker_dag.py
[2024-03-19T09:50:01.061+0000] {processor.py:840} INFO - DAG(s) 'example_external_task_marker_child', 'example_external_task_marker_parent' retrieved from /home/airflow/.local/lib/python3.8/site-packages/airflow/example_dags/example_external_task_marker_dag.py
[2024-03-19T09:50:01.123+0000] {logging_mixin.py:188} INFO - [2024-03-19T09:50:01.123+0000] {dag.py:3047} INFO - Sync 2 DAGs
[2024-03-19T09:50:01.157+0000] {logging_mixin.py:188} INFO - [2024-03-19T09:50:01.156+0000] {dag.py:3834} INFO - Setting next_dagrun for example_external_task_marker_child to None, run_after=None
[2024-03-19T09:50:01.162+0000] {logging_mixin.py:188} INFO - [2024-03-19T09:50:01.161+0000] {dag.py:3834} INFO - Setting next_dagrun for example_external_task_marker_parent to None, run_after=None
[2024-03-19T09:50:01.211+0000] {processor.py:183} INFO - Processing /home/airflow/.local/lib/python3.8/site-packages/airflow/example_dags/example_external_task_marker_dag.py took 0.205 seconds
[2024-03-19T09:50:32.340+0000] {processor.py:161} INFO - Started process (PID=23414) to work on /home/airflow/.local/lib/python3.8/site-packages/airflow/example_dags/example_external_task_marker_dag.py
[2024-03-19T09:50:32.346+0000] {processor.py:830} INFO - Processing file /home/airflow/.local/lib/python3.8/site-packages/airflow/example_dags/example_external_task_marker_dag.py for tasks to queue
[2024-03-19T09:50:32.349+0000] {logging_mixin.py:188} INFO - [2024-03-19T09:50:32.348+0000] {dagbag.py:540} INFO - Filling up the DagBag from /home/airflow/.local/lib/python3.8/site-packages/airflow/example_dags/example_external_task_marker_dag.py
[2024-03-19T09:50:32.369+0000] {processor.py:840} INFO - DAG(s) 'example_external_task_marker_child', 'example_external_task_marker_parent' retrieved from /home/airflow/.local/lib/python3.8/site-packages/airflow/example_dags/example_external_task_marker_dag.py
[2024-03-19T09:50:32.456+0000] {logging_mixin.py:188} INFO - [2024-03-19T09:50:32.456+0000] {dag.py:3047} INFO - Sync 2 DAGs
[2024-03-19T09:50:32.497+0000] {logging_mixin.py:188} INFO - [2024-03-19T09:50:32.496+0000] {dag.py:3834} INFO - Setting next_dagrun for example_external_task_marker_child to None, run_after=None
[2024-03-19T09:50:32.511+0000] {logging_mixin.py:188} INFO - [2024-03-19T09:50:32.510+0000] {dag.py:3834} INFO - Setting next_dagrun for example_external_task_marker_parent to None, run_after=None
[2024-03-19T09:50:32.598+0000] {processor.py:183} INFO - Processing /home/airflow/.local/lib/python3.8/site-packages/airflow/example_dags/example_external_task_marker_dag.py took 0.265 seconds
[2024-03-19T09:51:07.224+0000] {processor.py:161} INFO - Started process (PID=23470) to work on /home/airflow/.local/lib/python3.8/site-packages/airflow/example_dags/example_external_task_marker_dag.py
[2024-03-19T09:51:07.227+0000] {processor.py:830} INFO - Processing file /home/airflow/.local/lib/python3.8/site-packages/airflow/example_dags/example_external_task_marker_dag.py for tasks to queue
[2024-03-19T09:51:07.230+0000] {logging_mixin.py:188} INFO - [2024-03-19T09:51:07.229+0000] {dagbag.py:540} INFO - Filling up the DagBag from /home/airflow/.local/lib/python3.8/site-packages/airflow/example_dags/example_external_task_marker_dag.py
[2024-03-19T09:51:07.249+0000] {processor.py:840} INFO - DAG(s) 'example_external_task_marker_parent', 'example_external_task_marker_child' retrieved from /home/airflow/.local/lib/python3.8/site-packages/airflow/example_dags/example_external_task_marker_dag.py
[2024-03-19T09:51:07.319+0000] {logging_mixin.py:188} INFO - [2024-03-19T09:51:07.318+0000] {dag.py:3047} INFO - Sync 2 DAGs
[2024-03-19T09:51:07.364+0000] {logging_mixin.py:188} INFO - [2024-03-19T09:51:07.363+0000] {dag.py:3834} INFO - Setting next_dagrun for example_external_task_marker_child to None, run_after=None
[2024-03-19T09:51:07.375+0000] {logging_mixin.py:188} INFO - [2024-03-19T09:51:07.375+0000] {dag.py:3834} INFO - Setting next_dagrun for example_external_task_marker_parent to None, run_after=None
[2024-03-19T09:51:07.418+0000] {processor.py:183} INFO - Processing /home/airflow/.local/lib/python3.8/site-packages/airflow/example_dags/example_external_task_marker_dag.py took 0.203 seconds
[2024-03-19T09:51:38.078+0000] {processor.py:161} INFO - Started process (PID=23525) to work on /home/airflow/.local/lib/python3.8/site-packages/airflow/example_dags/example_external_task_marker_dag.py
[2024-03-19T09:51:38.080+0000] {processor.py:830} INFO - Processing file /home/airflow/.local/lib/python3.8/site-packages/airflow/example_dags/example_external_task_marker_dag.py for tasks to queue
[2024-03-19T09:51:38.083+0000] {logging_mixin.py:188} INFO - [2024-03-19T09:51:38.082+0000] {dagbag.py:540} INFO - Filling up the DagBag from /home/airflow/.local/lib/python3.8/site-packages/airflow/example_dags/example_external_task_marker_dag.py
[2024-03-19T09:51:38.094+0000] {processor.py:840} INFO - DAG(s) 'example_external_task_marker_child', 'example_external_task_marker_parent' retrieved from /home/airflow/.local/lib/python3.8/site-packages/airflow/example_dags/example_external_task_marker_dag.py
[2024-03-19T09:51:38.135+0000] {logging_mixin.py:188} INFO - [2024-03-19T09:51:38.134+0000] {dag.py:3047} INFO - Sync 2 DAGs
[2024-03-19T09:51:38.157+0000] {logging_mixin.py:188} INFO - [2024-03-19T09:51:38.157+0000] {dag.py:3834} INFO - Setting next_dagrun for example_external_task_marker_child to None, run_after=None
[2024-03-19T09:51:38.164+0000] {logging_mixin.py:188} INFO - [2024-03-19T09:51:38.164+0000] {dag.py:3834} INFO - Setting next_dagrun for example_external_task_marker_parent to None, run_after=None
[2024-03-19T09:51:38.190+0000] {processor.py:183} INFO - Processing /home/airflow/.local/lib/python3.8/site-packages/airflow/example_dags/example_external_task_marker_dag.py took 0.119 seconds
[2024-03-19T09:52:08.583+0000] {processor.py:161} INFO - Started process (PID=23580) to work on /home/airflow/.local/lib/python3.8/site-packages/airflow/example_dags/example_external_task_marker_dag.py
[2024-03-19T09:52:08.587+0000] {processor.py:830} INFO - Processing file /home/airflow/.local/lib/python3.8/site-packages/airflow/example_dags/example_external_task_marker_dag.py for tasks to queue
[2024-03-19T09:52:08.590+0000] {logging_mixin.py:188} INFO - [2024-03-19T09:52:08.589+0000] {dagbag.py:540} INFO - Filling up the DagBag from /home/airflow/.local/lib/python3.8/site-packages/airflow/example_dags/example_external_task_marker_dag.py
[2024-03-19T09:52:08.604+0000] {processor.py:840} INFO - DAG(s) 'example_external_task_marker_child', 'example_external_task_marker_parent' retrieved from /home/airflow/.local/lib/python3.8/site-packages/airflow/example_dags/example_external_task_marker_dag.py
[2024-03-19T09:52:08.668+0000] {logging_mixin.py:188} INFO - [2024-03-19T09:52:08.667+0000] {dag.py:3047} INFO - Sync 2 DAGs
[2024-03-19T09:52:08.712+0000] {logging_mixin.py:188} INFO - [2024-03-19T09:52:08.709+0000] {dag.py:3834} INFO - Setting next_dagrun for example_external_task_marker_child to None, run_after=None
[2024-03-19T09:52:08.751+0000] {logging_mixin.py:188} INFO - [2024-03-19T09:52:08.741+0000] {dag.py:3834} INFO - Setting next_dagrun for example_external_task_marker_parent to None, run_after=None
[2024-03-19T09:52:08.806+0000] {processor.py:183} INFO - Processing /home/airflow/.local/lib/python3.8/site-packages/airflow/example_dags/example_external_task_marker_dag.py took 0.228 seconds
[2024-03-19T09:52:46.289+0000] {processor.py:161} INFO - Started process (PID=23639) to work on /home/airflow/.local/lib/python3.8/site-packages/airflow/example_dags/example_external_task_marker_dag.py
[2024-03-19T09:52:46.291+0000] {processor.py:830} INFO - Processing file /home/airflow/.local/lib/python3.8/site-packages/airflow/example_dags/example_external_task_marker_dag.py for tasks to queue
[2024-03-19T09:52:46.295+0000] {logging_mixin.py:188} INFO - [2024-03-19T09:52:46.293+0000] {dagbag.py:540} INFO - Filling up the DagBag from /home/airflow/.local/lib/python3.8/site-packages/airflow/example_dags/example_external_task_marker_dag.py
[2024-03-19T09:52:46.316+0000] {processor.py:840} INFO - DAG(s) 'example_external_task_marker_parent', 'example_external_task_marker_child' retrieved from /home/airflow/.local/lib/python3.8/site-packages/airflow/example_dags/example_external_task_marker_dag.py
[2024-03-19T09:52:46.382+0000] {logging_mixin.py:188} INFO - [2024-03-19T09:52:46.381+0000] {dag.py:3047} INFO - Sync 2 DAGs
[2024-03-19T09:52:46.417+0000] {logging_mixin.py:188} INFO - [2024-03-19T09:52:46.411+0000] {dag.py:3834} INFO - Setting next_dagrun for example_external_task_marker_child to None, run_after=None
[2024-03-19T09:52:46.428+0000] {logging_mixin.py:188} INFO - [2024-03-19T09:52:46.427+0000] {dag.py:3834} INFO - Setting next_dagrun for example_external_task_marker_parent to None, run_after=None
[2024-03-19T09:52:46.492+0000] {processor.py:183} INFO - Processing /home/airflow/.local/lib/python3.8/site-packages/airflow/example_dags/example_external_task_marker_dag.py took 0.214 seconds
[2024-03-19T09:53:17.331+0000] {processor.py:161} INFO - Started process (PID=23692) to work on /home/airflow/.local/lib/python3.8/site-packages/airflow/example_dags/example_external_task_marker_dag.py
[2024-03-19T09:53:17.336+0000] {processor.py:830} INFO - Processing file /home/airflow/.local/lib/python3.8/site-packages/airflow/example_dags/example_external_task_marker_dag.py for tasks to queue
[2024-03-19T09:53:17.338+0000] {logging_mixin.py:188} INFO - [2024-03-19T09:53:17.337+0000] {dagbag.py:540} INFO - Filling up the DagBag from /home/airflow/.local/lib/python3.8/site-packages/airflow/example_dags/example_external_task_marker_dag.py
[2024-03-19T09:53:17.356+0000] {processor.py:840} INFO - DAG(s) 'example_external_task_marker_parent', 'example_external_task_marker_child' retrieved from /home/airflow/.local/lib/python3.8/site-packages/airflow/example_dags/example_external_task_marker_dag.py
[2024-03-19T09:53:17.426+0000] {logging_mixin.py:188} INFO - [2024-03-19T09:53:17.426+0000] {dag.py:3047} INFO - Sync 2 DAGs
[2024-03-19T09:53:17.456+0000] {logging_mixin.py:188} INFO - [2024-03-19T09:53:17.456+0000] {dag.py:3834} INFO - Setting next_dagrun for example_external_task_marker_child to None, run_after=None
[2024-03-19T09:53:17.463+0000] {logging_mixin.py:188} INFO - [2024-03-19T09:53:17.463+0000] {dag.py:3834} INFO - Setting next_dagrun for example_external_task_marker_parent to None, run_after=None
[2024-03-19T09:53:17.501+0000] {processor.py:183} INFO - Processing /home/airflow/.local/lib/python3.8/site-packages/airflow/example_dags/example_external_task_marker_dag.py took 0.191 seconds
[2024-03-19T09:53:47.737+0000] {processor.py:161} INFO - Started process (PID=23747) to work on /home/airflow/.local/lib/python3.8/site-packages/airflow/example_dags/example_external_task_marker_dag.py
[2024-03-19T09:53:47.739+0000] {processor.py:830} INFO - Processing file /home/airflow/.local/lib/python3.8/site-packages/airflow/example_dags/example_external_task_marker_dag.py for tasks to queue
[2024-03-19T09:53:47.741+0000] {logging_mixin.py:188} INFO - [2024-03-19T09:53:47.740+0000] {dagbag.py:540} INFO - Filling up the DagBag from /home/airflow/.local/lib/python3.8/site-packages/airflow/example_dags/example_external_task_marker_dag.py
[2024-03-19T09:53:47.749+0000] {processor.py:840} INFO - DAG(s) 'example_external_task_marker_child', 'example_external_task_marker_parent' retrieved from /home/airflow/.local/lib/python3.8/site-packages/airflow/example_dags/example_external_task_marker_dag.py
[2024-03-19T09:53:47.784+0000] {logging_mixin.py:188} INFO - [2024-03-19T09:53:47.784+0000] {dag.py:3047} INFO - Sync 2 DAGs
[2024-03-19T09:53:47.801+0000] {logging_mixin.py:188} INFO - [2024-03-19T09:53:47.801+0000] {dag.py:3834} INFO - Setting next_dagrun for example_external_task_marker_child to None, run_after=None
[2024-03-19T09:53:47.806+0000] {logging_mixin.py:188} INFO - [2024-03-19T09:53:47.806+0000] {dag.py:3834} INFO - Setting next_dagrun for example_external_task_marker_parent to None, run_after=None
[2024-03-19T09:53:47.830+0000] {processor.py:183} INFO - Processing /home/airflow/.local/lib/python3.8/site-packages/airflow/example_dags/example_external_task_marker_dag.py took 0.100 seconds
[2024-03-19T09:54:18.494+0000] {processor.py:161} INFO - Started process (PID=23803) to work on /home/airflow/.local/lib/python3.8/site-packages/airflow/example_dags/example_external_task_marker_dag.py
[2024-03-19T09:54:18.497+0000] {processor.py:830} INFO - Processing file /home/airflow/.local/lib/python3.8/site-packages/airflow/example_dags/example_external_task_marker_dag.py for tasks to queue
[2024-03-19T09:54:18.499+0000] {logging_mixin.py:188} INFO - [2024-03-19T09:54:18.499+0000] {dagbag.py:540} INFO - Filling up the DagBag from /home/airflow/.local/lib/python3.8/site-packages/airflow/example_dags/example_external_task_marker_dag.py
[2024-03-19T09:54:18.507+0000] {processor.py:840} INFO - DAG(s) 'example_external_task_marker_parent', 'example_external_task_marker_child' retrieved from /home/airflow/.local/lib/python3.8/site-packages/airflow/example_dags/example_external_task_marker_dag.py
[2024-03-19T09:54:18.541+0000] {logging_mixin.py:188} INFO - [2024-03-19T09:54:18.540+0000] {dag.py:3047} INFO - Sync 2 DAGs
[2024-03-19T09:54:18.557+0000] {logging_mixin.py:188} INFO - [2024-03-19T09:54:18.556+0000] {dag.py:3834} INFO - Setting next_dagrun for example_external_task_marker_child to None, run_after=None
[2024-03-19T09:54:18.562+0000] {logging_mixin.py:188} INFO - [2024-03-19T09:54:18.562+0000] {dag.py:3834} INFO - Setting next_dagrun for example_external_task_marker_parent to None, run_after=None
[2024-03-19T09:54:18.585+0000] {processor.py:183} INFO - Processing /home/airflow/.local/lib/python3.8/site-packages/airflow/example_dags/example_external_task_marker_dag.py took 0.096 seconds
[2024-03-19T09:54:48.925+0000] {processor.py:161} INFO - Started process (PID=23858) to work on /home/airflow/.local/lib/python3.8/site-packages/airflow/example_dags/example_external_task_marker_dag.py
[2024-03-19T09:54:48.927+0000] {processor.py:830} INFO - Processing file /home/airflow/.local/lib/python3.8/site-packages/airflow/example_dags/example_external_task_marker_dag.py for tasks to queue
[2024-03-19T09:54:48.929+0000] {logging_mixin.py:188} INFO - [2024-03-19T09:54:48.929+0000] {dagbag.py:540} INFO - Filling up the DagBag from /home/airflow/.local/lib/python3.8/site-packages/airflow/example_dags/example_external_task_marker_dag.py
[2024-03-19T09:54:48.938+0000] {processor.py:840} INFO - DAG(s) 'example_external_task_marker_parent', 'example_external_task_marker_child' retrieved from /home/airflow/.local/lib/python3.8/site-packages/airflow/example_dags/example_external_task_marker_dag.py
[2024-03-19T09:54:48.978+0000] {logging_mixin.py:188} INFO - [2024-03-19T09:54:48.977+0000] {dag.py:3047} INFO - Sync 2 DAGs
[2024-03-19T09:54:49.000+0000] {logging_mixin.py:188} INFO - [2024-03-19T09:54:48.999+0000] {dag.py:3834} INFO - Setting next_dagrun for example_external_task_marker_child to None, run_after=None
[2024-03-19T09:54:49.006+0000] {logging_mixin.py:188} INFO - [2024-03-19T09:54:49.006+0000] {dag.py:3834} INFO - Setting next_dagrun for example_external_task_marker_parent to None, run_after=None
[2024-03-19T09:54:49.036+0000] {processor.py:183} INFO - Processing /home/airflow/.local/lib/python3.8/site-packages/airflow/example_dags/example_external_task_marker_dag.py took 0.117 seconds
[2024-03-19T09:55:19.513+0000] {processor.py:161} INFO - Started process (PID=23913) to work on /home/airflow/.local/lib/python3.8/site-packages/airflow/example_dags/example_external_task_marker_dag.py
[2024-03-19T09:55:19.518+0000] {processor.py:830} INFO - Processing file /home/airflow/.local/lib/python3.8/site-packages/airflow/example_dags/example_external_task_marker_dag.py for tasks to queue
[2024-03-19T09:55:19.520+0000] {logging_mixin.py:188} INFO - [2024-03-19T09:55:19.519+0000] {dagbag.py:540} INFO - Filling up the DagBag from /home/airflow/.local/lib/python3.8/site-packages/airflow/example_dags/example_external_task_marker_dag.py
[2024-03-19T09:55:19.541+0000] {processor.py:840} INFO - DAG(s) 'example_external_task_marker_parent', 'example_external_task_marker_child' retrieved from /home/airflow/.local/lib/python3.8/site-packages/airflow/example_dags/example_external_task_marker_dag.py
[2024-03-19T09:55:19.622+0000] {logging_mixin.py:188} INFO - [2024-03-19T09:55:19.621+0000] {dag.py:3047} INFO - Sync 2 DAGs
[2024-03-19T09:55:19.664+0000] {logging_mixin.py:188} INFO - [2024-03-19T09:55:19.664+0000] {dag.py:3834} INFO - Setting next_dagrun for example_external_task_marker_child to None, run_after=None
[2024-03-19T09:55:19.669+0000] {logging_mixin.py:188} INFO - [2024-03-19T09:55:19.669+0000] {dag.py:3834} INFO - Setting next_dagrun for example_external_task_marker_parent to None, run_after=None
[2024-03-19T09:55:19.699+0000] {processor.py:183} INFO - Processing /home/airflow/.local/lib/python3.8/site-packages/airflow/example_dags/example_external_task_marker_dag.py took 0.193 seconds
[2024-03-19T09:55:50.094+0000] {processor.py:161} INFO - Started process (PID=23968) to work on /home/airflow/.local/lib/python3.8/site-packages/airflow/example_dags/example_external_task_marker_dag.py
[2024-03-19T09:55:50.097+0000] {processor.py:830} INFO - Processing file /home/airflow/.local/lib/python3.8/site-packages/airflow/example_dags/example_external_task_marker_dag.py for tasks to queue
[2024-03-19T09:55:50.100+0000] {logging_mixin.py:188} INFO - [2024-03-19T09:55:50.099+0000] {dagbag.py:540} INFO - Filling up the DagBag from /home/airflow/.local/lib/python3.8/site-packages/airflow/example_dags/example_external_task_marker_dag.py
[2024-03-19T09:55:50.110+0000] {processor.py:840} INFO - DAG(s) 'example_external_task_marker_parent', 'example_external_task_marker_child' retrieved from /home/airflow/.local/lib/python3.8/site-packages/airflow/example_dags/example_external_task_marker_dag.py
[2024-03-19T09:55:50.152+0000] {logging_mixin.py:188} INFO - [2024-03-19T09:55:50.152+0000] {dag.py:3047} INFO - Sync 2 DAGs
[2024-03-19T09:55:50.176+0000] {logging_mixin.py:188} INFO - [2024-03-19T09:55:50.176+0000] {dag.py:3834} INFO - Setting next_dagrun for example_external_task_marker_child to None, run_after=None
[2024-03-19T09:55:50.182+0000] {logging_mixin.py:188} INFO - [2024-03-19T09:55:50.181+0000] {dag.py:3834} INFO - Setting next_dagrun for example_external_task_marker_parent to None, run_after=None
[2024-03-19T09:55:50.206+0000] {processor.py:183} INFO - Processing /home/airflow/.local/lib/python3.8/site-packages/airflow/example_dags/example_external_task_marker_dag.py took 0.116 seconds
[2024-03-19T09:56:20.457+0000] {processor.py:161} INFO - Started process (PID=24023) to work on /home/airflow/.local/lib/python3.8/site-packages/airflow/example_dags/example_external_task_marker_dag.py
[2024-03-19T09:56:20.459+0000] {processor.py:830} INFO - Processing file /home/airflow/.local/lib/python3.8/site-packages/airflow/example_dags/example_external_task_marker_dag.py for tasks to queue
[2024-03-19T09:56:20.461+0000] {logging_mixin.py:188} INFO - [2024-03-19T09:56:20.461+0000] {dagbag.py:540} INFO - Filling up the DagBag from /home/airflow/.local/lib/python3.8/site-packages/airflow/example_dags/example_external_task_marker_dag.py
[2024-03-19T09:56:20.475+0000] {processor.py:840} INFO - DAG(s) 'example_external_task_marker_child', 'example_external_task_marker_parent' retrieved from /home/airflow/.local/lib/python3.8/site-packages/airflow/example_dags/example_external_task_marker_dag.py
[2024-03-19T09:56:20.529+0000] {logging_mixin.py:188} INFO - [2024-03-19T09:56:20.528+0000] {dag.py:3047} INFO - Sync 2 DAGs
[2024-03-19T09:56:20.561+0000] {logging_mixin.py:188} INFO - [2024-03-19T09:56:20.561+0000] {dag.py:3834} INFO - Setting next_dagrun for example_external_task_marker_child to None, run_after=None
[2024-03-19T09:56:20.574+0000] {logging_mixin.py:188} INFO - [2024-03-19T09:56:20.573+0000] {dag.py:3834} INFO - Setting next_dagrun for example_external_task_marker_parent to None, run_after=None
[2024-03-19T09:56:20.644+0000] {processor.py:183} INFO - Processing /home/airflow/.local/lib/python3.8/site-packages/airflow/example_dags/example_external_task_marker_dag.py took 0.195 seconds
[2024-03-19T09:56:50.920+0000] {processor.py:161} INFO - Started process (PID=24078) to work on /home/airflow/.local/lib/python3.8/site-packages/airflow/example_dags/example_external_task_marker_dag.py
[2024-03-19T09:56:50.923+0000] {processor.py:830} INFO - Processing file /home/airflow/.local/lib/python3.8/site-packages/airflow/example_dags/example_external_task_marker_dag.py for tasks to queue
[2024-03-19T09:56:50.926+0000] {logging_mixin.py:188} INFO - [2024-03-19T09:56:50.925+0000] {dagbag.py:540} INFO - Filling up the DagBag from /home/airflow/.local/lib/python3.8/site-packages/airflow/example_dags/example_external_task_marker_dag.py
[2024-03-19T09:56:50.939+0000] {processor.py:840} INFO - DAG(s) 'example_external_task_marker_child', 'example_external_task_marker_parent' retrieved from /home/airflow/.local/lib/python3.8/site-packages/airflow/example_dags/example_external_task_marker_dag.py
[2024-03-19T09:56:51.019+0000] {logging_mixin.py:188} INFO - [2024-03-19T09:56:51.018+0000] {dag.py:3047} INFO - Sync 2 DAGs
[2024-03-19T09:56:51.052+0000] {logging_mixin.py:188} INFO - [2024-03-19T09:56:51.051+0000] {dag.py:3834} INFO - Setting next_dagrun for example_external_task_marker_child to None, run_after=None
[2024-03-19T09:56:51.061+0000] {logging_mixin.py:188} INFO - [2024-03-19T09:56:51.060+0000] {dag.py:3834} INFO - Setting next_dagrun for example_external_task_marker_parent to None, run_after=None
[2024-03-19T09:56:51.114+0000] {processor.py:183} INFO - Processing /home/airflow/.local/lib/python3.8/site-packages/airflow/example_dags/example_external_task_marker_dag.py took 0.200 seconds
