[2024-03-19T09:44:25.998+0000] {processor.py:161} INFO - Started process (PID=22781) to work on /home/airflow/.local/lib/python3.8/site-packages/airflow/example_dags/example_task_group_decorator.py
[2024-03-19T09:44:26.040+0000] {processor.py:830} INFO - Processing file /home/airflow/.local/lib/python3.8/site-packages/airflow/example_dags/example_task_group_decorator.py for tasks to queue
[2024-03-19T09:44:26.074+0000] {logging_mixin.py:188} INFO - [2024-03-19T09:44:26.073+0000] {dagbag.py:540} INFO - Filling up the DagBag from /home/airflow/.local/lib/python3.8/site-packages/airflow/example_dags/example_task_group_decorator.py
[2024-03-19T09:44:26.515+0000] {processor.py:840} INFO - DAG(s) 'example_task_group_decorator' retrieved from /home/airflow/.local/lib/python3.8/site-packages/airflow/example_dags/example_task_group_decorator.py
[2024-03-19T09:44:26.894+0000] {logging_mixin.py:188} INFO - [2024-03-19T09:44:26.893+0000] {dag.py:3047} INFO - Sync 1 DAGs
[2024-03-19T09:44:27.088+0000] {logging_mixin.py:188} INFO - [2024-03-19T09:44:27.088+0000] {dag.py:3834} INFO - Setting next_dagrun for example_task_group_decorator to 2024-03-18 00:00:00+00:00, run_after=2024-03-19 00:00:00+00:00
[2024-03-19T09:44:27.176+0000] {processor.py:183} INFO - Processing /home/airflow/.local/lib/python3.8/site-packages/airflow/example_dags/example_task_group_decorator.py took 1.198 seconds
[2024-03-19T09:44:57.417+0000] {processor.py:161} INFO - Started process (PID=22836) to work on /home/airflow/.local/lib/python3.8/site-packages/airflow/example_dags/example_task_group_decorator.py
[2024-03-19T09:44:57.419+0000] {processor.py:830} INFO - Processing file /home/airflow/.local/lib/python3.8/site-packages/airflow/example_dags/example_task_group_decorator.py for tasks to queue
[2024-03-19T09:44:57.421+0000] {logging_mixin.py:188} INFO - [2024-03-19T09:44:57.420+0000] {dagbag.py:540} INFO - Filling up the DagBag from /home/airflow/.local/lib/python3.8/site-packages/airflow/example_dags/example_task_group_decorator.py
[2024-03-19T09:44:57.441+0000] {processor.py:840} INFO - DAG(s) 'example_task_group_decorator' retrieved from /home/airflow/.local/lib/python3.8/site-packages/airflow/example_dags/example_task_group_decorator.py
[2024-03-19T09:44:57.472+0000] {logging_mixin.py:188} INFO - [2024-03-19T09:44:57.471+0000] {dag.py:3047} INFO - Sync 1 DAGs
[2024-03-19T09:44:57.497+0000] {logging_mixin.py:188} INFO - [2024-03-19T09:44:57.496+0000] {dag.py:3834} INFO - Setting next_dagrun for example_task_group_decorator to 2024-03-18 00:00:00+00:00, run_after=2024-03-19 00:00:00+00:00
[2024-03-19T09:44:57.523+0000] {processor.py:183} INFO - Processing /home/airflow/.local/lib/python3.8/site-packages/airflow/example_dags/example_task_group_decorator.py took 0.111 seconds
[2024-03-19T09:45:31.039+0000] {processor.py:161} INFO - Started process (PID=22891) to work on /home/airflow/.local/lib/python3.8/site-packages/airflow/example_dags/example_task_group_decorator.py
[2024-03-19T09:45:31.094+0000] {processor.py:830} INFO - Processing file /home/airflow/.local/lib/python3.8/site-packages/airflow/example_dags/example_task_group_decorator.py for tasks to queue
[2024-03-19T09:45:31.128+0000] {logging_mixin.py:188} INFO - [2024-03-19T09:45:31.126+0000] {dagbag.py:540} INFO - Filling up the DagBag from /home/airflow/.local/lib/python3.8/site-packages/airflow/example_dags/example_task_group_decorator.py
[2024-03-19T09:45:31.396+0000] {processor.py:840} INFO - DAG(s) 'example_task_group_decorator' retrieved from /home/airflow/.local/lib/python3.8/site-packages/airflow/example_dags/example_task_group_decorator.py
[2024-03-19T09:45:32.164+0000] {logging_mixin.py:188} INFO - [2024-03-19T09:45:32.163+0000] {dag.py:3047} INFO - Sync 1 DAGs
[2024-03-19T09:45:32.489+0000] {logging_mixin.py:188} INFO - [2024-03-19T09:45:32.488+0000] {dag.py:3834} INFO - Setting next_dagrun for example_task_group_decorator to 2024-03-18 00:00:00+00:00, run_after=2024-03-19 00:00:00+00:00
[2024-03-19T09:45:32.973+0000] {processor.py:183} INFO - Processing /home/airflow/.local/lib/python3.8/site-packages/airflow/example_dags/example_task_group_decorator.py took 2.342 seconds
[2024-03-19T09:46:08.445+0000] {processor.py:161} INFO - Started process (PID=22946) to work on /home/airflow/.local/lib/python3.8/site-packages/airflow/example_dags/example_task_group_decorator.py
[2024-03-19T09:46:08.509+0000] {processor.py:830} INFO - Processing file /home/airflow/.local/lib/python3.8/site-packages/airflow/example_dags/example_task_group_decorator.py for tasks to queue
[2024-03-19T09:46:08.538+0000] {logging_mixin.py:188} INFO - [2024-03-19T09:46:08.537+0000] {dagbag.py:540} INFO - Filling up the DagBag from /home/airflow/.local/lib/python3.8/site-packages/airflow/example_dags/example_task_group_decorator.py
[2024-03-19T09:46:08.673+0000] {processor.py:840} INFO - DAG(s) 'example_task_group_decorator' retrieved from /home/airflow/.local/lib/python3.8/site-packages/airflow/example_dags/example_task_group_decorator.py
[2024-03-19T09:46:09.429+0000] {logging_mixin.py:188} INFO - [2024-03-19T09:46:09.418+0000] {dag.py:3047} INFO - Sync 1 DAGs
[2024-03-19T09:46:09.721+0000] {logging_mixin.py:188} INFO - [2024-03-19T09:46:09.720+0000] {dag.py:3834} INFO - Setting next_dagrun for example_task_group_decorator to 2024-03-18 00:00:00+00:00, run_after=2024-03-19 00:00:00+00:00
[2024-03-19T09:46:09.979+0000] {processor.py:183} INFO - Processing /home/airflow/.local/lib/python3.8/site-packages/airflow/example_dags/example_task_group_decorator.py took 1.551 seconds
[2024-03-19T09:46:40.250+0000] {processor.py:161} INFO - Started process (PID=22999) to work on /home/airflow/.local/lib/python3.8/site-packages/airflow/example_dags/example_task_group_decorator.py
[2024-03-19T09:46:40.253+0000] {processor.py:830} INFO - Processing file /home/airflow/.local/lib/python3.8/site-packages/airflow/example_dags/example_task_group_decorator.py for tasks to queue
[2024-03-19T09:46:40.255+0000] {logging_mixin.py:188} INFO - [2024-03-19T09:46:40.255+0000] {dagbag.py:540} INFO - Filling up the DagBag from /home/airflow/.local/lib/python3.8/site-packages/airflow/example_dags/example_task_group_decorator.py
[2024-03-19T09:46:40.281+0000] {processor.py:840} INFO - DAG(s) 'example_task_group_decorator' retrieved from /home/airflow/.local/lib/python3.8/site-packages/airflow/example_dags/example_task_group_decorator.py
[2024-03-19T09:46:40.320+0000] {logging_mixin.py:188} INFO - [2024-03-19T09:46:40.319+0000] {dag.py:3047} INFO - Sync 1 DAGs
[2024-03-19T09:46:40.349+0000] {logging_mixin.py:188} INFO - [2024-03-19T09:46:40.349+0000] {dag.py:3834} INFO - Setting next_dagrun for example_task_group_decorator to 2024-03-18 00:00:00+00:00, run_after=2024-03-19 00:00:00+00:00
[2024-03-19T09:46:40.382+0000] {processor.py:183} INFO - Processing /home/airflow/.local/lib/python3.8/site-packages/airflow/example_dags/example_task_group_decorator.py took 0.137 seconds
[2024-03-19T09:47:10.971+0000] {processor.py:161} INFO - Started process (PID=23054) to work on /home/airflow/.local/lib/python3.8/site-packages/airflow/example_dags/example_task_group_decorator.py
[2024-03-19T09:47:11.003+0000] {processor.py:830} INFO - Processing file /home/airflow/.local/lib/python3.8/site-packages/airflow/example_dags/example_task_group_decorator.py for tasks to queue
[2024-03-19T09:47:11.022+0000] {logging_mixin.py:188} INFO - [2024-03-19T09:47:11.021+0000] {dagbag.py:540} INFO - Filling up the DagBag from /home/airflow/.local/lib/python3.8/site-packages/airflow/example_dags/example_task_group_decorator.py
[2024-03-19T09:47:11.145+0000] {processor.py:840} INFO - DAG(s) 'example_task_group_decorator' retrieved from /home/airflow/.local/lib/python3.8/site-packages/airflow/example_dags/example_task_group_decorator.py
[2024-03-19T09:47:11.339+0000] {logging_mixin.py:188} INFO - [2024-03-19T09:47:11.339+0000] {dag.py:3047} INFO - Sync 1 DAGs
[2024-03-19T09:47:11.456+0000] {logging_mixin.py:188} INFO - [2024-03-19T09:47:11.455+0000] {dag.py:3834} INFO - Setting next_dagrun for example_task_group_decorator to 2024-03-18 00:00:00+00:00, run_after=2024-03-19 00:00:00+00:00
[2024-03-19T09:47:11.535+0000] {processor.py:183} INFO - Processing /home/airflow/.local/lib/python3.8/site-packages/airflow/example_dags/example_task_group_decorator.py took 0.575 seconds
[2024-03-19T09:47:42.224+0000] {processor.py:161} INFO - Started process (PID=23109) to work on /home/airflow/.local/lib/python3.8/site-packages/airflow/example_dags/example_task_group_decorator.py
[2024-03-19T09:47:42.250+0000] {processor.py:830} INFO - Processing file /home/airflow/.local/lib/python3.8/site-packages/airflow/example_dags/example_task_group_decorator.py for tasks to queue
[2024-03-19T09:47:42.257+0000] {logging_mixin.py:188} INFO - [2024-03-19T09:47:42.256+0000] {dagbag.py:540} INFO - Filling up the DagBag from /home/airflow/.local/lib/python3.8/site-packages/airflow/example_dags/example_task_group_decorator.py
[2024-03-19T09:47:42.354+0000] {processor.py:840} INFO - DAG(s) 'example_task_group_decorator' retrieved from /home/airflow/.local/lib/python3.8/site-packages/airflow/example_dags/example_task_group_decorator.py
[2024-03-19T09:47:42.543+0000] {logging_mixin.py:188} INFO - [2024-03-19T09:47:42.543+0000] {dag.py:3047} INFO - Sync 1 DAGs
[2024-03-19T09:47:42.879+0000] {logging_mixin.py:188} INFO - [2024-03-19T09:47:42.876+0000] {dag.py:3834} INFO - Setting next_dagrun for example_task_group_decorator to 2024-03-18 00:00:00+00:00, run_after=2024-03-19 00:00:00+00:00
[2024-03-19T09:47:42.998+0000] {processor.py:183} INFO - Processing /home/airflow/.local/lib/python3.8/site-packages/airflow/example_dags/example_task_group_decorator.py took 0.807 seconds
[2024-03-19T09:48:13.335+0000] {processor.py:161} INFO - Started process (PID=23164) to work on /home/airflow/.local/lib/python3.8/site-packages/airflow/example_dags/example_task_group_decorator.py
[2024-03-19T09:48:13.337+0000] {processor.py:830} INFO - Processing file /home/airflow/.local/lib/python3.8/site-packages/airflow/example_dags/example_task_group_decorator.py for tasks to queue
[2024-03-19T09:48:13.339+0000] {logging_mixin.py:188} INFO - [2024-03-19T09:48:13.338+0000] {dagbag.py:540} INFO - Filling up the DagBag from /home/airflow/.local/lib/python3.8/site-packages/airflow/example_dags/example_task_group_decorator.py
[2024-03-19T09:48:13.371+0000] {processor.py:840} INFO - DAG(s) 'example_task_group_decorator' retrieved from /home/airflow/.local/lib/python3.8/site-packages/airflow/example_dags/example_task_group_decorator.py
[2024-03-19T09:48:13.416+0000] {logging_mixin.py:188} INFO - [2024-03-19T09:48:13.415+0000] {dag.py:3047} INFO - Sync 1 DAGs
[2024-03-19T09:48:13.452+0000] {logging_mixin.py:188} INFO - [2024-03-19T09:48:13.452+0000] {dag.py:3834} INFO - Setting next_dagrun for example_task_group_decorator to 2024-03-18 00:00:00+00:00, run_after=2024-03-19 00:00:00+00:00
[2024-03-19T09:48:13.483+0000] {processor.py:183} INFO - Processing /home/airflow/.local/lib/python3.8/site-packages/airflow/example_dags/example_task_group_decorator.py took 0.154 seconds
[2024-03-19T09:48:43.658+0000] {processor.py:161} INFO - Started process (PID=23219) to work on /home/airflow/.local/lib/python3.8/site-packages/airflow/example_dags/example_task_group_decorator.py
[2024-03-19T09:48:43.660+0000] {processor.py:830} INFO - Processing file /home/airflow/.local/lib/python3.8/site-packages/airflow/example_dags/example_task_group_decorator.py for tasks to queue
[2024-03-19T09:48:43.662+0000] {logging_mixin.py:188} INFO - [2024-03-19T09:48:43.662+0000] {dagbag.py:540} INFO - Filling up the DagBag from /home/airflow/.local/lib/python3.8/site-packages/airflow/example_dags/example_task_group_decorator.py
[2024-03-19T09:48:43.682+0000] {processor.py:840} INFO - DAG(s) 'example_task_group_decorator' retrieved from /home/airflow/.local/lib/python3.8/site-packages/airflow/example_dags/example_task_group_decorator.py
[2024-03-19T09:48:43.717+0000] {logging_mixin.py:188} INFO - [2024-03-19T09:48:43.717+0000] {dag.py:3047} INFO - Sync 1 DAGs
[2024-03-19T09:48:43.745+0000] {logging_mixin.py:188} INFO - [2024-03-19T09:48:43.745+0000] {dag.py:3834} INFO - Setting next_dagrun for example_task_group_decorator to 2024-03-18 00:00:00+00:00, run_after=2024-03-19 00:00:00+00:00
[2024-03-19T09:48:43.771+0000] {processor.py:183} INFO - Processing /home/airflow/.local/lib/python3.8/site-packages/airflow/example_dags/example_task_group_decorator.py took 0.118 seconds
[2024-03-19T09:49:13.893+0000] {processor.py:161} INFO - Started process (PID=23274) to work on /home/airflow/.local/lib/python3.8/site-packages/airflow/example_dags/example_task_group_decorator.py
[2024-03-19T09:49:13.896+0000] {processor.py:830} INFO - Processing file /home/airflow/.local/lib/python3.8/site-packages/airflow/example_dags/example_task_group_decorator.py for tasks to queue
[2024-03-19T09:49:13.898+0000] {logging_mixin.py:188} INFO - [2024-03-19T09:49:13.897+0000] {dagbag.py:540} INFO - Filling up the DagBag from /home/airflow/.local/lib/python3.8/site-packages/airflow/example_dags/example_task_group_decorator.py
[2024-03-19T09:49:13.916+0000] {processor.py:840} INFO - DAG(s) 'example_task_group_decorator' retrieved from /home/airflow/.local/lib/python3.8/site-packages/airflow/example_dags/example_task_group_decorator.py
[2024-03-19T09:49:13.950+0000] {logging_mixin.py:188} INFO - [2024-03-19T09:49:13.949+0000] {dag.py:3047} INFO - Sync 1 DAGs
[2024-03-19T09:49:13.974+0000] {logging_mixin.py:188} INFO - [2024-03-19T09:49:13.974+0000] {dag.py:3834} INFO - Setting next_dagrun for example_task_group_decorator to 2024-03-18 00:00:00+00:00, run_after=2024-03-19 00:00:00+00:00
[2024-03-19T09:49:14.002+0000] {processor.py:183} INFO - Processing /home/airflow/.local/lib/python3.8/site-packages/airflow/example_dags/example_task_group_decorator.py took 0.113 seconds
[2024-03-19T09:49:44.761+0000] {processor.py:161} INFO - Started process (PID=23329) to work on /home/airflow/.local/lib/python3.8/site-packages/airflow/example_dags/example_task_group_decorator.py
[2024-03-19T09:49:44.763+0000] {processor.py:830} INFO - Processing file /home/airflow/.local/lib/python3.8/site-packages/airflow/example_dags/example_task_group_decorator.py for tasks to queue
[2024-03-19T09:49:44.765+0000] {logging_mixin.py:188} INFO - [2024-03-19T09:49:44.765+0000] {dagbag.py:540} INFO - Filling up the DagBag from /home/airflow/.local/lib/python3.8/site-packages/airflow/example_dags/example_task_group_decorator.py
[2024-03-19T09:49:44.803+0000] {processor.py:840} INFO - DAG(s) 'example_task_group_decorator' retrieved from /home/airflow/.local/lib/python3.8/site-packages/airflow/example_dags/example_task_group_decorator.py
[2024-03-19T09:49:44.872+0000] {logging_mixin.py:188} INFO - [2024-03-19T09:49:44.872+0000] {dag.py:3047} INFO - Sync 1 DAGs
[2024-03-19T09:49:44.938+0000] {logging_mixin.py:188} INFO - [2024-03-19T09:49:44.938+0000] {dag.py:3834} INFO - Setting next_dagrun for example_task_group_decorator to 2024-03-18 00:00:00+00:00, run_after=2024-03-19 00:00:00+00:00
[2024-03-19T09:49:44.987+0000] {processor.py:183} INFO - Processing /home/airflow/.local/lib/python3.8/site-packages/airflow/example_dags/example_task_group_decorator.py took 0.231 seconds
[2024-03-19T09:50:15.692+0000] {processor.py:161} INFO - Started process (PID=23383) to work on /home/airflow/.local/lib/python3.8/site-packages/airflow/example_dags/example_task_group_decorator.py
[2024-03-19T09:50:15.699+0000] {processor.py:830} INFO - Processing file /home/airflow/.local/lib/python3.8/site-packages/airflow/example_dags/example_task_group_decorator.py for tasks to queue
[2024-03-19T09:50:15.700+0000] {logging_mixin.py:188} INFO - [2024-03-19T09:50:15.700+0000] {dagbag.py:540} INFO - Filling up the DagBag from /home/airflow/.local/lib/python3.8/site-packages/airflow/example_dags/example_task_group_decorator.py
[2024-03-19T09:50:15.723+0000] {processor.py:840} INFO - DAG(s) 'example_task_group_decorator' retrieved from /home/airflow/.local/lib/python3.8/site-packages/airflow/example_dags/example_task_group_decorator.py
[2024-03-19T09:50:15.769+0000] {logging_mixin.py:188} INFO - [2024-03-19T09:50:15.768+0000] {dag.py:3047} INFO - Sync 1 DAGs
[2024-03-19T09:50:15.798+0000] {logging_mixin.py:188} INFO - [2024-03-19T09:50:15.797+0000] {dag.py:3834} INFO - Setting next_dagrun for example_task_group_decorator to 2024-03-18 00:00:00+00:00, run_after=2024-03-19 00:00:00+00:00
[2024-03-19T09:50:15.853+0000] {processor.py:183} INFO - Processing /home/airflow/.local/lib/python3.8/site-packages/airflow/example_dags/example_task_group_decorator.py took 0.164 seconds
[2024-03-19T09:50:49.825+0000] {processor.py:161} INFO - Started process (PID=23444) to work on /home/airflow/.local/lib/python3.8/site-packages/airflow/example_dags/example_task_group_decorator.py
[2024-03-19T09:50:49.860+0000] {processor.py:830} INFO - Processing file /home/airflow/.local/lib/python3.8/site-packages/airflow/example_dags/example_task_group_decorator.py for tasks to queue
[2024-03-19T09:50:49.869+0000] {logging_mixin.py:188} INFO - [2024-03-19T09:50:49.868+0000] {dagbag.py:540} INFO - Filling up the DagBag from /home/airflow/.local/lib/python3.8/site-packages/airflow/example_dags/example_task_group_decorator.py
[2024-03-19T09:50:50.054+0000] {processor.py:840} INFO - DAG(s) 'example_task_group_decorator' retrieved from /home/airflow/.local/lib/python3.8/site-packages/airflow/example_dags/example_task_group_decorator.py
[2024-03-19T09:50:50.521+0000] {logging_mixin.py:188} INFO - [2024-03-19T09:50:50.521+0000] {dag.py:3047} INFO - Sync 1 DAGs
[2024-03-19T09:50:50.871+0000] {logging_mixin.py:188} INFO - [2024-03-19T09:50:50.870+0000] {dag.py:3834} INFO - Setting next_dagrun for example_task_group_decorator to 2024-03-18 00:00:00+00:00, run_after=2024-03-19 00:00:00+00:00
[2024-03-19T09:50:51.133+0000] {processor.py:183} INFO - Processing /home/airflow/.local/lib/python3.8/site-packages/airflow/example_dags/example_task_group_decorator.py took 1.345 seconds
[2024-03-19T09:51:21.365+0000] {processor.py:161} INFO - Started process (PID=23492) to work on /home/airflow/.local/lib/python3.8/site-packages/airflow/example_dags/example_task_group_decorator.py
[2024-03-19T09:51:21.367+0000] {processor.py:830} INFO - Processing file /home/airflow/.local/lib/python3.8/site-packages/airflow/example_dags/example_task_group_decorator.py for tasks to queue
[2024-03-19T09:51:21.370+0000] {logging_mixin.py:188} INFO - [2024-03-19T09:51:21.369+0000] {dagbag.py:540} INFO - Filling up the DagBag from /home/airflow/.local/lib/python3.8/site-packages/airflow/example_dags/example_task_group_decorator.py
[2024-03-19T09:51:21.404+0000] {processor.py:840} INFO - DAG(s) 'example_task_group_decorator' retrieved from /home/airflow/.local/lib/python3.8/site-packages/airflow/example_dags/example_task_group_decorator.py
[2024-03-19T09:51:21.460+0000] {logging_mixin.py:188} INFO - [2024-03-19T09:51:21.460+0000] {dag.py:3047} INFO - Sync 1 DAGs
[2024-03-19T09:51:21.505+0000] {logging_mixin.py:188} INFO - [2024-03-19T09:51:21.505+0000] {dag.py:3834} INFO - Setting next_dagrun for example_task_group_decorator to 2024-03-18 00:00:00+00:00, run_after=2024-03-19 00:00:00+00:00
[2024-03-19T09:51:21.542+0000] {processor.py:183} INFO - Processing /home/airflow/.local/lib/python3.8/site-packages/airflow/example_dags/example_task_group_decorator.py took 0.184 seconds
[2024-03-19T09:51:52.329+0000] {processor.py:161} INFO - Started process (PID=23547) to work on /home/airflow/.local/lib/python3.8/site-packages/airflow/example_dags/example_task_group_decorator.py
[2024-03-19T09:51:52.331+0000] {processor.py:830} INFO - Processing file /home/airflow/.local/lib/python3.8/site-packages/airflow/example_dags/example_task_group_decorator.py for tasks to queue
[2024-03-19T09:51:52.333+0000] {logging_mixin.py:188} INFO - [2024-03-19T09:51:52.332+0000] {dagbag.py:540} INFO - Filling up the DagBag from /home/airflow/.local/lib/python3.8/site-packages/airflow/example_dags/example_task_group_decorator.py
[2024-03-19T09:51:52.391+0000] {processor.py:840} INFO - DAG(s) 'example_task_group_decorator' retrieved from /home/airflow/.local/lib/python3.8/site-packages/airflow/example_dags/example_task_group_decorator.py
[2024-03-19T09:51:52.429+0000] {logging_mixin.py:188} INFO - [2024-03-19T09:51:52.429+0000] {dag.py:3047} INFO - Sync 1 DAGs
[2024-03-19T09:51:52.459+0000] {logging_mixin.py:188} INFO - [2024-03-19T09:51:52.458+0000] {dag.py:3834} INFO - Setting next_dagrun for example_task_group_decorator to 2024-03-18 00:00:00+00:00, run_after=2024-03-19 00:00:00+00:00
[2024-03-19T09:51:52.484+0000] {processor.py:183} INFO - Processing /home/airflow/.local/lib/python3.8/site-packages/airflow/example_dags/example_task_group_decorator.py took 0.171 seconds
[2024-03-19T09:52:23.057+0000] {processor.py:161} INFO - Started process (PID=23608) to work on /home/airflow/.local/lib/python3.8/site-packages/airflow/example_dags/example_task_group_decorator.py
[2024-03-19T09:52:23.058+0000] {processor.py:830} INFO - Processing file /home/airflow/.local/lib/python3.8/site-packages/airflow/example_dags/example_task_group_decorator.py for tasks to queue
[2024-03-19T09:52:23.060+0000] {logging_mixin.py:188} INFO - [2024-03-19T09:52:23.059+0000] {dagbag.py:540} INFO - Filling up the DagBag from /home/airflow/.local/lib/python3.8/site-packages/airflow/example_dags/example_task_group_decorator.py
[2024-03-19T09:52:23.080+0000] {processor.py:840} INFO - DAG(s) 'example_task_group_decorator' retrieved from /home/airflow/.local/lib/python3.8/site-packages/airflow/example_dags/example_task_group_decorator.py
[2024-03-19T09:52:23.114+0000] {logging_mixin.py:188} INFO - [2024-03-19T09:52:23.114+0000] {dag.py:3047} INFO - Sync 1 DAGs
[2024-03-19T09:52:23.149+0000] {logging_mixin.py:188} INFO - [2024-03-19T09:52:23.148+0000] {dag.py:3834} INFO - Setting next_dagrun for example_task_group_decorator to 2024-03-18 00:00:00+00:00, run_after=2024-03-19 00:00:00+00:00
[2024-03-19T09:52:23.176+0000] {processor.py:183} INFO - Processing /home/airflow/.local/lib/python3.8/site-packages/airflow/example_dags/example_task_group_decorator.py took 0.123 seconds
[2024-03-19T09:52:53.613+0000] {processor.py:161} INFO - Started process (PID=23663) to work on /home/airflow/.local/lib/python3.8/site-packages/airflow/example_dags/example_task_group_decorator.py
[2024-03-19T09:52:53.618+0000] {processor.py:830} INFO - Processing file /home/airflow/.local/lib/python3.8/site-packages/airflow/example_dags/example_task_group_decorator.py for tasks to queue
[2024-03-19T09:52:53.621+0000] {logging_mixin.py:188} INFO - [2024-03-19T09:52:53.620+0000] {dagbag.py:540} INFO - Filling up the DagBag from /home/airflow/.local/lib/python3.8/site-packages/airflow/example_dags/example_task_group_decorator.py
[2024-03-19T09:52:53.674+0000] {processor.py:840} INFO - DAG(s) 'example_task_group_decorator' retrieved from /home/airflow/.local/lib/python3.8/site-packages/airflow/example_dags/example_task_group_decorator.py
[2024-03-19T09:52:53.764+0000] {logging_mixin.py:188} INFO - [2024-03-19T09:52:53.763+0000] {dag.py:3047} INFO - Sync 1 DAGs
[2024-03-19T09:52:53.813+0000] {logging_mixin.py:188} INFO - [2024-03-19T09:52:53.812+0000] {dag.py:3834} INFO - Setting next_dagrun for example_task_group_decorator to 2024-03-18 00:00:00+00:00, run_after=2024-03-19 00:00:00+00:00
[2024-03-19T09:52:53.881+0000] {processor.py:183} INFO - Processing /home/airflow/.local/lib/python3.8/site-packages/airflow/example_dags/example_task_group_decorator.py took 0.279 seconds
[2024-03-19T09:53:24.641+0000] {processor.py:161} INFO - Started process (PID=23718) to work on /home/airflow/.local/lib/python3.8/site-packages/airflow/example_dags/example_task_group_decorator.py
[2024-03-19T09:53:24.653+0000] {processor.py:830} INFO - Processing file /home/airflow/.local/lib/python3.8/site-packages/airflow/example_dags/example_task_group_decorator.py for tasks to queue
[2024-03-19T09:53:24.659+0000] {logging_mixin.py:188} INFO - [2024-03-19T09:53:24.657+0000] {dagbag.py:540} INFO - Filling up the DagBag from /home/airflow/.local/lib/python3.8/site-packages/airflow/example_dags/example_task_group_decorator.py
[2024-03-19T09:53:24.743+0000] {processor.py:840} INFO - DAG(s) 'example_task_group_decorator' retrieved from /home/airflow/.local/lib/python3.8/site-packages/airflow/example_dags/example_task_group_decorator.py
[2024-03-19T09:53:24.854+0000] {logging_mixin.py:188} INFO - [2024-03-19T09:53:24.854+0000] {dag.py:3047} INFO - Sync 1 DAGs
[2024-03-19T09:53:24.936+0000] {logging_mixin.py:188} INFO - [2024-03-19T09:53:24.935+0000] {dag.py:3834} INFO - Setting next_dagrun for example_task_group_decorator to 2024-03-18 00:00:00+00:00, run_after=2024-03-19 00:00:00+00:00
[2024-03-19T09:53:25.027+0000] {processor.py:183} INFO - Processing /home/airflow/.local/lib/python3.8/site-packages/airflow/example_dags/example_task_group_decorator.py took 0.404 seconds
[2024-03-19T09:53:55.280+0000] {processor.py:161} INFO - Started process (PID=23765) to work on /home/airflow/.local/lib/python3.8/site-packages/airflow/example_dags/example_task_group_decorator.py
[2024-03-19T09:53:55.282+0000] {processor.py:830} INFO - Processing file /home/airflow/.local/lib/python3.8/site-packages/airflow/example_dags/example_task_group_decorator.py for tasks to queue
[2024-03-19T09:53:55.284+0000] {logging_mixin.py:188} INFO - [2024-03-19T09:53:55.283+0000] {dagbag.py:540} INFO - Filling up the DagBag from /home/airflow/.local/lib/python3.8/site-packages/airflow/example_dags/example_task_group_decorator.py
[2024-03-19T09:53:55.314+0000] {processor.py:840} INFO - DAG(s) 'example_task_group_decorator' retrieved from /home/airflow/.local/lib/python3.8/site-packages/airflow/example_dags/example_task_group_decorator.py
[2024-03-19T09:53:55.356+0000] {logging_mixin.py:188} INFO - [2024-03-19T09:53:55.355+0000] {dag.py:3047} INFO - Sync 1 DAGs
[2024-03-19T09:53:55.390+0000] {logging_mixin.py:188} INFO - [2024-03-19T09:53:55.389+0000] {dag.py:3834} INFO - Setting next_dagrun for example_task_group_decorator to 2024-03-18 00:00:00+00:00, run_after=2024-03-19 00:00:00+00:00
[2024-03-19T09:53:55.417+0000] {processor.py:183} INFO - Processing /home/airflow/.local/lib/python3.8/site-packages/airflow/example_dags/example_task_group_decorator.py took 0.146 seconds
[2024-03-19T09:54:25.888+0000] {processor.py:161} INFO - Started process (PID=23827) to work on /home/airflow/.local/lib/python3.8/site-packages/airflow/example_dags/example_task_group_decorator.py
[2024-03-19T09:54:25.891+0000] {processor.py:830} INFO - Processing file /home/airflow/.local/lib/python3.8/site-packages/airflow/example_dags/example_task_group_decorator.py for tasks to queue
[2024-03-19T09:54:25.893+0000] {logging_mixin.py:188} INFO - [2024-03-19T09:54:25.892+0000] {dagbag.py:540} INFO - Filling up the DagBag from /home/airflow/.local/lib/python3.8/site-packages/airflow/example_dags/example_task_group_decorator.py
[2024-03-19T09:54:25.915+0000] {processor.py:840} INFO - DAG(s) 'example_task_group_decorator' retrieved from /home/airflow/.local/lib/python3.8/site-packages/airflow/example_dags/example_task_group_decorator.py
[2024-03-19T09:54:25.953+0000] {logging_mixin.py:188} INFO - [2024-03-19T09:54:25.953+0000] {dag.py:3047} INFO - Sync 1 DAGs
[2024-03-19T09:54:25.984+0000] {logging_mixin.py:188} INFO - [2024-03-19T09:54:25.984+0000] {dag.py:3834} INFO - Setting next_dagrun for example_task_group_decorator to 2024-03-18 00:00:00+00:00, run_after=2024-03-19 00:00:00+00:00
[2024-03-19T09:54:26.013+0000] {processor.py:183} INFO - Processing /home/airflow/.local/lib/python3.8/site-packages/airflow/example_dags/example_task_group_decorator.py took 0.131 seconds
[2024-03-19T09:54:56.348+0000] {processor.py:161} INFO - Started process (PID=23881) to work on /home/airflow/.local/lib/python3.8/site-packages/airflow/example_dags/example_task_group_decorator.py
[2024-03-19T09:54:56.350+0000] {processor.py:830} INFO - Processing file /home/airflow/.local/lib/python3.8/site-packages/airflow/example_dags/example_task_group_decorator.py for tasks to queue
[2024-03-19T09:54:56.351+0000] {logging_mixin.py:188} INFO - [2024-03-19T09:54:56.351+0000] {dagbag.py:540} INFO - Filling up the DagBag from /home/airflow/.local/lib/python3.8/site-packages/airflow/example_dags/example_task_group_decorator.py
[2024-03-19T09:54:56.370+0000] {processor.py:840} INFO - DAG(s) 'example_task_group_decorator' retrieved from /home/airflow/.local/lib/python3.8/site-packages/airflow/example_dags/example_task_group_decorator.py
[2024-03-19T09:54:56.401+0000] {logging_mixin.py:188} INFO - [2024-03-19T09:54:56.401+0000] {dag.py:3047} INFO - Sync 1 DAGs
[2024-03-19T09:54:56.426+0000] {logging_mixin.py:188} INFO - [2024-03-19T09:54:56.426+0000] {dag.py:3834} INFO - Setting next_dagrun for example_task_group_decorator to 2024-03-18 00:00:00+00:00, run_after=2024-03-19 00:00:00+00:00
[2024-03-19T09:54:56.450+0000] {processor.py:183} INFO - Processing /home/airflow/.local/lib/python3.8/site-packages/airflow/example_dags/example_task_group_decorator.py took 0.108 seconds
[2024-03-19T09:55:26.997+0000] {processor.py:161} INFO - Started process (PID=23936) to work on /home/airflow/.local/lib/python3.8/site-packages/airflow/example_dags/example_task_group_decorator.py
[2024-03-19T09:55:26.999+0000] {processor.py:830} INFO - Processing file /home/airflow/.local/lib/python3.8/site-packages/airflow/example_dags/example_task_group_decorator.py for tasks to queue
[2024-03-19T09:55:27.000+0000] {logging_mixin.py:188} INFO - [2024-03-19T09:55:27.000+0000] {dagbag.py:540} INFO - Filling up the DagBag from /home/airflow/.local/lib/python3.8/site-packages/airflow/example_dags/example_task_group_decorator.py
[2024-03-19T09:55:27.019+0000] {processor.py:840} INFO - DAG(s) 'example_task_group_decorator' retrieved from /home/airflow/.local/lib/python3.8/site-packages/airflow/example_dags/example_task_group_decorator.py
[2024-03-19T09:55:27.049+0000] {logging_mixin.py:188} INFO - [2024-03-19T09:55:27.049+0000] {dag.py:3047} INFO - Sync 1 DAGs
[2024-03-19T09:55:27.074+0000] {logging_mixin.py:188} INFO - [2024-03-19T09:55:27.073+0000] {dag.py:3834} INFO - Setting next_dagrun for example_task_group_decorator to 2024-03-18 00:00:00+00:00, run_after=2024-03-19 00:00:00+00:00
[2024-03-19T09:55:27.098+0000] {processor.py:183} INFO - Processing /home/airflow/.local/lib/python3.8/site-packages/airflow/example_dags/example_task_group_decorator.py took 0.105 seconds
[2024-03-19T09:55:57.507+0000] {processor.py:161} INFO - Started process (PID=23991) to work on /home/airflow/.local/lib/python3.8/site-packages/airflow/example_dags/example_task_group_decorator.py
[2024-03-19T09:55:57.510+0000] {processor.py:830} INFO - Processing file /home/airflow/.local/lib/python3.8/site-packages/airflow/example_dags/example_task_group_decorator.py for tasks to queue
[2024-03-19T09:55:57.512+0000] {logging_mixin.py:188} INFO - [2024-03-19T09:55:57.512+0000] {dagbag.py:540} INFO - Filling up the DagBag from /home/airflow/.local/lib/python3.8/site-packages/airflow/example_dags/example_task_group_decorator.py
[2024-03-19T09:55:57.531+0000] {processor.py:840} INFO - DAG(s) 'example_task_group_decorator' retrieved from /home/airflow/.local/lib/python3.8/site-packages/airflow/example_dags/example_task_group_decorator.py
[2024-03-19T09:55:57.571+0000] {logging_mixin.py:188} INFO - [2024-03-19T09:55:57.571+0000] {dag.py:3047} INFO - Sync 1 DAGs
[2024-03-19T09:55:57.606+0000] {logging_mixin.py:188} INFO - [2024-03-19T09:55:57.606+0000] {dag.py:3834} INFO - Setting next_dagrun for example_task_group_decorator to 2024-03-18 00:00:00+00:00, run_after=2024-03-19 00:00:00+00:00
[2024-03-19T09:55:57.641+0000] {processor.py:183} INFO - Processing /home/airflow/.local/lib/python3.8/site-packages/airflow/example_dags/example_task_group_decorator.py took 0.139 seconds
[2024-03-19T09:56:27.966+0000] {processor.py:161} INFO - Started process (PID=24046) to work on /home/airflow/.local/lib/python3.8/site-packages/airflow/example_dags/example_task_group_decorator.py
[2024-03-19T09:56:27.969+0000] {processor.py:830} INFO - Processing file /home/airflow/.local/lib/python3.8/site-packages/airflow/example_dags/example_task_group_decorator.py for tasks to queue
[2024-03-19T09:56:27.970+0000] {logging_mixin.py:188} INFO - [2024-03-19T09:56:27.970+0000] {dagbag.py:540} INFO - Filling up the DagBag from /home/airflow/.local/lib/python3.8/site-packages/airflow/example_dags/example_task_group_decorator.py
[2024-03-19T09:56:27.989+0000] {processor.py:840} INFO - DAG(s) 'example_task_group_decorator' retrieved from /home/airflow/.local/lib/python3.8/site-packages/airflow/example_dags/example_task_group_decorator.py
[2024-03-19T09:56:28.033+0000] {logging_mixin.py:188} INFO - [2024-03-19T09:56:28.032+0000] {dag.py:3047} INFO - Sync 1 DAGs
[2024-03-19T09:56:28.067+0000] {logging_mixin.py:188} INFO - [2024-03-19T09:56:28.067+0000] {dag.py:3834} INFO - Setting next_dagrun for example_task_group_decorator to 2024-03-18 00:00:00+00:00, run_after=2024-03-19 00:00:00+00:00
[2024-03-19T09:56:28.096+0000] {processor.py:183} INFO - Processing /home/airflow/.local/lib/python3.8/site-packages/airflow/example_dags/example_task_group_decorator.py took 0.136 seconds
[2024-03-19T09:56:58.673+0000] {processor.py:161} INFO - Started process (PID=24101) to work on /home/airflow/.local/lib/python3.8/site-packages/airflow/example_dags/example_task_group_decorator.py
[2024-03-19T09:56:58.675+0000] {processor.py:830} INFO - Processing file /home/airflow/.local/lib/python3.8/site-packages/airflow/example_dags/example_task_group_decorator.py for tasks to queue
[2024-03-19T09:56:58.677+0000] {logging_mixin.py:188} INFO - [2024-03-19T09:56:58.676+0000] {dagbag.py:540} INFO - Filling up the DagBag from /home/airflow/.local/lib/python3.8/site-packages/airflow/example_dags/example_task_group_decorator.py
[2024-03-19T09:56:58.703+0000] {processor.py:840} INFO - DAG(s) 'example_task_group_decorator' retrieved from /home/airflow/.local/lib/python3.8/site-packages/airflow/example_dags/example_task_group_decorator.py
[2024-03-19T09:56:58.757+0000] {logging_mixin.py:188} INFO - [2024-03-19T09:56:58.757+0000] {dag.py:3047} INFO - Sync 1 DAGs
[2024-03-19T09:56:58.797+0000] {logging_mixin.py:188} INFO - [2024-03-19T09:56:58.796+0000] {dag.py:3834} INFO - Setting next_dagrun for example_task_group_decorator to 2024-03-18 00:00:00+00:00, run_after=2024-03-19 00:00:00+00:00
[2024-03-19T09:56:58.840+0000] {processor.py:183} INFO - Processing /home/airflow/.local/lib/python3.8/site-packages/airflow/example_dags/example_task_group_decorator.py took 0.175 seconds
