[2024-03-19T09:44:25.844+0000] {processor.py:161} INFO - Started process (PID=22780) to work on /home/airflow/.local/lib/python3.8/site-packages/airflow/example_dags/example_setup_teardown_taskflow.py
[2024-03-19T09:44:25.851+0000] {processor.py:830} INFO - Processing file /home/airflow/.local/lib/python3.8/site-packages/airflow/example_dags/example_setup_teardown_taskflow.py for tasks to queue
[2024-03-19T09:44:25.862+0000] {logging_mixin.py:188} INFO - [2024-03-19T09:44:25.861+0000] {dagbag.py:540} INFO - Filling up the DagBag from /home/airflow/.local/lib/python3.8/site-packages/airflow/example_dags/example_setup_teardown_taskflow.py
[2024-03-19T09:44:25.934+0000] {processor.py:840} INFO - DAG(s) 'example_setup_teardown_taskflow' retrieved from /home/airflow/.local/lib/python3.8/site-packages/airflow/example_dags/example_setup_teardown_taskflow.py
[2024-03-19T09:44:26.092+0000] {logging_mixin.py:188} INFO - [2024-03-19T09:44:26.091+0000] {dag.py:3047} INFO - Sync 1 DAGs
[2024-03-19T09:44:26.328+0000] {logging_mixin.py:188} INFO - [2024-03-19T09:44:26.328+0000] {dag.py:3834} INFO - Setting next_dagrun for example_setup_teardown_taskflow to 2024-03-18 00:00:00+00:00, run_after=2024-03-19 00:00:00+00:00
[2024-03-19T09:44:26.610+0000] {processor.py:183} INFO - Processing /home/airflow/.local/lib/python3.8/site-packages/airflow/example_dags/example_setup_teardown_taskflow.py took 0.777 seconds
[2024-03-19T09:44:57.417+0000] {processor.py:161} INFO - Started process (PID=22835) to work on /home/airflow/.local/lib/python3.8/site-packages/airflow/example_dags/example_setup_teardown_taskflow.py
[2024-03-19T09:44:57.419+0000] {processor.py:830} INFO - Processing file /home/airflow/.local/lib/python3.8/site-packages/airflow/example_dags/example_setup_teardown_taskflow.py for tasks to queue
[2024-03-19T09:44:57.421+0000] {logging_mixin.py:188} INFO - [2024-03-19T09:44:57.420+0000] {dagbag.py:540} INFO - Filling up the DagBag from /home/airflow/.local/lib/python3.8/site-packages/airflow/example_dags/example_setup_teardown_taskflow.py
[2024-03-19T09:44:57.433+0000] {processor.py:840} INFO - DAG(s) 'example_setup_teardown_taskflow' retrieved from /home/airflow/.local/lib/python3.8/site-packages/airflow/example_dags/example_setup_teardown_taskflow.py
[2024-03-19T09:44:57.465+0000] {logging_mixin.py:188} INFO - [2024-03-19T09:44:57.464+0000] {dag.py:3047} INFO - Sync 1 DAGs
[2024-03-19T09:44:57.488+0000] {logging_mixin.py:188} INFO - [2024-03-19T09:44:57.488+0000] {dag.py:3834} INFO - Setting next_dagrun for example_setup_teardown_taskflow to 2024-03-18 00:00:00+00:00, run_after=2024-03-19 00:00:00+00:00
[2024-03-19T09:44:57.514+0000] {processor.py:183} INFO - Processing /home/airflow/.local/lib/python3.8/site-packages/airflow/example_dags/example_setup_teardown_taskflow.py took 0.101 seconds
[2024-03-19T09:45:29.433+0000] {processor.py:161} INFO - Started process (PID=22890) to work on /home/airflow/.local/lib/python3.8/site-packages/airflow/example_dags/example_setup_teardown_taskflow.py
[2024-03-19T09:45:29.514+0000] {processor.py:830} INFO - Processing file /home/airflow/.local/lib/python3.8/site-packages/airflow/example_dags/example_setup_teardown_taskflow.py for tasks to queue
[2024-03-19T09:45:29.545+0000] {logging_mixin.py:188} INFO - [2024-03-19T09:45:29.544+0000] {dagbag.py:540} INFO - Filling up the DagBag from /home/airflow/.local/lib/python3.8/site-packages/airflow/example_dags/example_setup_teardown_taskflow.py
[2024-03-19T09:45:31.084+0000] {processor.py:840} INFO - DAG(s) 'example_setup_teardown_taskflow' retrieved from /home/airflow/.local/lib/python3.8/site-packages/airflow/example_dags/example_setup_teardown_taskflow.py
[2024-03-19T09:45:31.464+0000] {logging_mixin.py:188} INFO - [2024-03-19T09:45:31.463+0000] {dag.py:3047} INFO - Sync 1 DAGs
[2024-03-19T09:45:31.682+0000] {logging_mixin.py:188} INFO - [2024-03-19T09:45:31.681+0000] {dag.py:3834} INFO - Setting next_dagrun for example_setup_teardown_taskflow to 2024-03-18 00:00:00+00:00, run_after=2024-03-19 00:00:00+00:00
[2024-03-19T09:45:31.927+0000] {processor.py:183} INFO - Processing /home/airflow/.local/lib/python3.8/site-packages/airflow/example_dags/example_setup_teardown_taskflow.py took 2.524 seconds
[2024-03-19T09:46:06.298+0000] {processor.py:161} INFO - Started process (PID=22945) to work on /home/airflow/.local/lib/python3.8/site-packages/airflow/example_dags/example_setup_teardown_taskflow.py
[2024-03-19T09:46:06.307+0000] {processor.py:830} INFO - Processing file /home/airflow/.local/lib/python3.8/site-packages/airflow/example_dags/example_setup_teardown_taskflow.py for tasks to queue
[2024-03-19T09:46:06.320+0000] {logging_mixin.py:188} INFO - [2024-03-19T09:46:06.311+0000] {dagbag.py:540} INFO - Filling up the DagBag from /home/airflow/.local/lib/python3.8/site-packages/airflow/example_dags/example_setup_teardown_taskflow.py
[2024-03-19T09:46:06.430+0000] {processor.py:840} INFO - DAG(s) 'example_setup_teardown_taskflow' retrieved from /home/airflow/.local/lib/python3.8/site-packages/airflow/example_dags/example_setup_teardown_taskflow.py
[2024-03-19T09:46:07.098+0000] {logging_mixin.py:188} INFO - [2024-03-19T09:46:07.089+0000] {dag.py:3047} INFO - Sync 1 DAGs
[2024-03-19T09:46:07.234+0000] {logging_mixin.py:188} INFO - [2024-03-19T09:46:07.234+0000] {dag.py:3834} INFO - Setting next_dagrun for example_setup_teardown_taskflow to 2024-03-18 00:00:00+00:00, run_after=2024-03-19 00:00:00+00:00
[2024-03-19T09:46:08.155+0000] {processor.py:183} INFO - Processing /home/airflow/.local/lib/python3.8/site-packages/airflow/example_dags/example_setup_teardown_taskflow.py took 1.938 seconds
[2024-03-19T09:46:39.225+0000] {processor.py:161} INFO - Started process (PID=22998) to work on /home/airflow/.local/lib/python3.8/site-packages/airflow/example_dags/example_setup_teardown_taskflow.py
[2024-03-19T09:46:39.227+0000] {processor.py:830} INFO - Processing file /home/airflow/.local/lib/python3.8/site-packages/airflow/example_dags/example_setup_teardown_taskflow.py for tasks to queue
[2024-03-19T09:46:39.228+0000] {logging_mixin.py:188} INFO - [2024-03-19T09:46:39.228+0000] {dagbag.py:540} INFO - Filling up the DagBag from /home/airflow/.local/lib/python3.8/site-packages/airflow/example_dags/example_setup_teardown_taskflow.py
[2024-03-19T09:46:39.241+0000] {processor.py:840} INFO - DAG(s) 'example_setup_teardown_taskflow' retrieved from /home/airflow/.local/lib/python3.8/site-packages/airflow/example_dags/example_setup_teardown_taskflow.py
[2024-03-19T09:46:39.270+0000] {logging_mixin.py:188} INFO - [2024-03-19T09:46:39.269+0000] {dag.py:3047} INFO - Sync 1 DAGs
[2024-03-19T09:46:39.295+0000] {logging_mixin.py:188} INFO - [2024-03-19T09:46:39.295+0000] {dag.py:3834} INFO - Setting next_dagrun for example_setup_teardown_taskflow to 2024-03-18 00:00:00+00:00, run_after=2024-03-19 00:00:00+00:00
[2024-03-19T09:46:39.321+0000] {processor.py:183} INFO - Processing /home/airflow/.local/lib/python3.8/site-packages/airflow/example_dags/example_setup_teardown_taskflow.py took 0.100 seconds
[2024-03-19T09:47:09.834+0000] {processor.py:161} INFO - Started process (PID=23053) to work on /home/airflow/.local/lib/python3.8/site-packages/airflow/example_dags/example_setup_teardown_taskflow.py
[2024-03-19T09:47:09.885+0000] {processor.py:830} INFO - Processing file /home/airflow/.local/lib/python3.8/site-packages/airflow/example_dags/example_setup_teardown_taskflow.py for tasks to queue
[2024-03-19T09:47:09.901+0000] {logging_mixin.py:188} INFO - [2024-03-19T09:47:09.900+0000] {dagbag.py:540} INFO - Filling up the DagBag from /home/airflow/.local/lib/python3.8/site-packages/airflow/example_dags/example_setup_teardown_taskflow.py
[2024-03-19T09:47:09.981+0000] {processor.py:840} INFO - DAG(s) 'example_setup_teardown_taskflow' retrieved from /home/airflow/.local/lib/python3.8/site-packages/airflow/example_dags/example_setup_teardown_taskflow.py
[2024-03-19T09:47:10.104+0000] {logging_mixin.py:188} INFO - [2024-03-19T09:47:10.103+0000] {dag.py:3047} INFO - Sync 1 DAGs
[2024-03-19T09:47:10.388+0000] {logging_mixin.py:188} INFO - [2024-03-19T09:47:10.388+0000] {dag.py:3834} INFO - Setting next_dagrun for example_setup_teardown_taskflow to 2024-03-18 00:00:00+00:00, run_after=2024-03-19 00:00:00+00:00
[2024-03-19T09:47:10.523+0000] {processor.py:183} INFO - Processing /home/airflow/.local/lib/python3.8/site-packages/airflow/example_dags/example_setup_teardown_taskflow.py took 0.599 seconds
[2024-03-19T09:47:40.904+0000] {processor.py:161} INFO - Started process (PID=23108) to work on /home/airflow/.local/lib/python3.8/site-packages/airflow/example_dags/example_setup_teardown_taskflow.py
[2024-03-19T09:47:40.907+0000] {processor.py:830} INFO - Processing file /home/airflow/.local/lib/python3.8/site-packages/airflow/example_dags/example_setup_teardown_taskflow.py for tasks to queue
[2024-03-19T09:47:40.913+0000] {logging_mixin.py:188} INFO - [2024-03-19T09:47:40.912+0000] {dagbag.py:540} INFO - Filling up the DagBag from /home/airflow/.local/lib/python3.8/site-packages/airflow/example_dags/example_setup_teardown_taskflow.py
[2024-03-19T09:47:40.948+0000] {processor.py:840} INFO - DAG(s) 'example_setup_teardown_taskflow' retrieved from /home/airflow/.local/lib/python3.8/site-packages/airflow/example_dags/example_setup_teardown_taskflow.py
[2024-03-19T09:47:41.107+0000] {logging_mixin.py:188} INFO - [2024-03-19T09:47:41.106+0000] {dag.py:3047} INFO - Sync 1 DAGs
[2024-03-19T09:47:41.317+0000] {logging_mixin.py:188} INFO - [2024-03-19T09:47:41.316+0000] {dag.py:3834} INFO - Setting next_dagrun for example_setup_teardown_taskflow to 2024-03-18 00:00:00+00:00, run_after=2024-03-19 00:00:00+00:00
[2024-03-19T09:47:41.597+0000] {processor.py:183} INFO - Processing /home/airflow/.local/lib/python3.8/site-packages/airflow/example_dags/example_setup_teardown_taskflow.py took 0.742 seconds
[2024-03-19T09:48:12.177+0000] {processor.py:161} INFO - Started process (PID=23163) to work on /home/airflow/.local/lib/python3.8/site-packages/airflow/example_dags/example_setup_teardown_taskflow.py
[2024-03-19T09:48:12.179+0000] {processor.py:830} INFO - Processing file /home/airflow/.local/lib/python3.8/site-packages/airflow/example_dags/example_setup_teardown_taskflow.py for tasks to queue
[2024-03-19T09:48:12.180+0000] {logging_mixin.py:188} INFO - [2024-03-19T09:48:12.180+0000] {dagbag.py:540} INFO - Filling up the DagBag from /home/airflow/.local/lib/python3.8/site-packages/airflow/example_dags/example_setup_teardown_taskflow.py
[2024-03-19T09:48:12.191+0000] {processor.py:840} INFO - DAG(s) 'example_setup_teardown_taskflow' retrieved from /home/airflow/.local/lib/python3.8/site-packages/airflow/example_dags/example_setup_teardown_taskflow.py
[2024-03-19T09:48:12.218+0000] {logging_mixin.py:188} INFO - [2024-03-19T09:48:12.218+0000] {dag.py:3047} INFO - Sync 1 DAGs
[2024-03-19T09:48:12.243+0000] {logging_mixin.py:188} INFO - [2024-03-19T09:48:12.243+0000] {dag.py:3834} INFO - Setting next_dagrun for example_setup_teardown_taskflow to 2024-03-18 00:00:00+00:00, run_after=2024-03-19 00:00:00+00:00
[2024-03-19T09:48:12.267+0000] {processor.py:183} INFO - Processing /home/airflow/.local/lib/python3.8/site-packages/airflow/example_dags/example_setup_teardown_taskflow.py took 0.094 seconds
[2024-03-19T09:48:42.565+0000] {processor.py:161} INFO - Started process (PID=23218) to work on /home/airflow/.local/lib/python3.8/site-packages/airflow/example_dags/example_setup_teardown_taskflow.py
[2024-03-19T09:48:42.566+0000] {processor.py:830} INFO - Processing file /home/airflow/.local/lib/python3.8/site-packages/airflow/example_dags/example_setup_teardown_taskflow.py for tasks to queue
[2024-03-19T09:48:42.568+0000] {logging_mixin.py:188} INFO - [2024-03-19T09:48:42.567+0000] {dagbag.py:540} INFO - Filling up the DagBag from /home/airflow/.local/lib/python3.8/site-packages/airflow/example_dags/example_setup_teardown_taskflow.py
[2024-03-19T09:48:42.581+0000] {processor.py:840} INFO - DAG(s) 'example_setup_teardown_taskflow' retrieved from /home/airflow/.local/lib/python3.8/site-packages/airflow/example_dags/example_setup_teardown_taskflow.py
[2024-03-19T09:48:42.612+0000] {logging_mixin.py:188} INFO - [2024-03-19T09:48:42.611+0000] {dag.py:3047} INFO - Sync 1 DAGs
[2024-03-19T09:48:42.645+0000] {logging_mixin.py:188} INFO - [2024-03-19T09:48:42.645+0000] {dag.py:3834} INFO - Setting next_dagrun for example_setup_teardown_taskflow to 2024-03-18 00:00:00+00:00, run_after=2024-03-19 00:00:00+00:00
[2024-03-19T09:48:42.670+0000] {processor.py:183} INFO - Processing /home/airflow/.local/lib/python3.8/site-packages/airflow/example_dags/example_setup_teardown_taskflow.py took 0.110 seconds
[2024-03-19T09:49:12.889+0000] {processor.py:161} INFO - Started process (PID=23273) to work on /home/airflow/.local/lib/python3.8/site-packages/airflow/example_dags/example_setup_teardown_taskflow.py
[2024-03-19T09:49:12.891+0000] {processor.py:830} INFO - Processing file /home/airflow/.local/lib/python3.8/site-packages/airflow/example_dags/example_setup_teardown_taskflow.py for tasks to queue
[2024-03-19T09:49:12.893+0000] {logging_mixin.py:188} INFO - [2024-03-19T09:49:12.892+0000] {dagbag.py:540} INFO - Filling up the DagBag from /home/airflow/.local/lib/python3.8/site-packages/airflow/example_dags/example_setup_teardown_taskflow.py
[2024-03-19T09:49:12.904+0000] {processor.py:840} INFO - DAG(s) 'example_setup_teardown_taskflow' retrieved from /home/airflow/.local/lib/python3.8/site-packages/airflow/example_dags/example_setup_teardown_taskflow.py
[2024-03-19T09:49:12.931+0000] {logging_mixin.py:188} INFO - [2024-03-19T09:49:12.931+0000] {dag.py:3047} INFO - Sync 1 DAGs
[2024-03-19T09:49:12.956+0000] {logging_mixin.py:188} INFO - [2024-03-19T09:49:12.955+0000] {dag.py:3834} INFO - Setting next_dagrun for example_setup_teardown_taskflow to 2024-03-18 00:00:00+00:00, run_after=2024-03-19 00:00:00+00:00
[2024-03-19T09:49:12.978+0000] {processor.py:183} INFO - Processing /home/airflow/.local/lib/python3.8/site-packages/airflow/example_dags/example_setup_teardown_taskflow.py took 0.093 seconds
[2024-03-19T09:49:43.565+0000] {processor.py:161} INFO - Started process (PID=23328) to work on /home/airflow/.local/lib/python3.8/site-packages/airflow/example_dags/example_setup_teardown_taskflow.py
[2024-03-19T09:49:43.567+0000] {processor.py:830} INFO - Processing file /home/airflow/.local/lib/python3.8/site-packages/airflow/example_dags/example_setup_teardown_taskflow.py for tasks to queue
[2024-03-19T09:49:43.568+0000] {logging_mixin.py:188} INFO - [2024-03-19T09:49:43.568+0000] {dagbag.py:540} INFO - Filling up the DagBag from /home/airflow/.local/lib/python3.8/site-packages/airflow/example_dags/example_setup_teardown_taskflow.py
[2024-03-19T09:49:43.583+0000] {processor.py:840} INFO - DAG(s) 'example_setup_teardown_taskflow' retrieved from /home/airflow/.local/lib/python3.8/site-packages/airflow/example_dags/example_setup_teardown_taskflow.py
[2024-03-19T09:49:43.620+0000] {logging_mixin.py:188} INFO - [2024-03-19T09:49:43.619+0000] {dag.py:3047} INFO - Sync 1 DAGs
[2024-03-19T09:49:43.648+0000] {logging_mixin.py:188} INFO - [2024-03-19T09:49:43.648+0000] {dag.py:3834} INFO - Setting next_dagrun for example_setup_teardown_taskflow to 2024-03-18 00:00:00+00:00, run_after=2024-03-19 00:00:00+00:00
[2024-03-19T09:49:43.680+0000] {processor.py:183} INFO - Processing /home/airflow/.local/lib/python3.8/site-packages/airflow/example_dags/example_setup_teardown_taskflow.py took 0.119 seconds
[2024-03-19T09:50:14.526+0000] {processor.py:161} INFO - Started process (PID=23382) to work on /home/airflow/.local/lib/python3.8/site-packages/airflow/example_dags/example_setup_teardown_taskflow.py
[2024-03-19T09:50:14.528+0000] {processor.py:830} INFO - Processing file /home/airflow/.local/lib/python3.8/site-packages/airflow/example_dags/example_setup_teardown_taskflow.py for tasks to queue
[2024-03-19T09:50:14.531+0000] {logging_mixin.py:188} INFO - [2024-03-19T09:50:14.530+0000] {dagbag.py:540} INFO - Filling up the DagBag from /home/airflow/.local/lib/python3.8/site-packages/airflow/example_dags/example_setup_teardown_taskflow.py
[2024-03-19T09:50:14.546+0000] {processor.py:840} INFO - DAG(s) 'example_setup_teardown_taskflow' retrieved from /home/airflow/.local/lib/python3.8/site-packages/airflow/example_dags/example_setup_teardown_taskflow.py
[2024-03-19T09:50:14.582+0000] {logging_mixin.py:188} INFO - [2024-03-19T09:50:14.581+0000] {dag.py:3047} INFO - Sync 1 DAGs
[2024-03-19T09:50:14.614+0000] {logging_mixin.py:188} INFO - [2024-03-19T09:50:14.614+0000] {dag.py:3834} INFO - Setting next_dagrun for example_setup_teardown_taskflow to 2024-03-18 00:00:00+00:00, run_after=2024-03-19 00:00:00+00:00
[2024-03-19T09:50:14.651+0000] {processor.py:183} INFO - Processing /home/airflow/.local/lib/python3.8/site-packages/airflow/example_dags/example_setup_teardown_taskflow.py took 0.130 seconds
[2024-03-19T09:50:48.290+0000] {processor.py:161} INFO - Started process (PID=23436) to work on /home/airflow/.local/lib/python3.8/site-packages/airflow/example_dags/example_setup_teardown_taskflow.py
[2024-03-19T09:50:48.329+0000] {processor.py:830} INFO - Processing file /home/airflow/.local/lib/python3.8/site-packages/airflow/example_dags/example_setup_teardown_taskflow.py for tasks to queue
[2024-03-19T09:50:48.338+0000] {logging_mixin.py:188} INFO - [2024-03-19T09:50:48.337+0000] {dagbag.py:540} INFO - Filling up the DagBag from /home/airflow/.local/lib/python3.8/site-packages/airflow/example_dags/example_setup_teardown_taskflow.py
[2024-03-19T09:50:48.582+0000] {processor.py:840} INFO - DAG(s) 'example_setup_teardown_taskflow' retrieved from /home/airflow/.local/lib/python3.8/site-packages/airflow/example_dags/example_setup_teardown_taskflow.py
[2024-03-19T09:50:48.982+0000] {logging_mixin.py:188} INFO - [2024-03-19T09:50:48.981+0000] {dag.py:3047} INFO - Sync 1 DAGs
[2024-03-19T09:50:49.295+0000] {logging_mixin.py:188} INFO - [2024-03-19T09:50:49.288+0000] {dag.py:3834} INFO - Setting next_dagrun for example_setup_teardown_taskflow to 2024-03-18 00:00:00+00:00, run_after=2024-03-19 00:00:00+00:00
[2024-03-19T09:50:49.514+0000] {processor.py:183} INFO - Processing /home/airflow/.local/lib/python3.8/site-packages/airflow/example_dags/example_setup_teardown_taskflow.py took 1.280 seconds
[2024-03-19T09:51:20.189+0000] {processor.py:161} INFO - Started process (PID=23491) to work on /home/airflow/.local/lib/python3.8/site-packages/airflow/example_dags/example_setup_teardown_taskflow.py
[2024-03-19T09:51:20.194+0000] {processor.py:830} INFO - Processing file /home/airflow/.local/lib/python3.8/site-packages/airflow/example_dags/example_setup_teardown_taskflow.py for tasks to queue
[2024-03-19T09:51:20.197+0000] {logging_mixin.py:188} INFO - [2024-03-19T09:51:20.196+0000] {dagbag.py:540} INFO - Filling up the DagBag from /home/airflow/.local/lib/python3.8/site-packages/airflow/example_dags/example_setup_teardown_taskflow.py
[2024-03-19T09:51:20.218+0000] {processor.py:840} INFO - DAG(s) 'example_setup_teardown_taskflow' retrieved from /home/airflow/.local/lib/python3.8/site-packages/airflow/example_dags/example_setup_teardown_taskflow.py
[2024-03-19T09:51:20.271+0000] {logging_mixin.py:188} INFO - [2024-03-19T09:51:20.271+0000] {dag.py:3047} INFO - Sync 1 DAGs
[2024-03-19T09:51:20.312+0000] {logging_mixin.py:188} INFO - [2024-03-19T09:51:20.311+0000] {dag.py:3834} INFO - Setting next_dagrun for example_setup_teardown_taskflow to 2024-03-18 00:00:00+00:00, run_after=2024-03-19 00:00:00+00:00
[2024-03-19T09:51:20.348+0000] {processor.py:183} INFO - Processing /home/airflow/.local/lib/python3.8/site-packages/airflow/example_dags/example_setup_teardown_taskflow.py took 0.166 seconds
[2024-03-19T09:51:51.107+0000] {processor.py:161} INFO - Started process (PID=23546) to work on /home/airflow/.local/lib/python3.8/site-packages/airflow/example_dags/example_setup_teardown_taskflow.py
[2024-03-19T09:51:51.110+0000] {processor.py:830} INFO - Processing file /home/airflow/.local/lib/python3.8/site-packages/airflow/example_dags/example_setup_teardown_taskflow.py for tasks to queue
[2024-03-19T09:51:51.112+0000] {logging_mixin.py:188} INFO - [2024-03-19T09:51:51.111+0000] {dagbag.py:540} INFO - Filling up the DagBag from /home/airflow/.local/lib/python3.8/site-packages/airflow/example_dags/example_setup_teardown_taskflow.py
[2024-03-19T09:51:51.126+0000] {processor.py:840} INFO - DAG(s) 'example_setup_teardown_taskflow' retrieved from /home/airflow/.local/lib/python3.8/site-packages/airflow/example_dags/example_setup_teardown_taskflow.py
[2024-03-19T09:51:51.159+0000] {logging_mixin.py:188} INFO - [2024-03-19T09:51:51.158+0000] {dag.py:3047} INFO - Sync 1 DAGs
[2024-03-19T09:51:51.186+0000] {logging_mixin.py:188} INFO - [2024-03-19T09:51:51.185+0000] {dag.py:3834} INFO - Setting next_dagrun for example_setup_teardown_taskflow to 2024-03-18 00:00:00+00:00, run_after=2024-03-19 00:00:00+00:00
[2024-03-19T09:51:51.214+0000] {processor.py:183} INFO - Processing /home/airflow/.local/lib/python3.8/site-packages/airflow/example_dags/example_setup_teardown_taskflow.py took 0.114 seconds
[2024-03-19T09:52:21.897+0000] {processor.py:161} INFO - Started process (PID=23601) to work on /home/airflow/.local/lib/python3.8/site-packages/airflow/example_dags/example_setup_teardown_taskflow.py
[2024-03-19T09:52:21.901+0000] {processor.py:830} INFO - Processing file /home/airflow/.local/lib/python3.8/site-packages/airflow/example_dags/example_setup_teardown_taskflow.py for tasks to queue
[2024-03-19T09:52:21.903+0000] {logging_mixin.py:188} INFO - [2024-03-19T09:52:21.903+0000] {dagbag.py:540} INFO - Filling up the DagBag from /home/airflow/.local/lib/python3.8/site-packages/airflow/example_dags/example_setup_teardown_taskflow.py
[2024-03-19T09:52:21.918+0000] {processor.py:840} INFO - DAG(s) 'example_setup_teardown_taskflow' retrieved from /home/airflow/.local/lib/python3.8/site-packages/airflow/example_dags/example_setup_teardown_taskflow.py
[2024-03-19T09:52:21.955+0000] {logging_mixin.py:188} INFO - [2024-03-19T09:52:21.955+0000] {dag.py:3047} INFO - Sync 1 DAGs
[2024-03-19T09:52:21.988+0000] {logging_mixin.py:188} INFO - [2024-03-19T09:52:21.988+0000] {dag.py:3834} INFO - Setting next_dagrun for example_setup_teardown_taskflow to 2024-03-18 00:00:00+00:00, run_after=2024-03-19 00:00:00+00:00
[2024-03-19T09:52:22.042+0000] {processor.py:183} INFO - Processing /home/airflow/.local/lib/python3.8/site-packages/airflow/example_dags/example_setup_teardown_taskflow.py took 0.150 seconds
[2024-03-19T09:52:52.543+0000] {processor.py:161} INFO - Started process (PID=23656) to work on /home/airflow/.local/lib/python3.8/site-packages/airflow/example_dags/example_setup_teardown_taskflow.py
[2024-03-19T09:52:52.548+0000] {processor.py:830} INFO - Processing file /home/airflow/.local/lib/python3.8/site-packages/airflow/example_dags/example_setup_teardown_taskflow.py for tasks to queue
[2024-03-19T09:52:52.552+0000] {logging_mixin.py:188} INFO - [2024-03-19T09:52:52.551+0000] {dagbag.py:540} INFO - Filling up the DagBag from /home/airflow/.local/lib/python3.8/site-packages/airflow/example_dags/example_setup_teardown_taskflow.py
[2024-03-19T09:52:52.577+0000] {processor.py:840} INFO - DAG(s) 'example_setup_teardown_taskflow' retrieved from /home/airflow/.local/lib/python3.8/site-packages/airflow/example_dags/example_setup_teardown_taskflow.py
[2024-03-19T09:52:52.635+0000] {logging_mixin.py:188} INFO - [2024-03-19T09:52:52.626+0000] {dag.py:3047} INFO - Sync 1 DAGs
[2024-03-19T09:52:52.715+0000] {logging_mixin.py:188} INFO - [2024-03-19T09:52:52.714+0000] {dag.py:3834} INFO - Setting next_dagrun for example_setup_teardown_taskflow to 2024-03-18 00:00:00+00:00, run_after=2024-03-19 00:00:00+00:00
[2024-03-19T09:52:52.792+0000] {processor.py:183} INFO - Processing /home/airflow/.local/lib/python3.8/site-packages/airflow/example_dags/example_setup_teardown_taskflow.py took 0.258 seconds
[2024-03-19T09:53:23.434+0000] {processor.py:161} INFO - Started process (PID=23711) to work on /home/airflow/.local/lib/python3.8/site-packages/airflow/example_dags/example_setup_teardown_taskflow.py
[2024-03-19T09:53:23.437+0000] {processor.py:830} INFO - Processing file /home/airflow/.local/lib/python3.8/site-packages/airflow/example_dags/example_setup_teardown_taskflow.py for tasks to queue
[2024-03-19T09:53:23.440+0000] {logging_mixin.py:188} INFO - [2024-03-19T09:53:23.439+0000] {dagbag.py:540} INFO - Filling up the DagBag from /home/airflow/.local/lib/python3.8/site-packages/airflow/example_dags/example_setup_teardown_taskflow.py
[2024-03-19T09:53:23.484+0000] {processor.py:840} INFO - DAG(s) 'example_setup_teardown_taskflow' retrieved from /home/airflow/.local/lib/python3.8/site-packages/airflow/example_dags/example_setup_teardown_taskflow.py
[2024-03-19T09:53:23.573+0000] {logging_mixin.py:188} INFO - [2024-03-19T09:53:23.572+0000] {dag.py:3047} INFO - Sync 1 DAGs
[2024-03-19T09:53:23.699+0000] {logging_mixin.py:188} INFO - [2024-03-19T09:53:23.698+0000] {dag.py:3834} INFO - Setting next_dagrun for example_setup_teardown_taskflow to 2024-03-18 00:00:00+00:00, run_after=2024-03-19 00:00:00+00:00
[2024-03-19T09:53:23.790+0000] {processor.py:183} INFO - Processing /home/airflow/.local/lib/python3.8/site-packages/airflow/example_dags/example_setup_teardown_taskflow.py took 0.371 seconds
[2024-03-19T09:53:53.991+0000] {processor.py:161} INFO - Started process (PID=23764) to work on /home/airflow/.local/lib/python3.8/site-packages/airflow/example_dags/example_setup_teardown_taskflow.py
[2024-03-19T09:53:53.993+0000] {processor.py:830} INFO - Processing file /home/airflow/.local/lib/python3.8/site-packages/airflow/example_dags/example_setup_teardown_taskflow.py for tasks to queue
[2024-03-19T09:53:53.996+0000] {logging_mixin.py:188} INFO - [2024-03-19T09:53:53.995+0000] {dagbag.py:540} INFO - Filling up the DagBag from /home/airflow/.local/lib/python3.8/site-packages/airflow/example_dags/example_setup_teardown_taskflow.py
[2024-03-19T09:53:54.032+0000] {processor.py:840} INFO - DAG(s) 'example_setup_teardown_taskflow' retrieved from /home/airflow/.local/lib/python3.8/site-packages/airflow/example_dags/example_setup_teardown_taskflow.py
[2024-03-19T09:53:54.090+0000] {logging_mixin.py:188} INFO - [2024-03-19T09:53:54.089+0000] {dag.py:3047} INFO - Sync 1 DAGs
[2024-03-19T09:53:54.136+0000] {logging_mixin.py:188} INFO - [2024-03-19T09:53:54.136+0000] {dag.py:3834} INFO - Setting next_dagrun for example_setup_teardown_taskflow to 2024-03-18 00:00:00+00:00, run_after=2024-03-19 00:00:00+00:00
[2024-03-19T09:53:54.192+0000] {processor.py:183} INFO - Processing /home/airflow/.local/lib/python3.8/site-packages/airflow/example_dags/example_setup_teardown_taskflow.py took 0.213 seconds
[2024-03-19T09:54:24.932+0000] {processor.py:161} INFO - Started process (PID=23819) to work on /home/airflow/.local/lib/python3.8/site-packages/airflow/example_dags/example_setup_teardown_taskflow.py
[2024-03-19T09:54:24.934+0000] {processor.py:830} INFO - Processing file /home/airflow/.local/lib/python3.8/site-packages/airflow/example_dags/example_setup_teardown_taskflow.py for tasks to queue
[2024-03-19T09:54:24.935+0000] {logging_mixin.py:188} INFO - [2024-03-19T09:54:24.935+0000] {dagbag.py:540} INFO - Filling up the DagBag from /home/airflow/.local/lib/python3.8/site-packages/airflow/example_dags/example_setup_teardown_taskflow.py
[2024-03-19T09:54:24.950+0000] {processor.py:840} INFO - DAG(s) 'example_setup_teardown_taskflow' retrieved from /home/airflow/.local/lib/python3.8/site-packages/airflow/example_dags/example_setup_teardown_taskflow.py
[2024-03-19T09:54:24.982+0000] {logging_mixin.py:188} INFO - [2024-03-19T09:54:24.982+0000] {dag.py:3047} INFO - Sync 1 DAGs
[2024-03-19T09:54:25.026+0000] {logging_mixin.py:188} INFO - [2024-03-19T09:54:25.025+0000] {dag.py:3834} INFO - Setting next_dagrun for example_setup_teardown_taskflow to 2024-03-18 00:00:00+00:00, run_after=2024-03-19 00:00:00+00:00
[2024-03-19T09:54:25.131+0000] {processor.py:183} INFO - Processing /home/airflow/.local/lib/python3.8/site-packages/airflow/example_dags/example_setup_teardown_taskflow.py took 0.205 seconds
[2024-03-19T09:54:55.203+0000] {processor.py:161} INFO - Started process (PID=23874) to work on /home/airflow/.local/lib/python3.8/site-packages/airflow/example_dags/example_setup_teardown_taskflow.py
[2024-03-19T09:54:55.205+0000] {processor.py:830} INFO - Processing file /home/airflow/.local/lib/python3.8/site-packages/airflow/example_dags/example_setup_teardown_taskflow.py for tasks to queue
[2024-03-19T09:54:55.206+0000] {logging_mixin.py:188} INFO - [2024-03-19T09:54:55.206+0000] {dagbag.py:540} INFO - Filling up the DagBag from /home/airflow/.local/lib/python3.8/site-packages/airflow/example_dags/example_setup_teardown_taskflow.py
[2024-03-19T09:54:55.218+0000] {processor.py:840} INFO - DAG(s) 'example_setup_teardown_taskflow' retrieved from /home/airflow/.local/lib/python3.8/site-packages/airflow/example_dags/example_setup_teardown_taskflow.py
[2024-03-19T09:54:55.248+0000] {logging_mixin.py:188} INFO - [2024-03-19T09:54:55.248+0000] {dag.py:3047} INFO - Sync 1 DAGs
[2024-03-19T09:54:55.275+0000] {logging_mixin.py:188} INFO - [2024-03-19T09:54:55.275+0000] {dag.py:3834} INFO - Setting next_dagrun for example_setup_teardown_taskflow to 2024-03-18 00:00:00+00:00, run_after=2024-03-19 00:00:00+00:00
[2024-03-19T09:54:55.300+0000] {processor.py:183} INFO - Processing /home/airflow/.local/lib/python3.8/site-packages/airflow/example_dags/example_setup_teardown_taskflow.py took 0.101 seconds
[2024-03-19T09:55:25.757+0000] {processor.py:161} INFO - Started process (PID=23929) to work on /home/airflow/.local/lib/python3.8/site-packages/airflow/example_dags/example_setup_teardown_taskflow.py
[2024-03-19T09:55:25.759+0000] {processor.py:830} INFO - Processing file /home/airflow/.local/lib/python3.8/site-packages/airflow/example_dags/example_setup_teardown_taskflow.py for tasks to queue
[2024-03-19T09:55:25.760+0000] {logging_mixin.py:188} INFO - [2024-03-19T09:55:25.760+0000] {dagbag.py:540} INFO - Filling up the DagBag from /home/airflow/.local/lib/python3.8/site-packages/airflow/example_dags/example_setup_teardown_taskflow.py
[2024-03-19T09:55:25.772+0000] {processor.py:840} INFO - DAG(s) 'example_setup_teardown_taskflow' retrieved from /home/airflow/.local/lib/python3.8/site-packages/airflow/example_dags/example_setup_teardown_taskflow.py
[2024-03-19T09:55:25.799+0000] {logging_mixin.py:188} INFO - [2024-03-19T09:55:25.798+0000] {dag.py:3047} INFO - Sync 1 DAGs
[2024-03-19T09:55:25.822+0000] {logging_mixin.py:188} INFO - [2024-03-19T09:55:25.822+0000] {dag.py:3834} INFO - Setting next_dagrun for example_setup_teardown_taskflow to 2024-03-18 00:00:00+00:00, run_after=2024-03-19 00:00:00+00:00
[2024-03-19T09:55:25.855+0000] {processor.py:183} INFO - Processing /home/airflow/.local/lib/python3.8/site-packages/airflow/example_dags/example_setup_teardown_taskflow.py took 0.102 seconds
[2024-03-19T09:55:56.494+0000] {processor.py:161} INFO - Started process (PID=23990) to work on /home/airflow/.local/lib/python3.8/site-packages/airflow/example_dags/example_setup_teardown_taskflow.py
[2024-03-19T09:55:56.496+0000] {processor.py:830} INFO - Processing file /home/airflow/.local/lib/python3.8/site-packages/airflow/example_dags/example_setup_teardown_taskflow.py for tasks to queue
[2024-03-19T09:55:56.498+0000] {logging_mixin.py:188} INFO - [2024-03-19T09:55:56.497+0000] {dagbag.py:540} INFO - Filling up the DagBag from /home/airflow/.local/lib/python3.8/site-packages/airflow/example_dags/example_setup_teardown_taskflow.py
[2024-03-19T09:55:56.511+0000] {processor.py:840} INFO - DAG(s) 'example_setup_teardown_taskflow' retrieved from /home/airflow/.local/lib/python3.8/site-packages/airflow/example_dags/example_setup_teardown_taskflow.py
[2024-03-19T09:55:56.540+0000] {logging_mixin.py:188} INFO - [2024-03-19T09:55:56.539+0000] {dag.py:3047} INFO - Sync 1 DAGs
[2024-03-19T09:55:56.565+0000] {logging_mixin.py:188} INFO - [2024-03-19T09:55:56.565+0000] {dag.py:3834} INFO - Setting next_dagrun for example_setup_teardown_taskflow to 2024-03-18 00:00:00+00:00, run_after=2024-03-19 00:00:00+00:00
[2024-03-19T09:55:56.588+0000] {processor.py:183} INFO - Processing /home/airflow/.local/lib/python3.8/site-packages/airflow/example_dags/example_setup_teardown_taskflow.py took 0.098 seconds
[2024-03-19T09:56:26.952+0000] {processor.py:161} INFO - Started process (PID=24045) to work on /home/airflow/.local/lib/python3.8/site-packages/airflow/example_dags/example_setup_teardown_taskflow.py
[2024-03-19T09:56:26.954+0000] {processor.py:830} INFO - Processing file /home/airflow/.local/lib/python3.8/site-packages/airflow/example_dags/example_setup_teardown_taskflow.py for tasks to queue
[2024-03-19T09:56:26.956+0000] {logging_mixin.py:188} INFO - [2024-03-19T09:56:26.955+0000] {dagbag.py:540} INFO - Filling up the DagBag from /home/airflow/.local/lib/python3.8/site-packages/airflow/example_dags/example_setup_teardown_taskflow.py
[2024-03-19T09:56:26.973+0000] {processor.py:840} INFO - DAG(s) 'example_setup_teardown_taskflow' retrieved from /home/airflow/.local/lib/python3.8/site-packages/airflow/example_dags/example_setup_teardown_taskflow.py
[2024-03-19T09:56:27.017+0000] {logging_mixin.py:188} INFO - [2024-03-19T09:56:27.017+0000] {dag.py:3047} INFO - Sync 1 DAGs
[2024-03-19T09:56:27.063+0000] {logging_mixin.py:188} INFO - [2024-03-19T09:56:27.062+0000] {dag.py:3834} INFO - Setting next_dagrun for example_setup_teardown_taskflow to 2024-03-18 00:00:00+00:00, run_after=2024-03-19 00:00:00+00:00
[2024-03-19T09:56:27.094+0000] {processor.py:183} INFO - Processing /home/airflow/.local/lib/python3.8/site-packages/airflow/example_dags/example_setup_teardown_taskflow.py took 0.150 seconds
[2024-03-19T09:56:57.545+0000] {processor.py:161} INFO - Started process (PID=24100) to work on /home/airflow/.local/lib/python3.8/site-packages/airflow/example_dags/example_setup_teardown_taskflow.py
[2024-03-19T09:56:57.548+0000] {processor.py:830} INFO - Processing file /home/airflow/.local/lib/python3.8/site-packages/airflow/example_dags/example_setup_teardown_taskflow.py for tasks to queue
[2024-03-19T09:56:57.560+0000] {logging_mixin.py:188} INFO - [2024-03-19T09:56:57.558+0000] {dagbag.py:540} INFO - Filling up the DagBag from /home/airflow/.local/lib/python3.8/site-packages/airflow/example_dags/example_setup_teardown_taskflow.py
[2024-03-19T09:56:57.631+0000] {processor.py:840} INFO - DAG(s) 'example_setup_teardown_taskflow' retrieved from /home/airflow/.local/lib/python3.8/site-packages/airflow/example_dags/example_setup_teardown_taskflow.py
[2024-03-19T09:56:57.756+0000] {logging_mixin.py:188} INFO - [2024-03-19T09:56:57.755+0000] {dag.py:3047} INFO - Sync 1 DAGs
[2024-03-19T09:56:57.820+0000] {logging_mixin.py:188} INFO - [2024-03-19T09:56:57.819+0000] {dag.py:3834} INFO - Setting next_dagrun for example_setup_teardown_taskflow to 2024-03-18 00:00:00+00:00, run_after=2024-03-19 00:00:00+00:00
[2024-03-19T09:56:57.875+0000] {processor.py:183} INFO - Processing /home/airflow/.local/lib/python3.8/site-packages/airflow/example_dags/example_setup_teardown_taskflow.py took 0.354 seconds
