[2024-03-19T09:44:31.341+0000] {processor.py:161} INFO - Started process (PID=22809) to work on /home/airflow/.local/lib/python3.8/site-packages/airflow/example_dags/example_branch_operator.py
[2024-03-19T09:44:31.343+0000] {processor.py:830} INFO - Processing file /home/airflow/.local/lib/python3.8/site-packages/airflow/example_dags/example_branch_operator.py for tasks to queue
[2024-03-19T09:44:31.345+0000] {logging_mixin.py:188} INFO - [2024-03-19T09:44:31.345+0000] {dagbag.py:540} INFO - Filling up the DagBag from /home/airflow/.local/lib/python3.8/site-packages/airflow/example_dags/example_branch_operator.py
[2024-03-19T09:44:31.379+0000] {processor.py:840} INFO - DAG(s) 'example_branch_operator' retrieved from /home/airflow/.local/lib/python3.8/site-packages/airflow/example_dags/example_branch_operator.py
[2024-03-19T09:44:31.445+0000] {logging_mixin.py:188} INFO - [2024-03-19T09:44:31.444+0000] {dag.py:3047} INFO - Sync 1 DAGs
[2024-03-19T09:44:31.507+0000] {logging_mixin.py:188} INFO - [2024-03-19T09:44:31.507+0000] {dag.py:3834} INFO - Setting next_dagrun for example_branch_operator to 2024-03-18 00:00:00+00:00, run_after=2024-03-19 00:00:00+00:00
[2024-03-19T09:44:31.550+0000] {processor.py:183} INFO - Processing /home/airflow/.local/lib/python3.8/site-packages/airflow/example_dags/example_branch_operator.py took 0.215 seconds
[2024-03-19T09:45:01.687+0000] {processor.py:161} INFO - Started process (PID=22865) to work on /home/airflow/.local/lib/python3.8/site-packages/airflow/example_dags/example_branch_operator.py
[2024-03-19T09:45:01.689+0000] {processor.py:830} INFO - Processing file /home/airflow/.local/lib/python3.8/site-packages/airflow/example_dags/example_branch_operator.py for tasks to queue
[2024-03-19T09:45:01.690+0000] {logging_mixin.py:188} INFO - [2024-03-19T09:45:01.689+0000] {dagbag.py:540} INFO - Filling up the DagBag from /home/airflow/.local/lib/python3.8/site-packages/airflow/example_dags/example_branch_operator.py
[2024-03-19T09:45:01.712+0000] {processor.py:840} INFO - DAG(s) 'example_branch_operator' retrieved from /home/airflow/.local/lib/python3.8/site-packages/airflow/example_dags/example_branch_operator.py
[2024-03-19T09:45:01.744+0000] {logging_mixin.py:188} INFO - [2024-03-19T09:45:01.743+0000] {dag.py:3047} INFO - Sync 1 DAGs
[2024-03-19T09:45:01.769+0000] {logging_mixin.py:188} INFO - [2024-03-19T09:45:01.769+0000] {dag.py:3834} INFO - Setting next_dagrun for example_branch_operator to 2024-03-18 00:00:00+00:00, run_after=2024-03-19 00:00:00+00:00
[2024-03-19T09:45:01.793+0000] {processor.py:183} INFO - Processing /home/airflow/.local/lib/python3.8/site-packages/airflow/example_dags/example_branch_operator.py took 0.110 seconds
[2024-03-19T09:45:48.711+0000] {processor.py:161} INFO - Started process (PID=22919) to work on /home/airflow/.local/lib/python3.8/site-packages/airflow/example_dags/example_branch_operator.py
[2024-03-19T09:45:48.715+0000] {processor.py:830} INFO - Processing file /home/airflow/.local/lib/python3.8/site-packages/airflow/example_dags/example_branch_operator.py for tasks to queue
[2024-03-19T09:45:48.724+0000] {logging_mixin.py:188} INFO - [2024-03-19T09:45:48.722+0000] {dagbag.py:540} INFO - Filling up the DagBag from /home/airflow/.local/lib/python3.8/site-packages/airflow/example_dags/example_branch_operator.py
[2024-03-19T09:45:48.801+0000] {processor.py:840} INFO - DAG(s) 'example_branch_operator' retrieved from /home/airflow/.local/lib/python3.8/site-packages/airflow/example_dags/example_branch_operator.py
[2024-03-19T09:45:48.908+0000] {logging_mixin.py:188} INFO - [2024-03-19T09:45:48.907+0000] {dag.py:3047} INFO - Sync 1 DAGs
[2024-03-19T09:45:49.013+0000] {logging_mixin.py:188} INFO - [2024-03-19T09:45:49.013+0000] {dag.py:3834} INFO - Setting next_dagrun for example_branch_operator to 2024-03-18 00:00:00+00:00, run_after=2024-03-19 00:00:00+00:00
[2024-03-19T09:45:49.066+0000] {processor.py:183} INFO - Processing /home/airflow/.local/lib/python3.8/site-packages/airflow/example_dags/example_branch_operator.py took 0.369 seconds
[2024-03-19T09:46:20.418+0000] {processor.py:161} INFO - Started process (PID=22974) to work on /home/airflow/.local/lib/python3.8/site-packages/airflow/example_dags/example_branch_operator.py
[2024-03-19T09:46:20.422+0000] {processor.py:830} INFO - Processing file /home/airflow/.local/lib/python3.8/site-packages/airflow/example_dags/example_branch_operator.py for tasks to queue
[2024-03-19T09:46:20.426+0000] {logging_mixin.py:188} INFO - [2024-03-19T09:46:20.425+0000] {dagbag.py:540} INFO - Filling up the DagBag from /home/airflow/.local/lib/python3.8/site-packages/airflow/example_dags/example_branch_operator.py
[2024-03-19T09:46:20.504+0000] {processor.py:840} INFO - DAG(s) 'example_branch_operator' retrieved from /home/airflow/.local/lib/python3.8/site-packages/airflow/example_dags/example_branch_operator.py
[2024-03-19T09:46:20.630+0000] {logging_mixin.py:188} INFO - [2024-03-19T09:46:20.629+0000] {dag.py:3047} INFO - Sync 1 DAGs
[2024-03-19T09:46:20.842+0000] {logging_mixin.py:188} INFO - [2024-03-19T09:46:20.842+0000] {dag.py:3834} INFO - Setting next_dagrun for example_branch_operator to 2024-03-18 00:00:00+00:00, run_after=2024-03-19 00:00:00+00:00
[2024-03-19T09:46:20.977+0000] {processor.py:183} INFO - Processing /home/airflow/.local/lib/python3.8/site-packages/airflow/example_dags/example_branch_operator.py took 0.570 seconds
[2024-03-19T09:46:51.268+0000] {processor.py:161} INFO - Started process (PID=23028) to work on /home/airflow/.local/lib/python3.8/site-packages/airflow/example_dags/example_branch_operator.py
[2024-03-19T09:46:51.275+0000] {processor.py:830} INFO - Processing file /home/airflow/.local/lib/python3.8/site-packages/airflow/example_dags/example_branch_operator.py for tasks to queue
[2024-03-19T09:46:51.278+0000] {logging_mixin.py:188} INFO - [2024-03-19T09:46:51.277+0000] {dagbag.py:540} INFO - Filling up the DagBag from /home/airflow/.local/lib/python3.8/site-packages/airflow/example_dags/example_branch_operator.py
[2024-03-19T09:46:51.312+0000] {processor.py:840} INFO - DAG(s) 'example_branch_operator' retrieved from /home/airflow/.local/lib/python3.8/site-packages/airflow/example_dags/example_branch_operator.py
[2024-03-19T09:46:51.353+0000] {logging_mixin.py:188} INFO - [2024-03-19T09:46:51.352+0000] {dag.py:3047} INFO - Sync 1 DAGs
[2024-03-19T09:46:51.385+0000] {logging_mixin.py:188} INFO - [2024-03-19T09:46:51.384+0000] {dag.py:3834} INFO - Setting next_dagrun for example_branch_operator to 2024-03-18 00:00:00+00:00, run_after=2024-03-19 00:00:00+00:00
[2024-03-19T09:46:51.415+0000] {processor.py:183} INFO - Processing /home/airflow/.local/lib/python3.8/site-packages/airflow/example_dags/example_branch_operator.py took 0.154 seconds
[2024-03-19T09:47:22.049+0000] {processor.py:161} INFO - Started process (PID=23082) to work on /home/airflow/.local/lib/python3.8/site-packages/airflow/example_dags/example_branch_operator.py
[2024-03-19T09:47:22.053+0000] {processor.py:830} INFO - Processing file /home/airflow/.local/lib/python3.8/site-packages/airflow/example_dags/example_branch_operator.py for tasks to queue
[2024-03-19T09:47:22.058+0000] {logging_mixin.py:188} INFO - [2024-03-19T09:47:22.057+0000] {dagbag.py:540} INFO - Filling up the DagBag from /home/airflow/.local/lib/python3.8/site-packages/airflow/example_dags/example_branch_operator.py
[2024-03-19T09:47:22.137+0000] {processor.py:840} INFO - DAG(s) 'example_branch_operator' retrieved from /home/airflow/.local/lib/python3.8/site-packages/airflow/example_dags/example_branch_operator.py
[2024-03-19T09:47:22.254+0000] {logging_mixin.py:188} INFO - [2024-03-19T09:47:22.253+0000] {dag.py:3047} INFO - Sync 1 DAGs
[2024-03-19T09:47:22.337+0000] {logging_mixin.py:188} INFO - [2024-03-19T09:47:22.337+0000] {dag.py:3834} INFO - Setting next_dagrun for example_branch_operator to 2024-03-18 00:00:00+00:00, run_after=2024-03-19 00:00:00+00:00
[2024-03-19T09:47:22.434+0000] {processor.py:183} INFO - Processing /home/airflow/.local/lib/python3.8/site-packages/airflow/example_dags/example_branch_operator.py took 0.401 seconds
[2024-03-19T09:47:52.769+0000] {processor.py:161} INFO - Started process (PID=23136) to work on /home/airflow/.local/lib/python3.8/site-packages/airflow/example_dags/example_branch_operator.py
[2024-03-19T09:47:52.772+0000] {processor.py:830} INFO - Processing file /home/airflow/.local/lib/python3.8/site-packages/airflow/example_dags/example_branch_operator.py for tasks to queue
[2024-03-19T09:47:52.775+0000] {logging_mixin.py:188} INFO - [2024-03-19T09:47:52.774+0000] {dagbag.py:540} INFO - Filling up the DagBag from /home/airflow/.local/lib/python3.8/site-packages/airflow/example_dags/example_branch_operator.py
[2024-03-19T09:47:52.840+0000] {processor.py:840} INFO - DAG(s) 'example_branch_operator' retrieved from /home/airflow/.local/lib/python3.8/site-packages/airflow/example_dags/example_branch_operator.py
[2024-03-19T09:47:52.942+0000] {logging_mixin.py:188} INFO - [2024-03-19T09:47:52.941+0000] {dag.py:3047} INFO - Sync 1 DAGs
[2024-03-19T09:47:53.040+0000] {logging_mixin.py:188} INFO - [2024-03-19T09:47:53.040+0000] {dag.py:3834} INFO - Setting next_dagrun for example_branch_operator to 2024-03-18 00:00:00+00:00, run_after=2024-03-19 00:00:00+00:00
[2024-03-19T09:47:53.084+0000] {processor.py:183} INFO - Processing /home/airflow/.local/lib/python3.8/site-packages/airflow/example_dags/example_branch_operator.py took 0.327 seconds
[2024-03-19T09:48:23.772+0000] {processor.py:161} INFO - Started process (PID=23191) to work on /home/airflow/.local/lib/python3.8/site-packages/airflow/example_dags/example_branch_operator.py
[2024-03-19T09:48:23.776+0000] {processor.py:830} INFO - Processing file /home/airflow/.local/lib/python3.8/site-packages/airflow/example_dags/example_branch_operator.py for tasks to queue
[2024-03-19T09:48:23.780+0000] {logging_mixin.py:188} INFO - [2024-03-19T09:48:23.779+0000] {dagbag.py:540} INFO - Filling up the DagBag from /home/airflow/.local/lib/python3.8/site-packages/airflow/example_dags/example_branch_operator.py
[2024-03-19T09:48:23.824+0000] {processor.py:840} INFO - DAG(s) 'example_branch_operator' retrieved from /home/airflow/.local/lib/python3.8/site-packages/airflow/example_dags/example_branch_operator.py
[2024-03-19T09:48:23.884+0000] {logging_mixin.py:188} INFO - [2024-03-19T09:48:23.884+0000] {dag.py:3047} INFO - Sync 1 DAGs
[2024-03-19T09:48:23.932+0000] {logging_mixin.py:188} INFO - [2024-03-19T09:48:23.931+0000] {dag.py:3834} INFO - Setting next_dagrun for example_branch_operator to 2024-03-18 00:00:00+00:00, run_after=2024-03-19 00:00:00+00:00
[2024-03-19T09:48:23.986+0000] {processor.py:183} INFO - Processing /home/airflow/.local/lib/python3.8/site-packages/airflow/example_dags/example_branch_operator.py took 0.222 seconds
[2024-03-19T09:48:56.346+0000] {processor.py:161} INFO - Started process (PID=23246) to work on /home/airflow/.local/lib/python3.8/site-packages/airflow/example_dags/example_branch_operator.py
[2024-03-19T09:48:56.355+0000] {processor.py:830} INFO - Processing file /home/airflow/.local/lib/python3.8/site-packages/airflow/example_dags/example_branch_operator.py for tasks to queue
[2024-03-19T09:48:56.367+0000] {logging_mixin.py:188} INFO - [2024-03-19T09:48:56.360+0000] {dagbag.py:540} INFO - Filling up the DagBag from /home/airflow/.local/lib/python3.8/site-packages/airflow/example_dags/example_branch_operator.py
[2024-03-19T09:48:56.516+0000] {processor.py:840} INFO - DAG(s) 'example_branch_operator' retrieved from /home/airflow/.local/lib/python3.8/site-packages/airflow/example_dags/example_branch_operator.py
[2024-03-19T09:48:56.769+0000] {logging_mixin.py:188} INFO - [2024-03-19T09:48:56.768+0000] {dag.py:3047} INFO - Sync 1 DAGs
[2024-03-19T09:48:57.055+0000] {logging_mixin.py:188} INFO - [2024-03-19T09:48:57.054+0000] {dag.py:3834} INFO - Setting next_dagrun for example_branch_operator to 2024-03-18 00:00:00+00:00, run_after=2024-03-19 00:00:00+00:00
[2024-03-19T09:48:58.003+0000] {processor.py:183} INFO - Processing /home/airflow/.local/lib/python3.8/site-packages/airflow/example_dags/example_branch_operator.py took 1.669 seconds
[2024-03-19T09:49:28.550+0000] {processor.py:161} INFO - Started process (PID=23301) to work on /home/airflow/.local/lib/python3.8/site-packages/airflow/example_dags/example_branch_operator.py
[2024-03-19T09:49:28.552+0000] {processor.py:830} INFO - Processing file /home/airflow/.local/lib/python3.8/site-packages/airflow/example_dags/example_branch_operator.py for tasks to queue
[2024-03-19T09:49:28.554+0000] {logging_mixin.py:188} INFO - [2024-03-19T09:49:28.553+0000] {dagbag.py:540} INFO - Filling up the DagBag from /home/airflow/.local/lib/python3.8/site-packages/airflow/example_dags/example_branch_operator.py
[2024-03-19T09:49:28.576+0000] {processor.py:840} INFO - DAG(s) 'example_branch_operator' retrieved from /home/airflow/.local/lib/python3.8/site-packages/airflow/example_dags/example_branch_operator.py
[2024-03-19T09:49:28.611+0000] {logging_mixin.py:188} INFO - [2024-03-19T09:49:28.611+0000] {dag.py:3047} INFO - Sync 1 DAGs
[2024-03-19T09:49:28.639+0000] {logging_mixin.py:188} INFO - [2024-03-19T09:49:28.638+0000] {dag.py:3834} INFO - Setting next_dagrun for example_branch_operator to 2024-03-18 00:00:00+00:00, run_after=2024-03-19 00:00:00+00:00
[2024-03-19T09:49:28.663+0000] {processor.py:183} INFO - Processing /home/airflow/.local/lib/python3.8/site-packages/airflow/example_dags/example_branch_operator.py took 0.117 seconds
[2024-03-19T09:49:59.417+0000] {processor.py:161} INFO - Started process (PID=23355) to work on /home/airflow/.local/lib/python3.8/site-packages/airflow/example_dags/example_branch_operator.py
[2024-03-19T09:49:59.421+0000] {processor.py:830} INFO - Processing file /home/airflow/.local/lib/python3.8/site-packages/airflow/example_dags/example_branch_operator.py for tasks to queue
[2024-03-19T09:49:59.424+0000] {logging_mixin.py:188} INFO - [2024-03-19T09:49:59.423+0000] {dagbag.py:540} INFO - Filling up the DagBag from /home/airflow/.local/lib/python3.8/site-packages/airflow/example_dags/example_branch_operator.py
[2024-03-19T09:49:59.480+0000] {processor.py:840} INFO - DAG(s) 'example_branch_operator' retrieved from /home/airflow/.local/lib/python3.8/site-packages/airflow/example_dags/example_branch_operator.py
[2024-03-19T09:49:59.576+0000] {logging_mixin.py:188} INFO - [2024-03-19T09:49:59.575+0000] {dag.py:3047} INFO - Sync 1 DAGs
[2024-03-19T09:49:59.691+0000] {logging_mixin.py:188} INFO - [2024-03-19T09:49:59.690+0000] {dag.py:3834} INFO - Setting next_dagrun for example_branch_operator to 2024-03-18 00:00:00+00:00, run_after=2024-03-19 00:00:00+00:00
[2024-03-19T09:49:59.802+0000] {processor.py:183} INFO - Processing /home/airflow/.local/lib/python3.8/site-packages/airflow/example_dags/example_branch_operator.py took 0.394 seconds
[2024-03-19T09:50:30.237+0000] {processor.py:161} INFO - Started process (PID=23410) to work on /home/airflow/.local/lib/python3.8/site-packages/airflow/example_dags/example_branch_operator.py
[2024-03-19T09:50:30.240+0000] {processor.py:830} INFO - Processing file /home/airflow/.local/lib/python3.8/site-packages/airflow/example_dags/example_branch_operator.py for tasks to queue
[2024-03-19T09:50:30.242+0000] {logging_mixin.py:188} INFO - [2024-03-19T09:50:30.241+0000] {dagbag.py:540} INFO - Filling up the DagBag from /home/airflow/.local/lib/python3.8/site-packages/airflow/example_dags/example_branch_operator.py
[2024-03-19T09:50:30.272+0000] {processor.py:840} INFO - DAG(s) 'example_branch_operator' retrieved from /home/airflow/.local/lib/python3.8/site-packages/airflow/example_dags/example_branch_operator.py
[2024-03-19T09:50:30.327+0000] {logging_mixin.py:188} INFO - [2024-03-19T09:50:30.326+0000] {dag.py:3047} INFO - Sync 1 DAGs
[2024-03-19T09:50:30.364+0000] {logging_mixin.py:188} INFO - [2024-03-19T09:50:30.363+0000] {dag.py:3834} INFO - Setting next_dagrun for example_branch_operator to 2024-03-18 00:00:00+00:00, run_after=2024-03-19 00:00:00+00:00
[2024-03-19T09:50:30.405+0000] {processor.py:183} INFO - Processing /home/airflow/.local/lib/python3.8/site-packages/airflow/example_dags/example_branch_operator.py took 0.175 seconds
[2024-03-19T09:51:07.106+0000] {processor.py:161} INFO - Started process (PID=23469) to work on /home/airflow/.local/lib/python3.8/site-packages/airflow/example_dags/example_branch_operator.py
[2024-03-19T09:51:07.109+0000] {processor.py:830} INFO - Processing file /home/airflow/.local/lib/python3.8/site-packages/airflow/example_dags/example_branch_operator.py for tasks to queue
[2024-03-19T09:51:07.112+0000] {logging_mixin.py:188} INFO - [2024-03-19T09:51:07.111+0000] {dagbag.py:540} INFO - Filling up the DagBag from /home/airflow/.local/lib/python3.8/site-packages/airflow/example_dags/example_branch_operator.py
[2024-03-19T09:51:07.171+0000] {processor.py:840} INFO - DAG(s) 'example_branch_operator' retrieved from /home/airflow/.local/lib/python3.8/site-packages/airflow/example_dags/example_branch_operator.py
[2024-03-19T09:51:07.251+0000] {logging_mixin.py:188} INFO - [2024-03-19T09:51:07.250+0000] {dag.py:3047} INFO - Sync 1 DAGs
[2024-03-19T09:51:07.312+0000] {logging_mixin.py:188} INFO - [2024-03-19T09:51:07.312+0000] {dag.py:3834} INFO - Setting next_dagrun for example_branch_operator to 2024-03-18 00:00:00+00:00, run_after=2024-03-19 00:00:00+00:00
[2024-03-19T09:51:07.369+0000] {processor.py:183} INFO - Processing /home/airflow/.local/lib/python3.8/site-packages/airflow/example_dags/example_branch_operator.py took 0.274 seconds
[2024-03-19T09:51:37.970+0000] {processor.py:161} INFO - Started process (PID=23524) to work on /home/airflow/.local/lib/python3.8/site-packages/airflow/example_dags/example_branch_operator.py
[2024-03-19T09:51:37.973+0000] {processor.py:830} INFO - Processing file /home/airflow/.local/lib/python3.8/site-packages/airflow/example_dags/example_branch_operator.py for tasks to queue
[2024-03-19T09:51:37.976+0000] {logging_mixin.py:188} INFO - [2024-03-19T09:51:37.974+0000] {dagbag.py:540} INFO - Filling up the DagBag from /home/airflow/.local/lib/python3.8/site-packages/airflow/example_dags/example_branch_operator.py
[2024-03-19T09:51:38.013+0000] {processor.py:840} INFO - DAG(s) 'example_branch_operator' retrieved from /home/airflow/.local/lib/python3.8/site-packages/airflow/example_dags/example_branch_operator.py
[2024-03-19T09:51:38.071+0000] {logging_mixin.py:188} INFO - [2024-03-19T09:51:38.070+0000] {dag.py:3047} INFO - Sync 1 DAGs
[2024-03-19T09:51:38.111+0000] {logging_mixin.py:188} INFO - [2024-03-19T09:51:38.110+0000] {dag.py:3834} INFO - Setting next_dagrun for example_branch_operator to 2024-03-18 00:00:00+00:00, run_after=2024-03-19 00:00:00+00:00
[2024-03-19T09:51:38.139+0000] {processor.py:183} INFO - Processing /home/airflow/.local/lib/python3.8/site-packages/airflow/example_dags/example_branch_operator.py took 0.179 seconds
[2024-03-19T09:52:08.353+0000] {processor.py:161} INFO - Started process (PID=23579) to work on /home/airflow/.local/lib/python3.8/site-packages/airflow/example_dags/example_branch_operator.py
[2024-03-19T09:52:08.361+0000] {processor.py:830} INFO - Processing file /home/airflow/.local/lib/python3.8/site-packages/airflow/example_dags/example_branch_operator.py for tasks to queue
[2024-03-19T09:52:08.367+0000] {logging_mixin.py:188} INFO - [2024-03-19T09:52:08.363+0000] {dagbag.py:540} INFO - Filling up the DagBag from /home/airflow/.local/lib/python3.8/site-packages/airflow/example_dags/example_branch_operator.py
[2024-03-19T09:52:08.424+0000] {processor.py:840} INFO - DAG(s) 'example_branch_operator' retrieved from /home/airflow/.local/lib/python3.8/site-packages/airflow/example_dags/example_branch_operator.py
[2024-03-19T09:52:08.473+0000] {logging_mixin.py:188} INFO - [2024-03-19T09:52:08.473+0000] {dag.py:3047} INFO - Sync 1 DAGs
[2024-03-19T09:52:08.554+0000] {logging_mixin.py:188} INFO - [2024-03-19T09:52:08.553+0000] {dag.py:3834} INFO - Setting next_dagrun for example_branch_operator to 2024-03-18 00:00:00+00:00, run_after=2024-03-19 00:00:00+00:00
[2024-03-19T09:52:08.614+0000] {processor.py:183} INFO - Processing /home/airflow/.local/lib/python3.8/site-packages/airflow/example_dags/example_branch_operator.py took 0.268 seconds
[2024-03-19T09:52:46.025+0000] {processor.py:161} INFO - Started process (PID=23638) to work on /home/airflow/.local/lib/python3.8/site-packages/airflow/example_dags/example_branch_operator.py
[2024-03-19T09:52:46.027+0000] {processor.py:830} INFO - Processing file /home/airflow/.local/lib/python3.8/site-packages/airflow/example_dags/example_branch_operator.py for tasks to queue
[2024-03-19T09:52:46.029+0000] {logging_mixin.py:188} INFO - [2024-03-19T09:52:46.028+0000] {dagbag.py:540} INFO - Filling up the DagBag from /home/airflow/.local/lib/python3.8/site-packages/airflow/example_dags/example_branch_operator.py
[2024-03-19T09:52:46.068+0000] {processor.py:840} INFO - DAG(s) 'example_branch_operator' retrieved from /home/airflow/.local/lib/python3.8/site-packages/airflow/example_dags/example_branch_operator.py
[2024-03-19T09:52:46.128+0000] {logging_mixin.py:188} INFO - [2024-03-19T09:52:46.127+0000] {dag.py:3047} INFO - Sync 1 DAGs
[2024-03-19T09:52:46.178+0000] {logging_mixin.py:188} INFO - [2024-03-19T09:52:46.178+0000] {dag.py:3834} INFO - Setting next_dagrun for example_branch_operator to 2024-03-18 00:00:00+00:00, run_after=2024-03-19 00:00:00+00:00
[2024-03-19T09:52:46.212+0000] {processor.py:183} INFO - Processing /home/airflow/.local/lib/python3.8/site-packages/airflow/example_dags/example_branch_operator.py took 0.196 seconds
[2024-03-19T09:53:16.300+0000] {processor.py:161} INFO - Started process (PID=23691) to work on /home/airflow/.local/lib/python3.8/site-packages/airflow/example_dags/example_branch_operator.py
[2024-03-19T09:53:16.303+0000] {processor.py:830} INFO - Processing file /home/airflow/.local/lib/python3.8/site-packages/airflow/example_dags/example_branch_operator.py for tasks to queue
[2024-03-19T09:53:16.305+0000] {logging_mixin.py:188} INFO - [2024-03-19T09:53:16.304+0000] {dagbag.py:540} INFO - Filling up the DagBag from /home/airflow/.local/lib/python3.8/site-packages/airflow/example_dags/example_branch_operator.py
[2024-03-19T09:53:16.340+0000] {processor.py:840} INFO - DAG(s) 'example_branch_operator' retrieved from /home/airflow/.local/lib/python3.8/site-packages/airflow/example_dags/example_branch_operator.py
[2024-03-19T09:53:16.375+0000] {logging_mixin.py:188} INFO - [2024-03-19T09:53:16.375+0000] {dag.py:3047} INFO - Sync 1 DAGs
[2024-03-19T09:53:16.407+0000] {logging_mixin.py:188} INFO - [2024-03-19T09:53:16.406+0000] {dag.py:3834} INFO - Setting next_dagrun for example_branch_operator to 2024-03-18 00:00:00+00:00, run_after=2024-03-19 00:00:00+00:00
[2024-03-19T09:53:16.454+0000] {processor.py:183} INFO - Processing /home/airflow/.local/lib/python3.8/site-packages/airflow/example_dags/example_branch_operator.py took 0.160 seconds
[2024-03-19T09:53:46.504+0000] {processor.py:161} INFO - Started process (PID=23746) to work on /home/airflow/.local/lib/python3.8/site-packages/airflow/example_dags/example_branch_operator.py
[2024-03-19T09:53:46.509+0000] {processor.py:830} INFO - Processing file /home/airflow/.local/lib/python3.8/site-packages/airflow/example_dags/example_branch_operator.py for tasks to queue
[2024-03-19T09:53:46.511+0000] {logging_mixin.py:188} INFO - [2024-03-19T09:53:46.511+0000] {dagbag.py:540} INFO - Filling up the DagBag from /home/airflow/.local/lib/python3.8/site-packages/airflow/example_dags/example_branch_operator.py
[2024-03-19T09:53:46.536+0000] {processor.py:840} INFO - DAG(s) 'example_branch_operator' retrieved from /home/airflow/.local/lib/python3.8/site-packages/airflow/example_dags/example_branch_operator.py
[2024-03-19T09:53:46.591+0000] {logging_mixin.py:188} INFO - [2024-03-19T09:53:46.590+0000] {dag.py:3047} INFO - Sync 1 DAGs
[2024-03-19T09:53:46.629+0000] {logging_mixin.py:188} INFO - [2024-03-19T09:53:46.629+0000] {dag.py:3834} INFO - Setting next_dagrun for example_branch_operator to 2024-03-18 00:00:00+00:00, run_after=2024-03-19 00:00:00+00:00
[2024-03-19T09:53:46.682+0000] {processor.py:183} INFO - Processing /home/airflow/.local/lib/python3.8/site-packages/airflow/example_dags/example_branch_operator.py took 0.182 seconds
[2024-03-19T09:54:17.480+0000] {processor.py:161} INFO - Started process (PID=23802) to work on /home/airflow/.local/lib/python3.8/site-packages/airflow/example_dags/example_branch_operator.py
[2024-03-19T09:54:17.482+0000] {processor.py:830} INFO - Processing file /home/airflow/.local/lib/python3.8/site-packages/airflow/example_dags/example_branch_operator.py for tasks to queue
[2024-03-19T09:54:17.484+0000] {logging_mixin.py:188} INFO - [2024-03-19T09:54:17.483+0000] {dagbag.py:540} INFO - Filling up the DagBag from /home/airflow/.local/lib/python3.8/site-packages/airflow/example_dags/example_branch_operator.py
[2024-03-19T09:54:17.506+0000] {processor.py:840} INFO - DAG(s) 'example_branch_operator' retrieved from /home/airflow/.local/lib/python3.8/site-packages/airflow/example_dags/example_branch_operator.py
[2024-03-19T09:54:17.540+0000] {logging_mixin.py:188} INFO - [2024-03-19T09:54:17.539+0000] {dag.py:3047} INFO - Sync 1 DAGs
[2024-03-19T09:54:17.566+0000] {logging_mixin.py:188} INFO - [2024-03-19T09:54:17.566+0000] {dag.py:3834} INFO - Setting next_dagrun for example_branch_operator to 2024-03-18 00:00:00+00:00, run_after=2024-03-19 00:00:00+00:00
[2024-03-19T09:54:17.589+0000] {processor.py:183} INFO - Processing /home/airflow/.local/lib/python3.8/site-packages/airflow/example_dags/example_branch_operator.py took 0.113 seconds
[2024-03-19T09:54:47.900+0000] {processor.py:161} INFO - Started process (PID=23857) to work on /home/airflow/.local/lib/python3.8/site-packages/airflow/example_dags/example_branch_operator.py
[2024-03-19T09:54:47.901+0000] {processor.py:830} INFO - Processing file /home/airflow/.local/lib/python3.8/site-packages/airflow/example_dags/example_branch_operator.py for tasks to queue
[2024-03-19T09:54:47.903+0000] {logging_mixin.py:188} INFO - [2024-03-19T09:54:47.902+0000] {dagbag.py:540} INFO - Filling up the DagBag from /home/airflow/.local/lib/python3.8/site-packages/airflow/example_dags/example_branch_operator.py
[2024-03-19T09:54:47.924+0000] {processor.py:840} INFO - DAG(s) 'example_branch_operator' retrieved from /home/airflow/.local/lib/python3.8/site-packages/airflow/example_dags/example_branch_operator.py
[2024-03-19T09:54:47.958+0000] {logging_mixin.py:188} INFO - [2024-03-19T09:54:47.958+0000] {dag.py:3047} INFO - Sync 1 DAGs
[2024-03-19T09:54:47.990+0000] {logging_mixin.py:188} INFO - [2024-03-19T09:54:47.990+0000] {dag.py:3834} INFO - Setting next_dagrun for example_branch_operator to 2024-03-18 00:00:00+00:00, run_after=2024-03-19 00:00:00+00:00
[2024-03-19T09:54:48.024+0000] {processor.py:183} INFO - Processing /home/airflow/.local/lib/python3.8/site-packages/airflow/example_dags/example_branch_operator.py took 0.128 seconds
[2024-03-19T09:55:18.471+0000] {processor.py:161} INFO - Started process (PID=23912) to work on /home/airflow/.local/lib/python3.8/site-packages/airflow/example_dags/example_branch_operator.py
[2024-03-19T09:55:18.473+0000] {processor.py:830} INFO - Processing file /home/airflow/.local/lib/python3.8/site-packages/airflow/example_dags/example_branch_operator.py for tasks to queue
[2024-03-19T09:55:18.474+0000] {logging_mixin.py:188} INFO - [2024-03-19T09:55:18.474+0000] {dagbag.py:540} INFO - Filling up the DagBag from /home/airflow/.local/lib/python3.8/site-packages/airflow/example_dags/example_branch_operator.py
[2024-03-19T09:55:18.498+0000] {processor.py:840} INFO - DAG(s) 'example_branch_operator' retrieved from /home/airflow/.local/lib/python3.8/site-packages/airflow/example_dags/example_branch_operator.py
[2024-03-19T09:55:18.533+0000] {logging_mixin.py:188} INFO - [2024-03-19T09:55:18.532+0000] {dag.py:3047} INFO - Sync 1 DAGs
[2024-03-19T09:55:18.560+0000] {logging_mixin.py:188} INFO - [2024-03-19T09:55:18.560+0000] {dag.py:3834} INFO - Setting next_dagrun for example_branch_operator to 2024-03-18 00:00:00+00:00, run_after=2024-03-19 00:00:00+00:00
[2024-03-19T09:55:18.584+0000] {processor.py:183} INFO - Processing /home/airflow/.local/lib/python3.8/site-packages/airflow/example_dags/example_branch_operator.py took 0.117 seconds
[2024-03-19T09:55:49.080+0000] {processor.py:161} INFO - Started process (PID=23967) to work on /home/airflow/.local/lib/python3.8/site-packages/airflow/example_dags/example_branch_operator.py
[2024-03-19T09:55:49.083+0000] {processor.py:830} INFO - Processing file /home/airflow/.local/lib/python3.8/site-packages/airflow/example_dags/example_branch_operator.py for tasks to queue
[2024-03-19T09:55:49.084+0000] {logging_mixin.py:188} INFO - [2024-03-19T09:55:49.084+0000] {dagbag.py:540} INFO - Filling up the DagBag from /home/airflow/.local/lib/python3.8/site-packages/airflow/example_dags/example_branch_operator.py
[2024-03-19T09:55:49.109+0000] {processor.py:840} INFO - DAG(s) 'example_branch_operator' retrieved from /home/airflow/.local/lib/python3.8/site-packages/airflow/example_dags/example_branch_operator.py
[2024-03-19T09:55:49.148+0000] {logging_mixin.py:188} INFO - [2024-03-19T09:55:49.147+0000] {dag.py:3047} INFO - Sync 1 DAGs
[2024-03-19T09:55:49.181+0000] {logging_mixin.py:188} INFO - [2024-03-19T09:55:49.180+0000] {dag.py:3834} INFO - Setting next_dagrun for example_branch_operator to 2024-03-18 00:00:00+00:00, run_after=2024-03-19 00:00:00+00:00
[2024-03-19T09:55:49.208+0000] {processor.py:183} INFO - Processing /home/airflow/.local/lib/python3.8/site-packages/airflow/example_dags/example_branch_operator.py took 0.133 seconds
[2024-03-19T09:56:19.395+0000] {processor.py:161} INFO - Started process (PID=24022) to work on /home/airflow/.local/lib/python3.8/site-packages/airflow/example_dags/example_branch_operator.py
[2024-03-19T09:56:19.397+0000] {processor.py:830} INFO - Processing file /home/airflow/.local/lib/python3.8/site-packages/airflow/example_dags/example_branch_operator.py for tasks to queue
[2024-03-19T09:56:19.399+0000] {logging_mixin.py:188} INFO - [2024-03-19T09:56:19.398+0000] {dagbag.py:540} INFO - Filling up the DagBag from /home/airflow/.local/lib/python3.8/site-packages/airflow/example_dags/example_branch_operator.py
[2024-03-19T09:56:19.429+0000] {processor.py:840} INFO - DAG(s) 'example_branch_operator' retrieved from /home/airflow/.local/lib/python3.8/site-packages/airflow/example_dags/example_branch_operator.py
[2024-03-19T09:56:19.474+0000] {logging_mixin.py:188} INFO - [2024-03-19T09:56:19.473+0000] {dag.py:3047} INFO - Sync 1 DAGs
[2024-03-19T09:56:19.542+0000] {logging_mixin.py:188} INFO - [2024-03-19T09:56:19.542+0000] {dag.py:3834} INFO - Setting next_dagrun for example_branch_operator to 2024-03-18 00:00:00+00:00, run_after=2024-03-19 00:00:00+00:00
[2024-03-19T09:56:19.611+0000] {processor.py:183} INFO - Processing /home/airflow/.local/lib/python3.8/site-packages/airflow/example_dags/example_branch_operator.py took 0.220 seconds
[2024-03-19T09:56:49.690+0000] {processor.py:161} INFO - Started process (PID=24077) to work on /home/airflow/.local/lib/python3.8/site-packages/airflow/example_dags/example_branch_operator.py
[2024-03-19T09:56:49.693+0000] {processor.py:830} INFO - Processing file /home/airflow/.local/lib/python3.8/site-packages/airflow/example_dags/example_branch_operator.py for tasks to queue
[2024-03-19T09:56:49.696+0000] {logging_mixin.py:188} INFO - [2024-03-19T09:56:49.695+0000] {dagbag.py:540} INFO - Filling up the DagBag from /home/airflow/.local/lib/python3.8/site-packages/airflow/example_dags/example_branch_operator.py
[2024-03-19T09:56:49.732+0000] {processor.py:840} INFO - DAG(s) 'example_branch_operator' retrieved from /home/airflow/.local/lib/python3.8/site-packages/airflow/example_dags/example_branch_operator.py
[2024-03-19T09:56:49.774+0000] {logging_mixin.py:188} INFO - [2024-03-19T09:56:49.773+0000] {dag.py:3047} INFO - Sync 1 DAGs
[2024-03-19T09:56:49.815+0000] {logging_mixin.py:188} INFO - [2024-03-19T09:56:49.815+0000] {dag.py:3834} INFO - Setting next_dagrun for example_branch_operator to 2024-03-18 00:00:00+00:00, run_after=2024-03-19 00:00:00+00:00
[2024-03-19T09:56:49.853+0000] {processor.py:183} INFO - Processing /home/airflow/.local/lib/python3.8/site-packages/airflow/example_dags/example_branch_operator.py took 0.169 seconds
