[2024-03-19T09:44:30.171+0000] {processor.py:161} INFO - Started process (PID=22800) to work on /home/airflow/.local/lib/python3.8/site-packages/airflow/example_dags/example_xcom.py
[2024-03-19T09:44:30.174+0000] {processor.py:830} INFO - Processing file /home/airflow/.local/lib/python3.8/site-packages/airflow/example_dags/example_xcom.py for tasks to queue
[2024-03-19T09:44:30.178+0000] {logging_mixin.py:188} INFO - [2024-03-19T09:44:30.177+0000] {dagbag.py:540} INFO - Filling up the DagBag from /home/airflow/.local/lib/python3.8/site-packages/airflow/example_dags/example_xcom.py
[2024-03-19T09:44:30.200+0000] {processor.py:840} INFO - DAG(s) 'example_xcom' retrieved from /home/airflow/.local/lib/python3.8/site-packages/airflow/example_dags/example_xcom.py
[2024-03-19T09:44:30.252+0000] {logging_mixin.py:188} INFO - [2024-03-19T09:44:30.252+0000] {dag.py:3047} INFO - Sync 1 DAGs
[2024-03-19T09:44:30.290+0000] {logging_mixin.py:188} INFO - [2024-03-19T09:44:30.290+0000] {dag.py:3834} INFO - Setting next_dagrun for example_xcom to 2021-01-01 00:00:00+00:00, run_after=2021-01-01 00:00:00+00:00
[2024-03-19T09:44:30.320+0000] {processor.py:183} INFO - Processing /home/airflow/.local/lib/python3.8/site-packages/airflow/example_dags/example_xcom.py took 0.156 seconds
[2024-03-19T09:45:00.613+0000] {processor.py:161} INFO - Started process (PID=22855) to work on /home/airflow/.local/lib/python3.8/site-packages/airflow/example_dags/example_xcom.py
[2024-03-19T09:45:00.615+0000] {processor.py:830} INFO - Processing file /home/airflow/.local/lib/python3.8/site-packages/airflow/example_dags/example_xcom.py for tasks to queue
[2024-03-19T09:45:00.618+0000] {logging_mixin.py:188} INFO - [2024-03-19T09:45:00.617+0000] {dagbag.py:540} INFO - Filling up the DagBag from /home/airflow/.local/lib/python3.8/site-packages/airflow/example_dags/example_xcom.py
[2024-03-19T09:45:00.634+0000] {processor.py:840} INFO - DAG(s) 'example_xcom' retrieved from /home/airflow/.local/lib/python3.8/site-packages/airflow/example_dags/example_xcom.py
[2024-03-19T09:45:00.661+0000] {logging_mixin.py:188} INFO - [2024-03-19T09:45:00.661+0000] {dag.py:3047} INFO - Sync 1 DAGs
[2024-03-19T09:45:00.686+0000] {logging_mixin.py:188} INFO - [2024-03-19T09:45:00.686+0000] {dag.py:3834} INFO - Setting next_dagrun for example_xcom to 2021-01-01 00:00:00+00:00, run_after=2021-01-01 00:00:00+00:00
[2024-03-19T09:45:00.713+0000] {processor.py:183} INFO - Processing /home/airflow/.local/lib/python3.8/site-packages/airflow/example_dags/example_xcom.py took 0.105 seconds
[2024-03-19T09:45:43.073+0000] {processor.py:161} INFO - Started process (PID=22910) to work on /home/airflow/.local/lib/python3.8/site-packages/airflow/example_dags/example_xcom.py
[2024-03-19T09:45:43.076+0000] {processor.py:830} INFO - Processing file /home/airflow/.local/lib/python3.8/site-packages/airflow/example_dags/example_xcom.py for tasks to queue
[2024-03-19T09:45:43.083+0000] {logging_mixin.py:188} INFO - [2024-03-19T09:45:43.082+0000] {dagbag.py:540} INFO - Filling up the DagBag from /home/airflow/.local/lib/python3.8/site-packages/airflow/example_dags/example_xcom.py
[2024-03-19T09:45:43.106+0000] {processor.py:840} INFO - DAG(s) 'example_xcom' retrieved from /home/airflow/.local/lib/python3.8/site-packages/airflow/example_dags/example_xcom.py
[2024-03-19T09:45:43.214+0000] {logging_mixin.py:188} INFO - [2024-03-19T09:45:43.213+0000] {dag.py:3047} INFO - Sync 1 DAGs
[2024-03-19T09:45:43.433+0000] {logging_mixin.py:188} INFO - [2024-03-19T09:45:43.432+0000] {dag.py:3834} INFO - Setting next_dagrun for example_xcom to 2021-01-01 00:00:00+00:00, run_after=2021-01-01 00:00:00+00:00
[2024-03-19T09:45:43.587+0000] {processor.py:183} INFO - Processing /home/airflow/.local/lib/python3.8/site-packages/airflow/example_dags/example_xcom.py took 0.522 seconds
[2024-03-19T09:46:17.781+0000] {processor.py:161} INFO - Started process (PID=22965) to work on /home/airflow/.local/lib/python3.8/site-packages/airflow/example_dags/example_xcom.py
[2024-03-19T09:46:17.783+0000] {processor.py:830} INFO - Processing file /home/airflow/.local/lib/python3.8/site-packages/airflow/example_dags/example_xcom.py for tasks to queue
[2024-03-19T09:46:17.785+0000] {logging_mixin.py:188} INFO - [2024-03-19T09:46:17.785+0000] {dagbag.py:540} INFO - Filling up the DagBag from /home/airflow/.local/lib/python3.8/site-packages/airflow/example_dags/example_xcom.py
[2024-03-19T09:46:17.805+0000] {processor.py:840} INFO - DAG(s) 'example_xcom' retrieved from /home/airflow/.local/lib/python3.8/site-packages/airflow/example_dags/example_xcom.py
[2024-03-19T09:46:17.855+0000] {logging_mixin.py:188} INFO - [2024-03-19T09:46:17.854+0000] {dag.py:3047} INFO - Sync 1 DAGs
[2024-03-19T09:46:17.902+0000] {logging_mixin.py:188} INFO - [2024-03-19T09:46:17.902+0000] {dag.py:3834} INFO - Setting next_dagrun for example_xcom to 2021-01-01 00:00:00+00:00, run_after=2021-01-01 00:00:00+00:00
[2024-03-19T09:46:17.947+0000] {processor.py:183} INFO - Processing /home/airflow/.local/lib/python3.8/site-packages/airflow/example_dags/example_xcom.py took 0.173 seconds
[2024-03-19T09:46:48.967+0000] {processor.py:161} INFO - Started process (PID=23020) to work on /home/airflow/.local/lib/python3.8/site-packages/airflow/example_dags/example_xcom.py
[2024-03-19T09:46:48.970+0000] {processor.py:830} INFO - Processing file /home/airflow/.local/lib/python3.8/site-packages/airflow/example_dags/example_xcom.py for tasks to queue
[2024-03-19T09:46:48.972+0000] {logging_mixin.py:188} INFO - [2024-03-19T09:46:48.971+0000] {dagbag.py:540} INFO - Filling up the DagBag from /home/airflow/.local/lib/python3.8/site-packages/airflow/example_dags/example_xcom.py
[2024-03-19T09:46:48.987+0000] {processor.py:840} INFO - DAG(s) 'example_xcom' retrieved from /home/airflow/.local/lib/python3.8/site-packages/airflow/example_dags/example_xcom.py
[2024-03-19T09:46:49.022+0000] {logging_mixin.py:188} INFO - [2024-03-19T09:46:49.022+0000] {dag.py:3047} INFO - Sync 1 DAGs
[2024-03-19T09:46:49.048+0000] {logging_mixin.py:188} INFO - [2024-03-19T09:46:49.047+0000] {dag.py:3834} INFO - Setting next_dagrun for example_xcom to 2021-01-01 00:00:00+00:00, run_after=2021-01-01 00:00:00+00:00
[2024-03-19T09:46:49.073+0000] {processor.py:183} INFO - Processing /home/airflow/.local/lib/python3.8/site-packages/airflow/example_dags/example_xcom.py took 0.112 seconds
[2024-03-19T09:47:20.761+0000] {processor.py:161} INFO - Started process (PID=23073) to work on /home/airflow/.local/lib/python3.8/site-packages/airflow/example_dags/example_xcom.py
[2024-03-19T09:47:20.763+0000] {processor.py:830} INFO - Processing file /home/airflow/.local/lib/python3.8/site-packages/airflow/example_dags/example_xcom.py for tasks to queue
[2024-03-19T09:47:20.766+0000] {logging_mixin.py:188} INFO - [2024-03-19T09:47:20.765+0000] {dagbag.py:540} INFO - Filling up the DagBag from /home/airflow/.local/lib/python3.8/site-packages/airflow/example_dags/example_xcom.py
[2024-03-19T09:47:20.783+0000] {processor.py:840} INFO - DAG(s) 'example_xcom' retrieved from /home/airflow/.local/lib/python3.8/site-packages/airflow/example_dags/example_xcom.py
[2024-03-19T09:47:20.823+0000] {logging_mixin.py:188} INFO - [2024-03-19T09:47:20.822+0000] {dag.py:3047} INFO - Sync 1 DAGs
[2024-03-19T09:47:20.862+0000] {logging_mixin.py:188} INFO - [2024-03-19T09:47:20.862+0000] {dag.py:3834} INFO - Setting next_dagrun for example_xcom to 2021-01-01 00:00:00+00:00, run_after=2021-01-01 00:00:00+00:00
[2024-03-19T09:47:20.902+0000] {processor.py:183} INFO - Processing /home/airflow/.local/lib/python3.8/site-packages/airflow/example_dags/example_xcom.py took 0.148 seconds
[2024-03-19T09:47:51.397+0000] {processor.py:161} INFO - Started process (PID=23128) to work on /home/airflow/.local/lib/python3.8/site-packages/airflow/example_dags/example_xcom.py
[2024-03-19T09:47:51.400+0000] {processor.py:830} INFO - Processing file /home/airflow/.local/lib/python3.8/site-packages/airflow/example_dags/example_xcom.py for tasks to queue
[2024-03-19T09:47:51.402+0000] {logging_mixin.py:188} INFO - [2024-03-19T09:47:51.401+0000] {dagbag.py:540} INFO - Filling up the DagBag from /home/airflow/.local/lib/python3.8/site-packages/airflow/example_dags/example_xcom.py
[2024-03-19T09:47:51.418+0000] {processor.py:840} INFO - DAG(s) 'example_xcom' retrieved from /home/airflow/.local/lib/python3.8/site-packages/airflow/example_dags/example_xcom.py
[2024-03-19T09:47:51.465+0000] {logging_mixin.py:188} INFO - [2024-03-19T09:47:51.465+0000] {dag.py:3047} INFO - Sync 1 DAGs
[2024-03-19T09:47:51.505+0000] {logging_mixin.py:188} INFO - [2024-03-19T09:47:51.505+0000] {dag.py:3834} INFO - Setting next_dagrun for example_xcom to 2021-01-01 00:00:00+00:00, run_after=2021-01-01 00:00:00+00:00
[2024-03-19T09:47:51.545+0000] {processor.py:183} INFO - Processing /home/airflow/.local/lib/python3.8/site-packages/airflow/example_dags/example_xcom.py took 0.153 seconds
[2024-03-19T09:48:21.659+0000] {processor.py:161} INFO - Started process (PID=23183) to work on /home/airflow/.local/lib/python3.8/site-packages/airflow/example_dags/example_xcom.py
[2024-03-19T09:48:21.662+0000] {processor.py:830} INFO - Processing file /home/airflow/.local/lib/python3.8/site-packages/airflow/example_dags/example_xcom.py for tasks to queue
[2024-03-19T09:48:21.665+0000] {logging_mixin.py:188} INFO - [2024-03-19T09:48:21.664+0000] {dagbag.py:540} INFO - Filling up the DagBag from /home/airflow/.local/lib/python3.8/site-packages/airflow/example_dags/example_xcom.py
[2024-03-19T09:48:21.680+0000] {processor.py:840} INFO - DAG(s) 'example_xcom' retrieved from /home/airflow/.local/lib/python3.8/site-packages/airflow/example_dags/example_xcom.py
[2024-03-19T09:48:21.718+0000] {logging_mixin.py:188} INFO - [2024-03-19T09:48:21.718+0000] {dag.py:3047} INFO - Sync 1 DAGs
[2024-03-19T09:48:21.760+0000] {logging_mixin.py:188} INFO - [2024-03-19T09:48:21.759+0000] {dag.py:3834} INFO - Setting next_dagrun for example_xcom to 2021-01-01 00:00:00+00:00, run_after=2021-01-01 00:00:00+00:00
[2024-03-19T09:48:21.806+0000] {processor.py:183} INFO - Processing /home/airflow/.local/lib/python3.8/site-packages/airflow/example_dags/example_xcom.py took 0.153 seconds
[2024-03-19T09:48:53.723+0000] {processor.py:161} INFO - Started process (PID=23238) to work on /home/airflow/.local/lib/python3.8/site-packages/airflow/example_dags/example_xcom.py
[2024-03-19T09:48:53.742+0000] {processor.py:830} INFO - Processing file /home/airflow/.local/lib/python3.8/site-packages/airflow/example_dags/example_xcom.py for tasks to queue
[2024-03-19T09:48:53.748+0000] {logging_mixin.py:188} INFO - [2024-03-19T09:48:53.747+0000] {dagbag.py:540} INFO - Filling up the DagBag from /home/airflow/.local/lib/python3.8/site-packages/airflow/example_dags/example_xcom.py
[2024-03-19T09:48:53.791+0000] {processor.py:840} INFO - DAG(s) 'example_xcom' retrieved from /home/airflow/.local/lib/python3.8/site-packages/airflow/example_dags/example_xcom.py
[2024-03-19T09:48:53.944+0000] {logging_mixin.py:188} INFO - [2024-03-19T09:48:53.944+0000] {dag.py:3047} INFO - Sync 1 DAGs
[2024-03-19T09:48:54.203+0000] {logging_mixin.py:188} INFO - [2024-03-19T09:48:54.202+0000] {dag.py:3834} INFO - Setting next_dagrun for example_xcom to 2021-01-01 00:00:00+00:00, run_after=2021-01-01 00:00:00+00:00
[2024-03-19T09:48:54.541+0000] {processor.py:183} INFO - Processing /home/airflow/.local/lib/python3.8/site-packages/airflow/example_dags/example_xcom.py took 0.837 seconds
[2024-03-19T09:49:24.817+0000] {processor.py:161} INFO - Started process (PID=23293) to work on /home/airflow/.local/lib/python3.8/site-packages/airflow/example_dags/example_xcom.py
[2024-03-19T09:49:24.819+0000] {processor.py:830} INFO - Processing file /home/airflow/.local/lib/python3.8/site-packages/airflow/example_dags/example_xcom.py for tasks to queue
[2024-03-19T09:49:24.820+0000] {logging_mixin.py:188} INFO - [2024-03-19T09:49:24.819+0000] {dagbag.py:540} INFO - Filling up the DagBag from /home/airflow/.local/lib/python3.8/site-packages/airflow/example_dags/example_xcom.py
[2024-03-19T09:49:24.829+0000] {processor.py:840} INFO - DAG(s) 'example_xcom' retrieved from /home/airflow/.local/lib/python3.8/site-packages/airflow/example_dags/example_xcom.py
[2024-03-19T09:49:24.856+0000] {logging_mixin.py:188} INFO - [2024-03-19T09:49:24.855+0000] {dag.py:3047} INFO - Sync 1 DAGs
[2024-03-19T09:49:24.880+0000] {logging_mixin.py:188} INFO - [2024-03-19T09:49:24.879+0000] {dag.py:3834} INFO - Setting next_dagrun for example_xcom to 2021-01-01 00:00:00+00:00, run_after=2021-01-01 00:00:00+00:00
[2024-03-19T09:49:24.903+0000] {processor.py:183} INFO - Processing /home/airflow/.local/lib/python3.8/site-packages/airflow/example_dags/example_xcom.py took 0.090 seconds
[2024-03-19T09:49:55.405+0000] {processor.py:161} INFO - Started process (PID=23347) to work on /home/airflow/.local/lib/python3.8/site-packages/airflow/example_dags/example_xcom.py
[2024-03-19T09:49:55.407+0000] {processor.py:830} INFO - Processing file /home/airflow/.local/lib/python3.8/site-packages/airflow/example_dags/example_xcom.py for tasks to queue
[2024-03-19T09:49:55.409+0000] {logging_mixin.py:188} INFO - [2024-03-19T09:49:55.408+0000] {dagbag.py:540} INFO - Filling up the DagBag from /home/airflow/.local/lib/python3.8/site-packages/airflow/example_dags/example_xcom.py
[2024-03-19T09:49:55.430+0000] {processor.py:840} INFO - DAG(s) 'example_xcom' retrieved from /home/airflow/.local/lib/python3.8/site-packages/airflow/example_dags/example_xcom.py
[2024-03-19T09:49:55.472+0000] {logging_mixin.py:188} INFO - [2024-03-19T09:49:55.472+0000] {dag.py:3047} INFO - Sync 1 DAGs
[2024-03-19T09:49:55.506+0000] {logging_mixin.py:188} INFO - [2024-03-19T09:49:55.505+0000] {dag.py:3834} INFO - Setting next_dagrun for example_xcom to 2021-01-01 00:00:00+00:00, run_after=2021-01-01 00:00:00+00:00
[2024-03-19T09:49:55.581+0000] {processor.py:183} INFO - Processing /home/airflow/.local/lib/python3.8/site-packages/airflow/example_dags/example_xcom.py took 0.183 seconds
[2024-03-19T09:50:25.700+0000] {processor.py:161} INFO - Started process (PID=23402) to work on /home/airflow/.local/lib/python3.8/site-packages/airflow/example_dags/example_xcom.py
[2024-03-19T09:50:25.705+0000] {processor.py:830} INFO - Processing file /home/airflow/.local/lib/python3.8/site-packages/airflow/example_dags/example_xcom.py for tasks to queue
[2024-03-19T09:50:25.710+0000] {logging_mixin.py:188} INFO - [2024-03-19T09:50:25.709+0000] {dagbag.py:540} INFO - Filling up the DagBag from /home/airflow/.local/lib/python3.8/site-packages/airflow/example_dags/example_xcom.py
[2024-03-19T09:50:25.751+0000] {processor.py:840} INFO - DAG(s) 'example_xcom' retrieved from /home/airflow/.local/lib/python3.8/site-packages/airflow/example_dags/example_xcom.py
[2024-03-19T09:50:25.831+0000] {logging_mixin.py:188} INFO - [2024-03-19T09:50:25.830+0000] {dag.py:3047} INFO - Sync 1 DAGs
[2024-03-19T09:50:25.878+0000] {logging_mixin.py:188} INFO - [2024-03-19T09:50:25.877+0000] {dag.py:3834} INFO - Setting next_dagrun for example_xcom to 2021-01-01 00:00:00+00:00, run_after=2021-01-01 00:00:00+00:00
[2024-03-19T09:50:25.923+0000] {processor.py:183} INFO - Processing /home/airflow/.local/lib/python3.8/site-packages/airflow/example_dags/example_xcom.py took 0.238 seconds
[2024-03-19T09:51:01.469+0000] {processor.py:161} INFO - Started process (PID=23458) to work on /home/airflow/.local/lib/python3.8/site-packages/airflow/example_dags/example_xcom.py
[2024-03-19T09:51:01.473+0000] {processor.py:830} INFO - Processing file /home/airflow/.local/lib/python3.8/site-packages/airflow/example_dags/example_xcom.py for tasks to queue
[2024-03-19T09:51:01.475+0000] {logging_mixin.py:188} INFO - [2024-03-19T09:51:01.474+0000] {dagbag.py:540} INFO - Filling up the DagBag from /home/airflow/.local/lib/python3.8/site-packages/airflow/example_dags/example_xcom.py
[2024-03-19T09:51:01.550+0000] {processor.py:840} INFO - DAG(s) 'example_xcom' retrieved from /home/airflow/.local/lib/python3.8/site-packages/airflow/example_dags/example_xcom.py
[2024-03-19T09:51:02.031+0000] {logging_mixin.py:188} INFO - [2024-03-19T09:51:02.030+0000] {dag.py:3047} INFO - Sync 1 DAGs
[2024-03-19T09:51:02.404+0000] {logging_mixin.py:188} INFO - [2024-03-19T09:51:02.403+0000] {dag.py:3834} INFO - Setting next_dagrun for example_xcom to 2021-01-01 00:00:00+00:00, run_after=2021-01-01 00:00:00+00:00
[2024-03-19T09:51:02.585+0000] {processor.py:183} INFO - Processing /home/airflow/.local/lib/python3.8/site-packages/airflow/example_dags/example_xcom.py took 1.122 seconds
[2024-03-19T09:51:32.706+0000] {processor.py:161} INFO - Started process (PID=23511) to work on /home/airflow/.local/lib/python3.8/site-packages/airflow/example_dags/example_xcom.py
[2024-03-19T09:51:32.708+0000] {processor.py:830} INFO - Processing file /home/airflow/.local/lib/python3.8/site-packages/airflow/example_dags/example_xcom.py for tasks to queue
[2024-03-19T09:51:32.710+0000] {logging_mixin.py:188} INFO - [2024-03-19T09:51:32.710+0000] {dagbag.py:540} INFO - Filling up the DagBag from /home/airflow/.local/lib/python3.8/site-packages/airflow/example_dags/example_xcom.py
[2024-03-19T09:51:32.724+0000] {processor.py:840} INFO - DAG(s) 'example_xcom' retrieved from /home/airflow/.local/lib/python3.8/site-packages/airflow/example_dags/example_xcom.py
[2024-03-19T09:51:32.762+0000] {logging_mixin.py:188} INFO - [2024-03-19T09:51:32.762+0000] {dag.py:3047} INFO - Sync 1 DAGs
[2024-03-19T09:51:32.797+0000] {logging_mixin.py:188} INFO - [2024-03-19T09:51:32.797+0000] {dag.py:3834} INFO - Setting next_dagrun for example_xcom to 2021-01-01 00:00:00+00:00, run_after=2021-01-01 00:00:00+00:00
[2024-03-19T09:51:32.834+0000] {processor.py:183} INFO - Processing /home/airflow/.local/lib/python3.8/site-packages/airflow/example_dags/example_xcom.py took 0.133 seconds
[2024-03-19T09:52:03.509+0000] {processor.py:161} INFO - Started process (PID=23566) to work on /home/airflow/.local/lib/python3.8/site-packages/airflow/example_dags/example_xcom.py
[2024-03-19T09:52:03.511+0000] {processor.py:830} INFO - Processing file /home/airflow/.local/lib/python3.8/site-packages/airflow/example_dags/example_xcom.py for tasks to queue
[2024-03-19T09:52:03.512+0000] {logging_mixin.py:188} INFO - [2024-03-19T09:52:03.512+0000] {dagbag.py:540} INFO - Filling up the DagBag from /home/airflow/.local/lib/python3.8/site-packages/airflow/example_dags/example_xcom.py
[2024-03-19T09:52:03.527+0000] {processor.py:840} INFO - DAG(s) 'example_xcom' retrieved from /home/airflow/.local/lib/python3.8/site-packages/airflow/example_dags/example_xcom.py
[2024-03-19T09:52:03.560+0000] {logging_mixin.py:188} INFO - [2024-03-19T09:52:03.560+0000] {dag.py:3047} INFO - Sync 1 DAGs
[2024-03-19T09:52:03.592+0000] {logging_mixin.py:188} INFO - [2024-03-19T09:52:03.591+0000] {dag.py:3834} INFO - Setting next_dagrun for example_xcom to 2021-01-01 00:00:00+00:00, run_after=2021-01-01 00:00:00+00:00
[2024-03-19T09:52:03.619+0000] {processor.py:183} INFO - Processing /home/airflow/.local/lib/python3.8/site-packages/airflow/example_dags/example_xcom.py took 0.118 seconds
[2024-03-19T09:52:33.752+0000] {processor.py:161} INFO - Started process (PID=23621) to work on /home/airflow/.local/lib/python3.8/site-packages/airflow/example_dags/example_xcom.py
[2024-03-19T09:52:33.755+0000] {processor.py:830} INFO - Processing file /home/airflow/.local/lib/python3.8/site-packages/airflow/example_dags/example_xcom.py for tasks to queue
[2024-03-19T09:52:33.758+0000] {logging_mixin.py:188} INFO - [2024-03-19T09:52:33.757+0000] {dagbag.py:540} INFO - Filling up the DagBag from /home/airflow/.local/lib/python3.8/site-packages/airflow/example_dags/example_xcom.py
[2024-03-19T09:52:33.787+0000] {processor.py:840} INFO - DAG(s) 'example_xcom' retrieved from /home/airflow/.local/lib/python3.8/site-packages/airflow/example_dags/example_xcom.py
[2024-03-19T09:52:33.843+0000] {logging_mixin.py:188} INFO - [2024-03-19T09:52:33.842+0000] {dag.py:3047} INFO - Sync 1 DAGs
[2024-03-19T09:52:33.919+0000] {logging_mixin.py:188} INFO - [2024-03-19T09:52:33.919+0000] {dag.py:3834} INFO - Setting next_dagrun for example_xcom to 2021-01-01 00:00:00+00:00, run_after=2021-01-01 00:00:00+00:00
[2024-03-19T09:52:34.007+0000] {processor.py:183} INFO - Processing /home/airflow/.local/lib/python3.8/site-packages/airflow/example_dags/example_xcom.py took 0.266 seconds
[2024-03-19T09:53:04.962+0000] {processor.py:161} INFO - Started process (PID=23676) to work on /home/airflow/.local/lib/python3.8/site-packages/airflow/example_dags/example_xcom.py
[2024-03-19T09:53:04.964+0000] {processor.py:830} INFO - Processing file /home/airflow/.local/lib/python3.8/site-packages/airflow/example_dags/example_xcom.py for tasks to queue
[2024-03-19T09:53:04.966+0000] {logging_mixin.py:188} INFO - [2024-03-19T09:53:04.965+0000] {dagbag.py:540} INFO - Filling up the DagBag from /home/airflow/.local/lib/python3.8/site-packages/airflow/example_dags/example_xcom.py
[2024-03-19T09:53:04.978+0000] {processor.py:840} INFO - DAG(s) 'example_xcom' retrieved from /home/airflow/.local/lib/python3.8/site-packages/airflow/example_dags/example_xcom.py
[2024-03-19T09:53:05.006+0000] {logging_mixin.py:188} INFO - [2024-03-19T09:53:05.006+0000] {dag.py:3047} INFO - Sync 1 DAGs
[2024-03-19T09:53:05.032+0000] {logging_mixin.py:188} INFO - [2024-03-19T09:53:05.032+0000] {dag.py:3834} INFO - Setting next_dagrun for example_xcom to 2021-01-01 00:00:00+00:00, run_after=2021-01-01 00:00:00+00:00
[2024-03-19T09:53:05.055+0000] {processor.py:183} INFO - Processing /home/airflow/.local/lib/python3.8/site-packages/airflow/example_dags/example_xcom.py took 0.098 seconds
[2024-03-19T09:53:35.988+0000] {processor.py:161} INFO - Started process (PID=23731) to work on /home/airflow/.local/lib/python3.8/site-packages/airflow/example_dags/example_xcom.py
[2024-03-19T09:53:35.992+0000] {processor.py:830} INFO - Processing file /home/airflow/.local/lib/python3.8/site-packages/airflow/example_dags/example_xcom.py for tasks to queue
[2024-03-19T09:53:35.995+0000] {logging_mixin.py:188} INFO - [2024-03-19T09:53:35.994+0000] {dagbag.py:540} INFO - Filling up the DagBag from /home/airflow/.local/lib/python3.8/site-packages/airflow/example_dags/example_xcom.py
[2024-03-19T09:53:36.012+0000] {processor.py:840} INFO - DAG(s) 'example_xcom' retrieved from /home/airflow/.local/lib/python3.8/site-packages/airflow/example_dags/example_xcom.py
[2024-03-19T09:53:36.048+0000] {logging_mixin.py:188} INFO - [2024-03-19T09:53:36.048+0000] {dag.py:3047} INFO - Sync 1 DAGs
[2024-03-19T09:53:36.084+0000] {logging_mixin.py:188} INFO - [2024-03-19T09:53:36.083+0000] {dag.py:3834} INFO - Setting next_dagrun for example_xcom to 2021-01-01 00:00:00+00:00, run_after=2021-01-01 00:00:00+00:00
[2024-03-19T09:53:36.120+0000] {processor.py:183} INFO - Processing /home/airflow/.local/lib/python3.8/site-packages/airflow/example_dags/example_xcom.py took 0.140 seconds
[2024-03-19T09:54:06.227+0000] {processor.py:161} INFO - Started process (PID=23787) to work on /home/airflow/.local/lib/python3.8/site-packages/airflow/example_dags/example_xcom.py
[2024-03-19T09:54:06.229+0000] {processor.py:830} INFO - Processing file /home/airflow/.local/lib/python3.8/site-packages/airflow/example_dags/example_xcom.py for tasks to queue
[2024-03-19T09:54:06.231+0000] {logging_mixin.py:188} INFO - [2024-03-19T09:54:06.230+0000] {dagbag.py:540} INFO - Filling up the DagBag from /home/airflow/.local/lib/python3.8/site-packages/airflow/example_dags/example_xcom.py
[2024-03-19T09:54:06.245+0000] {processor.py:840} INFO - DAG(s) 'example_xcom' retrieved from /home/airflow/.local/lib/python3.8/site-packages/airflow/example_dags/example_xcom.py
[2024-03-19T09:54:06.292+0000] {logging_mixin.py:188} INFO - [2024-03-19T09:54:06.291+0000] {dag.py:3047} INFO - Sync 1 DAGs
[2024-03-19T09:54:06.356+0000] {logging_mixin.py:188} INFO - [2024-03-19T09:54:06.356+0000] {dag.py:3834} INFO - Setting next_dagrun for example_xcom to 2021-01-01 00:00:00+00:00, run_after=2021-01-01 00:00:00+00:00
[2024-03-19T09:54:06.437+0000] {processor.py:183} INFO - Processing /home/airflow/.local/lib/python3.8/site-packages/airflow/example_dags/example_xcom.py took 0.216 seconds
[2024-03-19T09:54:36.541+0000] {processor.py:161} INFO - Started process (PID=23842) to work on /home/airflow/.local/lib/python3.8/site-packages/airflow/example_dags/example_xcom.py
[2024-03-19T09:54:36.543+0000] {processor.py:830} INFO - Processing file /home/airflow/.local/lib/python3.8/site-packages/airflow/example_dags/example_xcom.py for tasks to queue
[2024-03-19T09:54:36.545+0000] {logging_mixin.py:188} INFO - [2024-03-19T09:54:36.544+0000] {dagbag.py:540} INFO - Filling up the DagBag from /home/airflow/.local/lib/python3.8/site-packages/airflow/example_dags/example_xcom.py
[2024-03-19T09:54:36.555+0000] {processor.py:840} INFO - DAG(s) 'example_xcom' retrieved from /home/airflow/.local/lib/python3.8/site-packages/airflow/example_dags/example_xcom.py
[2024-03-19T09:54:36.583+0000] {logging_mixin.py:188} INFO - [2024-03-19T09:54:36.583+0000] {dag.py:3047} INFO - Sync 1 DAGs
[2024-03-19T09:54:36.611+0000] {logging_mixin.py:188} INFO - [2024-03-19T09:54:36.610+0000] {dag.py:3834} INFO - Setting next_dagrun for example_xcom to 2021-01-01 00:00:00+00:00, run_after=2021-01-01 00:00:00+00:00
[2024-03-19T09:54:36.634+0000] {processor.py:183} INFO - Processing /home/airflow/.local/lib/python3.8/site-packages/airflow/example_dags/example_xcom.py took 0.097 seconds
[2024-03-19T09:55:07.078+0000] {processor.py:161} INFO - Started process (PID=23897) to work on /home/airflow/.local/lib/python3.8/site-packages/airflow/example_dags/example_xcom.py
[2024-03-19T09:55:07.081+0000] {processor.py:830} INFO - Processing file /home/airflow/.local/lib/python3.8/site-packages/airflow/example_dags/example_xcom.py for tasks to queue
[2024-03-19T09:55:07.083+0000] {logging_mixin.py:188} INFO - [2024-03-19T09:55:07.083+0000] {dagbag.py:540} INFO - Filling up the DagBag from /home/airflow/.local/lib/python3.8/site-packages/airflow/example_dags/example_xcom.py
[2024-03-19T09:55:07.097+0000] {processor.py:840} INFO - DAG(s) 'example_xcom' retrieved from /home/airflow/.local/lib/python3.8/site-packages/airflow/example_dags/example_xcom.py
[2024-03-19T09:55:07.133+0000] {logging_mixin.py:188} INFO - [2024-03-19T09:55:07.133+0000] {dag.py:3047} INFO - Sync 1 DAGs
[2024-03-19T09:55:07.172+0000] {logging_mixin.py:188} INFO - [2024-03-19T09:55:07.172+0000] {dag.py:3834} INFO - Setting next_dagrun for example_xcom to 2021-01-01 00:00:00+00:00, run_after=2021-01-01 00:00:00+00:00
[2024-03-19T09:55:07.207+0000] {processor.py:183} INFO - Processing /home/airflow/.local/lib/python3.8/site-packages/airflow/example_dags/example_xcom.py took 0.135 seconds
[2024-03-19T09:55:39.447+0000] {processor.py:161} INFO - Started process (PID=23952) to work on /home/airflow/.local/lib/python3.8/site-packages/airflow/example_dags/example_xcom.py
[2024-03-19T09:55:39.479+0000] {processor.py:830} INFO - Processing file /home/airflow/.local/lib/python3.8/site-packages/airflow/example_dags/example_xcom.py for tasks to queue
[2024-03-19T09:55:39.483+0000] {logging_mixin.py:188} INFO - [2024-03-19T09:55:39.482+0000] {dagbag.py:540} INFO - Filling up the DagBag from /home/airflow/.local/lib/python3.8/site-packages/airflow/example_dags/example_xcom.py
[2024-03-19T09:55:39.862+0000] {processor.py:840} INFO - DAG(s) 'example_xcom' retrieved from /home/airflow/.local/lib/python3.8/site-packages/airflow/example_dags/example_xcom.py
[2024-03-19T09:55:40.245+0000] {logging_mixin.py:188} INFO - [2024-03-19T09:55:40.245+0000] {dag.py:3047} INFO - Sync 1 DAGs
[2024-03-19T09:55:40.437+0000] {logging_mixin.py:188} INFO - [2024-03-19T09:55:40.436+0000] {dag.py:3834} INFO - Setting next_dagrun for example_xcom to 2021-01-01 00:00:00+00:00, run_after=2021-01-01 00:00:00+00:00
[2024-03-19T09:55:40.542+0000] {processor.py:183} INFO - Processing /home/airflow/.local/lib/python3.8/site-packages/airflow/example_dags/example_xcom.py took 1.245 seconds
[2024-03-19T09:56:10.873+0000] {processor.py:161} INFO - Started process (PID=24005) to work on /home/airflow/.local/lib/python3.8/site-packages/airflow/example_dags/example_xcom.py
[2024-03-19T09:56:10.874+0000] {processor.py:830} INFO - Processing file /home/airflow/.local/lib/python3.8/site-packages/airflow/example_dags/example_xcom.py for tasks to queue
[2024-03-19T09:56:10.876+0000] {logging_mixin.py:188} INFO - [2024-03-19T09:56:10.876+0000] {dagbag.py:540} INFO - Filling up the DagBag from /home/airflow/.local/lib/python3.8/site-packages/airflow/example_dags/example_xcom.py
[2024-03-19T09:56:10.888+0000] {processor.py:840} INFO - DAG(s) 'example_xcom' retrieved from /home/airflow/.local/lib/python3.8/site-packages/airflow/example_dags/example_xcom.py
[2024-03-19T09:56:10.915+0000] {logging_mixin.py:188} INFO - [2024-03-19T09:56:10.915+0000] {dag.py:3047} INFO - Sync 1 DAGs
[2024-03-19T09:56:10.947+0000] {logging_mixin.py:188} INFO - [2024-03-19T09:56:10.946+0000] {dag.py:3834} INFO - Setting next_dagrun for example_xcom to 2021-01-01 00:00:00+00:00, run_after=2021-01-01 00:00:00+00:00
[2024-03-19T09:56:10.976+0000] {processor.py:183} INFO - Processing /home/airflow/.local/lib/python3.8/site-packages/airflow/example_dags/example_xcom.py took 0.107 seconds
[2024-03-19T09:56:41.074+0000] {processor.py:161} INFO - Started process (PID=24060) to work on /home/airflow/.local/lib/python3.8/site-packages/airflow/example_dags/example_xcom.py
[2024-03-19T09:56:41.078+0000] {processor.py:830} INFO - Processing file /home/airflow/.local/lib/python3.8/site-packages/airflow/example_dags/example_xcom.py for tasks to queue
[2024-03-19T09:56:41.081+0000] {logging_mixin.py:188} INFO - [2024-03-19T09:56:41.081+0000] {dagbag.py:540} INFO - Filling up the DagBag from /home/airflow/.local/lib/python3.8/site-packages/airflow/example_dags/example_xcom.py
[2024-03-19T09:56:41.114+0000] {processor.py:840} INFO - DAG(s) 'example_xcom' retrieved from /home/airflow/.local/lib/python3.8/site-packages/airflow/example_dags/example_xcom.py
[2024-03-19T09:56:41.213+0000] {logging_mixin.py:188} INFO - [2024-03-19T09:56:41.209+0000] {dag.py:3047} INFO - Sync 1 DAGs
[2024-03-19T09:56:41.288+0000] {logging_mixin.py:188} INFO - [2024-03-19T09:56:41.287+0000] {dag.py:3834} INFO - Setting next_dagrun for example_xcom to 2021-01-01 00:00:00+00:00, run_after=2021-01-01 00:00:00+00:00
[2024-03-19T09:56:41.346+0000] {processor.py:183} INFO - Processing /home/airflow/.local/lib/python3.8/site-packages/airflow/example_dags/example_xcom.py took 0.290 seconds
[2024-03-19T09:57:12.240+0000] {processor.py:161} INFO - Started process (PID=24115) to work on /home/airflow/.local/lib/python3.8/site-packages/airflow/example_dags/example_xcom.py
[2024-03-19T09:57:12.242+0000] {processor.py:830} INFO - Processing file /home/airflow/.local/lib/python3.8/site-packages/airflow/example_dags/example_xcom.py for tasks to queue
[2024-03-19T09:57:12.244+0000] {logging_mixin.py:188} INFO - [2024-03-19T09:57:12.244+0000] {dagbag.py:540} INFO - Filling up the DagBag from /home/airflow/.local/lib/python3.8/site-packages/airflow/example_dags/example_xcom.py
[2024-03-19T09:57:12.258+0000] {processor.py:840} INFO - DAG(s) 'example_xcom' retrieved from /home/airflow/.local/lib/python3.8/site-packages/airflow/example_dags/example_xcom.py
[2024-03-19T09:57:12.295+0000] {logging_mixin.py:188} INFO - [2024-03-19T09:57:12.295+0000] {dag.py:3047} INFO - Sync 1 DAGs
[2024-03-19T09:57:12.328+0000] {logging_mixin.py:188} INFO - [2024-03-19T09:57:12.328+0000] {dag.py:3834} INFO - Setting next_dagrun for example_xcom to 2021-01-01 00:00:00+00:00, run_after=2021-01-01 00:00:00+00:00
[2024-03-19T09:57:12.361+0000] {processor.py:183} INFO - Processing /home/airflow/.local/lib/python3.8/site-packages/airflow/example_dags/example_xcom.py took 0.128 seconds
