[2024-03-19T09:44:30.532+0000] {processor.py:161} INFO - Started process (PID=22804) to work on /home/airflow/.local/lib/python3.8/site-packages/airflow/example_dags/example_dag_decorator.py
[2024-03-19T09:44:30.534+0000] {processor.py:830} INFO - Processing file /home/airflow/.local/lib/python3.8/site-packages/airflow/example_dags/example_dag_decorator.py for tasks to queue
[2024-03-19T09:44:30.536+0000] {logging_mixin.py:188} INFO - [2024-03-19T09:44:30.536+0000] {dagbag.py:540} INFO - Filling up the DagBag from /home/airflow/.local/lib/python3.8/site-packages/airflow/example_dags/example_dag_decorator.py
[2024-03-19T09:44:30.816+0000] {processor.py:840} INFO - DAG(s) 'example_dag_decorator' retrieved from /home/airflow/.local/lib/python3.8/site-packages/airflow/example_dags/example_dag_decorator.py
[2024-03-19T09:44:31.068+0000] {logging_mixin.py:188} INFO - [2024-03-19T09:44:31.068+0000] {dag.py:3047} INFO - Sync 1 DAGs
[2024-03-19T09:44:31.085+0000] {logging_mixin.py:188} INFO - [2024-03-19T09:44:31.085+0000] {dag.py:3834} INFO - Setting next_dagrun for example_dag_decorator to None, run_after=None
[2024-03-19T09:44:31.115+0000] {processor.py:183} INFO - Processing /home/airflow/.local/lib/python3.8/site-packages/airflow/example_dags/example_dag_decorator.py took 0.591 seconds
[2024-03-19T09:45:01.214+0000] {processor.py:161} INFO - Started process (PID=22861) to work on /home/airflow/.local/lib/python3.8/site-packages/airflow/example_dags/example_dag_decorator.py
[2024-03-19T09:45:01.216+0000] {processor.py:830} INFO - Processing file /home/airflow/.local/lib/python3.8/site-packages/airflow/example_dags/example_dag_decorator.py for tasks to queue
[2024-03-19T09:45:01.218+0000] {logging_mixin.py:188} INFO - [2024-03-19T09:45:01.217+0000] {dagbag.py:540} INFO - Filling up the DagBag from /home/airflow/.local/lib/python3.8/site-packages/airflow/example_dags/example_dag_decorator.py
[2024-03-19T09:45:01.348+0000] {processor.py:840} INFO - DAG(s) 'example_dag_decorator' retrieved from /home/airflow/.local/lib/python3.8/site-packages/airflow/example_dags/example_dag_decorator.py
[2024-03-19T09:45:01.483+0000] {logging_mixin.py:188} INFO - [2024-03-19T09:45:01.483+0000] {dag.py:3047} INFO - Sync 1 DAGs
[2024-03-19T09:45:01.496+0000] {logging_mixin.py:188} INFO - [2024-03-19T09:45:01.496+0000] {dag.py:3834} INFO - Setting next_dagrun for example_dag_decorator to None, run_after=None
[2024-03-19T09:45:01.518+0000] {processor.py:183} INFO - Processing /home/airflow/.local/lib/python3.8/site-packages/airflow/example_dags/example_dag_decorator.py took 0.309 seconds
[2024-03-19T09:45:44.735+0000] {processor.py:161} INFO - Started process (PID=22914) to work on /home/airflow/.local/lib/python3.8/site-packages/airflow/example_dags/example_dag_decorator.py
[2024-03-19T09:45:44.742+0000] {processor.py:830} INFO - Processing file /home/airflow/.local/lib/python3.8/site-packages/airflow/example_dags/example_dag_decorator.py for tasks to queue
[2024-03-19T09:45:44.745+0000] {logging_mixin.py:188} INFO - [2024-03-19T09:45:44.744+0000] {dagbag.py:540} INFO - Filling up the DagBag from /home/airflow/.local/lib/python3.8/site-packages/airflow/example_dags/example_dag_decorator.py
[2024-03-19T09:45:47.019+0000] {processor.py:840} INFO - DAG(s) 'example_dag_decorator' retrieved from /home/airflow/.local/lib/python3.8/site-packages/airflow/example_dags/example_dag_decorator.py
[2024-03-19T09:45:48.391+0000] {logging_mixin.py:188} INFO - [2024-03-19T09:45:48.391+0000] {dag.py:3047} INFO - Sync 1 DAGs
[2024-03-19T09:45:48.448+0000] {logging_mixin.py:188} INFO - [2024-03-19T09:45:48.447+0000] {dag.py:3834} INFO - Setting next_dagrun for example_dag_decorator to None, run_after=None
[2024-03-19T09:45:48.591+0000] {processor.py:183} INFO - Processing /home/airflow/.local/lib/python3.8/site-packages/airflow/example_dags/example_dag_decorator.py took 3.875 seconds
[2024-03-19T09:46:19.636+0000] {processor.py:161} INFO - Started process (PID=22972) to work on /home/airflow/.local/lib/python3.8/site-packages/airflow/example_dags/example_dag_decorator.py
[2024-03-19T09:46:19.640+0000] {processor.py:830} INFO - Processing file /home/airflow/.local/lib/python3.8/site-packages/airflow/example_dags/example_dag_decorator.py for tasks to queue
[2024-03-19T09:46:19.644+0000] {logging_mixin.py:188} INFO - [2024-03-19T09:46:19.642+0000] {dagbag.py:540} INFO - Filling up the DagBag from /home/airflow/.local/lib/python3.8/site-packages/airflow/example_dags/example_dag_decorator.py
[2024-03-19T09:46:20.547+0000] {processor.py:840} INFO - DAG(s) 'example_dag_decorator' retrieved from /home/airflow/.local/lib/python3.8/site-packages/airflow/example_dags/example_dag_decorator.py
[2024-03-19T09:46:21.368+0000] {logging_mixin.py:188} INFO - [2024-03-19T09:46:21.367+0000] {dag.py:3047} INFO - Sync 1 DAGs
[2024-03-19T09:46:21.408+0000] {logging_mixin.py:188} INFO - [2024-03-19T09:46:21.407+0000] {dag.py:3834} INFO - Setting next_dagrun for example_dag_decorator to None, run_after=None
[2024-03-19T09:46:21.518+0000] {processor.py:183} INFO - Processing /home/airflow/.local/lib/python3.8/site-packages/airflow/example_dags/example_dag_decorator.py took 1.889 seconds
[2024-03-19T09:46:52.257+0000] {processor.py:161} INFO - Started process (PID=23029) to work on /home/airflow/.local/lib/python3.8/site-packages/airflow/example_dags/example_dag_decorator.py
[2024-03-19T09:46:52.259+0000] {processor.py:830} INFO - Processing file /home/airflow/.local/lib/python3.8/site-packages/airflow/example_dags/example_dag_decorator.py for tasks to queue
[2024-03-19T09:46:52.261+0000] {logging_mixin.py:188} INFO - [2024-03-19T09:46:52.260+0000] {dagbag.py:540} INFO - Filling up the DagBag from /home/airflow/.local/lib/python3.8/site-packages/airflow/example_dags/example_dag_decorator.py
[2024-03-19T09:46:52.484+0000] {processor.py:840} INFO - DAG(s) 'example_dag_decorator' retrieved from /home/airflow/.local/lib/python3.8/site-packages/airflow/example_dags/example_dag_decorator.py
[2024-03-19T09:46:52.746+0000] {logging_mixin.py:188} INFO - [2024-03-19T09:46:52.745+0000] {dag.py:3047} INFO - Sync 1 DAGs
[2024-03-19T09:46:52.765+0000] {logging_mixin.py:188} INFO - [2024-03-19T09:46:52.765+0000] {dag.py:3834} INFO - Setting next_dagrun for example_dag_decorator to None, run_after=None
[2024-03-19T09:46:52.799+0000] {processor.py:183} INFO - Processing /home/airflow/.local/lib/python3.8/site-packages/airflow/example_dags/example_dag_decorator.py took 0.547 seconds
[2024-03-19T09:47:23.706+0000] {processor.py:161} INFO - Started process (PID=23086) to work on /home/airflow/.local/lib/python3.8/site-packages/airflow/example_dags/example_dag_decorator.py
[2024-03-19T09:47:23.708+0000] {processor.py:830} INFO - Processing file /home/airflow/.local/lib/python3.8/site-packages/airflow/example_dags/example_dag_decorator.py for tasks to queue
[2024-03-19T09:47:23.710+0000] {logging_mixin.py:188} INFO - [2024-03-19T09:47:23.709+0000] {dagbag.py:540} INFO - Filling up the DagBag from /home/airflow/.local/lib/python3.8/site-packages/airflow/example_dags/example_dag_decorator.py
[2024-03-19T09:47:24.224+0000] {processor.py:840} INFO - DAG(s) 'example_dag_decorator' retrieved from /home/airflow/.local/lib/python3.8/site-packages/airflow/example_dags/example_dag_decorator.py
[2024-03-19T09:47:24.728+0000] {logging_mixin.py:188} INFO - [2024-03-19T09:47:24.728+0000] {dag.py:3047} INFO - Sync 1 DAGs
[2024-03-19T09:47:24.761+0000] {logging_mixin.py:188} INFO - [2024-03-19T09:47:24.761+0000] {dag.py:3834} INFO - Setting next_dagrun for example_dag_decorator to None, run_after=None
[2024-03-19T09:47:24.806+0000] {processor.py:183} INFO - Processing /home/airflow/.local/lib/python3.8/site-packages/airflow/example_dags/example_dag_decorator.py took 1.106 seconds
[2024-03-19T09:47:55.211+0000] {processor.py:161} INFO - Started process (PID=23139) to work on /home/airflow/.local/lib/python3.8/site-packages/airflow/example_dags/example_dag_decorator.py
[2024-03-19T09:47:55.220+0000] {processor.py:830} INFO - Processing file /home/airflow/.local/lib/python3.8/site-packages/airflow/example_dags/example_dag_decorator.py for tasks to queue
[2024-03-19T09:47:55.222+0000] {logging_mixin.py:188} INFO - [2024-03-19T09:47:55.221+0000] {dagbag.py:540} INFO - Filling up the DagBag from /home/airflow/.local/lib/python3.8/site-packages/airflow/example_dags/example_dag_decorator.py
[2024-03-19T09:47:55.881+0000] {processor.py:840} INFO - DAG(s) 'example_dag_decorator' retrieved from /home/airflow/.local/lib/python3.8/site-packages/airflow/example_dags/example_dag_decorator.py
[2024-03-19T09:47:56.284+0000] {logging_mixin.py:188} INFO - [2024-03-19T09:47:56.283+0000] {dag.py:3047} INFO - Sync 1 DAGs
[2024-03-19T09:47:56.307+0000] {logging_mixin.py:188} INFO - [2024-03-19T09:47:56.307+0000] {dag.py:3834} INFO - Setting next_dagrun for example_dag_decorator to None, run_after=None
[2024-03-19T09:47:56.353+0000] {processor.py:183} INFO - Processing /home/airflow/.local/lib/python3.8/site-packages/airflow/example_dags/example_dag_decorator.py took 1.152 seconds
[2024-03-19T09:48:26.673+0000] {processor.py:161} INFO - Started process (PID=23198) to work on /home/airflow/.local/lib/python3.8/site-packages/airflow/example_dags/example_dag_decorator.py
[2024-03-19T09:48:26.676+0000] {processor.py:830} INFO - Processing file /home/airflow/.local/lib/python3.8/site-packages/airflow/example_dags/example_dag_decorator.py for tasks to queue
[2024-03-19T09:48:26.680+0000] {logging_mixin.py:188} INFO - [2024-03-19T09:48:26.678+0000] {dagbag.py:540} INFO - Filling up the DagBag from /home/airflow/.local/lib/python3.8/site-packages/airflow/example_dags/example_dag_decorator.py
[2024-03-19T09:48:26.874+0000] {processor.py:840} INFO - DAG(s) 'example_dag_decorator' retrieved from /home/airflow/.local/lib/python3.8/site-packages/airflow/example_dags/example_dag_decorator.py
[2024-03-19T09:48:27.030+0000] {logging_mixin.py:188} INFO - [2024-03-19T09:48:27.030+0000] {dag.py:3047} INFO - Sync 1 DAGs
[2024-03-19T09:48:27.048+0000] {logging_mixin.py:188} INFO - [2024-03-19T09:48:27.048+0000] {dag.py:3834} INFO - Setting next_dagrun for example_dag_decorator to None, run_after=None
[2024-03-19T09:48:27.075+0000] {processor.py:183} INFO - Processing /home/airflow/.local/lib/python3.8/site-packages/airflow/example_dags/example_dag_decorator.py took 0.407 seconds
[2024-03-19T09:49:00.011+0000] {processor.py:161} INFO - Started process (PID=23251) to work on /home/airflow/.local/lib/python3.8/site-packages/airflow/example_dags/example_dag_decorator.py
[2024-03-19T09:49:00.019+0000] {processor.py:830} INFO - Processing file /home/airflow/.local/lib/python3.8/site-packages/airflow/example_dags/example_dag_decorator.py for tasks to queue
[2024-03-19T09:49:00.022+0000] {logging_mixin.py:188} INFO - [2024-03-19T09:49:00.021+0000] {dagbag.py:540} INFO - Filling up the DagBag from /home/airflow/.local/lib/python3.8/site-packages/airflow/example_dags/example_dag_decorator.py
[2024-03-19T09:49:02.397+0000] {processor.py:840} INFO - DAG(s) 'example_dag_decorator' retrieved from /home/airflow/.local/lib/python3.8/site-packages/airflow/example_dags/example_dag_decorator.py
[2024-03-19T09:49:03.121+0000] {logging_mixin.py:188} INFO - [2024-03-19T09:49:03.120+0000] {dag.py:3047} INFO - Sync 1 DAGs
[2024-03-19T09:49:03.165+0000] {logging_mixin.py:188} INFO - [2024-03-19T09:49:03.165+0000] {dag.py:3834} INFO - Setting next_dagrun for example_dag_decorator to None, run_after=None
[2024-03-19T09:49:03.230+0000] {processor.py:183} INFO - Processing /home/airflow/.local/lib/python3.8/site-packages/airflow/example_dags/example_dag_decorator.py took 3.236 seconds
[2024-03-19T09:49:33.560+0000] {processor.py:161} INFO - Started process (PID=23309) to work on /home/airflow/.local/lib/python3.8/site-packages/airflow/example_dags/example_dag_decorator.py
[2024-03-19T09:49:33.563+0000] {processor.py:830} INFO - Processing file /home/airflow/.local/lib/python3.8/site-packages/airflow/example_dags/example_dag_decorator.py for tasks to queue
[2024-03-19T09:49:33.564+0000] {logging_mixin.py:188} INFO - [2024-03-19T09:49:33.564+0000] {dagbag.py:540} INFO - Filling up the DagBag from /home/airflow/.local/lib/python3.8/site-packages/airflow/example_dags/example_dag_decorator.py
[2024-03-19T09:49:33.766+0000] {processor.py:840} INFO - DAG(s) 'example_dag_decorator' retrieved from /home/airflow/.local/lib/python3.8/site-packages/airflow/example_dags/example_dag_decorator.py
[2024-03-19T09:49:33.840+0000] {logging_mixin.py:188} INFO - [2024-03-19T09:49:33.840+0000] {dag.py:3047} INFO - Sync 1 DAGs
[2024-03-19T09:49:33.856+0000] {logging_mixin.py:188} INFO - [2024-03-19T09:49:33.856+0000] {dag.py:3834} INFO - Setting next_dagrun for example_dag_decorator to None, run_after=None
[2024-03-19T09:49:33.883+0000] {processor.py:183} INFO - Processing /home/airflow/.local/lib/python3.8/site-packages/airflow/example_dags/example_dag_decorator.py took 0.328 seconds
[2024-03-19T09:50:04.797+0000] {processor.py:161} INFO - Started process (PID=23366) to work on /home/airflow/.local/lib/python3.8/site-packages/airflow/example_dags/example_dag_decorator.py
[2024-03-19T09:50:04.799+0000] {processor.py:830} INFO - Processing file /home/airflow/.local/lib/python3.8/site-packages/airflow/example_dags/example_dag_decorator.py for tasks to queue
[2024-03-19T09:50:04.802+0000] {logging_mixin.py:188} INFO - [2024-03-19T09:50:04.801+0000] {dagbag.py:540} INFO - Filling up the DagBag from /home/airflow/.local/lib/python3.8/site-packages/airflow/example_dags/example_dag_decorator.py
[2024-03-19T09:50:05.007+0000] {processor.py:840} INFO - DAG(s) 'example_dag_decorator' retrieved from /home/airflow/.local/lib/python3.8/site-packages/airflow/example_dags/example_dag_decorator.py
[2024-03-19T09:50:05.349+0000] {logging_mixin.py:188} INFO - [2024-03-19T09:50:05.349+0000] {dag.py:3047} INFO - Sync 1 DAGs
[2024-03-19T09:50:05.388+0000] {logging_mixin.py:188} INFO - [2024-03-19T09:50:05.388+0000] {dag.py:3834} INFO - Setting next_dagrun for example_dag_decorator to None, run_after=None
[2024-03-19T09:50:05.434+0000] {processor.py:183} INFO - Processing /home/airflow/.local/lib/python3.8/site-packages/airflow/example_dags/example_dag_decorator.py took 0.643 seconds
[2024-03-19T09:50:36.531+0000] {processor.py:161} INFO - Started process (PID=23422) to work on /home/airflow/.local/lib/python3.8/site-packages/airflow/example_dags/example_dag_decorator.py
[2024-03-19T09:50:36.534+0000] {processor.py:830} INFO - Processing file /home/airflow/.local/lib/python3.8/site-packages/airflow/example_dags/example_dag_decorator.py for tasks to queue
[2024-03-19T09:50:36.544+0000] {logging_mixin.py:188} INFO - [2024-03-19T09:50:36.543+0000] {dagbag.py:540} INFO - Filling up the DagBag from /home/airflow/.local/lib/python3.8/site-packages/airflow/example_dags/example_dag_decorator.py
[2024-03-19T09:50:37.389+0000] {processor.py:840} INFO - DAG(s) 'example_dag_decorator' retrieved from /home/airflow/.local/lib/python3.8/site-packages/airflow/example_dags/example_dag_decorator.py
[2024-03-19T09:50:38.712+0000] {logging_mixin.py:188} INFO - [2024-03-19T09:50:38.704+0000] {dag.py:3047} INFO - Sync 1 DAGs
[2024-03-19T09:50:38.798+0000] {logging_mixin.py:188} INFO - [2024-03-19T09:50:38.797+0000] {dag.py:3834} INFO - Setting next_dagrun for example_dag_decorator to None, run_after=None
[2024-03-19T09:50:39.023+0000] {processor.py:183} INFO - Processing /home/airflow/.local/lib/python3.8/site-packages/airflow/example_dags/example_dag_decorator.py took 2.500 seconds
[2024-03-19T09:51:09.899+0000] {processor.py:161} INFO - Started process (PID=23481) to work on /home/airflow/.local/lib/python3.8/site-packages/airflow/example_dags/example_dag_decorator.py
[2024-03-19T09:51:09.913+0000] {processor.py:830} INFO - Processing file /home/airflow/.local/lib/python3.8/site-packages/airflow/example_dags/example_dag_decorator.py for tasks to queue
[2024-03-19T09:51:09.916+0000] {logging_mixin.py:188} INFO - [2024-03-19T09:51:09.915+0000] {dagbag.py:540} INFO - Filling up the DagBag from /home/airflow/.local/lib/python3.8/site-packages/airflow/example_dags/example_dag_decorator.py
[2024-03-19T09:51:10.546+0000] {processor.py:840} INFO - DAG(s) 'example_dag_decorator' retrieved from /home/airflow/.local/lib/python3.8/site-packages/airflow/example_dags/example_dag_decorator.py
[2024-03-19T09:51:11.209+0000] {logging_mixin.py:188} INFO - [2024-03-19T09:51:11.209+0000] {dag.py:3047} INFO - Sync 1 DAGs
[2024-03-19T09:51:11.255+0000] {logging_mixin.py:188} INFO - [2024-03-19T09:51:11.254+0000] {dag.py:3834} INFO - Setting next_dagrun for example_dag_decorator to None, run_after=None
[2024-03-19T09:51:11.325+0000] {processor.py:183} INFO - Processing /home/airflow/.local/lib/python3.8/site-packages/airflow/example_dags/example_dag_decorator.py took 1.418 seconds
[2024-03-19T09:51:42.293+0000] {processor.py:161} INFO - Started process (PID=23539) to work on /home/airflow/.local/lib/python3.8/site-packages/airflow/example_dags/example_dag_decorator.py
[2024-03-19T09:51:42.295+0000] {processor.py:830} INFO - Processing file /home/airflow/.local/lib/python3.8/site-packages/airflow/example_dags/example_dag_decorator.py for tasks to queue
[2024-03-19T09:51:42.298+0000] {logging_mixin.py:188} INFO - [2024-03-19T09:51:42.297+0000] {dagbag.py:540} INFO - Filling up the DagBag from /home/airflow/.local/lib/python3.8/site-packages/airflow/example_dags/example_dag_decorator.py
[2024-03-19T09:51:42.438+0000] {processor.py:840} INFO - DAG(s) 'example_dag_decorator' retrieved from /home/airflow/.local/lib/python3.8/site-packages/airflow/example_dags/example_dag_decorator.py
[2024-03-19T09:51:42.569+0000] {logging_mixin.py:188} INFO - [2024-03-19T09:51:42.568+0000] {dag.py:3047} INFO - Sync 1 DAGs
[2024-03-19T09:51:42.585+0000] {logging_mixin.py:188} INFO - [2024-03-19T09:51:42.585+0000] {dag.py:3834} INFO - Setting next_dagrun for example_dag_decorator to None, run_after=None
[2024-03-19T09:51:42.608+0000] {processor.py:183} INFO - Processing /home/airflow/.local/lib/python3.8/site-packages/airflow/example_dags/example_dag_decorator.py took 0.320 seconds
[2024-03-19T09:52:13.031+0000] {processor.py:161} INFO - Started process (PID=23594) to work on /home/airflow/.local/lib/python3.8/site-packages/airflow/example_dags/example_dag_decorator.py
[2024-03-19T09:52:13.033+0000] {processor.py:830} INFO - Processing file /home/airflow/.local/lib/python3.8/site-packages/airflow/example_dags/example_dag_decorator.py for tasks to queue
[2024-03-19T09:52:13.034+0000] {logging_mixin.py:188} INFO - [2024-03-19T09:52:13.034+0000] {dagbag.py:540} INFO - Filling up the DagBag from /home/airflow/.local/lib/python3.8/site-packages/airflow/example_dags/example_dag_decorator.py
[2024-03-19T09:52:13.167+0000] {processor.py:840} INFO - DAG(s) 'example_dag_decorator' retrieved from /home/airflow/.local/lib/python3.8/site-packages/airflow/example_dags/example_dag_decorator.py
[2024-03-19T09:52:13.311+0000] {logging_mixin.py:188} INFO - [2024-03-19T09:52:13.311+0000] {dag.py:3047} INFO - Sync 1 DAGs
[2024-03-19T09:52:13.327+0000] {logging_mixin.py:188} INFO - [2024-03-19T09:52:13.326+0000] {dag.py:3834} INFO - Setting next_dagrun for example_dag_decorator to None, run_after=None
[2024-03-19T09:52:13.358+0000] {processor.py:183} INFO - Processing /home/airflow/.local/lib/python3.8/site-packages/airflow/example_dags/example_dag_decorator.py took 0.331 seconds
[2024-03-19T09:52:49.291+0000] {processor.py:161} INFO - Started process (PID=23650) to work on /home/airflow/.local/lib/python3.8/site-packages/airflow/example_dags/example_dag_decorator.py
[2024-03-19T09:52:49.295+0000] {processor.py:830} INFO - Processing file /home/airflow/.local/lib/python3.8/site-packages/airflow/example_dags/example_dag_decorator.py for tasks to queue
[2024-03-19T09:52:49.298+0000] {logging_mixin.py:188} INFO - [2024-03-19T09:52:49.297+0000] {dagbag.py:540} INFO - Filling up the DagBag from /home/airflow/.local/lib/python3.8/site-packages/airflow/example_dags/example_dag_decorator.py
[2024-03-19T09:52:49.733+0000] {processor.py:840} INFO - DAG(s) 'example_dag_decorator' retrieved from /home/airflow/.local/lib/python3.8/site-packages/airflow/example_dags/example_dag_decorator.py
[2024-03-19T09:52:50.284+0000] {logging_mixin.py:188} INFO - [2024-03-19T09:52:50.283+0000] {dag.py:3047} INFO - Sync 1 DAGs
[2024-03-19T09:52:50.332+0000] {logging_mixin.py:188} INFO - [2024-03-19T09:52:50.331+0000] {dag.py:3834} INFO - Setting next_dagrun for example_dag_decorator to None, run_after=None
[2024-03-19T09:52:50.408+0000] {processor.py:183} INFO - Processing /home/airflow/.local/lib/python3.8/site-packages/airflow/example_dags/example_dag_decorator.py took 1.126 seconds
[2024-03-19T09:53:21.883+0000] {processor.py:161} INFO - Started process (PID=23710) to work on /home/airflow/.local/lib/python3.8/site-packages/airflow/example_dags/example_dag_decorator.py
[2024-03-19T09:53:21.888+0000] {processor.py:830} INFO - Processing file /home/airflow/.local/lib/python3.8/site-packages/airflow/example_dags/example_dag_decorator.py for tasks to queue
[2024-03-19T09:53:21.899+0000] {logging_mixin.py:188} INFO - [2024-03-19T09:53:21.898+0000] {dagbag.py:540} INFO - Filling up the DagBag from /home/airflow/.local/lib/python3.8/site-packages/airflow/example_dags/example_dag_decorator.py
[2024-03-19T09:53:22.607+0000] {processor.py:840} INFO - DAG(s) 'example_dag_decorator' retrieved from /home/airflow/.local/lib/python3.8/site-packages/airflow/example_dags/example_dag_decorator.py
[2024-03-19T09:53:23.220+0000] {logging_mixin.py:188} INFO - [2024-03-19T09:53:23.219+0000] {dag.py:3047} INFO - Sync 1 DAGs
[2024-03-19T09:53:23.263+0000] {logging_mixin.py:188} INFO - [2024-03-19T09:53:23.262+0000] {dag.py:3834} INFO - Setting next_dagrun for example_dag_decorator to None, run_after=None
[2024-03-19T09:53:23.337+0000] {processor.py:183} INFO - Processing /home/airflow/.local/lib/python3.8/site-packages/airflow/example_dags/example_dag_decorator.py took 1.477 seconds
[2024-03-19T09:53:53.829+0000] {processor.py:161} INFO - Started process (PID=23763) to work on /home/airflow/.local/lib/python3.8/site-packages/airflow/example_dags/example_dag_decorator.py
[2024-03-19T09:53:53.832+0000] {processor.py:830} INFO - Processing file /home/airflow/.local/lib/python3.8/site-packages/airflow/example_dags/example_dag_decorator.py for tasks to queue
[2024-03-19T09:53:53.834+0000] {logging_mixin.py:188} INFO - [2024-03-19T09:53:53.833+0000] {dagbag.py:540} INFO - Filling up the DagBag from /home/airflow/.local/lib/python3.8/site-packages/airflow/example_dags/example_dag_decorator.py
[2024-03-19T09:53:54.302+0000] {processor.py:840} INFO - DAG(s) 'example_dag_decorator' retrieved from /home/airflow/.local/lib/python3.8/site-packages/airflow/example_dags/example_dag_decorator.py
[2024-03-19T09:53:54.594+0000] {logging_mixin.py:188} INFO - [2024-03-19T09:53:54.594+0000] {dag.py:3047} INFO - Sync 1 DAGs
[2024-03-19T09:53:54.616+0000] {logging_mixin.py:188} INFO - [2024-03-19T09:53:54.616+0000] {dag.py:3834} INFO - Setting next_dagrun for example_dag_decorator to None, run_after=None
[2024-03-19T09:53:54.667+0000] {processor.py:183} INFO - Processing /home/airflow/.local/lib/python3.8/site-packages/airflow/example_dags/example_dag_decorator.py took 0.847 seconds
[2024-03-19T09:54:24.931+0000] {processor.py:161} INFO - Started process (PID=23820) to work on /home/airflow/.local/lib/python3.8/site-packages/airflow/example_dags/example_dag_decorator.py
[2024-03-19T09:54:24.934+0000] {processor.py:830} INFO - Processing file /home/airflow/.local/lib/python3.8/site-packages/airflow/example_dags/example_dag_decorator.py for tasks to queue
[2024-03-19T09:54:24.935+0000] {logging_mixin.py:188} INFO - [2024-03-19T09:54:24.935+0000] {dagbag.py:540} INFO - Filling up the DagBag from /home/airflow/.local/lib/python3.8/site-packages/airflow/example_dags/example_dag_decorator.py
[2024-03-19T09:54:25.221+0000] {processor.py:840} INFO - DAG(s) 'example_dag_decorator' retrieved from /home/airflow/.local/lib/python3.8/site-packages/airflow/example_dags/example_dag_decorator.py
[2024-03-19T09:54:25.602+0000] {logging_mixin.py:188} INFO - [2024-03-19T09:54:25.602+0000] {dag.py:3047} INFO - Sync 1 DAGs
[2024-03-19T09:54:25.706+0000] {logging_mixin.py:188} INFO - [2024-03-19T09:54:25.705+0000] {dag.py:3834} INFO - Setting next_dagrun for example_dag_decorator to None, run_after=None
[2024-03-19T09:54:25.823+0000] {processor.py:183} INFO - Processing /home/airflow/.local/lib/python3.8/site-packages/airflow/example_dags/example_dag_decorator.py took 0.897 seconds
[2024-03-19T09:54:56.348+0000] {processor.py:161} INFO - Started process (PID=23882) to work on /home/airflow/.local/lib/python3.8/site-packages/airflow/example_dags/example_dag_decorator.py
[2024-03-19T09:54:56.350+0000] {processor.py:830} INFO - Processing file /home/airflow/.local/lib/python3.8/site-packages/airflow/example_dags/example_dag_decorator.py for tasks to queue
[2024-03-19T09:54:56.351+0000] {logging_mixin.py:188} INFO - [2024-03-19T09:54:56.351+0000] {dagbag.py:540} INFO - Filling up the DagBag from /home/airflow/.local/lib/python3.8/site-packages/airflow/example_dags/example_dag_decorator.py
[2024-03-19T09:54:56.494+0000] {processor.py:840} INFO - DAG(s) 'example_dag_decorator' retrieved from /home/airflow/.local/lib/python3.8/site-packages/airflow/example_dags/example_dag_decorator.py
[2024-03-19T09:54:56.641+0000] {logging_mixin.py:188} INFO - [2024-03-19T09:54:56.641+0000] {dag.py:3047} INFO - Sync 1 DAGs
[2024-03-19T09:54:56.654+0000] {logging_mixin.py:188} INFO - [2024-03-19T09:54:56.654+0000] {dag.py:3834} INFO - Setting next_dagrun for example_dag_decorator to None, run_after=None
[2024-03-19T09:54:56.677+0000] {processor.py:183} INFO - Processing /home/airflow/.local/lib/python3.8/site-packages/airflow/example_dags/example_dag_decorator.py took 0.333 seconds
[2024-03-19T09:55:26.997+0000] {processor.py:161} INFO - Started process (PID=23937) to work on /home/airflow/.local/lib/python3.8/site-packages/airflow/example_dags/example_dag_decorator.py
[2024-03-19T09:55:26.999+0000] {processor.py:830} INFO - Processing file /home/airflow/.local/lib/python3.8/site-packages/airflow/example_dags/example_dag_decorator.py for tasks to queue
[2024-03-19T09:55:27.000+0000] {logging_mixin.py:188} INFO - [2024-03-19T09:55:27.000+0000] {dagbag.py:540} INFO - Filling up the DagBag from /home/airflow/.local/lib/python3.8/site-packages/airflow/example_dags/example_dag_decorator.py
[2024-03-19T09:55:27.144+0000] {processor.py:840} INFO - DAG(s) 'example_dag_decorator' retrieved from /home/airflow/.local/lib/python3.8/site-packages/airflow/example_dags/example_dag_decorator.py
[2024-03-19T09:55:27.291+0000] {logging_mixin.py:188} INFO - [2024-03-19T09:55:27.290+0000] {dag.py:3047} INFO - Sync 1 DAGs
[2024-03-19T09:55:27.303+0000] {logging_mixin.py:188} INFO - [2024-03-19T09:55:27.303+0000] {dag.py:3834} INFO - Setting next_dagrun for example_dag_decorator to None, run_after=None
[2024-03-19T09:55:27.332+0000] {processor.py:183} INFO - Processing /home/airflow/.local/lib/python3.8/site-packages/airflow/example_dags/example_dag_decorator.py took 0.338 seconds
[2024-03-19T09:55:57.512+0000] {processor.py:161} INFO - Started process (PID=23992) to work on /home/airflow/.local/lib/python3.8/site-packages/airflow/example_dags/example_dag_decorator.py
[2024-03-19T09:55:57.515+0000] {processor.py:830} INFO - Processing file /home/airflow/.local/lib/python3.8/site-packages/airflow/example_dags/example_dag_decorator.py for tasks to queue
[2024-03-19T09:55:57.517+0000] {logging_mixin.py:188} INFO - [2024-03-19T09:55:57.516+0000] {dagbag.py:540} INFO - Filling up the DagBag from /home/airflow/.local/lib/python3.8/site-packages/airflow/example_dags/example_dag_decorator.py
[2024-03-19T09:55:57.751+0000] {processor.py:840} INFO - DAG(s) 'example_dag_decorator' retrieved from /home/airflow/.local/lib/python3.8/site-packages/airflow/example_dags/example_dag_decorator.py
[2024-03-19T09:55:57.938+0000] {logging_mixin.py:188} INFO - [2024-03-19T09:55:57.937+0000] {dag.py:3047} INFO - Sync 1 DAGs
[2024-03-19T09:55:57.951+0000] {logging_mixin.py:188} INFO - [2024-03-19T09:55:57.950+0000] {dag.py:3834} INFO - Setting next_dagrun for example_dag_decorator to None, run_after=None
[2024-03-19T09:55:57.975+0000] {processor.py:183} INFO - Processing /home/airflow/.local/lib/python3.8/site-packages/airflow/example_dags/example_dag_decorator.py took 0.469 seconds
[2024-03-19T09:56:28.154+0000] {processor.py:161} INFO - Started process (PID=24047) to work on /home/airflow/.local/lib/python3.8/site-packages/airflow/example_dags/example_dag_decorator.py
[2024-03-19T09:56:28.157+0000] {processor.py:830} INFO - Processing file /home/airflow/.local/lib/python3.8/site-packages/airflow/example_dags/example_dag_decorator.py for tasks to queue
[2024-03-19T09:56:28.158+0000] {logging_mixin.py:188} INFO - [2024-03-19T09:56:28.158+0000] {dagbag.py:540} INFO - Filling up the DagBag from /home/airflow/.local/lib/python3.8/site-packages/airflow/example_dags/example_dag_decorator.py
[2024-03-19T09:56:28.307+0000] {processor.py:840} INFO - DAG(s) 'example_dag_decorator' retrieved from /home/airflow/.local/lib/python3.8/site-packages/airflow/example_dags/example_dag_decorator.py
[2024-03-19T09:56:28.479+0000] {logging_mixin.py:188} INFO - [2024-03-19T09:56:28.478+0000] {dag.py:3047} INFO - Sync 1 DAGs
[2024-03-19T09:56:28.493+0000] {logging_mixin.py:188} INFO - [2024-03-19T09:56:28.492+0000] {dag.py:3834} INFO - Setting next_dagrun for example_dag_decorator to None, run_after=None
[2024-03-19T09:56:28.518+0000] {processor.py:183} INFO - Processing /home/airflow/.local/lib/python3.8/site-packages/airflow/example_dags/example_dag_decorator.py took 0.372 seconds
[2024-03-19T09:56:58.672+0000] {processor.py:161} INFO - Started process (PID=24102) to work on /home/airflow/.local/lib/python3.8/site-packages/airflow/example_dags/example_dag_decorator.py
[2024-03-19T09:56:58.675+0000] {processor.py:830} INFO - Processing file /home/airflow/.local/lib/python3.8/site-packages/airflow/example_dags/example_dag_decorator.py for tasks to queue
[2024-03-19T09:56:58.677+0000] {logging_mixin.py:188} INFO - [2024-03-19T09:56:58.676+0000] {dagbag.py:540} INFO - Filling up the DagBag from /home/airflow/.local/lib/python3.8/site-packages/airflow/example_dags/example_dag_decorator.py
[2024-03-19T09:56:58.969+0000] {processor.py:840} INFO - DAG(s) 'example_dag_decorator' retrieved from /home/airflow/.local/lib/python3.8/site-packages/airflow/example_dags/example_dag_decorator.py
[2024-03-19T09:56:59.230+0000] {logging_mixin.py:188} INFO - [2024-03-19T09:56:59.229+0000] {dag.py:3047} INFO - Sync 1 DAGs
[2024-03-19T09:56:59.251+0000] {logging_mixin.py:188} INFO - [2024-03-19T09:56:59.251+0000] {dag.py:3834} INFO - Setting next_dagrun for example_dag_decorator to None, run_after=None
[2024-03-19T09:56:59.295+0000] {processor.py:183} INFO - Processing /home/airflow/.local/lib/python3.8/site-packages/airflow/example_dags/example_dag_decorator.py took 0.630 seconds
