[2024-03-19T09:44:29.446+0000] {processor.py:161} INFO - Started process (PID=22797) to work on /home/airflow/.local/lib/python3.8/site-packages/airflow/example_dags/example_local_kubernetes_executor.py
[2024-03-19T09:44:29.449+0000] {processor.py:830} INFO - Processing file /home/airflow/.local/lib/python3.8/site-packages/airflow/example_dags/example_local_kubernetes_executor.py for tasks to queue
[2024-03-19T09:44:29.452+0000] {logging_mixin.py:188} INFO - [2024-03-19T09:44:29.451+0000] {dagbag.py:540} INFO - Filling up the DagBag from /home/airflow/.local/lib/python3.8/site-packages/airflow/example_dags/example_local_kubernetes_executor.py
[2024-03-19T09:44:29.466+0000] {processor.py:840} INFO - DAG(s) 'example_local_kubernetes_executor' retrieved from /home/airflow/.local/lib/python3.8/site-packages/airflow/example_dags/example_local_kubernetes_executor.py
[2024-03-19T09:44:29.557+0000] {logging_mixin.py:188} INFO - [2024-03-19T09:44:29.556+0000] {dag.py:3047} INFO - Sync 1 DAGs
[2024-03-19T09:44:29.592+0000] {logging_mixin.py:188} INFO - [2024-03-19T09:44:29.592+0000] {dag.py:3834} INFO - Setting next_dagrun for example_local_kubernetes_executor to None, run_after=None
[2024-03-19T09:44:29.655+0000] {processor.py:183} INFO - Processing /home/airflow/.local/lib/python3.8/site-packages/airflow/example_dags/example_local_kubernetes_executor.py took 0.217 seconds
[2024-03-19T09:45:00.352+0000] {processor.py:161} INFO - Started process (PID=22852) to work on /home/airflow/.local/lib/python3.8/site-packages/airflow/example_dags/example_local_kubernetes_executor.py
[2024-03-19T09:45:00.354+0000] {processor.py:830} INFO - Processing file /home/airflow/.local/lib/python3.8/site-packages/airflow/example_dags/example_local_kubernetes_executor.py for tasks to queue
[2024-03-19T09:45:00.357+0000] {logging_mixin.py:188} INFO - [2024-03-19T09:45:00.356+0000] {dagbag.py:540} INFO - Filling up the DagBag from /home/airflow/.local/lib/python3.8/site-packages/airflow/example_dags/example_local_kubernetes_executor.py
[2024-03-19T09:45:00.369+0000] {processor.py:840} INFO - DAG(s) 'example_local_kubernetes_executor' retrieved from /home/airflow/.local/lib/python3.8/site-packages/airflow/example_dags/example_local_kubernetes_executor.py
[2024-03-19T09:45:00.426+0000] {logging_mixin.py:188} INFO - [2024-03-19T09:45:00.426+0000] {dag.py:3047} INFO - Sync 1 DAGs
[2024-03-19T09:45:00.442+0000] {logging_mixin.py:188} INFO - [2024-03-19T09:45:00.442+0000] {dag.py:3834} INFO - Setting next_dagrun for example_local_kubernetes_executor to None, run_after=None
[2024-03-19T09:45:00.464+0000] {processor.py:183} INFO - Processing /home/airflow/.local/lib/python3.8/site-packages/airflow/example_dags/example_local_kubernetes_executor.py took 0.117 seconds
[2024-03-19T09:45:42.200+0000] {processor.py:161} INFO - Started process (PID=22908) to work on /home/airflow/.local/lib/python3.8/site-packages/airflow/example_dags/example_local_kubernetes_executor.py
[2024-03-19T09:45:42.213+0000] {processor.py:830} INFO - Processing file /home/airflow/.local/lib/python3.8/site-packages/airflow/example_dags/example_local_kubernetes_executor.py for tasks to queue
[2024-03-19T09:45:42.218+0000] {logging_mixin.py:188} INFO - [2024-03-19T09:45:42.217+0000] {dagbag.py:540} INFO - Filling up the DagBag from /home/airflow/.local/lib/python3.8/site-packages/airflow/example_dags/example_local_kubernetes_executor.py
[2024-03-19T09:45:42.270+0000] {processor.py:840} INFO - DAG(s) 'example_local_kubernetes_executor' retrieved from /home/airflow/.local/lib/python3.8/site-packages/airflow/example_dags/example_local_kubernetes_executor.py
[2024-03-19T09:45:42.700+0000] {logging_mixin.py:188} INFO - [2024-03-19T09:45:42.699+0000] {dag.py:3047} INFO - Sync 1 DAGs
[2024-03-19T09:45:42.787+0000] {logging_mixin.py:188} INFO - [2024-03-19T09:45:42.786+0000] {dag.py:3834} INFO - Setting next_dagrun for example_local_kubernetes_executor to None, run_after=None
[2024-03-19T09:45:42.919+0000] {processor.py:183} INFO - Processing /home/airflow/.local/lib/python3.8/site-packages/airflow/example_dags/example_local_kubernetes_executor.py took 0.740 seconds
[2024-03-19T09:46:17.495+0000] {processor.py:161} INFO - Started process (PID=22963) to work on /home/airflow/.local/lib/python3.8/site-packages/airflow/example_dags/example_local_kubernetes_executor.py
[2024-03-19T09:46:17.498+0000] {processor.py:830} INFO - Processing file /home/airflow/.local/lib/python3.8/site-packages/airflow/example_dags/example_local_kubernetes_executor.py for tasks to queue
[2024-03-19T09:46:17.501+0000] {logging_mixin.py:188} INFO - [2024-03-19T09:46:17.500+0000] {dagbag.py:540} INFO - Filling up the DagBag from /home/airflow/.local/lib/python3.8/site-packages/airflow/example_dags/example_local_kubernetes_executor.py
[2024-03-19T09:46:17.517+0000] {processor.py:840} INFO - DAG(s) 'example_local_kubernetes_executor' retrieved from /home/airflow/.local/lib/python3.8/site-packages/airflow/example_dags/example_local_kubernetes_executor.py
[2024-03-19T09:46:17.633+0000] {logging_mixin.py:188} INFO - [2024-03-19T09:46:17.632+0000] {dag.py:3047} INFO - Sync 1 DAGs
[2024-03-19T09:46:17.668+0000] {logging_mixin.py:188} INFO - [2024-03-19T09:46:17.668+0000] {dag.py:3834} INFO - Setting next_dagrun for example_local_kubernetes_executor to None, run_after=None
[2024-03-19T09:46:17.711+0000] {processor.py:183} INFO - Processing /home/airflow/.local/lib/python3.8/site-packages/airflow/example_dags/example_local_kubernetes_executor.py took 0.222 seconds
[2024-03-19T09:46:48.561+0000] {processor.py:161} INFO - Started process (PID=23018) to work on /home/airflow/.local/lib/python3.8/site-packages/airflow/example_dags/example_local_kubernetes_executor.py
[2024-03-19T09:46:48.563+0000] {processor.py:830} INFO - Processing file /home/airflow/.local/lib/python3.8/site-packages/airflow/example_dags/example_local_kubernetes_executor.py for tasks to queue
[2024-03-19T09:46:48.566+0000] {logging_mixin.py:188} INFO - [2024-03-19T09:46:48.565+0000] {dagbag.py:540} INFO - Filling up the DagBag from /home/airflow/.local/lib/python3.8/site-packages/airflow/example_dags/example_local_kubernetes_executor.py
[2024-03-19T09:46:48.576+0000] {processor.py:840} INFO - DAG(s) 'example_local_kubernetes_executor' retrieved from /home/airflow/.local/lib/python3.8/site-packages/airflow/example_dags/example_local_kubernetes_executor.py
[2024-03-19T09:46:48.627+0000] {logging_mixin.py:188} INFO - [2024-03-19T09:46:48.625+0000] {dag.py:3047} INFO - Sync 1 DAGs
[2024-03-19T09:46:48.651+0000] {logging_mixin.py:188} INFO - [2024-03-19T09:46:48.650+0000] {dag.py:3834} INFO - Setting next_dagrun for example_local_kubernetes_executor to None, run_after=None
[2024-03-19T09:46:48.691+0000] {processor.py:183} INFO - Processing /home/airflow/.local/lib/python3.8/site-packages/airflow/example_dags/example_local_kubernetes_executor.py took 0.134 seconds
[2024-03-19T09:47:20.500+0000] {processor.py:161} INFO - Started process (PID=23071) to work on /home/airflow/.local/lib/python3.8/site-packages/airflow/example_dags/example_local_kubernetes_executor.py
[2024-03-19T09:47:20.506+0000] {processor.py:830} INFO - Processing file /home/airflow/.local/lib/python3.8/site-packages/airflow/example_dags/example_local_kubernetes_executor.py for tasks to queue
[2024-03-19T09:47:20.508+0000] {logging_mixin.py:188} INFO - [2024-03-19T09:47:20.507+0000] {dagbag.py:540} INFO - Filling up the DagBag from /home/airflow/.local/lib/python3.8/site-packages/airflow/example_dags/example_local_kubernetes_executor.py
[2024-03-19T09:47:20.528+0000] {processor.py:840} INFO - DAG(s) 'example_local_kubernetes_executor' retrieved from /home/airflow/.local/lib/python3.8/site-packages/airflow/example_dags/example_local_kubernetes_executor.py
[2024-03-19T09:47:20.607+0000] {logging_mixin.py:188} INFO - [2024-03-19T09:47:20.606+0000] {dag.py:3047} INFO - Sync 1 DAGs
[2024-03-19T09:47:20.638+0000] {logging_mixin.py:188} INFO - [2024-03-19T09:47:20.638+0000] {dag.py:3834} INFO - Setting next_dagrun for example_local_kubernetes_executor to None, run_after=None
[2024-03-19T09:47:20.688+0000] {processor.py:183} INFO - Processing /home/airflow/.local/lib/python3.8/site-packages/airflow/example_dags/example_local_kubernetes_executor.py took 0.195 seconds
[2024-03-19T09:47:50.969+0000] {processor.py:161} INFO - Started process (PID=23126) to work on /home/airflow/.local/lib/python3.8/site-packages/airflow/example_dags/example_local_kubernetes_executor.py
[2024-03-19T09:47:50.971+0000] {processor.py:830} INFO - Processing file /home/airflow/.local/lib/python3.8/site-packages/airflow/example_dags/example_local_kubernetes_executor.py for tasks to queue
[2024-03-19T09:47:50.973+0000] {logging_mixin.py:188} INFO - [2024-03-19T09:47:50.973+0000] {dagbag.py:540} INFO - Filling up the DagBag from /home/airflow/.local/lib/python3.8/site-packages/airflow/example_dags/example_local_kubernetes_executor.py
[2024-03-19T09:47:50.989+0000] {processor.py:840} INFO - DAG(s) 'example_local_kubernetes_executor' retrieved from /home/airflow/.local/lib/python3.8/site-packages/airflow/example_dags/example_local_kubernetes_executor.py
[2024-03-19T09:47:51.070+0000] {logging_mixin.py:188} INFO - [2024-03-19T09:47:51.069+0000] {dag.py:3047} INFO - Sync 1 DAGs
[2024-03-19T09:47:51.093+0000] {logging_mixin.py:188} INFO - [2024-03-19T09:47:51.093+0000] {dag.py:3834} INFO - Setting next_dagrun for example_local_kubernetes_executor to None, run_after=None
[2024-03-19T09:47:51.128+0000] {processor.py:183} INFO - Processing /home/airflow/.local/lib/python3.8/site-packages/airflow/example_dags/example_local_kubernetes_executor.py took 0.166 seconds
[2024-03-19T09:48:21.245+0000] {processor.py:161} INFO - Started process (PID=23181) to work on /home/airflow/.local/lib/python3.8/site-packages/airflow/example_dags/example_local_kubernetes_executor.py
[2024-03-19T09:48:21.248+0000] {processor.py:830} INFO - Processing file /home/airflow/.local/lib/python3.8/site-packages/airflow/example_dags/example_local_kubernetes_executor.py for tasks to queue
[2024-03-19T09:48:21.251+0000] {logging_mixin.py:188} INFO - [2024-03-19T09:48:21.250+0000] {dagbag.py:540} INFO - Filling up the DagBag from /home/airflow/.local/lib/python3.8/site-packages/airflow/example_dags/example_local_kubernetes_executor.py
[2024-03-19T09:48:21.265+0000] {processor.py:840} INFO - DAG(s) 'example_local_kubernetes_executor' retrieved from /home/airflow/.local/lib/python3.8/site-packages/airflow/example_dags/example_local_kubernetes_executor.py
[2024-03-19T09:48:21.322+0000] {logging_mixin.py:188} INFO - [2024-03-19T09:48:21.322+0000] {dag.py:3047} INFO - Sync 1 DAGs
[2024-03-19T09:48:21.343+0000] {logging_mixin.py:188} INFO - [2024-03-19T09:48:21.343+0000] {dag.py:3834} INFO - Setting next_dagrun for example_local_kubernetes_executor to None, run_after=None
[2024-03-19T09:48:21.375+0000] {processor.py:183} INFO - Processing /home/airflow/.local/lib/python3.8/site-packages/airflow/example_dags/example_local_kubernetes_executor.py took 0.138 seconds
[2024-03-19T09:48:52.504+0000] {processor.py:161} INFO - Started process (PID=23236) to work on /home/airflow/.local/lib/python3.8/site-packages/airflow/example_dags/example_local_kubernetes_executor.py
[2024-03-19T09:48:52.513+0000] {processor.py:830} INFO - Processing file /home/airflow/.local/lib/python3.8/site-packages/airflow/example_dags/example_local_kubernetes_executor.py for tasks to queue
[2024-03-19T09:48:52.518+0000] {logging_mixin.py:188} INFO - [2024-03-19T09:48:52.517+0000] {dagbag.py:540} INFO - Filling up the DagBag from /home/airflow/.local/lib/python3.8/site-packages/airflow/example_dags/example_local_kubernetes_executor.py
[2024-03-19T09:48:52.544+0000] {processor.py:840} INFO - DAG(s) 'example_local_kubernetes_executor' retrieved from /home/airflow/.local/lib/python3.8/site-packages/airflow/example_dags/example_local_kubernetes_executor.py
[2024-03-19T09:48:52.962+0000] {logging_mixin.py:188} INFO - [2024-03-19T09:48:52.961+0000] {dag.py:3047} INFO - Sync 1 DAGs
[2024-03-19T09:48:53.250+0000] {logging_mixin.py:188} INFO - [2024-03-19T09:48:53.250+0000] {dag.py:3834} INFO - Setting next_dagrun for example_local_kubernetes_executor to None, run_after=None
[2024-03-19T09:48:53.438+0000] {processor.py:183} INFO - Processing /home/airflow/.local/lib/python3.8/site-packages/airflow/example_dags/example_local_kubernetes_executor.py took 0.941 seconds
[2024-03-19T09:49:23.664+0000] {processor.py:161} INFO - Started process (PID=23291) to work on /home/airflow/.local/lib/python3.8/site-packages/airflow/example_dags/example_local_kubernetes_executor.py
[2024-03-19T09:49:23.666+0000] {processor.py:830} INFO - Processing file /home/airflow/.local/lib/python3.8/site-packages/airflow/example_dags/example_local_kubernetes_executor.py for tasks to queue
[2024-03-19T09:49:23.667+0000] {logging_mixin.py:188} INFO - [2024-03-19T09:49:23.667+0000] {dagbag.py:540} INFO - Filling up the DagBag from /home/airflow/.local/lib/python3.8/site-packages/airflow/example_dags/example_local_kubernetes_executor.py
[2024-03-19T09:49:23.676+0000] {processor.py:840} INFO - DAG(s) 'example_local_kubernetes_executor' retrieved from /home/airflow/.local/lib/python3.8/site-packages/airflow/example_dags/example_local_kubernetes_executor.py
[2024-03-19T09:49:23.729+0000] {logging_mixin.py:188} INFO - [2024-03-19T09:49:23.729+0000] {dag.py:3047} INFO - Sync 1 DAGs
[2024-03-19T09:49:23.746+0000] {logging_mixin.py:188} INFO - [2024-03-19T09:49:23.746+0000] {dag.py:3834} INFO - Setting next_dagrun for example_local_kubernetes_executor to None, run_after=None
[2024-03-19T09:49:23.771+0000] {processor.py:183} INFO - Processing /home/airflow/.local/lib/python3.8/site-packages/airflow/example_dags/example_local_kubernetes_executor.py took 0.112 seconds
[2024-03-19T09:49:53.864+0000] {processor.py:161} INFO - Started process (PID=23344) to work on /home/airflow/.local/lib/python3.8/site-packages/airflow/example_dags/example_local_kubernetes_executor.py
[2024-03-19T09:49:53.867+0000] {processor.py:830} INFO - Processing file /home/airflow/.local/lib/python3.8/site-packages/airflow/example_dags/example_local_kubernetes_executor.py for tasks to queue
[2024-03-19T09:49:53.870+0000] {logging_mixin.py:188} INFO - [2024-03-19T09:49:53.869+0000] {dagbag.py:540} INFO - Filling up the DagBag from /home/airflow/.local/lib/python3.8/site-packages/airflow/example_dags/example_local_kubernetes_executor.py
[2024-03-19T09:49:53.898+0000] {processor.py:840} INFO - DAG(s) 'example_local_kubernetes_executor' retrieved from /home/airflow/.local/lib/python3.8/site-packages/airflow/example_dags/example_local_kubernetes_executor.py
[2024-03-19T09:49:54.053+0000] {logging_mixin.py:188} INFO - [2024-03-19T09:49:54.052+0000] {dag.py:3047} INFO - Sync 1 DAGs
[2024-03-19T09:49:54.139+0000] {logging_mixin.py:188} INFO - [2024-03-19T09:49:54.138+0000] {dag.py:3834} INFO - Setting next_dagrun for example_local_kubernetes_executor to None, run_after=None
[2024-03-19T09:49:54.269+0000] {processor.py:183} INFO - Processing /home/airflow/.local/lib/python3.8/site-packages/airflow/example_dags/example_local_kubernetes_executor.py took 0.417 seconds
[2024-03-19T09:50:24.680+0000] {processor.py:161} INFO - Started process (PID=23399) to work on /home/airflow/.local/lib/python3.8/site-packages/airflow/example_dags/example_local_kubernetes_executor.py
[2024-03-19T09:50:24.683+0000] {processor.py:830} INFO - Processing file /home/airflow/.local/lib/python3.8/site-packages/airflow/example_dags/example_local_kubernetes_executor.py for tasks to queue
[2024-03-19T09:50:24.685+0000] {logging_mixin.py:188} INFO - [2024-03-19T09:50:24.684+0000] {dagbag.py:540} INFO - Filling up the DagBag from /home/airflow/.local/lib/python3.8/site-packages/airflow/example_dags/example_local_kubernetes_executor.py
[2024-03-19T09:50:24.702+0000] {processor.py:840} INFO - DAG(s) 'example_local_kubernetes_executor' retrieved from /home/airflow/.local/lib/python3.8/site-packages/airflow/example_dags/example_local_kubernetes_executor.py
[2024-03-19T09:50:24.836+0000] {logging_mixin.py:188} INFO - [2024-03-19T09:50:24.835+0000] {dag.py:3047} INFO - Sync 1 DAGs
[2024-03-19T09:50:24.884+0000] {logging_mixin.py:188} INFO - [2024-03-19T09:50:24.884+0000] {dag.py:3834} INFO - Setting next_dagrun for example_local_kubernetes_executor to None, run_after=None
[2024-03-19T09:50:24.935+0000] {processor.py:183} INFO - Processing /home/airflow/.local/lib/python3.8/site-packages/airflow/example_dags/example_local_kubernetes_executor.py took 0.262 seconds
[2024-03-19T09:50:57.527+0000] {processor.py:161} INFO - Started process (PID=23455) to work on /home/airflow/.local/lib/python3.8/site-packages/airflow/example_dags/example_local_kubernetes_executor.py
[2024-03-19T09:50:57.535+0000] {processor.py:830} INFO - Processing file /home/airflow/.local/lib/python3.8/site-packages/airflow/example_dags/example_local_kubernetes_executor.py for tasks to queue
[2024-03-19T09:50:57.540+0000] {logging_mixin.py:188} INFO - [2024-03-19T09:50:57.539+0000] {dagbag.py:540} INFO - Filling up the DagBag from /home/airflow/.local/lib/python3.8/site-packages/airflow/example_dags/example_local_kubernetes_executor.py
[2024-03-19T09:50:57.592+0000] {processor.py:840} INFO - DAG(s) 'example_local_kubernetes_executor' retrieved from /home/airflow/.local/lib/python3.8/site-packages/airflow/example_dags/example_local_kubernetes_executor.py
[2024-03-19T09:50:58.452+0000] {logging_mixin.py:188} INFO - [2024-03-19T09:50:58.451+0000] {dag.py:3047} INFO - Sync 1 DAGs
[2024-03-19T09:50:58.664+0000] {logging_mixin.py:188} INFO - [2024-03-19T09:50:58.664+0000] {dag.py:3834} INFO - Setting next_dagrun for example_local_kubernetes_executor to None, run_after=None
[2024-03-19T09:50:58.849+0000] {processor.py:183} INFO - Processing /home/airflow/.local/lib/python3.8/site-packages/airflow/example_dags/example_local_kubernetes_executor.py took 1.330 seconds
[2024-03-19T09:51:29.196+0000] {processor.py:161} INFO - Started process (PID=23508) to work on /home/airflow/.local/lib/python3.8/site-packages/airflow/example_dags/example_local_kubernetes_executor.py
[2024-03-19T09:51:29.198+0000] {processor.py:830} INFO - Processing file /home/airflow/.local/lib/python3.8/site-packages/airflow/example_dags/example_local_kubernetes_executor.py for tasks to queue
[2024-03-19T09:51:29.200+0000] {logging_mixin.py:188} INFO - [2024-03-19T09:51:29.199+0000] {dagbag.py:540} INFO - Filling up the DagBag from /home/airflow/.local/lib/python3.8/site-packages/airflow/example_dags/example_local_kubernetes_executor.py
[2024-03-19T09:51:29.210+0000] {processor.py:840} INFO - DAG(s) 'example_local_kubernetes_executor' retrieved from /home/airflow/.local/lib/python3.8/site-packages/airflow/example_dags/example_local_kubernetes_executor.py
[2024-03-19T09:51:29.264+0000] {logging_mixin.py:188} INFO - [2024-03-19T09:51:29.264+0000] {dag.py:3047} INFO - Sync 1 DAGs
[2024-03-19T09:51:29.283+0000] {logging_mixin.py:188} INFO - [2024-03-19T09:51:29.282+0000] {dag.py:3834} INFO - Setting next_dagrun for example_local_kubernetes_executor to None, run_after=None
[2024-03-19T09:51:29.311+0000] {processor.py:183} INFO - Processing /home/airflow/.local/lib/python3.8/site-packages/airflow/example_dags/example_local_kubernetes_executor.py took 0.119 seconds
[2024-03-19T09:52:00.146+0000] {processor.py:161} INFO - Started process (PID=23563) to work on /home/airflow/.local/lib/python3.8/site-packages/airflow/example_dags/example_local_kubernetes_executor.py
[2024-03-19T09:52:00.152+0000] {processor.py:830} INFO - Processing file /home/airflow/.local/lib/python3.8/site-packages/airflow/example_dags/example_local_kubernetes_executor.py for tasks to queue
[2024-03-19T09:52:00.155+0000] {logging_mixin.py:188} INFO - [2024-03-19T09:52:00.154+0000] {dagbag.py:540} INFO - Filling up the DagBag from /home/airflow/.local/lib/python3.8/site-packages/airflow/example_dags/example_local_kubernetes_executor.py
[2024-03-19T09:52:00.179+0000] {processor.py:840} INFO - DAG(s) 'example_local_kubernetes_executor' retrieved from /home/airflow/.local/lib/python3.8/site-packages/airflow/example_dags/example_local_kubernetes_executor.py
[2024-03-19T09:52:00.281+0000] {logging_mixin.py:188} INFO - [2024-03-19T09:52:00.280+0000] {dag.py:3047} INFO - Sync 1 DAGs
[2024-03-19T09:52:00.310+0000] {logging_mixin.py:188} INFO - [2024-03-19T09:52:00.310+0000] {dag.py:3834} INFO - Setting next_dagrun for example_local_kubernetes_executor to None, run_after=None
[2024-03-19T09:52:00.363+0000] {processor.py:183} INFO - Processing /home/airflow/.local/lib/python3.8/site-packages/airflow/example_dags/example_local_kubernetes_executor.py took 0.226 seconds
[2024-03-19T09:52:31.083+0000] {processor.py:161} INFO - Started process (PID=23618) to work on /home/airflow/.local/lib/python3.8/site-packages/airflow/example_dags/example_local_kubernetes_executor.py
[2024-03-19T09:52:31.086+0000] {processor.py:830} INFO - Processing file /home/airflow/.local/lib/python3.8/site-packages/airflow/example_dags/example_local_kubernetes_executor.py for tasks to queue
[2024-03-19T09:52:31.089+0000] {logging_mixin.py:188} INFO - [2024-03-19T09:52:31.088+0000] {dagbag.py:540} INFO - Filling up the DagBag from /home/airflow/.local/lib/python3.8/site-packages/airflow/example_dags/example_local_kubernetes_executor.py
[2024-03-19T09:52:31.109+0000] {processor.py:840} INFO - DAG(s) 'example_local_kubernetes_executor' retrieved from /home/airflow/.local/lib/python3.8/site-packages/airflow/example_dags/example_local_kubernetes_executor.py
[2024-03-19T09:52:31.190+0000] {logging_mixin.py:188} INFO - [2024-03-19T09:52:31.189+0000] {dag.py:3047} INFO - Sync 1 DAGs
[2024-03-19T09:52:31.221+0000] {logging_mixin.py:188} INFO - [2024-03-19T09:52:31.221+0000] {dag.py:3834} INFO - Setting next_dagrun for example_local_kubernetes_executor to None, run_after=None
[2024-03-19T09:52:31.263+0000] {processor.py:183} INFO - Processing /home/airflow/.local/lib/python3.8/site-packages/airflow/example_dags/example_local_kubernetes_executor.py took 0.187 seconds
[2024-03-19T09:53:01.585+0000] {processor.py:161} INFO - Started process (PID=23673) to work on /home/airflow/.local/lib/python3.8/site-packages/airflow/example_dags/example_local_kubernetes_executor.py
[2024-03-19T09:53:01.587+0000] {processor.py:830} INFO - Processing file /home/airflow/.local/lib/python3.8/site-packages/airflow/example_dags/example_local_kubernetes_executor.py for tasks to queue
[2024-03-19T09:53:01.588+0000] {logging_mixin.py:188} INFO - [2024-03-19T09:53:01.588+0000] {dagbag.py:540} INFO - Filling up the DagBag from /home/airflow/.local/lib/python3.8/site-packages/airflow/example_dags/example_local_kubernetes_executor.py
[2024-03-19T09:53:01.598+0000] {processor.py:840} INFO - DAG(s) 'example_local_kubernetes_executor' retrieved from /home/airflow/.local/lib/python3.8/site-packages/airflow/example_dags/example_local_kubernetes_executor.py
[2024-03-19T09:53:01.647+0000] {logging_mixin.py:188} INFO - [2024-03-19T09:53:01.646+0000] {dag.py:3047} INFO - Sync 1 DAGs
[2024-03-19T09:53:01.663+0000] {logging_mixin.py:188} INFO - [2024-03-19T09:53:01.663+0000] {dag.py:3834} INFO - Setting next_dagrun for example_local_kubernetes_executor to None, run_after=None
[2024-03-19T09:53:01.695+0000] {processor.py:183} INFO - Processing /home/airflow/.local/lib/python3.8/site-packages/airflow/example_dags/example_local_kubernetes_executor.py took 0.115 seconds
[2024-03-19T09:53:32.457+0000] {processor.py:161} INFO - Started process (PID=23728) to work on /home/airflow/.local/lib/python3.8/site-packages/airflow/example_dags/example_local_kubernetes_executor.py
[2024-03-19T09:53:32.460+0000] {processor.py:830} INFO - Processing file /home/airflow/.local/lib/python3.8/site-packages/airflow/example_dags/example_local_kubernetes_executor.py for tasks to queue
[2024-03-19T09:53:32.468+0000] {logging_mixin.py:188} INFO - [2024-03-19T09:53:32.462+0000] {dagbag.py:540} INFO - Filling up the DagBag from /home/airflow/.local/lib/python3.8/site-packages/airflow/example_dags/example_local_kubernetes_executor.py
[2024-03-19T09:53:32.483+0000] {processor.py:840} INFO - DAG(s) 'example_local_kubernetes_executor' retrieved from /home/airflow/.local/lib/python3.8/site-packages/airflow/example_dags/example_local_kubernetes_executor.py
[2024-03-19T09:53:32.561+0000] {logging_mixin.py:188} INFO - [2024-03-19T09:53:32.560+0000] {dag.py:3047} INFO - Sync 1 DAGs
[2024-03-19T09:53:32.582+0000] {logging_mixin.py:188} INFO - [2024-03-19T09:53:32.582+0000] {dag.py:3834} INFO - Setting next_dagrun for example_local_kubernetes_executor to None, run_after=None
[2024-03-19T09:53:32.667+0000] {processor.py:183} INFO - Processing /home/airflow/.local/lib/python3.8/site-packages/airflow/example_dags/example_local_kubernetes_executor.py took 0.216 seconds
[2024-03-19T09:54:02.986+0000] {processor.py:161} INFO - Started process (PID=23784) to work on /home/airflow/.local/lib/python3.8/site-packages/airflow/example_dags/example_local_kubernetes_executor.py
[2024-03-19T09:54:02.988+0000] {processor.py:830} INFO - Processing file /home/airflow/.local/lib/python3.8/site-packages/airflow/example_dags/example_local_kubernetes_executor.py for tasks to queue
[2024-03-19T09:54:02.990+0000] {logging_mixin.py:188} INFO - [2024-03-19T09:54:02.989+0000] {dagbag.py:540} INFO - Filling up the DagBag from /home/airflow/.local/lib/python3.8/site-packages/airflow/example_dags/example_local_kubernetes_executor.py
[2024-03-19T09:54:03.003+0000] {processor.py:840} INFO - DAG(s) 'example_local_kubernetes_executor' retrieved from /home/airflow/.local/lib/python3.8/site-packages/airflow/example_dags/example_local_kubernetes_executor.py
[2024-03-19T09:54:03.079+0000] {logging_mixin.py:188} INFO - [2024-03-19T09:54:03.079+0000] {dag.py:3047} INFO - Sync 1 DAGs
[2024-03-19T09:54:03.101+0000] {logging_mixin.py:188} INFO - [2024-03-19T09:54:03.101+0000] {dag.py:3834} INFO - Setting next_dagrun for example_local_kubernetes_executor to None, run_after=None
[2024-03-19T09:54:03.141+0000] {processor.py:183} INFO - Processing /home/airflow/.local/lib/python3.8/site-packages/airflow/example_dags/example_local_kubernetes_executor.py took 0.160 seconds
[2024-03-19T09:54:33.193+0000] {processor.py:161} INFO - Started process (PID=23839) to work on /home/airflow/.local/lib/python3.8/site-packages/airflow/example_dags/example_local_kubernetes_executor.py
[2024-03-19T09:54:33.195+0000] {processor.py:830} INFO - Processing file /home/airflow/.local/lib/python3.8/site-packages/airflow/example_dags/example_local_kubernetes_executor.py for tasks to queue
[2024-03-19T09:54:33.198+0000] {logging_mixin.py:188} INFO - [2024-03-19T09:54:33.197+0000] {dagbag.py:540} INFO - Filling up the DagBag from /home/airflow/.local/lib/python3.8/site-packages/airflow/example_dags/example_local_kubernetes_executor.py
[2024-03-19T09:54:33.209+0000] {processor.py:840} INFO - DAG(s) 'example_local_kubernetes_executor' retrieved from /home/airflow/.local/lib/python3.8/site-packages/airflow/example_dags/example_local_kubernetes_executor.py
[2024-03-19T09:54:33.258+0000] {logging_mixin.py:188} INFO - [2024-03-19T09:54:33.258+0000] {dag.py:3047} INFO - Sync 1 DAGs
[2024-03-19T09:54:33.273+0000] {logging_mixin.py:188} INFO - [2024-03-19T09:54:33.273+0000] {dag.py:3834} INFO - Setting next_dagrun for example_local_kubernetes_executor to None, run_after=None
[2024-03-19T09:54:33.297+0000] {processor.py:183} INFO - Processing /home/airflow/.local/lib/python3.8/site-packages/airflow/example_dags/example_local_kubernetes_executor.py took 0.108 seconds
[2024-03-19T09:55:04.201+0000] {processor.py:161} INFO - Started process (PID=23892) to work on /home/airflow/.local/lib/python3.8/site-packages/airflow/example_dags/example_local_kubernetes_executor.py
[2024-03-19T09:55:04.203+0000] {processor.py:830} INFO - Processing file /home/airflow/.local/lib/python3.8/site-packages/airflow/example_dags/example_local_kubernetes_executor.py for tasks to queue
[2024-03-19T09:55:04.205+0000] {logging_mixin.py:188} INFO - [2024-03-19T09:55:04.204+0000] {dagbag.py:540} INFO - Filling up the DagBag from /home/airflow/.local/lib/python3.8/site-packages/airflow/example_dags/example_local_kubernetes_executor.py
[2024-03-19T09:55:04.214+0000] {processor.py:840} INFO - DAG(s) 'example_local_kubernetes_executor' retrieved from /home/airflow/.local/lib/python3.8/site-packages/airflow/example_dags/example_local_kubernetes_executor.py
[2024-03-19T09:55:04.258+0000] {logging_mixin.py:188} INFO - [2024-03-19T09:55:04.258+0000] {dag.py:3047} INFO - Sync 1 DAGs
[2024-03-19T09:55:04.273+0000] {logging_mixin.py:188} INFO - [2024-03-19T09:55:04.273+0000] {dag.py:3834} INFO - Setting next_dagrun for example_local_kubernetes_executor to None, run_after=None
[2024-03-19T09:55:04.298+0000] {processor.py:183} INFO - Processing /home/airflow/.local/lib/python3.8/site-packages/airflow/example_dags/example_local_kubernetes_executor.py took 0.102 seconds
[2024-03-19T09:55:34.844+0000] {processor.py:161} INFO - Started process (PID=23947) to work on /home/airflow/.local/lib/python3.8/site-packages/airflow/example_dags/example_local_kubernetes_executor.py
[2024-03-19T09:55:34.856+0000] {processor.py:830} INFO - Processing file /home/airflow/.local/lib/python3.8/site-packages/airflow/example_dags/example_local_kubernetes_executor.py for tasks to queue
[2024-03-19T09:55:34.862+0000] {logging_mixin.py:188} INFO - [2024-03-19T09:55:34.860+0000] {dagbag.py:540} INFO - Filling up the DagBag from /home/airflow/.local/lib/python3.8/site-packages/airflow/example_dags/example_local_kubernetes_executor.py
[2024-03-19T09:55:34.926+0000] {processor.py:840} INFO - DAG(s) 'example_local_kubernetes_executor' retrieved from /home/airflow/.local/lib/python3.8/site-packages/airflow/example_dags/example_local_kubernetes_executor.py
[2024-03-19T09:55:35.224+0000] {logging_mixin.py:188} INFO - [2024-03-19T09:55:35.223+0000] {dag.py:3047} INFO - Sync 1 DAGs
[2024-03-19T09:55:35.426+0000] {logging_mixin.py:188} INFO - [2024-03-19T09:55:35.426+0000] {dag.py:3834} INFO - Setting next_dagrun for example_local_kubernetes_executor to None, run_after=None
[2024-03-19T09:55:35.594+0000] {processor.py:183} INFO - Processing /home/airflow/.local/lib/python3.8/site-packages/airflow/example_dags/example_local_kubernetes_executor.py took 0.776 seconds
[2024-03-19T09:56:06.492+0000] {processor.py:161} INFO - Started process (PID=24002) to work on /home/airflow/.local/lib/python3.8/site-packages/airflow/example_dags/example_local_kubernetes_executor.py
[2024-03-19T09:56:06.494+0000] {processor.py:830} INFO - Processing file /home/airflow/.local/lib/python3.8/site-packages/airflow/example_dags/example_local_kubernetes_executor.py for tasks to queue
[2024-03-19T09:56:06.495+0000] {logging_mixin.py:188} INFO - [2024-03-19T09:56:06.495+0000] {dagbag.py:540} INFO - Filling up the DagBag from /home/airflow/.local/lib/python3.8/site-packages/airflow/example_dags/example_local_kubernetes_executor.py
[2024-03-19T09:56:06.506+0000] {processor.py:840} INFO - DAG(s) 'example_local_kubernetes_executor' retrieved from /home/airflow/.local/lib/python3.8/site-packages/airflow/example_dags/example_local_kubernetes_executor.py
[2024-03-19T09:56:06.551+0000] {logging_mixin.py:188} INFO - [2024-03-19T09:56:06.551+0000] {dag.py:3047} INFO - Sync 1 DAGs
[2024-03-19T09:56:06.565+0000] {logging_mixin.py:188} INFO - [2024-03-19T09:56:06.565+0000] {dag.py:3834} INFO - Setting next_dagrun for example_local_kubernetes_executor to None, run_after=None
[2024-03-19T09:56:06.593+0000] {processor.py:183} INFO - Processing /home/airflow/.local/lib/python3.8/site-packages/airflow/example_dags/example_local_kubernetes_executor.py took 0.105 seconds
[2024-03-19T09:56:36.865+0000] {processor.py:161} INFO - Started process (PID=24057) to work on /home/airflow/.local/lib/python3.8/site-packages/airflow/example_dags/example_local_kubernetes_executor.py
[2024-03-19T09:56:36.867+0000] {processor.py:830} INFO - Processing file /home/airflow/.local/lib/python3.8/site-packages/airflow/example_dags/example_local_kubernetes_executor.py for tasks to queue
[2024-03-19T09:56:36.870+0000] {logging_mixin.py:188} INFO - [2024-03-19T09:56:36.869+0000] {dagbag.py:540} INFO - Filling up the DagBag from /home/airflow/.local/lib/python3.8/site-packages/airflow/example_dags/example_local_kubernetes_executor.py
[2024-03-19T09:56:36.888+0000] {processor.py:840} INFO - DAG(s) 'example_local_kubernetes_executor' retrieved from /home/airflow/.local/lib/python3.8/site-packages/airflow/example_dags/example_local_kubernetes_executor.py
[2024-03-19T09:56:36.981+0000] {logging_mixin.py:188} INFO - [2024-03-19T09:56:36.981+0000] {dag.py:3047} INFO - Sync 1 DAGs
[2024-03-19T09:56:37.010+0000] {logging_mixin.py:188} INFO - [2024-03-19T09:56:37.010+0000] {dag.py:3834} INFO - Setting next_dagrun for example_local_kubernetes_executor to None, run_after=None
[2024-03-19T09:56:37.056+0000] {processor.py:183} INFO - Processing /home/airflow/.local/lib/python3.8/site-packages/airflow/example_dags/example_local_kubernetes_executor.py took 0.199 seconds
[2024-03-19T09:57:07.716+0000] {processor.py:161} INFO - Started process (PID=24112) to work on /home/airflow/.local/lib/python3.8/site-packages/airflow/example_dags/example_local_kubernetes_executor.py
[2024-03-19T09:57:07.719+0000] {processor.py:830} INFO - Processing file /home/airflow/.local/lib/python3.8/site-packages/airflow/example_dags/example_local_kubernetes_executor.py for tasks to queue
[2024-03-19T09:57:07.723+0000] {logging_mixin.py:188} INFO - [2024-03-19T09:57:07.721+0000] {dagbag.py:540} INFO - Filling up the DagBag from /home/airflow/.local/lib/python3.8/site-packages/airflow/example_dags/example_local_kubernetes_executor.py
[2024-03-19T09:57:07.740+0000] {processor.py:840} INFO - DAG(s) 'example_local_kubernetes_executor' retrieved from /home/airflow/.local/lib/python3.8/site-packages/airflow/example_dags/example_local_kubernetes_executor.py
[2024-03-19T09:57:07.820+0000] {logging_mixin.py:188} INFO - [2024-03-19T09:57:07.819+0000] {dag.py:3047} INFO - Sync 1 DAGs
[2024-03-19T09:57:07.866+0000] {logging_mixin.py:188} INFO - [2024-03-19T09:57:07.866+0000] {dag.py:3834} INFO - Setting next_dagrun for example_local_kubernetes_executor to None, run_after=None
[2024-03-19T09:57:07.946+0000] {processor.py:183} INFO - Processing /home/airflow/.local/lib/python3.8/site-packages/airflow/example_dags/example_local_kubernetes_executor.py took 0.236 seconds
