[2024-03-19T09:44:16.083+0000] {processor.py:161} INFO - Started process (PID=22767) to work on /home/airflow/.local/lib/python3.8/site-packages/airflow/example_dags/example_short_circuit_decorator.py
[2024-03-19T09:44:16.086+0000] {processor.py:830} INFO - Processing file /home/airflow/.local/lib/python3.8/site-packages/airflow/example_dags/example_short_circuit_decorator.py for tasks to queue
[2024-03-19T09:44:16.088+0000] {logging_mixin.py:188} INFO - [2024-03-19T09:44:16.087+0000] {dagbag.py:540} INFO - Filling up the DagBag from /home/airflow/.local/lib/python3.8/site-packages/airflow/example_dags/example_short_circuit_decorator.py
[2024-03-19T09:44:16.102+0000] {processor.py:840} INFO - DAG(s) 'example_short_circuit_decorator' retrieved from /home/airflow/.local/lib/python3.8/site-packages/airflow/example_dags/example_short_circuit_decorator.py
[2024-03-19T09:44:16.142+0000] {logging_mixin.py:188} INFO - [2024-03-19T09:44:16.142+0000] {dag.py:3047} INFO - Sync 1 DAGs
[2024-03-19T09:44:16.177+0000] {logging_mixin.py:188} INFO - [2024-03-19T09:44:16.177+0000] {dag.py:3834} INFO - Setting next_dagrun for example_short_circuit_decorator to 2024-03-18 00:00:00+00:00, run_after=2024-03-19 00:00:00+00:00
[2024-03-19T09:44:16.208+0000] {processor.py:183} INFO - Processing /home/airflow/.local/lib/python3.8/site-packages/airflow/example_dags/example_short_circuit_decorator.py took 0.131 seconds
[2024-03-19T09:44:46.553+0000] {processor.py:161} INFO - Started process (PID=22822) to work on /home/airflow/.local/lib/python3.8/site-packages/airflow/example_dags/example_short_circuit_decorator.py
[2024-03-19T09:44:46.554+0000] {processor.py:830} INFO - Processing file /home/airflow/.local/lib/python3.8/site-packages/airflow/example_dags/example_short_circuit_decorator.py for tasks to queue
[2024-03-19T09:44:46.556+0000] {logging_mixin.py:188} INFO - [2024-03-19T09:44:46.555+0000] {dagbag.py:540} INFO - Filling up the DagBag from /home/airflow/.local/lib/python3.8/site-packages/airflow/example_dags/example_short_circuit_decorator.py
[2024-03-19T09:44:46.566+0000] {processor.py:840} INFO - DAG(s) 'example_short_circuit_decorator' retrieved from /home/airflow/.local/lib/python3.8/site-packages/airflow/example_dags/example_short_circuit_decorator.py
[2024-03-19T09:44:46.595+0000] {logging_mixin.py:188} INFO - [2024-03-19T09:44:46.595+0000] {dag.py:3047} INFO - Sync 1 DAGs
[2024-03-19T09:44:46.621+0000] {logging_mixin.py:188} INFO - [2024-03-19T09:44:46.621+0000] {dag.py:3834} INFO - Setting next_dagrun for example_short_circuit_decorator to 2024-03-18 00:00:00+00:00, run_after=2024-03-19 00:00:00+00:00
[2024-03-19T09:44:46.645+0000] {processor.py:183} INFO - Processing /home/airflow/.local/lib/python3.8/site-packages/airflow/example_dags/example_short_circuit_decorator.py took 0.097 seconds
[2024-03-19T09:45:17.479+0000] {processor.py:161} INFO - Started process (PID=22877) to work on /home/airflow/.local/lib/python3.8/site-packages/airflow/example_dags/example_short_circuit_decorator.py
[2024-03-19T09:45:17.483+0000] {processor.py:830} INFO - Processing file /home/airflow/.local/lib/python3.8/site-packages/airflow/example_dags/example_short_circuit_decorator.py for tasks to queue
[2024-03-19T09:45:17.487+0000] {logging_mixin.py:188} INFO - [2024-03-19T09:45:17.487+0000] {dagbag.py:540} INFO - Filling up the DagBag from /home/airflow/.local/lib/python3.8/site-packages/airflow/example_dags/example_short_circuit_decorator.py
[2024-03-19T09:45:17.696+0000] {processor.py:840} INFO - DAG(s) 'example_short_circuit_decorator' retrieved from /home/airflow/.local/lib/python3.8/site-packages/airflow/example_dags/example_short_circuit_decorator.py
[2024-03-19T09:45:18.714+0000] {logging_mixin.py:188} INFO - [2024-03-19T09:45:18.714+0000] {dag.py:3047} INFO - Sync 1 DAGs
[2024-03-19T09:45:19.066+0000] {logging_mixin.py:188} INFO - [2024-03-19T09:45:19.065+0000] {dag.py:3834} INFO - Setting next_dagrun for example_short_circuit_decorator to 2024-03-18 00:00:00+00:00, run_after=2024-03-19 00:00:00+00:00
[2024-03-19T09:45:19.722+0000] {processor.py:183} INFO - Processing /home/airflow/.local/lib/python3.8/site-packages/airflow/example_dags/example_short_circuit_decorator.py took 2.264 seconds
[2024-03-19T09:45:51.121+0000] {processor.py:161} INFO - Started process (PID=22931) to work on /home/airflow/.local/lib/python3.8/site-packages/airflow/example_dags/example_short_circuit_decorator.py
[2024-03-19T09:45:51.124+0000] {processor.py:830} INFO - Processing file /home/airflow/.local/lib/python3.8/site-packages/airflow/example_dags/example_short_circuit_decorator.py for tasks to queue
[2024-03-19T09:45:51.126+0000] {logging_mixin.py:188} INFO - [2024-03-19T09:45:51.125+0000] {dagbag.py:540} INFO - Filling up the DagBag from /home/airflow/.local/lib/python3.8/site-packages/airflow/example_dags/example_short_circuit_decorator.py
[2024-03-19T09:45:51.264+0000] {processor.py:840} INFO - DAG(s) 'example_short_circuit_decorator' retrieved from /home/airflow/.local/lib/python3.8/site-packages/airflow/example_dags/example_short_circuit_decorator.py
[2024-03-19T09:45:51.589+0000] {logging_mixin.py:188} INFO - [2024-03-19T09:45:51.589+0000] {dag.py:3047} INFO - Sync 1 DAGs
[2024-03-19T09:45:51.858+0000] {logging_mixin.py:188} INFO - [2024-03-19T09:45:51.858+0000] {dag.py:3834} INFO - Setting next_dagrun for example_short_circuit_decorator to 2024-03-18 00:00:00+00:00, run_after=2024-03-19 00:00:00+00:00
[2024-03-19T09:45:51.952+0000] {processor.py:183} INFO - Processing /home/airflow/.local/lib/python3.8/site-packages/airflow/example_dags/example_short_circuit_decorator.py took 0.839 seconds
[2024-03-19T09:46:22.631+0000] {processor.py:161} INFO - Started process (PID=22985) to work on /home/airflow/.local/lib/python3.8/site-packages/airflow/example_dags/example_short_circuit_decorator.py
[2024-03-19T09:46:22.633+0000] {processor.py:830} INFO - Processing file /home/airflow/.local/lib/python3.8/site-packages/airflow/example_dags/example_short_circuit_decorator.py for tasks to queue
[2024-03-19T09:46:22.635+0000] {logging_mixin.py:188} INFO - [2024-03-19T09:46:22.634+0000] {dagbag.py:540} INFO - Filling up the DagBag from /home/airflow/.local/lib/python3.8/site-packages/airflow/example_dags/example_short_circuit_decorator.py
[2024-03-19T09:46:22.652+0000] {processor.py:840} INFO - DAG(s) 'example_short_circuit_decorator' retrieved from /home/airflow/.local/lib/python3.8/site-packages/airflow/example_dags/example_short_circuit_decorator.py
[2024-03-19T09:46:22.694+0000] {logging_mixin.py:188} INFO - [2024-03-19T09:46:22.693+0000] {dag.py:3047} INFO - Sync 1 DAGs
[2024-03-19T09:46:22.733+0000] {logging_mixin.py:188} INFO - [2024-03-19T09:46:22.732+0000] {dag.py:3834} INFO - Setting next_dagrun for example_short_circuit_decorator to 2024-03-18 00:00:00+00:00, run_after=2024-03-19 00:00:00+00:00
[2024-03-19T09:46:22.791+0000] {processor.py:183} INFO - Processing /home/airflow/.local/lib/python3.8/site-packages/airflow/example_dags/example_short_circuit_decorator.py took 0.165 seconds
[2024-03-19T09:46:52.946+0000] {processor.py:161} INFO - Started process (PID=23034) to work on /home/airflow/.local/lib/python3.8/site-packages/airflow/example_dags/example_short_circuit_decorator.py
[2024-03-19T09:46:52.949+0000] {processor.py:830} INFO - Processing file /home/airflow/.local/lib/python3.8/site-packages/airflow/example_dags/example_short_circuit_decorator.py for tasks to queue
[2024-03-19T09:46:52.951+0000] {logging_mixin.py:188} INFO - [2024-03-19T09:46:52.950+0000] {dagbag.py:540} INFO - Filling up the DagBag from /home/airflow/.local/lib/python3.8/site-packages/airflow/example_dags/example_short_circuit_decorator.py
[2024-03-19T09:46:52.975+0000] {processor.py:840} INFO - DAG(s) 'example_short_circuit_decorator' retrieved from /home/airflow/.local/lib/python3.8/site-packages/airflow/example_dags/example_short_circuit_decorator.py
[2024-03-19T09:46:53.031+0000] {logging_mixin.py:188} INFO - [2024-03-19T09:46:53.030+0000] {dag.py:3047} INFO - Sync 1 DAGs
[2024-03-19T09:46:53.082+0000] {logging_mixin.py:188} INFO - [2024-03-19T09:46:53.081+0000] {dag.py:3834} INFO - Setting next_dagrun for example_short_circuit_decorator to 2024-03-18 00:00:00+00:00, run_after=2024-03-19 00:00:00+00:00
[2024-03-19T09:46:53.120+0000] {processor.py:183} INFO - Processing /home/airflow/.local/lib/python3.8/site-packages/airflow/example_dags/example_short_circuit_decorator.py took 0.183 seconds
[2024-03-19T09:47:23.507+0000] {processor.py:161} INFO - Started process (PID=23085) to work on /home/airflow/.local/lib/python3.8/site-packages/airflow/example_dags/example_short_circuit_decorator.py
[2024-03-19T09:47:23.509+0000] {processor.py:830} INFO - Processing file /home/airflow/.local/lib/python3.8/site-packages/airflow/example_dags/example_short_circuit_decorator.py for tasks to queue
[2024-03-19T09:47:23.511+0000] {logging_mixin.py:188} INFO - [2024-03-19T09:47:23.511+0000] {dagbag.py:540} INFO - Filling up the DagBag from /home/airflow/.local/lib/python3.8/site-packages/airflow/example_dags/example_short_circuit_decorator.py
[2024-03-19T09:47:23.525+0000] {processor.py:840} INFO - DAG(s) 'example_short_circuit_decorator' retrieved from /home/airflow/.local/lib/python3.8/site-packages/airflow/example_dags/example_short_circuit_decorator.py
[2024-03-19T09:47:23.567+0000] {logging_mixin.py:188} INFO - [2024-03-19T09:47:23.566+0000] {dag.py:3047} INFO - Sync 1 DAGs
[2024-03-19T09:47:23.616+0000] {logging_mixin.py:188} INFO - [2024-03-19T09:47:23.616+0000] {dag.py:3834} INFO - Setting next_dagrun for example_short_circuit_decorator to 2024-03-18 00:00:00+00:00, run_after=2024-03-19 00:00:00+00:00
[2024-03-19T09:47:23.661+0000] {processor.py:183} INFO - Processing /home/airflow/.local/lib/python3.8/site-packages/airflow/example_dags/example_short_circuit_decorator.py took 0.160 seconds
[2024-03-19T09:47:54.246+0000] {processor.py:161} INFO - Started process (PID=23138) to work on /home/airflow/.local/lib/python3.8/site-packages/airflow/example_dags/example_short_circuit_decorator.py
[2024-03-19T09:47:54.255+0000] {processor.py:830} INFO - Processing file /home/airflow/.local/lib/python3.8/site-packages/airflow/example_dags/example_short_circuit_decorator.py for tasks to queue
[2024-03-19T09:47:54.260+0000] {logging_mixin.py:188} INFO - [2024-03-19T09:47:54.259+0000] {dagbag.py:540} INFO - Filling up the DagBag from /home/airflow/.local/lib/python3.8/site-packages/airflow/example_dags/example_short_circuit_decorator.py
[2024-03-19T09:47:54.290+0000] {processor.py:840} INFO - DAG(s) 'example_short_circuit_decorator' retrieved from /home/airflow/.local/lib/python3.8/site-packages/airflow/example_dags/example_short_circuit_decorator.py
[2024-03-19T09:47:54.388+0000] {logging_mixin.py:188} INFO - [2024-03-19T09:47:54.387+0000] {dag.py:3047} INFO - Sync 1 DAGs
[2024-03-19T09:47:54.455+0000] {logging_mixin.py:188} INFO - [2024-03-19T09:47:54.454+0000] {dag.py:3834} INFO - Setting next_dagrun for example_short_circuit_decorator to 2024-03-18 00:00:00+00:00, run_after=2024-03-19 00:00:00+00:00
[2024-03-19T09:47:54.516+0000] {processor.py:183} INFO - Processing /home/airflow/.local/lib/python3.8/site-packages/airflow/example_dags/example_short_circuit_decorator.py took 0.277 seconds
[2024-03-19T09:48:25.044+0000] {processor.py:161} INFO - Started process (PID=23193) to work on /home/airflow/.local/lib/python3.8/site-packages/airflow/example_dags/example_short_circuit_decorator.py
[2024-03-19T09:48:25.046+0000] {processor.py:830} INFO - Processing file /home/airflow/.local/lib/python3.8/site-packages/airflow/example_dags/example_short_circuit_decorator.py for tasks to queue
[2024-03-19T09:48:25.047+0000] {logging_mixin.py:188} INFO - [2024-03-19T09:48:25.047+0000] {dagbag.py:540} INFO - Filling up the DagBag from /home/airflow/.local/lib/python3.8/site-packages/airflow/example_dags/example_short_circuit_decorator.py
[2024-03-19T09:48:25.058+0000] {processor.py:840} INFO - DAG(s) 'example_short_circuit_decorator' retrieved from /home/airflow/.local/lib/python3.8/site-packages/airflow/example_dags/example_short_circuit_decorator.py
[2024-03-19T09:48:25.087+0000] {logging_mixin.py:188} INFO - [2024-03-19T09:48:25.086+0000] {dag.py:3047} INFO - Sync 1 DAGs
[2024-03-19T09:48:25.112+0000] {logging_mixin.py:188} INFO - [2024-03-19T09:48:25.112+0000] {dag.py:3834} INFO - Setting next_dagrun for example_short_circuit_decorator to 2024-03-18 00:00:00+00:00, run_after=2024-03-19 00:00:00+00:00
[2024-03-19T09:48:25.136+0000] {processor.py:183} INFO - Processing /home/airflow/.local/lib/python3.8/site-packages/airflow/example_dags/example_short_circuit_decorator.py took 0.096 seconds
[2024-03-19T09:48:58.199+0000] {processor.py:161} INFO - Started process (PID=23248) to work on /home/airflow/.local/lib/python3.8/site-packages/airflow/example_dags/example_short_circuit_decorator.py
[2024-03-19T09:48:58.214+0000] {processor.py:830} INFO - Processing file /home/airflow/.local/lib/python3.8/site-packages/airflow/example_dags/example_short_circuit_decorator.py for tasks to queue
[2024-03-19T09:48:58.217+0000] {logging_mixin.py:188} INFO - [2024-03-19T09:48:58.216+0000] {dagbag.py:540} INFO - Filling up the DagBag from /home/airflow/.local/lib/python3.8/site-packages/airflow/example_dags/example_short_circuit_decorator.py
[2024-03-19T09:48:58.327+0000] {processor.py:840} INFO - DAG(s) 'example_short_circuit_decorator' retrieved from /home/airflow/.local/lib/python3.8/site-packages/airflow/example_dags/example_short_circuit_decorator.py
[2024-03-19T09:48:58.738+0000] {logging_mixin.py:188} INFO - [2024-03-19T09:48:58.737+0000] {dag.py:3047} INFO - Sync 1 DAGs
[2024-03-19T09:48:58.870+0000] {logging_mixin.py:188} INFO - [2024-03-19T09:48:58.869+0000] {dag.py:3834} INFO - Setting next_dagrun for example_short_circuit_decorator to 2024-03-18 00:00:00+00:00, run_after=2024-03-19 00:00:00+00:00
[2024-03-19T09:48:59.032+0000] {processor.py:183} INFO - Processing /home/airflow/.local/lib/python3.8/site-packages/airflow/example_dags/example_short_circuit_decorator.py took 0.852 seconds
[2024-03-19T09:49:29.680+0000] {processor.py:161} INFO - Started process (PID=23302) to work on /home/airflow/.local/lib/python3.8/site-packages/airflow/example_dags/example_short_circuit_decorator.py
[2024-03-19T09:49:29.683+0000] {processor.py:830} INFO - Processing file /home/airflow/.local/lib/python3.8/site-packages/airflow/example_dags/example_short_circuit_decorator.py for tasks to queue
[2024-03-19T09:49:29.685+0000] {logging_mixin.py:188} INFO - [2024-03-19T09:49:29.684+0000] {dagbag.py:540} INFO - Filling up the DagBag from /home/airflow/.local/lib/python3.8/site-packages/airflow/example_dags/example_short_circuit_decorator.py
[2024-03-19T09:49:29.702+0000] {processor.py:840} INFO - DAG(s) 'example_short_circuit_decorator' retrieved from /home/airflow/.local/lib/python3.8/site-packages/airflow/example_dags/example_short_circuit_decorator.py
[2024-03-19T09:49:29.737+0000] {logging_mixin.py:188} INFO - [2024-03-19T09:49:29.736+0000] {dag.py:3047} INFO - Sync 1 DAGs
[2024-03-19T09:49:29.805+0000] {logging_mixin.py:188} INFO - [2024-03-19T09:49:29.805+0000] {dag.py:3834} INFO - Setting next_dagrun for example_short_circuit_decorator to 2024-03-18 00:00:00+00:00, run_after=2024-03-19 00:00:00+00:00
[2024-03-19T09:49:29.835+0000] {processor.py:183} INFO - Processing /home/airflow/.local/lib/python3.8/site-packages/airflow/example_dags/example_short_circuit_decorator.py took 0.162 seconds
[2024-03-19T09:50:00.276+0000] {processor.py:161} INFO - Started process (PID=23356) to work on /home/airflow/.local/lib/python3.8/site-packages/airflow/example_dags/example_short_circuit_decorator.py
[2024-03-19T09:50:00.280+0000] {processor.py:830} INFO - Processing file /home/airflow/.local/lib/python3.8/site-packages/airflow/example_dags/example_short_circuit_decorator.py for tasks to queue
[2024-03-19T09:50:00.326+0000] {logging_mixin.py:188} INFO - [2024-03-19T09:50:00.325+0000] {dagbag.py:540} INFO - Filling up the DagBag from /home/airflow/.local/lib/python3.8/site-packages/airflow/example_dags/example_short_circuit_decorator.py
[2024-03-19T09:50:00.441+0000] {processor.py:840} INFO - DAG(s) 'example_short_circuit_decorator' retrieved from /home/airflow/.local/lib/python3.8/site-packages/airflow/example_dags/example_short_circuit_decorator.py
[2024-03-19T09:50:00.678+0000] {logging_mixin.py:188} INFO - [2024-03-19T09:50:00.677+0000] {dag.py:3047} INFO - Sync 1 DAGs
[2024-03-19T09:50:00.772+0000] {logging_mixin.py:188} INFO - [2024-03-19T09:50:00.772+0000] {dag.py:3834} INFO - Setting next_dagrun for example_short_circuit_decorator to 2024-03-18 00:00:00+00:00, run_after=2024-03-19 00:00:00+00:00
[2024-03-19T09:50:00.845+0000] {processor.py:183} INFO - Processing /home/airflow/.local/lib/python3.8/site-packages/airflow/example_dags/example_short_circuit_decorator.py took 0.590 seconds
[2024-03-19T09:50:31.428+0000] {processor.py:161} INFO - Started process (PID=23411) to work on /home/airflow/.local/lib/python3.8/site-packages/airflow/example_dags/example_short_circuit_decorator.py
[2024-03-19T09:50:31.432+0000] {processor.py:830} INFO - Processing file /home/airflow/.local/lib/python3.8/site-packages/airflow/example_dags/example_short_circuit_decorator.py for tasks to queue
[2024-03-19T09:50:31.436+0000] {logging_mixin.py:188} INFO - [2024-03-19T09:50:31.435+0000] {dagbag.py:540} INFO - Filling up the DagBag from /home/airflow/.local/lib/python3.8/site-packages/airflow/example_dags/example_short_circuit_decorator.py
[2024-03-19T09:50:31.476+0000] {processor.py:840} INFO - DAG(s) 'example_short_circuit_decorator' retrieved from /home/airflow/.local/lib/python3.8/site-packages/airflow/example_dags/example_short_circuit_decorator.py
[2024-03-19T09:50:31.563+0000] {logging_mixin.py:188} INFO - [2024-03-19T09:50:31.563+0000] {dag.py:3047} INFO - Sync 1 DAGs
[2024-03-19T09:50:31.644+0000] {logging_mixin.py:188} INFO - [2024-03-19T09:50:31.643+0000] {dag.py:3834} INFO - Setting next_dagrun for example_short_circuit_decorator to 2024-03-18 00:00:00+00:00, run_after=2024-03-19 00:00:00+00:00
[2024-03-19T09:50:31.717+0000] {processor.py:183} INFO - Processing /home/airflow/.local/lib/python3.8/site-packages/airflow/example_dags/example_short_circuit_decorator.py took 0.299 seconds
[2024-03-19T09:51:04.589+0000] {processor.py:161} INFO - Started process (PID=23461) to work on /home/airflow/.local/lib/python3.8/site-packages/airflow/example_dags/example_short_circuit_decorator.py
[2024-03-19T09:51:04.592+0000] {processor.py:830} INFO - Processing file /home/airflow/.local/lib/python3.8/site-packages/airflow/example_dags/example_short_circuit_decorator.py for tasks to queue
[2024-03-19T09:51:04.595+0000] {logging_mixin.py:188} INFO - [2024-03-19T09:51:04.594+0000] {dagbag.py:540} INFO - Filling up the DagBag from /home/airflow/.local/lib/python3.8/site-packages/airflow/example_dags/example_short_circuit_decorator.py
[2024-03-19T09:51:04.629+0000] {processor.py:840} INFO - DAG(s) 'example_short_circuit_decorator' retrieved from /home/airflow/.local/lib/python3.8/site-packages/airflow/example_dags/example_short_circuit_decorator.py
[2024-03-19T09:51:04.741+0000] {logging_mixin.py:188} INFO - [2024-03-19T09:51:04.740+0000] {dag.py:3047} INFO - Sync 1 DAGs
[2024-03-19T09:51:04.830+0000] {logging_mixin.py:188} INFO - [2024-03-19T09:51:04.829+0000] {dag.py:3834} INFO - Setting next_dagrun for example_short_circuit_decorator to 2024-03-18 00:00:00+00:00, run_after=2024-03-19 00:00:00+00:00
[2024-03-19T09:51:04.910+0000] {processor.py:183} INFO - Processing /home/airflow/.local/lib/python3.8/site-packages/airflow/example_dags/example_short_circuit_decorator.py took 0.331 seconds
[2024-03-19T09:51:35.156+0000] {processor.py:161} INFO - Started process (PID=23515) to work on /home/airflow/.local/lib/python3.8/site-packages/airflow/example_dags/example_short_circuit_decorator.py
[2024-03-19T09:51:35.158+0000] {processor.py:830} INFO - Processing file /home/airflow/.local/lib/python3.8/site-packages/airflow/example_dags/example_short_circuit_decorator.py for tasks to queue
[2024-03-19T09:51:35.160+0000] {logging_mixin.py:188} INFO - [2024-03-19T09:51:35.160+0000] {dagbag.py:540} INFO - Filling up the DagBag from /home/airflow/.local/lib/python3.8/site-packages/airflow/example_dags/example_short_circuit_decorator.py
[2024-03-19T09:51:35.181+0000] {processor.py:840} INFO - DAG(s) 'example_short_circuit_decorator' retrieved from /home/airflow/.local/lib/python3.8/site-packages/airflow/example_dags/example_short_circuit_decorator.py
[2024-03-19T09:51:35.227+0000] {logging_mixin.py:188} INFO - [2024-03-19T09:51:35.227+0000] {dag.py:3047} INFO - Sync 1 DAGs
[2024-03-19T09:51:35.264+0000] {logging_mixin.py:188} INFO - [2024-03-19T09:51:35.264+0000] {dag.py:3834} INFO - Setting next_dagrun for example_short_circuit_decorator to 2024-03-18 00:00:00+00:00, run_after=2024-03-19 00:00:00+00:00
[2024-03-19T09:51:35.293+0000] {processor.py:183} INFO - Processing /home/airflow/.local/lib/python3.8/site-packages/airflow/example_dags/example_short_circuit_decorator.py took 0.143 seconds
[2024-03-19T09:52:05.691+0000] {processor.py:161} INFO - Started process (PID=23568) to work on /home/airflow/.local/lib/python3.8/site-packages/airflow/example_dags/example_short_circuit_decorator.py
[2024-03-19T09:52:05.694+0000] {processor.py:830} INFO - Processing file /home/airflow/.local/lib/python3.8/site-packages/airflow/example_dags/example_short_circuit_decorator.py for tasks to queue
[2024-03-19T09:52:05.696+0000] {logging_mixin.py:188} INFO - [2024-03-19T09:52:05.695+0000] {dagbag.py:540} INFO - Filling up the DagBag from /home/airflow/.local/lib/python3.8/site-packages/airflow/example_dags/example_short_circuit_decorator.py
[2024-03-19T09:52:05.718+0000] {processor.py:840} INFO - DAG(s) 'example_short_circuit_decorator' retrieved from /home/airflow/.local/lib/python3.8/site-packages/airflow/example_dags/example_short_circuit_decorator.py
[2024-03-19T09:52:05.789+0000] {logging_mixin.py:188} INFO - [2024-03-19T09:52:05.788+0000] {dag.py:3047} INFO - Sync 1 DAGs
[2024-03-19T09:52:05.846+0000] {logging_mixin.py:188} INFO - [2024-03-19T09:52:05.846+0000] {dag.py:3834} INFO - Setting next_dagrun for example_short_circuit_decorator to 2024-03-18 00:00:00+00:00, run_after=2024-03-19 00:00:00+00:00
[2024-03-19T09:52:05.921+0000] {processor.py:183} INFO - Processing /home/airflow/.local/lib/python3.8/site-packages/airflow/example_dags/example_short_circuit_decorator.py took 0.238 seconds
[2024-03-19T09:52:36.506+0000] {processor.py:161} INFO - Started process (PID=23623) to work on /home/airflow/.local/lib/python3.8/site-packages/airflow/example_dags/example_short_circuit_decorator.py
[2024-03-19T09:52:36.514+0000] {processor.py:830} INFO - Processing file /home/airflow/.local/lib/python3.8/site-packages/airflow/example_dags/example_short_circuit_decorator.py for tasks to queue
[2024-03-19T09:52:36.538+0000] {logging_mixin.py:188} INFO - [2024-03-19T09:52:36.535+0000] {dagbag.py:540} INFO - Filling up the DagBag from /home/airflow/.local/lib/python3.8/site-packages/airflow/example_dags/example_short_circuit_decorator.py
[2024-03-19T09:52:36.666+0000] {processor.py:840} INFO - DAG(s) 'example_short_circuit_decorator' retrieved from /home/airflow/.local/lib/python3.8/site-packages/airflow/example_dags/example_short_circuit_decorator.py
[2024-03-19T09:52:36.833+0000] {logging_mixin.py:188} INFO - [2024-03-19T09:52:36.832+0000] {dag.py:3047} INFO - Sync 1 DAGs
[2024-03-19T09:52:36.955+0000] {logging_mixin.py:188} INFO - [2024-03-19T09:52:36.955+0000] {dag.py:3834} INFO - Setting next_dagrun for example_short_circuit_decorator to 2024-03-18 00:00:00+00:00, run_after=2024-03-19 00:00:00+00:00
[2024-03-19T09:52:37.025+0000] {processor.py:183} INFO - Processing /home/airflow/.local/lib/python3.8/site-packages/airflow/example_dags/example_short_circuit_decorator.py took 0.559 seconds
[2024-03-19T09:53:07.116+0000] {processor.py:161} INFO - Started process (PID=23678) to work on /home/airflow/.local/lib/python3.8/site-packages/airflow/example_dags/example_short_circuit_decorator.py
[2024-03-19T09:53:07.119+0000] {processor.py:830} INFO - Processing file /home/airflow/.local/lib/python3.8/site-packages/airflow/example_dags/example_short_circuit_decorator.py for tasks to queue
[2024-03-19T09:53:07.122+0000] {logging_mixin.py:188} INFO - [2024-03-19T09:53:07.121+0000] {dagbag.py:540} INFO - Filling up the DagBag from /home/airflow/.local/lib/python3.8/site-packages/airflow/example_dags/example_short_circuit_decorator.py
[2024-03-19T09:53:07.135+0000] {processor.py:840} INFO - DAG(s) 'example_short_circuit_decorator' retrieved from /home/airflow/.local/lib/python3.8/site-packages/airflow/example_dags/example_short_circuit_decorator.py
[2024-03-19T09:53:07.167+0000] {logging_mixin.py:188} INFO - [2024-03-19T09:53:07.167+0000] {dag.py:3047} INFO - Sync 1 DAGs
[2024-03-19T09:53:07.192+0000] {logging_mixin.py:188} INFO - [2024-03-19T09:53:07.191+0000] {dag.py:3834} INFO - Setting next_dagrun for example_short_circuit_decorator to 2024-03-18 00:00:00+00:00, run_after=2024-03-19 00:00:00+00:00
[2024-03-19T09:53:07.219+0000] {processor.py:183} INFO - Processing /home/airflow/.local/lib/python3.8/site-packages/airflow/example_dags/example_short_circuit_decorator.py took 0.109 seconds
[2024-03-19T09:53:38.202+0000] {processor.py:161} INFO - Started process (PID=23733) to work on /home/airflow/.local/lib/python3.8/site-packages/airflow/example_dags/example_short_circuit_decorator.py
[2024-03-19T09:53:38.204+0000] {processor.py:830} INFO - Processing file /home/airflow/.local/lib/python3.8/site-packages/airflow/example_dags/example_short_circuit_decorator.py for tasks to queue
[2024-03-19T09:53:38.207+0000] {logging_mixin.py:188} INFO - [2024-03-19T09:53:38.206+0000] {dagbag.py:540} INFO - Filling up the DagBag from /home/airflow/.local/lib/python3.8/site-packages/airflow/example_dags/example_short_circuit_decorator.py
[2024-03-19T09:53:38.230+0000] {processor.py:840} INFO - DAG(s) 'example_short_circuit_decorator' retrieved from /home/airflow/.local/lib/python3.8/site-packages/airflow/example_dags/example_short_circuit_decorator.py
[2024-03-19T09:53:38.271+0000] {logging_mixin.py:188} INFO - [2024-03-19T09:53:38.271+0000] {dag.py:3047} INFO - Sync 1 DAGs
[2024-03-19T09:53:38.310+0000] {logging_mixin.py:188} INFO - [2024-03-19T09:53:38.310+0000] {dag.py:3834} INFO - Setting next_dagrun for example_short_circuit_decorator to 2024-03-18 00:00:00+00:00, run_after=2024-03-19 00:00:00+00:00
[2024-03-19T09:53:38.351+0000] {processor.py:183} INFO - Processing /home/airflow/.local/lib/python3.8/site-packages/airflow/example_dags/example_short_circuit_decorator.py took 0.154 seconds
[2024-03-19T09:54:08.520+0000] {processor.py:161} INFO - Started process (PID=23789) to work on /home/airflow/.local/lib/python3.8/site-packages/airflow/example_dags/example_short_circuit_decorator.py
[2024-03-19T09:54:08.522+0000] {processor.py:830} INFO - Processing file /home/airflow/.local/lib/python3.8/site-packages/airflow/example_dags/example_short_circuit_decorator.py for tasks to queue
[2024-03-19T09:54:08.524+0000] {logging_mixin.py:188} INFO - [2024-03-19T09:54:08.523+0000] {dagbag.py:540} INFO - Filling up the DagBag from /home/airflow/.local/lib/python3.8/site-packages/airflow/example_dags/example_short_circuit_decorator.py
[2024-03-19T09:54:08.538+0000] {processor.py:840} INFO - DAG(s) 'example_short_circuit_decorator' retrieved from /home/airflow/.local/lib/python3.8/site-packages/airflow/example_dags/example_short_circuit_decorator.py
[2024-03-19T09:54:08.578+0000] {logging_mixin.py:188} INFO - [2024-03-19T09:54:08.578+0000] {dag.py:3047} INFO - Sync 1 DAGs
[2024-03-19T09:54:08.610+0000] {logging_mixin.py:188} INFO - [2024-03-19T09:54:08.610+0000] {dag.py:3834} INFO - Setting next_dagrun for example_short_circuit_decorator to 2024-03-18 00:00:00+00:00, run_after=2024-03-19 00:00:00+00:00
[2024-03-19T09:54:08.649+0000] {processor.py:183} INFO - Processing /home/airflow/.local/lib/python3.8/site-packages/airflow/example_dags/example_short_circuit_decorator.py took 0.137 seconds
[2024-03-19T09:54:38.795+0000] {processor.py:161} INFO - Started process (PID=23845) to work on /home/airflow/.local/lib/python3.8/site-packages/airflow/example_dags/example_short_circuit_decorator.py
[2024-03-19T09:54:38.797+0000] {processor.py:830} INFO - Processing file /home/airflow/.local/lib/python3.8/site-packages/airflow/example_dags/example_short_circuit_decorator.py for tasks to queue
[2024-03-19T09:54:38.799+0000] {logging_mixin.py:188} INFO - [2024-03-19T09:54:38.798+0000] {dagbag.py:540} INFO - Filling up the DagBag from /home/airflow/.local/lib/python3.8/site-packages/airflow/example_dags/example_short_circuit_decorator.py
[2024-03-19T09:54:38.810+0000] {processor.py:840} INFO - DAG(s) 'example_short_circuit_decorator' retrieved from /home/airflow/.local/lib/python3.8/site-packages/airflow/example_dags/example_short_circuit_decorator.py
[2024-03-19T09:54:38.839+0000] {logging_mixin.py:188} INFO - [2024-03-19T09:54:38.838+0000] {dag.py:3047} INFO - Sync 1 DAGs
[2024-03-19T09:54:38.862+0000] {logging_mixin.py:188} INFO - [2024-03-19T09:54:38.862+0000] {dag.py:3834} INFO - Setting next_dagrun for example_short_circuit_decorator to 2024-03-18 00:00:00+00:00, run_after=2024-03-19 00:00:00+00:00
[2024-03-19T09:54:38.886+0000] {processor.py:183} INFO - Processing /home/airflow/.local/lib/python3.8/site-packages/airflow/example_dags/example_short_circuit_decorator.py took 0.095 seconds
[2024-03-19T09:55:09.272+0000] {processor.py:161} INFO - Started process (PID=23899) to work on /home/airflow/.local/lib/python3.8/site-packages/airflow/example_dags/example_short_circuit_decorator.py
[2024-03-19T09:55:09.274+0000] {processor.py:830} INFO - Processing file /home/airflow/.local/lib/python3.8/site-packages/airflow/example_dags/example_short_circuit_decorator.py for tasks to queue
[2024-03-19T09:55:09.276+0000] {logging_mixin.py:188} INFO - [2024-03-19T09:55:09.276+0000] {dagbag.py:540} INFO - Filling up the DagBag from /home/airflow/.local/lib/python3.8/site-packages/airflow/example_dags/example_short_circuit_decorator.py
[2024-03-19T09:55:09.291+0000] {processor.py:840} INFO - DAG(s) 'example_short_circuit_decorator' retrieved from /home/airflow/.local/lib/python3.8/site-packages/airflow/example_dags/example_short_circuit_decorator.py
[2024-03-19T09:55:09.330+0000] {logging_mixin.py:188} INFO - [2024-03-19T09:55:09.329+0000] {dag.py:3047} INFO - Sync 1 DAGs
[2024-03-19T09:55:09.361+0000] {logging_mixin.py:188} INFO - [2024-03-19T09:55:09.361+0000] {dag.py:3834} INFO - Setting next_dagrun for example_short_circuit_decorator to 2024-03-18 00:00:00+00:00, run_after=2024-03-19 00:00:00+00:00
[2024-03-19T09:55:09.393+0000] {processor.py:183} INFO - Processing /home/airflow/.local/lib/python3.8/site-packages/airflow/example_dags/example_short_circuit_decorator.py took 0.125 seconds
[2024-03-19T09:55:41.000+0000] {processor.py:161} INFO - Started process (PID=23954) to work on /home/airflow/.local/lib/python3.8/site-packages/airflow/example_dags/example_short_circuit_decorator.py
[2024-03-19T09:55:41.004+0000] {processor.py:830} INFO - Processing file /home/airflow/.local/lib/python3.8/site-packages/airflow/example_dags/example_short_circuit_decorator.py for tasks to queue
[2024-03-19T09:55:41.008+0000] {logging_mixin.py:188} INFO - [2024-03-19T09:55:41.007+0000] {dagbag.py:540} INFO - Filling up the DagBag from /home/airflow/.local/lib/python3.8/site-packages/airflow/example_dags/example_short_circuit_decorator.py
[2024-03-19T09:55:41.047+0000] {processor.py:840} INFO - DAG(s) 'example_short_circuit_decorator' retrieved from /home/airflow/.local/lib/python3.8/site-packages/airflow/example_dags/example_short_circuit_decorator.py
[2024-03-19T09:55:41.183+0000] {logging_mixin.py:188} INFO - [2024-03-19T09:55:41.175+0000] {dag.py:3047} INFO - Sync 1 DAGs
[2024-03-19T09:55:41.583+0000] {logging_mixin.py:188} INFO - [2024-03-19T09:55:41.582+0000] {dag.py:3834} INFO - Setting next_dagrun for example_short_circuit_decorator to 2024-03-18 00:00:00+00:00, run_after=2024-03-19 00:00:00+00:00
[2024-03-19T09:55:41.757+0000] {processor.py:183} INFO - Processing /home/airflow/.local/lib/python3.8/site-packages/airflow/example_dags/example_short_circuit_decorator.py took 0.767 seconds
[2024-03-19T09:56:12.039+0000] {processor.py:161} INFO - Started process (PID=24007) to work on /home/airflow/.local/lib/python3.8/site-packages/airflow/example_dags/example_short_circuit_decorator.py
[2024-03-19T09:56:12.042+0000] {processor.py:830} INFO - Processing file /home/airflow/.local/lib/python3.8/site-packages/airflow/example_dags/example_short_circuit_decorator.py for tasks to queue
[2024-03-19T09:56:12.044+0000] {logging_mixin.py:188} INFO - [2024-03-19T09:56:12.043+0000] {dagbag.py:540} INFO - Filling up the DagBag from /home/airflow/.local/lib/python3.8/site-packages/airflow/example_dags/example_short_circuit_decorator.py
[2024-03-19T09:56:12.058+0000] {processor.py:840} INFO - DAG(s) 'example_short_circuit_decorator' retrieved from /home/airflow/.local/lib/python3.8/site-packages/airflow/example_dags/example_short_circuit_decorator.py
[2024-03-19T09:56:12.088+0000] {logging_mixin.py:188} INFO - [2024-03-19T09:56:12.088+0000] {dag.py:3047} INFO - Sync 1 DAGs
[2024-03-19T09:56:12.114+0000] {logging_mixin.py:188} INFO - [2024-03-19T09:56:12.114+0000] {dag.py:3834} INFO - Setting next_dagrun for example_short_circuit_decorator to 2024-03-18 00:00:00+00:00, run_after=2024-03-19 00:00:00+00:00
[2024-03-19T09:56:12.140+0000] {processor.py:183} INFO - Processing /home/airflow/.local/lib/python3.8/site-packages/airflow/example_dags/example_short_circuit_decorator.py took 0.105 seconds
[2024-03-19T09:56:42.437+0000] {processor.py:161} INFO - Started process (PID=24062) to work on /home/airflow/.local/lib/python3.8/site-packages/airflow/example_dags/example_short_circuit_decorator.py
[2024-03-19T09:56:42.439+0000] {processor.py:830} INFO - Processing file /home/airflow/.local/lib/python3.8/site-packages/airflow/example_dags/example_short_circuit_decorator.py for tasks to queue
[2024-03-19T09:56:42.441+0000] {logging_mixin.py:188} INFO - [2024-03-19T09:56:42.440+0000] {dagbag.py:540} INFO - Filling up the DagBag from /home/airflow/.local/lib/python3.8/site-packages/airflow/example_dags/example_short_circuit_decorator.py
[2024-03-19T09:56:42.455+0000] {processor.py:840} INFO - DAG(s) 'example_short_circuit_decorator' retrieved from /home/airflow/.local/lib/python3.8/site-packages/airflow/example_dags/example_short_circuit_decorator.py
[2024-03-19T09:56:42.494+0000] {logging_mixin.py:188} INFO - [2024-03-19T09:56:42.493+0000] {dag.py:3047} INFO - Sync 1 DAGs
[2024-03-19T09:56:42.524+0000] {logging_mixin.py:188} INFO - [2024-03-19T09:56:42.524+0000] {dag.py:3834} INFO - Setting next_dagrun for example_short_circuit_decorator to 2024-03-18 00:00:00+00:00, run_after=2024-03-19 00:00:00+00:00
[2024-03-19T09:56:42.592+0000] {processor.py:183} INFO - Processing /home/airflow/.local/lib/python3.8/site-packages/airflow/example_dags/example_short_circuit_decorator.py took 0.161 seconds
[2024-03-19T09:57:13.524+0000] {processor.py:161} INFO - Started process (PID=24117) to work on /home/airflow/.local/lib/python3.8/site-packages/airflow/example_dags/example_short_circuit_decorator.py
[2024-03-19T09:57:13.538+0000] {processor.py:830} INFO - Processing file /home/airflow/.local/lib/python3.8/site-packages/airflow/example_dags/example_short_circuit_decorator.py for tasks to queue
[2024-03-19T09:57:13.540+0000] {logging_mixin.py:188} INFO - [2024-03-19T09:57:13.539+0000] {dagbag.py:540} INFO - Filling up the DagBag from /home/airflow/.local/lib/python3.8/site-packages/airflow/example_dags/example_short_circuit_decorator.py
[2024-03-19T09:57:13.556+0000] {processor.py:840} INFO - DAG(s) 'example_short_circuit_decorator' retrieved from /home/airflow/.local/lib/python3.8/site-packages/airflow/example_dags/example_short_circuit_decorator.py
[2024-03-19T09:57:13.609+0000] {logging_mixin.py:188} INFO - [2024-03-19T09:57:13.609+0000] {dag.py:3047} INFO - Sync 1 DAGs
[2024-03-19T09:57:13.645+0000] {logging_mixin.py:188} INFO - [2024-03-19T09:57:13.644+0000] {dag.py:3834} INFO - Setting next_dagrun for example_short_circuit_decorator to 2024-03-18 00:00:00+00:00, run_after=2024-03-19 00:00:00+00:00
[2024-03-19T09:57:13.680+0000] {processor.py:183} INFO - Processing /home/airflow/.local/lib/python3.8/site-packages/airflow/example_dags/example_short_circuit_decorator.py took 0.161 seconds
