[2024-03-19T09:44:17.378+0000] {processor.py:161} INFO - Started process (PID=22770) to work on /home/airflow/.local/lib/python3.8/site-packages/airflow/example_dags/tutorial_objectstorage.py
[2024-03-19T09:44:17.429+0000] {processor.py:830} INFO - Processing file /home/airflow/.local/lib/python3.8/site-packages/airflow/example_dags/tutorial_objectstorage.py for tasks to queue
[2024-03-19T09:44:17.509+0000] {logging_mixin.py:188} INFO - [2024-03-19T09:44:17.508+0000] {dagbag.py:540} INFO - Filling up the DagBag from /home/airflow/.local/lib/python3.8/site-packages/airflow/example_dags/tutorial_objectstorage.py
[2024-03-19T09:44:17.572+0000] {processor.py:840} INFO - DAG(s) 'tutorial_objectstorage' retrieved from /home/airflow/.local/lib/python3.8/site-packages/airflow/example_dags/tutorial_objectstorage.py
[2024-03-19T09:44:17.719+0000] {logging_mixin.py:188} INFO - [2024-03-19T09:44:17.718+0000] {dag.py:3047} INFO - Sync 1 DAGs
[2024-03-19T09:44:17.810+0000] {logging_mixin.py:188} INFO - [2024-03-19T09:44:17.809+0000] {dag.py:3834} INFO - Setting next_dagrun for tutorial_objectstorage to None, run_after=None
[2024-03-19T09:44:17.934+0000] {processor.py:183} INFO - Processing /home/airflow/.local/lib/python3.8/site-packages/airflow/example_dags/tutorial_objectstorage.py took 0.569 seconds
[2024-03-19T09:44:48.732+0000] {processor.py:161} INFO - Started process (PID=22826) to work on /home/airflow/.local/lib/python3.8/site-packages/airflow/example_dags/tutorial_objectstorage.py
[2024-03-19T09:44:48.734+0000] {processor.py:830} INFO - Processing file /home/airflow/.local/lib/python3.8/site-packages/airflow/example_dags/tutorial_objectstorage.py for tasks to queue
[2024-03-19T09:44:48.735+0000] {logging_mixin.py:188} INFO - [2024-03-19T09:44:48.735+0000] {dagbag.py:540} INFO - Filling up the DagBag from /home/airflow/.local/lib/python3.8/site-packages/airflow/example_dags/tutorial_objectstorage.py
[2024-03-19T09:44:48.744+0000] {processor.py:840} INFO - DAG(s) 'tutorial_objectstorage' retrieved from /home/airflow/.local/lib/python3.8/site-packages/airflow/example_dags/tutorial_objectstorage.py
[2024-03-19T09:44:48.771+0000] {logging_mixin.py:188} INFO - [2024-03-19T09:44:48.770+0000] {dag.py:3047} INFO - Sync 1 DAGs
[2024-03-19T09:44:48.785+0000] {logging_mixin.py:188} INFO - [2024-03-19T09:44:48.785+0000] {dag.py:3834} INFO - Setting next_dagrun for tutorial_objectstorage to None, run_after=None
[2024-03-19T09:44:48.809+0000] {processor.py:183} INFO - Processing /home/airflow/.local/lib/python3.8/site-packages/airflow/example_dags/tutorial_objectstorage.py took 0.080 seconds
[2024-03-19T09:45:21.340+0000] {processor.py:161} INFO - Started process (PID=22881) to work on /home/airflow/.local/lib/python3.8/site-packages/airflow/example_dags/tutorial_objectstorage.py
[2024-03-19T09:45:21.380+0000] {processor.py:830} INFO - Processing file /home/airflow/.local/lib/python3.8/site-packages/airflow/example_dags/tutorial_objectstorage.py for tasks to queue
[2024-03-19T09:45:21.421+0000] {logging_mixin.py:188} INFO - [2024-03-19T09:45:21.420+0000] {dagbag.py:540} INFO - Filling up the DagBag from /home/airflow/.local/lib/python3.8/site-packages/airflow/example_dags/tutorial_objectstorage.py
[2024-03-19T09:45:21.600+0000] {processor.py:840} INFO - DAG(s) 'tutorial_objectstorage' retrieved from /home/airflow/.local/lib/python3.8/site-packages/airflow/example_dags/tutorial_objectstorage.py
[2024-03-19T09:45:22.132+0000] {logging_mixin.py:188} INFO - [2024-03-19T09:45:22.131+0000] {dag.py:3047} INFO - Sync 1 DAGs
[2024-03-19T09:45:22.219+0000] {logging_mixin.py:188} INFO - [2024-03-19T09:45:22.218+0000] {dag.py:3834} INFO - Setting next_dagrun for tutorial_objectstorage to None, run_after=None
[2024-03-19T09:45:22.353+0000] {processor.py:183} INFO - Processing /home/airflow/.local/lib/python3.8/site-packages/airflow/example_dags/tutorial_objectstorage.py took 1.240 seconds
[2024-03-19T09:45:55.391+0000] {processor.py:161} INFO - Started process (PID=22936) to work on /home/airflow/.local/lib/python3.8/site-packages/airflow/example_dags/tutorial_objectstorage.py
[2024-03-19T09:45:55.395+0000] {processor.py:830} INFO - Processing file /home/airflow/.local/lib/python3.8/site-packages/airflow/example_dags/tutorial_objectstorage.py for tasks to queue
[2024-03-19T09:45:55.397+0000] {logging_mixin.py:188} INFO - [2024-03-19T09:45:55.397+0000] {dagbag.py:540} INFO - Filling up the DagBag from /home/airflow/.local/lib/python3.8/site-packages/airflow/example_dags/tutorial_objectstorage.py
[2024-03-19T09:45:55.435+0000] {processor.py:840} INFO - DAG(s) 'tutorial_objectstorage' retrieved from /home/airflow/.local/lib/python3.8/site-packages/airflow/example_dags/tutorial_objectstorage.py
[2024-03-19T09:45:55.819+0000] {logging_mixin.py:188} INFO - [2024-03-19T09:45:55.816+0000] {dag.py:3047} INFO - Sync 1 DAGs
[2024-03-19T09:45:56.051+0000] {logging_mixin.py:188} INFO - [2024-03-19T09:45:56.050+0000] {dag.py:3834} INFO - Setting next_dagrun for tutorial_objectstorage to None, run_after=None
[2024-03-19T09:45:56.149+0000] {processor.py:183} INFO - Processing /home/airflow/.local/lib/python3.8/site-packages/airflow/example_dags/tutorial_objectstorage.py took 0.767 seconds
[2024-03-19T09:46:26.384+0000] {processor.py:161} INFO - Started process (PID=22989) to work on /home/airflow/.local/lib/python3.8/site-packages/airflow/example_dags/tutorial_objectstorage.py
[2024-03-19T09:46:26.387+0000] {processor.py:830} INFO - Processing file /home/airflow/.local/lib/python3.8/site-packages/airflow/example_dags/tutorial_objectstorage.py for tasks to queue
[2024-03-19T09:46:26.391+0000] {logging_mixin.py:188} INFO - [2024-03-19T09:46:26.390+0000] {dagbag.py:540} INFO - Filling up the DagBag from /home/airflow/.local/lib/python3.8/site-packages/airflow/example_dags/tutorial_objectstorage.py
[2024-03-19T09:46:26.414+0000] {processor.py:840} INFO - DAG(s) 'tutorial_objectstorage' retrieved from /home/airflow/.local/lib/python3.8/site-packages/airflow/example_dags/tutorial_objectstorage.py
[2024-03-19T09:46:26.460+0000] {logging_mixin.py:188} INFO - [2024-03-19T09:46:26.460+0000] {dag.py:3047} INFO - Sync 1 DAGs
[2024-03-19T09:46:26.485+0000] {logging_mixin.py:188} INFO - [2024-03-19T09:46:26.485+0000] {dag.py:3834} INFO - Setting next_dagrun for tutorial_objectstorage to None, run_after=None
[2024-03-19T09:46:26.525+0000] {processor.py:183} INFO - Processing /home/airflow/.local/lib/python3.8/site-packages/airflow/example_dags/tutorial_objectstorage.py took 0.148 seconds
[2024-03-19T09:46:56.875+0000] {processor.py:161} INFO - Started process (PID=23044) to work on /home/airflow/.local/lib/python3.8/site-packages/airflow/example_dags/tutorial_objectstorage.py
[2024-03-19T09:46:56.877+0000] {processor.py:830} INFO - Processing file /home/airflow/.local/lib/python3.8/site-packages/airflow/example_dags/tutorial_objectstorage.py for tasks to queue
[2024-03-19T09:46:56.879+0000] {logging_mixin.py:188} INFO - [2024-03-19T09:46:56.879+0000] {dagbag.py:540} INFO - Filling up the DagBag from /home/airflow/.local/lib/python3.8/site-packages/airflow/example_dags/tutorial_objectstorage.py
[2024-03-19T09:46:56.889+0000] {processor.py:840} INFO - DAG(s) 'tutorial_objectstorage' retrieved from /home/airflow/.local/lib/python3.8/site-packages/airflow/example_dags/tutorial_objectstorage.py
[2024-03-19T09:46:56.929+0000] {logging_mixin.py:188} INFO - [2024-03-19T09:46:56.929+0000] {dag.py:3047} INFO - Sync 1 DAGs
[2024-03-19T09:46:56.949+0000] {logging_mixin.py:188} INFO - [2024-03-19T09:46:56.948+0000] {dag.py:3834} INFO - Setting next_dagrun for tutorial_objectstorage to None, run_after=None
[2024-03-19T09:46:56.985+0000] {processor.py:183} INFO - Processing /home/airflow/.local/lib/python3.8/site-packages/airflow/example_dags/tutorial_objectstorage.py took 0.116 seconds
[2024-03-19T09:47:27.569+0000] {processor.py:161} INFO - Started process (PID=23099) to work on /home/airflow/.local/lib/python3.8/site-packages/airflow/example_dags/tutorial_objectstorage.py
[2024-03-19T09:47:27.575+0000] {processor.py:830} INFO - Processing file /home/airflow/.local/lib/python3.8/site-packages/airflow/example_dags/tutorial_objectstorage.py for tasks to queue
[2024-03-19T09:47:27.578+0000] {logging_mixin.py:188} INFO - [2024-03-19T09:47:27.577+0000] {dagbag.py:540} INFO - Filling up the DagBag from /home/airflow/.local/lib/python3.8/site-packages/airflow/example_dags/tutorial_objectstorage.py
[2024-03-19T09:47:27.604+0000] {processor.py:840} INFO - DAG(s) 'tutorial_objectstorage' retrieved from /home/airflow/.local/lib/python3.8/site-packages/airflow/example_dags/tutorial_objectstorage.py
[2024-03-19T09:47:27.657+0000] {logging_mixin.py:188} INFO - [2024-03-19T09:47:27.656+0000] {dag.py:3047} INFO - Sync 1 DAGs
[2024-03-19T09:47:27.688+0000] {logging_mixin.py:188} INFO - [2024-03-19T09:47:27.687+0000] {dag.py:3834} INFO - Setting next_dagrun for tutorial_objectstorage to None, run_after=None
[2024-03-19T09:47:27.730+0000] {processor.py:183} INFO - Processing /home/airflow/.local/lib/python3.8/site-packages/airflow/example_dags/tutorial_objectstorage.py took 0.171 seconds
[2024-03-19T09:47:58.334+0000] {processor.py:161} INFO - Started process (PID=23154) to work on /home/airflow/.local/lib/python3.8/site-packages/airflow/example_dags/tutorial_objectstorage.py
[2024-03-19T09:47:58.337+0000] {processor.py:830} INFO - Processing file /home/airflow/.local/lib/python3.8/site-packages/airflow/example_dags/tutorial_objectstorage.py for tasks to queue
[2024-03-19T09:47:58.340+0000] {logging_mixin.py:188} INFO - [2024-03-19T09:47:58.339+0000] {dagbag.py:540} INFO - Filling up the DagBag from /home/airflow/.local/lib/python3.8/site-packages/airflow/example_dags/tutorial_objectstorage.py
[2024-03-19T09:47:58.356+0000] {processor.py:840} INFO - DAG(s) 'tutorial_objectstorage' retrieved from /home/airflow/.local/lib/python3.8/site-packages/airflow/example_dags/tutorial_objectstorage.py
[2024-03-19T09:47:58.397+0000] {logging_mixin.py:188} INFO - [2024-03-19T09:47:58.396+0000] {dag.py:3047} INFO - Sync 1 DAGs
[2024-03-19T09:47:58.421+0000] {logging_mixin.py:188} INFO - [2024-03-19T09:47:58.421+0000] {dag.py:3834} INFO - Setting next_dagrun for tutorial_objectstorage to None, run_after=None
[2024-03-19T09:47:58.456+0000] {processor.py:183} INFO - Processing /home/airflow/.local/lib/python3.8/site-packages/airflow/example_dags/tutorial_objectstorage.py took 0.128 seconds
[2024-03-19T09:48:28.709+0000] {processor.py:161} INFO - Started process (PID=23207) to work on /home/airflow/.local/lib/python3.8/site-packages/airflow/example_dags/tutorial_objectstorage.py
[2024-03-19T09:48:28.712+0000] {processor.py:830} INFO - Processing file /home/airflow/.local/lib/python3.8/site-packages/airflow/example_dags/tutorial_objectstorage.py for tasks to queue
[2024-03-19T09:48:28.714+0000] {logging_mixin.py:188} INFO - [2024-03-19T09:48:28.714+0000] {dagbag.py:540} INFO - Filling up the DagBag from /home/airflow/.local/lib/python3.8/site-packages/airflow/example_dags/tutorial_objectstorage.py
[2024-03-19T09:48:28.725+0000] {processor.py:840} INFO - DAG(s) 'tutorial_objectstorage' retrieved from /home/airflow/.local/lib/python3.8/site-packages/airflow/example_dags/tutorial_objectstorage.py
[2024-03-19T09:48:28.754+0000] {logging_mixin.py:188} INFO - [2024-03-19T09:48:28.754+0000] {dag.py:3047} INFO - Sync 1 DAGs
[2024-03-19T09:48:28.771+0000] {logging_mixin.py:188} INFO - [2024-03-19T09:48:28.771+0000] {dag.py:3834} INFO - Setting next_dagrun for tutorial_objectstorage to None, run_after=None
[2024-03-19T09:48:28.800+0000] {processor.py:183} INFO - Processing /home/airflow/.local/lib/python3.8/site-packages/airflow/example_dags/tutorial_objectstorage.py took 0.096 seconds
[2024-03-19T09:49:03.709+0000] {processor.py:161} INFO - Started process (PID=23262) to work on /home/airflow/.local/lib/python3.8/site-packages/airflow/example_dags/tutorial_objectstorage.py
[2024-03-19T09:49:03.712+0000] {processor.py:830} INFO - Processing file /home/airflow/.local/lib/python3.8/site-packages/airflow/example_dags/tutorial_objectstorage.py for tasks to queue
[2024-03-19T09:49:03.716+0000] {logging_mixin.py:188} INFO - [2024-03-19T09:49:03.713+0000] {dagbag.py:540} INFO - Filling up the DagBag from /home/airflow/.local/lib/python3.8/site-packages/airflow/example_dags/tutorial_objectstorage.py
[2024-03-19T09:49:03.735+0000] {processor.py:840} INFO - DAG(s) 'tutorial_objectstorage' retrieved from /home/airflow/.local/lib/python3.8/site-packages/airflow/example_dags/tutorial_objectstorage.py
[2024-03-19T09:49:03.774+0000] {logging_mixin.py:188} INFO - [2024-03-19T09:49:03.774+0000] {dag.py:3047} INFO - Sync 1 DAGs
[2024-03-19T09:49:03.802+0000] {logging_mixin.py:188} INFO - [2024-03-19T09:49:03.801+0000] {dag.py:3834} INFO - Setting next_dagrun for tutorial_objectstorage to None, run_after=None
[2024-03-19T09:49:03.837+0000] {processor.py:183} INFO - Processing /home/airflow/.local/lib/python3.8/site-packages/airflow/example_dags/tutorial_objectstorage.py took 0.134 seconds
[2024-03-19T09:49:34.372+0000] {processor.py:161} INFO - Started process (PID=23315) to work on /home/airflow/.local/lib/python3.8/site-packages/airflow/example_dags/tutorial_objectstorage.py
[2024-03-19T09:49:34.374+0000] {processor.py:830} INFO - Processing file /home/airflow/.local/lib/python3.8/site-packages/airflow/example_dags/tutorial_objectstorage.py for tasks to queue
[2024-03-19T09:49:34.376+0000] {logging_mixin.py:188} INFO - [2024-03-19T09:49:34.375+0000] {dagbag.py:540} INFO - Filling up the DagBag from /home/airflow/.local/lib/python3.8/site-packages/airflow/example_dags/tutorial_objectstorage.py
[2024-03-19T09:49:34.386+0000] {processor.py:840} INFO - DAG(s) 'tutorial_objectstorage' retrieved from /home/airflow/.local/lib/python3.8/site-packages/airflow/example_dags/tutorial_objectstorage.py
[2024-03-19T09:49:34.419+0000] {logging_mixin.py:188} INFO - [2024-03-19T09:49:34.419+0000] {dag.py:3047} INFO - Sync 1 DAGs
[2024-03-19T09:49:34.437+0000] {logging_mixin.py:188} INFO - [2024-03-19T09:49:34.437+0000] {dag.py:3834} INFO - Setting next_dagrun for tutorial_objectstorage to None, run_after=None
[2024-03-19T09:49:34.463+0000] {processor.py:183} INFO - Processing /home/airflow/.local/lib/python3.8/site-packages/airflow/example_dags/tutorial_objectstorage.py took 0.096 seconds
[2024-03-19T09:50:04.558+0000] {processor.py:161} INFO - Started process (PID=23364) to work on /home/airflow/.local/lib/python3.8/site-packages/airflow/example_dags/tutorial_objectstorage.py
[2024-03-19T09:50:04.560+0000] {processor.py:830} INFO - Processing file /home/airflow/.local/lib/python3.8/site-packages/airflow/example_dags/tutorial_objectstorage.py for tasks to queue
[2024-03-19T09:50:04.563+0000] {logging_mixin.py:188} INFO - [2024-03-19T09:50:04.562+0000] {dagbag.py:540} INFO - Filling up the DagBag from /home/airflow/.local/lib/python3.8/site-packages/airflow/example_dags/tutorial_objectstorage.py
[2024-03-19T09:50:04.575+0000] {processor.py:840} INFO - DAG(s) 'tutorial_objectstorage' retrieved from /home/airflow/.local/lib/python3.8/site-packages/airflow/example_dags/tutorial_objectstorage.py
[2024-03-19T09:50:04.621+0000] {logging_mixin.py:188} INFO - [2024-03-19T09:50:04.621+0000] {dag.py:3047} INFO - Sync 1 DAGs
[2024-03-19T09:50:04.643+0000] {logging_mixin.py:188} INFO - [2024-03-19T09:50:04.643+0000] {dag.py:3834} INFO - Setting next_dagrun for tutorial_objectstorage to None, run_after=None
[2024-03-19T09:50:04.675+0000] {processor.py:183} INFO - Processing /home/airflow/.local/lib/python3.8/site-packages/airflow/example_dags/tutorial_objectstorage.py took 0.122 seconds
[2024-03-19T09:50:35.335+0000] {processor.py:161} INFO - Started process (PID=23419) to work on /home/airflow/.local/lib/python3.8/site-packages/airflow/example_dags/tutorial_objectstorage.py
[2024-03-19T09:50:35.364+0000] {processor.py:830} INFO - Processing file /home/airflow/.local/lib/python3.8/site-packages/airflow/example_dags/tutorial_objectstorage.py for tasks to queue
[2024-03-19T09:50:35.377+0000] {logging_mixin.py:188} INFO - [2024-03-19T09:50:35.376+0000] {dagbag.py:540} INFO - Filling up the DagBag from /home/airflow/.local/lib/python3.8/site-packages/airflow/example_dags/tutorial_objectstorage.py
[2024-03-19T09:50:35.470+0000] {processor.py:840} INFO - DAG(s) 'tutorial_objectstorage' retrieved from /home/airflow/.local/lib/python3.8/site-packages/airflow/example_dags/tutorial_objectstorage.py
[2024-03-19T09:50:35.708+0000] {logging_mixin.py:188} INFO - [2024-03-19T09:50:35.707+0000] {dag.py:3047} INFO - Sync 1 DAGs
[2024-03-19T09:50:35.772+0000] {logging_mixin.py:188} INFO - [2024-03-19T09:50:35.771+0000] {dag.py:3834} INFO - Setting next_dagrun for tutorial_objectstorage to None, run_after=None
[2024-03-19T09:50:35.853+0000] {processor.py:183} INFO - Processing /home/airflow/.local/lib/python3.8/site-packages/airflow/example_dags/tutorial_objectstorage.py took 0.526 seconds
[2024-03-19T09:51:07.924+0000] {processor.py:161} INFO - Started process (PID=23473) to work on /home/airflow/.local/lib/python3.8/site-packages/airflow/example_dags/tutorial_objectstorage.py
[2024-03-19T09:51:07.928+0000] {processor.py:830} INFO - Processing file /home/airflow/.local/lib/python3.8/site-packages/airflow/example_dags/tutorial_objectstorage.py for tasks to queue
[2024-03-19T09:51:07.931+0000] {logging_mixin.py:188} INFO - [2024-03-19T09:51:07.930+0000] {dagbag.py:540} INFO - Filling up the DagBag from /home/airflow/.local/lib/python3.8/site-packages/airflow/example_dags/tutorial_objectstorage.py
[2024-03-19T09:51:07.959+0000] {processor.py:840} INFO - DAG(s) 'tutorial_objectstorage' retrieved from /home/airflow/.local/lib/python3.8/site-packages/airflow/example_dags/tutorial_objectstorage.py
[2024-03-19T09:51:08.021+0000] {logging_mixin.py:188} INFO - [2024-03-19T09:51:08.020+0000] {dag.py:3047} INFO - Sync 1 DAGs
[2024-03-19T09:51:08.059+0000] {logging_mixin.py:188} INFO - [2024-03-19T09:51:08.058+0000] {dag.py:3834} INFO - Setting next_dagrun for tutorial_objectstorage to None, run_after=None
[2024-03-19T09:51:08.110+0000] {processor.py:183} INFO - Processing /home/airflow/.local/lib/python3.8/site-packages/airflow/example_dags/tutorial_objectstorage.py took 0.201 seconds
[2024-03-19T09:51:38.234+0000] {processor.py:161} INFO - Started process (PID=23527) to work on /home/airflow/.local/lib/python3.8/site-packages/airflow/example_dags/tutorial_objectstorage.py
[2024-03-19T09:51:38.236+0000] {processor.py:830} INFO - Processing file /home/airflow/.local/lib/python3.8/site-packages/airflow/example_dags/tutorial_objectstorage.py for tasks to queue
[2024-03-19T09:51:38.237+0000] {logging_mixin.py:188} INFO - [2024-03-19T09:51:38.237+0000] {dagbag.py:540} INFO - Filling up the DagBag from /home/airflow/.local/lib/python3.8/site-packages/airflow/example_dags/tutorial_objectstorage.py
[2024-03-19T09:51:38.250+0000] {processor.py:840} INFO - DAG(s) 'tutorial_objectstorage' retrieved from /home/airflow/.local/lib/python3.8/site-packages/airflow/example_dags/tutorial_objectstorage.py
[2024-03-19T09:51:38.281+0000] {logging_mixin.py:188} INFO - [2024-03-19T09:51:38.280+0000] {dag.py:3047} INFO - Sync 1 DAGs
[2024-03-19T09:51:38.298+0000] {logging_mixin.py:188} INFO - [2024-03-19T09:51:38.298+0000] {dag.py:3834} INFO - Setting next_dagrun for tutorial_objectstorage to None, run_after=None
[2024-03-19T09:51:38.328+0000] {processor.py:183} INFO - Processing /home/airflow/.local/lib/python3.8/site-packages/airflow/example_dags/tutorial_objectstorage.py took 0.098 seconds
[2024-03-19T09:52:08.928+0000] {processor.py:161} INFO - Started process (PID=23582) to work on /home/airflow/.local/lib/python3.8/site-packages/airflow/example_dags/tutorial_objectstorage.py
[2024-03-19T09:52:08.933+0000] {processor.py:830} INFO - Processing file /home/airflow/.local/lib/python3.8/site-packages/airflow/example_dags/tutorial_objectstorage.py for tasks to queue
[2024-03-19T09:52:08.936+0000] {logging_mixin.py:188} INFO - [2024-03-19T09:52:08.935+0000] {dagbag.py:540} INFO - Filling up the DagBag from /home/airflow/.local/lib/python3.8/site-packages/airflow/example_dags/tutorial_objectstorage.py
[2024-03-19T09:52:08.958+0000] {processor.py:840} INFO - DAG(s) 'tutorial_objectstorage' retrieved from /home/airflow/.local/lib/python3.8/site-packages/airflow/example_dags/tutorial_objectstorage.py
[2024-03-19T09:52:09.032+0000] {logging_mixin.py:188} INFO - [2024-03-19T09:52:09.031+0000] {dag.py:3047} INFO - Sync 1 DAGs
[2024-03-19T09:52:09.130+0000] {logging_mixin.py:188} INFO - [2024-03-19T09:52:09.130+0000] {dag.py:3834} INFO - Setting next_dagrun for tutorial_objectstorage to None, run_after=None
[2024-03-19T09:52:09.193+0000] {processor.py:183} INFO - Processing /home/airflow/.local/lib/python3.8/site-packages/airflow/example_dags/tutorial_objectstorage.py took 0.279 seconds
[2024-03-19T09:52:42.665+0000] {processor.py:161} INFO - Started process (PID=23634) to work on /home/airflow/.local/lib/python3.8/site-packages/airflow/example_dags/tutorial_objectstorage.py
[2024-03-19T09:52:42.667+0000] {processor.py:830} INFO - Processing file /home/airflow/.local/lib/python3.8/site-packages/airflow/example_dags/tutorial_objectstorage.py for tasks to queue
[2024-03-19T09:52:42.669+0000] {logging_mixin.py:188} INFO - [2024-03-19T09:52:42.668+0000] {dagbag.py:540} INFO - Filling up the DagBag from /home/airflow/.local/lib/python3.8/site-packages/airflow/example_dags/tutorial_objectstorage.py
[2024-03-19T09:52:42.690+0000] {processor.py:840} INFO - DAG(s) 'tutorial_objectstorage' retrieved from /home/airflow/.local/lib/python3.8/site-packages/airflow/example_dags/tutorial_objectstorage.py
[2024-03-19T09:52:42.891+0000] {logging_mixin.py:188} INFO - [2024-03-19T09:52:42.890+0000] {dag.py:3047} INFO - Sync 1 DAGs
[2024-03-19T09:52:43.106+0000] {logging_mixin.py:188} INFO - [2024-03-19T09:52:43.106+0000] {dag.py:3834} INFO - Setting next_dagrun for tutorial_objectstorage to None, run_after=None
[2024-03-19T09:52:43.239+0000] {processor.py:183} INFO - Processing /home/airflow/.local/lib/python3.8/site-packages/airflow/example_dags/tutorial_objectstorage.py took 0.598 seconds
[2024-03-19T09:53:13.720+0000] {processor.py:161} INFO - Started process (PID=23687) to work on /home/airflow/.local/lib/python3.8/site-packages/airflow/example_dags/tutorial_objectstorage.py
[2024-03-19T09:53:13.723+0000] {processor.py:830} INFO - Processing file /home/airflow/.local/lib/python3.8/site-packages/airflow/example_dags/tutorial_objectstorage.py for tasks to queue
[2024-03-19T09:53:13.725+0000] {logging_mixin.py:188} INFO - [2024-03-19T09:53:13.724+0000] {dagbag.py:540} INFO - Filling up the DagBag from /home/airflow/.local/lib/python3.8/site-packages/airflow/example_dags/tutorial_objectstorage.py
[2024-03-19T09:53:13.738+0000] {processor.py:840} INFO - DAG(s) 'tutorial_objectstorage' retrieved from /home/airflow/.local/lib/python3.8/site-packages/airflow/example_dags/tutorial_objectstorage.py
[2024-03-19T09:53:13.771+0000] {logging_mixin.py:188} INFO - [2024-03-19T09:53:13.770+0000] {dag.py:3047} INFO - Sync 1 DAGs
[2024-03-19T09:53:13.789+0000] {logging_mixin.py:188} INFO - [2024-03-19T09:53:13.788+0000] {dag.py:3834} INFO - Setting next_dagrun for tutorial_objectstorage to None, run_after=None
[2024-03-19T09:53:13.821+0000] {processor.py:183} INFO - Processing /home/airflow/.local/lib/python3.8/site-packages/airflow/example_dags/tutorial_objectstorage.py took 0.105 seconds
[2024-03-19T09:53:43.977+0000] {processor.py:161} INFO - Started process (PID=23742) to work on /home/airflow/.local/lib/python3.8/site-packages/airflow/example_dags/tutorial_objectstorage.py
[2024-03-19T09:53:43.980+0000] {processor.py:830} INFO - Processing file /home/airflow/.local/lib/python3.8/site-packages/airflow/example_dags/tutorial_objectstorage.py for tasks to queue
[2024-03-19T09:53:43.985+0000] {logging_mixin.py:188} INFO - [2024-03-19T09:53:43.983+0000] {dagbag.py:540} INFO - Filling up the DagBag from /home/airflow/.local/lib/python3.8/site-packages/airflow/example_dags/tutorial_objectstorage.py
[2024-03-19T09:53:43.998+0000] {processor.py:840} INFO - DAG(s) 'tutorial_objectstorage' retrieved from /home/airflow/.local/lib/python3.8/site-packages/airflow/example_dags/tutorial_objectstorage.py
[2024-03-19T09:53:44.040+0000] {logging_mixin.py:188} INFO - [2024-03-19T09:53:44.040+0000] {dag.py:3047} INFO - Sync 1 DAGs
[2024-03-19T09:53:44.061+0000] {logging_mixin.py:188} INFO - [2024-03-19T09:53:44.060+0000] {dag.py:3834} INFO - Setting next_dagrun for tutorial_objectstorage to None, run_after=None
[2024-03-19T09:53:44.092+0000] {processor.py:183} INFO - Processing /home/airflow/.local/lib/python3.8/site-packages/airflow/example_dags/tutorial_objectstorage.py took 0.120 seconds
[2024-03-19T09:54:14.182+0000] {processor.py:161} INFO - Started process (PID=23798) to work on /home/airflow/.local/lib/python3.8/site-packages/airflow/example_dags/tutorial_objectstorage.py
[2024-03-19T09:54:14.184+0000] {processor.py:830} INFO - Processing file /home/airflow/.local/lib/python3.8/site-packages/airflow/example_dags/tutorial_objectstorage.py for tasks to queue
[2024-03-19T09:54:14.185+0000] {logging_mixin.py:188} INFO - [2024-03-19T09:54:14.185+0000] {dagbag.py:540} INFO - Filling up the DagBag from /home/airflow/.local/lib/python3.8/site-packages/airflow/example_dags/tutorial_objectstorage.py
[2024-03-19T09:54:14.195+0000] {processor.py:840} INFO - DAG(s) 'tutorial_objectstorage' retrieved from /home/airflow/.local/lib/python3.8/site-packages/airflow/example_dags/tutorial_objectstorage.py
[2024-03-19T09:54:14.222+0000] {logging_mixin.py:188} INFO - [2024-03-19T09:54:14.222+0000] {dag.py:3047} INFO - Sync 1 DAGs
[2024-03-19T09:54:14.239+0000] {logging_mixin.py:188} INFO - [2024-03-19T09:54:14.239+0000] {dag.py:3834} INFO - Setting next_dagrun for tutorial_objectstorage to None, run_after=None
[2024-03-19T09:54:14.266+0000] {processor.py:183} INFO - Processing /home/airflow/.local/lib/python3.8/site-packages/airflow/example_dags/tutorial_objectstorage.py took 0.089 seconds
[2024-03-19T09:54:44.491+0000] {processor.py:161} INFO - Started process (PID=23853) to work on /home/airflow/.local/lib/python3.8/site-packages/airflow/example_dags/tutorial_objectstorage.py
[2024-03-19T09:54:44.493+0000] {processor.py:830} INFO - Processing file /home/airflow/.local/lib/python3.8/site-packages/airflow/example_dags/tutorial_objectstorage.py for tasks to queue
[2024-03-19T09:54:44.494+0000] {logging_mixin.py:188} INFO - [2024-03-19T09:54:44.494+0000] {dagbag.py:540} INFO - Filling up the DagBag from /home/airflow/.local/lib/python3.8/site-packages/airflow/example_dags/tutorial_objectstorage.py
[2024-03-19T09:54:44.504+0000] {processor.py:840} INFO - DAG(s) 'tutorial_objectstorage' retrieved from /home/airflow/.local/lib/python3.8/site-packages/airflow/example_dags/tutorial_objectstorage.py
[2024-03-19T09:54:44.529+0000] {logging_mixin.py:188} INFO - [2024-03-19T09:54:44.529+0000] {dag.py:3047} INFO - Sync 1 DAGs
[2024-03-19T09:54:44.546+0000] {logging_mixin.py:188} INFO - [2024-03-19T09:54:44.546+0000] {dag.py:3834} INFO - Setting next_dagrun for tutorial_objectstorage to None, run_after=None
[2024-03-19T09:54:44.572+0000] {processor.py:183} INFO - Processing /home/airflow/.local/lib/python3.8/site-packages/airflow/example_dags/tutorial_objectstorage.py took 0.085 seconds
[2024-03-19T09:55:15.138+0000] {processor.py:161} INFO - Started process (PID=23908) to work on /home/airflow/.local/lib/python3.8/site-packages/airflow/example_dags/tutorial_objectstorage.py
[2024-03-19T09:55:15.140+0000] {processor.py:830} INFO - Processing file /home/airflow/.local/lib/python3.8/site-packages/airflow/example_dags/tutorial_objectstorage.py for tasks to queue
[2024-03-19T09:55:15.143+0000] {logging_mixin.py:188} INFO - [2024-03-19T09:55:15.142+0000] {dagbag.py:540} INFO - Filling up the DagBag from /home/airflow/.local/lib/python3.8/site-packages/airflow/example_dags/tutorial_objectstorage.py
[2024-03-19T09:55:15.159+0000] {processor.py:840} INFO - DAG(s) 'tutorial_objectstorage' retrieved from /home/airflow/.local/lib/python3.8/site-packages/airflow/example_dags/tutorial_objectstorage.py
[2024-03-19T09:55:15.193+0000] {logging_mixin.py:188} INFO - [2024-03-19T09:55:15.192+0000] {dag.py:3047} INFO - Sync 1 DAGs
[2024-03-19T09:55:15.212+0000] {logging_mixin.py:188} INFO - [2024-03-19T09:55:15.211+0000] {dag.py:3834} INFO - Setting next_dagrun for tutorial_objectstorage to None, run_after=None
[2024-03-19T09:55:15.247+0000] {processor.py:183} INFO - Processing /home/airflow/.local/lib/python3.8/site-packages/airflow/example_dags/tutorial_objectstorage.py took 0.113 seconds
[2024-03-19T09:55:45.629+0000] {processor.py:161} INFO - Started process (PID=23963) to work on /home/airflow/.local/lib/python3.8/site-packages/airflow/example_dags/tutorial_objectstorage.py
[2024-03-19T09:55:45.636+0000] {processor.py:830} INFO - Processing file /home/airflow/.local/lib/python3.8/site-packages/airflow/example_dags/tutorial_objectstorage.py for tasks to queue
[2024-03-19T09:55:45.641+0000] {logging_mixin.py:188} INFO - [2024-03-19T09:55:45.640+0000] {dagbag.py:540} INFO - Filling up the DagBag from /home/airflow/.local/lib/python3.8/site-packages/airflow/example_dags/tutorial_objectstorage.py
[2024-03-19T09:55:45.676+0000] {processor.py:840} INFO - DAG(s) 'tutorial_objectstorage' retrieved from /home/airflow/.local/lib/python3.8/site-packages/airflow/example_dags/tutorial_objectstorage.py
[2024-03-19T09:55:45.730+0000] {logging_mixin.py:188} INFO - [2024-03-19T09:55:45.730+0000] {dag.py:3047} INFO - Sync 1 DAGs
[2024-03-19T09:55:45.765+0000] {logging_mixin.py:188} INFO - [2024-03-19T09:55:45.763+0000] {dag.py:3834} INFO - Setting next_dagrun for tutorial_objectstorage to None, run_after=None
[2024-03-19T09:55:45.810+0000] {processor.py:183} INFO - Processing /home/airflow/.local/lib/python3.8/site-packages/airflow/example_dags/tutorial_objectstorage.py took 0.193 seconds
[2024-03-19T09:56:15.888+0000] {processor.py:161} INFO - Started process (PID=24018) to work on /home/airflow/.local/lib/python3.8/site-packages/airflow/example_dags/tutorial_objectstorage.py
[2024-03-19T09:56:15.891+0000] {processor.py:830} INFO - Processing file /home/airflow/.local/lib/python3.8/site-packages/airflow/example_dags/tutorial_objectstorage.py for tasks to queue
[2024-03-19T09:56:15.893+0000] {logging_mixin.py:188} INFO - [2024-03-19T09:56:15.892+0000] {dagbag.py:540} INFO - Filling up the DagBag from /home/airflow/.local/lib/python3.8/site-packages/airflow/example_dags/tutorial_objectstorage.py
[2024-03-19T09:56:15.904+0000] {processor.py:840} INFO - DAG(s) 'tutorial_objectstorage' retrieved from /home/airflow/.local/lib/python3.8/site-packages/airflow/example_dags/tutorial_objectstorage.py
[2024-03-19T09:56:15.954+0000] {logging_mixin.py:188} INFO - [2024-03-19T09:56:15.953+0000] {dag.py:3047} INFO - Sync 1 DAGs
[2024-03-19T09:56:15.974+0000] {logging_mixin.py:188} INFO - [2024-03-19T09:56:15.974+0000] {dag.py:3834} INFO - Setting next_dagrun for tutorial_objectstorage to None, run_after=None
[2024-03-19T09:56:16.002+0000] {processor.py:183} INFO - Processing /home/airflow/.local/lib/python3.8/site-packages/airflow/example_dags/tutorial_objectstorage.py took 0.119 seconds
[2024-03-19T09:56:46.347+0000] {processor.py:161} INFO - Started process (PID=24073) to work on /home/airflow/.local/lib/python3.8/site-packages/airflow/example_dags/tutorial_objectstorage.py
[2024-03-19T09:56:46.349+0000] {processor.py:830} INFO - Processing file /home/airflow/.local/lib/python3.8/site-packages/airflow/example_dags/tutorial_objectstorage.py for tasks to queue
[2024-03-19T09:56:46.350+0000] {logging_mixin.py:188} INFO - [2024-03-19T09:56:46.350+0000] {dagbag.py:540} INFO - Filling up the DagBag from /home/airflow/.local/lib/python3.8/site-packages/airflow/example_dags/tutorial_objectstorage.py
[2024-03-19T09:56:46.360+0000] {processor.py:840} INFO - DAG(s) 'tutorial_objectstorage' retrieved from /home/airflow/.local/lib/python3.8/site-packages/airflow/example_dags/tutorial_objectstorage.py
[2024-03-19T09:56:46.387+0000] {logging_mixin.py:188} INFO - [2024-03-19T09:56:46.386+0000] {dag.py:3047} INFO - Sync 1 DAGs
[2024-03-19T09:56:46.402+0000] {logging_mixin.py:188} INFO - [2024-03-19T09:56:46.402+0000] {dag.py:3834} INFO - Setting next_dagrun for tutorial_objectstorage to None, run_after=None
[2024-03-19T09:56:46.428+0000] {processor.py:183} INFO - Processing /home/airflow/.local/lib/python3.8/site-packages/airflow/example_dags/tutorial_objectstorage.py took 0.085 seconds
[2024-03-19T09:57:17.261+0000] {processor.py:161} INFO - Started process (PID=24125) to work on /home/airflow/.local/lib/python3.8/site-packages/airflow/example_dags/tutorial_objectstorage.py
[2024-03-19T09:57:17.264+0000] {processor.py:830} INFO - Processing file /home/airflow/.local/lib/python3.8/site-packages/airflow/example_dags/tutorial_objectstorage.py for tasks to queue
[2024-03-19T09:57:17.268+0000] {logging_mixin.py:188} INFO - [2024-03-19T09:57:17.266+0000] {dagbag.py:540} INFO - Filling up the DagBag from /home/airflow/.local/lib/python3.8/site-packages/airflow/example_dags/tutorial_objectstorage.py
[2024-03-19T09:57:17.416+0000] {processor.py:840} INFO - DAG(s) 'tutorial_objectstorage' retrieved from /home/airflow/.local/lib/python3.8/site-packages/airflow/example_dags/tutorial_objectstorage.py
[2024-03-19T09:57:17.548+0000] {logging_mixin.py:188} INFO - [2024-03-19T09:57:17.548+0000] {dag.py:3047} INFO - Sync 1 DAGs
[2024-03-19T09:57:17.618+0000] {logging_mixin.py:188} INFO - [2024-03-19T09:57:17.612+0000] {dag.py:3834} INFO - Setting next_dagrun for tutorial_objectstorage to None, run_after=None
[2024-03-19T09:57:17.692+0000] {processor.py:183} INFO - Processing /home/airflow/.local/lib/python3.8/site-packages/airflow/example_dags/tutorial_objectstorage.py took 0.445 seconds
