[2024-03-19T09:44:27.931+0000] {processor.py:161} INFO - Started process (PID=22790) to work on /home/airflow/.local/lib/python3.8/site-packages/airflow/example_dags/tutorial_dag.py
[2024-03-19T09:44:27.945+0000] {processor.py:830} INFO - Processing file /home/airflow/.local/lib/python3.8/site-packages/airflow/example_dags/tutorial_dag.py for tasks to queue
[2024-03-19T09:44:27.948+0000] {logging_mixin.py:188} INFO - [2024-03-19T09:44:27.947+0000] {dagbag.py:540} INFO - Filling up the DagBag from /home/airflow/.local/lib/python3.8/site-packages/airflow/example_dags/tutorial_dag.py
[2024-03-19T09:44:27.970+0000] {processor.py:840} INFO - DAG(s) 'tutorial_dag' retrieved from /home/airflow/.local/lib/python3.8/site-packages/airflow/example_dags/tutorial_dag.py
[2024-03-19T09:44:28.157+0000] {logging_mixin.py:188} INFO - [2024-03-19T09:44:28.156+0000] {dag.py:3047} INFO - Sync 1 DAGs
[2024-03-19T09:44:28.203+0000] {logging_mixin.py:188} INFO - [2024-03-19T09:44:28.202+0000] {dag.py:3834} INFO - Setting next_dagrun for tutorial_dag to None, run_after=None
[2024-03-19T09:44:28.281+0000] {processor.py:183} INFO - Processing /home/airflow/.local/lib/python3.8/site-packages/airflow/example_dags/tutorial_dag.py took 0.389 seconds
[2024-03-19T09:44:58.721+0000] {processor.py:161} INFO - Started process (PID=22845) to work on /home/airflow/.local/lib/python3.8/site-packages/airflow/example_dags/tutorial_dag.py
[2024-03-19T09:44:58.723+0000] {processor.py:830} INFO - Processing file /home/airflow/.local/lib/python3.8/site-packages/airflow/example_dags/tutorial_dag.py for tasks to queue
[2024-03-19T09:44:58.725+0000] {logging_mixin.py:188} INFO - [2024-03-19T09:44:58.725+0000] {dagbag.py:540} INFO - Filling up the DagBag from /home/airflow/.local/lib/python3.8/site-packages/airflow/example_dags/tutorial_dag.py
[2024-03-19T09:44:58.731+0000] {processor.py:840} INFO - DAG(s) 'tutorial_dag' retrieved from /home/airflow/.local/lib/python3.8/site-packages/airflow/example_dags/tutorial_dag.py
[2024-03-19T09:44:58.757+0000] {logging_mixin.py:188} INFO - [2024-03-19T09:44:58.756+0000] {dag.py:3047} INFO - Sync 1 DAGs
[2024-03-19T09:44:58.773+0000] {logging_mixin.py:188} INFO - [2024-03-19T09:44:58.772+0000] {dag.py:3834} INFO - Setting next_dagrun for tutorial_dag to None, run_after=None
[2024-03-19T09:44:58.798+0000] {processor.py:183} INFO - Processing /home/airflow/.local/lib/python3.8/site-packages/airflow/example_dags/tutorial_dag.py took 0.081 seconds
[2024-03-19T09:45:36.307+0000] {processor.py:161} INFO - Started process (PID=22900) to work on /home/airflow/.local/lib/python3.8/site-packages/airflow/example_dags/tutorial_dag.py
[2024-03-19T09:45:36.314+0000] {processor.py:830} INFO - Processing file /home/airflow/.local/lib/python3.8/site-packages/airflow/example_dags/tutorial_dag.py for tasks to queue
[2024-03-19T09:45:36.322+0000] {logging_mixin.py:188} INFO - [2024-03-19T09:45:36.322+0000] {dagbag.py:540} INFO - Filling up the DagBag from /home/airflow/.local/lib/python3.8/site-packages/airflow/example_dags/tutorial_dag.py
[2024-03-19T09:45:36.411+0000] {processor.py:840} INFO - DAG(s) 'tutorial_dag' retrieved from /home/airflow/.local/lib/python3.8/site-packages/airflow/example_dags/tutorial_dag.py
[2024-03-19T09:45:36.582+0000] {logging_mixin.py:188} INFO - [2024-03-19T09:45:36.577+0000] {dag.py:3047} INFO - Sync 1 DAGs
[2024-03-19T09:45:36.704+0000] {logging_mixin.py:188} INFO - [2024-03-19T09:45:36.703+0000] {dag.py:3834} INFO - Setting next_dagrun for tutorial_dag to None, run_after=None
[2024-03-19T09:45:36.872+0000] {processor.py:183} INFO - Processing /home/airflow/.local/lib/python3.8/site-packages/airflow/example_dags/tutorial_dag.py took 0.593 seconds
[2024-03-19T09:46:13.494+0000] {processor.py:161} INFO - Started process (PID=22955) to work on /home/airflow/.local/lib/python3.8/site-packages/airflow/example_dags/tutorial_dag.py
[2024-03-19T09:46:13.523+0000] {processor.py:830} INFO - Processing file /home/airflow/.local/lib/python3.8/site-packages/airflow/example_dags/tutorial_dag.py for tasks to queue
[2024-03-19T09:46:13.530+0000] {logging_mixin.py:188} INFO - [2024-03-19T09:46:13.529+0000] {dagbag.py:540} INFO - Filling up the DagBag from /home/airflow/.local/lib/python3.8/site-packages/airflow/example_dags/tutorial_dag.py
[2024-03-19T09:46:13.570+0000] {processor.py:840} INFO - DAG(s) 'tutorial_dag' retrieved from /home/airflow/.local/lib/python3.8/site-packages/airflow/example_dags/tutorial_dag.py
[2024-03-19T09:46:13.717+0000] {logging_mixin.py:188} INFO - [2024-03-19T09:46:13.716+0000] {dag.py:3047} INFO - Sync 1 DAGs
[2024-03-19T09:46:13.829+0000] {logging_mixin.py:188} INFO - [2024-03-19T09:46:13.828+0000] {dag.py:3834} INFO - Setting next_dagrun for tutorial_dag to None, run_after=None
[2024-03-19T09:46:13.951+0000] {processor.py:183} INFO - Processing /home/airflow/.local/lib/python3.8/site-packages/airflow/example_dags/tutorial_dag.py took 0.467 seconds
[2024-03-19T09:46:44.507+0000] {processor.py:161} INFO - Started process (PID=23008) to work on /home/airflow/.local/lib/python3.8/site-packages/airflow/example_dags/tutorial_dag.py
[2024-03-19T09:46:44.509+0000] {processor.py:830} INFO - Processing file /home/airflow/.local/lib/python3.8/site-packages/airflow/example_dags/tutorial_dag.py for tasks to queue
[2024-03-19T09:46:44.511+0000] {logging_mixin.py:188} INFO - [2024-03-19T09:46:44.510+0000] {dagbag.py:540} INFO - Filling up the DagBag from /home/airflow/.local/lib/python3.8/site-packages/airflow/example_dags/tutorial_dag.py
[2024-03-19T09:46:44.519+0000] {processor.py:840} INFO - DAG(s) 'tutorial_dag' retrieved from /home/airflow/.local/lib/python3.8/site-packages/airflow/example_dags/tutorial_dag.py
[2024-03-19T09:46:44.547+0000] {logging_mixin.py:188} INFO - [2024-03-19T09:46:44.547+0000] {dag.py:3047} INFO - Sync 1 DAGs
[2024-03-19T09:46:44.564+0000] {logging_mixin.py:188} INFO - [2024-03-19T09:46:44.564+0000] {dag.py:3834} INFO - Setting next_dagrun for tutorial_dag to None, run_after=None
[2024-03-19T09:46:44.593+0000] {processor.py:183} INFO - Processing /home/airflow/.local/lib/python3.8/site-packages/airflow/example_dags/tutorial_dag.py took 0.092 seconds
[2024-03-19T09:47:15.170+0000] {processor.py:161} INFO - Started process (PID=23063) to work on /home/airflow/.local/lib/python3.8/site-packages/airflow/example_dags/tutorial_dag.py
[2024-03-19T09:47:15.183+0000] {processor.py:830} INFO - Processing file /home/airflow/.local/lib/python3.8/site-packages/airflow/example_dags/tutorial_dag.py for tasks to queue
[2024-03-19T09:47:15.198+0000] {logging_mixin.py:188} INFO - [2024-03-19T09:47:15.196+0000] {dagbag.py:540} INFO - Filling up the DagBag from /home/airflow/.local/lib/python3.8/site-packages/airflow/example_dags/tutorial_dag.py
[2024-03-19T09:47:15.220+0000] {processor.py:840} INFO - DAG(s) 'tutorial_dag' retrieved from /home/airflow/.local/lib/python3.8/site-packages/airflow/example_dags/tutorial_dag.py
[2024-03-19T09:47:15.290+0000] {logging_mixin.py:188} INFO - [2024-03-19T09:47:15.289+0000] {dag.py:3047} INFO - Sync 1 DAGs
[2024-03-19T09:47:15.388+0000] {logging_mixin.py:188} INFO - [2024-03-19T09:47:15.361+0000] {dag.py:3834} INFO - Setting next_dagrun for tutorial_dag to None, run_after=None
[2024-03-19T09:47:15.504+0000] {processor.py:183} INFO - Processing /home/airflow/.local/lib/python3.8/site-packages/airflow/example_dags/tutorial_dag.py took 0.354 seconds
[2024-03-19T09:47:45.938+0000] {processor.py:161} INFO - Started process (PID=23112) to work on /home/airflow/.local/lib/python3.8/site-packages/airflow/example_dags/tutorial_dag.py
[2024-03-19T09:47:45.990+0000] {processor.py:830} INFO - Processing file /home/airflow/.local/lib/python3.8/site-packages/airflow/example_dags/tutorial_dag.py for tasks to queue
[2024-03-19T09:47:46.001+0000] {logging_mixin.py:188} INFO - [2024-03-19T09:47:46.001+0000] {dagbag.py:540} INFO - Filling up the DagBag from /home/airflow/.local/lib/python3.8/site-packages/airflow/example_dags/tutorial_dag.py
[2024-03-19T09:47:46.018+0000] {processor.py:840} INFO - DAG(s) 'tutorial_dag' retrieved from /home/airflow/.local/lib/python3.8/site-packages/airflow/example_dags/tutorial_dag.py
[2024-03-19T09:47:46.464+0000] {logging_mixin.py:188} INFO - [2024-03-19T09:47:46.463+0000] {dag.py:3047} INFO - Sync 1 DAGs
[2024-03-19T09:47:46.541+0000] {logging_mixin.py:188} INFO - [2024-03-19T09:47:46.541+0000] {dag.py:3834} INFO - Setting next_dagrun for tutorial_dag to None, run_after=None
[2024-03-19T09:47:46.601+0000] {processor.py:183} INFO - Processing /home/airflow/.local/lib/python3.8/site-packages/airflow/example_dags/tutorial_dag.py took 0.670 seconds
[2024-03-19T09:48:16.955+0000] {processor.py:161} INFO - Started process (PID=23173) to work on /home/airflow/.local/lib/python3.8/site-packages/airflow/example_dags/tutorial_dag.py
[2024-03-19T09:48:16.958+0000] {processor.py:830} INFO - Processing file /home/airflow/.local/lib/python3.8/site-packages/airflow/example_dags/tutorial_dag.py for tasks to queue
[2024-03-19T09:48:16.961+0000] {logging_mixin.py:188} INFO - [2024-03-19T09:48:16.960+0000] {dagbag.py:540} INFO - Filling up the DagBag from /home/airflow/.local/lib/python3.8/site-packages/airflow/example_dags/tutorial_dag.py
[2024-03-19T09:48:16.973+0000] {processor.py:840} INFO - DAG(s) 'tutorial_dag' retrieved from /home/airflow/.local/lib/python3.8/site-packages/airflow/example_dags/tutorial_dag.py
[2024-03-19T09:48:17.010+0000] {logging_mixin.py:188} INFO - [2024-03-19T09:48:17.010+0000] {dag.py:3047} INFO - Sync 1 DAGs
[2024-03-19T09:48:17.035+0000] {logging_mixin.py:188} INFO - [2024-03-19T09:48:17.034+0000] {dag.py:3834} INFO - Setting next_dagrun for tutorial_dag to None, run_after=None
[2024-03-19T09:48:17.071+0000] {processor.py:183} INFO - Processing /home/airflow/.local/lib/python3.8/site-packages/airflow/example_dags/tutorial_dag.py took 0.123 seconds
[2024-03-19T09:48:47.915+0000] {processor.py:161} INFO - Started process (PID=23228) to work on /home/airflow/.local/lib/python3.8/site-packages/airflow/example_dags/tutorial_dag.py
[2024-03-19T09:48:47.917+0000] {processor.py:830} INFO - Processing file /home/airflow/.local/lib/python3.8/site-packages/airflow/example_dags/tutorial_dag.py for tasks to queue
[2024-03-19T09:48:47.918+0000] {logging_mixin.py:188} INFO - [2024-03-19T09:48:47.918+0000] {dagbag.py:540} INFO - Filling up the DagBag from /home/airflow/.local/lib/python3.8/site-packages/airflow/example_dags/tutorial_dag.py
[2024-03-19T09:48:47.926+0000] {processor.py:840} INFO - DAG(s) 'tutorial_dag' retrieved from /home/airflow/.local/lib/python3.8/site-packages/airflow/example_dags/tutorial_dag.py
[2024-03-19T09:48:47.951+0000] {logging_mixin.py:188} INFO - [2024-03-19T09:48:47.950+0000] {dag.py:3047} INFO - Sync 1 DAGs
[2024-03-19T09:48:47.965+0000] {logging_mixin.py:188} INFO - [2024-03-19T09:48:47.964+0000] {dag.py:3834} INFO - Setting next_dagrun for tutorial_dag to None, run_after=None
[2024-03-19T09:48:47.987+0000] {processor.py:183} INFO - Processing /home/airflow/.local/lib/python3.8/site-packages/airflow/example_dags/tutorial_dag.py took 0.077 seconds
[2024-03-19T09:49:18.219+0000] {processor.py:161} INFO - Started process (PID=23283) to work on /home/airflow/.local/lib/python3.8/site-packages/airflow/example_dags/tutorial_dag.py
[2024-03-19T09:49:18.221+0000] {processor.py:830} INFO - Processing file /home/airflow/.local/lib/python3.8/site-packages/airflow/example_dags/tutorial_dag.py for tasks to queue
[2024-03-19T09:49:18.224+0000] {logging_mixin.py:188} INFO - [2024-03-19T09:49:18.223+0000] {dagbag.py:540} INFO - Filling up the DagBag from /home/airflow/.local/lib/python3.8/site-packages/airflow/example_dags/tutorial_dag.py
[2024-03-19T09:49:18.231+0000] {processor.py:840} INFO - DAG(s) 'tutorial_dag' retrieved from /home/airflow/.local/lib/python3.8/site-packages/airflow/example_dags/tutorial_dag.py
[2024-03-19T09:49:18.268+0000] {logging_mixin.py:188} INFO - [2024-03-19T09:49:18.267+0000] {dag.py:3047} INFO - Sync 1 DAGs
[2024-03-19T09:49:18.294+0000] {logging_mixin.py:188} INFO - [2024-03-19T09:49:18.293+0000] {dag.py:3834} INFO - Setting next_dagrun for tutorial_dag to None, run_after=None
[2024-03-19T09:49:18.320+0000] {processor.py:183} INFO - Processing /home/airflow/.local/lib/python3.8/site-packages/airflow/example_dags/tutorial_dag.py took 0.106 seconds
[2024-03-19T09:49:49.016+0000] {processor.py:161} INFO - Started process (PID=23337) to work on /home/airflow/.local/lib/python3.8/site-packages/airflow/example_dags/tutorial_dag.py
[2024-03-19T09:49:49.021+0000] {processor.py:830} INFO - Processing file /home/airflow/.local/lib/python3.8/site-packages/airflow/example_dags/tutorial_dag.py for tasks to queue
[2024-03-19T09:49:49.024+0000] {logging_mixin.py:188} INFO - [2024-03-19T09:49:49.023+0000] {dagbag.py:540} INFO - Filling up the DagBag from /home/airflow/.local/lib/python3.8/site-packages/airflow/example_dags/tutorial_dag.py
[2024-03-19T09:49:49.037+0000] {processor.py:840} INFO - DAG(s) 'tutorial_dag' retrieved from /home/airflow/.local/lib/python3.8/site-packages/airflow/example_dags/tutorial_dag.py
[2024-03-19T09:49:49.082+0000] {logging_mixin.py:188} INFO - [2024-03-19T09:49:49.082+0000] {dag.py:3047} INFO - Sync 1 DAGs
[2024-03-19T09:49:49.105+0000] {logging_mixin.py:188} INFO - [2024-03-19T09:49:49.104+0000] {dag.py:3834} INFO - Setting next_dagrun for tutorial_dag to None, run_after=None
[2024-03-19T09:49:49.153+0000] {processor.py:183} INFO - Processing /home/airflow/.local/lib/python3.8/site-packages/airflow/example_dags/tutorial_dag.py took 0.145 seconds
[2024-03-19T09:50:20.005+0000] {processor.py:161} INFO - Started process (PID=23392) to work on /home/airflow/.local/lib/python3.8/site-packages/airflow/example_dags/tutorial_dag.py
[2024-03-19T09:50:20.016+0000] {processor.py:830} INFO - Processing file /home/airflow/.local/lib/python3.8/site-packages/airflow/example_dags/tutorial_dag.py for tasks to queue
[2024-03-19T09:50:20.022+0000] {logging_mixin.py:188} INFO - [2024-03-19T09:50:20.021+0000] {dagbag.py:540} INFO - Filling up the DagBag from /home/airflow/.local/lib/python3.8/site-packages/airflow/example_dags/tutorial_dag.py
[2024-03-19T09:50:20.049+0000] {processor.py:840} INFO - DAG(s) 'tutorial_dag' retrieved from /home/airflow/.local/lib/python3.8/site-packages/airflow/example_dags/tutorial_dag.py
[2024-03-19T09:50:20.141+0000] {logging_mixin.py:188} INFO - [2024-03-19T09:50:20.141+0000] {dag.py:3047} INFO - Sync 1 DAGs
[2024-03-19T09:50:20.215+0000] {logging_mixin.py:188} INFO - [2024-03-19T09:50:20.207+0000] {dag.py:3834} INFO - Setting next_dagrun for tutorial_dag to None, run_after=None
[2024-03-19T09:50:20.288+0000] {processor.py:183} INFO - Processing /home/airflow/.local/lib/python3.8/site-packages/airflow/example_dags/tutorial_dag.py took 0.290 seconds
[2024-03-19T09:50:53.457+0000] {processor.py:161} INFO - Started process (PID=23447) to work on /home/airflow/.local/lib/python3.8/site-packages/airflow/example_dags/tutorial_dag.py
[2024-03-19T09:50:53.463+0000] {processor.py:830} INFO - Processing file /home/airflow/.local/lib/python3.8/site-packages/airflow/example_dags/tutorial_dag.py for tasks to queue
[2024-03-19T09:50:53.468+0000] {logging_mixin.py:188} INFO - [2024-03-19T09:50:53.467+0000] {dagbag.py:540} INFO - Filling up the DagBag from /home/airflow/.local/lib/python3.8/site-packages/airflow/example_dags/tutorial_dag.py
[2024-03-19T09:50:53.493+0000] {processor.py:840} INFO - DAG(s) 'tutorial_dag' retrieved from /home/airflow/.local/lib/python3.8/site-packages/airflow/example_dags/tutorial_dag.py
[2024-03-19T09:50:53.569+0000] {logging_mixin.py:188} INFO - [2024-03-19T09:50:53.569+0000] {dag.py:3047} INFO - Sync 1 DAGs
[2024-03-19T09:50:53.604+0000] {logging_mixin.py:188} INFO - [2024-03-19T09:50:53.600+0000] {dag.py:3834} INFO - Setting next_dagrun for tutorial_dag to None, run_after=None
[2024-03-19T09:50:53.712+0000] {processor.py:183} INFO - Processing /home/airflow/.local/lib/python3.8/site-packages/airflow/example_dags/tutorial_dag.py took 0.284 seconds
[2024-03-19T09:51:23.937+0000] {processor.py:161} INFO - Started process (PID=23501) to work on /home/airflow/.local/lib/python3.8/site-packages/airflow/example_dags/tutorial_dag.py
[2024-03-19T09:51:23.940+0000] {processor.py:830} INFO - Processing file /home/airflow/.local/lib/python3.8/site-packages/airflow/example_dags/tutorial_dag.py for tasks to queue
[2024-03-19T09:51:23.942+0000] {logging_mixin.py:188} INFO - [2024-03-19T09:51:23.942+0000] {dagbag.py:540} INFO - Filling up the DagBag from /home/airflow/.local/lib/python3.8/site-packages/airflow/example_dags/tutorial_dag.py
[2024-03-19T09:51:23.971+0000] {processor.py:840} INFO - DAG(s) 'tutorial_dag' retrieved from /home/airflow/.local/lib/python3.8/site-packages/airflow/example_dags/tutorial_dag.py
[2024-03-19T09:51:24.019+0000] {logging_mixin.py:188} INFO - [2024-03-19T09:51:24.018+0000] {dag.py:3047} INFO - Sync 1 DAGs
[2024-03-19T09:51:24.073+0000] {logging_mixin.py:188} INFO - [2024-03-19T09:51:24.073+0000] {dag.py:3834} INFO - Setting next_dagrun for tutorial_dag to None, run_after=None
[2024-03-19T09:51:24.113+0000] {processor.py:183} INFO - Processing /home/airflow/.local/lib/python3.8/site-packages/airflow/example_dags/tutorial_dag.py took 0.181 seconds
[2024-03-19T09:51:54.306+0000] {processor.py:161} INFO - Started process (PID=23556) to work on /home/airflow/.local/lib/python3.8/site-packages/airflow/example_dags/tutorial_dag.py
[2024-03-19T09:51:54.308+0000] {processor.py:830} INFO - Processing file /home/airflow/.local/lib/python3.8/site-packages/airflow/example_dags/tutorial_dag.py for tasks to queue
[2024-03-19T09:51:54.310+0000] {logging_mixin.py:188} INFO - [2024-03-19T09:51:54.310+0000] {dagbag.py:540} INFO - Filling up the DagBag from /home/airflow/.local/lib/python3.8/site-packages/airflow/example_dags/tutorial_dag.py
[2024-03-19T09:51:54.326+0000] {processor.py:840} INFO - DAG(s) 'tutorial_dag' retrieved from /home/airflow/.local/lib/python3.8/site-packages/airflow/example_dags/tutorial_dag.py
[2024-03-19T09:51:54.363+0000] {logging_mixin.py:188} INFO - [2024-03-19T09:51:54.363+0000] {dag.py:3047} INFO - Sync 1 DAGs
[2024-03-19T09:51:54.383+0000] {logging_mixin.py:188} INFO - [2024-03-19T09:51:54.383+0000] {dag.py:3834} INFO - Setting next_dagrun for tutorial_dag to None, run_after=None
[2024-03-19T09:51:54.415+0000] {processor.py:183} INFO - Processing /home/airflow/.local/lib/python3.8/site-packages/airflow/example_dags/tutorial_dag.py took 0.116 seconds
[2024-03-19T09:52:24.669+0000] {processor.py:161} INFO - Started process (PID=23611) to work on /home/airflow/.local/lib/python3.8/site-packages/airflow/example_dags/tutorial_dag.py
[2024-03-19T09:52:24.676+0000] {processor.py:830} INFO - Processing file /home/airflow/.local/lib/python3.8/site-packages/airflow/example_dags/tutorial_dag.py for tasks to queue
[2024-03-19T09:52:24.679+0000] {logging_mixin.py:188} INFO - [2024-03-19T09:52:24.678+0000] {dagbag.py:540} INFO - Filling up the DagBag from /home/airflow/.local/lib/python3.8/site-packages/airflow/example_dags/tutorial_dag.py
[2024-03-19T09:52:24.716+0000] {processor.py:840} INFO - DAG(s) 'tutorial_dag' retrieved from /home/airflow/.local/lib/python3.8/site-packages/airflow/example_dags/tutorial_dag.py
[2024-03-19T09:52:24.870+0000] {logging_mixin.py:188} INFO - [2024-03-19T09:52:24.869+0000] {dag.py:3047} INFO - Sync 1 DAGs
[2024-03-19T09:52:24.924+0000] {logging_mixin.py:188} INFO - [2024-03-19T09:52:24.924+0000] {dag.py:3834} INFO - Setting next_dagrun for tutorial_dag to None, run_after=None
[2024-03-19T09:52:24.998+0000] {processor.py:183} INFO - Processing /home/airflow/.local/lib/python3.8/site-packages/airflow/example_dags/tutorial_dag.py took 0.351 seconds
[2024-03-19T09:52:55.093+0000] {processor.py:161} INFO - Started process (PID=23666) to work on /home/airflow/.local/lib/python3.8/site-packages/airflow/example_dags/tutorial_dag.py
[2024-03-19T09:52:55.095+0000] {processor.py:830} INFO - Processing file /home/airflow/.local/lib/python3.8/site-packages/airflow/example_dags/tutorial_dag.py for tasks to queue
[2024-03-19T09:52:55.097+0000] {logging_mixin.py:188} INFO - [2024-03-19T09:52:55.096+0000] {dagbag.py:540} INFO - Filling up the DagBag from /home/airflow/.local/lib/python3.8/site-packages/airflow/example_dags/tutorial_dag.py
[2024-03-19T09:52:55.105+0000] {processor.py:840} INFO - DAG(s) 'tutorial_dag' retrieved from /home/airflow/.local/lib/python3.8/site-packages/airflow/example_dags/tutorial_dag.py
[2024-03-19T09:52:55.136+0000] {logging_mixin.py:188} INFO - [2024-03-19T09:52:55.136+0000] {dag.py:3047} INFO - Sync 1 DAGs
[2024-03-19T09:52:55.158+0000] {logging_mixin.py:188} INFO - [2024-03-19T09:52:55.157+0000] {dag.py:3834} INFO - Setting next_dagrun for tutorial_dag to None, run_after=None
[2024-03-19T09:52:55.195+0000] {processor.py:183} INFO - Processing /home/airflow/.local/lib/python3.8/site-packages/airflow/example_dags/tutorial_dag.py took 0.109 seconds
[2024-03-19T09:53:26.183+0000] {processor.py:161} INFO - Started process (PID=23721) to work on /home/airflow/.local/lib/python3.8/site-packages/airflow/example_dags/tutorial_dag.py
[2024-03-19T09:53:26.197+0000] {processor.py:830} INFO - Processing file /home/airflow/.local/lib/python3.8/site-packages/airflow/example_dags/tutorial_dag.py for tasks to queue
[2024-03-19T09:53:26.201+0000] {logging_mixin.py:188} INFO - [2024-03-19T09:53:26.200+0000] {dagbag.py:540} INFO - Filling up the DagBag from /home/airflow/.local/lib/python3.8/site-packages/airflow/example_dags/tutorial_dag.py
[2024-03-19T09:53:26.224+0000] {processor.py:840} INFO - DAG(s) 'tutorial_dag' retrieved from /home/airflow/.local/lib/python3.8/site-packages/airflow/example_dags/tutorial_dag.py
[2024-03-19T09:53:26.302+0000] {logging_mixin.py:188} INFO - [2024-03-19T09:53:26.301+0000] {dag.py:3047} INFO - Sync 1 DAGs
[2024-03-19T09:53:26.347+0000] {logging_mixin.py:188} INFO - [2024-03-19T09:53:26.347+0000] {dag.py:3834} INFO - Setting next_dagrun for tutorial_dag to None, run_after=None
[2024-03-19T09:53:26.447+0000] {processor.py:183} INFO - Processing /home/airflow/.local/lib/python3.8/site-packages/airflow/example_dags/tutorial_dag.py took 0.273 seconds
[2024-03-19T09:53:57.486+0000] {processor.py:161} INFO - Started process (PID=23775) to work on /home/airflow/.local/lib/python3.8/site-packages/airflow/example_dags/tutorial_dag.py
[2024-03-19T09:53:57.488+0000] {processor.py:830} INFO - Processing file /home/airflow/.local/lib/python3.8/site-packages/airflow/example_dags/tutorial_dag.py for tasks to queue
[2024-03-19T09:53:57.489+0000] {logging_mixin.py:188} INFO - [2024-03-19T09:53:57.488+0000] {dagbag.py:540} INFO - Filling up the DagBag from /home/airflow/.local/lib/python3.8/site-packages/airflow/example_dags/tutorial_dag.py
[2024-03-19T09:53:57.496+0000] {processor.py:840} INFO - DAG(s) 'tutorial_dag' retrieved from /home/airflow/.local/lib/python3.8/site-packages/airflow/example_dags/tutorial_dag.py
[2024-03-19T09:53:57.522+0000] {logging_mixin.py:188} INFO - [2024-03-19T09:53:57.522+0000] {dag.py:3047} INFO - Sync 1 DAGs
[2024-03-19T09:53:57.538+0000] {logging_mixin.py:188} INFO - [2024-03-19T09:53:57.538+0000] {dag.py:3834} INFO - Setting next_dagrun for tutorial_dag to None, run_after=None
[2024-03-19T09:53:57.561+0000] {processor.py:183} INFO - Processing /home/airflow/.local/lib/python3.8/site-packages/airflow/example_dags/tutorial_dag.py took 0.080 seconds
[2024-03-19T09:54:27.757+0000] {processor.py:161} INFO - Started process (PID=23830) to work on /home/airflow/.local/lib/python3.8/site-packages/airflow/example_dags/tutorial_dag.py
[2024-03-19T09:54:27.759+0000] {processor.py:830} INFO - Processing file /home/airflow/.local/lib/python3.8/site-packages/airflow/example_dags/tutorial_dag.py for tasks to queue
[2024-03-19T09:54:27.761+0000] {logging_mixin.py:188} INFO - [2024-03-19T09:54:27.760+0000] {dagbag.py:540} INFO - Filling up the DagBag from /home/airflow/.local/lib/python3.8/site-packages/airflow/example_dags/tutorial_dag.py
[2024-03-19T09:54:27.770+0000] {processor.py:840} INFO - DAG(s) 'tutorial_dag' retrieved from /home/airflow/.local/lib/python3.8/site-packages/airflow/example_dags/tutorial_dag.py
[2024-03-19T09:54:27.804+0000] {logging_mixin.py:188} INFO - [2024-03-19T09:54:27.803+0000] {dag.py:3047} INFO - Sync 1 DAGs
[2024-03-19T09:54:27.829+0000] {logging_mixin.py:188} INFO - [2024-03-19T09:54:27.828+0000] {dag.py:3834} INFO - Setting next_dagrun for tutorial_dag to None, run_after=None
[2024-03-19T09:54:27.881+0000] {processor.py:183} INFO - Processing /home/airflow/.local/lib/python3.8/site-packages/airflow/example_dags/tutorial_dag.py took 0.129 seconds
[2024-03-19T09:54:58.635+0000] {processor.py:161} INFO - Started process (PID=23885) to work on /home/airflow/.local/lib/python3.8/site-packages/airflow/example_dags/tutorial_dag.py
[2024-03-19T09:54:58.637+0000] {processor.py:830} INFO - Processing file /home/airflow/.local/lib/python3.8/site-packages/airflow/example_dags/tutorial_dag.py for tasks to queue
[2024-03-19T09:54:58.639+0000] {logging_mixin.py:188} INFO - [2024-03-19T09:54:58.638+0000] {dagbag.py:540} INFO - Filling up the DagBag from /home/airflow/.local/lib/python3.8/site-packages/airflow/example_dags/tutorial_dag.py
[2024-03-19T09:54:58.645+0000] {processor.py:840} INFO - DAG(s) 'tutorial_dag' retrieved from /home/airflow/.local/lib/python3.8/site-packages/airflow/example_dags/tutorial_dag.py
[2024-03-19T09:54:58.673+0000] {logging_mixin.py:188} INFO - [2024-03-19T09:54:58.672+0000] {dag.py:3047} INFO - Sync 1 DAGs
[2024-03-19T09:54:58.688+0000] {logging_mixin.py:188} INFO - [2024-03-19T09:54:58.688+0000] {dag.py:3834} INFO - Setting next_dagrun for tutorial_dag to None, run_after=None
[2024-03-19T09:54:58.711+0000] {processor.py:183} INFO - Processing /home/airflow/.local/lib/python3.8/site-packages/airflow/example_dags/tutorial_dag.py took 0.080 seconds
[2024-03-19T09:55:29.304+0000] {processor.py:161} INFO - Started process (PID=23940) to work on /home/airflow/.local/lib/python3.8/site-packages/airflow/example_dags/tutorial_dag.py
[2024-03-19T09:55:29.306+0000] {processor.py:830} INFO - Processing file /home/airflow/.local/lib/python3.8/site-packages/airflow/example_dags/tutorial_dag.py for tasks to queue
[2024-03-19T09:55:29.307+0000] {logging_mixin.py:188} INFO - [2024-03-19T09:55:29.307+0000] {dagbag.py:540} INFO - Filling up the DagBag from /home/airflow/.local/lib/python3.8/site-packages/airflow/example_dags/tutorial_dag.py
[2024-03-19T09:55:29.314+0000] {processor.py:840} INFO - DAG(s) 'tutorial_dag' retrieved from /home/airflow/.local/lib/python3.8/site-packages/airflow/example_dags/tutorial_dag.py
[2024-03-19T09:55:29.341+0000] {logging_mixin.py:188} INFO - [2024-03-19T09:55:29.340+0000] {dag.py:3047} INFO - Sync 1 DAGs
[2024-03-19T09:55:29.355+0000] {logging_mixin.py:188} INFO - [2024-03-19T09:55:29.355+0000] {dag.py:3834} INFO - Setting next_dagrun for tutorial_dag to None, run_after=None
[2024-03-19T09:55:29.380+0000] {processor.py:183} INFO - Processing /home/airflow/.local/lib/python3.8/site-packages/airflow/example_dags/tutorial_dag.py took 0.082 seconds
[2024-03-19T09:55:59.864+0000] {processor.py:161} INFO - Started process (PID=23995) to work on /home/airflow/.local/lib/python3.8/site-packages/airflow/example_dags/tutorial_dag.py
[2024-03-19T09:55:59.866+0000] {processor.py:830} INFO - Processing file /home/airflow/.local/lib/python3.8/site-packages/airflow/example_dags/tutorial_dag.py for tasks to queue
[2024-03-19T09:55:59.868+0000] {logging_mixin.py:188} INFO - [2024-03-19T09:55:59.867+0000] {dagbag.py:540} INFO - Filling up the DagBag from /home/airflow/.local/lib/python3.8/site-packages/airflow/example_dags/tutorial_dag.py
[2024-03-19T09:55:59.877+0000] {processor.py:840} INFO - DAG(s) 'tutorial_dag' retrieved from /home/airflow/.local/lib/python3.8/site-packages/airflow/example_dags/tutorial_dag.py
[2024-03-19T09:55:59.903+0000] {logging_mixin.py:188} INFO - [2024-03-19T09:55:59.903+0000] {dag.py:3047} INFO - Sync 1 DAGs
[2024-03-19T09:55:59.924+0000] {logging_mixin.py:188} INFO - [2024-03-19T09:55:59.923+0000] {dag.py:3834} INFO - Setting next_dagrun for tutorial_dag to None, run_after=None
[2024-03-19T09:55:59.949+0000] {processor.py:183} INFO - Processing /home/airflow/.local/lib/python3.8/site-packages/airflow/example_dags/tutorial_dag.py took 0.089 seconds
[2024-03-19T09:56:30.326+0000] {processor.py:161} INFO - Started process (PID=24050) to work on /home/airflow/.local/lib/python3.8/site-packages/airflow/example_dags/tutorial_dag.py
[2024-03-19T09:56:30.328+0000] {processor.py:830} INFO - Processing file /home/airflow/.local/lib/python3.8/site-packages/airflow/example_dags/tutorial_dag.py for tasks to queue
[2024-03-19T09:56:30.330+0000] {logging_mixin.py:188} INFO - [2024-03-19T09:56:30.329+0000] {dagbag.py:540} INFO - Filling up the DagBag from /home/airflow/.local/lib/python3.8/site-packages/airflow/example_dags/tutorial_dag.py
[2024-03-19T09:56:30.338+0000] {processor.py:840} INFO - DAG(s) 'tutorial_dag' retrieved from /home/airflow/.local/lib/python3.8/site-packages/airflow/example_dags/tutorial_dag.py
[2024-03-19T09:56:30.369+0000] {logging_mixin.py:188} INFO - [2024-03-19T09:56:30.369+0000] {dag.py:3047} INFO - Sync 1 DAGs
[2024-03-19T09:56:30.387+0000] {logging_mixin.py:188} INFO - [2024-03-19T09:56:30.387+0000] {dag.py:3834} INFO - Setting next_dagrun for tutorial_dag to None, run_after=None
[2024-03-19T09:56:30.414+0000] {processor.py:183} INFO - Processing /home/airflow/.local/lib/python3.8/site-packages/airflow/example_dags/tutorial_dag.py took 0.091 seconds
[2024-03-19T09:57:00.773+0000] {processor.py:161} INFO - Started process (PID=24105) to work on /home/airflow/.local/lib/python3.8/site-packages/airflow/example_dags/tutorial_dag.py
[2024-03-19T09:57:00.777+0000] {processor.py:830} INFO - Processing file /home/airflow/.local/lib/python3.8/site-packages/airflow/example_dags/tutorial_dag.py for tasks to queue
[2024-03-19T09:57:00.780+0000] {logging_mixin.py:188} INFO - [2024-03-19T09:57:00.779+0000] {dagbag.py:540} INFO - Filling up the DagBag from /home/airflow/.local/lib/python3.8/site-packages/airflow/example_dags/tutorial_dag.py
[2024-03-19T09:57:00.795+0000] {processor.py:840} INFO - DAG(s) 'tutorial_dag' retrieved from /home/airflow/.local/lib/python3.8/site-packages/airflow/example_dags/tutorial_dag.py
[2024-03-19T09:57:00.850+0000] {logging_mixin.py:188} INFO - [2024-03-19T09:57:00.848+0000] {dag.py:3047} INFO - Sync 1 DAGs
[2024-03-19T09:57:00.893+0000] {logging_mixin.py:188} INFO - [2024-03-19T09:57:00.890+0000] {dag.py:3834} INFO - Setting next_dagrun for tutorial_dag to None, run_after=None
[2024-03-19T09:57:00.944+0000] {processor.py:183} INFO - Processing /home/airflow/.local/lib/python3.8/site-packages/airflow/example_dags/tutorial_dag.py took 0.181 seconds
