[2024-03-19T09:44:28.687+0000] {processor.py:161} INFO - Started process (PID=22794) to work on /home/airflow/.local/lib/python3.8/site-packages/airflow/example_dags/tutorial_taskflow_api.py
[2024-03-19T09:44:28.689+0000] {processor.py:830} INFO - Processing file /home/airflow/.local/lib/python3.8/site-packages/airflow/example_dags/tutorial_taskflow_api.py for tasks to queue
[2024-03-19T09:44:28.692+0000] {logging_mixin.py:188} INFO - [2024-03-19T09:44:28.691+0000] {dagbag.py:540} INFO - Filling up the DagBag from /home/airflow/.local/lib/python3.8/site-packages/airflow/example_dags/tutorial_taskflow_api.py
[2024-03-19T09:44:28.708+0000] {processor.py:840} INFO - DAG(s) 'tutorial_taskflow_api' retrieved from /home/airflow/.local/lib/python3.8/site-packages/airflow/example_dags/tutorial_taskflow_api.py
[2024-03-19T09:44:28.835+0000] {logging_mixin.py:188} INFO - [2024-03-19T09:44:28.834+0000] {dag.py:3047} INFO - Sync 1 DAGs
[2024-03-19T09:44:29.030+0000] {logging_mixin.py:188} INFO - [2024-03-19T09:44:29.030+0000] {dag.py:3834} INFO - Setting next_dagrun for tutorial_taskflow_api to None, run_after=None
[2024-03-19T09:44:29.100+0000] {processor.py:183} INFO - Processing /home/airflow/.local/lib/python3.8/site-packages/airflow/example_dags/tutorial_taskflow_api.py took 0.419 seconds
[2024-03-19T09:45:00.053+0000] {processor.py:161} INFO - Started process (PID=22849) to work on /home/airflow/.local/lib/python3.8/site-packages/airflow/example_dags/tutorial_taskflow_api.py
[2024-03-19T09:45:00.056+0000] {processor.py:830} INFO - Processing file /home/airflow/.local/lib/python3.8/site-packages/airflow/example_dags/tutorial_taskflow_api.py for tasks to queue
[2024-03-19T09:45:00.058+0000] {logging_mixin.py:188} INFO - [2024-03-19T09:45:00.058+0000] {dagbag.py:540} INFO - Filling up the DagBag from /home/airflow/.local/lib/python3.8/site-packages/airflow/example_dags/tutorial_taskflow_api.py
[2024-03-19T09:45:00.069+0000] {processor.py:840} INFO - DAG(s) 'tutorial_taskflow_api' retrieved from /home/airflow/.local/lib/python3.8/site-packages/airflow/example_dags/tutorial_taskflow_api.py
[2024-03-19T09:45:00.101+0000] {logging_mixin.py:188} INFO - [2024-03-19T09:45:00.101+0000] {dag.py:3047} INFO - Sync 1 DAGs
[2024-03-19T09:45:00.119+0000] {logging_mixin.py:188} INFO - [2024-03-19T09:45:00.119+0000] {dag.py:3834} INFO - Setting next_dagrun for tutorial_taskflow_api to None, run_after=None
[2024-03-19T09:45:00.151+0000] {processor.py:183} INFO - Processing /home/airflow/.local/lib/python3.8/site-packages/airflow/example_dags/tutorial_taskflow_api.py took 0.104 seconds
[2024-03-19T09:45:38.163+0000] {processor.py:161} INFO - Started process (PID=22904) to work on /home/airflow/.local/lib/python3.8/site-packages/airflow/example_dags/tutorial_taskflow_api.py
[2024-03-19T09:45:38.435+0000] {processor.py:830} INFO - Processing file /home/airflow/.local/lib/python3.8/site-packages/airflow/example_dags/tutorial_taskflow_api.py for tasks to queue
[2024-03-19T09:45:38.839+0000] {logging_mixin.py:188} INFO - [2024-03-19T09:45:38.838+0000] {dagbag.py:540} INFO - Filling up the DagBag from /home/airflow/.local/lib/python3.8/site-packages/airflow/example_dags/tutorial_taskflow_api.py
[2024-03-19T09:45:39.387+0000] {processor.py:840} INFO - DAG(s) 'tutorial_taskflow_api' retrieved from /home/airflow/.local/lib/python3.8/site-packages/airflow/example_dags/tutorial_taskflow_api.py
[2024-03-19T09:45:39.505+0000] {logging_mixin.py:188} INFO - [2024-03-19T09:45:39.504+0000] {dag.py:3047} INFO - Sync 1 DAGs
[2024-03-19T09:45:39.607+0000] {logging_mixin.py:188} INFO - [2024-03-19T09:45:39.606+0000] {dag.py:3834} INFO - Setting next_dagrun for tutorial_taskflow_api to None, run_after=None
[2024-03-19T09:45:39.845+0000] {processor.py:183} INFO - Processing /home/airflow/.local/lib/python3.8/site-packages/airflow/example_dags/tutorial_taskflow_api.py took 1.723 seconds
[2024-03-19T09:46:16.837+0000] {processor.py:161} INFO - Started process (PID=22959) to work on /home/airflow/.local/lib/python3.8/site-packages/airflow/example_dags/tutorial_taskflow_api.py
[2024-03-19T09:46:16.845+0000] {processor.py:830} INFO - Processing file /home/airflow/.local/lib/python3.8/site-packages/airflow/example_dags/tutorial_taskflow_api.py for tasks to queue
[2024-03-19T09:46:16.848+0000] {logging_mixin.py:188} INFO - [2024-03-19T09:46:16.847+0000] {dagbag.py:540} INFO - Filling up the DagBag from /home/airflow/.local/lib/python3.8/site-packages/airflow/example_dags/tutorial_taskflow_api.py
[2024-03-19T09:46:16.871+0000] {processor.py:840} INFO - DAG(s) 'tutorial_taskflow_api' retrieved from /home/airflow/.local/lib/python3.8/site-packages/airflow/example_dags/tutorial_taskflow_api.py
[2024-03-19T09:46:16.962+0000] {logging_mixin.py:188} INFO - [2024-03-19T09:46:16.961+0000] {dag.py:3047} INFO - Sync 1 DAGs
[2024-03-19T09:46:17.017+0000] {logging_mixin.py:188} INFO - [2024-03-19T09:46:17.017+0000] {dag.py:3834} INFO - Setting next_dagrun for tutorial_taskflow_api to None, run_after=None
[2024-03-19T09:46:17.090+0000] {processor.py:183} INFO - Processing /home/airflow/.local/lib/python3.8/site-packages/airflow/example_dags/tutorial_taskflow_api.py took 0.261 seconds
[2024-03-19T09:46:47.845+0000] {processor.py:161} INFO - Started process (PID=23014) to work on /home/airflow/.local/lib/python3.8/site-packages/airflow/example_dags/tutorial_taskflow_api.py
[2024-03-19T09:46:47.852+0000] {processor.py:830} INFO - Processing file /home/airflow/.local/lib/python3.8/site-packages/airflow/example_dags/tutorial_taskflow_api.py for tasks to queue
[2024-03-19T09:46:47.857+0000] {logging_mixin.py:188} INFO - [2024-03-19T09:46:47.856+0000] {dagbag.py:540} INFO - Filling up the DagBag from /home/airflow/.local/lib/python3.8/site-packages/airflow/example_dags/tutorial_taskflow_api.py
[2024-03-19T09:46:47.876+0000] {processor.py:840} INFO - DAG(s) 'tutorial_taskflow_api' retrieved from /home/airflow/.local/lib/python3.8/site-packages/airflow/example_dags/tutorial_taskflow_api.py
[2024-03-19T09:46:47.919+0000] {logging_mixin.py:188} INFO - [2024-03-19T09:46:47.918+0000] {dag.py:3047} INFO - Sync 1 DAGs
[2024-03-19T09:46:47.944+0000] {logging_mixin.py:188} INFO - [2024-03-19T09:46:47.944+0000] {dag.py:3834} INFO - Setting next_dagrun for tutorial_taskflow_api to None, run_after=None
[2024-03-19T09:46:47.984+0000] {processor.py:183} INFO - Processing /home/airflow/.local/lib/python3.8/site-packages/airflow/example_dags/tutorial_taskflow_api.py took 0.146 seconds
[2024-03-19T09:47:18.537+0000] {processor.py:161} INFO - Started process (PID=23067) to work on /home/airflow/.local/lib/python3.8/site-packages/airflow/example_dags/tutorial_taskflow_api.py
[2024-03-19T09:47:18.881+0000] {processor.py:830} INFO - Processing file /home/airflow/.local/lib/python3.8/site-packages/airflow/example_dags/tutorial_taskflow_api.py for tasks to queue
[2024-03-19T09:47:18.884+0000] {logging_mixin.py:188} INFO - [2024-03-19T09:47:18.883+0000] {dagbag.py:540} INFO - Filling up the DagBag from /home/airflow/.local/lib/python3.8/site-packages/airflow/example_dags/tutorial_taskflow_api.py
[2024-03-19T09:47:18.924+0000] {processor.py:840} INFO - DAG(s) 'tutorial_taskflow_api' retrieved from /home/airflow/.local/lib/python3.8/site-packages/airflow/example_dags/tutorial_taskflow_api.py
[2024-03-19T09:47:19.108+0000] {logging_mixin.py:188} INFO - [2024-03-19T09:47:19.107+0000] {dag.py:3047} INFO - Sync 1 DAGs
[2024-03-19T09:47:19.195+0000] {logging_mixin.py:188} INFO - [2024-03-19T09:47:19.195+0000] {dag.py:3834} INFO - Setting next_dagrun for tutorial_taskflow_api to None, run_after=None
[2024-03-19T09:47:19.302+0000] {processor.py:183} INFO - Processing /home/airflow/.local/lib/python3.8/site-packages/airflow/example_dags/tutorial_taskflow_api.py took 0.781 seconds
[2024-03-19T09:47:49.728+0000] {processor.py:161} INFO - Started process (PID=23121) to work on /home/airflow/.local/lib/python3.8/site-packages/airflow/example_dags/tutorial_taskflow_api.py
[2024-03-19T09:47:49.731+0000] {processor.py:830} INFO - Processing file /home/airflow/.local/lib/python3.8/site-packages/airflow/example_dags/tutorial_taskflow_api.py for tasks to queue
[2024-03-19T09:47:49.733+0000] {logging_mixin.py:188} INFO - [2024-03-19T09:47:49.733+0000] {dagbag.py:540} INFO - Filling up the DagBag from /home/airflow/.local/lib/python3.8/site-packages/airflow/example_dags/tutorial_taskflow_api.py
[2024-03-19T09:47:49.745+0000] {processor.py:840} INFO - DAG(s) 'tutorial_taskflow_api' retrieved from /home/airflow/.local/lib/python3.8/site-packages/airflow/example_dags/tutorial_taskflow_api.py
[2024-03-19T09:47:49.789+0000] {logging_mixin.py:188} INFO - [2024-03-19T09:47:49.788+0000] {dag.py:3047} INFO - Sync 1 DAGs
[2024-03-19T09:47:49.812+0000] {logging_mixin.py:188} INFO - [2024-03-19T09:47:49.812+0000] {dag.py:3834} INFO - Setting next_dagrun for tutorial_taskflow_api to None, run_after=None
[2024-03-19T09:47:49.845+0000] {processor.py:183} INFO - Processing /home/airflow/.local/lib/python3.8/site-packages/airflow/example_dags/tutorial_taskflow_api.py took 0.123 seconds
[2024-03-19T09:48:20.656+0000] {processor.py:161} INFO - Started process (PID=23177) to work on /home/airflow/.local/lib/python3.8/site-packages/airflow/example_dags/tutorial_taskflow_api.py
[2024-03-19T09:48:20.658+0000] {processor.py:830} INFO - Processing file /home/airflow/.local/lib/python3.8/site-packages/airflow/example_dags/tutorial_taskflow_api.py for tasks to queue
[2024-03-19T09:48:20.660+0000] {logging_mixin.py:188} INFO - [2024-03-19T09:48:20.659+0000] {dagbag.py:540} INFO - Filling up the DagBag from /home/airflow/.local/lib/python3.8/site-packages/airflow/example_dags/tutorial_taskflow_api.py
[2024-03-19T09:48:20.668+0000] {processor.py:840} INFO - DAG(s) 'tutorial_taskflow_api' retrieved from /home/airflow/.local/lib/python3.8/site-packages/airflow/example_dags/tutorial_taskflow_api.py
[2024-03-19T09:48:20.698+0000] {logging_mixin.py:188} INFO - [2024-03-19T09:48:20.697+0000] {dag.py:3047} INFO - Sync 1 DAGs
[2024-03-19T09:48:20.717+0000] {logging_mixin.py:188} INFO - [2024-03-19T09:48:20.717+0000] {dag.py:3834} INFO - Setting next_dagrun for tutorial_taskflow_api to None, run_after=None
[2024-03-19T09:48:20.753+0000] {processor.py:183} INFO - Processing /home/airflow/.local/lib/python3.8/site-packages/airflow/example_dags/tutorial_taskflow_api.py took 0.102 seconds
[2024-03-19T09:48:51.200+0000] {processor.py:161} INFO - Started process (PID=23232) to work on /home/airflow/.local/lib/python3.8/site-packages/airflow/example_dags/tutorial_taskflow_api.py
[2024-03-19T09:48:51.208+0000] {processor.py:830} INFO - Processing file /home/airflow/.local/lib/python3.8/site-packages/airflow/example_dags/tutorial_taskflow_api.py for tasks to queue
[2024-03-19T09:48:51.211+0000] {logging_mixin.py:188} INFO - [2024-03-19T09:48:51.210+0000] {dagbag.py:540} INFO - Filling up the DagBag from /home/airflow/.local/lib/python3.8/site-packages/airflow/example_dags/tutorial_taskflow_api.py
[2024-03-19T09:48:51.255+0000] {processor.py:840} INFO - DAG(s) 'tutorial_taskflow_api' retrieved from /home/airflow/.local/lib/python3.8/site-packages/airflow/example_dags/tutorial_taskflow_api.py
[2024-03-19T09:48:51.442+0000] {logging_mixin.py:188} INFO - [2024-03-19T09:48:51.442+0000] {dag.py:3047} INFO - Sync 1 DAGs
[2024-03-19T09:48:51.545+0000] {logging_mixin.py:188} INFO - [2024-03-19T09:48:51.544+0000] {dag.py:3834} INFO - Setting next_dagrun for tutorial_taskflow_api to None, run_after=None
[2024-03-19T09:48:51.588+0000] {processor.py:183} INFO - Processing /home/airflow/.local/lib/python3.8/site-packages/airflow/example_dags/tutorial_taskflow_api.py took 0.414 seconds
[2024-03-19T09:49:22.407+0000] {processor.py:161} INFO - Started process (PID=23287) to work on /home/airflow/.local/lib/python3.8/site-packages/airflow/example_dags/tutorial_taskflow_api.py
[2024-03-19T09:49:22.408+0000] {processor.py:830} INFO - Processing file /home/airflow/.local/lib/python3.8/site-packages/airflow/example_dags/tutorial_taskflow_api.py for tasks to queue
[2024-03-19T09:49:22.410+0000] {logging_mixin.py:188} INFO - [2024-03-19T09:49:22.409+0000] {dagbag.py:540} INFO - Filling up the DagBag from /home/airflow/.local/lib/python3.8/site-packages/airflow/example_dags/tutorial_taskflow_api.py
[2024-03-19T09:49:22.417+0000] {processor.py:840} INFO - DAG(s) 'tutorial_taskflow_api' retrieved from /home/airflow/.local/lib/python3.8/site-packages/airflow/example_dags/tutorial_taskflow_api.py
[2024-03-19T09:49:22.444+0000] {logging_mixin.py:188} INFO - [2024-03-19T09:49:22.444+0000] {dag.py:3047} INFO - Sync 1 DAGs
[2024-03-19T09:49:22.461+0000] {logging_mixin.py:188} INFO - [2024-03-19T09:49:22.460+0000] {dag.py:3834} INFO - Setting next_dagrun for tutorial_taskflow_api to None, run_after=None
[2024-03-19T09:49:22.486+0000] {processor.py:183} INFO - Processing /home/airflow/.local/lib/python3.8/site-packages/airflow/example_dags/tutorial_taskflow_api.py took 0.083 seconds
[2024-03-19T09:49:53.234+0000] {processor.py:161} INFO - Started process (PID=23341) to work on /home/airflow/.local/lib/python3.8/site-packages/airflow/example_dags/tutorial_taskflow_api.py
[2024-03-19T09:49:53.236+0000] {processor.py:830} INFO - Processing file /home/airflow/.local/lib/python3.8/site-packages/airflow/example_dags/tutorial_taskflow_api.py for tasks to queue
[2024-03-19T09:49:53.238+0000] {logging_mixin.py:188} INFO - [2024-03-19T09:49:53.237+0000] {dagbag.py:540} INFO - Filling up the DagBag from /home/airflow/.local/lib/python3.8/site-packages/airflow/example_dags/tutorial_taskflow_api.py
[2024-03-19T09:49:53.252+0000] {processor.py:840} INFO - DAG(s) 'tutorial_taskflow_api' retrieved from /home/airflow/.local/lib/python3.8/site-packages/airflow/example_dags/tutorial_taskflow_api.py
[2024-03-19T09:49:53.316+0000] {logging_mixin.py:188} INFO - [2024-03-19T09:49:53.315+0000] {dag.py:3047} INFO - Sync 1 DAGs
[2024-03-19T09:49:53.371+0000] {logging_mixin.py:188} INFO - [2024-03-19T09:49:53.371+0000] {dag.py:3834} INFO - Setting next_dagrun for tutorial_taskflow_api to None, run_after=None
[2024-03-19T09:49:53.425+0000] {processor.py:183} INFO - Processing /home/airflow/.local/lib/python3.8/site-packages/airflow/example_dags/tutorial_taskflow_api.py took 0.197 seconds
[2024-03-19T09:50:24.281+0000] {processor.py:161} INFO - Started process (PID=23396) to work on /home/airflow/.local/lib/python3.8/site-packages/airflow/example_dags/tutorial_taskflow_api.py
[2024-03-19T09:50:24.284+0000] {processor.py:830} INFO - Processing file /home/airflow/.local/lib/python3.8/site-packages/airflow/example_dags/tutorial_taskflow_api.py for tasks to queue
[2024-03-19T09:50:24.286+0000] {logging_mixin.py:188} INFO - [2024-03-19T09:50:24.285+0000] {dagbag.py:540} INFO - Filling up the DagBag from /home/airflow/.local/lib/python3.8/site-packages/airflow/example_dags/tutorial_taskflow_api.py
[2024-03-19T09:50:24.300+0000] {processor.py:840} INFO - DAG(s) 'tutorial_taskflow_api' retrieved from /home/airflow/.local/lib/python3.8/site-packages/airflow/example_dags/tutorial_taskflow_api.py
[2024-03-19T09:50:24.344+0000] {logging_mixin.py:188} INFO - [2024-03-19T09:50:24.343+0000] {dag.py:3047} INFO - Sync 1 DAGs
[2024-03-19T09:50:24.373+0000] {logging_mixin.py:188} INFO - [2024-03-19T09:50:24.373+0000] {dag.py:3834} INFO - Setting next_dagrun for tutorial_taskflow_api to None, run_after=None
[2024-03-19T09:50:24.409+0000] {processor.py:183} INFO - Processing /home/airflow/.local/lib/python3.8/site-packages/airflow/example_dags/tutorial_taskflow_api.py took 0.135 seconds
[2024-03-19T09:50:55.296+0000] {processor.py:161} INFO - Started process (PID=23452) to work on /home/airflow/.local/lib/python3.8/site-packages/airflow/example_dags/tutorial_taskflow_api.py
[2024-03-19T09:50:55.301+0000] {processor.py:830} INFO - Processing file /home/airflow/.local/lib/python3.8/site-packages/airflow/example_dags/tutorial_taskflow_api.py for tasks to queue
[2024-03-19T09:50:55.304+0000] {logging_mixin.py:188} INFO - [2024-03-19T09:50:55.304+0000] {dagbag.py:540} INFO - Filling up the DagBag from /home/airflow/.local/lib/python3.8/site-packages/airflow/example_dags/tutorial_taskflow_api.py
[2024-03-19T09:50:55.318+0000] {processor.py:840} INFO - DAG(s) 'tutorial_taskflow_api' retrieved from /home/airflow/.local/lib/python3.8/site-packages/airflow/example_dags/tutorial_taskflow_api.py
[2024-03-19T09:50:55.366+0000] {logging_mixin.py:188} INFO - [2024-03-19T09:50:55.366+0000] {dag.py:3047} INFO - Sync 1 DAGs
[2024-03-19T09:50:55.398+0000] {logging_mixin.py:188} INFO - [2024-03-19T09:50:55.397+0000] {dag.py:3834} INFO - Setting next_dagrun for tutorial_taskflow_api to None, run_after=None
[2024-03-19T09:50:55.452+0000] {processor.py:183} INFO - Processing /home/airflow/.local/lib/python3.8/site-packages/airflow/example_dags/tutorial_taskflow_api.py took 0.163 seconds
[2024-03-19T09:51:25.833+0000] {processor.py:161} INFO - Started process (PID=23505) to work on /home/airflow/.local/lib/python3.8/site-packages/airflow/example_dags/tutorial_taskflow_api.py
[2024-03-19T09:51:25.836+0000] {processor.py:830} INFO - Processing file /home/airflow/.local/lib/python3.8/site-packages/airflow/example_dags/tutorial_taskflow_api.py for tasks to queue
[2024-03-19T09:51:25.842+0000] {logging_mixin.py:188} INFO - [2024-03-19T09:51:25.840+0000] {dagbag.py:540} INFO - Filling up the DagBag from /home/airflow/.local/lib/python3.8/site-packages/airflow/example_dags/tutorial_taskflow_api.py
[2024-03-19T09:51:25.856+0000] {processor.py:840} INFO - DAG(s) 'tutorial_taskflow_api' retrieved from /home/airflow/.local/lib/python3.8/site-packages/airflow/example_dags/tutorial_taskflow_api.py
[2024-03-19T09:51:25.908+0000] {logging_mixin.py:188} INFO - [2024-03-19T09:51:25.907+0000] {dag.py:3047} INFO - Sync 1 DAGs
[2024-03-19T09:51:25.942+0000] {logging_mixin.py:188} INFO - [2024-03-19T09:51:25.941+0000] {dag.py:3834} INFO - Setting next_dagrun for tutorial_taskflow_api to None, run_after=None
[2024-03-19T09:51:25.983+0000] {processor.py:183} INFO - Processing /home/airflow/.local/lib/python3.8/site-packages/airflow/example_dags/tutorial_taskflow_api.py took 0.160 seconds
[2024-03-19T09:51:56.692+0000] {processor.py:161} INFO - Started process (PID=23560) to work on /home/airflow/.local/lib/python3.8/site-packages/airflow/example_dags/tutorial_taskflow_api.py
[2024-03-19T09:51:56.694+0000] {processor.py:830} INFO - Processing file /home/airflow/.local/lib/python3.8/site-packages/airflow/example_dags/tutorial_taskflow_api.py for tasks to queue
[2024-03-19T09:51:56.696+0000] {logging_mixin.py:188} INFO - [2024-03-19T09:51:56.695+0000] {dagbag.py:540} INFO - Filling up the DagBag from /home/airflow/.local/lib/python3.8/site-packages/airflow/example_dags/tutorial_taskflow_api.py
[2024-03-19T09:51:56.707+0000] {processor.py:840} INFO - DAG(s) 'tutorial_taskflow_api' retrieved from /home/airflow/.local/lib/python3.8/site-packages/airflow/example_dags/tutorial_taskflow_api.py
[2024-03-19T09:51:56.742+0000] {logging_mixin.py:188} INFO - [2024-03-19T09:51:56.741+0000] {dag.py:3047} INFO - Sync 1 DAGs
[2024-03-19T09:51:56.763+0000] {logging_mixin.py:188} INFO - [2024-03-19T09:51:56.762+0000] {dag.py:3834} INFO - Setting next_dagrun for tutorial_taskflow_api to None, run_after=None
[2024-03-19T09:51:56.796+0000] {processor.py:183} INFO - Processing /home/airflow/.local/lib/python3.8/site-packages/airflow/example_dags/tutorial_taskflow_api.py took 0.109 seconds
[2024-03-19T09:52:27.235+0000] {processor.py:161} INFO - Started process (PID=23615) to work on /home/airflow/.local/lib/python3.8/site-packages/airflow/example_dags/tutorial_taskflow_api.py
[2024-03-19T09:52:27.240+0000] {processor.py:830} INFO - Processing file /home/airflow/.local/lib/python3.8/site-packages/airflow/example_dags/tutorial_taskflow_api.py for tasks to queue
[2024-03-19T09:52:27.282+0000] {logging_mixin.py:188} INFO - [2024-03-19T09:52:27.280+0000] {dagbag.py:540} INFO - Filling up the DagBag from /home/airflow/.local/lib/python3.8/site-packages/airflow/example_dags/tutorial_taskflow_api.py
[2024-03-19T09:52:27.320+0000] {processor.py:840} INFO - DAG(s) 'tutorial_taskflow_api' retrieved from /home/airflow/.local/lib/python3.8/site-packages/airflow/example_dags/tutorial_taskflow_api.py
[2024-03-19T09:52:27.458+0000] {logging_mixin.py:188} INFO - [2024-03-19T09:52:27.457+0000] {dag.py:3047} INFO - Sync 1 DAGs
[2024-03-19T09:52:27.518+0000] {logging_mixin.py:188} INFO - [2024-03-19T09:52:27.517+0000] {dag.py:3834} INFO - Setting next_dagrun for tutorial_taskflow_api to None, run_after=None
[2024-03-19T09:52:27.611+0000] {processor.py:183} INFO - Processing /home/airflow/.local/lib/python3.8/site-packages/airflow/example_dags/tutorial_taskflow_api.py took 0.395 seconds
[2024-03-19T09:52:58.162+0000] {processor.py:161} INFO - Started process (PID=23669) to work on /home/airflow/.local/lib/python3.8/site-packages/airflow/example_dags/tutorial_taskflow_api.py
[2024-03-19T09:52:58.164+0000] {processor.py:830} INFO - Processing file /home/airflow/.local/lib/python3.8/site-packages/airflow/example_dags/tutorial_taskflow_api.py for tasks to queue
[2024-03-19T09:52:58.166+0000] {logging_mixin.py:188} INFO - [2024-03-19T09:52:58.165+0000] {dagbag.py:540} INFO - Filling up the DagBag from /home/airflow/.local/lib/python3.8/site-packages/airflow/example_dags/tutorial_taskflow_api.py
[2024-03-19T09:52:58.174+0000] {processor.py:840} INFO - DAG(s) 'tutorial_taskflow_api' retrieved from /home/airflow/.local/lib/python3.8/site-packages/airflow/example_dags/tutorial_taskflow_api.py
[2024-03-19T09:52:58.202+0000] {logging_mixin.py:188} INFO - [2024-03-19T09:52:58.201+0000] {dag.py:3047} INFO - Sync 1 DAGs
[2024-03-19T09:52:58.218+0000] {logging_mixin.py:188} INFO - [2024-03-19T09:52:58.218+0000] {dag.py:3834} INFO - Setting next_dagrun for tutorial_taskflow_api to None, run_after=None
[2024-03-19T09:52:58.248+0000] {processor.py:183} INFO - Processing /home/airflow/.local/lib/python3.8/site-packages/airflow/example_dags/tutorial_taskflow_api.py took 0.091 seconds
[2024-03-19T09:53:29.017+0000] {processor.py:161} INFO - Started process (PID=23724) to work on /home/airflow/.local/lib/python3.8/site-packages/airflow/example_dags/tutorial_taskflow_api.py
[2024-03-19T09:53:29.021+0000] {processor.py:830} INFO - Processing file /home/airflow/.local/lib/python3.8/site-packages/airflow/example_dags/tutorial_taskflow_api.py for tasks to queue
[2024-03-19T09:53:29.025+0000] {logging_mixin.py:188} INFO - [2024-03-19T09:53:29.024+0000] {dagbag.py:540} INFO - Filling up the DagBag from /home/airflow/.local/lib/python3.8/site-packages/airflow/example_dags/tutorial_taskflow_api.py
[2024-03-19T09:53:29.038+0000] {processor.py:840} INFO - DAG(s) 'tutorial_taskflow_api' retrieved from /home/airflow/.local/lib/python3.8/site-packages/airflow/example_dags/tutorial_taskflow_api.py
[2024-03-19T09:53:29.076+0000] {logging_mixin.py:188} INFO - [2024-03-19T09:53:29.076+0000] {dag.py:3047} INFO - Sync 1 DAGs
[2024-03-19T09:53:29.090+0000] {logging_mixin.py:188} INFO - [2024-03-19T09:53:29.090+0000] {dag.py:3834} INFO - Setting next_dagrun for tutorial_taskflow_api to None, run_after=None
[2024-03-19T09:53:29.113+0000] {processor.py:183} INFO - Processing /home/airflow/.local/lib/python3.8/site-packages/airflow/example_dags/tutorial_taskflow_api.py took 0.104 seconds
[2024-03-19T09:53:59.200+0000] {processor.py:161} INFO - Started process (PID=23780) to work on /home/airflow/.local/lib/python3.8/site-packages/airflow/example_dags/tutorial_taskflow_api.py
[2024-03-19T09:53:59.207+0000] {processor.py:830} INFO - Processing file /home/airflow/.local/lib/python3.8/site-packages/airflow/example_dags/tutorial_taskflow_api.py for tasks to queue
[2024-03-19T09:53:59.210+0000] {logging_mixin.py:188} INFO - [2024-03-19T09:53:59.209+0000] {dagbag.py:540} INFO - Filling up the DagBag from /home/airflow/.local/lib/python3.8/site-packages/airflow/example_dags/tutorial_taskflow_api.py
[2024-03-19T09:53:59.231+0000] {processor.py:840} INFO - DAG(s) 'tutorial_taskflow_api' retrieved from /home/airflow/.local/lib/python3.8/site-packages/airflow/example_dags/tutorial_taskflow_api.py
[2024-03-19T09:53:59.377+0000] {logging_mixin.py:188} INFO - [2024-03-19T09:53:59.377+0000] {dag.py:3047} INFO - Sync 1 DAGs
[2024-03-19T09:53:59.419+0000] {logging_mixin.py:188} INFO - [2024-03-19T09:53:59.419+0000] {dag.py:3834} INFO - Setting next_dagrun for tutorial_taskflow_api to None, run_after=None
[2024-03-19T09:53:59.463+0000] {processor.py:183} INFO - Processing /home/airflow/.local/lib/python3.8/site-packages/airflow/example_dags/tutorial_taskflow_api.py took 0.284 seconds
[2024-03-19T09:54:29.809+0000] {processor.py:161} INFO - Started process (PID=23833) to work on /home/airflow/.local/lib/python3.8/site-packages/airflow/example_dags/tutorial_taskflow_api.py
[2024-03-19T09:54:29.814+0000] {processor.py:830} INFO - Processing file /home/airflow/.local/lib/python3.8/site-packages/airflow/example_dags/tutorial_taskflow_api.py for tasks to queue
[2024-03-19T09:54:29.817+0000] {logging_mixin.py:188} INFO - [2024-03-19T09:54:29.816+0000] {dagbag.py:540} INFO - Filling up the DagBag from /home/airflow/.local/lib/python3.8/site-packages/airflow/example_dags/tutorial_taskflow_api.py
[2024-03-19T09:54:29.827+0000] {processor.py:840} INFO - DAG(s) 'tutorial_taskflow_api' retrieved from /home/airflow/.local/lib/python3.8/site-packages/airflow/example_dags/tutorial_taskflow_api.py
[2024-03-19T09:54:29.866+0000] {logging_mixin.py:188} INFO - [2024-03-19T09:54:29.866+0000] {dag.py:3047} INFO - Sync 1 DAGs
[2024-03-19T09:54:29.889+0000] {logging_mixin.py:188} INFO - [2024-03-19T09:54:29.888+0000] {dag.py:3834} INFO - Setting next_dagrun for tutorial_taskflow_api to None, run_after=None
[2024-03-19T09:54:29.918+0000] {processor.py:183} INFO - Processing /home/airflow/.local/lib/python3.8/site-packages/airflow/example_dags/tutorial_taskflow_api.py took 0.124 seconds
[2024-03-19T09:55:00.831+0000] {processor.py:161} INFO - Started process (PID=23888) to work on /home/airflow/.local/lib/python3.8/site-packages/airflow/example_dags/tutorial_taskflow_api.py
[2024-03-19T09:55:00.833+0000] {processor.py:830} INFO - Processing file /home/airflow/.local/lib/python3.8/site-packages/airflow/example_dags/tutorial_taskflow_api.py for tasks to queue
[2024-03-19T09:55:00.834+0000] {logging_mixin.py:188} INFO - [2024-03-19T09:55:00.834+0000] {dagbag.py:540} INFO - Filling up the DagBag from /home/airflow/.local/lib/python3.8/site-packages/airflow/example_dags/tutorial_taskflow_api.py
[2024-03-19T09:55:00.841+0000] {processor.py:840} INFO - DAG(s) 'tutorial_taskflow_api' retrieved from /home/airflow/.local/lib/python3.8/site-packages/airflow/example_dags/tutorial_taskflow_api.py
[2024-03-19T09:55:00.890+0000] {logging_mixin.py:188} INFO - [2024-03-19T09:55:00.889+0000] {dag.py:3047} INFO - Sync 1 DAGs
[2024-03-19T09:55:00.915+0000] {logging_mixin.py:188} INFO - [2024-03-19T09:55:00.915+0000] {dag.py:3834} INFO - Setting next_dagrun for tutorial_taskflow_api to None, run_after=None
[2024-03-19T09:55:00.944+0000] {processor.py:183} INFO - Processing /home/airflow/.local/lib/python3.8/site-packages/airflow/example_dags/tutorial_taskflow_api.py took 0.117 seconds
[2024-03-19T09:55:31.439+0000] {processor.py:161} INFO - Started process (PID=23943) to work on /home/airflow/.local/lib/python3.8/site-packages/airflow/example_dags/tutorial_taskflow_api.py
[2024-03-19T09:55:31.442+0000] {processor.py:830} INFO - Processing file /home/airflow/.local/lib/python3.8/site-packages/airflow/example_dags/tutorial_taskflow_api.py for tasks to queue
[2024-03-19T09:55:31.444+0000] {logging_mixin.py:188} INFO - [2024-03-19T09:55:31.443+0000] {dagbag.py:540} INFO - Filling up the DagBag from /home/airflow/.local/lib/python3.8/site-packages/airflow/example_dags/tutorial_taskflow_api.py
[2024-03-19T09:55:31.454+0000] {processor.py:840} INFO - DAG(s) 'tutorial_taskflow_api' retrieved from /home/airflow/.local/lib/python3.8/site-packages/airflow/example_dags/tutorial_taskflow_api.py
[2024-03-19T09:55:31.505+0000] {logging_mixin.py:188} INFO - [2024-03-19T09:55:31.504+0000] {dag.py:3047} INFO - Sync 1 DAGs
[2024-03-19T09:55:31.530+0000] {logging_mixin.py:188} INFO - [2024-03-19T09:55:31.530+0000] {dag.py:3834} INFO - Setting next_dagrun for tutorial_taskflow_api to None, run_after=None
[2024-03-19T09:55:31.558+0000] {processor.py:183} INFO - Processing /home/airflow/.local/lib/python3.8/site-packages/airflow/example_dags/tutorial_taskflow_api.py took 0.125 seconds
[2024-03-19T09:56:02.147+0000] {processor.py:161} INFO - Started process (PID=23998) to work on /home/airflow/.local/lib/python3.8/site-packages/airflow/example_dags/tutorial_taskflow_api.py
[2024-03-19T09:56:02.150+0000] {processor.py:830} INFO - Processing file /home/airflow/.local/lib/python3.8/site-packages/airflow/example_dags/tutorial_taskflow_api.py for tasks to queue
[2024-03-19T09:56:02.151+0000] {logging_mixin.py:188} INFO - [2024-03-19T09:56:02.151+0000] {dagbag.py:540} INFO - Filling up the DagBag from /home/airflow/.local/lib/python3.8/site-packages/airflow/example_dags/tutorial_taskflow_api.py
[2024-03-19T09:56:02.159+0000] {processor.py:840} INFO - DAG(s) 'tutorial_taskflow_api' retrieved from /home/airflow/.local/lib/python3.8/site-packages/airflow/example_dags/tutorial_taskflow_api.py
[2024-03-19T09:56:02.184+0000] {logging_mixin.py:188} INFO - [2024-03-19T09:56:02.184+0000] {dag.py:3047} INFO - Sync 1 DAGs
[2024-03-19T09:56:02.202+0000] {logging_mixin.py:188} INFO - [2024-03-19T09:56:02.202+0000] {dag.py:3834} INFO - Setting next_dagrun for tutorial_taskflow_api to None, run_after=None
[2024-03-19T09:56:02.233+0000] {processor.py:183} INFO - Processing /home/airflow/.local/lib/python3.8/site-packages/airflow/example_dags/tutorial_taskflow_api.py took 0.089 seconds
[2024-03-19T09:56:32.554+0000] {processor.py:161} INFO - Started process (PID=24053) to work on /home/airflow/.local/lib/python3.8/site-packages/airflow/example_dags/tutorial_taskflow_api.py
[2024-03-19T09:56:32.555+0000] {processor.py:830} INFO - Processing file /home/airflow/.local/lib/python3.8/site-packages/airflow/example_dags/tutorial_taskflow_api.py for tasks to queue
[2024-03-19T09:56:32.557+0000] {logging_mixin.py:188} INFO - [2024-03-19T09:56:32.556+0000] {dagbag.py:540} INFO - Filling up the DagBag from /home/airflow/.local/lib/python3.8/site-packages/airflow/example_dags/tutorial_taskflow_api.py
[2024-03-19T09:56:32.568+0000] {processor.py:840} INFO - DAG(s) 'tutorial_taskflow_api' retrieved from /home/airflow/.local/lib/python3.8/site-packages/airflow/example_dags/tutorial_taskflow_api.py
[2024-03-19T09:56:32.604+0000] {logging_mixin.py:188} INFO - [2024-03-19T09:56:32.604+0000] {dag.py:3047} INFO - Sync 1 DAGs
[2024-03-19T09:56:32.628+0000] {logging_mixin.py:188} INFO - [2024-03-19T09:56:32.627+0000] {dag.py:3834} INFO - Setting next_dagrun for tutorial_taskflow_api to None, run_after=None
[2024-03-19T09:56:32.692+0000] {processor.py:183} INFO - Processing /home/airflow/.local/lib/python3.8/site-packages/airflow/example_dags/tutorial_taskflow_api.py took 0.147 seconds
[2024-03-19T09:57:03.418+0000] {processor.py:161} INFO - Started process (PID=24108) to work on /home/airflow/.local/lib/python3.8/site-packages/airflow/example_dags/tutorial_taskflow_api.py
[2024-03-19T09:57:03.422+0000] {processor.py:830} INFO - Processing file /home/airflow/.local/lib/python3.8/site-packages/airflow/example_dags/tutorial_taskflow_api.py for tasks to queue
[2024-03-19T09:57:03.426+0000] {logging_mixin.py:188} INFO - [2024-03-19T09:57:03.425+0000] {dagbag.py:540} INFO - Filling up the DagBag from /home/airflow/.local/lib/python3.8/site-packages/airflow/example_dags/tutorial_taskflow_api.py
[2024-03-19T09:57:03.448+0000] {processor.py:840} INFO - DAG(s) 'tutorial_taskflow_api' retrieved from /home/airflow/.local/lib/python3.8/site-packages/airflow/example_dags/tutorial_taskflow_api.py
[2024-03-19T09:57:03.511+0000] {logging_mixin.py:188} INFO - [2024-03-19T09:57:03.511+0000] {dag.py:3047} INFO - Sync 1 DAGs
[2024-03-19T09:57:03.554+0000] {logging_mixin.py:188} INFO - [2024-03-19T09:57:03.554+0000] {dag.py:3834} INFO - Setting next_dagrun for tutorial_taskflow_api to None, run_after=None
[2024-03-19T09:57:03.633+0000] {processor.py:183} INFO - Processing /home/airflow/.local/lib/python3.8/site-packages/airflow/example_dags/tutorial_taskflow_api.py took 0.224 seconds
