[2024-03-19T09:44:30.211+0000] {processor.py:161} INFO - Started process (PID=22801) to work on /home/airflow/.local/lib/python3.8/site-packages/airflow/example_dags/tutorial_taskflow_api_virtualenv.py
[2024-03-19T09:44:30.214+0000] {processor.py:830} INFO - Processing file /home/airflow/.local/lib/python3.8/site-packages/airflow/example_dags/tutorial_taskflow_api_virtualenv.py for tasks to queue
[2024-03-19T09:44:30.217+0000] {logging_mixin.py:188} INFO - [2024-03-19T09:44:30.216+0000] {dagbag.py:540} INFO - Filling up the DagBag from /home/airflow/.local/lib/python3.8/site-packages/airflow/example_dags/tutorial_taskflow_api_virtualenv.py
[2024-03-19T09:44:30.245+0000] {processor.py:840} INFO - DAG(s) 'tutorial_taskflow_api_virtualenv' retrieved from /home/airflow/.local/lib/python3.8/site-packages/airflow/example_dags/tutorial_taskflow_api_virtualenv.py
[2024-03-19T09:44:30.289+0000] {logging_mixin.py:188} INFO - [2024-03-19T09:44:30.288+0000] {dag.py:3047} INFO - Sync 1 DAGs
[2024-03-19T09:44:30.311+0000] {logging_mixin.py:188} INFO - [2024-03-19T09:44:30.310+0000] {dag.py:3834} INFO - Setting next_dagrun for tutorial_taskflow_api_virtualenv to None, run_after=None
[2024-03-19T09:44:30.345+0000] {processor.py:183} INFO - Processing /home/airflow/.local/lib/python3.8/site-packages/airflow/example_dags/tutorial_taskflow_api_virtualenv.py took 0.143 seconds
[2024-03-19T09:45:00.648+0000] {processor.py:161} INFO - Started process (PID=22856) to work on /home/airflow/.local/lib/python3.8/site-packages/airflow/example_dags/tutorial_taskflow_api_virtualenv.py
[2024-03-19T09:45:00.649+0000] {processor.py:830} INFO - Processing file /home/airflow/.local/lib/python3.8/site-packages/airflow/example_dags/tutorial_taskflow_api_virtualenv.py for tasks to queue
[2024-03-19T09:45:00.651+0000] {logging_mixin.py:188} INFO - [2024-03-19T09:45:00.650+0000] {dagbag.py:540} INFO - Filling up the DagBag from /home/airflow/.local/lib/python3.8/site-packages/airflow/example_dags/tutorial_taskflow_api_virtualenv.py
[2024-03-19T09:45:00.665+0000] {processor.py:840} INFO - DAG(s) 'tutorial_taskflow_api_virtualenv' retrieved from /home/airflow/.local/lib/python3.8/site-packages/airflow/example_dags/tutorial_taskflow_api_virtualenv.py
[2024-03-19T09:45:00.692+0000] {logging_mixin.py:188} INFO - [2024-03-19T09:45:00.691+0000] {dag.py:3047} INFO - Sync 1 DAGs
[2024-03-19T09:45:00.708+0000] {logging_mixin.py:188} INFO - [2024-03-19T09:45:00.707+0000] {dag.py:3834} INFO - Setting next_dagrun for tutorial_taskflow_api_virtualenv to None, run_after=None
[2024-03-19T09:45:00.745+0000] {processor.py:183} INFO - Processing /home/airflow/.local/lib/python3.8/site-packages/airflow/example_dags/tutorial_taskflow_api_virtualenv.py took 0.102 seconds
[2024-03-19T09:45:43.734+0000] {processor.py:161} INFO - Started process (PID=22911) to work on /home/airflow/.local/lib/python3.8/site-packages/airflow/example_dags/tutorial_taskflow_api_virtualenv.py
[2024-03-19T09:45:43.742+0000] {processor.py:830} INFO - Processing file /home/airflow/.local/lib/python3.8/site-packages/airflow/example_dags/tutorial_taskflow_api_virtualenv.py for tasks to queue
[2024-03-19T09:45:43.745+0000] {logging_mixin.py:188} INFO - [2024-03-19T09:45:43.744+0000] {dagbag.py:540} INFO - Filling up the DagBag from /home/airflow/.local/lib/python3.8/site-packages/airflow/example_dags/tutorial_taskflow_api_virtualenv.py
[2024-03-19T09:45:43.791+0000] {processor.py:840} INFO - DAG(s) 'tutorial_taskflow_api_virtualenv' retrieved from /home/airflow/.local/lib/python3.8/site-packages/airflow/example_dags/tutorial_taskflow_api_virtualenv.py
[2024-03-19T09:45:43.867+0000] {logging_mixin.py:188} INFO - [2024-03-19T09:45:43.867+0000] {dag.py:3047} INFO - Sync 1 DAGs
[2024-03-19T09:45:43.899+0000] {logging_mixin.py:188} INFO - [2024-03-19T09:45:43.899+0000] {dag.py:3834} INFO - Setting next_dagrun for tutorial_taskflow_api_virtualenv to None, run_after=None
[2024-03-19T09:45:43.974+0000] {processor.py:183} INFO - Processing /home/airflow/.local/lib/python3.8/site-packages/airflow/example_dags/tutorial_taskflow_api_virtualenv.py took 0.259 seconds
[2024-03-19T09:46:17.897+0000] {processor.py:161} INFO - Started process (PID=22966) to work on /home/airflow/.local/lib/python3.8/site-packages/airflow/example_dags/tutorial_taskflow_api_virtualenv.py
[2024-03-19T09:46:17.900+0000] {processor.py:830} INFO - Processing file /home/airflow/.local/lib/python3.8/site-packages/airflow/example_dags/tutorial_taskflow_api_virtualenv.py for tasks to queue
[2024-03-19T09:46:17.902+0000] {logging_mixin.py:188} INFO - [2024-03-19T09:46:17.901+0000] {dagbag.py:540} INFO - Filling up the DagBag from /home/airflow/.local/lib/python3.8/site-packages/airflow/example_dags/tutorial_taskflow_api_virtualenv.py
[2024-03-19T09:46:17.929+0000] {processor.py:840} INFO - DAG(s) 'tutorial_taskflow_api_virtualenv' retrieved from /home/airflow/.local/lib/python3.8/site-packages/airflow/example_dags/tutorial_taskflow_api_virtualenv.py
[2024-03-19T09:46:17.974+0000] {logging_mixin.py:188} INFO - [2024-03-19T09:46:17.973+0000] {dag.py:3047} INFO - Sync 1 DAGs
[2024-03-19T09:46:18.010+0000] {logging_mixin.py:188} INFO - [2024-03-19T09:46:18.010+0000] {dag.py:3834} INFO - Setting next_dagrun for tutorial_taskflow_api_virtualenv to None, run_after=None
[2024-03-19T09:46:18.054+0000] {processor.py:183} INFO - Processing /home/airflow/.local/lib/python3.8/site-packages/airflow/example_dags/tutorial_taskflow_api_virtualenv.py took 0.163 seconds
[2024-03-19T09:46:49.114+0000] {processor.py:161} INFO - Started process (PID=23021) to work on /home/airflow/.local/lib/python3.8/site-packages/airflow/example_dags/tutorial_taskflow_api_virtualenv.py
[2024-03-19T09:46:49.117+0000] {processor.py:830} INFO - Processing file /home/airflow/.local/lib/python3.8/site-packages/airflow/example_dags/tutorial_taskflow_api_virtualenv.py for tasks to queue
[2024-03-19T09:46:49.119+0000] {logging_mixin.py:188} INFO - [2024-03-19T09:46:49.118+0000] {dagbag.py:540} INFO - Filling up the DagBag from /home/airflow/.local/lib/python3.8/site-packages/airflow/example_dags/tutorial_taskflow_api_virtualenv.py
[2024-03-19T09:46:49.136+0000] {processor.py:840} INFO - DAG(s) 'tutorial_taskflow_api_virtualenv' retrieved from /home/airflow/.local/lib/python3.8/site-packages/airflow/example_dags/tutorial_taskflow_api_virtualenv.py
[2024-03-19T09:46:49.162+0000] {logging_mixin.py:188} INFO - [2024-03-19T09:46:49.161+0000] {dag.py:3047} INFO - Sync 1 DAGs
[2024-03-19T09:46:49.177+0000] {logging_mixin.py:188} INFO - [2024-03-19T09:46:49.177+0000] {dag.py:3834} INFO - Setting next_dagrun for tutorial_taskflow_api_virtualenv to None, run_after=None
[2024-03-19T09:46:49.203+0000] {processor.py:183} INFO - Processing /home/airflow/.local/lib/python3.8/site-packages/airflow/example_dags/tutorial_taskflow_api_virtualenv.py took 0.094 seconds
[2024-03-19T09:47:20.858+0000] {processor.py:161} INFO - Started process (PID=23074) to work on /home/airflow/.local/lib/python3.8/site-packages/airflow/example_dags/tutorial_taskflow_api_virtualenv.py
[2024-03-19T09:47:20.860+0000] {processor.py:830} INFO - Processing file /home/airflow/.local/lib/python3.8/site-packages/airflow/example_dags/tutorial_taskflow_api_virtualenv.py for tasks to queue
[2024-03-19T09:47:20.863+0000] {logging_mixin.py:188} INFO - [2024-03-19T09:47:20.862+0000] {dagbag.py:540} INFO - Filling up the DagBag from /home/airflow/.local/lib/python3.8/site-packages/airflow/example_dags/tutorial_taskflow_api_virtualenv.py
[2024-03-19T09:47:20.885+0000] {processor.py:840} INFO - DAG(s) 'tutorial_taskflow_api_virtualenv' retrieved from /home/airflow/.local/lib/python3.8/site-packages/airflow/example_dags/tutorial_taskflow_api_virtualenv.py
[2024-03-19T09:47:20.930+0000] {logging_mixin.py:188} INFO - [2024-03-19T09:47:20.930+0000] {dag.py:3047} INFO - Sync 1 DAGs
[2024-03-19T09:47:20.959+0000] {logging_mixin.py:188} INFO - [2024-03-19T09:47:20.958+0000] {dag.py:3834} INFO - Setting next_dagrun for tutorial_taskflow_api_virtualenv to None, run_after=None
[2024-03-19T09:47:21.006+0000] {processor.py:183} INFO - Processing /home/airflow/.local/lib/python3.8/site-packages/airflow/example_dags/tutorial_taskflow_api_virtualenv.py took 0.154 seconds
[2024-03-19T09:47:51.399+0000] {processor.py:161} INFO - Started process (PID=23129) to work on /home/airflow/.local/lib/python3.8/site-packages/airflow/example_dags/tutorial_taskflow_api_virtualenv.py
[2024-03-19T09:47:51.401+0000] {processor.py:830} INFO - Processing file /home/airflow/.local/lib/python3.8/site-packages/airflow/example_dags/tutorial_taskflow_api_virtualenv.py for tasks to queue
[2024-03-19T09:47:51.404+0000] {logging_mixin.py:188} INFO - [2024-03-19T09:47:51.403+0000] {dagbag.py:540} INFO - Filling up the DagBag from /home/airflow/.local/lib/python3.8/site-packages/airflow/example_dags/tutorial_taskflow_api_virtualenv.py
[2024-03-19T09:47:51.428+0000] {processor.py:840} INFO - DAG(s) 'tutorial_taskflow_api_virtualenv' retrieved from /home/airflow/.local/lib/python3.8/site-packages/airflow/example_dags/tutorial_taskflow_api_virtualenv.py
[2024-03-19T09:47:51.474+0000] {logging_mixin.py:188} INFO - [2024-03-19T09:47:51.474+0000] {dag.py:3047} INFO - Sync 1 DAGs
[2024-03-19T09:47:51.498+0000] {logging_mixin.py:188} INFO - [2024-03-19T09:47:51.498+0000] {dag.py:3834} INFO - Setting next_dagrun for tutorial_taskflow_api_virtualenv to None, run_after=None
[2024-03-19T09:47:51.536+0000] {processor.py:183} INFO - Processing /home/airflow/.local/lib/python3.8/site-packages/airflow/example_dags/tutorial_taskflow_api_virtualenv.py took 0.143 seconds
[2024-03-19T09:48:21.660+0000] {processor.py:161} INFO - Started process (PID=23184) to work on /home/airflow/.local/lib/python3.8/site-packages/airflow/example_dags/tutorial_taskflow_api_virtualenv.py
[2024-03-19T09:48:21.663+0000] {processor.py:830} INFO - Processing file /home/airflow/.local/lib/python3.8/site-packages/airflow/example_dags/tutorial_taskflow_api_virtualenv.py for tasks to queue
[2024-03-19T09:48:21.665+0000] {logging_mixin.py:188} INFO - [2024-03-19T09:48:21.664+0000] {dagbag.py:540} INFO - Filling up the DagBag from /home/airflow/.local/lib/python3.8/site-packages/airflow/example_dags/tutorial_taskflow_api_virtualenv.py
[2024-03-19T09:48:21.685+0000] {processor.py:840} INFO - DAG(s) 'tutorial_taskflow_api_virtualenv' retrieved from /home/airflow/.local/lib/python3.8/site-packages/airflow/example_dags/tutorial_taskflow_api_virtualenv.py
[2024-03-19T09:48:21.725+0000] {logging_mixin.py:188} INFO - [2024-03-19T09:48:21.724+0000] {dag.py:3047} INFO - Sync 1 DAGs
[2024-03-19T09:48:21.752+0000] {logging_mixin.py:188} INFO - [2024-03-19T09:48:21.752+0000] {dag.py:3834} INFO - Setting next_dagrun for tutorial_taskflow_api_virtualenv to None, run_after=None
[2024-03-19T09:48:21.800+0000] {processor.py:183} INFO - Processing /home/airflow/.local/lib/python3.8/site-packages/airflow/example_dags/tutorial_taskflow_api_virtualenv.py took 0.146 seconds
[2024-03-19T09:48:54.126+0000] {processor.py:161} INFO - Started process (PID=23239) to work on /home/airflow/.local/lib/python3.8/site-packages/airflow/example_dags/tutorial_taskflow_api_virtualenv.py
[2024-03-19T09:48:54.159+0000] {processor.py:830} INFO - Processing file /home/airflow/.local/lib/python3.8/site-packages/airflow/example_dags/tutorial_taskflow_api_virtualenv.py for tasks to queue
[2024-03-19T09:48:54.222+0000] {logging_mixin.py:188} INFO - [2024-03-19T09:48:54.221+0000] {dagbag.py:540} INFO - Filling up the DagBag from /home/airflow/.local/lib/python3.8/site-packages/airflow/example_dags/tutorial_taskflow_api_virtualenv.py
[2024-03-19T09:48:54.499+0000] {processor.py:840} INFO - DAG(s) 'tutorial_taskflow_api_virtualenv' retrieved from /home/airflow/.local/lib/python3.8/site-packages/airflow/example_dags/tutorial_taskflow_api_virtualenv.py
[2024-03-19T09:48:54.811+0000] {logging_mixin.py:188} INFO - [2024-03-19T09:48:54.808+0000] {dag.py:3047} INFO - Sync 1 DAGs
[2024-03-19T09:48:54.862+0000] {logging_mixin.py:188} INFO - [2024-03-19T09:48:54.861+0000] {dag.py:3834} INFO - Setting next_dagrun for tutorial_taskflow_api_virtualenv to None, run_after=None
[2024-03-19T09:48:54.947+0000] {processor.py:183} INFO - Processing /home/airflow/.local/lib/python3.8/site-packages/airflow/example_dags/tutorial_taskflow_api_virtualenv.py took 0.842 seconds
[2024-03-19T09:49:25.980+0000] {processor.py:161} INFO - Started process (PID=23294) to work on /home/airflow/.local/lib/python3.8/site-packages/airflow/example_dags/tutorial_taskflow_api_virtualenv.py
[2024-03-19T09:49:25.983+0000] {processor.py:830} INFO - Processing file /home/airflow/.local/lib/python3.8/site-packages/airflow/example_dags/tutorial_taskflow_api_virtualenv.py for tasks to queue
[2024-03-19T09:49:25.985+0000] {logging_mixin.py:188} INFO - [2024-03-19T09:49:25.984+0000] {dagbag.py:540} INFO - Filling up the DagBag from /home/airflow/.local/lib/python3.8/site-packages/airflow/example_dags/tutorial_taskflow_api_virtualenv.py
[2024-03-19T09:49:25.999+0000] {processor.py:840} INFO - DAG(s) 'tutorial_taskflow_api_virtualenv' retrieved from /home/airflow/.local/lib/python3.8/site-packages/airflow/example_dags/tutorial_taskflow_api_virtualenv.py
[2024-03-19T09:49:26.035+0000] {logging_mixin.py:188} INFO - [2024-03-19T09:49:26.034+0000] {dag.py:3047} INFO - Sync 1 DAGs
[2024-03-19T09:49:26.050+0000] {logging_mixin.py:188} INFO - [2024-03-19T09:49:26.049+0000] {dag.py:3834} INFO - Setting next_dagrun for tutorial_taskflow_api_virtualenv to None, run_after=None
[2024-03-19T09:49:26.110+0000] {processor.py:183} INFO - Processing /home/airflow/.local/lib/python3.8/site-packages/airflow/example_dags/tutorial_taskflow_api_virtualenv.py took 0.134 seconds
[2024-03-19T09:49:56.709+0000] {processor.py:161} INFO - Started process (PID=23348) to work on /home/airflow/.local/lib/python3.8/site-packages/airflow/example_dags/tutorial_taskflow_api_virtualenv.py
[2024-03-19T09:49:56.711+0000] {processor.py:830} INFO - Processing file /home/airflow/.local/lib/python3.8/site-packages/airflow/example_dags/tutorial_taskflow_api_virtualenv.py for tasks to queue
[2024-03-19T09:49:56.714+0000] {logging_mixin.py:188} INFO - [2024-03-19T09:49:56.713+0000] {dagbag.py:540} INFO - Filling up the DagBag from /home/airflow/.local/lib/python3.8/site-packages/airflow/example_dags/tutorial_taskflow_api_virtualenv.py
[2024-03-19T09:49:56.751+0000] {processor.py:840} INFO - DAG(s) 'tutorial_taskflow_api_virtualenv' retrieved from /home/airflow/.local/lib/python3.8/site-packages/airflow/example_dags/tutorial_taskflow_api_virtualenv.py
[2024-03-19T09:49:56.819+0000] {logging_mixin.py:188} INFO - [2024-03-19T09:49:56.818+0000] {dag.py:3047} INFO - Sync 1 DAGs
[2024-03-19T09:49:56.873+0000] {logging_mixin.py:188} INFO - [2024-03-19T09:49:56.872+0000] {dag.py:3834} INFO - Setting next_dagrun for tutorial_taskflow_api_virtualenv to None, run_after=None
[2024-03-19T09:49:56.931+0000] {processor.py:183} INFO - Processing /home/airflow/.local/lib/python3.8/site-packages/airflow/example_dags/tutorial_taskflow_api_virtualenv.py took 0.234 seconds
[2024-03-19T09:50:27.369+0000] {processor.py:161} INFO - Started process (PID=23403) to work on /home/airflow/.local/lib/python3.8/site-packages/airflow/example_dags/tutorial_taskflow_api_virtualenv.py
[2024-03-19T09:50:27.373+0000] {processor.py:830} INFO - Processing file /home/airflow/.local/lib/python3.8/site-packages/airflow/example_dags/tutorial_taskflow_api_virtualenv.py for tasks to queue
[2024-03-19T09:50:27.384+0000] {logging_mixin.py:188} INFO - [2024-03-19T09:50:27.380+0000] {dagbag.py:540} INFO - Filling up the DagBag from /home/airflow/.local/lib/python3.8/site-packages/airflow/example_dags/tutorial_taskflow_api_virtualenv.py
[2024-03-19T09:50:27.446+0000] {processor.py:840} INFO - DAG(s) 'tutorial_taskflow_api_virtualenv' retrieved from /home/airflow/.local/lib/python3.8/site-packages/airflow/example_dags/tutorial_taskflow_api_virtualenv.py
[2024-03-19T09:50:27.759+0000] {logging_mixin.py:188} INFO - [2024-03-19T09:50:27.758+0000] {dag.py:3047} INFO - Sync 1 DAGs
[2024-03-19T09:50:27.835+0000] {logging_mixin.py:188} INFO - [2024-03-19T09:50:27.829+0000] {dag.py:3834} INFO - Setting next_dagrun for tutorial_taskflow_api_virtualenv to None, run_after=None
[2024-03-19T09:50:27.969+0000] {processor.py:183} INFO - Processing /home/airflow/.local/lib/python3.8/site-packages/airflow/example_dags/tutorial_taskflow_api_virtualenv.py took 0.618 seconds
[2024-03-19T09:51:02.747+0000] {processor.py:161} INFO - Started process (PID=23459) to work on /home/airflow/.local/lib/python3.8/site-packages/airflow/example_dags/tutorial_taskflow_api_virtualenv.py
[2024-03-19T09:51:02.751+0000] {processor.py:830} INFO - Processing file /home/airflow/.local/lib/python3.8/site-packages/airflow/example_dags/tutorial_taskflow_api_virtualenv.py for tasks to queue
[2024-03-19T09:51:02.757+0000] {logging_mixin.py:188} INFO - [2024-03-19T09:51:02.756+0000] {dagbag.py:540} INFO - Filling up the DagBag from /home/airflow/.local/lib/python3.8/site-packages/airflow/example_dags/tutorial_taskflow_api_virtualenv.py
[2024-03-19T09:51:02.800+0000] {processor.py:840} INFO - DAG(s) 'tutorial_taskflow_api_virtualenv' retrieved from /home/airflow/.local/lib/python3.8/site-packages/airflow/example_dags/tutorial_taskflow_api_virtualenv.py
[2024-03-19T09:51:02.874+0000] {logging_mixin.py:188} INFO - [2024-03-19T09:51:02.872+0000] {dag.py:3047} INFO - Sync 1 DAGs
[2024-03-19T09:51:03.149+0000] {logging_mixin.py:188} INFO - [2024-03-19T09:51:03.148+0000] {dag.py:3834} INFO - Setting next_dagrun for tutorial_taskflow_api_virtualenv to None, run_after=None
[2024-03-19T09:51:03.339+0000] {processor.py:183} INFO - Processing /home/airflow/.local/lib/python3.8/site-packages/airflow/example_dags/tutorial_taskflow_api_virtualenv.py took 0.600 seconds
[2024-03-19T09:51:33.762+0000] {processor.py:161} INFO - Started process (PID=23512) to work on /home/airflow/.local/lib/python3.8/site-packages/airflow/example_dags/tutorial_taskflow_api_virtualenv.py
[2024-03-19T09:51:33.765+0000] {processor.py:830} INFO - Processing file /home/airflow/.local/lib/python3.8/site-packages/airflow/example_dags/tutorial_taskflow_api_virtualenv.py for tasks to queue
[2024-03-19T09:51:33.768+0000] {logging_mixin.py:188} INFO - [2024-03-19T09:51:33.767+0000] {dagbag.py:540} INFO - Filling up the DagBag from /home/airflow/.local/lib/python3.8/site-packages/airflow/example_dags/tutorial_taskflow_api_virtualenv.py
[2024-03-19T09:51:33.807+0000] {processor.py:840} INFO - DAG(s) 'tutorial_taskflow_api_virtualenv' retrieved from /home/airflow/.local/lib/python3.8/site-packages/airflow/example_dags/tutorial_taskflow_api_virtualenv.py
[2024-03-19T09:51:33.871+0000] {logging_mixin.py:188} INFO - [2024-03-19T09:51:33.870+0000] {dag.py:3047} INFO - Sync 1 DAGs
[2024-03-19T09:51:33.933+0000] {logging_mixin.py:188} INFO - [2024-03-19T09:51:33.933+0000] {dag.py:3834} INFO - Setting next_dagrun for tutorial_taskflow_api_virtualenv to None, run_after=None
[2024-03-19T09:51:33.985+0000] {processor.py:183} INFO - Processing /home/airflow/.local/lib/python3.8/site-packages/airflow/example_dags/tutorial_taskflow_api_virtualenv.py took 0.228 seconds
[2024-03-19T09:52:04.610+0000] {processor.py:161} INFO - Started process (PID=23567) to work on /home/airflow/.local/lib/python3.8/site-packages/airflow/example_dags/tutorial_taskflow_api_virtualenv.py
[2024-03-19T09:52:04.611+0000] {processor.py:830} INFO - Processing file /home/airflow/.local/lib/python3.8/site-packages/airflow/example_dags/tutorial_taskflow_api_virtualenv.py for tasks to queue
[2024-03-19T09:52:04.613+0000] {logging_mixin.py:188} INFO - [2024-03-19T09:52:04.613+0000] {dagbag.py:540} INFO - Filling up the DagBag from /home/airflow/.local/lib/python3.8/site-packages/airflow/example_dags/tutorial_taskflow_api_virtualenv.py
[2024-03-19T09:52:04.628+0000] {processor.py:840} INFO - DAG(s) 'tutorial_taskflow_api_virtualenv' retrieved from /home/airflow/.local/lib/python3.8/site-packages/airflow/example_dags/tutorial_taskflow_api_virtualenv.py
[2024-03-19T09:52:04.655+0000] {logging_mixin.py:188} INFO - [2024-03-19T09:52:04.654+0000] {dag.py:3047} INFO - Sync 1 DAGs
[2024-03-19T09:52:04.669+0000] {logging_mixin.py:188} INFO - [2024-03-19T09:52:04.669+0000] {dag.py:3834} INFO - Setting next_dagrun for tutorial_taskflow_api_virtualenv to None, run_after=None
[2024-03-19T09:52:04.696+0000] {processor.py:183} INFO - Processing /home/airflow/.local/lib/python3.8/site-packages/airflow/example_dags/tutorial_taskflow_api_virtualenv.py took 0.091 seconds
[2024-03-19T09:52:34.793+0000] {processor.py:161} INFO - Started process (PID=23622) to work on /home/airflow/.local/lib/python3.8/site-packages/airflow/example_dags/tutorial_taskflow_api_virtualenv.py
[2024-03-19T09:52:34.804+0000] {processor.py:830} INFO - Processing file /home/airflow/.local/lib/python3.8/site-packages/airflow/example_dags/tutorial_taskflow_api_virtualenv.py for tasks to queue
[2024-03-19T09:52:34.808+0000] {logging_mixin.py:188} INFO - [2024-03-19T09:52:34.807+0000] {dagbag.py:540} INFO - Filling up the DagBag from /home/airflow/.local/lib/python3.8/site-packages/airflow/example_dags/tutorial_taskflow_api_virtualenv.py
[2024-03-19T09:52:34.870+0000] {processor.py:840} INFO - DAG(s) 'tutorial_taskflow_api_virtualenv' retrieved from /home/airflow/.local/lib/python3.8/site-packages/airflow/example_dags/tutorial_taskflow_api_virtualenv.py
[2024-03-19T09:52:34.971+0000] {logging_mixin.py:188} INFO - [2024-03-19T09:52:34.971+0000] {dag.py:3047} INFO - Sync 1 DAGs
[2024-03-19T09:52:35.090+0000] {logging_mixin.py:188} INFO - [2024-03-19T09:52:35.089+0000] {dag.py:3834} INFO - Setting next_dagrun for tutorial_taskflow_api_virtualenv to None, run_after=None
[2024-03-19T09:52:35.284+0000] {processor.py:183} INFO - Processing /home/airflow/.local/lib/python3.8/site-packages/airflow/example_dags/tutorial_taskflow_api_virtualenv.py took 0.512 seconds
[2024-03-19T09:53:06.074+0000] {processor.py:161} INFO - Started process (PID=23677) to work on /home/airflow/.local/lib/python3.8/site-packages/airflow/example_dags/tutorial_taskflow_api_virtualenv.py
[2024-03-19T09:53:06.076+0000] {processor.py:830} INFO - Processing file /home/airflow/.local/lib/python3.8/site-packages/airflow/example_dags/tutorial_taskflow_api_virtualenv.py for tasks to queue
[2024-03-19T09:53:06.078+0000] {logging_mixin.py:188} INFO - [2024-03-19T09:53:06.078+0000] {dagbag.py:540} INFO - Filling up the DagBag from /home/airflow/.local/lib/python3.8/site-packages/airflow/example_dags/tutorial_taskflow_api_virtualenv.py
[2024-03-19T09:53:06.098+0000] {processor.py:840} INFO - DAG(s) 'tutorial_taskflow_api_virtualenv' retrieved from /home/airflow/.local/lib/python3.8/site-packages/airflow/example_dags/tutorial_taskflow_api_virtualenv.py
[2024-03-19T09:53:06.128+0000] {logging_mixin.py:188} INFO - [2024-03-19T09:53:06.128+0000] {dag.py:3047} INFO - Sync 1 DAGs
[2024-03-19T09:53:06.148+0000] {logging_mixin.py:188} INFO - [2024-03-19T09:53:06.148+0000] {dag.py:3834} INFO - Setting next_dagrun for tutorial_taskflow_api_virtualenv to None, run_after=None
[2024-03-19T09:53:06.175+0000] {processor.py:183} INFO - Processing /home/airflow/.local/lib/python3.8/site-packages/airflow/example_dags/tutorial_taskflow_api_virtualenv.py took 0.106 seconds
[2024-03-19T09:53:37.049+0000] {processor.py:161} INFO - Started process (PID=23732) to work on /home/airflow/.local/lib/python3.8/site-packages/airflow/example_dags/tutorial_taskflow_api_virtualenv.py
[2024-03-19T09:53:37.051+0000] {processor.py:830} INFO - Processing file /home/airflow/.local/lib/python3.8/site-packages/airflow/example_dags/tutorial_taskflow_api_virtualenv.py for tasks to queue
[2024-03-19T09:53:37.053+0000] {logging_mixin.py:188} INFO - [2024-03-19T09:53:37.052+0000] {dagbag.py:540} INFO - Filling up the DagBag from /home/airflow/.local/lib/python3.8/site-packages/airflow/example_dags/tutorial_taskflow_api_virtualenv.py
[2024-03-19T09:53:37.068+0000] {processor.py:840} INFO - DAG(s) 'tutorial_taskflow_api_virtualenv' retrieved from /home/airflow/.local/lib/python3.8/site-packages/airflow/example_dags/tutorial_taskflow_api_virtualenv.py
[2024-03-19T09:53:37.099+0000] {logging_mixin.py:188} INFO - [2024-03-19T09:53:37.099+0000] {dag.py:3047} INFO - Sync 1 DAGs
[2024-03-19T09:53:37.120+0000] {logging_mixin.py:188} INFO - [2024-03-19T09:53:37.120+0000] {dag.py:3834} INFO - Setting next_dagrun for tutorial_taskflow_api_virtualenv to None, run_after=None
[2024-03-19T09:53:37.153+0000] {processor.py:183} INFO - Processing /home/airflow/.local/lib/python3.8/site-packages/airflow/example_dags/tutorial_taskflow_api_virtualenv.py took 0.108 seconds
[2024-03-19T09:54:07.464+0000] {processor.py:161} INFO - Started process (PID=23788) to work on /home/airflow/.local/lib/python3.8/site-packages/airflow/example_dags/tutorial_taskflow_api_virtualenv.py
[2024-03-19T09:54:07.466+0000] {processor.py:830} INFO - Processing file /home/airflow/.local/lib/python3.8/site-packages/airflow/example_dags/tutorial_taskflow_api_virtualenv.py for tasks to queue
[2024-03-19T09:54:07.467+0000] {logging_mixin.py:188} INFO - [2024-03-19T09:54:07.467+0000] {dagbag.py:540} INFO - Filling up the DagBag from /home/airflow/.local/lib/python3.8/site-packages/airflow/example_dags/tutorial_taskflow_api_virtualenv.py
[2024-03-19T09:54:07.480+0000] {processor.py:840} INFO - DAG(s) 'tutorial_taskflow_api_virtualenv' retrieved from /home/airflow/.local/lib/python3.8/site-packages/airflow/example_dags/tutorial_taskflow_api_virtualenv.py
[2024-03-19T09:54:07.504+0000] {logging_mixin.py:188} INFO - [2024-03-19T09:54:07.504+0000] {dag.py:3047} INFO - Sync 1 DAGs
[2024-03-19T09:54:07.518+0000] {logging_mixin.py:188} INFO - [2024-03-19T09:54:07.518+0000] {dag.py:3834} INFO - Setting next_dagrun for tutorial_taskflow_api_virtualenv to None, run_after=None
[2024-03-19T09:54:07.541+0000] {processor.py:183} INFO - Processing /home/airflow/.local/lib/python3.8/site-packages/airflow/example_dags/tutorial_taskflow_api_virtualenv.py took 0.081 seconds
[2024-03-19T09:54:37.647+0000] {processor.py:161} INFO - Started process (PID=23843) to work on /home/airflow/.local/lib/python3.8/site-packages/airflow/example_dags/tutorial_taskflow_api_virtualenv.py
[2024-03-19T09:54:37.652+0000] {processor.py:830} INFO - Processing file /home/airflow/.local/lib/python3.8/site-packages/airflow/example_dags/tutorial_taskflow_api_virtualenv.py for tasks to queue
[2024-03-19T09:54:37.654+0000] {logging_mixin.py:188} INFO - [2024-03-19T09:54:37.653+0000] {dagbag.py:540} INFO - Filling up the DagBag from /home/airflow/.local/lib/python3.8/site-packages/airflow/example_dags/tutorial_taskflow_api_virtualenv.py
[2024-03-19T09:54:37.668+0000] {processor.py:840} INFO - DAG(s) 'tutorial_taskflow_api_virtualenv' retrieved from /home/airflow/.local/lib/python3.8/site-packages/airflow/example_dags/tutorial_taskflow_api_virtualenv.py
[2024-03-19T09:54:37.694+0000] {logging_mixin.py:188} INFO - [2024-03-19T09:54:37.694+0000] {dag.py:3047} INFO - Sync 1 DAGs
[2024-03-19T09:54:37.712+0000] {logging_mixin.py:188} INFO - [2024-03-19T09:54:37.712+0000] {dag.py:3834} INFO - Setting next_dagrun for tutorial_taskflow_api_virtualenv to None, run_after=None
[2024-03-19T09:54:37.749+0000] {processor.py:183} INFO - Processing /home/airflow/.local/lib/python3.8/site-packages/airflow/example_dags/tutorial_taskflow_api_virtualenv.py took 0.106 seconds
[2024-03-19T09:55:08.164+0000] {processor.py:161} INFO - Started process (PID=23898) to work on /home/airflow/.local/lib/python3.8/site-packages/airflow/example_dags/tutorial_taskflow_api_virtualenv.py
[2024-03-19T09:55:08.166+0000] {processor.py:830} INFO - Processing file /home/airflow/.local/lib/python3.8/site-packages/airflow/example_dags/tutorial_taskflow_api_virtualenv.py for tasks to queue
[2024-03-19T09:55:08.168+0000] {logging_mixin.py:188} INFO - [2024-03-19T09:55:08.168+0000] {dagbag.py:540} INFO - Filling up the DagBag from /home/airflow/.local/lib/python3.8/site-packages/airflow/example_dags/tutorial_taskflow_api_virtualenv.py
[2024-03-19T09:55:08.186+0000] {processor.py:840} INFO - DAG(s) 'tutorial_taskflow_api_virtualenv' retrieved from /home/airflow/.local/lib/python3.8/site-packages/airflow/example_dags/tutorial_taskflow_api_virtualenv.py
[2024-03-19T09:55:08.218+0000] {logging_mixin.py:188} INFO - [2024-03-19T09:55:08.218+0000] {dag.py:3047} INFO - Sync 1 DAGs
[2024-03-19T09:55:08.237+0000] {logging_mixin.py:188} INFO - [2024-03-19T09:55:08.237+0000] {dag.py:3834} INFO - Setting next_dagrun for tutorial_taskflow_api_virtualenv to None, run_after=None
[2024-03-19T09:55:08.262+0000] {processor.py:183} INFO - Processing /home/airflow/.local/lib/python3.8/site-packages/airflow/example_dags/tutorial_taskflow_api_virtualenv.py took 0.104 seconds
[2024-03-19T09:55:40.653+0000] {processor.py:161} INFO - Started process (PID=23953) to work on /home/airflow/.local/lib/python3.8/site-packages/airflow/example_dags/tutorial_taskflow_api_virtualenv.py
[2024-03-19T09:55:40.667+0000] {processor.py:830} INFO - Processing file /home/airflow/.local/lib/python3.8/site-packages/airflow/example_dags/tutorial_taskflow_api_virtualenv.py for tasks to queue
[2024-03-19T09:55:40.670+0000] {logging_mixin.py:188} INFO - [2024-03-19T09:55:40.670+0000] {dagbag.py:540} INFO - Filling up the DagBag from /home/airflow/.local/lib/python3.8/site-packages/airflow/example_dags/tutorial_taskflow_api_virtualenv.py
[2024-03-19T09:55:40.743+0000] {processor.py:840} INFO - DAG(s) 'tutorial_taskflow_api_virtualenv' retrieved from /home/airflow/.local/lib/python3.8/site-packages/airflow/example_dags/tutorial_taskflow_api_virtualenv.py
[2024-03-19T09:55:40.819+0000] {logging_mixin.py:188} INFO - [2024-03-19T09:55:40.819+0000] {dag.py:3047} INFO - Sync 1 DAGs
[2024-03-19T09:55:40.846+0000] {logging_mixin.py:188} INFO - [2024-03-19T09:55:40.845+0000] {dag.py:3834} INFO - Setting next_dagrun for tutorial_taskflow_api_virtualenv to None, run_after=None
[2024-03-19T09:55:40.897+0000] {processor.py:183} INFO - Processing /home/airflow/.local/lib/python3.8/site-packages/airflow/example_dags/tutorial_taskflow_api_virtualenv.py took 0.254 seconds
[2024-03-19T09:56:11.023+0000] {processor.py:161} INFO - Started process (PID=24006) to work on /home/airflow/.local/lib/python3.8/site-packages/airflow/example_dags/tutorial_taskflow_api_virtualenv.py
[2024-03-19T09:56:11.025+0000] {processor.py:830} INFO - Processing file /home/airflow/.local/lib/python3.8/site-packages/airflow/example_dags/tutorial_taskflow_api_virtualenv.py for tasks to queue
[2024-03-19T09:56:11.027+0000] {logging_mixin.py:188} INFO - [2024-03-19T09:56:11.027+0000] {dagbag.py:540} INFO - Filling up the DagBag from /home/airflow/.local/lib/python3.8/site-packages/airflow/example_dags/tutorial_taskflow_api_virtualenv.py
[2024-03-19T09:56:11.045+0000] {processor.py:840} INFO - DAG(s) 'tutorial_taskflow_api_virtualenv' retrieved from /home/airflow/.local/lib/python3.8/site-packages/airflow/example_dags/tutorial_taskflow_api_virtualenv.py
[2024-03-19T09:56:11.081+0000] {logging_mixin.py:188} INFO - [2024-03-19T09:56:11.081+0000] {dag.py:3047} INFO - Sync 1 DAGs
[2024-03-19T09:56:11.098+0000] {logging_mixin.py:188} INFO - [2024-03-19T09:56:11.098+0000] {dag.py:3834} INFO - Setting next_dagrun for tutorial_taskflow_api_virtualenv to None, run_after=None
[2024-03-19T09:56:11.134+0000] {processor.py:183} INFO - Processing /home/airflow/.local/lib/python3.8/site-packages/airflow/example_dags/tutorial_taskflow_api_virtualenv.py took 0.116 seconds
[2024-03-19T09:56:41.462+0000] {processor.py:161} INFO - Started process (PID=24061) to work on /home/airflow/.local/lib/python3.8/site-packages/airflow/example_dags/tutorial_taskflow_api_virtualenv.py
[2024-03-19T09:56:41.464+0000] {processor.py:830} INFO - Processing file /home/airflow/.local/lib/python3.8/site-packages/airflow/example_dags/tutorial_taskflow_api_virtualenv.py for tasks to queue
[2024-03-19T09:56:41.466+0000] {logging_mixin.py:188} INFO - [2024-03-19T09:56:41.466+0000] {dagbag.py:540} INFO - Filling up the DagBag from /home/airflow/.local/lib/python3.8/site-packages/airflow/example_dags/tutorial_taskflow_api_virtualenv.py
[2024-03-19T09:56:41.483+0000] {processor.py:840} INFO - DAG(s) 'tutorial_taskflow_api_virtualenv' retrieved from /home/airflow/.local/lib/python3.8/site-packages/airflow/example_dags/tutorial_taskflow_api_virtualenv.py
[2024-03-19T09:56:41.516+0000] {logging_mixin.py:188} INFO - [2024-03-19T09:56:41.516+0000] {dag.py:3047} INFO - Sync 1 DAGs
[2024-03-19T09:56:41.535+0000] {logging_mixin.py:188} INFO - [2024-03-19T09:56:41.535+0000] {dag.py:3834} INFO - Setting next_dagrun for tutorial_taskflow_api_virtualenv to None, run_after=None
[2024-03-19T09:56:41.583+0000] {processor.py:183} INFO - Processing /home/airflow/.local/lib/python3.8/site-packages/airflow/example_dags/tutorial_taskflow_api_virtualenv.py took 0.129 seconds
[2024-03-19T09:57:12.240+0000] {processor.py:161} INFO - Started process (PID=24116) to work on /home/airflow/.local/lib/python3.8/site-packages/airflow/example_dags/tutorial_taskflow_api_virtualenv.py
[2024-03-19T09:57:12.242+0000] {processor.py:830} INFO - Processing file /home/airflow/.local/lib/python3.8/site-packages/airflow/example_dags/tutorial_taskflow_api_virtualenv.py for tasks to queue
[2024-03-19T09:57:12.244+0000] {logging_mixin.py:188} INFO - [2024-03-19T09:57:12.244+0000] {dagbag.py:540} INFO - Filling up the DagBag from /home/airflow/.local/lib/python3.8/site-packages/airflow/example_dags/tutorial_taskflow_api_virtualenv.py
[2024-03-19T09:57:12.266+0000] {processor.py:840} INFO - DAG(s) 'tutorial_taskflow_api_virtualenv' retrieved from /home/airflow/.local/lib/python3.8/site-packages/airflow/example_dags/tutorial_taskflow_api_virtualenv.py
[2024-03-19T09:57:12.299+0000] {logging_mixin.py:188} INFO - [2024-03-19T09:57:12.299+0000] {dag.py:3047} INFO - Sync 1 DAGs
[2024-03-19T09:57:12.320+0000] {logging_mixin.py:188} INFO - [2024-03-19T09:57:12.319+0000] {dag.py:3834} INFO - Setting next_dagrun for tutorial_taskflow_api_virtualenv to None, run_after=None
[2024-03-19T09:57:12.354+0000] {processor.py:183} INFO - Processing /home/airflow/.local/lib/python3.8/site-packages/airflow/example_dags/tutorial_taskflow_api_virtualenv.py took 0.122 seconds
