[2024-03-19T10:21:42.499+0000] {manager.py:469} INFO - Processing files using up to 1 processes at a time 
[2024-03-19T10:21:42.502+0000] {manager.py:470} INFO - Process each file at most once every 30 seconds
[2024-03-19T10:21:42.503+0000] {manager.py:471} INFO - Checking for new files in /opt/airflow/dags every 300 seconds
[2024-03-19T10:21:42.504+0000] {manager.py:738} INFO - Searching for files in /opt/airflow/dags
[2024-03-19T10:21:42.507+0000] {manager.py:741} INFO - There are 0 files in /opt/airflow/dags
[2024-03-19T10:26:15.838+0000] {manager.py:469} INFO - Processing files using up to 1 processes at a time 
[2024-03-19T10:26:15.842+0000] {manager.py:470} INFO - Process each file at most once every 30 seconds
[2024-03-19T10:26:15.844+0000] {manager.py:471} INFO - Checking for new files in /opt/airflow/dags every 300 seconds
[2024-03-19T10:26:15.844+0000] {manager.py:738} INFO - Searching for files in /opt/airflow/dags
[2024-03-19T10:26:15.846+0000] {manager.py:741} INFO - There are 0 files in /opt/airflow/dags
[2024-03-19T10:29:33.774+0000] {manager.py:469} INFO - Processing files using up to 1 processes at a time 
[2024-03-19T10:29:33.776+0000] {manager.py:470} INFO - Process each file at most once every 30 seconds
[2024-03-19T10:29:33.779+0000] {manager.py:471} INFO - Checking for new files in /opt/airflow/dags every 300 seconds
[2024-03-19T10:29:33.780+0000] {manager.py:738} INFO - Searching for files in /opt/airflow/dags
[2024-03-19T10:29:33.782+0000] {manager.py:741} INFO - There are 0 files in /opt/airflow/dags
[2024-03-19T10:32:56.245+0000] {manager.py:469} INFO - Processing files using up to 1 processes at a time 
[2024-03-19T10:32:56.247+0000] {manager.py:470} INFO - Process each file at most once every 30 seconds
[2024-03-19T10:32:56.248+0000] {manager.py:471} INFO - Checking for new files in /opt/airflow/dags every 300 seconds
[2024-03-19T10:32:56.248+0000] {manager.py:738} INFO - Searching for files in /opt/airflow/dags
[2024-03-19T10:32:56.249+0000] {manager.py:741} INFO - There are 0 files in /opt/airflow/dags
[2024-03-19T10:37:46.540+0000] {manager.py:469} INFO - Processing files using up to 1 processes at a time 
[2024-03-19T10:37:46.542+0000] {manager.py:470} INFO - Process each file at most once every 30 seconds
[2024-03-19T10:37:46.543+0000] {manager.py:471} INFO - Checking for new files in /opt/airflow/dags every 300 seconds
[2024-03-19T10:37:46.544+0000] {manager.py:738} INFO - Searching for files in /opt/airflow/dags
[2024-03-19T10:37:46.545+0000] {manager.py:741} INFO - There are 0 files in /opt/airflow/dags
[2024-03-19T10:39:14.114+0000] {manager.py:469} INFO - Processing files using up to 1 processes at a time 
[2024-03-19T10:39:14.116+0000] {manager.py:470} INFO - Process each file at most once every 30 seconds
[2024-03-19T10:39:14.117+0000] {manager.py:471} INFO - Checking for new files in /opt/airflow/dags every 300 seconds
[2024-03-19T10:39:14.118+0000] {manager.py:738} INFO - Searching for files in /opt/airflow/dags
[2024-03-19T10:39:14.120+0000] {manager.py:741} INFO - There are 0 files in /opt/airflow/dags
[2024-03-19T10:41:48.543+0000] {manager.py:469} INFO - Processing files using up to 1 processes at a time 
[2024-03-19T10:41:48.545+0000] {manager.py:470} INFO - Process each file at most once every 30 seconds
[2024-03-19T10:41:48.548+0000] {manager.py:471} INFO - Checking for new files in /opt/airflow/dags every 300 seconds
[2024-03-19T10:41:48.550+0000] {manager.py:738} INFO - Searching for files in /opt/airflow/dags
[2024-03-19T10:41:48.563+0000] {manager.py:741} INFO - There are 0 files in /opt/airflow/dags
[2024-03-19T10:46:48.726+0000] {manager.py:738} INFO - Searching for files in /opt/airflow/dags
[2024-03-19T10:46:48.764+0000] {manager.py:741} INFO - There are 0 files in /opt/airflow/dags
[2024-03-19T10:51:49.031+0000] {manager.py:738} INFO - Searching for files in /opt/airflow/dags
[2024-03-19T10:51:49.074+0000] {manager.py:741} INFO - There are 0 files in /opt/airflow/dags
[2024-03-19T10:56:49.353+0000] {manager.py:738} INFO - Searching for files in /opt/airflow/dags
[2024-03-19T10:56:49.392+0000] {manager.py:741} INFO - There are 0 files in /opt/airflow/dags
[2024-03-19T11:01:49.637+0000] {manager.py:738} INFO - Searching for files in /opt/airflow/dags
[2024-03-19T11:01:49.683+0000] {manager.py:741} INFO - There are 0 files in /opt/airflow/dags
[2024-03-19T11:06:49.999+0000] {manager.py:738} INFO - Searching for files in /opt/airflow/dags
[2024-03-19T11:06:50.014+0000] {manager.py:741} INFO - There are 0 files in /opt/airflow/dags
[2024-03-19T14:50:26.771+0000] {manager.py:738} INFO - Searching for files in /opt/airflow/dags
[2024-03-19T14:50:30.051+0000] {manager.py:741} INFO - There are 0 files in /opt/airflow/dags
[2024-03-19T14:55:26.794+0000] {manager.py:738} INFO - Searching for files in /opt/airflow/dags
[2024-03-19T14:55:26.902+0000] {manager.py:741} INFO - There are 0 files in /opt/airflow/dags
[2024-03-19T15:00:27.746+0000] {manager.py:738} INFO - Searching for files in /opt/airflow/dags
[2024-03-19T15:00:27.748+0000] {manager.py:741} INFO - There are 0 files in /opt/airflow/dags
[2024-03-19T15:05:28.179+0000] {manager.py:738} INFO - Searching for files in /opt/airflow/dags
[2024-03-19T15:05:28.206+0000] {manager.py:741} INFO - There are 0 files in /opt/airflow/dags
[2024-03-19T15:10:28.685+0000] {manager.py:738} INFO - Searching for files in /opt/airflow/dags
[2024-03-19T15:10:28.693+0000] {manager.py:741} INFO - There are 0 files in /opt/airflow/dags
[2024-03-19T15:15:28.793+0000] {manager.py:738} INFO - Searching for files in /opt/airflow/dags
[2024-03-19T15:15:28.844+0000] {manager.py:741} INFO - There are 0 files in /opt/airflow/dags
[2024-03-19T15:20:29.483+0000] {manager.py:738} INFO - Searching for files in /opt/airflow/dags
[2024-03-19T15:20:29.507+0000] {manager.py:741} INFO - There are 0 files in /opt/airflow/dags
[2024-03-19T15:25:29.851+0000] {manager.py:738} INFO - Searching for files in /opt/airflow/dags
[2024-03-19T15:25:29.868+0000] {manager.py:741} INFO - There are 0 files in /opt/airflow/dags
[2024-03-19T15:30:30.701+0000] {manager.py:738} INFO - Searching for files in /opt/airflow/dags
[2024-03-19T15:30:30.775+0000] {manager.py:741} INFO - There are 0 files in /opt/airflow/dags
[2024-03-19T15:35:31.644+0000] {manager.py:738} INFO - Searching for files in /opt/airflow/dags
[2024-03-19T15:35:31.667+0000] {manager.py:741} INFO - There are 0 files in /opt/airflow/dags
[2024-03-19T15:40:31.994+0000] {manager.py:738} INFO - Searching for files in /opt/airflow/dags
[2024-03-19T15:40:32.084+0000] {manager.py:741} INFO - There are 0 files in /opt/airflow/dags
[2024-03-19T15:45:33.091+0000] {manager.py:738} INFO - Searching for files in /opt/airflow/dags
[2024-03-19T15:45:33.110+0000] {manager.py:741} INFO - There are 0 files in /opt/airflow/dags
[2024-03-19T15:50:33.708+0000] {manager.py:738} INFO - Searching for files in /opt/airflow/dags
[2024-03-19T15:50:33.788+0000] {manager.py:741} INFO - There are 0 files in /opt/airflow/dags
[2024-03-19T15:55:34.486+0000] {manager.py:738} INFO - Searching for files in /opt/airflow/dags
[2024-03-19T15:55:34.534+0000] {manager.py:741} INFO - There are 0 files in /opt/airflow/dags
[2024-03-19T16:00:34.613+0000] {manager.py:738} INFO - Searching for files in /opt/airflow/dags
[2024-03-19T16:00:34.643+0000] {manager.py:741} INFO - There are 0 files in /opt/airflow/dags
[2024-03-19T16:05:35.538+0000] {manager.py:738} INFO - Searching for files in /opt/airflow/dags
[2024-03-19T16:05:35.592+0000] {manager.py:741} INFO - There are 0 files in /opt/airflow/dags
[2024-03-19T16:10:36.549+0000] {manager.py:738} INFO - Searching for files in /opt/airflow/dags
[2024-03-19T16:10:36.559+0000] {manager.py:741} INFO - There are 0 files in /opt/airflow/dags
[2024-03-19T16:15:37.128+0000] {manager.py:738} INFO - Searching for files in /opt/airflow/dags
[2024-03-19T16:15:37.188+0000] {manager.py:741} INFO - There are 0 files in /opt/airflow/dags
[2024-03-19T16:20:37.263+0000] {manager.py:738} INFO - Searching for files in /opt/airflow/dags
[2024-03-19T16:20:37.265+0000] {manager.py:741} INFO - There are 0 files in /opt/airflow/dags
[2024-03-20T05:08:25.000+0000] {manager.py:738} INFO - Searching for files in /opt/airflow/dags
[2024-03-20T05:08:25.294+0000] {manager.py:741} INFO - There are 0 files in /opt/airflow/dags
[2024-03-20T05:13:25.181+0000] {manager.py:738} INFO - Searching for files in /opt/airflow/dags
[2024-03-20T05:13:25.219+0000] {manager.py:741} INFO - There are 0 files in /opt/airflow/dags
[2024-03-20T05:18:25.415+0000] {manager.py:738} INFO - Searching for files in /opt/airflow/dags
[2024-03-20T05:18:25.434+0000] {manager.py:741} INFO - There are 0 files in /opt/airflow/dags
[2024-03-20T05:23:26.052+0000] {manager.py:738} INFO - Searching for files in /opt/airflow/dags
[2024-03-20T05:23:26.090+0000] {manager.py:741} INFO - There are 0 files in /opt/airflow/dags
[2024-03-20T05:28:27.170+0000] {manager.py:738} INFO - Searching for files in /opt/airflow/dags
[2024-03-20T05:28:27.200+0000] {manager.py:741} INFO - There are 0 files in /opt/airflow/dags
[2024-03-20T05:33:27.698+0000] {manager.py:738} INFO - Searching for files in /opt/airflow/dags
[2024-03-20T05:33:27.712+0000] {manager.py:741} INFO - There are 0 files in /opt/airflow/dags
[2024-03-20T05:38:28.064+0000] {manager.py:738} INFO - Searching for files in /opt/airflow/dags
[2024-03-20T05:38:28.097+0000] {manager.py:741} INFO - There are 0 files in /opt/airflow/dags
[2024-03-20T05:43:28.506+0000] {manager.py:738} INFO - Searching for files in /opt/airflow/dags
[2024-03-20T05:43:28.530+0000] {manager.py:741} INFO - There are 0 files in /opt/airflow/dags
[2024-03-20T05:48:29.053+0000] {manager.py:738} INFO - Searching for files in /opt/airflow/dags
[2024-03-20T05:48:29.075+0000] {manager.py:741} INFO - There are 0 files in /opt/airflow/dags
[2024-03-20T05:53:29.337+0000] {manager.py:738} INFO - Searching for files in /opt/airflow/dags
[2024-03-20T05:53:29.462+0000] {manager.py:741} INFO - There are 0 files in /opt/airflow/dags
[2024-03-20T05:58:30.249+0000] {manager.py:738} INFO - Searching for files in /opt/airflow/dags
[2024-03-20T05:58:30.274+0000] {manager.py:741} INFO - There are 0 files in /opt/airflow/dags
[2024-03-20T06:03:31.219+0000] {manager.py:738} INFO - Searching for files in /opt/airflow/dags
[2024-03-20T06:03:31.245+0000] {manager.py:741} INFO - There are 0 files in /opt/airflow/dags
[2024-03-20T06:08:32.257+0000] {manager.py:738} INFO - Searching for files in /opt/airflow/dags
[2024-03-20T06:08:32.293+0000] {manager.py:741} INFO - There are 0 files in /opt/airflow/dags
[2024-03-20T06:13:33.092+0000] {manager.py:738} INFO - Searching for files in /opt/airflow/dags
[2024-03-20T06:13:33.228+0000] {manager.py:741} INFO - There are 0 files in /opt/airflow/dags
[2024-03-20T06:18:33.411+0000] {manager.py:738} INFO - Searching for files in /opt/airflow/dags
[2024-03-20T06:18:33.460+0000] {manager.py:741} INFO - There are 0 files in /opt/airflow/dags
[2024-03-20T06:23:33.693+0000] {manager.py:738} INFO - Searching for files in /opt/airflow/dags
[2024-03-20T06:23:33.713+0000] {manager.py:741} INFO - There are 0 files in /opt/airflow/dags
[2024-03-20T06:28:34.120+0000] {manager.py:738} INFO - Searching for files in /opt/airflow/dags
[2024-03-20T06:28:34.151+0000] {manager.py:741} INFO - There are 0 files in /opt/airflow/dags
[2024-03-20T06:33:34.442+0000] {manager.py:738} INFO - Searching for files in /opt/airflow/dags
[2024-03-20T06:33:34.504+0000] {manager.py:741} INFO - There are 0 files in /opt/airflow/dags
[2024-03-20T06:38:35.476+0000] {manager.py:738} INFO - Searching for files in /opt/airflow/dags
[2024-03-20T06:38:35.506+0000] {manager.py:741} INFO - There are 0 files in /opt/airflow/dags
[2024-03-20T06:43:36.347+0000] {manager.py:738} INFO - Searching for files in /opt/airflow/dags
[2024-03-20T06:43:36.387+0000] {manager.py:741} INFO - There are 0 files in /opt/airflow/dags
[2024-03-20T06:48:37.290+0000] {manager.py:738} INFO - Searching for files in /opt/airflow/dags
[2024-03-20T06:48:37.332+0000] {manager.py:741} INFO - There are 0 files in /opt/airflow/dags
[2024-03-20T06:53:38.421+0000] {manager.py:738} INFO - Searching for files in /opt/airflow/dags
[2024-03-20T06:53:38.468+0000] {manager.py:741} INFO - There are 0 files in /opt/airflow/dags
[2024-03-20T06:58:39.600+0000] {manager.py:738} INFO - Searching for files in /opt/airflow/dags
[2024-03-20T06:58:39.644+0000] {manager.py:741} INFO - There are 0 files in /opt/airflow/dags
[2024-03-20T07:03:40.430+0000] {manager.py:738} INFO - Searching for files in /opt/airflow/dags
[2024-03-20T07:03:40.484+0000] {manager.py:741} INFO - There are 0 files in /opt/airflow/dags
[2024-03-20T07:08:41.181+0000] {manager.py:738} INFO - Searching for files in /opt/airflow/dags
[2024-03-20T07:08:41.247+0000] {manager.py:741} INFO - There are 0 files in /opt/airflow/dags
[2024-03-20T07:13:42.068+0000] {manager.py:738} INFO - Searching for files in /opt/airflow/dags
[2024-03-20T07:13:42.107+0000] {manager.py:741} INFO - There are 0 files in /opt/airflow/dags
[2024-03-20T07:18:42.857+0000] {manager.py:738} INFO - Searching for files in /opt/airflow/dags
[2024-03-20T07:18:42.886+0000] {manager.py:741} INFO - There are 0 files in /opt/airflow/dags
[2024-03-20T07:23:43.396+0000] {manager.py:738} INFO - Searching for files in /opt/airflow/dags
[2024-03-20T07:23:43.435+0000] {manager.py:741} INFO - There are 0 files in /opt/airflow/dags
[2024-03-20T07:28:44.121+0000] {manager.py:738} INFO - Searching for files in /opt/airflow/dags
[2024-03-20T07:28:44.176+0000] {manager.py:741} INFO - There are 0 files in /opt/airflow/dags
[2024-03-20T07:33:44.368+0000] {manager.py:738} INFO - Searching for files in /opt/airflow/dags
[2024-03-20T07:33:44.417+0000] {manager.py:741} INFO - There are 0 files in /opt/airflow/dags
[2024-03-20T08:45:17.423+0000] {manager.py:738} INFO - Searching for files in /opt/airflow/dags
[2024-03-20T08:45:17.761+0000] {manager.py:741} INFO - There are 0 files in /opt/airflow/dags
[2024-03-20T08:50:18.176+0000] {manager.py:738} INFO - Searching for files in /opt/airflow/dags
[2024-03-20T08:50:18.238+0000] {manager.py:741} INFO - There are 0 files in /opt/airflow/dags
[2024-03-20T08:55:18.873+0000] {manager.py:738} INFO - Searching for files in /opt/airflow/dags
[2024-03-20T08:55:19.118+0000] {manager.py:741} INFO - There are 0 files in /opt/airflow/dags
[2024-03-20T09:00:19.891+0000] {manager.py:738} INFO - Searching for files in /opt/airflow/dags
[2024-03-20T09:00:19.918+0000] {manager.py:741} INFO - There are 0 files in /opt/airflow/dags
[2024-03-20T09:05:20.449+0000] {manager.py:738} INFO - Searching for files in /opt/airflow/dags
[2024-03-20T09:05:20.490+0000] {manager.py:741} INFO - There are 0 files in /opt/airflow/dags
[2024-03-20T09:10:21.139+0000] {manager.py:738} INFO - Searching for files in /opt/airflow/dags
[2024-03-20T09:10:21.180+0000] {manager.py:741} INFO - There are 0 files in /opt/airflow/dags
[2024-03-20T09:15:21.679+0000] {manager.py:738} INFO - Searching for files in /opt/airflow/dags
[2024-03-20T09:15:21.702+0000] {manager.py:741} INFO - There are 0 files in /opt/airflow/dags
[2024-03-20T09:20:22.543+0000] {manager.py:738} INFO - Searching for files in /opt/airflow/dags
[2024-03-20T09:20:22.569+0000] {manager.py:741} INFO - There are 0 files in /opt/airflow/dags
[2024-03-20T09:25:22.724+0000] {manager.py:738} INFO - Searching for files in /opt/airflow/dags
[2024-03-20T09:25:22.746+0000] {manager.py:741} INFO - There are 0 files in /opt/airflow/dags
[2024-03-20T09:30:22.896+0000] {manager.py:738} INFO - Searching for files in /opt/airflow/dags
[2024-03-20T09:30:22.914+0000] {manager.py:741} INFO - There are 0 files in /opt/airflow/dags
[2024-03-20T09:35:23.594+0000] {manager.py:738} INFO - Searching for files in /opt/airflow/dags
[2024-03-20T09:35:23.625+0000] {manager.py:741} INFO - There are 0 files in /opt/airflow/dags
[2024-03-20T09:40:24.599+0000] {manager.py:738} INFO - Searching for files in /opt/airflow/dags
[2024-03-20T09:40:24.635+0000] {manager.py:741} INFO - There are 0 files in /opt/airflow/dags
[2024-03-20T09:45:25.506+0000] {manager.py:738} INFO - Searching for files in /opt/airflow/dags
[2024-03-20T09:45:25.555+0000] {manager.py:741} INFO - There are 0 files in /opt/airflow/dags
[2024-03-20T09:50:26.091+0000] {manager.py:738} INFO - Searching for files in /opt/airflow/dags
[2024-03-20T09:50:26.143+0000] {manager.py:741} INFO - There are 0 files in /opt/airflow/dags
[2024-03-20T09:55:26.814+0000] {manager.py:738} INFO - Searching for files in /opt/airflow/dags
[2024-03-20T09:55:26.872+0000] {manager.py:741} INFO - There are 0 files in /opt/airflow/dags
[2024-03-20T10:00:27.023+0000] {manager.py:738} INFO - Searching for files in /opt/airflow/dags
[2024-03-20T10:00:27.083+0000] {manager.py:741} INFO - There are 0 files in /opt/airflow/dags
[2024-03-20T10:05:27.686+0000] {manager.py:738} INFO - Searching for files in /opt/airflow/dags
[2024-03-20T10:05:27.707+0000] {manager.py:741} INFO - There are 0 files in /opt/airflow/dags
[2024-03-20T10:10:27.973+0000] {manager.py:738} INFO - Searching for files in /opt/airflow/dags
[2024-03-20T10:10:28.016+0000] {manager.py:741} INFO - There are 0 files in /opt/airflow/dags
[2024-03-20T10:15:28.358+0000] {manager.py:738} INFO - Searching for files in /opt/airflow/dags
[2024-03-20T10:15:28.441+0000] {manager.py:741} INFO - There are 0 files in /opt/airflow/dags
[2024-03-20T10:20:28.720+0000] {manager.py:738} INFO - Searching for files in /opt/airflow/dags
[2024-03-20T10:20:28.785+0000] {manager.py:741} INFO - There are 0 files in /opt/airflow/dags
[2024-03-20T10:25:29.209+0000] {manager.py:738} INFO - Searching for files in /opt/airflow/dags
[2024-03-20T10:25:29.260+0000] {manager.py:741} INFO - There are 0 files in /opt/airflow/dags
[2024-03-20T10:30:29.541+0000] {manager.py:738} INFO - Searching for files in /opt/airflow/dags
[2024-03-20T10:30:29.542+0000] {manager.py:741} INFO - There are 0 files in /opt/airflow/dags
[2024-03-20T10:35:30.252+0000] {manager.py:738} INFO - Searching for files in /opt/airflow/dags
[2024-03-20T10:35:30.255+0000] {manager.py:741} INFO - There are 0 files in /opt/airflow/dags
[2024-03-20T10:40:30.773+0000] {manager.py:738} INFO - Searching for files in /opt/airflow/dags
[2024-03-20T10:40:30.776+0000] {manager.py:741} INFO - There are 0 files in /opt/airflow/dags
[2024-03-20T10:45:31.665+0000] {manager.py:738} INFO - Searching for files in /opt/airflow/dags
[2024-03-20T10:45:31.675+0000] {manager.py:741} INFO - There are 0 files in /opt/airflow/dags
[2024-03-20T10:50:31.807+0000] {manager.py:738} INFO - Searching for files in /opt/airflow/dags
[2024-03-20T10:50:31.854+0000] {manager.py:741} INFO - There are 0 files in /opt/airflow/dags
[2024-03-20T10:55:32.155+0000] {manager.py:738} INFO - Searching for files in /opt/airflow/dags
[2024-03-20T10:55:32.263+0000] {manager.py:741} INFO - There are 0 files in /opt/airflow/dags
[2024-03-20T11:00:32.480+0000] {manager.py:738} INFO - Searching for files in /opt/airflow/dags
[2024-03-20T11:00:32.503+0000] {manager.py:741} INFO - There are 0 files in /opt/airflow/dags
[2024-03-20T11:05:33.296+0000] {manager.py:738} INFO - Searching for files in /opt/airflow/dags
[2024-03-20T11:05:33.514+0000] {manager.py:741} INFO - There are 0 files in /opt/airflow/dags
[2024-03-20T11:10:33.680+0000] {manager.py:738} INFO - Searching for files in /opt/airflow/dags
[2024-03-20T11:10:33.723+0000] {manager.py:741} INFO - There are 0 files in /opt/airflow/dags
[2024-03-20T11:15:34.627+0000] {manager.py:738} INFO - Searching for files in /opt/airflow/dags
[2024-03-20T11:15:34.645+0000] {manager.py:741} INFO - There are 0 files in /opt/airflow/dags
[2024-03-20T11:20:35.228+0000] {manager.py:738} INFO - Searching for files in /opt/airflow/dags
[2024-03-20T11:20:35.267+0000] {manager.py:741} INFO - There are 0 files in /opt/airflow/dags
[2024-03-20T11:25:36.058+0000] {manager.py:738} INFO - Searching for files in /opt/airflow/dags
[2024-03-20T11:25:36.085+0000] {manager.py:741} INFO - There are 0 files in /opt/airflow/dags
[2024-03-22T10:03:12.239+0000] {manager.py:469} INFO - Processing files using up to 1 processes at a time 
[2024-03-22T10:03:12.242+0000] {manager.py:470} INFO - Process each file at most once every 30 seconds
[2024-03-22T10:03:12.243+0000] {manager.py:471} INFO - Checking for new files in /opt/airflow/dags every 300 seconds
[2024-03-22T10:03:12.268+0000] {manager.py:738} INFO - Searching for files in /opt/airflow/dags
[2024-03-22T10:03:12.334+0000] {manager.py:741} INFO - There are 0 files in /opt/airflow/dags
[2024-03-22T10:09:15.252+0000] {manager.py:469} INFO - Processing files using up to 1 processes at a time 
[2024-03-22T10:09:15.256+0000] {manager.py:470} INFO - Process each file at most once every 30 seconds
[2024-03-22T10:09:15.259+0000] {manager.py:471} INFO - Checking for new files in /opt/airflow/dags every 300 seconds
[2024-03-22T10:09:15.260+0000] {manager.py:738} INFO - Searching for files in /opt/airflow/dags
[2024-03-22T10:09:15.263+0000] {manager.py:741} INFO - There are 0 files in /opt/airflow/dags
[2024-03-22T10:14:15.483+0000] {manager.py:738} INFO - Searching for files in /opt/airflow/dags
[2024-03-22T10:14:15.519+0000] {manager.py:741} INFO - There are 0 files in /opt/airflow/dags
[2024-03-22T10:19:15.760+0000] {manager.py:738} INFO - Searching for files in /opt/airflow/dags
[2024-03-22T10:19:15.793+0000] {manager.py:741} INFO - There are 0 files in /opt/airflow/dags
[2024-03-22T10:24:16.119+0000] {manager.py:738} INFO - Searching for files in /opt/airflow/dags
[2024-03-22T10:24:16.128+0000] {manager.py:741} INFO - There are 0 files in /opt/airflow/dags
[2024-03-22T10:29:16.298+0000] {manager.py:738} INFO - Searching for files in /opt/airflow/dags
[2024-03-22T10:29:16.303+0000] {manager.py:741} INFO - There are 0 files in /opt/airflow/dags
[2024-03-22T10:34:16.347+0000] {manager.py:738} INFO - Searching for files in /opt/airflow/dags
[2024-03-22T10:34:16.355+0000] {manager.py:741} INFO - There are 0 files in /opt/airflow/dags
[2024-03-22T10:39:16.576+0000] {manager.py:738} INFO - Searching for files in /opt/airflow/dags
[2024-03-22T10:39:16.582+0000] {manager.py:741} INFO - There are 0 files in /opt/airflow/dags
[2024-03-22T10:44:16.794+0000] {manager.py:738} INFO - Searching for files in /opt/airflow/dags
[2024-03-22T10:44:16.804+0000] {manager.py:741} INFO - There are 0 files in /opt/airflow/dags
[2024-03-22T10:49:16.822+0000] {manager.py:738} INFO - Searching for files in /opt/airflow/dags
[2024-03-22T10:49:16.826+0000] {manager.py:741} INFO - There are 0 files in /opt/airflow/dags
[2024-03-22T10:54:17.035+0000] {manager.py:738} INFO - Searching for files in /opt/airflow/dags
[2024-03-22T10:54:17.036+0000] {manager.py:741} INFO - There are 0 files in /opt/airflow/dags
[2024-03-22T10:59:17.197+0000] {manager.py:738} INFO - Searching for files in /opt/airflow/dags
[2024-03-22T10:59:17.201+0000] {manager.py:741} INFO - There are 0 files in /opt/airflow/dags
[2024-03-22T11:04:17.450+0000] {manager.py:738} INFO - Searching for files in /opt/airflow/dags
[2024-03-22T11:04:17.458+0000] {manager.py:741} INFO - There are 0 files in /opt/airflow/dags
[2024-03-22T11:09:17.802+0000] {manager.py:738} INFO - Searching for files in /opt/airflow/dags
[2024-03-22T11:09:17.814+0000] {manager.py:741} INFO - There are 0 files in /opt/airflow/dags
[2024-03-22T11:14:18.004+0000] {manager.py:738} INFO - Searching for files in /opt/airflow/dags
[2024-03-22T11:14:18.007+0000] {manager.py:741} INFO - There are 0 files in /opt/airflow/dags
[2024-03-22T11:19:18.154+0000] {manager.py:738} INFO - Searching for files in /opt/airflow/dags
[2024-03-22T11:19:18.157+0000] {manager.py:741} INFO - There are 0 files in /opt/airflow/dags
[2024-03-22T11:24:18.330+0000] {manager.py:738} INFO - Searching for files in /opt/airflow/dags
[2024-03-22T11:24:18.332+0000] {manager.py:741} INFO - There are 0 files in /opt/airflow/dags
[2024-03-22T11:29:18.479+0000] {manager.py:738} INFO - Searching for files in /opt/airflow/dags
[2024-03-22T11:29:18.485+0000] {manager.py:741} INFO - There are 0 files in /opt/airflow/dags
[2024-03-22T11:34:18.606+0000] {manager.py:738} INFO - Searching for files in /opt/airflow/dags
[2024-03-22T11:34:18.609+0000] {manager.py:741} INFO - There are 0 files in /opt/airflow/dags
[2024-03-22T11:39:18.788+0000] {manager.py:738} INFO - Searching for files in /opt/airflow/dags
[2024-03-22T11:39:18.789+0000] {manager.py:741} INFO - There are 0 files in /opt/airflow/dags
[2024-03-22T11:44:18.970+0000] {manager.py:738} INFO - Searching for files in /opt/airflow/dags
[2024-03-22T11:44:18.972+0000] {manager.py:741} INFO - There are 0 files in /opt/airflow/dags
[2024-03-22T11:49:19.111+0000] {manager.py:738} INFO - Searching for files in /opt/airflow/dags
[2024-03-22T11:49:19.113+0000] {manager.py:741} INFO - There are 0 files in /opt/airflow/dags
[2024-03-22T11:54:19.326+0000] {manager.py:738} INFO - Searching for files in /opt/airflow/dags
[2024-03-22T11:54:19.449+0000] {manager.py:741} INFO - There are 0 files in /opt/airflow/dags
[2024-03-22T11:59:20.067+0000] {manager.py:738} INFO - Searching for files in /opt/airflow/dags
[2024-03-22T11:59:20.109+0000] {manager.py:741} INFO - There are 0 files in /opt/airflow/dags
[2024-03-22T12:04:20.167+0000] {manager.py:738} INFO - Searching for files in /opt/airflow/dags
[2024-03-22T12:04:20.214+0000] {manager.py:741} INFO - There are 0 files in /opt/airflow/dags
[2024-03-22T12:09:20.829+0000] {manager.py:738} INFO - Searching for files in /opt/airflow/dags
[2024-03-22T12:09:20.882+0000] {manager.py:741} INFO - There are 0 files in /opt/airflow/dags
[2024-03-22T12:14:21.435+0000] {manager.py:738} INFO - Searching for files in /opt/airflow/dags
[2024-03-22T12:14:21.504+0000] {manager.py:741} INFO - There are 0 files in /opt/airflow/dags
[2024-03-22T12:19:21.634+0000] {manager.py:738} INFO - Searching for files in /opt/airflow/dags
[2024-03-22T12:19:21.733+0000] {manager.py:741} INFO - There are 0 files in /opt/airflow/dags
[2024-03-22T12:24:22.494+0000] {manager.py:738} INFO - Searching for files in /opt/airflow/dags
[2024-03-22T12:24:22.543+0000] {manager.py:741} INFO - There are 0 files in /opt/airflow/dags
[2024-03-22T12:29:22.671+0000] {manager.py:738} INFO - Searching for files in /opt/airflow/dags
[2024-03-22T12:29:22.690+0000] {manager.py:741} INFO - There are 0 files in /opt/airflow/dags
[2024-03-22T12:34:22.694+0000] {manager.py:738} INFO - Searching for files in /opt/airflow/dags
[2024-03-22T12:34:22.711+0000] {manager.py:741} INFO - There are 0 files in /opt/airflow/dags
[2024-03-22T12:39:23.097+0000] {manager.py:738} INFO - Searching for files in /opt/airflow/dags
[2024-03-22T12:39:23.120+0000] {manager.py:741} INFO - There are 0 files in /opt/airflow/dags
[2024-03-22T12:44:23.347+0000] {manager.py:738} INFO - Searching for files in /opt/airflow/dags
[2024-03-22T12:44:23.357+0000] {manager.py:741} INFO - There are 0 files in /opt/airflow/dags
[2024-03-22T12:53:48.196+0000] {manager.py:738} INFO - Searching for files in /opt/airflow/dags
[2024-03-22T12:53:49.155+0000] {manager.py:741} INFO - There are 0 files in /opt/airflow/dags
[2024-03-22T12:58:48.670+0000] {manager.py:738} INFO - Searching for files in /opt/airflow/dags
[2024-03-22T12:58:48.707+0000] {manager.py:741} INFO - There are 0 files in /opt/airflow/dags
[2024-03-22T13:03:49.720+0000] {manager.py:738} INFO - Searching for files in /opt/airflow/dags
[2024-03-22T13:03:49.723+0000] {manager.py:741} INFO - There are 0 files in /opt/airflow/dags
[2024-03-22T13:08:49.879+0000] {manager.py:738} INFO - Searching for files in /opt/airflow/dags
[2024-03-22T13:08:49.940+0000] {manager.py:741} INFO - There are 0 files in /opt/airflow/dags
[2024-03-22T13:13:50.659+0000] {manager.py:738} INFO - Searching for files in /opt/airflow/dags
[2024-03-22T13:13:50.684+0000] {manager.py:741} INFO - There are 0 files in /opt/airflow/dags
[2024-03-22T13:26:52.945+0000] {manager.py:738} INFO - Searching for files in /opt/airflow/dags
[2024-03-22T13:26:53.028+0000] {manager.py:741} INFO - There are 0 files in /opt/airflow/dags
[2024-03-22T13:31:53.265+0000] {manager.py:738} INFO - Searching for files in /opt/airflow/dags
[2024-03-22T13:31:53.302+0000] {manager.py:741} INFO - There are 0 files in /opt/airflow/dags
[2024-03-22T13:36:53.400+0000] {manager.py:738} INFO - Searching for files in /opt/airflow/dags
[2024-03-22T13:36:53.402+0000] {manager.py:741} INFO - There are 0 files in /opt/airflow/dags
[2024-03-22T15:10:18.827+0000] {manager.py:738} INFO - Searching for files in /opt/airflow/dags
[2024-03-22T15:10:20.019+0000] {manager.py:741} INFO - There are 0 files in /opt/airflow/dags
[2024-03-22T15:15:19.061+0000] {manager.py:738} INFO - Searching for files in /opt/airflow/dags
[2024-03-22T15:15:19.113+0000] {manager.py:741} INFO - There are 0 files in /opt/airflow/dags
[2024-03-22T15:20:19.917+0000] {manager.py:738} INFO - Searching for files in /opt/airflow/dags
[2024-03-22T15:20:19.969+0000] {manager.py:741} INFO - There are 0 files in /opt/airflow/dags
[2024-03-22T15:25:20.710+0000] {manager.py:738} INFO - Searching for files in /opt/airflow/dags
[2024-03-22T15:25:20.731+0000] {manager.py:741} INFO - There are 0 files in /opt/airflow/dags
[2024-03-22T15:30:21.454+0000] {manager.py:738} INFO - Searching for files in /opt/airflow/dags
[2024-03-22T15:30:21.482+0000] {manager.py:741} INFO - There are 0 files in /opt/airflow/dags
[2024-03-22T15:35:22.517+0000] {manager.py:738} INFO - Searching for files in /opt/airflow/dags
[2024-03-22T15:35:22.528+0000] {manager.py:741} INFO - There are 0 files in /opt/airflow/dags
[2024-03-22T15:40:23.454+0000] {manager.py:738} INFO - Searching for files in /opt/airflow/dags
[2024-03-22T15:40:23.469+0000] {manager.py:741} INFO - There are 0 files in /opt/airflow/dags
[2024-03-22T15:45:23.592+0000] {manager.py:738} INFO - Searching for files in /opt/airflow/dags
[2024-03-22T15:45:23.594+0000] {manager.py:741} INFO - There are 0 files in /opt/airflow/dags
[2024-03-22T15:50:24.050+0000] {manager.py:738} INFO - Searching for files in /opt/airflow/dags
[2024-03-22T15:50:24.064+0000] {manager.py:741} INFO - There are 0 files in /opt/airflow/dags
[2024-03-22T15:55:24.454+0000] {manager.py:738} INFO - Searching for files in /opt/airflow/dags
[2024-03-22T15:55:24.495+0000] {manager.py:741} INFO - There are 0 files in /opt/airflow/dags
[2024-03-22T16:00:25.168+0000] {manager.py:738} INFO - Searching for files in /opt/airflow/dags
[2024-03-22T16:00:25.193+0000] {manager.py:741} INFO - There are 0 files in /opt/airflow/dags
[2024-03-23T11:25:18.107+0000] {manager.py:738} INFO - Searching for files in /opt/airflow/dags
[2024-03-23T11:25:18.330+0000] {manager.py:741} INFO - There are 0 files in /opt/airflow/dags
[2024-03-23T11:30:18.671+0000] {manager.py:738} INFO - Searching for files in /opt/airflow/dags
[2024-03-23T11:30:18.712+0000] {manager.py:741} INFO - There are 0 files in /opt/airflow/dags
[2024-03-23T11:35:19.019+0000] {manager.py:738} INFO - Searching for files in /opt/airflow/dags
[2024-03-23T11:35:19.073+0000] {manager.py:741} INFO - There are 0 files in /opt/airflow/dags
[2024-03-23T11:40:19.096+0000] {manager.py:738} INFO - Searching for files in /opt/airflow/dags
[2024-03-23T11:40:19.118+0000] {manager.py:741} INFO - There are 0 files in /opt/airflow/dags
[2024-03-23T11:45:20.200+0000] {manager.py:738} INFO - Searching for files in /opt/airflow/dags
[2024-03-23T11:45:20.226+0000] {manager.py:741} INFO - There are 0 files in /opt/airflow/dags
[2024-03-23T12:13:03.604+0000] {manager.py:738} INFO - Searching for files in /opt/airflow/dags
[2024-03-23T12:13:03.782+0000] {manager.py:741} INFO - There are 0 files in /opt/airflow/dags
[2024-03-23T12:37:47.103+0000] {manager.py:738} INFO - Searching for files in /opt/airflow/dags
[2024-03-23T12:37:47.965+0000] {manager.py:741} INFO - There are 0 files in /opt/airflow/dags
[2024-03-23T12:42:47.460+0000] {manager.py:738} INFO - Searching for files in /opt/airflow/dags
[2024-03-23T12:42:47.515+0000] {manager.py:741} INFO - There are 0 files in /opt/airflow/dags
[2024-03-23T12:47:47.682+0000] {manager.py:738} INFO - Searching for files in /opt/airflow/dags
[2024-03-23T12:47:47.702+0000] {manager.py:741} INFO - There are 0 files in /opt/airflow/dags
[2024-03-23T12:52:48.813+0000] {manager.py:738} INFO - Searching for files in /opt/airflow/dags
[2024-03-23T12:52:49.474+0000] {manager.py:741} INFO - There are 0 files in /opt/airflow/dags
[2024-03-23T12:57:49.541+0000] {manager.py:738} INFO - Searching for files in /opt/airflow/dags
[2024-03-23T12:57:49.601+0000] {manager.py:741} INFO - There are 0 files in /opt/airflow/dags
[2024-03-23T13:02:50.140+0000] {manager.py:738} INFO - Searching for files in /opt/airflow/dags
[2024-03-23T13:02:50.225+0000] {manager.py:741} INFO - There are 0 files in /opt/airflow/dags
[2024-03-23T13:07:50.558+0000] {manager.py:738} INFO - Searching for files in /opt/airflow/dags
[2024-03-23T13:07:50.603+0000] {manager.py:741} INFO - There are 0 files in /opt/airflow/dags
[2024-03-23T13:12:50.989+0000] {manager.py:738} INFO - Searching for files in /opt/airflow/dags
[2024-03-23T13:12:51.013+0000] {manager.py:741} INFO - There are 0 files in /opt/airflow/dags
[2024-03-23T13:17:50.969+0000] {manager.py:738} INFO - Searching for files in /opt/airflow/dags
[2024-03-23T13:17:50.998+0000] {manager.py:741} INFO - There are 0 files in /opt/airflow/dags
[2024-03-23T13:22:51.731+0000] {manager.py:738} INFO - Searching for files in /opt/airflow/dags
[2024-03-23T13:22:51.748+0000] {manager.py:741} INFO - There are 0 files in /opt/airflow/dags
[2024-03-23T13:27:52.108+0000] {manager.py:738} INFO - Searching for files in /opt/airflow/dags
[2024-03-23T13:27:52.133+0000] {manager.py:741} INFO - There are 0 files in /opt/airflow/dags
[2024-03-23T13:32:52.864+0000] {manager.py:738} INFO - Searching for files in /opt/airflow/dags
[2024-03-23T13:32:52.886+0000] {manager.py:741} INFO - There are 0 files in /opt/airflow/dags
[2024-03-23T13:37:53.661+0000] {manager.py:738} INFO - Searching for files in /opt/airflow/dags
[2024-03-23T13:37:53.710+0000] {manager.py:741} INFO - There are 0 files in /opt/airflow/dags
[2024-03-23T13:42:54.681+0000] {manager.py:738} INFO - Searching for files in /opt/airflow/dags
[2024-03-23T13:42:54.710+0000] {manager.py:741} INFO - There are 0 files in /opt/airflow/dags
[2024-03-23T13:47:54.833+0000] {manager.py:738} INFO - Searching for files in /opt/airflow/dags
[2024-03-23T13:47:54.857+0000] {manager.py:741} INFO - There are 0 files in /opt/airflow/dags
[2024-03-23T13:52:55.946+0000] {manager.py:738} INFO - Searching for files in /opt/airflow/dags
[2024-03-23T13:52:55.977+0000] {manager.py:741} INFO - There are 0 files in /opt/airflow/dags
[2024-03-23T13:57:56.911+0000] {manager.py:738} INFO - Searching for files in /opt/airflow/dags
[2024-03-23T13:57:56.960+0000] {manager.py:741} INFO - There are 0 files in /opt/airflow/dags
[2024-03-23T14:02:57.054+0000] {manager.py:738} INFO - Searching for files in /opt/airflow/dags
[2024-03-23T14:02:57.125+0000] {manager.py:741} INFO - There are 0 files in /opt/airflow/dags
[2024-03-23T14:07:57.115+0000] {manager.py:738} INFO - Searching for files in /opt/airflow/dags
[2024-03-23T14:07:57.207+0000] {manager.py:741} INFO - There are 0 files in /opt/airflow/dags
[2024-03-23T14:12:57.443+0000] {manager.py:738} INFO - Searching for files in /opt/airflow/dags
[2024-03-23T14:12:57.470+0000] {manager.py:741} INFO - There are 0 files in /opt/airflow/dags
[2024-03-23T14:17:57.759+0000] {manager.py:738} INFO - Searching for files in /opt/airflow/dags
[2024-03-23T14:17:57.787+0000] {manager.py:741} INFO - There are 0 files in /opt/airflow/dags
[2024-03-23T14:22:58.827+0000] {manager.py:738} INFO - Searching for files in /opt/airflow/dags
[2024-03-23T14:22:58.887+0000] {manager.py:741} INFO - There are 0 files in /opt/airflow/dags
[2024-03-23T14:27:59.059+0000] {manager.py:738} INFO - Searching for files in /opt/airflow/dags
[2024-03-23T14:27:59.096+0000] {manager.py:741} INFO - There are 0 files in /opt/airflow/dags
[2024-03-23T14:32:59.280+0000] {manager.py:738} INFO - Searching for files in /opt/airflow/dags
[2024-03-23T14:32:59.308+0000] {manager.py:741} INFO - There are 0 files in /opt/airflow/dags
[2024-03-23T14:38:00.112+0000] {manager.py:738} INFO - Searching for files in /opt/airflow/dags
[2024-03-23T14:38:00.134+0000] {manager.py:741} INFO - There are 0 files in /opt/airflow/dags
[2024-03-23T14:43:00.483+0000] {manager.py:738} INFO - Searching for files in /opt/airflow/dags
[2024-03-23T14:43:00.512+0000] {manager.py:741} INFO - There are 0 files in /opt/airflow/dags
[2024-03-23T14:48:01.385+0000] {manager.py:738} INFO - Searching for files in /opt/airflow/dags
[2024-03-23T14:48:01.401+0000] {manager.py:741} INFO - There are 0 files in /opt/airflow/dags
[2024-03-23T15:07:50.511+0000] {manager.py:738} INFO - Searching for files in /opt/airflow/dags
[2024-03-23T15:07:50.544+0000] {manager.py:741} INFO - There are 0 files in /opt/airflow/dags
[2024-03-23T15:12:51.500+0000] {manager.py:738} INFO - Searching for files in /opt/airflow/dags
[2024-03-23T15:12:51.543+0000] {manager.py:741} INFO - There are 0 files in /opt/airflow/dags
[2024-03-23T15:17:52.302+0000] {manager.py:738} INFO - Searching for files in /opt/airflow/dags
[2024-03-23T15:17:52.345+0000] {manager.py:741} INFO - There are 0 files in /opt/airflow/dags
[2024-03-23T15:22:53.072+0000] {manager.py:738} INFO - Searching for files in /opt/airflow/dags
[2024-03-23T15:22:53.108+0000] {manager.py:741} INFO - There are 0 files in /opt/airflow/dags
[2024-03-23T15:27:53.579+0000] {manager.py:738} INFO - Searching for files in /opt/airflow/dags
[2024-03-23T15:27:53.621+0000] {manager.py:741} INFO - There are 0 files in /opt/airflow/dags
[2024-03-23T15:32:54.727+0000] {manager.py:738} INFO - Searching for files in /opt/airflow/dags
[2024-03-23T15:32:54.777+0000] {manager.py:741} INFO - There are 0 files in /opt/airflow/dags
[2024-03-23T15:37:54.998+0000] {manager.py:738} INFO - Searching for files in /opt/airflow/dags
[2024-03-23T15:37:55.054+0000] {manager.py:741} INFO - There are 0 files in /opt/airflow/dags
[2024-03-23T15:42:55.534+0000] {manager.py:738} INFO - Searching for files in /opt/airflow/dags
[2024-03-23T15:42:55.585+0000] {manager.py:741} INFO - There are 0 files in /opt/airflow/dags
[2024-03-23T15:47:56.104+0000] {manager.py:738} INFO - Searching for files in /opt/airflow/dags
[2024-03-23T15:47:56.147+0000] {manager.py:741} INFO - There are 0 files in /opt/airflow/dags
[2024-03-23T15:52:56.300+0000] {manager.py:738} INFO - Searching for files in /opt/airflow/dags
[2024-03-23T15:52:56.337+0000] {manager.py:741} INFO - There are 0 files in /opt/airflow/dags
[2024-03-23T15:57:57.183+0000] {manager.py:738} INFO - Searching for files in /opt/airflow/dags
[2024-03-23T15:57:57.243+0000] {manager.py:741} INFO - There are 0 files in /opt/airflow/dags
[2024-03-23T16:02:57.265+0000] {manager.py:738} INFO - Searching for files in /opt/airflow/dags
[2024-03-23T16:02:57.300+0000] {manager.py:741} INFO - There are 0 files in /opt/airflow/dags
[2024-03-23T16:07:58.151+0000] {manager.py:738} INFO - Searching for files in /opt/airflow/dags
[2024-03-23T16:07:58.188+0000] {manager.py:741} INFO - There are 0 files in /opt/airflow/dags
[2024-03-23T16:12:58.572+0000] {manager.py:738} INFO - Searching for files in /opt/airflow/dags
[2024-03-23T16:12:58.626+0000] {manager.py:741} INFO - There are 0 files in /opt/airflow/dags
[2024-03-23T16:17:58.672+0000] {manager.py:738} INFO - Searching for files in /opt/airflow/dags
[2024-03-23T16:17:58.705+0000] {manager.py:741} INFO - There are 0 files in /opt/airflow/dags
[2024-03-23T16:22:58.860+0000] {manager.py:738} INFO - Searching for files in /opt/airflow/dags
[2024-03-23T16:22:58.961+0000] {manager.py:741} INFO - There are 0 files in /opt/airflow/dags
[2024-03-23T16:27:59.333+0000] {manager.py:738} INFO - Searching for files in /opt/airflow/dags
[2024-03-23T16:27:59.367+0000] {manager.py:741} INFO - There are 0 files in /opt/airflow/dags
[2024-03-23T16:33:00.197+0000] {manager.py:738} INFO - Searching for files in /opt/airflow/dags
[2024-03-23T16:33:00.240+0000] {manager.py:741} INFO - There are 0 files in /opt/airflow/dags
[2024-03-23T16:38:01.199+0000] {manager.py:738} INFO - Searching for files in /opt/airflow/dags
[2024-03-23T16:38:01.254+0000] {manager.py:741} INFO - There are 0 files in /opt/airflow/dags
[2024-03-23T16:43:01.462+0000] {manager.py:738} INFO - Searching for files in /opt/airflow/dags
[2024-03-23T16:43:02.396+0000] {manager.py:741} INFO - There are 0 files in /opt/airflow/dags
[2024-03-23T16:48:01.696+0000] {manager.py:738} INFO - Searching for files in /opt/airflow/dags
[2024-03-23T16:48:01.731+0000] {manager.py:741} INFO - There are 0 files in /opt/airflow/dags
[2024-03-23T16:53:02.337+0000] {manager.py:738} INFO - Searching for files in /opt/airflow/dags
[2024-03-23T16:53:02.377+0000] {manager.py:741} INFO - There are 0 files in /opt/airflow/dags
[2024-03-23T16:58:02.397+0000] {manager.py:738} INFO - Searching for files in /opt/airflow/dags
[2024-03-23T16:58:02.427+0000] {manager.py:741} INFO - There are 0 files in /opt/airflow/dags
[2024-03-23T17:03:02.596+0000] {manager.py:738} INFO - Searching for files in /opt/airflow/dags
[2024-03-23T17:03:02.641+0000] {manager.py:741} INFO - There are 0 files in /opt/airflow/dags
[2024-03-23T17:08:03.373+0000] {manager.py:738} INFO - Searching for files in /opt/airflow/dags
[2024-03-23T17:08:03.405+0000] {manager.py:741} INFO - There are 0 files in /opt/airflow/dags
[2024-03-23T17:13:03.451+0000] {manager.py:738} INFO - Searching for files in /opt/airflow/dags
[2024-03-23T17:13:03.495+0000] {manager.py:741} INFO - There are 0 files in /opt/airflow/dags
[2024-03-23T17:18:03.532+0000] {manager.py:738} INFO - Searching for files in /opt/airflow/dags
[2024-03-23T17:18:03.561+0000] {manager.py:741} INFO - There are 0 files in /opt/airflow/dags
[2024-03-23T17:23:04.150+0000] {manager.py:738} INFO - Searching for files in /opt/airflow/dags
[2024-03-23T17:23:04.171+0000] {manager.py:741} INFO - There are 0 files in /opt/airflow/dags
[2024-03-23T17:28:04.405+0000] {manager.py:738} INFO - Searching for files in /opt/airflow/dags
[2024-03-23T17:28:04.444+0000] {manager.py:741} INFO - There are 0 files in /opt/airflow/dags
[2024-03-23T17:33:04.745+0000] {manager.py:738} INFO - Searching for files in /opt/airflow/dags
[2024-03-23T17:33:04.779+0000] {manager.py:741} INFO - There are 0 files in /opt/airflow/dags
[2024-03-23T17:38:05.028+0000] {manager.py:738} INFO - Searching for files in /opt/airflow/dags
[2024-03-23T17:38:05.057+0000] {manager.py:741} INFO - There are 0 files in /opt/airflow/dags
[2024-03-23T17:43:05.635+0000] {manager.py:738} INFO - Searching for files in /opt/airflow/dags
[2024-03-23T17:43:05.661+0000] {manager.py:741} INFO - There are 0 files in /opt/airflow/dags
[2024-03-23T17:48:05.684+0000] {manager.py:738} INFO - Searching for files in /opt/airflow/dags
[2024-03-23T17:48:05.709+0000] {manager.py:741} INFO - There are 0 files in /opt/airflow/dags
[2024-03-23T17:53:05.793+0000] {manager.py:738} INFO - Searching for files in /opt/airflow/dags
[2024-03-23T17:53:05.826+0000] {manager.py:741} INFO - There are 0 files in /opt/airflow/dags
[2024-03-23T17:58:06.700+0000] {manager.py:738} INFO - Searching for files in /opt/airflow/dags
[2024-03-23T17:58:06.719+0000] {manager.py:741} INFO - There are 0 files in /opt/airflow/dags
[2024-03-23T18:03:07.170+0000] {manager.py:738} INFO - Searching for files in /opt/airflow/dags
[2024-03-23T18:03:07.191+0000] {manager.py:741} INFO - There are 0 files in /opt/airflow/dags
[2024-03-23T18:08:08.113+0000] {manager.py:738} INFO - Searching for files in /opt/airflow/dags
[2024-03-23T18:08:08.138+0000] {manager.py:741} INFO - There are 0 files in /opt/airflow/dags
[2024-03-23T18:13:08.591+0000] {manager.py:738} INFO - Searching for files in /opt/airflow/dags
[2024-03-23T18:13:08.609+0000] {manager.py:741} INFO - There are 0 files in /opt/airflow/dags
[2024-03-23T18:18:09.140+0000] {manager.py:738} INFO - Searching for files in /opt/airflow/dags
[2024-03-23T18:18:09.163+0000] {manager.py:741} INFO - There are 0 files in /opt/airflow/dags
[2024-03-23T18:23:09.430+0000] {manager.py:738} INFO - Searching for files in /opt/airflow/dags
[2024-03-23T18:23:09.454+0000] {manager.py:741} INFO - There are 0 files in /opt/airflow/dags
[2024-03-23T18:28:10.037+0000] {manager.py:738} INFO - Searching for files in /opt/airflow/dags
[2024-03-23T18:28:10.073+0000] {manager.py:741} INFO - There are 0 files in /opt/airflow/dags
[2024-03-23T18:33:10.312+0000] {manager.py:738} INFO - Searching for files in /opt/airflow/dags
[2024-03-23T18:33:10.344+0000] {manager.py:741} INFO - There are 0 files in /opt/airflow/dags
[2024-03-23T18:38:10.952+0000] {manager.py:738} INFO - Searching for files in /opt/airflow/dags
[2024-03-23T18:38:11.006+0000] {manager.py:741} INFO - There are 0 files in /opt/airflow/dags
[2024-03-23T18:43:11.090+0000] {manager.py:738} INFO - Searching for files in /opt/airflow/dags
[2024-03-23T18:43:11.124+0000] {manager.py:741} INFO - There are 0 files in /opt/airflow/dags
[2024-03-23T18:48:11.291+0000] {manager.py:738} INFO - Searching for files in /opt/airflow/dags
[2024-03-23T18:48:11.315+0000] {manager.py:741} INFO - There are 0 files in /opt/airflow/dags
[2024-03-23T18:53:12.227+0000] {manager.py:738} INFO - Searching for files in /opt/airflow/dags
[2024-03-23T18:53:12.273+0000] {manager.py:741} INFO - There are 0 files in /opt/airflow/dags
[2024-03-23T18:58:12.336+0000] {manager.py:738} INFO - Searching for files in /opt/airflow/dags
[2024-03-23T18:58:12.391+0000] {manager.py:741} INFO - There are 0 files in /opt/airflow/dags
[2024-03-23T19:03:13.071+0000] {manager.py:738} INFO - Searching for files in /opt/airflow/dags
[2024-03-23T19:03:13.107+0000] {manager.py:741} INFO - There are 0 files in /opt/airflow/dags
[2024-03-23T19:08:13.891+0000] {manager.py:738} INFO - Searching for files in /opt/airflow/dags
[2024-03-23T19:08:13.953+0000] {manager.py:741} INFO - There are 0 files in /opt/airflow/dags
[2024-03-23T19:13:14.874+0000] {manager.py:738} INFO - Searching for files in /opt/airflow/dags
[2024-03-23T19:13:14.918+0000] {manager.py:741} INFO - There are 0 files in /opt/airflow/dags
[2024-03-23T19:18:14.975+0000] {manager.py:738} INFO - Searching for files in /opt/airflow/dags
[2024-03-23T19:18:15.019+0000] {manager.py:741} INFO - There are 0 files in /opt/airflow/dags
[2024-03-23T19:23:15.145+0000] {manager.py:738} INFO - Searching for files in /opt/airflow/dags
[2024-03-23T19:23:15.181+0000] {manager.py:741} INFO - There are 0 files in /opt/airflow/dags
[2024-03-23T19:28:16.130+0000] {manager.py:738} INFO - Searching for files in /opt/airflow/dags
[2024-03-23T19:28:16.192+0000] {manager.py:741} INFO - There are 0 files in /opt/airflow/dags
[2024-03-23T19:33:16.660+0000] {manager.py:738} INFO - Searching for files in /opt/airflow/dags
[2024-03-23T19:33:16.703+0000] {manager.py:741} INFO - There are 0 files in /opt/airflow/dags
[2024-03-23T19:38:17.533+0000] {manager.py:738} INFO - Searching for files in /opt/airflow/dags
[2024-03-23T19:38:17.563+0000] {manager.py:741} INFO - There are 0 files in /opt/airflow/dags
[2024-03-23T19:43:18.566+0000] {manager.py:738} INFO - Searching for files in /opt/airflow/dags
[2024-03-23T19:43:18.631+0000] {manager.py:741} INFO - There are 0 files in /opt/airflow/dags
[2024-03-23T19:48:19.191+0000] {manager.py:738} INFO - Searching for files in /opt/airflow/dags
[2024-03-23T19:48:19.222+0000] {manager.py:741} INFO - There are 0 files in /opt/airflow/dags
[2024-03-23T19:53:19.424+0000] {manager.py:738} INFO - Searching for files in /opt/airflow/dags
[2024-03-23T19:53:19.477+0000] {manager.py:741} INFO - There are 0 files in /opt/airflow/dags
[2024-03-23T19:58:20.222+0000] {manager.py:738} INFO - Searching for files in /opt/airflow/dags
[2024-03-23T19:58:20.247+0000] {manager.py:741} INFO - There are 0 files in /opt/airflow/dags
[2024-03-24T03:23:57.853+0000] {manager.py:451} INFO - Exiting gracefully upon receiving signal 15
[2024-03-24T03:24:18.177+0000] {manager.py:469} INFO - Processing files using up to 1 processes at a time 
[2024-03-24T03:24:18.180+0000] {manager.py:470} INFO - Process each file at most once every 30 seconds
[2024-03-24T03:24:18.181+0000] {manager.py:471} INFO - Checking for new files in /opt/airflow/dags every 300 seconds
[2024-03-24T03:24:18.187+0000] {manager.py:738} INFO - Searching for files in /opt/airflow/dags
[2024-03-24T03:24:18.198+0000] {manager.py:741} INFO - There are 0 files in /opt/airflow/dags
[2024-03-24T03:29:18.327+0000] {manager.py:738} INFO - Searching for files in /opt/airflow/dags
[2024-03-24T03:29:18.382+0000] {manager.py:741} INFO - There are 0 files in /opt/airflow/dags
[2024-03-24T03:34:18.454+0000] {manager.py:738} INFO - Searching for files in /opt/airflow/dags
[2024-03-24T03:34:18.469+0000] {manager.py:741} INFO - There are 0 files in /opt/airflow/dags
[2024-03-24T03:39:19.122+0000] {manager.py:738} INFO - Searching for files in /opt/airflow/dags
[2024-03-24T03:39:19.170+0000] {manager.py:741} INFO - There are 0 files in /opt/airflow/dags
[2024-03-24T08:39:43.814+0000] {manager.py:738} INFO - Searching for files in /opt/airflow/dags
[2024-03-24T08:39:43.873+0000] {manager.py:741} INFO - There are 0 files in /opt/airflow/dags
[2024-03-24T08:44:44.494+0000] {manager.py:738} INFO - Searching for files in /opt/airflow/dags
[2024-03-24T08:44:44.520+0000] {manager.py:741} INFO - There are 0 files in /opt/airflow/dags
[2024-03-24T10:43:22.191+0000] {manager.py:738} INFO - Searching for files in /opt/airflow/dags
[2024-03-24T10:43:22.414+0000] {manager.py:741} INFO - There are 0 files in /opt/airflow/dags
[2024-03-24T10:48:22.234+0000] {manager.py:738} INFO - Searching for files in /opt/airflow/dags
[2024-03-24T10:48:22.302+0000] {manager.py:741} INFO - There are 0 files in /opt/airflow/dags
[2024-03-24T10:53:22.672+0000] {manager.py:738} INFO - Searching for files in /opt/airflow/dags
[2024-03-24T10:53:22.699+0000] {manager.py:741} INFO - There are 0 files in /opt/airflow/dags
[2024-03-24T10:58:22.904+0000] {manager.py:738} INFO - Searching for files in /opt/airflow/dags
[2024-03-24T10:58:22.931+0000] {manager.py:741} INFO - There are 0 files in /opt/airflow/dags
[2024-03-24T11:03:23.591+0000] {manager.py:738} INFO - Searching for files in /opt/airflow/dags
[2024-03-24T11:03:23.613+0000] {manager.py:741} INFO - There are 0 files in /opt/airflow/dags
[2024-03-24T11:08:24.196+0000] {manager.py:738} INFO - Searching for files in /opt/airflow/dags
[2024-03-24T11:08:24.214+0000] {manager.py:741} INFO - There are 0 files in /opt/airflow/dags
[2024-03-24T11:13:24.917+0000] {manager.py:738} INFO - Searching for files in /opt/airflow/dags
[2024-03-24T11:13:24.936+0000] {manager.py:741} INFO - There are 0 files in /opt/airflow/dags
[2024-03-24T11:18:25.352+0000] {manager.py:738} INFO - Searching for files in /opt/airflow/dags
[2024-03-24T11:18:25.383+0000] {manager.py:741} INFO - There are 0 files in /opt/airflow/dags
[2024-03-24T11:23:25.945+0000] {manager.py:738} INFO - Searching for files in /opt/airflow/dags
[2024-03-24T11:23:25.976+0000] {manager.py:741} INFO - There are 0 files in /opt/airflow/dags
[2024-03-24T11:28:26.130+0000] {manager.py:738} INFO - Searching for files in /opt/airflow/dags
[2024-03-24T11:28:26.158+0000] {manager.py:741} INFO - There are 0 files in /opt/airflow/dags
[2024-03-24T11:33:26.284+0000] {manager.py:738} INFO - Searching for files in /opt/airflow/dags
[2024-03-24T11:33:26.308+0000] {manager.py:741} INFO - There are 0 files in /opt/airflow/dags
[2024-03-24T11:38:26.997+0000] {manager.py:738} INFO - Searching for files in /opt/airflow/dags
[2024-03-24T11:38:27.022+0000] {manager.py:741} INFO - There are 0 files in /opt/airflow/dags
[2024-03-24T11:43:28.087+0000] {manager.py:738} INFO - Searching for files in /opt/airflow/dags
[2024-03-24T11:43:28.132+0000] {manager.py:741} INFO - There are 0 files in /opt/airflow/dags
[2024-03-24T11:48:28.534+0000] {manager.py:738} INFO - Searching for files in /opt/airflow/dags
[2024-03-24T11:48:28.558+0000] {manager.py:741} INFO - There are 0 files in /opt/airflow/dags
[2024-03-24T11:53:29.310+0000] {manager.py:738} INFO - Searching for files in /opt/airflow/dags
[2024-03-24T11:53:29.336+0000] {manager.py:741} INFO - There are 0 files in /opt/airflow/dags
[2024-03-24T11:58:29.736+0000] {manager.py:738} INFO - Searching for files in /opt/airflow/dags
[2024-03-24T11:58:29.757+0000] {manager.py:741} INFO - There are 0 files in /opt/airflow/dags
[2024-03-24T12:03:30.767+0000] {manager.py:738} INFO - Searching for files in /opt/airflow/dags
[2024-03-24T12:03:30.800+0000] {manager.py:741} INFO - There are 0 files in /opt/airflow/dags
[2024-03-24T12:08:30.828+0000] {manager.py:738} INFO - Searching for files in /opt/airflow/dags
[2024-03-24T12:08:30.845+0000] {manager.py:741} INFO - There are 0 files in /opt/airflow/dags
[2024-03-24T12:13:30.865+0000] {manager.py:738} INFO - Searching for files in /opt/airflow/dags
[2024-03-24T12:13:30.879+0000] {manager.py:741} INFO - There are 0 files in /opt/airflow/dags
[2024-03-24T12:18:31.786+0000] {manager.py:738} INFO - Searching for files in /opt/airflow/dags
[2024-03-24T12:18:31.801+0000] {manager.py:741} INFO - There are 0 files in /opt/airflow/dags
[2024-03-24T12:23:32.522+0000] {manager.py:738} INFO - Searching for files in /opt/airflow/dags
[2024-03-24T12:23:32.547+0000] {manager.py:741} INFO - There are 0 files in /opt/airflow/dags
[2024-03-24T12:28:33.297+0000] {manager.py:738} INFO - Searching for files in /opt/airflow/dags
[2024-03-24T12:28:33.317+0000] {manager.py:741} INFO - There are 0 files in /opt/airflow/dags
[2024-03-24T12:33:34.300+0000] {manager.py:738} INFO - Searching for files in /opt/airflow/dags
[2024-03-24T12:33:34.339+0000] {manager.py:741} INFO - There are 0 files in /opt/airflow/dags
[2024-03-24T12:38:35.062+0000] {manager.py:738} INFO - Searching for files in /opt/airflow/dags
[2024-03-24T12:38:35.076+0000] {manager.py:741} INFO - There are 0 files in /opt/airflow/dags
[2024-03-24T12:43:35.173+0000] {manager.py:738} INFO - Searching for files in /opt/airflow/dags
[2024-03-24T12:43:35.212+0000] {manager.py:741} INFO - There are 0 files in /opt/airflow/dags
[2024-03-24T12:48:35.604+0000] {manager.py:738} INFO - Searching for files in /opt/airflow/dags
[2024-03-24T12:48:35.632+0000] {manager.py:741} INFO - There are 0 files in /opt/airflow/dags
[2024-03-24T12:53:36.658+0000] {manager.py:738} INFO - Searching for files in /opt/airflow/dags
[2024-03-24T12:53:36.684+0000] {manager.py:741} INFO - There are 0 files in /opt/airflow/dags
[2024-03-24T12:58:36.907+0000] {manager.py:738} INFO - Searching for files in /opt/airflow/dags
[2024-03-24T12:58:36.931+0000] {manager.py:741} INFO - There are 0 files in /opt/airflow/dags
[2024-03-24T13:03:36.999+0000] {manager.py:738} INFO - Searching for files in /opt/airflow/dags
[2024-03-24T13:03:37.021+0000] {manager.py:741} INFO - There are 0 files in /opt/airflow/dags
[2024-03-24T13:08:37.655+0000] {manager.py:738} INFO - Searching for files in /opt/airflow/dags
[2024-03-24T13:08:37.679+0000] {manager.py:741} INFO - There are 0 files in /opt/airflow/dags
[2024-03-24T13:13:38.179+0000] {manager.py:738} INFO - Searching for files in /opt/airflow/dags
[2024-03-24T13:13:38.199+0000] {manager.py:741} INFO - There are 0 files in /opt/airflow/dags
[2024-03-24T13:18:39.278+0000] {manager.py:738} INFO - Searching for files in /opt/airflow/dags
[2024-03-24T13:18:39.312+0000] {manager.py:741} INFO - There are 0 files in /opt/airflow/dags
[2024-03-24T13:23:40.681+0000] {manager.py:738} INFO - Searching for files in /opt/airflow/dags
[2024-03-24T13:23:40.939+0000] {manager.py:741} INFO - There are 0 files in /opt/airflow/dags
[2024-03-24T13:28:40.772+0000] {manager.py:738} INFO - Searching for files in /opt/airflow/dags
[2024-03-24T13:28:40.798+0000] {manager.py:741} INFO - There are 0 files in /opt/airflow/dags
[2024-03-24T13:33:41.648+0000] {manager.py:738} INFO - Searching for files in /opt/airflow/dags
[2024-03-24T13:33:41.675+0000] {manager.py:741} INFO - There are 0 files in /opt/airflow/dags
[2024-03-24T13:38:42.483+0000] {manager.py:738} INFO - Searching for files in /opt/airflow/dags
[2024-03-24T13:38:42.506+0000] {manager.py:741} INFO - There are 0 files in /opt/airflow/dags
[2024-03-24T13:43:43.236+0000] {manager.py:738} INFO - Searching for files in /opt/airflow/dags
[2024-03-24T13:43:43.315+0000] {manager.py:741} INFO - There are 0 files in /opt/airflow/dags
[2024-03-24T13:48:43.509+0000] {manager.py:738} INFO - Searching for files in /opt/airflow/dags
[2024-03-24T13:48:43.534+0000] {manager.py:741} INFO - There are 0 files in /opt/airflow/dags
[2024-03-24T13:53:43.860+0000] {manager.py:738} INFO - Searching for files in /opt/airflow/dags
[2024-03-24T13:53:43.921+0000] {manager.py:741} INFO - There are 0 files in /opt/airflow/dags
[2024-03-24T13:58:43.929+0000] {manager.py:738} INFO - Searching for files in /opt/airflow/dags
[2024-03-24T13:58:44.004+0000] {manager.py:741} INFO - There are 0 files in /opt/airflow/dags
[2024-03-24T14:03:44.009+0000] {manager.py:738} INFO - Searching for files in /opt/airflow/dags
[2024-03-24T14:03:44.037+0000] {manager.py:741} INFO - There are 0 files in /opt/airflow/dags
[2024-03-24T14:08:44.366+0000] {manager.py:738} INFO - Searching for files in /opt/airflow/dags
[2024-03-24T14:08:44.388+0000] {manager.py:741} INFO - There are 0 files in /opt/airflow/dags
[2024-03-24T14:13:44.969+0000] {manager.py:738} INFO - Searching for files in /opt/airflow/dags
[2024-03-24T14:13:44.987+0000] {manager.py:741} INFO - There are 0 files in /opt/airflow/dags
